1728191,59042,23c9d691-93e9-48e3-8523-8d506de31169,2015-03-22 15:23:39,informant-PC, Microsoft-Windows-GroupPolicy ,Other,0,0,0,0,0,1,0,None,888,Microsoft-Windows-GroupPolicy/Operational,5315,0,0,0,0,0,0,0,0,0,0,0x4000000000000000,0,0,1,0,0,0,0,2015-03-22 15:23:39,1427037819.0,15,23
1728196,59018,7c91b711-0057-4f5f-b50b-c166cdced880,2015-03-22 15:23:56,informant-PC, WinMgmt ,Application,0,1,0,0,0,0,0,None,0,Application,5617,0,0,0,0,0,0,0,0,0,0,0x0080000000000000,0,0,0,0,0,0,0,2015-03-22 15:23:56,1427037836.0,15,23
1728197,59018,46c9f279-54d6-4e64-8a94-6011959f64f6,2015-03-22 15:23:56,informant-PC, WinMgmt ,Application,0,1,0,0,0,0,0,None,0,Application,5617,0,0,0,0,0,0,0,0,0,0,0x0080000000000000,0,0,0,0,0,0,0,2015-03-22 15:23:56,1427037836.0,15,23
1728212,59018,788f17b8-1302-4c4d-9cb6-aee1cc78d28f,2015-03-22 15:24:03,informant-PC, WinMgmt ,Application,0,1,0,0,0,0,0,None,0,Application,10,0,0,0,0,0,0,0,0,0,0,0x0080000000000000,0,0,0,0,0,0,0,2015-03-22 15:24:03,1427037843.0,15,24
1728213,59018,8b35ccab-c9ab-4058-bf69-d9a95484b8ab,2015-03-22 15:24:03,informant-PC, WinMgmt ,Application,0,1,0,0,0,0,0,None,0,Application,10,0,0,0,0,0,0,0,0,0,0,0x0080000000000000,0,0,0,0,0,0,0,2015-03-22 15:24:03,1427037843.0,15,24
1728214,59019,df27d995-9837-4038-9aba-f48a4bb17dec,2015-03-22 15:24:03,informant-PC, Microsoft-Windows-Security-Auditing ,Security,1,0,0,0,0,0,0,None,500,Security,4672,0,0,0,1,0,0,0,0,0,12548,0x8020000000000000,0,0,0,1,0,0,0,2015-03-22 15:24:03,1427037843.0,15,24
1728215,59019,6e62be1e-6455-4b07-8ce3-2b37d51f1cff,2015-03-22 15:24:03,informant-PC, Microsoft-Windows-Security-Auditing ,Security,1,0,0,0,0,0,0,S-1-5-21-2425377081-3129163575-2985601102-1000,500,Security,4624,0,0,0,1,0,0,0,0,0,12544,0x8020000000000000,0,0,0,1,0,0,0,2015-03-22 15:24:03,1427037843.0,15,24
1728216,59019,28234437-9831-4609-a64e-cecc34b3350c,2015-03-22 15:24:03,informant-PC, Microsoft-Windows-Security-Auditing ,Security,1,0,0,0,0,0,0,S-1-5-21-2425377081-3129163575-2985601102-1000,500,Security,4624,0,0,0,1,0,0,0,0,0,12544,0x8020000000000000,0,0,0,1,0,0,0,2015-03-22 15:24:03,1427037843.0,15,24
1728217,59019,caea84dc-8c28-446b-be86-2186ac2efc6b,2015-03-22 15:24:03,informant-PC, Microsoft-Windows-Security-Auditing ,Security,1,0,0,0,0,0,0,S-1-5-21-2425377081-3129163575-2985601102-1000,500,Security,4624,0,0,0,1,0,0,0,0,0,12544,0x8020000000000000,0,0,0,1,0,0,0,2015-03-22 15:24:03,1427037843.0,15,24
1728218,59019,c92b8391-d8da-44cb-a237-41a82595aa1a,2015-03-22 15:24:03,informant-PC, Microsoft-Windows-Security-Auditing ,Security,1,0,0,0,0,0,0,None,500,Security,4648,0,0,0,1,0,0,0,0,0,12544,0x8020000000000000,0,0,0,1,0,0,0,2015-03-22 15:24:03,1427037843.0,15,24
1728219,59019,d411e04a-1417-4599-8173-84c928d4b36b,2015-03-22 15:24:03,informant-PC, Microsoft-Windows-Security-Auditing ,Security,1,0,0,0,0,0,0,None,500,Security,4648,0,0,0,1,0,0,0,0,0,12544,0x8020000000000000,0,0,0,1,0,0,0,2015-03-22 15:24:03,1427037843.0,15,24
1728220,59019,1c77a3f0-7a03-490b-974e-bc48c53ede06,2015-03-22 15:24:03,informant-PC, Microsoft-Windows-Security-Auditing ,Security,1,0,0,0,0,0,0,None,500,Security,4672,0,0,0,1,0,0,0,0,0,12548,0x8020000000000000,0,0,0,1,0,0,0,2015-03-22 15:24:03,1427037843.0,15,24
1728221,59019,4aaaec7a-3b28-4ff1-943f-d5be6b8a351b,2015-03-22 15:24:03,informant-PC, Microsoft-Windows-Security-Auditing ,Security,1,0,0,0,0,0,0,S-1-5-21-2425377081-3129163575-2985601102-1000,500,Security,4624,0,0,0,1,0,0,0,0,0,12544,0x8020000000000000,0,0,0,1,0,0,0,2015-03-22 15:24:03,1427037843.0,15,24
1728222,59021,62b9cfe0-7420-44c9-8438-22b14dc79345,2015-03-22 15:24:03,informant-PC, Microsoft-Windows-User Profiles Service ,Other,0,0,0,0,0,1,0,None,888,Microsoft-Windows-User Profile Service/Operational,1,0,0,0,0,0,0,0,0,0,0,0x4000000000000000,0,0,1,0,0,0,0,2015-03-22 15:24:03,1427037843.0,15,24
1728223,59017,ad2f0981-33de-4366-be32-0a70fd24fcd8,2015-03-22 15:24:03,informant-PC, Microsoft-Windows-Winlogon ,System,0,0,1,0,0,0,0,None,440,System,7001,0,0,0,0,0,0,0,0,0,1101,0x2000000000000000,0,1,0,0,0,0,0,2015-03-22 15:24:03,1427037843.0,15,24
1728224,59017,ef795da3-ccfd-499d-b5a4-f67a207c84d6,2015-03-22 15:24:03,informant-PC, Microsoft-Windows-Winlogon ,System,0,0,1,0,0,0,0,None,440,System,7001,0,0,0,0,0,0,0,0,0,1101,0x2000000000000000,0,1,0,0,0,0,0,2015-03-22 15:24:03,1427037843.0,15,24
1728225,59021,b204a60c-f3c9-4348-bcbf-ace92a23794e,2015-03-22 15:24:03,informant-PC, Microsoft-Windows-User Profiles Service ,Other,0,0,0,0,0,1,0,None,888,Microsoft-Windows-User Profile Service/Operational,1,0,0,0,0,0,0,0,0,0,0,0x4000000000000000,0,0,1,0,0,0,0,2015-03-22 15:24:03,1427037843.0,15,24
1728226,59021,410d5a4d-952f-47e8-a7e8-d6361507a715,2015-03-22 15:24:03,informant-PC, Microsoft-Windows-User Profiles Service ,Other,0,0,0,0,0,1,0,None,888,Microsoft-Windows-User Profile Service/Operational,5,0,0,0,0,0,0,0,0,0,0,0x4000000000000000,0,0,1,0,0,0,0,2015-03-22 15:24:03,1427037843.0,15,24
1728227,59021,5867693b-7344-4014-865c-9ba61229edbd,2015-03-22 15:24:03,informant-PC, Microsoft-Windows-User Profiles Service ,Other,0,0,0,0,0,1,0,None,888,Microsoft-Windows-User Profile Service/Operational,5,0,0,0,0,0,0,0,0,0,0,0x4000000000000000,0,0,1,0,0,0,0,2015-03-22 15:24:03,1427037843.0,15,24
1728228,59018,625c5623-ee0a-49cb-b835-782ded162ce7,2015-03-22 15:24:04,informant-PC, Winlogon ,Application,0,1,0,0,0,0,0,None,0,Application,4105,0,0,0,0,0,0,0,0,0,0,0x0080000000000000,0,0,0,0,0,0,0,2015-03-22 15:24:04,1427037844.0,15,24
1728229,59018,fd4a6738-8b4d-4ccd-b1f7-9a5677aa3f7d,2015-03-22 15:24:04,informant-PC, Winlogon ,Application,0,1,0,0,0,0,0,None,0,Application,4105,0,0,0,0,0,0,0,0,0,0,0x0080000000000000,0,0,0,0,0,0,0,2015-03-22 15:24:04,1427037844.0,15,24
1728230,59021,88a24eb3-97e4-45c3-a189-109ac6c7e0f7,2015-03-22 15:24:04,informant-PC, Microsoft-Windows-User Profiles Service ,Other,0,0,0,0,0,1,0,None,888,Microsoft-Windows-User Profile Service/Operational,5,0,0,0,0,0,0,0,0,0,0,0x4000000000000000,0,0,1,0,0,0,0,2015-03-22 15:24:04,1427037844.0,15,24
1728231,59021,653a5d9e-3ae6-4a59-b586-5c021faa3bbb,2015-03-22 15:24:04,informant-PC, Microsoft-Windows-User Profiles Service ,Other,0,0,0,0,0,1,0,None,888,Microsoft-Windows-User Profile Service/Operational,5,0,0,0,0,0,0,0,0,0,0,0x4000000000000000,0,0,1,0,0,0,0,2015-03-22 15:24:04,1427037844.0,15,24
1728232,59042,1052aa4b-8655-45b7-af75-0529b115e10a,2015-03-22 15:24:04,informant-PC, Microsoft-Windows-GroupPolicy ,Other,0,0,0,0,0,1,0,None,888,Microsoft-Windows-GroupPolicy/Operational,4001,0,0,0,0,0,0,0,0,0,0,0x4000000000000000,0,0,1,0,0,0,0,2015-03-22 15:24:04,1427037844.0,15,24
1728233,59042,91e1c527-a6a2-400f-92b6-5a3047c36ff5,2015-03-22 15:24:04,informant-PC, Microsoft-Windows-GroupPolicy ,Other,0,0,0,0,0,1,0,None,888,Microsoft-Windows-GroupPolicy/Operational,5311,0,0,0,0,0,0,0,0,0,0,0x4000000000000000,0,0,1,0,0,0,0,2015-03-22 15:24:04,1427037844.0,15,24
1728234,59042,97d20dba-d97c-4c16-b085-4e7dc50037a6,2015-03-22 15:24:04,informant-PC, Microsoft-Windows-GroupPolicy ,Other,0,0,0,0,0,1,0,None,888,Microsoft-Windows-GroupPolicy/Operational,5313,0,0,0,0,0,0,0,0,0,0,0x4000000000000000,0,0,1,0,0,0,0,2015-03-22 15:24:04,1427037844.0,15,24
1728235,59021,42ebb643-7a28-4078-85e0-4a2ed2408c25,2015-03-22 15:24:04,informant-PC, Microsoft-Windows-User Profiles Service ,Other,0,0,0,0,0,1,0,None,888,Microsoft-Windows-User Profile Service/Operational,2,0,0,0,0,0,0,0,0,0,0,0x4000000000000000,0,0,1,0,0,0,0,2015-03-22 15:24:04,1427037844.0,15,24
1728236,59042,8ce24230-8bc8-4daa-aed7-286f7cbdbb8d,2015-03-22 15:24:04,informant-PC, Microsoft-Windows-GroupPolicy ,Other,0,0,0,0,0,1,0,None,888,Microsoft-Windows-GroupPolicy/Operational,5320,0,0,0,0,0,0,0,0,0,0,0x4000000000000000,0,0,1,0,0,0,0,2015-03-22 15:24:04,1427037844.0,15,24
1728237,59042,2cfd69d2-08bb-42dd-8469-2dee1cc704c7,2015-03-22 15:24:04,informant-PC, Microsoft-Windows-GroupPolicy ,Other,0,0,0,0,0,1,0,None,888,Microsoft-Windows-GroupPolicy/Operational,5311,0,0,0,0,0,0,0,0,0,0,0x4000000000000000,0,0,1,0,0,0,0,2015-03-22 15:24:04,1427037844.0,15,24
1728238,59042,72e6e3fd-d9a9-43ee-b196-309d1f77e8e2,2015-03-22 15:24:04,informant-PC, Microsoft-Windows-GroupPolicy ,Other,0,0,0,0,0,1,0,None,888,Microsoft-Windows-GroupPolicy/Operational,5320,0,0,0,0,0,0,0,0,0,0,0x4000000000000000,0,0,1,0,0,0,0,2015-03-22 15:24:04,1427037844.0,15,24
1728239,59042,6a1cbe49-6f33-4cc3-93d1-3754627311db,2015-03-22 15:24:04,informant-PC, Microsoft-Windows-GroupPolicy ,Other,0,0,0,0,0,1,0,None,888,Microsoft-Windows-GroupPolicy/Operational,5320,0,0,0,0,0,0,0,0,0,0,0x4000000000000000,0,0,1,0,0,0,0,2015-03-22 15:24:04,1427037844.0,15,24
1728240,59042,acc9d526-2767-4792-977f-285771f76b59,2015-03-22 15:24:04,informant-PC, Microsoft-Windows-GroupPolicy ,Other,0,0,0,0,0,1,0,None,888,Microsoft-Windows-GroupPolicy/Operational,5324,0,0,0,0,0,0,0,0,0,0,0x4000000000000000,0,0,1,0,0,0,0,2015-03-22 15:24:04,1427037844.0,15,24
1728241,59042,32bea532-188a-4f66-a0f2-203bc97b7c68,2015-03-22 15:24:04,informant-PC, Microsoft-Windows-GroupPolicy ,Other,0,0,0,0,0,1,0,None,888,Microsoft-Windows-GroupPolicy/Operational,5320,0,0,0,0,0,0,0,0,0,0,0x4000000000000000,0,0,1,0,0,0,0,2015-03-22 15:24:04,1427037844.0,15,24
1728242,59021,f3b1ad08-d3b6-4000-b029-64214434822e,2015-03-22 15:24:04,informant-PC, Microsoft-Windows-User Profiles Service ,Other,0,0,0,0,0,1,0,None,888,Microsoft-Windows-User Profile Service/Operational,2,0,0,0,0,0,0,0,0,0,0,0x4000000000000000,0,0,1,0,0,0,0,2015-03-22 15:24:04,1427037844.0,15,24
1728243,13963,cb11488e-330d-4830-a7c6-5c5484dc1515,2015-03-22 15:24:04,informant-PC, Microsoft-Windows-TerminalServices-LocalSessionManager ,Other,0,0,0,0,0,1,0,None,508,Microsoft-Windows-TerminalServices-LocalSessionManager/Operational,21,0,0,0,0,0,0,0,0,0,0,0x1000000000000000,1,0,0,0,0,0,0,2015-03-22 15:24:04,1427037844.0,15,24
1728244,59042,47c9f226-f5ce-4cb1-b090-f7ddf062b879,2015-03-22 15:24:04,informant-PC, Microsoft-Windows-GroupPolicy ,Other,0,0,0,0,0,1,0,None,888,Microsoft-Windows-GroupPolicy/Operational,8001,0,0,0,0,0,0,0,0,0,0,0x4000000000000000,0,0,1,0,0,0,0,2015-03-22 15:24:04,1427037844.0,15,24
1728245,59040,454469eb-de2b-4c28-abcf-9404184e0727,2015-03-22 15:24:04,informant-PC, Microsoft-Windows-OfflineFiles ,Other,0,0,0,0,0,1,0,None,816,Microsoft-Windows-OfflineFiles/Operational,7,0,0,0,0,0,0,0,0,0,0,0x4000000000000008,0,0,1,0,0,0,0,2015-03-22 15:24:04,1427037844.0,15,24
1728246,13963,6c2adbf1-36ae-4d80-9ef6-08a220c6d970,2015-03-22 15:24:04,informant-PC, Microsoft-Windows-TerminalServices-LocalSessionManager ,Other,0,0,0,0,0,1,0,None,508,Microsoft-Windows-TerminalServices-LocalSessionManager/Operational,21,0,0,0,0,0,0,0,0,0,0,0x1000000000000000,1,0,0,0,0,0,0,2015-03-22 15:24:04,1427037844.0,15,24
1728247,59042,ffc33f51-38f3-432e-8250-9278651bab73,2015-03-22 15:24:04,informant-PC, Microsoft-Windows-GroupPolicy ,Other,0,0,0,0,0,1,0,None,888,Microsoft-Windows-GroupPolicy/Operational,8001,0,0,0,0,0,0,0,0,0,0,0x4000000000000000,0,0,1,0,0,0,0,2015-03-22 15:24:04,1427037844.0,15,24
1728248,59042,67a12eb6-80b4-4b57-8faf-50d7911307dd,2015-03-22 15:24:04,informant-PC, Microsoft-Windows-GroupPolicy ,Other,0,0,0,0,0,1,0,None,888,Microsoft-Windows-GroupPolicy/Operational,5324,0,0,0,0,0,0,0,0,0,0,0x4000000000000000,0,0,1,0,0,0,0,2015-03-22 15:24:04,1427037844.0,15,24
1728249,59040,a3e3ddd5-9ff9-4117-8869-8601c56d9c7c,2015-03-22 15:24:04,informant-PC, Microsoft-Windows-OfflineFiles ,Other,0,0,0,0,0,1,0,None,816,Microsoft-Windows-OfflineFiles/Operational,7,0,0,0,0,0,0,0,0,0,0,0x4000000000000008,0,0,1,0,0,0,0,2015-03-22 15:24:04,1427037844.0,15,24
1728250,59042,46fb3dd2-e74c-4bc3-8aa5-04a606235ae5,2015-03-22 15:24:04,informant-PC, Microsoft-Windows-GroupPolicy ,Other,0,0,0,0,0,1,0,None,888,Microsoft-Windows-GroupPolicy/Operational,5320,0,0,0,0,0,0,0,0,0,0,0x4000000000000000,0,0,1,0,0,0,0,2015-03-22 15:24:04,1427037844.0,15,24
1728251,59042,7bb0f31e-7008-4546-9b37-f0bd233c50d6,2015-03-22 15:24:04,informant-PC, Microsoft-Windows-GroupPolicy ,Other,0,0,0,0,0,1,0,None,888,Microsoft-Windows-GroupPolicy/Operational,4001,0,0,0,0,0,0,0,0,0,0,0x4000000000000000,0,0,1,0,0,0,0,2015-03-22 15:24:04,1427037844.0,15,24
1728252,59042,307af767-2c3b-44d7-9ab5-8bdc355b7a36,2015-03-22 15:24:04,informant-PC, Microsoft-Windows-GroupPolicy ,Other,0,0,0,0,0,1,0,None,888,Microsoft-Windows-GroupPolicy/Operational,5313,0,0,0,0,0,0,0,0,0,0,0x4000000000000000,0,0,1,0,0,0,0,2015-03-22 15:24:04,1427037844.0,15,24
1728253,59042,3888ee55-6c0a-4816-bf6c-e014dc6b03a9,2015-03-22 15:24:04,informant-PC, Microsoft-Windows-GroupPolicy ,Other,0,0,0,0,0,1,0,None,888,Microsoft-Windows-GroupPolicy/Operational,5320,0,0,0,0,0,0,0,0,0,0,0x4000000000000000,0,0,1,0,0,0,0,2015-03-22 15:24:04,1427037844.0,15,24
1728254,59042,1fc99f7d-e735-485e-8827-5f63d16fa115,2015-03-22 15:24:04,informant-PC, Microsoft-Windows-GroupPolicy ,Other,0,0,0,0,0,1,0,None,888,Microsoft-Windows-GroupPolicy/Operational,5312,0,0,0,0,0,0,0,0,0,0,0x4000000000000000,0,0,1,0,0,0,0,2015-03-22 15:24:04,1427037844.0,15,24
1728255,59042,64f6cff6-50ae-4d51-863f-59156a268cb7,2015-03-22 15:24:04,informant-PC, Microsoft-Windows-GroupPolicy ,Other,0,0,0,0,0,1,0,None,888,Microsoft-Windows-GroupPolicy/Operational,5312,0,0,0,0,0,0,0,0,0,0,0x4000000000000000,0,0,1,0,0,0,0,2015-03-22 15:24:04,1427037844.0,15,24
1728256,59042,1e15e065-9cef-4345-af59-f20c6140b4d2,2015-03-22 15:24:04,informant-PC, Microsoft-Windows-GroupPolicy ,Other,0,0,0,0,0,1,0,None,888,Microsoft-Windows-GroupPolicy/Operational,5315,0,0,0,0,0,0,0,0,0,0,0x4000000000000000,0,0,1,0,0,0,0,2015-03-22 15:24:04,1427037844.0,15,24
1728257,59042,939898ba-3e0c-49f9-abef-de2d7d8ca86b,2015-03-22 15:24:04,informant-PC, Microsoft-Windows-GroupPolicy ,Other,0,0,0,0,0,1,0,None,888,Microsoft-Windows-GroupPolicy/Operational,5315,0,0,0,0,0,0,0,0,0,0,0x4000000000000000,0,0,1,0,0,0,0,2015-03-22 15:24:04,1427037844.0,15,24
1728305,59026,d2fb3836-0fa4-4ee2-a184-4d8d602a6b85,2015-03-22 15:24:05,informant-PC, Microsoft-Windows-Resource-Exhaustion-Detector ,Other,0,0,0,0,0,1,0,None,1140,Microsoft-Windows-Resource-Exhaustion-Detector/Operational,1001,0,0,0,0,0,0,0,0,0,1,0x4000000010000000,0,0,1,0,0,0,0,2015-03-22 15:24:05,1427037845.0,15,24
1728306,59026,4516bc75-8183-4f56-88ca-249c2cd1b393,2015-03-22 15:24:05,informant-PC, Microsoft-Windows-Resource-Exhaustion-Detector ,Other,0,0,0,0,0,1,0,None,1140,Microsoft-Windows-Resource-Exhaustion-Detector/Operational,1001,0,0,0,0,0,0,0,0,0,1,0x4000000010000000,0,0,1,0,0,0,0,2015-03-22 15:24:05,1427037845.0,15,24
1728390,59018,560832a9-3ff7-4aa1-a102-94321545cdf2,2015-03-22 15:24:14,informant-PC, Winlogon ,Application,0,1,0,0,0,0,0,None,0,Application,4104,0,0,0,0,0,0,0,0,0,0,0x0080000000000000,0,0,0,0,0,0,0,2015-03-22 15:24:14,1427037854.0,15,24
1728391,59018,428ac7d9-0f85-4be2-aafa-44a221105acc,2015-03-22 15:24:14,informant-PC, Winlogon ,Application,0,1,0,0,0,0,0,None,0,Application,4104,0,0,0,0,0,0,0,0,0,0,0x0080000000000000,0,0,0,0,0,0,0,2015-03-22 15:24:14,1427037854.0,15,24
1728392,59018,1a2a15ce-8fbd-4531-8e34-08f6dd3dd02c,2015-03-22 15:24:14,informant-PC, Wlclntfy ,Application,0,1,0,0,0,0,0,None,0,Application,6000,0,0,0,0,0,0,0,0,0,0,0x0080000000000000,0,0,0,0,0,0,0,2015-03-22 15:24:14,1427037854.0,15,24
1728393,59018,77475151-e09c-4052-89c0-bb9391c956ad,2015-03-22 15:24:14,informant-PC, Wlclntfy ,Application,0,1,0,0,0,0,0,None,0,Application,6000,0,0,0,0,0,0,0,0,0,0,0x0080000000000000,0,0,0,0,0,0,0,2015-03-22 15:24:14,1427037854.0,15,24
1728412,13963,ae50bd4d-3e0f-4755-abbc-933ee75a0346,2015-03-22 15:24:14,informant-PC, Microsoft-Windows-TerminalServices-LocalSessionManager ,Other,0,0,0,0,0,1,0,None,508,Microsoft-Windows-TerminalServices-LocalSessionManager/Operational,22,0,0,0,0,0,0,0,0,0,0,0x1000000000000000,1,0,0,0,0,0,0,2015-03-22 15:24:14,1427037854.0,15,24
1728413,59042,71968519-c4ba-425f-8eeb-d6d901a71e1f,2015-03-22 15:24:14,informant-PC, Microsoft-Windows-GroupPolicy ,Other,0,0,0,0,0,1,0,None,888,Microsoft-Windows-GroupPolicy/Operational,5324,0,0,0,0,0,0,0,0,0,0,0x4000000000000000,0,0,1,0,0,0,0,2015-03-22 15:24:14,1427037854.0,15,24
1728414,59042,527dfa6c-ae4a-44b9-baf5-700db89ab9d4,2015-03-22 15:24:14,informant-PC, Microsoft-Windows-GroupPolicy ,Other,0,0,0,0,0,1,0,None,888,Microsoft-Windows-GroupPolicy/Operational,5324,0,0,0,0,0,0,0,0,0,0,0x4000000000000000,0,0,1,0,0,0,0,2015-03-22 15:24:14,1427037854.0,15,24
1728415,13963,44524da2-2498-4f6c-98f0-d2b47b10ca92,2015-03-22 15:24:14,informant-PC, Microsoft-Windows-TerminalServices-LocalSessionManager ,Other,0,0,0,0,0,1,0,None,508,Microsoft-Windows-TerminalServices-LocalSessionManager/Operational,22,0,0,0,0,0,0,0,0,0,0,0x1000000000000000,1,0,0,0,0,0,0,2015-03-22 15:24:14,1427037854.0,15,24
1728422,59018,1a426704-ea72-4914-85df-d5fefe9ce095,2015-03-22 15:24:15,informant-PC, Desktop Window Manager ,Application,0,1,0,0,0,0,0,None,None,Application,9007,0,0,0,0,0,0,0,0,0,0,0x0080000000000000,0,0,0,0,0,0,0,2015-03-22 15:24:15,1427037855.0,15,24
1728423,59018,c6f81e44-a182-4caf-a386-cd965c3e0968,2015-03-22 15:24:15,informant-PC, Desktop Window Manager ,Application,0,1,0,0,0,0,0,None,None,Application,9007,0,0,0,0,0,0,0,0,0,0,0x0080000000000000,0,0,0,0,0,0,0,2015-03-22 15:24:15,1427037855.0,15,24
1730218,59078,b4148cc0-b57f-42b2-9c05-fcb202712f23,2015-03-22 15:24:30,informant-PC, Microsoft-Windows-KnownFolders ,Other,0,0,0,0,0,1,0,None,1764,Microsoft-Windows-Known Folders API Service,1002,0,0,0,0,0,0,0,0,0,0,0x8000000000000000,0,0,0,1,0,0,0,2015-03-22 15:24:30,1427037870.0,15,24
1730219,59078,33131856-eb04-40b4-81fd-9ed0ea73b96c,2015-03-22 15:24:30,informant-PC, Microsoft-Windows-KnownFolders ,Other,0,0,0,0,0,1,0,None,1764,Microsoft-Windows-Known Folders API Service,1002,0,0,0,0,0,0,0,0,0,0,0x8000000000000000,0,0,0,1,0,0,0,2015-03-22 15:24:30,1427037870.0,15,24
1730220,59078,eca4c99f-57f2-4a76-b243-cbe381c86222,2015-03-22 15:24:30,informant-PC, Microsoft-Windows-KnownFolders ,Other,0,0,0,0,0,1,0,None,1764,Microsoft-Windows-Known Folders API Service,1002,0,0,0,0,0,0,0,0,0,0,0x8000000000000000,0,0,0,1,0,0,0,2015-03-22 15:24:30,1427037870.0,15,24
1730221,59078,a5581c4b-175a-428a-a609-1df33da587f9,2015-03-22 15:24:30,informant-PC, Microsoft-Windows-KnownFolders ,Other,0,0,0,0,0,1,0,None,1764,Microsoft-Windows-Known Folders API Service,1002,0,0,0,0,0,0,0,0,0,0,0x8000000000000000,0,0,0,1,0,0,0,2015-03-22 15:24:30,1427037870.0,15,24
1730222,59078,056885bc-998d-4cb9-96dd-90206d4ec61c,2015-03-22 15:24:30,informant-PC, Microsoft-Windows-KnownFolders ,Other,0,0,0,0,0,1,0,None,1764,Microsoft-Windows-Known Folders API Service,1002,0,0,0,0,0,0,0,0,0,0,0x8000000000000000,0,0,0,1,0,0,0,2015-03-22 15:24:30,1427037870.0,15,24
1730223,59078,8dc5d663-95bd-42aa-b3b8-76de3e3008e7,2015-03-22 15:24:30,informant-PC, Microsoft-Windows-KnownFolders ,Other,0,0,0,0,0,1,0,None,1764,Microsoft-Windows-Known Folders API Service,1002,0,0,0,0,0,0,0,0,0,0,0x8000000000000000,0,0,0,1,0,0,0,2015-03-22 15:24:30,1427037870.0,15,24
1730224,59078,38784cbe-fa3d-440a-ad07-2d73a2600022,2015-03-22 15:24:30,informant-PC, Microsoft-Windows-KnownFolders ,Other,0,0,0,0,0,1,0,None,1764,Microsoft-Windows-Known Folders API Service,1002,0,0,0,0,0,0,0,0,0,0,0x8000000000000000,0,0,0,1,0,0,0,2015-03-22 15:24:30,1427037870.0,15,24
1730225,59078,6a13bfe9-cf87-4a20-bbcf-be706f17974e,2015-03-22 15:24:30,informant-PC, Microsoft-Windows-KnownFolders ,Other,0,0,0,0,0,1,0,None,1764,Microsoft-Windows-Known Folders API Service,1002,0,0,0,0,0,0,0,0,0,0,0x8000000000000000,0,0,0,1,0,0,0,2015-03-22 15:24:30,1427037870.0,15,24
1730232,59017,2507a9b3-330b-45c6-b2d2-ed784d189dff,2015-03-22 15:24:31,informant-PC, WMPNetworkSvc ,System,0,0,1,0,0,0,0,None,0,System,14204,0,0,0,0,0,0,0,0,0,0,0x0080000000000000,0,0,0,0,0,0,0,2015-03-22 15:24:31,1427037871.0,15,24
1730233,59017,a89deae6-ce62-49ae-8680-05c14fa3209e,2015-03-22 15:24:31,informant-PC, WMPNetworkSvc ,System,0,0,1,0,0,0,0,None,0,System,14204,0,0,0,0,0,0,0,0,0,0,0x0080000000000000,0,0,0,0,0,0,0,2015-03-22 15:24:31,1427037871.0,15,24
1730240,59017,ccec9e70-f66d-48e6-bc47-0d3a0e009a13,2015-03-22 15:24:31,informant-PC, Service Control Manager ,System,0,0,1,0,0,0,0,None,484,System,7036,0,0,0,0,0,0,0,0,0,0,0x8080000000000000,0,0,0,1,0,0,0,2015-03-22 15:24:31,1427037871.0,15,24
1730241,59017,02fd4bd1-5e1a-428e-a69f-e634522f1892,2015-03-22 15:24:31,informant-PC, Service Control Manager ,System,0,0,1,0,0,0,0,None,484,System,7036,0,0,0,0,0,0,0,0,0,0,0x8080000000000000,0,0,0,1,0,0,0,2015-03-22 15:24:31,1427037871.0,15,24
1730246,59017,86b80a7b-9f15-4ab9-88a2-d4b8d9ae48f6,2015-03-22 15:24:31,informant-PC, Service Control Manager ,System,0,0,1,0,0,0,0,None,484,System,7036,0,0,0,0,0,0,0,0,0,0,0x8080000000000000,0,0,0,1,0,0,0,2015-03-22 15:24:31,1427037871.0,15,24
1730251,59017,1ba2a763-08f8-411f-9fbd-d2c358054817,2015-03-22 15:24:31,informant-PC, Service Control Manager ,System,0,0,1,0,0,0,0,None,484,System,7036,0,0,0,0,0,0,0,0,0,0,0x8080000000000000,0,0,0,1,0,0,0,2015-03-22 15:24:31,1427037871.0,15,24
1730348,59017,509781f9-e304-4875-bdea-84bf2330551e,2015-03-22 15:24:32,informant-PC, Service Control Manager ,System,0,0,1,0,0,0,0,None,484,System,7036,0,0,0,0,0,0,0,0,0,0,0x8080000000000000,0,0,0,1,0,0,0,2015-03-22 15:24:32,1427037872.0,15,24
1730349,59017,e9f307ea-5db5-44ee-a493-4ddb8f41a4c5,2015-03-22 15:24:32,informant-PC, Service Control Manager ,System,0,0,1,0,0,0,0,None,484,System,7036,0,0,0,0,0,0,0,0,0,0,0x8080000000000000,0,0,0,1,0,0,0,2015-03-22 15:24:32,1427037872.0,15,24
1730442,59017,d08e7994-914a-410f-83de-58fb4ccfcd3c,2015-03-22 15:24:41,informant-PC, Service Control Manager ,System,0,0,1,0,0,0,0,None,484,System,7036,0,0,0,0,0,0,0,0,0,0,0x8080000000000000,0,0,0,1,0,0,0,2015-03-22 15:24:41,1427037881.0,15,24
1730443,59017,ca3273f0-5b0b-4f2f-be7a-35d637a5fa51,2015-03-22 15:24:41,informant-PC, Service Control Manager ,System,0,0,1,0,0,0,0,None,484,System,7036,0,0,0,0,0,0,0,0,0,0,0x8080000000000000,0,0,0,1,0,0,0,2015-03-22 15:24:41,1427037881.0,15,24
1730526,59017,2afcd65f-e75f-46e0-a648-7a9fc0636019,2015-03-22 15:25:02,informant-PC, Service Control Manager ,System,0,0,1,0,0,0,0,None,484,System,7036,0,0,0,0,0,0,0,0,0,0,0x8080000000000000,0,0,0,1,0,0,0,2015-03-22 15:25:02,1427037902.0,15,25
1730527,59017,0502657a-1f75-4d5a-bd53-7424b629add7,2015-03-22 15:25:02,informant-PC, Service Control Manager ,System,0,0,1,0,0,0,0,None,484,System,7036,0,0,0,0,0,0,0,0,0,0,0x8080000000000000,0,0,0,1,0,0,0,2015-03-22 15:25:02,1427037902.0,15,25
1730528,59112,dee649d3-4b5b-4dc6-9ec1-738f4c182a29,2015-03-22 15:25:02,informant-PC, Microsoft-Windows-Bits-Client ,Other,0,0,0,0,0,1,0,None,888,Microsoft-Windows-Bits-Client/Operational,306,0,0,0,0,0,0,0,0,0,0,0x4000000000000000,0,0,1,0,0,0,0,2015-03-22 15:25:02,1427037902.0,15,25
1730529,59112,c1b773ce-e53f-44b8-bb61-40b74b2ae8e1,2015-03-22 15:25:02,informant-PC, Microsoft-Windows-Bits-Client ,Other,0,0,0,0,0,1,0,None,888,Microsoft-Windows-Bits-Client/Operational,306,0,0,0,0,0,0,0,0,0,0,0x4000000000000000,0,0,1,0,0,0,0,2015-03-22 15:25:02,1427037902.0,15,25
1730536,59017,dd47bb4a-8115-423f-ad42-c97067e17c0a,2015-03-22 15:25:03,informant-PC, Service Control Manager ,System,0,0,1,0,0,0,0,None,484,System,7036,0,0,0,0,0,0,0,0,0,0,0x8080000000000000,0,0,0,1,0,0,0,2015-03-22 15:25:03,1427037903.0,15,25
1730544,59017,c98c598b-563c-4725-a0b7-c04f2a108e65,2015-03-22 15:25:03,informant-PC, Service Control Manager ,System,0,0,1,0,0,0,0,None,484,System,7036,0,0,0,0,0,0,0,0,0,0,0x8080000000000000,0,0,0,1,0,0,0,2015-03-22 15:25:03,1427037903.0,15,25
1730590,59017,38a6f4ef-0cc5-470a-8cbc-b3712330dfbe,2015-03-22 15:25:03,informant-PC, Service Control Manager ,System,0,0,1,0,0,0,0,None,484,System,7036,0,0,0,0,0,0,0,0,0,0,0x8080000000000000,0,0,0,1,0,0,0,2015-03-22 15:25:03,1427037903.0,15,25
1730591,59017,cf7073b1-79e0-46b3-88de-c4e602ca4990,2015-03-22 15:25:03,informant-PC, Service Control Manager ,System,0,0,1,0,0,0,0,None,484,System,7036,0,0,0,0,0,0,0,0,0,0,0x8080000000000000,0,0,0,1,0,0,0,2015-03-22 15:25:03,1427037903.0,15,25
1730600,59018,7bef2415-189d-4fde-88be-867a7fe4d679,2015-03-22 15:25:04,informant-PC, gupdate ,Application,0,1,0,0,0,0,0,None,None,Application,0,0,0,0,0,0,0,0,0,0,0,0x0080000000000000,0,0,0,0,0,0,0,2015-03-22 15:25:04,1427037904.0,15,25
1730601,59018,b3f21811-ee8a-4452-b6e3-f92e6279ceb0,2015-03-22 15:25:04,informant-PC, gupdate ,Application,0,1,0,0,0,0,0,None,None,Application,0,0,0,0,0,0,0,0,0,0,0,0x0080000000000000,0,0,0,0,0,0,0,2015-03-22 15:25:04,1427037904.0,15,25
1730610,59017,0f403504-79c2-45f4-848f-0b815df9cd62,2015-03-22 15:25:04,informant-PC, Service Control Manager ,System,0,0,1,0,0,0,0,None,484,System,7036,0,0,0,0,0,0,0,0,0,0,0x8080000000000000,0,0,0,1,0,0,0,2015-03-22 15:25:04,1427037904.0,15,25
1730611,59017,03d1b15d-f106-4392-b064-047fa18d53f9,2015-03-22 15:25:04,informant-PC, Service Control Manager ,System,0,0,1,0,0,0,0,None,484,System,7036,0,0,0,0,0,0,0,0,0,0,0x8080000000000000,0,0,0,1,0,0,0,2015-03-22 15:25:04,1427037904.0,15,25
1730612,59017,d72f84fa-85c7-4dc1-bd83-7957c22ef86b,2015-03-22 15:25:04,informant-PC, Service Control Manager ,System,0,0,1,0,0,0,0,None,484,System,7036,0,0,0,0,0,0,0,0,0,0,0x8080000000000000,0,0,0,1,0,0,0,2015-03-22 15:25:04,1427037904.0,15,25
1730613,59017,c6ab65ba-3ef4-4382-a620-46b5043b06fa,2015-03-22 15:25:04,informant-PC, Service Control Manager ,System,0,0,1,0,0,0,0,None,484,System,7036,0,0,0,0,0,0,0,0,0,0,0x8080000000000000,0,0,0,1,0,0,0,2015-03-22 15:25:04,1427037904.0,15,25
1730622,59019,50f3fa3d-3987-4172-921b-c8b4497f9e69,2015-03-22 15:25:04,informant-PC, Microsoft-Windows-Security-Auditing ,Security,1,0,0,0,0,0,0,S-1-5-18,500,Security,4624,0,0,0,1,0,0,0,0,0,12544,0x8020000000000000,0,0,0,1,0,0,0,2015-03-22 15:25:04,1427037904.0,15,25
1730629,59019,e9136e2e-eb25-4928-9560-26f12956c585,2015-03-22 15:25:04,informant-PC, Microsoft-Windows-Security-Auditing ,Security,1,0,0,0,0,0,0,S-1-5-18,500,Security,4624,0,0,0,1,0,0,0,0,0,12544,0x8020000000000000,0,0,0,1,0,0,0,2015-03-22 15:25:04,1427037904.0,15,25
1730631,59019,74f51229-ea5e-477f-96a7-3cdaf1c323f0,2015-03-22 15:25:04,informant-PC, Microsoft-Windows-Security-Auditing ,Security,1,0,0,0,0,0,0,None,500,Security,4672,0,0,0,1,0,0,0,0,0,12548,0x8020000000000000,0,0,0,1,0,0,0,2015-03-22 15:25:04,1427037904.0,15,25
1730633,59019,28b61d5e-43fb-49d2-8f24-2bc26641fcb0,2015-03-22 15:25:04,informant-PC, Microsoft-Windows-Security-Auditing ,Security,1,0,0,0,0,0,0,None,500,Security,4672,0,0,0,1,0,0,0,0,0,12548,0x8020000000000000,0,0,0,1,0,0,0,2015-03-22 15:25:04,1427037904.0,15,25
1730636,59017,820c10dc-6b6f-44db-9232-5f92d4dc9b1e,2015-03-22 15:25:04,informant-PC, Service Control Manager ,System,0,0,1,0,0,0,0,None,484,System,7036,0,0,0,0,0,0,0,0,0,0,0x8080000000000000,0,0,0,1,0,0,0,2015-03-22 15:25:04,1427037904.0,15,25
1730637,59017,d176347a-134d-43f9-9400-3baabc8fc329,2015-03-22 15:25:04,informant-PC, Service Control Manager ,System,0,0,1,0,0,0,0,None,484,System,7036,0,0,0,0,0,0,0,0,0,0,0x8080000000000000,0,0,0,1,0,0,0,2015-03-22 15:25:04,1427037904.0,15,25
1730638,59030,a7d58363-4470-4303-af95-ef0c4a77edfe,2015-03-22 15:25:04,informant-PC, Microsoft-Windows-Windows Defender ,Other,0,0,0,0,0,1,0,None,3052,Microsoft-Windows-Windows Defender/WHC,101,0,0,0,0,0,0,0,0,0,0,0x4000000000000000,0,0,1,0,0,0,0,2015-03-22 15:25:04,1427037904.0,15,25
1730639,59030,a2b8a340-9dd2-4a5e-8911-5422d9d7229f,2015-03-22 15:25:04,informant-PC, Microsoft-Windows-Windows Defender ,Other,0,0,0,0,0,1,0,None,3052,Microsoft-Windows-Windows Defender/WHC,101,0,0,0,0,0,0,0,0,0,0,0x4000000000000000,0,0,1,0,0,0,0,2015-03-22 15:25:04,1427037904.0,15,25
1730640,59017,00e3c887-4a1e-479a-a48a-2b802123a80d,2015-03-22 15:25:04,informant-PC, Service Control Manager ,System,0,0,1,0,0,0,0,None,484,System,7036,0,0,0,0,0,0,0,0,0,0,0x8080000000000000,0,0,0,1,0,0,0,2015-03-22 15:25:04,1427037904.0,15,25
1730641,59017,7afd6d9b-dffb-4ed2-821e-d4d979c69569,2015-03-22 15:25:04,informant-PC, Service Control Manager ,System,0,0,1,0,0,0,0,None,484,System,7036,0,0,0,0,0,0,0,0,0,0,0x8080000000000000,0,0,0,1,0,0,0,2015-03-22 15:25:04,1427037904.0,15,25
1730642,59018,8e18c1eb-3739-42e0-a844-5ad65aa7f5f4,2015-03-22 15:25:05,informant-PC, SecurityCenter ,Application,0,1,0,0,0,0,0,None,None,Application,1,0,0,0,0,0,0,0,0,0,0,0x0080000000000000,0,0,0,0,0,0,0,2015-03-22 15:25:05,1427037905.0,15,25
1730643,59018,50ddf1bd-79fa-4651-b771-3941f1dfb6cf,2015-03-22 15:25:05,informant-PC, SecurityCenter ,Application,0,1,0,0,0,0,0,None,None,Application,1,0,0,0,0,0,0,0,0,0,0,0x0080000000000000,0,0,0,0,0,0,0,2015-03-22 15:25:05,1427037905.0,15,25
1730666,59017,c1972713-b6d2-4d1c-8122-1e3dbe494de9,2015-03-22 15:25:05,informant-PC, Service Control Manager ,System,0,0,1,0,0,0,0,None,484,System,7036,0,0,0,0,0,0,0,0,0,0,0x8080000000000000,0,0,0,1,0,0,0,2015-03-22 15:25:05,1427037905.0,15,25
1730667,59017,2f33c199-9412-4f0b-b30a-80e412063b0f,2015-03-22 15:25:05,informant-PC, Service Control Manager ,System,0,0,1,0,0,0,0,None,484,System,7036,0,0,0,0,0,0,0,0,0,0,0x8080000000000000,0,0,0,1,0,0,0,2015-03-22 15:25:05,1427037905.0,15,25
1730668,59030,883a95ec-ef7c-4257-a7f1-c4674ccaa8ed,2015-03-22 15:25:06,informant-PC, Microsoft-Windows-Windows Defender ,Other,0,0,0,0,0,1,0,None,3052,Microsoft-Windows-Windows Defender/WHC,101,0,0,0,0,0,0,0,0,0,0,0x4000000000000000,0,0,1,0,0,0,0,2015-03-22 15:25:06,1427037906.0,15,25
1730669,59030,1c2760a8-6e61-465b-bc1c-f94711d9d72f,2015-03-22 15:25:06,informant-PC, Microsoft-Windows-Windows Defender ,Other,0,0,0,0,0,1,0,None,3052,Microsoft-Windows-Windows Defender/WHC,101,0,0,0,0,0,0,0,0,0,0,0x4000000000000000,0,0,1,0,0,0,0,2015-03-22 15:25:06,1427037906.0,15,25
1730686,59061,c3009bfa-4dfd-4b4a-b0f4-ae8d61bee1c5,2015-03-22 15:25:47,informant-PC, Microsoft-Windows-Diagnosis-DPS ,Other,0,0,0,0,0,1,0,None,1140,Microsoft-Windows-Diagnosis-DPS/Operational,105,0,0,0,0,0,0,0,0,0,1,0x4000000800000000,0,0,1,0,0,0,0,2015-03-22 15:25:47,1427037947.0,15,25
1730687,59061,41e06f25-f955-43de-ba83-bf78d9ec4ba4,2015-03-22 15:25:47,informant-PC, Microsoft-Windows-Diagnosis-DPS ,Other,0,0,0,0,0,1,0,None,1140,Microsoft-Windows-Diagnosis-DPS/Operational,100,0,0,0,0,0,0,0,0,0,1,0x4000000800000000,0,0,1,0,0,0,0,2015-03-22 15:25:47,1427037947.0,15,25
1730688,59061,9d193492-8030-49e6-9fd4-5a58dd4876d7,2015-03-22 15:25:47,informant-PC, Microsoft-Windows-Diagnosis-DPS ,Other,0,0,0,0,0,1,0,None,1140,Microsoft-Windows-Diagnosis-DPS/Operational,105,0,0,0,0,0,0,0,0,0,1,0x4000000800000000,0,0,1,0,0,0,0,2015-03-22 15:25:47,1427037947.0,15,25
1730689,59061,f15308fc-0162-45e6-8185-e60282593141,2015-03-22 15:25:47,informant-PC, Microsoft-Windows-Diagnosis-DPS ,Other,0,0,0,0,0,1,0,None,1140,Microsoft-Windows-Diagnosis-DPS/Operational,100,0,0,0,0,0,0,0,0,0,1,0x4000000800000000,0,0,1,0,0,0,0,2015-03-22 15:25:47,1427037947.0,15,25
1730736,22255,8cd7f184-0ece-4548-bc50-d6d3820d5439,2015-03-22 15:25:51,informant-PC, Microsoft-Windows-Diagnostics-Performance ,Other,0,0,0,0,0,1,0,None,1140,Microsoft-Windows-Diagnostics-Performance/Operational,101,0,0,0,0,0,0,0,0,0,4002,0x8000000000010000,0,0,0,1,0,0,0,2015-03-22 15:25:51,1427037951.0,15,25
1730737,22255,4994ed1f-8790-4fd7-bb2e-059fa18a5917,2015-03-22 15:25:51,informant-PC, Microsoft-Windows-Diagnostics-Performance ,Other,0,0,0,0,0,1,0,None,1140,Microsoft-Windows-Diagnostics-Performance/Operational,101,0,0,0,0,0,0,0,0,0,4002,0x8000000000010000,0,0,0,1,0,0,0,2015-03-22 15:25:51,1427037951.0,15,25
1730738,22255,de476cce-cc79-4ca8-bf5c-65fbfef00c3d,2015-03-22 15:25:51,informant-PC, Microsoft-Windows-Diagnostics-Performance ,Other,0,0,0,0,0,1,0,None,1140,Microsoft-Windows-Diagnostics-Performance/Operational,102,0,0,0,0,0,0,0,0,0,4002,0x8000000000010000,0,0,0,1,0,0,0,2015-03-22 15:25:51,1427037951.0,15,25
1730739,22255,ade7c669-b316-4c6f-9126-8c3d076e1fd1,2015-03-22 15:25:51,informant-PC, Microsoft-Windows-Diagnostics-Performance ,Other,0,0,0,0,0,1,0,None,1140,Microsoft-Windows-Diagnostics-Performance/Operational,100,0,0,0,0,0,0,0,0,0,4002,0x8000000000010000,0,0,0,1,0,0,0,2015-03-22 15:25:51,1427037951.0,15,25
1730740,22255,2992a0f7-088f-48b4-b017-9611474244f8,2015-03-22 15:25:51,informant-PC, Microsoft-Windows-Diagnostics-Performance ,Other,0,0,0,0,0,1,0,None,1140,Microsoft-Windows-Diagnostics-Performance/Operational,102,0,0,0,0,0,0,0,0,0,4002,0x8000000000010000,0,0,0,1,0,0,0,2015-03-22 15:25:51,1427037951.0,15,25
1730741,22255,9626da78-6df8-4ca8-b7a4-10c9f02d3441,2015-03-22 15:25:51,informant-PC, Microsoft-Windows-Diagnostics-Performance ,Other,0,0,0,0,0,1,0,None,1140,Microsoft-Windows-Diagnostics-Performance/Operational,100,0,0,0,0,0,0,0,0,0,4002,0x8000000000010000,0,0,0,1,0,0,0,2015-03-22 15:25:51,1427037951.0,15,25
1730742,22255,f3bc6e65-0a26-4eee-ae99-0b11f461ce70,2015-03-22 15:25:51,informant-PC, Microsoft-Windows-Diagnostics-Performance ,Other,0,0,0,0,0,1,0,None,1140,Microsoft-Windows-Diagnostics-Performance/Operational,108,0,0,0,0,0,0,0,0,0,4002,0x8000000000010000,0,0,0,1,0,0,0,2015-03-22 15:25:51,1427037951.0,15,25
1730743,22255,88b06266-d050-4fab-afd6-30013f88ec1d,2015-03-22 15:25:51,informant-PC, Microsoft-Windows-Diagnostics-Performance ,Other,0,0,0,0,0,1,0,None,1140,Microsoft-Windows-Diagnostics-Performance/Operational,108,0,0,0,0,0,0,0,0,0,4002,0x8000000000010000,0,0,0,1,0,0,0,2015-03-22 15:25:51,1427037951.0,15,25
1730744,59061,e674acee-e420-4108-a6f2-e1b2dd62b82d,2015-03-22 15:25:51,informant-PC, Microsoft-Windows-Diagnosis-DPS ,Other,0,0,0,0,0,1,0,None,1140,Microsoft-Windows-Diagnosis-DPS/Operational,110,0,0,0,0,0,0,0,0,0,1,0x4000000800000000,0,0,1,0,0,0,0,2015-03-22 15:25:51,1427037951.0,15,25
1730745,59061,c737deed-4483-4320-aa96-9c6d9991b269,2015-03-22 15:25:51,informant-PC, Microsoft-Windows-Diagnosis-DPS ,Other,0,0,0,0,0,1,0,None,1140,Microsoft-Windows-Diagnosis-DPS/Operational,110,0,0,0,0,0,0,0,0,0,1,0x4000000800000000,0,0,1,0,0,0,0,2015-03-22 15:25:51,1427037951.0,15,25
1730750,22255,eaa692e0-4166-4829-9832-84aa58f706e8,2015-03-22 15:25:51,informant-PC, Microsoft-Windows-Diagnostics-Performance ,Other,0,0,0,0,0,1,0,None,1140,Microsoft-Windows-Diagnostics-Performance/Operational,201,0,0,0,0,0,0,0,0,0,4007,0x8000000000010000,0,0,0,1,0,0,0,2015-03-22 15:25:51,1427037951.0,15,25
1730751,22255,529e06a6-c0f9-4f9a-a357-81c7fad975dc,2015-03-22 15:25:51,informant-PC, Microsoft-Windows-Diagnostics-Performance ,Other,0,0,0,0,0,1,0,None,1140,Microsoft-Windows-Diagnostics-Performance/Operational,200,0,0,0,0,0,0,0,0,0,4007,0x8000000000010000,0,0,0,1,0,0,0,2015-03-22 15:25:51,1427037951.0,15,25
1730754,22255,b5ff8431-468f-4632-9fb1-e6fbc344665d,2015-03-22 15:25:51,informant-PC, Microsoft-Windows-Diagnostics-Performance ,Other,0,0,0,0,0,1,0,None,1140,Microsoft-Windows-Diagnostics-Performance/Operational,201,0,0,0,0,0,0,0,0,0,4007,0x8000000000010000,0,0,0,1,0,0,0,2015-03-22 15:25:51,1427037951.0,15,25
1730757,22255,c515fb38-b937-404f-8beb-38370cee1d70,2015-03-22 15:25:51,informant-PC, Microsoft-Windows-Diagnostics-Performance ,Other,0,0,0,0,0,1,0,None,1140,Microsoft-Windows-Diagnostics-Performance/Operational,200,0,0,0,0,0,0,0,0,0,4007,0x8000000000010000,0,0,0,1,0,0,0,2015-03-22 15:25:51,1427037951.0,15,25
1730758,59061,87e17d42-4c56-41ae-910e-56f0630e7b7b,2015-03-22 15:25:51,informant-PC, Microsoft-Windows-Diagnosis-DPS ,Other,0,0,0,0,0,1,0,None,1140,Microsoft-Windows-Diagnosis-DPS/Operational,110,0,0,0,0,0,0,0,0,0,1,0x4000000800000000,0,0,1,0,0,0,0,2015-03-22 15:25:51,1427037951.0,15,25
1730759,59061,641e3a0c-37ad-4cde-bfec-ca1857d2b0f7,2015-03-22 15:25:51,informant-PC, Microsoft-Windows-Diagnosis-DPS ,Other,0,0,0,0,0,1,0,None,1140,Microsoft-Windows-Diagnosis-DPS/Operational,110,0,0,0,0,0,0,0,0,0,1,0x4000000800000000,0,0,1,0,0,0,0,2015-03-22 15:25:51,1427037951.0,15,25
1730760,46,a42899e6-1a43-4bff-a9dc-07f7a3fdbaee,2015-03-22 15:25:58,informant-PC, Microsoft-Windows-WindowsUpdateClient ,Other,0,0,0,0,0,1,0,None,888,Microsoft-Windows-WindowsUpdateClient/Operational,30,0,0,0,0,0,0,0,0,0,1,0x4000000000000001,0,0,1,0,0,0,0,2015-03-22 15:25:58,1427037958.0,15,25
1730761,46,1d652ec5-eb63-47ad-9ab9-beb3e51b71a6,2015-03-22 15:25:58,informant-PC, Microsoft-Windows-WindowsUpdateClient ,Other,0,0,0,0,0,1,0,None,888,Microsoft-Windows-WindowsUpdateClient/Operational,30,0,0,0,0,0,0,0,0,0,1,0x4000000000000001,0,0,1,0,0,0,0,2015-03-22 15:25:58,1427037958.0,15,25
1730762,46,16c2d6bd-fc56-4625-b322-b89240c959bf,2015-03-22 15:25:58,informant-PC, Microsoft-Windows-WindowsUpdateClient ,Other,0,0,0,0,0,1,0,None,888,Microsoft-Windows-WindowsUpdateClient/Operational,42,0,0,0,0,0,0,0,0,0,2,0x4000000000000480,0,0,1,0,0,0,0,2015-03-22 15:25:58,1427037958.0,15,25
1730763,46,1e46d612-e954-428f-8591-4a2fa9b82fa1,2015-03-22 15:25:58,informant-PC, Microsoft-Windows-WindowsUpdateClient ,Other,0,0,0,0,0,1,0,None,888,Microsoft-Windows-WindowsUpdateClient/Operational,42,0,0,0,0,0,0,0,0,0,2,0x4000000000000480,0,0,1,0,0,0,0,2015-03-22 15:25:58,1427037958.0,15,25
1730764,46,c9e2b3e9-3481-4e1c-81f9-77cd70662671,2015-03-22 15:25:58,informant-PC, Microsoft-Windows-WindowsUpdateClient ,Other,0,0,0,0,0,1,0,None,888,Microsoft-Windows-WindowsUpdateClient/Operational,42,0,0,0,0,0,0,0,0,0,2,0x4000000000000480,0,0,1,0,0,0,0,2015-03-22 15:25:58,1427037958.0,15,25
1730765,46,d814d25f-f1ac-4109-9ba6-070dc6308279,2015-03-22 15:25:58,informant-PC, Microsoft-Windows-WindowsUpdateClient ,Other,0,0,0,0,0,1,0,None,888,Microsoft-Windows-WindowsUpdateClient/Operational,42,0,0,0,0,0,0,0,0,0,2,0x4000000000000480,0,0,1,0,0,0,0,2015-03-22 15:25:58,1427037958.0,15,25
1730774,59017,e0e750f0-66c9-4dcd-835b-ca5b7bf63e13,2015-03-22 15:26:04,informant-PC, Service Control Manager ,System,0,0,1,0,0,0,0,None,484,System,7036,0,0,0,0,0,0,0,0,0,0,0x8080000000000000,0,0,0,1,0,0,0,2015-03-22 15:26:04,1427037964.0,15,26
1730775,59017,b5739ecf-15fa-4bc4-bf80-aea47a1a6515,2015-03-22 15:26:04,informant-PC, Service Control Manager ,System,0,0,1,0,0,0,0,None,484,System,7036,0,0,0,0,0,0,0,0,0,0,0x8080000000000000,0,0,0,1,0,0,0,2015-03-22 15:26:04,1427037964.0,15,26
1730780,59081,90f2cb76-2f41-4412-94f7-6b73bc19eca5,2015-03-22 15:26:27,informant-PC, Microsoft-Windows-NetworkProfile ,Other,0,0,0,0,0,1,0,None,860,Microsoft-Windows-NetworkProfile/Operational,10001,0,0,0,0,0,0,0,0,0,0,0x4000200000000000,0,0,1,0,0,0,0,2015-03-22 15:26:27,1427037987.0,15,26
1730781,59081,e6ab204a-0003-4050-820a-17ea96b3ef53,2015-03-22 15:26:27,informant-PC, Microsoft-Windows-NetworkProfile ,Other,0,0,0,0,0,1,0,None,860,Microsoft-Windows-NetworkProfile/Operational,10001,0,0,0,0,0,0,0,0,0,0,0x4000200000000000,0,0,1,0,0,0,0,2015-03-22 15:26:27,1427037987.0,15,26
1730782,59081,d50f4636-869a-4ded-81a0-1573bb59e414,2015-03-22 15:26:27,informant-PC, Microsoft-Windows-NetworkProfile ,Other,0,0,0,0,0,1,0,None,860,Microsoft-Windows-NetworkProfile/Operational,4001,0,0,0,0,0,0,0,0,0,1,0x4000200000000000,0,0,1,0,0,0,0,2015-03-22 15:26:27,1427037987.0,15,26
1730783,59081,8860b0b5-a809-4d63-b4f7-d679bd631b0f,2015-03-22 15:26:27,informant-PC, Microsoft-Windows-NetworkProfile ,Other,0,0,0,0,0,1,0,None,860,Microsoft-Windows-NetworkProfile/Operational,4001,0,0,0,0,0,0,0,0,0,1,0x4000200000000000,0,0,1,0,0,0,0,2015-03-22 15:26:27,1427037987.0,15,26
1730784,59057,794bd35e-13b7-40a2-9a8f-a8f86061d6d9,2015-03-22 15:26:27,informant-PC, Microsoft-Windows-Windows Firewall With Advanced Security ,Other,0,0,0,0,0,1,0,None,1140,Microsoft-Windows-Windows Firewall With Advanced Security/Firewall,2002,0,0,0,0,0,0,0,0,0,0,0x8000000000000000,0,0,0,1,0,0,0,2015-03-22 15:26:27,1427037987.0,15,26
1730785,59057,70674ac1-a1a4-4ffe-b4a5-d22eb4ef1056,2015-03-22 15:26:27,informant-PC, Microsoft-Windows-Windows Firewall With Advanced Security ,Other,0,0,0,0,0,1,0,None,1140,Microsoft-Windows-Windows Firewall With Advanced Security/Firewall,2010,0,0,0,0,0,0,0,0,0,0,0x8000000000000000,0,0,0,1,0,0,0,2015-03-22 15:26:27,1427037987.0,15,26
1730786,59057,8528858f-e2cd-4301-ad68-1309267edd66,2015-03-22 15:26:27,informant-PC, Microsoft-Windows-Windows Firewall With Advanced Security ,Other,0,0,0,0,0,1,0,None,1140,Microsoft-Windows-Windows Firewall With Advanced Security/Firewall,2002,0,0,0,0,0,0,0,0,0,0,0x8000000000000000,0,0,0,1,0,0,0,2015-03-22 15:26:27,1427037987.0,15,26
1730787,59057,a06a2d15-3dc7-4028-a7c9-b5ec69e4066e,2015-03-22 15:26:27,informant-PC, Microsoft-Windows-Windows Firewall With Advanced Security ,Other,0,0,0,0,0,1,0,None,1140,Microsoft-Windows-Windows Firewall With Advanced Security/Firewall,2010,0,0,0,0,0,0,0,0,0,0,0x8000000000000000,0,0,0,1,0,0,0,2015-03-22 15:26:27,1427037987.0,15,26
1730810,59081,a97080dc-06ee-42e9-b469-9b3e1bc8e6a2,2015-03-22 15:26:27,informant-PC, Microsoft-Windows-NetworkProfile ,Other,0,0,0,0,0,1,0,None,860,Microsoft-Windows-NetworkProfile/Operational,10000,0,0,0,0,0,0,0,0,0,0,0x4000200000000000,0,0,1,0,0,0,0,2015-03-22 15:26:27,1427037987.0,15,26
1730829,59081,84ba7760-879b-4621-b199-7d5399f74a45,2015-03-22 15:26:27,informant-PC, Microsoft-Windows-NetworkProfile ,Other,0,0,0,0,0,1,0,None,860,Microsoft-Windows-NetworkProfile/Operational,10000,0,0,0,0,0,0,0,0,0,0,0x4000200000000000,0,0,1,0,0,0,0,2015-03-22 15:26:27,1427037987.0,15,26
1730832,59081,b6aafd6a-b799-4483-aaa3-ec7b3f3ec092,2015-03-22 15:26:27,informant-PC, Microsoft-Windows-NetworkProfile ,Other,0,0,0,0,0,1,0,None,860,Microsoft-Windows-NetworkProfile/Operational,4002,0,0,0,0,0,0,0,0,0,1,0x4001200000000000,0,0,1,0,0,0,0,2015-03-22 15:26:27,1427037987.0,15,26
1730833,59081,b28dfd3a-17b2-4b69-a284-99451cd702af,2015-03-22 15:26:27,informant-PC, Microsoft-Windows-NetworkProfile ,Other,0,0,0,0,0,1,0,None,860,Microsoft-Windows-NetworkProfile/Operational,4002,0,0,0,0,0,0,0,0,0,1,0x4001200000000000,0,0,1,0,0,0,0,2015-03-22 15:26:27,1427037987.0,15,26
1730834,59081,cec1011c-b66c-4655-8d70-b71588978969,2015-03-22 15:26:27,informant-PC, Microsoft-Windows-NetworkProfile ,Other,0,0,0,0,0,1,0,None,860,Microsoft-Windows-NetworkProfile/Operational,10000,0,0,0,0,0,0,0,0,0,0,0x4000200000000000,0,0,1,0,0,0,0,2015-03-22 15:26:27,1427037987.0,15,26
1730835,59081,5fe56f9e-e97f-4e3e-9766-7c9e55300010,2015-03-22 15:26:27,informant-PC, Microsoft-Windows-NetworkProfile ,Other,0,0,0,0,0,1,0,None,860,Microsoft-Windows-NetworkProfile/Operational,10000,0,0,0,0,0,0,0,0,0,0,0x4000200000000000,0,0,1,0,0,0,0,2015-03-22 15:26:27,1427037987.0,15,26
1730836,59057,b7569f9f-1bd8-41f5-991b-81f885718350,2015-03-22 15:26:28,informant-PC, Microsoft-Windows-Windows Firewall With Advanced Security ,Other,0,0,0,0,0,1,0,None,1140,Microsoft-Windows-Windows Firewall With Advanced Security/Firewall,2002,0,0,0,0,0,0,0,0,0,0,0x8000000000000000,0,0,0,1,0,0,0,2015-03-22 15:26:28,1427037988.0,15,26
1730837,59057,a5b8bb35-bbea-4884-bd9d-47385f3e7e8e,2015-03-22 15:26:28,informant-PC, Microsoft-Windows-Windows Firewall With Advanced Security ,Other,0,0,0,0,0,1,0,None,1140,Microsoft-Windows-Windows Firewall With Advanced Security/Firewall,2010,0,0,0,0,0,0,0,0,0,0,0x8000000000000000,0,0,0,1,0,0,0,2015-03-22 15:26:28,1427037988.0,15,26
1730838,59057,d2ae73ef-22bf-4c21-a1d1-b97dcc14ca4f,2015-03-22 15:26:28,informant-PC, Microsoft-Windows-Windows Firewall With Advanced Security ,Other,0,0,0,0,0,1,0,None,1140,Microsoft-Windows-Windows Firewall With Advanced Security/Firewall,2002,0,0,0,0,0,0,0,0,0,0,0x8000000000000000,0,0,0,1,0,0,0,2015-03-22 15:26:28,1427037988.0,15,26
1730839,59057,18dfc25a-d03c-41e4-b609-298a831cab67,2015-03-22 15:26:28,informant-PC, Microsoft-Windows-Windows Firewall With Advanced Security ,Other,0,0,0,0,0,1,0,None,1140,Microsoft-Windows-Windows Firewall With Advanced Security/Firewall,2010,0,0,0,0,0,0,0,0,0,0,0x8000000000000000,0,0,0,1,0,0,0,2015-03-22 15:26:28,1427037988.0,15,26
1730938,59017,d5d58c1b-f9cc-450b-8596-95ab8f1c2536,2015-03-22 15:26:28,informant-PC, Service Control Manager ,System,0,0,1,0,0,0,0,None,484,System,7036,0,0,0,0,0,0,0,0,0,0,0x8080000000000000,0,0,0,1,0,0,0,2015-03-22 15:26:28,1427037988.0,15,26
1730939,59017,d265962f-6bd2-4176-9005-c70be51e7fee,2015-03-22 15:26:28,informant-PC, Service Control Manager ,System,0,0,1,0,0,0,0,None,484,System,7042,0,0,0,0,0,0,0,0,0,0,0x8080000000000000,0,0,0,1,0,0,0,2015-03-22 15:26:28,1427037988.0,15,26
1730940,59017,df5ffd96-4128-4c8e-b67e-1444d13314c0,2015-03-22 15:26:28,informant-PC, Service Control Manager ,System,0,0,1,0,0,0,0,None,484,System,7036,0,0,0,0,0,0,0,0,0,0,0x8080000000000000,0,0,0,1,0,0,0,2015-03-22 15:26:28,1427037988.0,15,26
1730941,59017,6aef1e03-cec3-41b0-9c7d-090a77ea6122,2015-03-22 15:26:28,informant-PC, Service Control Manager ,System,0,0,1,0,0,0,0,None,484,System,7036,0,0,0,0,0,0,0,0,0,0,0x8080000000000000,0,0,0,1,0,0,0,2015-03-22 15:26:28,1427037988.0,15,26
1730942,59017,2a167df2-02ed-47b4-801e-74817fa4d76e,2015-03-22 15:26:28,informant-PC, Service Control Manager ,System,0,0,1,0,0,0,0,None,484,System,7036,0,0,0,0,0,0,0,0,0,0,0x8080000000000000,0,0,0,1,0,0,0,2015-03-22 15:26:28,1427037988.0,15,26
1730943,59017,2f7d1cce-5b21-47dd-9e6e-6eefc308290e,2015-03-22 15:26:28,informant-PC, Service Control Manager ,System,0,0,1,0,0,0,0,None,484,System,7042,0,0,0,0,0,0,0,0,0,0,0x8080000000000000,0,0,0,1,0,0,0,2015-03-22 15:26:28,1427037988.0,15,26
1730944,59017,4cb3d3b5-793e-42c6-844a-8734847b3518,2015-03-22 15:26:28,informant-PC, Service Control Manager ,System,0,0,1,0,0,0,0,None,484,System,7036,0,0,0,0,0,0,0,0,0,0,0x8080000000000000,0,0,0,1,0,0,0,2015-03-22 15:26:28,1427037988.0,15,26
1730945,59017,afec97d6-1afb-4341-8521-342b61f3cae9,2015-03-22 15:26:28,informant-PC, Service Control Manager ,System,0,0,1,0,0,0,0,None,484,System,7036,0,0,0,0,0,0,0,0,0,0,0x8080000000000000,0,0,0,1,0,0,0,2015-03-22 15:26:28,1427037988.0,15,26
1730956,46,73dc7ef5-f3a7-45ab-a54f-0a4664f2da80,2015-03-22 15:26:31,informant-PC, Microsoft-Windows-WindowsUpdateClient ,Other,0,0,0,0,0,1,0,None,888,Microsoft-Windows-WindowsUpdateClient/Operational,30,0,0,0,0,0,0,0,0,0,1,0x4000000000000001,0,0,1,0,0,0,0,2015-03-22 15:26:31,1427037991.0,15,26
1730957,46,50c09cbb-08b0-490e-8dd8-12790e7b7afa,2015-03-22 15:26:31,informant-PC, Microsoft-Windows-WindowsUpdateClient ,Other,0,0,0,0,0,1,0,None,888,Microsoft-Windows-WindowsUpdateClient/Operational,30,0,0,0,0,0,0,0,0,0,1,0x4000000000000001,0,0,1,0,0,0,0,2015-03-22 15:26:31,1427037991.0,15,26
1730958,46,0d259924-74f0-4928-85b2-8655bb3f3ce5,2015-03-22 15:26:31,informant-PC, Microsoft-Windows-WindowsUpdateClient ,Other,0,0,0,0,0,1,0,None,888,Microsoft-Windows-WindowsUpdateClient/Operational,30,0,0,0,0,0,0,0,0,0,1,0x4000000000000001,0,0,1,0,0,0,0,2015-03-22 15:26:31,1427037991.0,15,26
1730959,46,f94a674f-1795-46ba-a472-4578a53cde53,2015-03-22 15:26:31,informant-PC, Microsoft-Windows-WindowsUpdateClient ,Other,0,0,0,0,0,1,0,None,888,Microsoft-Windows-WindowsUpdateClient/Operational,30,0,0,0,0,0,0,0,0,0,1,0x4000000000000001,0,0,1,0,0,0,0,2015-03-22 15:26:31,1427037991.0,15,26
1730960,46,b91c4c02-70d8-41fe-a257-d1779df426e4,2015-03-22 15:26:31,informant-PC, Microsoft-Windows-WindowsUpdateClient ,Other,0,0,0,0,0,1,0,None,888,Microsoft-Windows-WindowsUpdateClient/Operational,30,0,0,0,0,0,0,0,0,0,1,0x4000000000000001,0,0,1,0,0,0,0,2015-03-22 15:26:31,1427037991.0,15,26
1730961,46,b3be119f-5a3e-494f-abe1-6eae13c620cc,2015-03-22 15:26:31,informant-PC, Microsoft-Windows-WindowsUpdateClient ,Other,0,0,0,0,0,1,0,None,888,Microsoft-Windows-WindowsUpdateClient/Operational,30,0,0,0,0,0,0,0,0,0,1,0x4000000000000001,0,0,1,0,0,0,0,2015-03-22 15:26:31,1427037991.0,15,26
1730962,46,1b5b92b6-19a1-44eb-afe8-bb8b7a4f1fb6,2015-03-22 15:26:31,informant-PC, Microsoft-Windows-WindowsUpdateClient ,Other,0,0,0,0,0,1,0,None,888,Microsoft-Windows-WindowsUpdateClient/Operational,29,0,0,0,0,0,0,0,0,0,1,0x4000000000000001,0,0,1,0,0,0,0,2015-03-22 15:26:31,1427037991.0,15,26
1730963,46,441c7c27-f3a3-4c77-a4f5-db10523420f4,2015-03-22 15:26:31,informant-PC, Microsoft-Windows-WindowsUpdateClient ,Other,0,0,0,0,0,1,0,None,888,Microsoft-Windows-WindowsUpdateClient/Operational,30,0,0,0,0,0,0,0,0,0,1,0x4000000000000001,0,0,1,0,0,0,0,2015-03-22 15:26:31,1427037991.0,15,26
1730964,46,1aeb4a52-3b05-4acc-bb97-a7b10eeb8a5d,2015-03-22 15:26:31,informant-PC, Microsoft-Windows-WindowsUpdateClient ,Other,0,0,0,0,0,1,0,None,888,Microsoft-Windows-WindowsUpdateClient/Operational,29,0,0,0,0,0,0,0,0,0,1,0x4000000000000001,0,0,1,0,0,0,0,2015-03-22 15:26:31,1427037991.0,15,26
1730965,46,447a2762-f038-4898-8649-eeefce12e247,2015-03-22 15:26:31,informant-PC, Microsoft-Windows-WindowsUpdateClient ,Other,0,0,0,0,0,1,0,None,888,Microsoft-Windows-WindowsUpdateClient/Operational,30,0,0,0,0,0,0,0,0,0,1,0x4000000000000001,0,0,1,0,0,0,0,2015-03-22 15:26:31,1427037991.0,15,26
1730966,46,c9876427-6b42-4d9b-9292-4cb2f2f5c658,2015-03-22 15:26:31,informant-PC, Microsoft-Windows-WindowsUpdateClient ,Other,0,0,0,0,0,1,0,None,888,Microsoft-Windows-WindowsUpdateClient/Operational,30,0,0,0,0,0,0,0,0,0,1,0x4000000000000001,0,0,1,0,0,0,0,2015-03-22 15:26:31,1427037991.0,15,26
1730967,46,7189f9a5-d2ad-409b-8e14-fc62a4447b3a,2015-03-22 15:26:31,informant-PC, Microsoft-Windows-WindowsUpdateClient ,Other,0,0,0,0,0,1,0,None,888,Microsoft-Windows-WindowsUpdateClient/Operational,30,0,0,0,0,0,0,0,0,0,1,0x4000000000000001,0,0,1,0,0,0,0,2015-03-22 15:26:31,1427037991.0,15,26
1730968,46,a4b6f4b7-5f76-474a-80db-843999614020,2015-03-22 15:26:31,informant-PC, Microsoft-Windows-WindowsUpdateClient ,Other,0,0,0,0,0,1,0,None,888,Microsoft-Windows-WindowsUpdateClient/Operational,30,0,0,0,0,0,0,0,0,0,1,0x4000000000000001,0,0,1,0,0,0,0,2015-03-22 15:26:31,1427037991.0,15,26
1730969,46,2cf2c9d1-73fe-47c3-b495-f6d9c1108359,2015-03-22 15:26:31,informant-PC, Microsoft-Windows-WindowsUpdateClient ,Other,0,0,0,0,0,1,0,None,888,Microsoft-Windows-WindowsUpdateClient/Operational,30,0,0,0,0,0,0,0,0,0,1,0x4000000000000001,0,0,1,0,0,0,0,2015-03-22 15:26:31,1427037991.0,15,26
1730970,46,c31299ab-e802-4d7f-9189-605126894c7f,2015-03-22 15:26:31,informant-PC, Microsoft-Windows-WindowsUpdateClient ,Other,0,0,0,0,0,1,0,None,888,Microsoft-Windows-WindowsUpdateClient/Operational,30,0,0,0,0,0,0,0,0,0,1,0x4000000000000001,0,0,1,0,0,0,0,2015-03-22 15:26:31,1427037991.0,15,26
