2211120,22203,0c5d686a-9d5c-4eb9-92fe-df825d4941ab,2015-03-24 15:21:37,informant-PC, Microsoft-Windows-Diagnosis-Scheduled ,Other,0,0,0,0,0,1,0,None,2252,Microsoft-Windows-Diagnosis-Scheduled/Operational,3,0,0,0,0,0,0,0,0,0,0,0x8000000800000000,0,0,0,1,0,0,0,2015-03-24 15:21:37,1427210497.0,15,21
2211146,59019,17c6f011-91de-4ca7-8b47-d673d296104d,2015-03-24 15:21:38,informant-PC, Microsoft-Windows-Security-Auditing ,Security,1,0,0,0,0,0,0,None,496,Security,4672,0,0,0,1,0,0,0,0,0,12548,0x8020000000000000,0,0,0,1,0,0,0,2015-03-24 15:21:38,1427210498.0,15,21
2211147,59019,6e7018f0-8967-419e-95f5-80917dbf5980,2015-03-24 15:21:38,informant-PC, Microsoft-Windows-Security-Auditing ,Security,1,0,0,0,0,0,0,None,496,Security,4672,0,0,0,1,0,0,0,0,0,12548,0x8020000000000000,0,0,0,1,0,0,0,2015-03-24 15:21:38,1427210498.0,15,21
2211148,59019,2869f418-926e-4e47-85e4-bb6c29ebd4c0,2015-03-24 15:21:38,informant-PC, Microsoft-Windows-Security-Auditing ,Security,1,0,0,0,0,0,0,S-1-5-18,496,Security,4624,0,0,0,1,0,0,0,0,0,12544,0x8020000000000000,0,0,0,1,0,0,0,2015-03-24 15:21:38,1427210498.0,15,21
2211149,59019,9819861c-1903-41a7-b20c-875cb9d64d1e,2015-03-24 15:21:38,informant-PC, Microsoft-Windows-Security-Auditing ,Security,1,0,0,0,0,0,0,S-1-5-18,496,Security,4624,0,0,0,1,0,0,0,0,0,12544,0x8020000000000000,0,0,0,1,0,0,0,2015-03-24 15:21:38,1427210498.0,15,21
2211150,59017,00a88afb-6af1-44e0-9c53-ce609c755eac,2015-03-24 15:21:38,informant-PC, Service Control Manager ,System,0,0,1,0,0,0,0,None,488,System,7036,0,0,0,0,0,0,0,0,0,0,0x8080000000000000,0,0,0,1,0,0,0,2015-03-24 15:21:38,1427210498.0,15,21
2211151,59017,466f0b07-c476-45bd-b85d-10bc2476fb81,2015-03-24 15:21:38,informant-PC, Service Control Manager ,System,0,0,1,0,0,0,0,None,488,System,7036,0,0,0,0,0,0,0,0,0,0,0x8080000000000000,0,0,0,1,0,0,0,2015-03-24 15:21:38,1427210498.0,15,21
2211152,59019,a35e9b70-ed10-4967-bc10-7b5a9dceac8e,2015-03-24 15:21:38,informant-PC, Microsoft-Windows-Security-Auditing ,Security,1,0,0,0,0,0,0,S-1-5-18,496,Security,4624,0,0,0,1,0,0,0,0,0,12544,0x8020000000000000,0,0,0,1,0,0,0,2015-03-24 15:21:38,1427210498.0,15,21
2211153,59019,79dd02e2-06b8-47fd-a674-6e94ab3d1097,2015-03-24 15:21:38,informant-PC, Microsoft-Windows-Security-Auditing ,Security,1,0,0,0,0,0,0,S-1-5-18,496,Security,4624,0,0,0,1,0,0,0,0,0,12544,0x8020000000000000,0,0,0,1,0,0,0,2015-03-24 15:21:38,1427210498.0,15,21
2211154,59019,45b12e37-3e9f-4f4f-b382-02ab572f41df,2015-03-24 15:21:38,informant-PC, Microsoft-Windows-Security-Auditing ,Security,1,0,0,0,0,0,0,None,496,Security,4672,0,0,0,1,0,0,0,0,0,12548,0x8020000000000000,0,0,0,1,0,0,0,2015-03-24 15:21:38,1427210498.0,15,21
2211155,59019,1f60023e-74dd-4e17-977c-6956f40fcae4,2015-03-24 15:21:38,informant-PC, Microsoft-Windows-Security-Auditing ,Security,1,0,0,0,0,0,0,None,496,Security,4672,0,0,0,1,0,0,0,0,0,12548,0x8020000000000000,0,0,0,1,0,0,0,2015-03-24 15:21:38,1427210498.0,15,21
2211156,59017,66759d31-d81c-48a8-9434-a931d6e8428e,2015-03-24 15:21:38,informant-PC, Service Control Manager ,System,0,0,1,0,0,0,0,None,488,System,7036,0,0,0,0,0,0,0,0,0,0,0x8080000000000000,0,0,0,1,0,0,0,2015-03-24 15:21:38,1427210498.0,15,21
2211157,59017,3916f8fe-0213-48fe-b726-29c89b3fe20b,2015-03-24 15:21:38,informant-PC, Service Control Manager ,System,0,0,1,0,0,0,0,None,488,System,7036,0,0,0,0,0,0,0,0,0,0,0x8080000000000000,0,0,0,1,0,0,0,2015-03-24 15:21:38,1427210498.0,15,21
2212272,22051,749c13b4-f058-4064-9f6e-2284173b331a,2015-03-24 15:22:00,informant-PC, Microsoft-Windows-MUI ,Other,0,0,0,0,0,1,0,None,1408,Microsoft-Windows-MUI/Operational,3007,0,0,0,0,0,0,0,0,0,31,0x8000000000000000,0,0,0,1,0,0,0,2015-03-24 15:22:00,1427210520.0,15,22
2212278,22051,6fadcc94-b877-459c-87d2-7766f333188c,2015-03-24 15:22:00,informant-PC, Microsoft-Windows-MUI ,Other,0,0,0,0,0,1,0,None,1408,Microsoft-Windows-MUI/Operational,3007,0,0,0,0,0,0,0,0,0,31,0x8000000000000000,0,0,0,1,0,0,0,2015-03-24 15:22:00,1427210520.0,15,22
2214242,59019,a594758f-fa87-4569-99de-817d458e94f8,2015-03-24 15:22:39,informant-PC, Microsoft-Windows-Security-Auditing ,Security,1,0,0,0,0,0,0,S-1-5-18,496,Security,4624,0,0,0,1,0,0,0,0,0,12544,0x8020000000000000,0,0,0,1,0,0,0,2015-03-24 15:22:39,1427210559.0,15,22
2214243,59019,89fa7ead-8445-498d-bd7b-ac7272372e00,2015-03-24 15:22:39,informant-PC, Microsoft-Windows-Security-Auditing ,Security,1,0,0,0,0,0,0,S-1-5-18,496,Security,4624,0,0,0,1,0,0,0,0,0,12544,0x8020000000000000,0,0,0,1,0,0,0,2015-03-24 15:22:39,1427210559.0,15,22
2214244,59019,2af5b138-8af3-4874-9a77-3e4cc125cfd1,2015-03-24 15:22:39,informant-PC, Microsoft-Windows-Security-Auditing ,Security,1,0,0,0,0,0,0,None,496,Security,4672,0,0,0,1,0,0,0,0,0,12548,0x8020000000000000,0,0,0,1,0,0,0,2015-03-24 15:22:39,1427210559.0,15,22
2214245,59019,ad4d678e-89ec-45f9-8d28-f1163224e117,2015-03-24 15:22:39,informant-PC, Microsoft-Windows-Security-Auditing ,Security,1,0,0,0,0,0,0,None,496,Security,4672,0,0,0,1,0,0,0,0,0,12548,0x8020000000000000,0,0,0,1,0,0,0,2015-03-24 15:22:39,1427210559.0,15,22
2214252,59017,87566f38-4ccb-4bc8-a2ba-1864f728245b,2015-03-24 15:22:41,informant-PC, Service Control Manager ,System,0,0,1,0,0,0,0,None,488,System,7036,0,0,0,0,0,0,0,0,0,0,0x8080000000000000,0,0,0,1,0,0,0,2015-03-24 15:22:41,1427210561.0,15,22
2214253,59017,4a87f28a-be20-4be5-a8de-f06e193712d1,2015-03-24 15:22:41,informant-PC, Service Control Manager ,System,0,0,1,0,0,0,0,None,488,System,7036,0,0,0,0,0,0,0,0,0,0,0x8080000000000000,0,0,0,1,0,0,0,2015-03-24 15:22:41,1427210561.0,15,22
2214786,59018,dc32b36a-7eaa-49ce-a813-4a25d56b1a79,2015-03-24 15:24:39,informant-PC, VSS ,Application,0,1,0,0,0,0,0,None,None,Application,8224,0,0,0,0,0,0,0,0,0,0,0x0080000000000000,0,0,0,0,0,0,0,2015-03-24 15:24:39,1427210679.0,15,24
2214787,59018,02158e59-10c7-4760-9ac6-36bd48d8f6df,2015-03-24 15:24:39,informant-PC, VSS ,Application,0,1,0,0,0,0,0,None,None,Application,8224,0,0,0,0,0,0,0,0,0,0,0x0080000000000000,0,0,0,0,0,0,0,2015-03-24 15:24:39,1427210679.0,15,24
2214788,59017,dda3801d-8c36-44a2-b52f-dacbc75f9b64,2015-03-24 15:24:39,informant-PC, Service Control Manager ,System,0,0,1,0,0,0,0,None,488,System,7036,0,0,0,0,0,0,0,0,0,0,0x8080000000000000,0,0,0,1,0,0,0,2015-03-24 15:24:39,1427210679.0,15,24
2214789,59017,0974502a-10c8-433f-ac42-eab64806d9a9,2015-03-24 15:24:39,informant-PC, Service Control Manager ,System,0,0,1,0,0,0,0,None,488,System,7036,0,0,0,0,0,0,0,0,0,0,0x8080000000000000,0,0,0,1,0,0,0,2015-03-24 15:24:39,1427210679.0,15,24
2214850,59017,ee85e9b9-1e0f-409b-af9f-6f8cfa3b2096,2015-03-24 15:27:39,informant-PC, Service Control Manager ,System,0,0,1,0,0,0,0,None,488,System,7036,0,0,0,0,0,0,0,0,0,0,0x8080000000000000,0,0,0,1,0,0,0,2015-03-24 15:27:39,1427210859.0,15,27
2214851,59017,cad2af50-6c8f-4c1c-9701-5fc724a1df91,2015-03-24 15:27:39,informant-PC, Service Control Manager ,System,0,0,1,0,0,0,0,None,488,System,7036,0,0,0,0,0,0,0,0,0,0,0x8080000000000000,0,0,0,1,0,0,0,2015-03-24 15:27:39,1427210859.0,15,27
2214920,59017,05a68f62-f4e1-4eaa-8a07-ad22e1e32228,2015-03-24 15:31:33,informant-PC, Service Control Manager ,System,0,0,1,0,0,0,0,None,488,System,7036,0,0,0,0,0,0,0,0,0,0,0x8080000000000000,0,0,0,1,0,0,0,2015-03-24 15:31:33,1427211093.0,15,31
2214921,59017,5160a6a0-0c63-49b2-a4e1-a06c469eabe8,2015-03-24 15:31:33,informant-PC, Service Control Manager ,System,0,0,1,0,0,0,0,None,488,System,7036,0,0,0,0,0,0,0,0,0,0,0x8080000000000000,0,0,0,1,0,0,0,2015-03-24 15:31:33,1427211093.0,15,31
2214954,59017,8f3f2739-c11f-4048-9590-b683afffc702,2015-03-24 15:32:46,informant-PC, Service Control Manager ,System,0,0,1,0,0,0,0,None,488,System,7040,0,0,0,0,0,0,0,0,0,0,0x8080000000000000,0,0,0,1,0,0,0,2015-03-24 15:32:46,1427211166.0,15,32
2214955,59017,884587ba-a9de-498b-83c0-048f8015ae26,2015-03-24 15:32:46,informant-PC, Service Control Manager ,System,0,0,1,0,0,0,0,None,488,System,7040,0,0,0,0,0,0,0,0,0,0,0x8080000000000000,0,0,0,1,0,0,0,2015-03-24 15:32:46,1427211166.0,15,32
2215004,59017,2e1a414e-d600-4863-8591-4860715eb6f6,2015-03-24 15:32:47,informant-PC, Service Control Manager ,System,0,0,1,0,0,0,0,None,488,System,7040,0,0,0,0,0,0,0,0,0,0,0x8080000000000000,0,0,0,1,0,0,0,2015-03-24 15:32:47,1427211167.0,15,32
2215007,59017,358323ac-064d-4f80-85d3-471eb684a4f7,2015-03-24 15:32:47,informant-PC, Service Control Manager ,System,0,0,1,0,0,0,0,None,488,System,7040,0,0,0,0,0,0,0,0,0,0,0x8080000000000000,0,0,0,1,0,0,0,2015-03-24 15:32:47,1427211167.0,15,32
2215064,59017,8e7cd4b4-2376-4144-b8ef-d7ca597436f1,2015-03-24 15:32:47,informant-PC, Service Control Manager ,System,0,0,1,0,0,0,0,None,488,System,7036,0,0,0,0,0,0,0,0,0,0,0x8080000000000000,0,0,0,1,0,0,0,2015-03-24 15:32:47,1427211167.0,15,32
2215065,59017,fd1e998e-f9f7-4920-849a-0b1eea8763e8,2015-03-24 15:32:47,informant-PC, Service Control Manager ,System,0,0,1,0,0,0,0,None,488,System,7036,0,0,0,0,0,0,0,0,0,0,0x8080000000000000,0,0,0,1,0,0,0,2015-03-24 15:32:47,1427211167.0,15,32
2215308,59019,da04c654-2c32-4b58-b80a-35643f7c43e5,2015-03-24 15:46:14,informant-PC, Microsoft-Windows-Security-Auditing ,Security,1,0,0,0,0,0,0,S-1-5-18,496,Security,4624,0,0,0,1,0,0,0,0,0,12544,0x8020000000000000,0,0,0,1,0,0,0,2015-03-24 15:46:14,1427211974.0,15,46
2215309,59019,c49f1a75-26cf-4048-8d59-0ad49fa5bf2b,2015-03-24 15:46:14,informant-PC, Microsoft-Windows-Security-Auditing ,Security,1,0,0,0,0,0,0,None,496,Security,4672,0,0,0,1,0,0,0,0,0,12548,0x8020000000000000,0,0,0,1,0,0,0,2015-03-24 15:46:14,1427211974.0,15,46
2215310,59019,7fe5dbee-925f-4bec-9aaf-22abc165c981,2015-03-24 15:46:14,informant-PC, Microsoft-Windows-Security-Auditing ,Security,1,0,0,0,0,0,0,None,496,Security,4672,0,0,0,1,0,0,0,0,0,12548,0x8020000000000000,0,0,0,1,0,0,0,2015-03-24 15:46:14,1427211974.0,15,46
2215311,59019,24e63cab-dfcd-49a5-aef5-b509a1993a50,2015-03-24 15:46:14,informant-PC, Microsoft-Windows-Security-Auditing ,Security,1,0,0,0,0,0,0,S-1-5-18,496,Security,4624,0,0,0,1,0,0,0,0,0,12544,0x8020000000000000,0,0,0,1,0,0,0,2015-03-24 15:46:14,1427211974.0,15,46
2215312,59017,80210544-2812-4272-a866-09d80b5f1550,2015-03-24 15:46:14,informant-PC, Service Control Manager ,System,0,0,1,0,0,0,0,None,488,System,7036,0,0,0,0,0,0,0,0,0,0,0x8080000000000000,0,0,0,1,0,0,0,2015-03-24 15:46:14,1427211974.0,15,46
2215313,59017,621ab863-ae04-4734-bf1f-e5b3e7071306,2015-03-24 15:46:14,informant-PC, Service Control Manager ,System,0,0,1,0,0,0,0,None,488,System,7036,0,0,0,0,0,0,0,0,0,0,0x8080000000000000,0,0,0,1,0,0,0,2015-03-24 15:46:14,1427211974.0,15,46
2220210,59018,338ce4ca-6bda-4ba8-8821-0502133a853e,2015-03-24 15:49:26,informant-PC, Microsoft-Windows-Defrag ,Application,0,1,0,0,0,0,0,None,None,Application,258,0,0,0,0,0,0,0,0,0,0,0x0080000000000000,0,0,0,0,0,0,0,2015-03-24 15:49:26,1427212166.0,15,49
2220211,59018,8b852b20-898d-4a45-8b16-2711cea253e8,2015-03-24 15:49:26,informant-PC, Microsoft-Windows-Defrag ,Application,0,1,0,0,0,0,0,None,None,Application,258,0,0,0,0,0,0,0,0,0,0,0x0080000000000000,0,0,0,0,0,0,0,2015-03-24 15:49:26,1427212166.0,15,49
2230794,59017,04eb1ce7-bfa2-4a9d-9ac8-f9c2f9e0633e,2015-03-24 15:55:23,informant-PC, volsnap ,System,0,0,1,0,0,0,0,None,None,System,36,0,0,0,0,0,0,0,0,0,0,0x0080000000000000,0,0,0,0,0,0,0,2015-03-24 15:55:23,1427212523.0,15,55
2230795,59017,73e2fcca-898e-45ac-9223-c4751f86854b,2015-03-24 15:55:23,informant-PC, volsnap ,System,0,0,1,0,0,0,0,None,None,System,36,0,0,0,0,0,0,0,0,0,0,0x0080000000000000,0,0,0,0,0,0,0,2015-03-24 15:55:23,1427212523.0,15,55
2230866,59018,dfb2b7e4-4edb-4d18-9757-826093b027b2,2015-03-24 15:58:14,informant-PC, Microsoft-Windows-Defrag ,Application,0,1,0,0,0,0,0,None,None,Application,258,0,0,0,0,0,0,0,0,0,0,0x0080000000000000,0,0,0,0,0,0,0,2015-03-24 15:58:14,1427212694.0,15,58
2230867,59018,fbaba4f9-97a8-4195-9d70-57c5a43fd040,2015-03-24 15:58:14,informant-PC, Microsoft-Windows-Defrag ,Application,0,1,0,0,0,0,0,None,None,Application,258,0,0,0,0,0,0,0,0,0,0,0x0080000000000000,0,0,0,0,0,0,0,2015-03-24 15:58:14,1427212694.0,15,58
2231074,59017,b735a125-8989-4a59-bf25-092ab061c355,2015-03-24 16:00:00,informant-PC, EventLog ,System,0,0,1,0,0,0,0,None,None,System,6013,0,0,0,0,0,0,0,0,0,0,0x0080000000000000,0,0,0,0,0,0,0,2015-03-24 16:00:00,1427212800.0,16,0
2231075,59017,45ebd258-47bc-48c7-9bfd-60815e0fdb6c,2015-03-24 16:00:00,informant-PC, EventLog ,System,0,0,1,0,0,0,0,None,None,System,6013,0,0,0,0,0,0,0,0,0,0,0x0080000000000000,0,0,0,0,0,0,0,2015-03-24 16:00:00,1427212800.0,16,0
2231084,59051,31a1c0d8-6ed1-4a96-a3df-2c3c5e396253,2015-03-24 16:00:38,informant-PC, Microsoft-Windows-ReadyBoost ,Other,0,0,0,0,0,1,0,None,820,Microsoft-Windows-ReadyBoost/Operational,1016,0,0,0,0,0,0,0,0,0,1016,0x8000000000002000,0,0,0,1,0,0,0,2015-03-24 16:00:38,1427212838.0,16,0
2231085,59051,94842437-dad4-4103-a51b-a9eff8881d6a,2015-03-24 16:00:38,informant-PC, Microsoft-Windows-ReadyBoost ,Other,0,0,0,0,0,1,0,None,820,Microsoft-Windows-ReadyBoost/Operational,1016,0,0,0,0,0,0,0,0,0,1016,0x8000000000002000,0,0,0,1,0,0,0,2015-03-24 16:00:38,1427212838.0,16,0
2231092,59017,9a19e7e9-70f5-41ec-822a-ed3aec7e87b1,2015-03-24 16:01:19,informant-PC, Service Control Manager ,System,0,0,1,0,0,0,0,None,488,System,7036,0,0,0,0,0,0,0,0,0,0,0x8080000000000000,0,0,0,1,0,0,0,2015-03-24 16:01:19,1427212879.0,16,1
2231093,59017,3eda41b2-1e9c-4946-8d71-2c3bee6b585c,2015-03-24 16:01:19,informant-PC, Service Control Manager ,System,0,0,1,0,0,0,0,None,488,System,7036,0,0,0,0,0,0,0,0,0,0,0x8080000000000000,0,0,0,1,0,0,0,2015-03-24 16:01:19,1427212879.0,16,1
2231906,59041,c788fd0f-9269-4cd2-8d1c-ce8f0f6c56d6,2015-03-24 16:21:37,informant-PC, Microsoft-Windows-BranchCacheSMB ,Other,0,0,0,0,0,1,0,None,820,Microsoft-Windows-BranchCacheSMB/Operational,3005,0,0,0,0,0,0,0,0,0,0,0x8000000000000800,0,0,0,1,0,0,0,2015-03-24 16:21:37,1427214097.0,16,21
2231907,59041,55ccaf00-2916-4916-a400-d8e93e5a0a95,2015-03-24 16:21:37,informant-PC, Microsoft-Windows-BranchCacheSMB ,Other,0,0,0,0,0,1,0,None,820,Microsoft-Windows-BranchCacheSMB/Operational,3005,0,0,0,0,0,0,0,0,0,0,0x8000000000000800,0,0,0,1,0,0,0,2015-03-24 16:21:37,1427214097.0,16,21
2232289,59042,289e75a3-549c-469f-bd9d-220ce42654dc,2015-03-24 16:44:37,informant-PC, Microsoft-Windows-GroupPolicy ,Other,0,0,0,0,0,1,0,None,888,Microsoft-Windows-GroupPolicy/Operational,4006,0,0,0,0,0,0,0,0,0,0,0x4000000000000000,0,0,1,0,0,0,0,2015-03-24 16:44:37,1427215477.0,16,44
2232290,59042,728e8f89-7783-4100-b8bb-f5498153f0fa,2015-03-24 16:44:37,informant-PC, Microsoft-Windows-GroupPolicy ,Other,0,0,0,0,0,1,0,None,888,Microsoft-Windows-GroupPolicy/Operational,5320,0,0,0,0,0,0,0,0,0,0,0x4000000000000000,0,0,1,0,0,0,0,2015-03-24 16:44:37,1427215477.0,16,44
2232291,59042,de5288e3-5b2c-4bd6-8822-3d6d493456d6,2015-03-24 16:44:37,informant-PC, Microsoft-Windows-GroupPolicy ,Other,0,0,0,0,0,1,0,None,888,Microsoft-Windows-GroupPolicy/Operational,5312,0,0,0,0,0,0,0,0,0,0,0x4000000000000000,0,0,1,0,0,0,0,2015-03-24 16:44:37,1427215477.0,16,44
2232292,59042,59c4eda3-4094-43e9-ae58-0f2a27f98458,2015-03-24 16:44:37,informant-PC, Microsoft-Windows-GroupPolicy ,Other,0,0,0,0,0,1,0,None,888,Microsoft-Windows-GroupPolicy/Operational,5320,0,0,0,0,0,0,0,0,0,0,0x4000000000000000,0,0,1,0,0,0,0,2015-03-24 16:44:37,1427215477.0,16,44
2232293,59042,d5242496-f56d-4ace-89a3-17c2735d59dc,2015-03-24 16:44:37,informant-PC, Microsoft-Windows-GroupPolicy ,Other,0,0,0,0,0,1,0,None,888,Microsoft-Windows-GroupPolicy/Operational,5320,0,0,0,0,0,0,0,0,0,0,0x4000000000000000,0,0,1,0,0,0,0,2015-03-24 16:44:37,1427215477.0,16,44
2232294,59042,cd7cee1d-8561-4436-8d86-d3db80f39989,2015-03-24 16:44:37,informant-PC, Microsoft-Windows-GroupPolicy ,Other,0,0,0,0,0,1,0,None,888,Microsoft-Windows-GroupPolicy/Operational,5312,0,0,0,0,0,0,0,0,0,0,0x4000000000000000,0,0,1,0,0,0,0,2015-03-24 16:44:37,1427215477.0,16,44
2232295,59042,331265b0-225f-417e-85ab-41aa4e015da6,2015-03-24 16:44:37,informant-PC, Microsoft-Windows-GroupPolicy ,Other,0,0,0,0,0,1,0,None,888,Microsoft-Windows-GroupPolicy/Operational,5320,0,0,0,0,0,0,0,0,0,0,0x4000000000000000,0,0,1,0,0,0,0,2015-03-24 16:44:37,1427215477.0,16,44
2232296,59042,d6f1f861-a315-4c00-911a-98da1a6ad582,2015-03-24 16:44:37,informant-PC, Microsoft-Windows-GroupPolicy ,Other,0,0,0,0,0,1,0,None,888,Microsoft-Windows-GroupPolicy/Operational,5313,0,0,0,0,0,0,0,0,0,0,0x4000000000000000,0,0,1,0,0,0,0,2015-03-24 16:44:37,1427215477.0,16,44
2232297,59042,6dfb5dc6-9c95-44ed-90d7-6867e48b4a47,2015-03-24 16:44:37,informant-PC, Microsoft-Windows-GroupPolicy ,Other,0,0,0,0,0,1,0,None,888,Microsoft-Windows-GroupPolicy/Operational,8006,0,0,0,0,0,0,0,0,0,0,0x4000000000000000,0,0,1,0,0,0,0,2015-03-24 16:44:37,1427215477.0,16,44
2232298,59042,9098ebdc-a6c6-45f8-98c2-501b0ded78eb,2015-03-24 16:44:37,informant-PC, Microsoft-Windows-GroupPolicy ,Other,0,0,0,0,0,1,0,None,888,Microsoft-Windows-GroupPolicy/Operational,5320,0,0,0,0,0,0,0,0,0,0,0x4000000000000000,0,0,1,0,0,0,0,2015-03-24 16:44:37,1427215477.0,16,44
2232299,59042,ec411409-b0e0-4a72-9314-ec251df5baec,2015-03-24 16:44:37,informant-PC, Microsoft-Windows-GroupPolicy ,Other,0,0,0,0,0,1,0,None,888,Microsoft-Windows-GroupPolicy/Operational,5320,0,0,0,0,0,0,0,0,0,0,0x4000000000000000,0,0,1,0,0,0,0,2015-03-24 16:44:37,1427215477.0,16,44
2232300,59042,22ed7b96-6408-431a-89bc-f9353e35fb64,2015-03-24 16:44:37,informant-PC, Microsoft-Windows-GroupPolicy ,Other,0,0,0,0,0,1,0,None,888,Microsoft-Windows-GroupPolicy/Operational,5313,0,0,0,0,0,0,0,0,0,0,0x4000000000000000,0,0,1,0,0,0,0,2015-03-24 16:44:37,1427215477.0,16,44
2232301,59042,348a2365-20da-4b34-83dc-93151c8412ba,2015-03-24 16:44:37,informant-PC, Microsoft-Windows-GroupPolicy ,Other,0,0,0,0,0,1,0,None,888,Microsoft-Windows-GroupPolicy/Operational,5311,0,0,0,0,0,0,0,0,0,0,0x4000000000000000,0,0,1,0,0,0,0,2015-03-24 16:44:37,1427215477.0,16,44
2232302,59042,35dc1bfb-0b63-498f-b5f8-992f51efbe49,2015-03-24 16:44:37,informant-PC, Microsoft-Windows-GroupPolicy ,Other,0,0,0,0,0,1,0,None,888,Microsoft-Windows-GroupPolicy/Operational,4006,0,0,0,0,0,0,0,0,0,0,0x4000000000000000,0,0,1,0,0,0,0,2015-03-24 16:44:37,1427215477.0,16,44
2232303,59042,e1de067c-d327-4076-9c7c-efaa39d28b43,2015-03-24 16:44:37,informant-PC, Microsoft-Windows-GroupPolicy ,Other,0,0,0,0,0,1,0,None,888,Microsoft-Windows-GroupPolicy/Operational,8006,0,0,0,0,0,0,0,0,0,0,0x4000000000000000,0,0,1,0,0,0,0,2015-03-24 16:44:37,1427215477.0,16,44
2232304,59042,07d93591-de22-417e-b02f-a52fac98bc49,2015-03-24 16:44:37,informant-PC, Microsoft-Windows-GroupPolicy ,Other,0,0,0,0,0,1,0,None,888,Microsoft-Windows-GroupPolicy/Operational,5311,0,0,0,0,0,0,0,0,0,0,0x4000000000000000,0,0,1,0,0,0,0,2015-03-24 16:44:37,1427215477.0,16,44
2232305,59042,a5812786-ea99-43b0-911d-82b5b2d694ac,2015-03-24 16:44:37,informant-PC, Microsoft-Windows-GroupPolicy ,Other,0,0,0,0,0,1,0,None,888,Microsoft-Windows-GroupPolicy/Operational,5315,0,0,0,0,0,0,0,0,0,0,0x4000000000000000,0,0,1,0,0,0,0,2015-03-24 16:44:37,1427215477.0,16,44
2232306,59042,e86013a3-0165-4774-a55f-842117f4d6fb,2015-03-24 16:44:37,informant-PC, Microsoft-Windows-GroupPolicy ,Other,0,0,0,0,0,1,0,None,888,Microsoft-Windows-GroupPolicy/Operational,5315,0,0,0,0,0,0,0,0,0,0,0x4000000000000000,0,0,1,0,0,0,0,2015-03-24 16:44:37,1427215477.0,16,44
2232615,59042,821684d6-b334-4870-845c-03dbc797ee2d,2015-03-24 17:00:45,informant-PC, Microsoft-Windows-GroupPolicy ,Other,0,0,0,0,0,1,0,None,888,Microsoft-Windows-GroupPolicy/Operational,4007,0,0,0,0,0,0,0,0,0,0,0x4000000000000000,0,0,1,0,0,0,0,2015-03-24 17:00:45,1427216445.0,17,0
2232616,59042,4d33c3a2-695b-4eba-9d9c-9e06c1cde7c0,2015-03-24 17:00:45,informant-PC, Microsoft-Windows-GroupPolicy ,Other,0,0,0,0,0,1,0,None,888,Microsoft-Windows-GroupPolicy/Operational,5311,0,0,0,0,0,0,0,0,0,0,0x4000000000000000,0,0,1,0,0,0,0,2015-03-24 17:00:45,1427216445.0,17,0
2232617,59042,ea88b2cc-043a-42d2-bf82-c30cf7a5c3d6,2015-03-24 17:00:45,informant-PC, Microsoft-Windows-GroupPolicy ,Other,0,0,0,0,0,1,0,None,888,Microsoft-Windows-GroupPolicy/Operational,5311,0,0,0,0,0,0,0,0,0,0,0x4000000000000000,0,0,1,0,0,0,0,2015-03-24 17:00:45,1427216445.0,17,0
2232618,59042,e28ca918-bb6d-4da0-86a6-b5c1e4749b19,2015-03-24 17:00:45,informant-PC, Microsoft-Windows-GroupPolicy ,Other,0,0,0,0,0,1,0,None,888,Microsoft-Windows-GroupPolicy/Operational,4007,0,0,0,0,0,0,0,0,0,0,0x4000000000000000,0,0,1,0,0,0,0,2015-03-24 17:00:45,1427216445.0,17,0
2232619,59042,69a869fb-e3a4-49ad-945d-077f590c34ce,2015-03-24 17:00:45,informant-PC, Microsoft-Windows-GroupPolicy ,Other,0,0,0,0,0,1,0,None,888,Microsoft-Windows-GroupPolicy/Operational,5312,0,0,0,0,0,0,0,0,0,0,0x4000000000000000,0,0,1,0,0,0,0,2015-03-24 17:00:45,1427216445.0,17,0
2232620,59042,07712b38-fb21-45a6-b62b-995b7790c451,2015-03-24 17:00:45,informant-PC, Microsoft-Windows-GroupPolicy ,Other,0,0,0,0,0,1,0,None,888,Microsoft-Windows-GroupPolicy/Operational,5320,0,0,0,0,0,0,0,0,0,0,0x4000000000000000,0,0,1,0,0,0,0,2015-03-24 17:00:45,1427216445.0,17,0
2232621,59042,9df1b0fe-036c-4e2e-b374-5dd0f31fc0e5,2015-03-24 17:00:45,informant-PC, Microsoft-Windows-GroupPolicy ,Other,0,0,0,0,0,1,0,None,888,Microsoft-Windows-GroupPolicy/Operational,8007,0,0,0,0,0,0,0,0,0,0,0x4000000000000000,0,0,1,0,0,0,0,2015-03-24 17:00:45,1427216445.0,17,0
2232622,59042,780aa7be-1a04-4e9e-aa9c-47ce62351a7d,2015-03-24 17:00:45,informant-PC, Microsoft-Windows-GroupPolicy ,Other,0,0,0,0,0,1,0,None,888,Microsoft-Windows-GroupPolicy/Operational,5313,0,0,0,0,0,0,0,0,0,0,0x4000000000000000,0,0,1,0,0,0,0,2015-03-24 17:00:45,1427216445.0,17,0
2232623,59042,1bf095e9-3b75-4a5c-9e37-933f99447818,2015-03-24 17:00:45,informant-PC, Microsoft-Windows-GroupPolicy ,Other,0,0,0,0,0,1,0,None,888,Microsoft-Windows-GroupPolicy/Operational,5315,0,0,0,0,0,0,0,0,0,0,0x4000000000000000,0,0,1,0,0,0,0,2015-03-24 17:00:45,1427216445.0,17,0
2232624,59042,ff638ec6-df1c-4274-b9d4-f0a54817cec0,2015-03-24 17:00:45,informant-PC, Microsoft-Windows-GroupPolicy ,Other,0,0,0,0,0,1,0,None,888,Microsoft-Windows-GroupPolicy/Operational,5320,0,0,0,0,0,0,0,0,0,0,0x4000000000000000,0,0,1,0,0,0,0,2015-03-24 17:00:45,1427216445.0,17,0
2232625,59042,7eff9b43-0480-481e-94eb-304874813e6c,2015-03-24 17:00:45,informant-PC, Microsoft-Windows-GroupPolicy ,Other,0,0,0,0,0,1,0,None,888,Microsoft-Windows-GroupPolicy/Operational,5320,0,0,0,0,0,0,0,0,0,0,0x4000000000000000,0,0,1,0,0,0,0,2015-03-24 17:00:45,1427216445.0,17,0
2232626,59042,97e0639f-717e-4395-a4e1-3964cfe99093,2015-03-24 17:00:45,informant-PC, Microsoft-Windows-GroupPolicy ,Other,0,0,0,0,0,1,0,None,888,Microsoft-Windows-GroupPolicy/Operational,5312,0,0,0,0,0,0,0,0,0,0,0x4000000000000000,0,0,1,0,0,0,0,2015-03-24 17:00:45,1427216445.0,17,0
2232627,59042,5053f4ab-5be0-4dcc-ae62-dd3e09f88678,2015-03-24 17:00:45,informant-PC, Microsoft-Windows-GroupPolicy ,Other,0,0,0,0,0,1,0,None,888,Microsoft-Windows-GroupPolicy/Operational,5313,0,0,0,0,0,0,0,0,0,0,0x4000000000000000,0,0,1,0,0,0,0,2015-03-24 17:00:45,1427216445.0,17,0
2232628,59042,f8b07866-5fc8-4eef-918e-80fb0cde6a68,2015-03-24 17:00:45,informant-PC, Microsoft-Windows-GroupPolicy ,Other,0,0,0,0,0,1,0,None,888,Microsoft-Windows-GroupPolicy/Operational,5320,0,0,0,0,0,0,0,0,0,0,0x4000000000000000,0,0,1,0,0,0,0,2015-03-24 17:00:45,1427216445.0,17,0
2232629,59042,02532cd6-194a-422a-b2de-9debd674604d,2015-03-24 17:00:45,informant-PC, Microsoft-Windows-GroupPolicy ,Other,0,0,0,0,0,1,0,None,888,Microsoft-Windows-GroupPolicy/Operational,5320,0,0,0,0,0,0,0,0,0,0,0x4000000000000000,0,0,1,0,0,0,0,2015-03-24 17:00:45,1427216445.0,17,0
2232630,59042,65f2cd81-bedb-4810-acf2-ea03842cb55b,2015-03-24 17:00:45,informant-PC, Microsoft-Windows-GroupPolicy ,Other,0,0,0,0,0,1,0,None,888,Microsoft-Windows-GroupPolicy/Operational,5315,0,0,0,0,0,0,0,0,0,0,0x4000000000000000,0,0,1,0,0,0,0,2015-03-24 17:00:45,1427216445.0,17,0
2232631,59042,168c9966-5f89-4442-9072-bceff5272871,2015-03-24 17:00:45,informant-PC, Microsoft-Windows-GroupPolicy ,Other,0,0,0,0,0,1,0,None,888,Microsoft-Windows-GroupPolicy/Operational,8007,0,0,0,0,0,0,0,0,0,0,0x4000000000000000,0,0,1,0,0,0,0,2015-03-24 17:00:45,1427216445.0,17,0
2232632,59042,22a22b2f-1f12-46d2-a26b-7e5b609c172b,2015-03-24 17:00:45,informant-PC, Microsoft-Windows-GroupPolicy ,Other,0,0,0,0,0,1,0,None,888,Microsoft-Windows-GroupPolicy/Operational,5320,0,0,0,0,0,0,0,0,0,0,0x4000000000000000,0,0,1,0,0,0,0,2015-03-24 17:00:45,1427216445.0,17,0
2233521,59041,f20a08bd-59cf-4710-ba50-d05115be5662,2015-03-24 17:21:37,informant-PC, Microsoft-Windows-BranchCacheSMB ,Other,0,0,0,0,0,1,0,None,820,Microsoft-Windows-BranchCacheSMB/Operational,3005,0,0,0,0,0,0,0,0,0,0,0x8000000000000800,0,0,0,1,0,0,0,2015-03-24 17:21:37,1427217697.0,17,21
2233522,59041,8e03b0bd-dc7f-4745-96ab-1c4991b39f0f,2015-03-24 17:21:37,informant-PC, Microsoft-Windows-BranchCacheSMB ,Other,0,0,0,0,0,1,0,None,820,Microsoft-Windows-BranchCacheSMB/Operational,3005,0,0,0,0,0,0,0,0,0,0,0x8000000000000800,0,0,0,1,0,0,0,2015-03-24 17:21:37,1427217697.0,17,21
2233525,59017,a8044262-2b40-4021-bd48-7b35f15ce77e,2015-03-24 17:22:06,informant-PC, Service Control Manager ,System,0,0,1,0,0,0,0,None,488,System,7036,0,0,0,0,0,0,0,0,0,0,0x8080000000000000,0,0,0,1,0,0,0,2015-03-24 17:22:06,1427217726.0,17,22
2233526,59017,2994923c-207f-4f38-bff4-d63447773ae2,2015-03-24 17:22:06,informant-PC, Service Control Manager ,System,0,0,1,0,0,0,0,None,488,System,7036,0,0,0,0,0,0,0,0,0,0,0x8080000000000000,0,0,0,1,0,0,0,2015-03-24 17:22:06,1427217726.0,17,22
2233703,59017,f993e825-881f-49b9-b628-9b8c63ba7a66,2015-03-24 17:27:07,informant-PC, Service Control Manager ,System,0,0,1,0,0,0,0,None,488,System,7036,0,0,0,0,0,0,0,0,0,0,0x8080000000000000,0,0,0,1,0,0,0,2015-03-24 17:27:07,1427218027.0,17,27
2233704,59017,847d76ef-2cd7-479b-89eb-9628e00be7fa,2015-03-24 17:27:07,informant-PC, Service Control Manager ,System,0,0,1,0,0,0,0,None,488,System,7036,0,0,0,0,0,0,0,0,0,0,0x8080000000000000,0,0,0,1,0,0,0,2015-03-24 17:27:07,1427218027.0,17,27
2233851,59018,e2411941-f4d6-4d33-be59-ef6d600077bf,2015-03-24 17:28:29,informant-PC, Outlook ,Application,0,1,0,0,0,0,0,None,None,Application,63,0,0,0,0,0,0,0,0,0,0,0x0080000000000000,0,0,0,0,0,0,0,2015-03-24 17:28:29,1427218109.0,17,28
2233852,59018,61eee989-ba3b-440e-bde9-0a214c283e9f,2015-03-24 17:28:29,informant-PC, Outlook ,Application,0,1,0,0,0,0,0,None,None,Application,63,0,0,0,0,0,0,0,0,0,0,0x0080000000000000,0,0,0,0,0,0,0,2015-03-24 17:28:29,1427218109.0,17,28
2233853,59018,ae0ad415-53ce-440b-a843-28c432ca9089,2015-03-24 17:28:54,informant-PC, Outlook ,Application,0,1,0,0,0,0,0,None,None,Application,63,0,0,0,0,0,0,0,0,0,0,0x0080000000000000,0,0,0,0,0,0,0,2015-03-24 17:28:54,1427218134.0,17,28
2233854,59018,e703bff9-7769-43a9-bca7-b45d508a4670,2015-03-24 17:28:54,informant-PC, Outlook ,Application,0,1,0,0,0,0,0,None,None,Application,63,0,0,0,0,0,0,0,0,0,0,0x0080000000000000,0,0,0,0,0,0,0,2015-03-24 17:28:54,1427218134.0,17,28
2233857,59112,96682b34-b6a4-40ea-9d20-79b4237a6ec7,2015-03-24 17:30:20,informant-PC, Microsoft-Windows-Bits-Client ,Other,0,0,0,0,0,1,0,None,888,Microsoft-Windows-Bits-Client/Operational,3,0,0,0,0,0,0,0,0,0,0,0x4000000000000000,0,0,1,0,0,0,0,2015-03-24 17:30:20,1427218220.0,17,30
2233858,59112,4d4e702c-5faa-44ec-b0a2-71cbd2fbb490,2015-03-24 17:30:20,informant-PC, Microsoft-Windows-Bits-Client ,Other,0,0,0,0,0,1,0,None,888,Microsoft-Windows-Bits-Client/Operational,3,0,0,0,0,0,0,0,0,0,0,0x4000000000000000,0,0,1,0,0,0,0,2015-03-24 17:30:20,1427218220.0,17,30
2233860,59017,72f755d2-d6fa-4b9c-ae88-231739728c59,2015-03-24 17:30:20,informant-PC, Service Control Manager ,System,0,0,1,0,0,0,0,None,488,System,7040,0,0,0,0,0,0,0,0,0,0,0x8080000000000000,0,0,0,1,0,0,0,2015-03-24 17:30:20,1427218220.0,17,30
2233868,59017,fa32402e-dee5-44d5-a4ee-cdbb33593a67,2015-03-24 17:30:20,informant-PC, Service Control Manager ,System,0,0,1,0,0,0,0,None,488,System,7040,0,0,0,0,0,0,0,0,0,0,0x8080000000000000,0,0,0,1,0,0,0,2015-03-24 17:30:20,1427218220.0,17,30
2233869,59112,8f9c7d7a-3094-401d-bab8-828c789ae467,2015-03-24 17:30:20,informant-PC, Microsoft-Windows-Bits-Client ,Other,0,0,0,0,0,1,0,None,888,Microsoft-Windows-Bits-Client/Operational,204,0,0,0,0,0,0,0,0,0,0,0x4000000000000000,0,0,1,0,0,0,0,2015-03-24 17:30:20,1427218220.0,17,30
2233870,59112,45756ccb-4f8d-4dc6-8e44-d849461a6f47,2015-03-24 17:30:20,informant-PC, Microsoft-Windows-Bits-Client ,Other,0,0,0,0,0,1,0,None,888,Microsoft-Windows-Bits-Client/Operational,204,0,0,0,0,0,0,0,0,0,0,0x4000000000000000,0,0,1,0,0,0,0,2015-03-24 17:30:20,1427218220.0,17,30
2233871,59112,8dad10d5-c449-45d5-9cab-cd2108bf30bf,2015-03-24 17:30:22,informant-PC, Microsoft-Windows-Bits-Client ,Other,0,0,0,0,0,1,0,None,888,Microsoft-Windows-Bits-Client/Operational,204,0,0,0,0,0,0,0,0,0,0,0x4000000000000000,0,0,1,0,0,0,0,2015-03-24 17:30:22,1427218222.0,17,30
2233872,59112,8d4681b4-972e-4bd4-867d-c9b465b76755,2015-03-24 17:30:22,informant-PC, Microsoft-Windows-Bits-Client ,Other,0,0,0,0,0,1,0,None,888,Microsoft-Windows-Bits-Client/Operational,204,0,0,0,0,0,0,0,0,0,0,0x4000000000000000,0,0,1,0,0,0,0,2015-03-24 17:30:22,1427218222.0,17,30
2233873,59112,1e11e1d6-bbbf-4a13-82fc-73fafe249169,2015-03-24 17:30:24,informant-PC, Microsoft-Windows-Bits-Client ,Other,0,0,0,0,0,1,0,None,888,Microsoft-Windows-Bits-Client/Operational,204,0,0,0,0,0,0,0,0,0,0,0x4000000000000000,0,0,1,0,0,0,0,2015-03-24 17:30:24,1427218224.0,17,30
2233874,59112,3185ef43-0164-4ab1-ae9c-731b723d569f,2015-03-24 17:30:24,informant-PC, Microsoft-Windows-Bits-Client ,Other,0,0,0,0,0,1,0,None,888,Microsoft-Windows-Bits-Client/Operational,204,0,0,0,0,0,0,0,0,0,0,0x4000000000000000,0,0,1,0,0,0,0,2015-03-24 17:30:24,1427218224.0,17,30
2233875,59112,134e3a83-77c5-41fc-bbad-295c76cf1f84,2015-03-24 17:30:26,informant-PC, Microsoft-Windows-Bits-Client ,Other,0,0,0,0,0,1,0,None,888,Microsoft-Windows-Bits-Client/Operational,203,0,0,0,0,0,0,0,0,0,0,0x4000000000000000,0,0,1,0,0,0,0,2015-03-24 17:30:26,1427218226.0,17,30
2233876,59112,a81bfb5b-5476-442c-ae26-4945cf1adad1,2015-03-24 17:30:26,informant-PC, Microsoft-Windows-Bits-Client ,Other,0,0,0,0,0,1,0,None,888,Microsoft-Windows-Bits-Client/Operational,203,0,0,0,0,0,0,0,0,0,0,0x4000000000000000,0,0,1,0,0,0,0,2015-03-24 17:30:26,1427218226.0,17,30
2233877,59112,63fae9e5-0be2-49f3-a475-b3c400770395,2015-03-24 17:30:27,informant-PC, Microsoft-Windows-Bits-Client ,Other,0,0,0,0,0,1,0,None,888,Microsoft-Windows-Bits-Client/Operational,59,0,0,0,0,0,0,0,0,0,0,0x4000000000000000,0,0,1,0,0,0,0,2015-03-24 17:30:27,1427218227.0,17,30
2233878,59112,43c42b31-400c-43ac-883a-8d41247ffbe0,2015-03-24 17:30:27,informant-PC, Microsoft-Windows-Bits-Client ,Other,0,0,0,0,0,1,0,None,888,Microsoft-Windows-Bits-Client/Operational,59,0,0,0,0,0,0,0,0,0,0,0x4000000000000000,0,0,1,0,0,0,0,2015-03-24 17:30:27,1427218227.0,17,30
2233883,59112,5a07946c-b52a-44e7-86ce-8b9816d16a85,2015-03-24 17:30:27,informant-PC, Microsoft-Windows-Bits-Client ,Other,0,0,0,0,0,1,0,None,888,Microsoft-Windows-Bits-Client/Operational,203,0,0,0,0,0,0,0,0,0,0,0x4000000000000000,0,0,1,0,0,0,0,2015-03-24 17:30:27,1427218227.0,17,30
2233884,59112,d81b465d-5f3a-4966-8a93-cd5d7700c862,2015-03-24 17:30:27,informant-PC, Microsoft-Windows-Bits-Client ,Other,0,0,0,0,0,1,0,None,888,Microsoft-Windows-Bits-Client/Operational,203,0,0,0,0,0,0,0,0,0,0,0x4000000000000000,0,0,1,0,0,0,0,2015-03-24 17:30:27,1427218227.0,17,30
2233887,59112,69a81877-4fa2-4aa0-b494-53f323b272c9,2015-03-24 17:30:29,informant-PC, Microsoft-Windows-Bits-Client ,Other,0,0,0,0,0,1,0,None,888,Microsoft-Windows-Bits-Client/Operational,60,0,0,0,0,0,0,0,0,0,0,0x4000000000000000,0,0,1,0,0,0,0,2015-03-24 17:30:29,1427218229.0,17,30
2233889,59112,b971007b-4352-4be8-9ca0-d5f413d907bd,2015-03-24 17:30:29,informant-PC, Microsoft-Windows-Bits-Client ,Other,0,0,0,0,0,1,0,None,888,Microsoft-Windows-Bits-Client/Operational,60,0,0,0,0,0,0,0,0,0,0,0x4000000000000000,0,0,1,0,0,0,0,2015-03-24 17:30:29,1427218229.0,17,30
2233903,59112,6d2101f3-7688-40b2-8d28-d9ed9a6c3aa5,2015-03-24 17:30:30,informant-PC, Microsoft-Windows-Bits-Client ,Other,0,0,0,0,0,1,0,None,888,Microsoft-Windows-Bits-Client/Operational,4,0,0,0,0,0,0,0,0,0,0,0x4000000000000000,0,0,1,0,0,0,0,2015-03-24 17:30:30,1427218230.0,17,30
2233904,59112,15b3c354-e8cd-4539-809f-48d3551c3192,2015-03-24 17:30:30,informant-PC, Microsoft-Windows-Bits-Client ,Other,0,0,0,0,0,1,0,None,888,Microsoft-Windows-Bits-Client/Operational,4,0,0,0,0,0,0,0,0,0,0,0x4000000000000000,0,0,1,0,0,0,0,2015-03-24 17:30:30,1427218230.0,17,30
2233916,59112,9522bb7c-200b-45da-9595-0121853a08af,2015-03-24 17:30:32,informant-PC, Microsoft-Windows-Bits-Client ,Other,0,0,0,0,0,1,0,None,888,Microsoft-Windows-Bits-Client/Operational,3,0,0,0,0,0,0,0,0,0,0,0x4000000000000000,0,0,1,0,0,0,0,2015-03-24 17:30:32,1427218232.0,17,30
2233920,59112,a5099a0a-fcd0-4b4a-875e-67b1b3871d17,2015-03-24 17:30:32,informant-PC, Microsoft-Windows-Bits-Client ,Other,0,0,0,0,0,1,0,None,888,Microsoft-Windows-Bits-Client/Operational,3,0,0,0,0,0,0,0,0,0,0,0x4000000000000000,0,0,1,0,0,0,0,2015-03-24 17:30:32,1427218232.0,17,30
2233921,59112,9d5440ff-6cba-423f-8138-261031bfd19f,2015-03-24 17:30:32,informant-PC, Microsoft-Windows-Bits-Client ,Other,0,0,0,0,0,1,0,None,888,Microsoft-Windows-Bits-Client/Operational,204,0,0,0,0,0,0,0,0,0,0,0x4000000000000000,0,0,1,0,0,0,0,2015-03-24 17:30:32,1427218232.0,17,30
2233922,59112,9c9afd07-ddf8-4a01-ae68-d4cc83b39733,2015-03-24 17:30:32,informant-PC, Microsoft-Windows-Bits-Client ,Other,0,0,0,0,0,1,0,None,888,Microsoft-Windows-Bits-Client/Operational,204,0,0,0,0,0,0,0,0,0,0,0x4000000000000000,0,0,1,0,0,0,0,2015-03-24 17:30:32,1427218232.0,17,30
2233923,59112,0012d255-2f36-4467-b0cf-08c4e35c98b5,2015-03-24 17:30:34,informant-PC, Microsoft-Windows-Bits-Client ,Other,0,0,0,0,0,1,0,None,888,Microsoft-Windows-Bits-Client/Operational,204,0,0,0,0,0,0,0,0,0,0,0x4000000000000000,0,0,1,0,0,0,0,2015-03-24 17:30:34,1427218234.0,17,30
2233924,59112,ab6011e1-c1bb-49a4-8346-4b986e7b22d5,2015-03-24 17:30:34,informant-PC, Microsoft-Windows-Bits-Client ,Other,0,0,0,0,0,1,0,None,888,Microsoft-Windows-Bits-Client/Operational,204,0,0,0,0,0,0,0,0,0,0,0x4000000000000000,0,0,1,0,0,0,0,2015-03-24 17:30:34,1427218234.0,17,30
2233925,59112,04bd64ca-455c-48d4-829d-9b5cb3f777f8,2015-03-24 17:30:37,informant-PC, Microsoft-Windows-Bits-Client ,Other,0,0,0,0,0,1,0,None,888,Microsoft-Windows-Bits-Client/Operational,204,0,0,0,0,0,0,0,0,0,0,0x4000000000000000,0,0,1,0,0,0,0,2015-03-24 17:30:37,1427218237.0,17,30
2233926,59112,29400569-9e06-414b-8bfd-6be85765e49c,2015-03-24 17:30:37,informant-PC, Microsoft-Windows-Bits-Client ,Other,0,0,0,0,0,1,0,None,888,Microsoft-Windows-Bits-Client/Operational,204,0,0,0,0,0,0,0,0,0,0,0x4000000000000000,0,0,1,0,0,0,0,2015-03-24 17:30:37,1427218237.0,17,30
2233927,59112,ca072efe-3ef4-458d-ba05-e6ac4e0a761b,2015-03-24 17:30:38,informant-PC, Microsoft-Windows-Bits-Client ,Other,0,0,0,0,0,1,0,None,888,Microsoft-Windows-Bits-Client/Operational,203,0,0,0,0,0,0,0,0,0,0,0x4000000000000000,0,0,1,0,0,0,0,2015-03-24 17:30:38,1427218238.0,17,30
2233928,59112,2aadb7e1-269a-4c85-bd8f-73e00ba79a67,2015-03-24 17:30:38,informant-PC, Microsoft-Windows-Bits-Client ,Other,0,0,0,0,0,1,0,None,888,Microsoft-Windows-Bits-Client/Operational,203,0,0,0,0,0,0,0,0,0,0,0x4000000000000000,0,0,1,0,0,0,0,2015-03-24 17:30:38,1427218238.0,17,30
2233929,59112,bcf4e32e-cfd7-4bf4-a953-05e7d865520e,2015-03-24 17:30:39,informant-PC, Microsoft-Windows-Bits-Client ,Other,0,0,0,0,0,1,0,None,888,Microsoft-Windows-Bits-Client/Operational,59,0,0,0,0,0,0,0,0,0,0,0x4000000000000000,0,0,1,0,0,0,0,2015-03-24 17:30:39,1427218239.0,17,30
2233930,59112,b4df4fec-bdfc-40f7-acdf-94c79b073dc6,2015-03-24 17:30:39,informant-PC, Microsoft-Windows-Bits-Client ,Other,0,0,0,0,0,1,0,None,888,Microsoft-Windows-Bits-Client/Operational,59,0,0,0,0,0,0,0,0,0,0,0x4000000000000000,0,0,1,0,0,0,0,2015-03-24 17:30:39,1427218239.0,17,30
2233935,59112,917f2978-cc1d-455e-9a40-6c4df5931a0d,2015-03-24 17:30:39,informant-PC, Microsoft-Windows-Bits-Client ,Other,0,0,0,0,0,1,0,None,888,Microsoft-Windows-Bits-Client/Operational,203,0,0,0,0,0,0,0,0,0,0,0x4000000000000000,0,0,1,0,0,0,0,2015-03-24 17:30:39,1427218239.0,17,30
2233936,59112,d1eb8a04-a5c2-4e46-8735-fa3afa51e40b,2015-03-24 17:30:39,informant-PC, Microsoft-Windows-Bits-Client ,Other,0,0,0,0,0,1,0,None,888,Microsoft-Windows-Bits-Client/Operational,203,0,0,0,0,0,0,0,0,0,0,0x4000000000000000,0,0,1,0,0,0,0,2015-03-24 17:30:39,1427218239.0,17,30
2233939,59112,85abcd2d-7b51-4089-9597-bd2228d987ca,2015-03-24 17:30:39,informant-PC, Microsoft-Windows-Bits-Client ,Other,0,0,0,0,0,1,0,None,888,Microsoft-Windows-Bits-Client/Operational,60,0,0,0,0,0,0,0,0,0,0,0x4000000000000000,0,0,1,0,0,0,0,2015-03-24 17:30:39,1427218239.0,17,30
2233940,59112,36f478bb-dfed-4c88-b1a3-bace9e8f4409,2015-03-24 17:30:39,informant-PC, Microsoft-Windows-Bits-Client ,Other,0,0,0,0,0,1,0,None,888,Microsoft-Windows-Bits-Client/Operational,60,0,0,0,0,0,0,0,0,0,0,0x4000000000000000,0,0,1,0,0,0,0,2015-03-24 17:30:39,1427218239.0,17,30
2233951,59112,65e0b529-78aa-4769-98be-6b8443847d21,2015-03-24 17:30:40,informant-PC, Microsoft-Windows-Bits-Client ,Other,0,0,0,0,0,1,0,None,888,Microsoft-Windows-Bits-Client/Operational,4,0,0,0,0,0,0,0,0,0,0,0x4000000000000000,0,0,1,0,0,0,0,2015-03-24 17:30:40,1427218240.0,17,30
2233952,59112,67e34904-b454-4b5f-bc14-e83d7c3172b5,2015-03-24 17:30:40,informant-PC, Microsoft-Windows-Bits-Client ,Other,0,0,0,0,0,1,0,None,888,Microsoft-Windows-Bits-Client/Operational,4,0,0,0,0,0,0,0,0,0,0,0x4000000000000000,0,0,1,0,0,0,0,2015-03-24 17:30:40,1427218240.0,17,30
2234003,59112,03557865-ca94-423d-aca5-6d65450236c1,2015-03-24 17:30:40,informant-PC, Microsoft-Windows-Bits-Client ,Other,0,0,0,0,0,1,0,None,888,Microsoft-Windows-Bits-Client/Operational,3,0,0,0,0,0,0,0,0,0,0,0x4000000000000000,0,0,1,0,0,0,0,2015-03-24 17:30:40,1427218240.0,17,30
2234004,59112,26095d33-ff62-4f14-9f6a-9f4e84b11f6b,2015-03-24 17:30:40,informant-PC, Microsoft-Windows-Bits-Client ,Other,0,0,0,0,0,1,0,None,888,Microsoft-Windows-Bits-Client/Operational,3,0,0,0,0,0,0,0,0,0,0,0x4000000000000000,0,0,1,0,0,0,0,2015-03-24 17:30:40,1427218240.0,17,30
2234019,59112,3ea438b7-fa65-40f3-bd3e-dbb3c1878031,2015-03-24 17:30:41,informant-PC, Microsoft-Windows-Bits-Client ,Other,0,0,0,0,0,1,0,None,888,Microsoft-Windows-Bits-Client/Operational,204,0,0,0,0,0,0,0,0,0,0,0x4000000000000000,0,0,1,0,0,0,0,2015-03-24 17:30:41,1427218241.0,17,30
2234020,59112,19487636-74a3-4cb5-9ee2-5235adfc9e7c,2015-03-24 17:30:41,informant-PC, Microsoft-Windows-Bits-Client ,Other,0,0,0,0,0,1,0,None,888,Microsoft-Windows-Bits-Client/Operational,204,0,0,0,0,0,0,0,0,0,0,0x4000000000000000,0,0,1,0,0,0,0,2015-03-24 17:30:41,1427218241.0,17,30
2234021,59112,61530a5c-7f07-4495-a3c4-dcbe59bdd6e3,2015-03-24 17:30:43,informant-PC, Microsoft-Windows-Bits-Client ,Other,0,0,0,0,0,1,0,None,888,Microsoft-Windows-Bits-Client/Operational,204,0,0,0,0,0,0,0,0,0,0,0x4000000000000000,0,0,1,0,0,0,0,2015-03-24 17:30:43,1427218243.0,17,30
2234022,59112,d135c3b4-aebf-46bd-a93a-004124ee4219,2015-03-24 17:30:43,informant-PC, Microsoft-Windows-Bits-Client ,Other,0,0,0,0,0,1,0,None,888,Microsoft-Windows-Bits-Client/Operational,204,0,0,0,0,0,0,0,0,0,0,0x4000000000000000,0,0,1,0,0,0,0,2015-03-24 17:30:43,1427218243.0,17,30
2234023,59112,8de4e083-73a6-407a-a8de-46ddfec9d894,2015-03-24 17:30:45,informant-PC, Microsoft-Windows-Bits-Client ,Other,0,0,0,0,0,1,0,None,888,Microsoft-Windows-Bits-Client/Operational,204,0,0,0,0,0,0,0,0,0,0,0x4000000000000000,0,0,1,0,0,0,0,2015-03-24 17:30:45,1427218245.0,17,30
2234024,59112,ace96345-a804-4bbc-91e0-1f0362447cc8,2015-03-24 17:30:45,informant-PC, Microsoft-Windows-Bits-Client ,Other,0,0,0,0,0,1,0,None,888,Microsoft-Windows-Bits-Client/Operational,204,0,0,0,0,0,0,0,0,0,0,0x4000000000000000,0,0,1,0,0,0,0,2015-03-24 17:30:45,1427218245.0,17,30
2234027,59112,a7f05d72-61f0-4994-8a34-6e231c689d08,2015-03-24 17:30:47,informant-PC, Microsoft-Windows-Bits-Client ,Other,0,0,0,0,0,1,0,None,888,Microsoft-Windows-Bits-Client/Operational,203,0,0,0,0,0,0,0,0,0,0,0x4000000000000000,0,0,1,0,0,0,0,2015-03-24 17:30:47,1427218247.0,17,30
2234028,59112,25fb6c28-c33e-4ef8-b3ec-f4bc4fda37fa,2015-03-24 17:30:47,informant-PC, Microsoft-Windows-Bits-Client ,Other,0,0,0,0,0,1,0,None,888,Microsoft-Windows-Bits-Client/Operational,203,0,0,0,0,0,0,0,0,0,0,0x4000000000000000,0,0,1,0,0,0,0,2015-03-24 17:30:47,1427218247.0,17,30
2234029,59112,32d6d61a-d4b5-40d9-9b9d-3f2be73fb66f,2015-03-24 17:30:48,informant-PC, Microsoft-Windows-Bits-Client ,Other,0,0,0,0,0,1,0,None,888,Microsoft-Windows-Bits-Client/Operational,203,0,0,0,0,0,0,0,0,0,0,0x4000000000000000,0,0,1,0,0,0,0,2015-03-24 17:30:48,1427218248.0,17,30
2234030,59112,51642e6b-334c-400f-a4be-1bf5c289fa89,2015-03-24 17:30:48,informant-PC, Microsoft-Windows-Bits-Client ,Other,0,0,0,0,0,1,0,None,888,Microsoft-Windows-Bits-Client/Operational,203,0,0,0,0,0,0,0,0,0,0,0x4000000000000000,0,0,1,0,0,0,0,2015-03-24 17:30:48,1427218248.0,17,30
2234031,59112,d3f63a77-52fe-40e1-bdd2-47385da99099,2015-03-24 17:30:48,informant-PC, Microsoft-Windows-Bits-Client ,Other,0,0,0,0,0,1,0,None,888,Microsoft-Windows-Bits-Client/Operational,203,0,0,0,0,0,0,0,0,0,0,0x4000000000000000,0,0,1,0,0,0,0,2015-03-24 17:30:48,1427218248.0,17,30
2234032,59112,bda27bd1-e655-4cd0-b451-877a8728d605,2015-03-24 17:30:48,informant-PC, Microsoft-Windows-Bits-Client ,Other,0,0,0,0,0,1,0,None,888,Microsoft-Windows-Bits-Client/Operational,203,0,0,0,0,0,0,0,0,0,0,0x4000000000000000,0,0,1,0,0,0,0,2015-03-24 17:30:48,1427218248.0,17,30
2234033,59112,cb12735a-8d97-4fdf-8a9f-2edaee8ed66e,2015-03-24 17:30:49,informant-PC, Microsoft-Windows-Bits-Client ,Other,0,0,0,0,0,1,0,None,888,Microsoft-Windows-Bits-Client/Operational,203,0,0,0,0,0,0,0,0,0,0,0x4000000000000000,0,0,1,0,0,0,0,2015-03-24 17:30:49,1427218249.0,17,30
2234034,59112,a2c5370f-85ad-46b0-a2f9-ce27bd6aab3f,2015-03-24 17:30:49,informant-PC, Microsoft-Windows-Bits-Client ,Other,0,0,0,0,0,1,0,None,888,Microsoft-Windows-Bits-Client/Operational,203,0,0,0,0,0,0,0,0,0,0,0x4000000000000000,0,0,1,0,0,0,0,2015-03-24 17:30:49,1427218249.0,17,30
2234035,59112,3765b7ac-ba69-4f0b-956c-917c96c4958a,2015-03-24 17:30:49,informant-PC, Microsoft-Windows-Bits-Client ,Other,0,0,0,0,0,1,0,None,888,Microsoft-Windows-Bits-Client/Operational,59,0,0,0,0,0,0,0,0,0,0,0x4000000000000000,0,0,1,0,0,0,0,2015-03-24 17:30:49,1427218249.0,17,30
2234036,59112,75fd8755-a9a5-44b9-8b8a-485f15c5ebaa,2015-03-24 17:30:49,informant-PC, Microsoft-Windows-Bits-Client ,Other,0,0,0,0,0,1,0,None,888,Microsoft-Windows-Bits-Client/Operational,59,0,0,0,0,0,0,0,0,0,0,0x4000000000000000,0,0,1,0,0,0,0,2015-03-24 17:30:49,1427218249.0,17,30
2234041,59112,94d66491-abfe-439d-8edc-8c2b2eff5c95,2015-03-24 17:30:49,informant-PC, Microsoft-Windows-Bits-Client ,Other,0,0,0,0,0,1,0,None,888,Microsoft-Windows-Bits-Client/Operational,203,0,0,0,0,0,0,0,0,0,0,0x4000000000000000,0,0,1,0,0,0,0,2015-03-24 17:30:49,1427218249.0,17,30
2234042,59112,0ac774b7-6880-4bcf-b626-2311ae563866,2015-03-24 17:30:49,informant-PC, Microsoft-Windows-Bits-Client ,Other,0,0,0,0,0,1,0,None,888,Microsoft-Windows-Bits-Client/Operational,203,0,0,0,0,0,0,0,0,0,0,0x4000000000000000,0,0,1,0,0,0,0,2015-03-24 17:30:49,1427218249.0,17,30
2234043,59112,d5a5f86c-3339-4793-90b3-315850b41138,2015-03-24 17:30:49,informant-PC, Microsoft-Windows-Bits-Client ,Other,0,0,0,0,0,1,0,None,888,Microsoft-Windows-Bits-Client/Operational,60,0,0,0,0,0,0,0,0,0,0,0x4000000000000000,0,0,1,0,0,0,0,2015-03-24 17:30:49,1427218249.0,17,30
2234049,59112,709c9c62-d03e-489e-a551-aa3f7fcd28ff,2015-03-24 17:30:49,informant-PC, Microsoft-Windows-Bits-Client ,Other,0,0,0,0,0,1,0,None,888,Microsoft-Windows-Bits-Client/Operational,60,0,0,0,0,0,0,0,0,0,0,0x4000000000000000,0,0,1,0,0,0,0,2015-03-24 17:30:49,1427218249.0,17,30
2234051,59112,49657abe-b666-475a-8762-d44a59db4280,2015-03-24 17:30:49,informant-PC, Microsoft-Windows-Bits-Client ,Other,0,0,0,0,0,1,0,None,888,Microsoft-Windows-Bits-Client/Operational,59,0,0,0,0,0,0,0,0,0,0,0x4000000000000000,0,0,1,0,0,0,0,2015-03-24 17:30:49,1427218249.0,17,30
2234052,59112,fed22942-d918-4bb4-a16c-0ccce2725bc4,2015-03-24 17:30:49,informant-PC, Microsoft-Windows-Bits-Client ,Other,0,0,0,0,0,1,0,None,888,Microsoft-Windows-Bits-Client/Operational,59,0,0,0,0,0,0,0,0,0,0,0x4000000000000000,0,0,1,0,0,0,0,2015-03-24 17:30:49,1427218249.0,17,30
2234057,59112,563e050a-4c85-4452-b645-57fc29724d81,2015-03-24 17:30:49,informant-PC, Microsoft-Windows-Bits-Client ,Other,0,0,0,0,0,1,0,None,888,Microsoft-Windows-Bits-Client/Operational,203,0,0,0,0,0,0,0,0,0,0,0x4000000000000000,0,0,1,0,0,0,0,2015-03-24 17:30:49,1427218249.0,17,30
2234058,59112,0ccc9470-3cf5-4eed-8007-495b117a12d1,2015-03-24 17:30:49,informant-PC, Microsoft-Windows-Bits-Client ,Other,0,0,0,0,0,1,0,None,888,Microsoft-Windows-Bits-Client/Operational,203,0,0,0,0,0,0,0,0,0,0,0x4000000000000000,0,0,1,0,0,0,0,2015-03-24 17:30:49,1427218249.0,17,30
2234063,59112,062b55ce-8988-4181-8e45-dafcc1f50a53,2015-03-24 17:30:50,informant-PC, Microsoft-Windows-Bits-Client ,Other,0,0,0,0,0,1,0,None,888,Microsoft-Windows-Bits-Client/Operational,60,0,0,0,0,0,0,0,0,0,0,0x4000000000000000,0,0,1,0,0,0,0,2015-03-24 17:30:50,1427218250.0,17,30
2234064,59112,47443904-fcc5-457e-a2aa-5c3724e1377d,2015-03-24 17:30:50,informant-PC, Microsoft-Windows-Bits-Client ,Other,0,0,0,0,0,1,0,None,888,Microsoft-Windows-Bits-Client/Operational,60,0,0,0,0,0,0,0,0,0,0,0x4000000000000000,0,0,1,0,0,0,0,2015-03-24 17:30:50,1427218250.0,17,30
2234067,59112,7c019b63-8522-4781-9795-4dbe142706cd,2015-03-24 17:30:50,informant-PC, Microsoft-Windows-Bits-Client ,Other,0,0,0,0,0,1,0,None,888,Microsoft-Windows-Bits-Client/Operational,59,0,0,0,0,0,0,0,0,0,0,0x4000000000000000,0,0,1,0,0,0,0,2015-03-24 17:30:50,1427218250.0,17,30
2234068,59112,44bd4626-ccbb-41cb-ba5b-1dd7492cdb6b,2015-03-24 17:30:50,informant-PC, Microsoft-Windows-Bits-Client ,Other,0,0,0,0,0,1,0,None,888,Microsoft-Windows-Bits-Client/Operational,59,0,0,0,0,0,0,0,0,0,0,0x4000000000000000,0,0,1,0,0,0,0,2015-03-24 17:30:50,1427218250.0,17,30
2234073,59112,9b8c1556-4bf8-4cd3-8a04-132464b26813,2015-03-24 17:30:50,informant-PC, Microsoft-Windows-Bits-Client ,Other,0,0,0,0,0,1,0,None,888,Microsoft-Windows-Bits-Client/Operational,203,0,0,0,0,0,0,0,0,0,0,0x4000000000000000,0,0,1,0,0,0,0,2015-03-24 17:30:50,1427218250.0,17,30
2234074,59112,619f6e2e-49e7-4a88-9930-740f34bcdd16,2015-03-24 17:30:50,informant-PC, Microsoft-Windows-Bits-Client ,Other,0,0,0,0,0,1,0,None,888,Microsoft-Windows-Bits-Client/Operational,203,0,0,0,0,0,0,0,0,0,0,0x4000000000000000,0,0,1,0,0,0,0,2015-03-24 17:30:50,1427218250.0,17,30
2234079,59112,ba9e28fc-916d-4f6e-820e-820710de9c55,2015-03-24 17:30:51,informant-PC, Microsoft-Windows-Bits-Client ,Other,0,0,0,0,0,1,0,None,888,Microsoft-Windows-Bits-Client/Operational,60,0,0,0,0,0,0,0,0,0,0,0x4000000000000000,0,0,1,0,0,0,0,2015-03-24 17:30:51,1427218251.0,17,30
2234081,59112,1d6e5560-833a-47ec-804d-45724927af28,2015-03-24 17:30:51,informant-PC, Microsoft-Windows-Bits-Client ,Other,0,0,0,0,0,1,0,None,888,Microsoft-Windows-Bits-Client/Operational,60,0,0,0,0,0,0,0,0,0,0,0x4000000000000000,0,0,1,0,0,0,0,2015-03-24 17:30:51,1427218251.0,17,30
2234083,59112,25885d4d-500d-48c6-9880-6df65e20d86b,2015-03-24 17:30:51,informant-PC, Microsoft-Windows-Bits-Client ,Other,0,0,0,0,0,1,0,None,888,Microsoft-Windows-Bits-Client/Operational,59,0,0,0,0,0,0,0,0,0,0,0x4000000000000000,0,0,1,0,0,0,0,2015-03-24 17:30:51,1427218251.0,17,30
2234084,59112,ab049c89-9e70-4cf3-bedc-6e67ba2591ab,2015-03-24 17:30:51,informant-PC, Microsoft-Windows-Bits-Client ,Other,0,0,0,0,0,1,0,None,888,Microsoft-Windows-Bits-Client/Operational,59,0,0,0,0,0,0,0,0,0,0,0x4000000000000000,0,0,1,0,0,0,0,2015-03-24 17:30:51,1427218251.0,17,30
2234089,59112,e551eaa5-a8b7-4139-a63e-cd910885ea8c,2015-03-24 17:30:51,informant-PC, Microsoft-Windows-Bits-Client ,Other,0,0,0,0,0,1,0,None,888,Microsoft-Windows-Bits-Client/Operational,203,0,0,0,0,0,0,0,0,0,0,0x4000000000000000,0,0,1,0,0,0,0,2015-03-24 17:30:51,1427218251.0,17,30
2234090,59112,51b52609-844f-4169-bf23-be163465b359,2015-03-24 17:30:51,informant-PC, Microsoft-Windows-Bits-Client ,Other,0,0,0,0,0,1,0,None,888,Microsoft-Windows-Bits-Client/Operational,203,0,0,0,0,0,0,0,0,0,0,0x4000000000000000,0,0,1,0,0,0,0,2015-03-24 17:30:51,1427218251.0,17,30
2234096,59112,29c34ea2-38ca-4faf-9f97-2e666212d642,2015-03-24 17:30:51,informant-PC, Microsoft-Windows-Bits-Client ,Other,0,0,0,0,0,1,0,None,888,Microsoft-Windows-Bits-Client/Operational,60,0,0,0,0,0,0,0,0,0,0,0x4000000000000000,0,0,1,0,0,0,0,2015-03-24 17:30:51,1427218251.0,17,30
2234097,59112,96dc0404-7a05-461a-a4f0-4c8275299d1f,2015-03-24 17:30:51,informant-PC, Microsoft-Windows-Bits-Client ,Other,0,0,0,0,0,1,0,None,888,Microsoft-Windows-Bits-Client/Operational,60,0,0,0,0,0,0,0,0,0,0,0x4000000000000000,0,0,1,0,0,0,0,2015-03-24 17:30:51,1427218251.0,17,30
2234104,59112,34b33d7a-5169-4e2f-a656-4a87a650221b,2015-03-24 17:30:51,informant-PC, Microsoft-Windows-Bits-Client ,Other,0,0,0,0,0,1,0,None,888,Microsoft-Windows-Bits-Client/Operational,4,0,0,0,0,0,0,0,0,0,0,0x4000000000000000,0,0,1,0,0,0,0,2015-03-24 17:30:51,1427218251.0,17,30
2234129,59112,cbe271d3-e242-4b92-99e0-5e4fd10ca9b1,2015-03-24 17:30:51,informant-PC, Microsoft-Windows-Bits-Client ,Other,0,0,0,0,0,1,0,None,888,Microsoft-Windows-Bits-Client/Operational,4,0,0,0,0,0,0,0,0,0,0,0x4000000000000000,0,0,1,0,0,0,0,2015-03-24 17:30:51,1427218251.0,17,30
2235345,59042,ab25c0b8-ebd8-482c-aef4-58e9d9b528cf,2015-03-24 18:16:37,informant-PC, Microsoft-Windows-GroupPolicy ,Other,0,0,0,0,0,1,0,None,888,Microsoft-Windows-GroupPolicy/Operational,4006,0,0,0,0,0,0,0,0,0,0,0x4000000000000000,0,0,1,0,0,0,0,2015-03-24 18:16:37,1427220997.0,18,16
2235346,59042,991ec3c2-24f7-45bb-b9dd-71c472251602,2015-03-24 18:16:37,informant-PC, Microsoft-Windows-GroupPolicy ,Other,0,0,0,0,0,1,0,None,888,Microsoft-Windows-GroupPolicy/Operational,5312,0,0,0,0,0,0,0,0,0,0,0x4000000000000000,0,0,1,0,0,0,0,2015-03-24 18:16:37,1427220997.0,18,16
