1302339,59078,87ad57c9-edab-4300-8630-2e66b0af0b09,2015-03-22 14:34:44,informant-PC, Microsoft-Windows-KnownFolders ,Other,0,0,0,0,0,1,0,None,2000,Microsoft-Windows-Known Folders API Service,1002,0,0,0,0,0,0,0,0,0,0,0x8000000000000000,0,0,0,1,0,0,0,2015-03-22 14:34:44,1427034884.0,14,34
1302528,59017,ec7ba078-64d3-4dc5-9ff7-cabc046c9cde,2015-03-22 14:34:44,informant-PC, Microsoft-Windows-UserPnp ,System,0,0,1,0,0,0,0,None,832,System,20003,0,0,0,0,0,0,0,0,0,7005,0x8000000000000000,0,0,0,1,0,0,0,2015-03-22 14:34:44,1427034884.0,14,34
1302535,59017,6d3958e6-6762-4e11-8507-1349641e12f7,2015-03-22 14:34:44,informant-PC, Microsoft-Windows-UserPnp ,System,0,0,1,0,0,0,0,None,832,System,20003,0,0,0,0,0,0,0,0,0,7005,0x8000000000000000,0,0,0,1,0,0,0,2015-03-22 14:34:44,1427034884.0,14,34
1302592,59017,a4b2ef1a-277c-445c-8f00-7b9c1640a569,2015-03-22 14:34:44,informant-PC, Microsoft-Windows-UserPnp ,System,0,0,1,0,0,0,0,None,832,System,20001,0,0,0,0,0,0,0,0,0,7005,0x8000000000000000,0,0,0,1,0,0,0,2015-03-22 14:34:44,1427034884.0,14,34
1302593,59017,9599fef7-c0ed-4a3a-9b6b-bbfc5d0572c7,2015-03-22 14:34:44,informant-PC, Microsoft-Windows-UserPnp ,System,0,0,1,0,0,0,0,None,832,System,20001,0,0,0,0,0,0,0,0,0,7005,0x8000000000000000,0,0,0,1,0,0,0,2015-03-22 14:34:44,1427034884.0,14,34
1302684,59018,052b1f8a-426b-46f9-b1fb-aea1b62e9d86,2015-03-22 14:34:45,informant-PC, Desktop Window Manager ,Application,0,1,0,0,0,0,0,None,None,Application,9007,0,0,0,0,0,0,0,0,0,0,0x0080000000000000,0,0,0,0,0,0,0,2015-03-22 14:34:45,1427034885.0,14,34
1302685,59018,6d57fb95-65b7-4132-99b1-d53cb1e8831a,2015-03-22 14:34:45,informant-PC, Desktop Window Manager ,Application,0,1,0,0,0,0,0,None,None,Application,9007,0,0,0,0,0,0,0,0,0,0,0x0080000000000000,0,0,0,0,0,0,0,2015-03-22 14:34:45,1427034885.0,14,34
1302696,59078,f331a550-c26e-41d3-9cc1-126f22b6b3d7,2015-03-22 14:34:45,informant-PC, Microsoft-Windows-KnownFolders ,Other,0,0,0,0,0,1,0,None,1260,Microsoft-Windows-Known Folders API Service,1002,0,0,0,0,0,0,0,0,0,0,0x8000000000000000,0,0,0,1,0,0,0,2015-03-22 14:34:45,1427034885.0,14,34
1302697,59078,b0d7b9cf-1eec-4804-bcbd-d784f90eff0c,2015-03-22 14:34:45,informant-PC, Microsoft-Windows-KnownFolders ,Other,0,0,0,0,0,1,0,None,1260,Microsoft-Windows-Known Folders API Service,1002,0,0,0,0,0,0,0,0,0,0,0x8000000000000000,0,0,0,1,0,0,0,2015-03-22 14:34:45,1427034885.0,14,34
1302896,59018,cf3cb0b3-c07a-4927-a504-955f998f8633,2015-03-22 14:34:47,informant-PC, ESENT ,Application,0,1,0,0,0,0,0,None,None,Application,102,0,0,0,0,0,0,0,0,0,1,0x0080000000000000,0,0,0,0,0,0,0,2015-03-22 14:34:47,1427034887.0,14,34
1302897,59018,1bff26f2-a5a4-47b0-85ca-1c28fe80bce4,2015-03-22 14:34:47,informant-PC, ESENT ,Application,0,1,0,0,0,0,0,None,None,Application,102,0,0,0,0,0,0,0,0,0,1,0x0080000000000000,0,0,0,0,0,0,0,2015-03-22 14:34:47,1427034887.0,14,34
1302992,59018,b958bb29-da62-4021-9549-0f5bde61240f,2015-03-22 14:34:48,informant-PC, ESENT ,Application,0,1,0,0,0,0,0,None,None,Application,225,0,0,0,0,0,0,0,0,0,3,0x0080000000000000,0,0,0,0,0,0,0,2015-03-22 14:34:48,1427034888.0,14,34
1302993,59018,dd6ba846-9fd8-42ce-8573-6ac0f5bc325e,2015-03-22 14:34:48,informant-PC, ESENT ,Application,0,1,0,0,0,0,0,None,None,Application,210,0,0,0,0,0,0,0,0,0,3,0x0080000000000000,0,0,0,0,0,0,0,2015-03-22 14:34:48,1427034888.0,14,34
1302994,59018,84343135-ccf2-410b-9feb-da465f5c3cea,2015-03-22 14:34:48,informant-PC, ESENT ,Application,0,1,0,0,0,0,0,None,None,Application,213,0,0,0,0,0,0,0,0,0,3,0x0080000000000000,0,0,0,0,0,0,0,2015-03-22 14:34:48,1427034888.0,14,34
1302995,59018,52ad588d-afe4-4522-9a4f-7f5515e47157,2015-03-22 14:34:48,informant-PC, ESENT ,Application,0,1,0,0,0,0,0,None,None,Application,223,0,0,0,0,0,0,0,0,0,3,0x0080000000000000,0,0,0,0,0,0,0,2015-03-22 14:34:48,1427034888.0,14,34
1302996,59018,f36ce31d-03a3-45fa-85ce-73e4febd14a9,2015-03-22 14:34:48,informant-PC, ESENT ,Application,0,1,0,0,0,0,0,None,None,Application,220,0,0,0,0,0,0,0,0,0,3,0x0080000000000000,0,0,0,0,0,0,0,2015-03-22 14:34:48,1427034888.0,14,34
1302997,59018,eefb2c82-0e48-4aa0-bde8-a5295365b124,2015-03-22 14:34:48,informant-PC, ESENT ,Application,0,1,0,0,0,0,0,None,None,Application,225,0,0,0,0,0,0,0,0,0,3,0x0080000000000000,0,0,0,0,0,0,0,2015-03-22 14:34:48,1427034888.0,14,34
1302998,59018,33d111e6-ac25-491e-851f-6bdb23ad3bf2,2015-03-22 14:34:48,informant-PC, ESENT ,Application,0,1,0,0,0,0,0,None,None,Application,221,0,0,0,0,0,0,0,0,0,3,0x0080000000000000,0,0,0,0,0,0,0,2015-03-22 14:34:48,1427034888.0,14,34
1302999,59018,a944d5ff-6e41-42d9-b658-a19a0f22182f,2015-03-22 14:34:48,informant-PC, ESENT ,Application,0,1,0,0,0,0,0,None,None,Application,223,0,0,0,0,0,0,0,0,0,3,0x0080000000000000,0,0,0,0,0,0,0,2015-03-22 14:34:48,1427034888.0,14,34
1303000,59018,cfa42a89-3488-44cc-bf5c-fbb41204d943,2015-03-22 14:34:48,informant-PC, ESENT ,Application,0,1,0,0,0,0,0,None,None,Application,221,0,0,0,0,0,0,0,0,0,3,0x0080000000000000,0,0,0,0,0,0,0,2015-03-22 14:34:48,1427034888.0,14,34
1303001,59018,fe70ec71-9e6f-4b18-b601-4479f4aad772,2015-03-22 14:34:48,informant-PC, ESENT ,Application,0,1,0,0,0,0,0,None,None,Application,210,0,0,0,0,0,0,0,0,0,3,0x0080000000000000,0,0,0,0,0,0,0,2015-03-22 14:34:48,1427034888.0,14,34
1303002,59018,feac27ac-71cb-4d3c-91f7-83183b886698,2015-03-22 14:34:48,informant-PC, ESENT ,Application,0,1,0,0,0,0,0,None,None,Application,213,0,0,0,0,0,0,0,0,0,3,0x0080000000000000,0,0,0,0,0,0,0,2015-03-22 14:34:48,1427034888.0,14,34
1303003,59018,abc24716-ae7f-4c23-abb4-0c47c276e646,2015-03-22 14:34:48,informant-PC, ESENT ,Application,0,1,0,0,0,0,0,None,None,Application,220,0,0,0,0,0,0,0,0,0,3,0x0080000000000000,0,0,0,0,0,0,0,2015-03-22 14:34:48,1427034888.0,14,34
1303004,59017,5185e2eb-16dd-4620-85cd-dce6af9802cb,2015-03-22 14:34:48,informant-PC, Service Control Manager ,System,0,0,1,0,0,0,0,None,452,System,7036,0,0,0,0,0,0,0,0,0,0,0x8080000000000000,0,0,0,1,0,0,0,2015-03-22 14:34:48,1427034888.0,14,34
1303005,59017,e4f82d95-ce0e-4111-8395-a29688b11400,2015-03-22 14:34:48,informant-PC, Service Control Manager ,System,0,0,1,0,0,0,0,None,452,System,7036,0,0,0,0,0,0,0,0,0,0,0x8080000000000000,0,0,0,1,0,0,0,2015-03-22 14:34:48,1427034888.0,14,34
1303146,59017,b2bedc00-ba3a-4c77-88bc-90c76a0f257f,2015-03-22 14:34:48,informant-PC, Service Control Manager ,System,0,0,1,0,0,0,0,None,452,System,7036,0,0,0,0,0,0,0,0,0,0,0x8080000000000000,0,0,0,1,0,0,0,2015-03-22 14:34:48,1427034888.0,14,34
1303147,59017,08a752d7-d878-4c54-92de-e71ad92ac9bd,2015-03-22 14:34:48,informant-PC, Service Control Manager ,System,0,0,1,0,0,0,0,None,452,System,7036,0,0,0,0,0,0,0,0,0,0,0x8080000000000000,0,0,0,1,0,0,0,2015-03-22 14:34:48,1427034888.0,14,34
1303148,59017,8f7e360b-47ad-4f40-a797-8e1b93a9bb7b,2015-03-22 14:34:48,informant-PC, Service Control Manager ,System,0,0,1,0,0,0,0,None,452,System,7036,0,0,0,0,0,0,0,0,0,0,0x8080000000000000,0,0,0,1,0,0,0,2015-03-22 14:34:48,1427034888.0,14,34
1303149,59017,53224b2d-2237-4463-8474-e0261ba6dfb6,2015-03-22 14:34:48,informant-PC, Service Control Manager ,System,0,0,1,0,0,0,0,None,452,System,7036,0,0,0,0,0,0,0,0,0,0,0x8080000000000000,0,0,0,1,0,0,0,2015-03-22 14:34:48,1427034888.0,14,34
1303150,59017,6574aa2a-2400-4200-ad43-c41a103286c7,2015-03-22 14:34:48,informant-PC, Service Control Manager ,System,0,0,1,0,0,0,0,None,452,System,7036,0,0,0,0,0,0,0,0,0,0,0x8080000000000000,0,0,0,1,0,0,0,2015-03-22 14:34:48,1427034888.0,14,34
1303151,59017,df3cb820-2d59-468d-bb67-cdb5348e08d7,2015-03-22 14:34:48,informant-PC, Service Control Manager ,System,0,0,1,0,0,0,0,None,452,System,7036,0,0,0,0,0,0,0,0,0,0,0x8080000000000000,0,0,0,1,0,0,0,2015-03-22 14:34:48,1427034888.0,14,34
1303152,59112,2624493c-3aa7-4fb3-96a1-2890350ca313,2015-03-22 14:34:48,informant-PC, Microsoft-Windows-Bits-Client ,Other,0,0,0,0,0,1,0,None,904,Microsoft-Windows-Bits-Client/Operational,306,0,0,0,0,0,0,0,0,0,0,0x4000000000000000,0,0,1,0,0,0,0,2015-03-22 14:34:48,1427034888.0,14,34
1303153,59112,31b117ba-18f4-4d4c-ba32-08309b62aba7,2015-03-22 14:34:48,informant-PC, Microsoft-Windows-Bits-Client ,Other,0,0,0,0,0,1,0,None,904,Microsoft-Windows-Bits-Client/Operational,306,0,0,0,0,0,0,0,0,0,0,0x4000000000000000,0,0,1,0,0,0,0,2015-03-22 14:34:48,1427034888.0,14,34
1303154,59017,8319ada1-265f-4970-9274-7dbb74fb4eb9,2015-03-22 14:34:49,informant-PC, Service Control Manager ,System,0,0,1,0,0,0,0,None,452,System,7036,0,0,0,0,0,0,0,0,0,0,0x8080000000000000,0,0,0,1,0,0,0,2015-03-22 14:34:49,1427034889.0,14,34
1303155,59017,3280db5b-c470-4b60-9d50-3eca30a37370,2015-03-22 14:34:49,informant-PC, Service Control Manager ,System,0,0,1,0,0,0,0,None,452,System,7036,0,0,0,0,0,0,0,0,0,0,0x8080000000000000,0,0,0,1,0,0,0,2015-03-22 14:34:49,1427034889.0,14,34
1303156,59017,0b70374b-0dba-453f-9f28-d9773f02cbd0,2015-03-22 14:34:49,informant-PC, Service Control Manager ,System,0,0,1,0,0,0,0,None,452,System,7036,0,0,0,0,0,0,0,0,0,0,0x8080000000000000,0,0,0,1,0,0,0,2015-03-22 14:34:49,1427034889.0,14,34
1303157,59017,f1f34895-66da-4228-8a98-4ba3f4d3b69b,2015-03-22 14:34:49,informant-PC, Service Control Manager ,System,0,0,1,0,0,0,0,None,452,System,7036,0,0,0,0,0,0,0,0,0,0,0x8080000000000000,0,0,0,1,0,0,0,2015-03-22 14:34:49,1427034889.0,14,34
1303158,59019,b083100d-d453-4377-aa8e-25bc6ebbe9c5,2015-03-22 14:34:49,informant-PC, Microsoft-Windows-Security-Auditing ,Security,1,0,0,0,0,0,0,None,476,Security,4672,0,0,0,1,0,0,0,0,0,12548,0x8020000000000000,0,0,0,1,0,0,0,2015-03-22 14:34:49,1427034889.0,14,34
1303159,59019,d6c52cfd-90b8-4aa3-afc9-d2aaa45528b3,2015-03-22 14:34:49,informant-PC, Microsoft-Windows-Security-Auditing ,Security,1,0,0,0,0,0,0,S-1-5-18,476,Security,4624,0,0,0,1,0,0,0,0,0,12544,0x8020000000000000,0,0,0,1,0,0,0,2015-03-22 14:34:49,1427034889.0,14,34
1303160,59019,84e3b950-38dd-4bdf-821b-b90ff7636429,2015-03-22 14:34:49,informant-PC, Microsoft-Windows-Security-Auditing ,Security,1,0,0,0,0,0,0,None,476,Security,4672,0,0,0,1,0,0,0,0,0,12548,0x8020000000000000,0,0,0,1,0,0,0,2015-03-22 14:34:49,1427034889.0,14,34
1303161,59019,8344e7c7-5b42-46c7-b86f-48d08f5d1a98,2015-03-22 14:34:49,informant-PC, Microsoft-Windows-Security-Auditing ,Security,1,0,0,0,0,0,0,S-1-5-18,476,Security,4624,0,0,0,1,0,0,0,0,0,12544,0x8020000000000000,0,0,0,1,0,0,0,2015-03-22 14:34:49,1427034889.0,14,34
1303162,59017,9a647722-52d8-4128-baad-e3f8c8c23381,2015-03-22 14:34:49,informant-PC, Service Control Manager ,System,0,0,1,0,0,0,0,None,452,System,7036,0,0,0,0,0,0,0,0,0,0,0x8080000000000000,0,0,0,1,0,0,0,2015-03-22 14:34:49,1427034889.0,14,34
1303163,59017,5ceca1da-0fd8-40d9-8719-7df9c1308738,2015-03-22 14:34:49,informant-PC, Service Control Manager ,System,0,0,1,0,0,0,0,None,452,System,7036,0,0,0,0,0,0,0,0,0,0,0x8080000000000000,0,0,0,1,0,0,0,2015-03-22 14:34:49,1427034889.0,14,34
1303164,59030,16f8a409-00b7-4805-bc31-b5955b8d7886,2015-03-22 14:34:49,informant-PC, Microsoft-Windows-Windows Defender ,Other,0,0,0,0,0,1,0,None,1740,Microsoft-Windows-Windows Defender/WHC,101,0,0,0,0,0,0,0,0,0,0,0x4000000000000000,0,0,1,0,0,0,0,2015-03-22 14:34:49,1427034889.0,14,34
1303165,59030,7b7f071c-0cb8-4fbb-8e0e-2a1e2943de96,2015-03-22 14:34:49,informant-PC, Microsoft-Windows-Windows Defender ,Other,0,0,0,0,0,1,0,None,1740,Microsoft-Windows-Windows Defender/WHC,101,0,0,0,0,0,0,0,0,0,0,0x4000000000000000,0,0,1,0,0,0,0,2015-03-22 14:34:49,1427034889.0,14,34
1303166,59018,f1b3173a-bed7-4e50-b6ae-5259cecc0264,2015-03-22 14:34:50,informant-PC, SecurityCenter ,Application,0,1,0,0,0,0,0,None,None,Application,1,0,0,0,0,0,0,0,0,0,0,0x0080000000000000,0,0,0,0,0,0,0,2015-03-22 14:34:50,1427034890.0,14,34
1303167,59018,93f3959b-7fe6-4b48-b1f5-cb6ac2e4c169,2015-03-22 14:34:50,informant-PC, SecurityCenter ,Application,0,1,0,0,0,0,0,None,None,Application,1,0,0,0,0,0,0,0,0,0,0,0x0080000000000000,0,0,0,0,0,0,0,2015-03-22 14:34:50,1427034890.0,14,34
1303168,59017,53e36ba4-00f6-4786-9b07-0a11b3eebf9f,2015-03-22 14:34:50,informant-PC, Service Control Manager ,System,0,0,1,0,0,0,0,None,452,System,7036,0,0,0,0,0,0,0,0,0,0,0x8080000000000000,0,0,0,1,0,0,0,2015-03-22 14:34:50,1427034890.0,14,34
1303169,59017,33ac11ad-2b37-4346-a17d-752b4e994ee5,2015-03-22 14:34:50,informant-PC, Service Control Manager ,System,0,0,1,0,0,0,0,None,452,System,7036,0,0,0,0,0,0,0,0,0,0,0x8080000000000000,0,0,0,1,0,0,0,2015-03-22 14:34:50,1427034890.0,14,34
1303170,59017,29f426c4-54d6-4652-9933-7ee66cf76c3a,2015-03-22 14:34:51,informant-PC, Service Control Manager ,System,0,0,1,0,0,0,0,None,452,System,7036,0,0,0,0,0,0,0,0,0,0,0x8080000000000000,0,0,0,1,0,0,0,2015-03-22 14:34:51,1427034891.0,14,34
1303171,59017,4e1224b8-99fb-4614-9529-2496aa5e9f1b,2015-03-22 14:34:51,informant-PC, Service Control Manager ,System,0,0,1,0,0,0,0,None,452,System,7036,0,0,0,0,0,0,0,0,0,0,0x8080000000000000,0,0,0,1,0,0,0,2015-03-22 14:34:51,1427034891.0,14,34
1303172,59018,57f09f72-c394-4325-825e-3f09f4266975,2015-03-22 14:34:53,informant-PC, ESENT ,Application,0,1,0,0,0,0,0,None,None,Application,103,0,0,0,0,0,0,0,0,0,1,0x0080000000000000,0,0,0,0,0,0,0,2015-03-22 14:34:53,1427034893.0,14,34
1303173,59018,58bb60d8-b258-4961-b02f-3991dc40ef76,2015-03-22 14:34:53,informant-PC, ESENT ,Application,0,1,0,0,0,0,0,None,None,Application,103,0,0,0,0,0,0,0,0,0,1,0x0080000000000000,0,0,0,0,0,0,0,2015-03-22 14:34:53,1427034893.0,14,34
1303174,59030,37a032a8-f467-471f-bfeb-7d5ddb81da59,2015-03-22 14:34:53,informant-PC, Microsoft-Windows-Windows Defender ,Other,0,0,0,0,0,1,0,None,1740,Microsoft-Windows-Windows Defender/WHC,101,0,0,0,0,0,0,0,0,0,0,0x4000000000000000,0,0,1,0,0,0,0,2015-03-22 14:34:53,1427034893.0,14,34
1303175,59030,f3b192b1-6fbf-4e43-a6b2-9f655776ed0a,2015-03-22 14:34:53,informant-PC, Microsoft-Windows-Windows Defender ,Other,0,0,0,0,0,1,0,None,1740,Microsoft-Windows-Windows Defender/WHC,101,0,0,0,0,0,0,0,0,0,0,0x4000000000000000,0,0,1,0,0,0,0,2015-03-22 14:34:53,1427034893.0,14,34
1303826,59018,769dba81-443c-41d8-b1bd-01c5571d56d0,2015-03-22 14:34:55,informant-PC, .NET Runtime Optimization Service ,Application,0,1,0,0,0,0,0,None,None,Application,1130,0,0,0,0,0,0,0,0,0,0,0x0080000000000000,0,0,0,0,0,0,0,2015-03-22 14:34:55,1427034895.0,14,34
1303827,59018,499226a7-aa27-4a8a-b49f-b0000b164f78,2015-03-22 14:34:55,informant-PC, .NET Runtime Optimization Service ,Application,0,1,0,0,0,0,0,None,None,Application,1130,0,0,0,0,0,0,0,0,0,0,0x0080000000000000,0,0,0,0,0,0,0,2015-03-22 14:34:55,1427034895.0,14,34
1304760,59018,35956302-0e1a-4c0f-99fa-b4b5b7630302,2015-03-22 14:34:59,informant-PC, ESENT ,Application,0,1,0,0,0,0,0,None,None,Application,102,0,0,0,0,0,0,0,0,0,1,0x0080000000000000,0,0,0,0,0,0,0,2015-03-22 14:34:59,1427034899.0,14,34
1304761,59018,c07ff689-fcb1-41be-966c-9d32a925facb,2015-03-22 14:34:59,informant-PC, ESENT ,Application,0,1,0,0,0,0,0,None,None,Application,103,0,0,0,0,0,0,0,0,0,1,0x0080000000000000,0,0,0,0,0,0,0,2015-03-22 14:34:59,1427034899.0,14,34
1304762,59018,a40579f2-47b1-4705-8cd2-954ea6e5a25a,2015-03-22 14:34:59,informant-PC, ESENT ,Application,0,1,0,0,0,0,0,None,None,Application,102,0,0,0,0,0,0,0,0,0,1,0x0080000000000000,0,0,0,0,0,0,0,2015-03-22 14:34:59,1427034899.0,14,34
1304763,59018,eca8128c-757a-405f-9a4a-814e03d37d8f,2015-03-22 14:34:59,informant-PC, ESENT ,Application,0,1,0,0,0,0,0,None,None,Application,103,0,0,0,0,0,0,0,0,0,1,0x0080000000000000,0,0,0,0,0,0,0,2015-03-22 14:34:59,1427034899.0,14,34
1304974,59018,11a66681-71e0-4c3a-870d-b9ecd1cbc1b1,2015-03-22 14:35:00,informant-PC, .NET Runtime Optimization Service ,Application,0,1,0,0,0,0,0,None,None,Application,1130,0,0,0,0,0,0,0,0,0,0,0x0080000000000000,0,0,0,0,0,0,0,2015-03-22 14:35:00,1427034900.0,14,35
1304975,59018,261ff0f8-ed30-40ed-923c-27d9643b4482,2015-03-22 14:35:00,informant-PC, .NET Runtime Optimization Service ,Application,0,1,0,0,0,0,0,None,None,Application,1130,0,0,0,0,0,0,0,0,0,0,0x0080000000000000,0,0,0,0,0,0,0,2015-03-22 14:35:00,1427034900.0,14,35
1304976,59018,e6424786-d50c-4a5b-ad18-5ea86904aef4,2015-03-22 14:35:00,informant-PC, .NET Runtime Optimization Service ,Application,0,1,0,0,0,0,0,None,None,Application,1130,0,0,0,0,0,0,0,0,0,0,0x0080000000000000,0,0,0,0,0,0,0,2015-03-22 14:35:00,1427034900.0,14,35
1304977,59018,c52dab36-a6a2-44a2-adef-8cce976f1aa8,2015-03-22 14:35:00,informant-PC, .NET Runtime Optimization Service ,Application,0,1,0,0,0,0,0,None,None,Application,1130,0,0,0,0,0,0,0,0,0,0,0x0080000000000000,0,0,0,0,0,0,0,2015-03-22 14:35:00,1427034900.0,14,35
1304978,59018,5171614d-f634-4f01-aefe-360a5e30a083,2015-03-22 14:35:00,informant-PC, .NET Runtime Optimization Service ,Application,0,1,0,0,0,0,0,None,None,Application,1130,0,0,0,0,0,0,0,0,0,0,0x0080000000000000,0,0,0,0,0,0,0,2015-03-22 14:35:00,1427034900.0,14,35
1304979,59018,dfb8f72b-24ca-4858-ba84-d8498e1a275a,2015-03-22 14:35:00,informant-PC, .NET Runtime Optimization Service ,Application,0,1,0,0,0,0,0,None,None,Application,1130,0,0,0,0,0,0,0,0,0,0,0x0080000000000000,0,0,0,0,0,0,0,2015-03-22 14:35:00,1427034900.0,14,35
1304980,59018,5e69a820-f582-412c-8269-44bc146101bf,2015-03-22 14:35:00,informant-PC, .NET Runtime Optimization Service ,Application,0,1,0,0,0,0,0,None,None,Application,1130,0,0,0,0,0,0,0,0,0,0,0x0080000000000000,0,0,0,0,0,0,0,2015-03-22 14:35:00,1427034900.0,14,35
1304981,59018,0a3f7ede-eb0c-4cdd-abd6-a95932ec7494,2015-03-22 14:35:00,informant-PC, .NET Runtime Optimization Service ,Application,0,1,0,0,0,0,0,None,None,Application,1130,0,0,0,0,0,0,0,0,0,0,0x0080000000000000,0,0,0,0,0,0,0,2015-03-22 14:35:00,1427034900.0,14,35
1305228,59018,68871512-d551-4b61-bdb1-805fc2ca4bed,2015-03-22 14:35:01,informant-PC, .NET Runtime Optimization Service ,Application,0,1,0,0,0,0,0,None,None,Application,1130,0,0,0,0,0,0,0,0,0,0,0x0080000000000000,0,0,0,0,0,0,0,2015-03-22 14:35:01,1427034901.0,14,35
1305229,59018,b37f50e9-71ca-4943-b2e7-003841f2c0a0,2015-03-22 14:35:01,informant-PC, .NET Runtime Optimization Service ,Application,0,1,0,0,0,0,0,None,None,Application,1130,0,0,0,0,0,0,0,0,0,0,0x0080000000000000,0,0,0,0,0,0,0,2015-03-22 14:35:01,1427034901.0,14,35
1305230,59018,fc1cedc2-6578-487c-b7ec-574fc6ff8793,2015-03-22 14:35:01,informant-PC, .NET Runtime Optimization Service ,Application,0,1,0,0,0,0,0,None,None,Application,1130,0,0,0,0,0,0,0,0,0,0,0x0080000000000000,0,0,0,0,0,0,0,2015-03-22 14:35:01,1427034901.0,14,35
1305231,59018,21096639-fa34-495d-af69-d89d3ef26e09,2015-03-22 14:35:01,informant-PC, .NET Runtime Optimization Service ,Application,0,1,0,0,0,0,0,None,None,Application,1130,0,0,0,0,0,0,0,0,0,0,0x0080000000000000,0,0,0,0,0,0,0,2015-03-22 14:35:01,1427034901.0,14,35
1305232,59018,294c6bd3-09c3-49cf-9fdc-7f3408d17d13,2015-03-22 14:35:01,informant-PC, .NET Runtime Optimization Service ,Application,0,1,0,0,0,0,0,None,None,Application,1130,0,0,0,0,0,0,0,0,0,0,0x0080000000000000,0,0,0,0,0,0,0,2015-03-22 14:35:01,1427034901.0,14,35
1305233,59018,85a90774-143a-4a30-83c0-1220390aea16,2015-03-22 14:35:01,informant-PC, .NET Runtime Optimization Service ,Application,0,1,0,0,0,0,0,None,None,Application,1130,0,0,0,0,0,0,0,0,0,0,0x0080000000000000,0,0,0,0,0,0,0,2015-03-22 14:35:01,1427034901.0,14,35
1305422,59018,c6d5560c-4c12-4133-97d0-6d0fd397355f,2015-03-22 14:35:02,informant-PC, .NET Runtime Optimization Service ,Application,0,1,0,0,0,0,0,None,None,Application,1130,0,0,0,0,0,0,0,0,0,0,0x0080000000000000,0,0,0,0,0,0,0,2015-03-22 14:35:02,1427034902.0,14,35
1305423,59018,e73ec350-d40f-4cf9-8988-d1c8559ac74b,2015-03-22 14:35:02,informant-PC, .NET Runtime Optimization Service ,Application,0,1,0,0,0,0,0,None,None,Application,1130,0,0,0,0,0,0,0,0,0,0,0x0080000000000000,0,0,0,0,0,0,0,2015-03-22 14:35:02,1427034902.0,14,35
1305426,59018,b5a6edfd-f97f-44eb-9a92-ec222546c4e5,2015-03-22 14:35:02,informant-PC, .NET Runtime Optimization Service ,Application,0,1,0,0,0,0,0,None,None,Application,1130,0,0,0,0,0,0,0,0,0,0,0x0080000000000000,0,0,0,0,0,0,0,2015-03-22 14:35:02,1427034902.0,14,35
1305428,59018,aff05d45-62d9-460c-9d5e-34337f0d5756,2015-03-22 14:35:02,informant-PC, .NET Runtime Optimization Service ,Application,0,1,0,0,0,0,0,None,None,Application,1130,0,0,0,0,0,0,0,0,0,0,0x0080000000000000,0,0,0,0,0,0,0,2015-03-22 14:35:02,1427034902.0,14,35
1305431,59018,3e0c0157-7581-4ae7-9018-fd0920359a3f,2015-03-22 14:35:02,informant-PC, .NET Runtime Optimization Service ,Application,0,1,0,0,0,0,0,None,None,Application,1130,0,0,0,0,0,0,0,0,0,0,0x0080000000000000,0,0,0,0,0,0,0,2015-03-22 14:35:02,1427034902.0,14,35
1305434,59018,4828c1c0-ea5e-40b4-b473-afaa911b42f1,2015-03-22 14:35:02,informant-PC, .NET Runtime Optimization Service ,Application,0,1,0,0,0,0,0,None,None,Application,1130,0,0,0,0,0,0,0,0,0,0,0x0080000000000000,0,0,0,0,0,0,0,2015-03-22 14:35:02,1427034902.0,14,35
1305435,59018,c890f6df-81ad-41a6-959b-25b0e7989924,2015-03-22 14:35:02,informant-PC, .NET Runtime Optimization Service ,Application,0,1,0,0,0,0,0,None,None,Application,1130,0,0,0,0,0,0,0,0,0,0,0x0080000000000000,0,0,0,0,0,0,0,2015-03-22 14:35:02,1427034902.0,14,35
1305436,59018,a03f114f-ecb8-48f2-83a1-c4d6d646451f,2015-03-22 14:35:02,informant-PC, .NET Runtime Optimization Service ,Application,0,1,0,0,0,0,0,None,None,Application,1130,0,0,0,0,0,0,0,0,0,0,0x0080000000000000,0,0,0,0,0,0,0,2015-03-22 14:35:02,1427034902.0,14,35
1305600,59078,0edf9262-0887-4520-82ed-04ae5e994c27,2015-03-22 14:35:02,informant-PC, Microsoft-Windows-KnownFolders ,Other,0,0,0,0,0,1,0,None,1896,Microsoft-Windows-Known Folders API Service,1002,0,0,0,0,0,0,0,0,0,0,0x8000000000000000,0,0,0,1,0,0,0,2015-03-22 14:35:02,1427034902.0,14,35
1305601,59078,71476bc7-6e01-4ec1-b68a-7d54874e42b9,2015-03-22 14:35:02,informant-PC, Microsoft-Windows-KnownFolders ,Other,0,0,0,0,0,1,0,None,1896,Microsoft-Windows-Known Folders API Service,1002,0,0,0,0,0,0,0,0,0,0,0x8000000000000000,0,0,0,1,0,0,0,2015-03-22 14:35:02,1427034902.0,14,35
1305602,59078,d093b814-c951-4991-9a4f-40ae872dc361,2015-03-22 14:35:02,informant-PC, Microsoft-Windows-KnownFolders ,Other,0,0,0,0,0,1,0,None,1896,Microsoft-Windows-Known Folders API Service,1002,0,0,0,0,0,0,0,0,0,0,0x8000000000000000,0,0,0,1,0,0,0,2015-03-22 14:35:02,1427034902.0,14,35
1305603,59078,ef38b3ae-88d2-4f93-b00f-b7dbfd26561b,2015-03-22 14:35:02,informant-PC, Microsoft-Windows-KnownFolders ,Other,0,0,0,0,0,1,0,None,1896,Microsoft-Windows-Known Folders API Service,1002,0,0,0,0,0,0,0,0,0,0,0x8000000000000000,0,0,0,1,0,0,0,2015-03-22 14:35:02,1427034902.0,14,35
1305604,59078,b56cf911-bb5a-442d-89ef-6bf58cd635d4,2015-03-22 14:35:02,informant-PC, Microsoft-Windows-KnownFolders ,Other,0,0,0,0,0,1,0,None,1896,Microsoft-Windows-Known Folders API Service,1002,0,0,0,0,0,0,0,0,0,0,0x8000000000000000,0,0,0,1,0,0,0,2015-03-22 14:35:02,1427034902.0,14,35
1305605,59078,f0ec4535-e67b-478c-a1c8-e00e4406ede8,2015-03-22 14:35:02,informant-PC, Microsoft-Windows-KnownFolders ,Other,0,0,0,0,0,1,0,None,1896,Microsoft-Windows-Known Folders API Service,1002,0,0,0,0,0,0,0,0,0,0,0x8000000000000000,0,0,0,1,0,0,0,2015-03-22 14:35:02,1427034902.0,14,35
1305606,59078,9737ef40-6a34-4644-bed3-9beebefcc75b,2015-03-22 14:35:02,informant-PC, Microsoft-Windows-KnownFolders ,Other,0,0,0,0,0,1,0,None,1896,Microsoft-Windows-Known Folders API Service,1002,0,0,0,0,0,0,0,0,0,0,0x8000000000000000,0,0,0,1,0,0,0,2015-03-22 14:35:02,1427034902.0,14,35
1305607,59078,d1e3ea79-ba84-4541-a809-ee3075b3c08b,2015-03-22 14:35:02,informant-PC, Microsoft-Windows-KnownFolders ,Other,0,0,0,0,0,1,0,None,1896,Microsoft-Windows-Known Folders API Service,1002,0,0,0,0,0,0,0,0,0,0,0x8000000000000000,0,0,0,1,0,0,0,2015-03-22 14:35:02,1427034902.0,14,35
1305828,59018,33f5236f-5d62-412b-b5d2-7ec80396c5c7,2015-03-22 14:35:03,informant-PC, .NET Runtime Optimization Service ,Application,0,1,0,0,0,0,0,None,None,Application,1130,0,0,0,0,0,0,0,0,0,0,0x0080000000000000,0,0,0,0,0,0,0,2015-03-22 14:35:03,1427034903.0,14,35
1305829,59018,19c8cc4a-8fdb-46ed-8fc8-968a735cffc4,2015-03-22 14:35:03,informant-PC, .NET Runtime Optimization Service ,Application,0,1,0,0,0,0,0,None,None,Application,1130,0,0,0,0,0,0,0,0,0,0,0x0080000000000000,0,0,0,0,0,0,0,2015-03-22 14:35:03,1427034903.0,14,35
1305830,59018,37dad23a-f661-44c5-a7b2-0482381c3d54,2015-03-22 14:35:03,informant-PC, .NET Runtime Optimization Service ,Application,0,1,0,0,0,0,0,None,None,Application,1130,0,0,0,0,0,0,0,0,0,0,0x0080000000000000,0,0,0,0,0,0,0,2015-03-22 14:35:03,1427034903.0,14,35
1305831,59018,41545927-dbf4-42fd-9c71-a67388df527d,2015-03-22 14:35:03,informant-PC, .NET Runtime Optimization Service ,Application,0,1,0,0,0,0,0,None,None,Application,1130,0,0,0,0,0,0,0,0,0,0,0x0080000000000000,0,0,0,0,0,0,0,2015-03-22 14:35:03,1427034903.0,14,35
1305832,59018,ba05324a-4ff9-409a-ae6e-66864dd2ec48,2015-03-22 14:35:03,informant-PC, .NET Runtime Optimization Service ,Application,0,1,0,0,0,0,0,None,None,Application,1130,0,0,0,0,0,0,0,0,0,0,0x0080000000000000,0,0,0,0,0,0,0,2015-03-22 14:35:03,1427034903.0,14,35
1305833,59018,45332bf0-fc96-494d-9c08-76570a5b3516,2015-03-22 14:35:03,informant-PC, .NET Runtime Optimization Service ,Application,0,1,0,0,0,0,0,None,None,Application,1130,0,0,0,0,0,0,0,0,0,0,0x0080000000000000,0,0,0,0,0,0,0,2015-03-22 14:35:03,1427034903.0,14,35
1305834,59018,54a897ac-96e2-45ba-ad1b-5511b6f9342d,2015-03-22 14:35:03,informant-PC, .NET Runtime Optimization Service ,Application,0,1,0,0,0,0,0,None,None,Application,1130,0,0,0,0,0,0,0,0,0,0,0x0080000000000000,0,0,0,0,0,0,0,2015-03-22 14:35:03,1427034903.0,14,35
1305835,59018,d085562b-e6ae-4def-af90-a20fce9b54c4,2015-03-22 14:35:03,informant-PC, .NET Runtime Optimization Service ,Application,0,1,0,0,0,0,0,None,None,Application,1130,0,0,0,0,0,0,0,0,0,0,0x0080000000000000,0,0,0,0,0,0,0,2015-03-22 14:35:03,1427034903.0,14,35
1305934,59017,1c996d5b-b10c-47a4-ae82-d29e686e2580,2015-03-22 14:35:03,informant-PC, Service Control Manager ,System,0,0,1,0,0,0,0,None,452,System,7036,0,0,0,0,0,0,0,0,0,0,0x8080000000000000,0,0,0,1,0,0,0,2015-03-22 14:35:03,1427034903.0,14,35
1305935,59017,dc04e3b9-fc86-443d-86bb-3fdaceaef779,2015-03-22 14:35:03,informant-PC, Service Control Manager ,System,0,0,1,0,0,0,0,None,452,System,7036,0,0,0,0,0,0,0,0,0,0,0x8080000000000000,0,0,0,1,0,0,0,2015-03-22 14:35:03,1427034903.0,14,35
1306144,59018,c360914e-356c-45af-8139-a848a10b4e38,2015-03-22 14:35:04,informant-PC, .NET Runtime Optimization Service ,Application,0,1,0,0,0,0,0,None,None,Application,1130,0,0,0,0,0,0,0,0,0,0,0x0080000000000000,0,0,0,0,0,0,0,2015-03-22 14:35:04,1427034904.0,14,35
1306148,59018,1fcdee17-3e3f-4225-83da-de574b7beb5f,2015-03-22 14:35:04,informant-PC, .NET Runtime Optimization Service ,Application,0,1,0,0,0,0,0,None,None,Application,1130,0,0,0,0,0,0,0,0,0,0,0x0080000000000000,0,0,0,0,0,0,0,2015-03-22 14:35:04,1427034904.0,14,35
1306149,59018,27a2f4b9-3862-4df9-b7c3-29fef94ae965,2015-03-22 14:35:04,informant-PC, .NET Runtime Optimization Service ,Application,0,1,0,0,0,0,0,None,None,Application,1130,0,0,0,0,0,0,0,0,0,0,0x0080000000000000,0,0,0,0,0,0,0,2015-03-22 14:35:04,1427034904.0,14,35
1306151,59018,e50b4b74-4937-43ec-9f81-4412630e7f2b,2015-03-22 14:35:04,informant-PC, .NET Runtime Optimization Service ,Application,0,1,0,0,0,0,0,None,None,Application,1130,0,0,0,0,0,0,0,0,0,0,0x0080000000000000,0,0,0,0,0,0,0,2015-03-22 14:35:04,1427034904.0,14,35
1306153,59018,ae465988-1ac0-43ae-8a04-5a3e3ca58d4a,2015-03-22 14:35:04,informant-PC, .NET Runtime Optimization Service ,Application,0,1,0,0,0,0,0,None,None,Application,1130,0,0,0,0,0,0,0,0,0,0,0x0080000000000000,0,0,0,0,0,0,0,2015-03-22 14:35:04,1427034904.0,14,35
1306157,59018,abe65ea5-0210-44a2-af28-18a6a71d5485,2015-03-22 14:35:04,informant-PC, .NET Runtime Optimization Service ,Application,0,1,0,0,0,0,0,None,None,Application,1130,0,0,0,0,0,0,0,0,0,0,0x0080000000000000,0,0,0,0,0,0,0,2015-03-22 14:35:04,1427034904.0,14,35
1306158,59018,236f565a-6351-4488-8b52-bcd4a9298daf,2015-03-22 14:35:04,informant-PC, .NET Runtime Optimization Service ,Application,0,1,0,0,0,0,0,None,None,Application,1130,0,0,0,0,0,0,0,0,0,0,0x0080000000000000,0,0,0,0,0,0,0,2015-03-22 14:35:04,1427034904.0,14,35
1306159,59018,dbb39b81-4f8b-45ee-870a-0112b882bd7f,2015-03-22 14:35:04,informant-PC, .NET Runtime Optimization Service ,Application,0,1,0,0,0,0,0,None,None,Application,1130,0,0,0,0,0,0,0,0,0,0,0x0080000000000000,0,0,0,0,0,0,0,2015-03-22 14:35:04,1427034904.0,14,35
1307566,59018,3450da9f-96a0-4b50-8c8c-2e30bf4161f9,2015-03-22 14:35:05,informant-PC, .NET Runtime Optimization Service ,Application,0,1,0,0,0,0,0,None,None,Application,1130,0,0,0,0,0,0,0,0,0,0,0x0080000000000000,0,0,0,0,0,0,0,2015-03-22 14:35:05,1427034905.0,14,35
1307567,59018,05eb9ed1-3774-4612-ad16-5542d579e3bd,2015-03-22 14:35:05,informant-PC, .NET Runtime Optimization Service ,Application,0,1,0,0,0,0,0,None,None,Application,1130,0,0,0,0,0,0,0,0,0,0,0x0080000000000000,0,0,0,0,0,0,0,2015-03-22 14:35:05,1427034905.0,14,35
1307568,59018,beb57ef9-6d97-482a-a2c1-ff4fa39dec62,2015-03-22 14:35:05,informant-PC, .NET Runtime Optimization Service ,Application,0,1,0,0,0,0,0,None,None,Application,1130,0,0,0,0,0,0,0,0,0,0,0x0080000000000000,0,0,0,0,0,0,0,2015-03-22 14:35:05,1427034905.0,14,35
1307569,59018,ba0d4c2b-66aa-4e1e-98c8-f746e234d947,2015-03-22 14:35:05,informant-PC, .NET Runtime Optimization Service ,Application,0,1,0,0,0,0,0,None,None,Application,1130,0,0,0,0,0,0,0,0,0,0,0x0080000000000000,0,0,0,0,0,0,0,2015-03-22 14:35:05,1427034905.0,14,35
1308106,59018,90d249cf-f73e-4f79-82b2-4e1c2d83c6d5,2015-03-22 14:35:06,informant-PC, .NET Runtime Optimization Service ,Application,0,1,0,0,0,0,0,None,None,Application,1130,0,0,0,0,0,0,0,0,0,0,0x0080000000000000,0,0,0,0,0,0,0,2015-03-22 14:35:06,1427034906.0,14,35
1308107,59018,791bef7e-d74a-4d9c-859c-b364bf55bda3,2015-03-22 14:35:06,informant-PC, .NET Runtime Optimization Service ,Application,0,1,0,0,0,0,0,None,None,Application,1130,0,0,0,0,0,0,0,0,0,0,0x0080000000000000,0,0,0,0,0,0,0,2015-03-22 14:35:06,1427034906.0,14,35
1308108,59078,c18d2be7-b168-4589-91ae-132e73cd2f25,2015-03-22 14:35:06,informant-PC, Microsoft-Windows-KnownFolders ,Other,0,0,0,0,0,1,0,None,1260,Microsoft-Windows-Known Folders API Service,1002,0,0,0,0,0,0,0,0,0,0,0x8000000000000000,0,0,0,1,0,0,0,2015-03-22 14:35:06,1427034906.0,14,35
1308109,59078,476a7b95-a41f-4db7-b469-e97fff4f9274,2015-03-22 14:35:06,informant-PC, Microsoft-Windows-KnownFolders ,Other,0,0,0,0,0,1,0,None,1260,Microsoft-Windows-Known Folders API Service,1002,0,0,0,0,0,0,0,0,0,0,0x8000000000000000,0,0,0,1,0,0,0,2015-03-22 14:35:06,1427034906.0,14,35
1308150,59018,34bf8a91-2019-412e-af5c-99282413ba97,2015-03-22 14:35:08,informant-PC, .NET Runtime Optimization Service ,Application,0,1,0,0,0,0,0,None,None,Application,1130,0,0,0,0,0,0,0,0,0,0,0x0080000000000000,0,0,0,0,0,0,0,2015-03-22 14:35:08,1427034908.0,14,35
1308151,59018,44ff81bb-4b05-44eb-b4ae-2469a6e41392,2015-03-22 14:35:08,informant-PC, .NET Runtime Optimization Service ,Application,0,1,0,0,0,0,0,None,None,Application,1130,0,0,0,0,0,0,0,0,0,0,0x0080000000000000,0,0,0,0,0,0,0,2015-03-22 14:35:08,1427034908.0,14,35
1308152,59078,5b653d95-17d6-4d1a-be0d-89bb4060eed4,2015-03-22 14:35:08,informant-PC, Microsoft-Windows-KnownFolders ,Other,0,0,0,0,0,1,0,None,1260,Microsoft-Windows-Known Folders API Service,1002,0,0,0,0,0,0,0,0,0,0,0x8000000000000000,0,0,0,1,0,0,0,2015-03-22 14:35:08,1427034908.0,14,35
