1544153,59051,42d3fe55-d22a-49eb-a1c4-9aee1afe210c,2015-03-22 15:15:28,informant-PC, Microsoft-Windows-ReadyBoost ,Other,0,0,0,0,0,1,0,None,760,Microsoft-Windows-ReadyBoost/Operational,1016,0,0,0,0,0,0,0,0,0,1016,0x8000000000002000,0,0,0,1,0,0,0,2015-03-22 15:15:28,1427037328.0,15,15
1544680,38,f90e2489-1464-4442-a8dc-22ffeaeb09e2,2015-03-22 15:15:32,informant-PC, Microsoft-Windows-Servicing ,Other,0,0,0,0,0,1,0,None,3832,Setup,4,0,0,0,0,0,0,0,0,0,0,0x8000000000000000,0,0,0,1,0,0,0,2015-03-22 15:15:32,1427037332.0,15,15
1544681,38,091835a4-79f3-4164-8552-ae1dfc28c8bc,2015-03-22 15:15:32,informant-PC, Microsoft-Windows-Servicing ,Other,0,0,0,0,0,1,0,None,3832,Setup,4,0,0,0,0,0,0,0,0,0,0,0x8000000000000000,0,0,0,1,0,0,0,2015-03-22 15:15:32,1427037332.0,15,15
1562378,38,23b67148-fb1a-46b4-83c0-7715547abad9,2015-03-22 15:15:34,informant-PC, Microsoft-Windows-Servicing ,Other,0,0,0,0,0,1,0,None,3832,Setup,1,0,0,0,0,0,0,0,0,0,0,0x8000000000000000,0,0,0,1,0,0,0,2015-03-22 15:15:34,1427037334.0,15,15
1562379,38,22aa838c-6a30-4604-b77b-65df7515aa17,2015-03-22 15:15:34,informant-PC, Microsoft-Windows-Servicing ,Other,0,0,0,0,0,1,0,None,3832,Setup,1,0,0,0,0,0,0,0,0,0,0,0x8000000000000000,0,0,0,1,0,0,0,2015-03-22 15:15:34,1427037334.0,15,15
1566494,38,0118c419-00ca-49f2-98f2-341cfbbd1c04,2015-03-22 15:15:42,informant-PC, Microsoft-Windows-Servicing ,Other,0,0,0,0,0,1,0,None,3832,Setup,4,0,0,0,0,0,0,0,0,0,0,0x8000000000000000,0,0,0,1,0,0,0,2015-03-22 15:15:42,1427037342.0,15,15
1566495,38,2bb26f0b-8792-4285-b4b7-19c72af5a6aa,2015-03-22 15:15:42,informant-PC, Microsoft-Windows-Servicing ,Other,0,0,0,0,0,1,0,None,3832,Setup,4,0,0,0,0,0,0,0,0,0,0,0x8000000000000000,0,0,0,1,0,0,0,2015-03-22 15:15:42,1427037342.0,15,15
1567901,38,7ec2ee66-fe1e-49df-a5df-66c22882a50a,2015-03-22 15:15:43,informant-PC, Microsoft-Windows-Servicing ,Other,0,0,0,0,0,1,0,None,3832,Setup,1,0,0,0,0,0,0,0,0,0,0,0x8000000000000000,0,0,0,1,0,0,0,2015-03-22 15:15:43,1427037343.0,15,15
1567935,38,7d7e3055-6d49-4645-88ff-c4812f8fd0d8,2015-03-22 15:15:43,informant-PC, Microsoft-Windows-Servicing ,Other,0,0,0,0,0,1,0,None,3832,Setup,1,0,0,0,0,0,0,0,0,0,0,0x8000000000000000,0,0,0,1,0,0,0,2015-03-22 15:15:43,1427037343.0,15,15
1568898,38,bb803d0e-189c-4141-8be9-3100620e5e45,2015-03-22 15:15:50,informant-PC, Microsoft-Windows-Servicing ,Other,0,0,0,0,0,1,0,None,3832,Setup,4,0,0,0,0,0,0,0,0,0,0,0x8000000000000000,0,0,0,1,0,0,0,2015-03-22 15:15:50,1427037350.0,15,15
1568899,38,f7615bd1-b768-4893-a272-c7f1d7f03853,2015-03-22 15:15:50,informant-PC, Microsoft-Windows-Servicing ,Other,0,0,0,0,0,1,0,None,3832,Setup,4,0,0,0,0,0,0,0,0,0,0,0x8000000000000000,0,0,0,1,0,0,0,2015-03-22 15:15:50,1427037350.0,15,15
1569781,38,014f85b2-7c21-405e-8bcf-da2d41379249,2015-03-22 15:15:52,informant-PC, Microsoft-Windows-Servicing ,Other,0,0,0,0,0,1,0,None,3832,Setup,1,0,0,0,0,0,0,0,0,0,0,0x8000000000000000,0,0,0,1,0,0,0,2015-03-22 15:15:52,1427037352.0,15,15
1569823,38,bbfb4746-c8b7-4f3b-828e-12d6f86d1884,2015-03-22 15:15:52,informant-PC, Microsoft-Windows-Servicing ,Other,0,0,0,0,0,1,0,None,3832,Setup,1,0,0,0,0,0,0,0,0,0,0,0x8000000000000000,0,0,0,1,0,0,0,2015-03-22 15:15:52,1427037352.0,15,15
1573490,59018,fd9d791b-b597-4bf4-a70f-c5c068a90126,2015-03-22 15:16:01,informant-PC, MsiInstaller ,Application,0,1,0,0,0,0,0,None,None,Application,1040,0,0,0,0,0,0,0,0,0,0,0x0080000000000000,0,0,0,0,0,0,0,2015-03-22 15:16:01,1427037361.0,15,16
1573491,59018,3d6bd093-0b58-430d-a35c-3bf900884a76,2015-03-22 15:16:01,informant-PC, MsiInstaller ,Application,0,1,0,0,0,0,0,None,None,Application,1040,0,0,0,0,0,0,0,0,0,0,0x0080000000000000,0,0,0,0,0,0,0,2015-03-22 15:16:01,1427037361.0,15,16
1573534,59019,a4a6852a-fcf0-4ae7-a95e-d485948b497b,2015-03-22 15:16:01,informant-PC, Microsoft-Windows-Security-Auditing ,Security,1,0,0,0,0,0,0,S-1-5-18,456,Security,4624,0,0,0,1,0,0,0,0,0,12544,0x8020000000000000,0,0,0,1,0,0,0,2015-03-22 15:16:01,1427037361.0,15,16
1573535,59019,3f885755-bdbe-4efa-a19e-19b392fa6bdf,2015-03-22 15:16:01,informant-PC, Microsoft-Windows-Security-Auditing ,Security,1,0,0,0,0,0,0,S-1-5-18,456,Security,4624,0,0,0,1,0,0,0,0,0,12544,0x8020000000000000,0,0,0,1,0,0,0,2015-03-22 15:16:01,1427037361.0,15,16
1573536,59019,97833856-579f-493e-8c8d-dd5c0b7b1d18,2015-03-22 15:16:01,informant-PC, Microsoft-Windows-Security-Auditing ,Security,1,0,0,0,0,0,0,None,456,Security,4672,0,0,0,1,0,0,0,0,0,12548,0x8020000000000000,0,0,0,1,0,0,0,2015-03-22 15:16:01,1427037361.0,15,16
1573537,59019,3630f301-b46a-4794-a2ca-46ff4210772b,2015-03-22 15:16:01,informant-PC, Microsoft-Windows-Security-Auditing ,Security,1,0,0,0,0,0,0,None,456,Security,4672,0,0,0,1,0,0,0,0,0,12548,0x8020000000000000,0,0,0,1,0,0,0,2015-03-22 15:16:01,1427037361.0,15,16
1573554,59017,bc35ca23-d373-497a-a209-6b403f99a008,2015-03-22 15:16:01,informant-PC, Service Control Manager ,System,0,0,1,0,0,0,0,None,448,System,7036,0,0,0,0,0,0,0,0,0,0,0x8080000000000000,0,0,0,1,0,0,0,2015-03-22 15:16:01,1427037361.0,15,16
1573555,59017,3c15326b-c0d1-4f89-a2a6-83a9e2b67812,2015-03-22 15:16:01,informant-PC, Service Control Manager ,System,0,0,1,0,0,0,0,None,448,System,7036,0,0,0,0,0,0,0,0,0,0,0x8080000000000000,0,0,0,1,0,0,0,2015-03-22 15:16:01,1427037361.0,15,16
1573582,38,989f903c-eed3-48f6-983a-960a0e27daf9,2015-03-22 15:16:02,informant-PC, Microsoft-Windows-Servicing ,Other,0,0,0,0,0,1,0,None,3832,Setup,4,0,0,0,0,0,0,0,0,0,0,0x8000000000000000,0,0,0,1,0,0,0,2015-03-22 15:16:02,1427037362.0,15,16
1573583,38,8a0243d6-7938-4c76-a517-68da91d65a2c,2015-03-22 15:16:02,informant-PC, Microsoft-Windows-Servicing ,Other,0,0,0,0,0,1,0,None,3832,Setup,4,0,0,0,0,0,0,0,0,0,0,0x8000000000000000,0,0,0,1,0,0,0,2015-03-22 15:16:02,1427037362.0,15,16
1574581,59018,0bfa52da-8352-4c14-9a03-a20852505700,2015-03-22 15:16:02,informant-PC, Microsoft-Windows-RestartManager ,Application,0,1,0,0,0,0,0,None,2604,Application,10000,0,0,0,0,0,0,0,0,0,0,0x8000000000000000,0,0,0,1,0,0,0,2015-03-22 15:16:02,1427037362.0,15,16
1574614,59018,f75e076b-3e24-458a-a541-49ae068eebb2,2015-03-22 15:16:02,informant-PC, Microsoft-Windows-RestartManager ,Application,0,1,0,0,0,0,0,None,2604,Application,10000,0,0,0,0,0,0,0,0,0,0,0x8000000000000000,0,0,0,1,0,0,0,2015-03-22 15:16:02,1427037362.0,15,16
1574680,59018,17a60e40-3982-44cf-b286-c8c1acad80af,2015-03-22 15:16:03,informant-PC, MsiInstaller ,Application,0,1,0,0,0,0,0,None,None,Application,1042,0,0,0,0,0,0,0,0,0,0,0x0080000000000000,0,0,0,0,0,0,0,2015-03-22 15:16:03,1427037363.0,15,16
1574681,59018,f7ffd5aa-4170-471c-9183-f1e6a10728e1,2015-03-22 15:16:03,informant-PC, MsiInstaller ,Application,0,1,0,0,0,0,0,None,None,Application,1042,0,0,0,0,0,0,0,0,0,0,0x0080000000000000,0,0,0,0,0,0,0,2015-03-22 15:16:03,1427037363.0,15,16
1574682,59018,4053e06c-a68b-448a-9d30-2248e20db715,2015-03-22 15:16:03,informant-PC, MsiInstaller ,Application,0,1,0,0,0,0,0,None,None,Application,1033,0,0,0,0,0,0,0,0,0,0,0x0080000000000000,0,0,0,0,0,0,0,2015-03-22 15:16:03,1427037363.0,15,16
1574683,59018,3f93021c-1c32-436f-98cf-c558e0dc1546,2015-03-22 15:16:03,informant-PC, MsiInstaller ,Application,0,1,0,0,0,0,0,None,None,Application,1033,0,0,0,0,0,0,0,0,0,0,0x0080000000000000,0,0,0,0,0,0,0,2015-03-22 15:16:03,1427037363.0,15,16
1574684,59018,af984ae9-a6df-4db9-b452-f97e2d55d9e0,2015-03-22 15:16:03,informant-PC, MsiInstaller ,Application,0,1,0,0,0,0,0,None,None,Application,11707,0,0,0,0,0,0,0,0,0,0,0x0080000000000000,0,0,0,0,0,0,0,2015-03-22 15:16:03,1427037363.0,15,16
1574685,59018,86989edd-b377-4ec8-9149-f72154155eb1,2015-03-22 15:16:03,informant-PC, MsiInstaller ,Application,0,1,0,0,0,0,0,None,None,Application,11707,0,0,0,0,0,0,0,0,0,0,0x0080000000000000,0,0,0,0,0,0,0,2015-03-22 15:16:03,1427037363.0,15,16
1574872,59018,0f732779-d0ce-4933-bd6f-eadd4997a921,2015-03-22 15:16:03,informant-PC, Microsoft-Windows-RestartManager ,Application,0,1,0,0,0,0,0,None,2604,Application,10001,0,0,0,0,0,0,0,0,0,0,0x8000000000000000,0,0,0,1,0,0,0,2015-03-22 15:16:03,1427037363.0,15,16
1574877,59018,0b6eedd9-ef2c-4884-8bda-fdcdcae57565,2015-03-22 15:16:03,informant-PC, Microsoft-Windows-RestartManager ,Application,0,1,0,0,0,0,0,None,2604,Application,10001,0,0,0,0,0,0,0,0,0,0,0x8000000000000000,0,0,0,1,0,0,0,2015-03-22 15:16:03,1427037363.0,15,16
1574980,38,7a04fd1d-a9b6-4199-b39c-04cbd8588d77,2015-03-22 15:16:03,informant-PC, Microsoft-Windows-Servicing ,Other,0,0,0,0,0,1,0,None,3832,Setup,1,0,0,0,0,0,0,0,0,0,0,0x8000000000000000,0,0,0,1,0,0,0,2015-03-22 15:16:03,1427037363.0,15,16
1574984,38,249b25a4-5380-413b-8c3b-1ea380223479,2015-03-22 15:16:03,informant-PC, Microsoft-Windows-Servicing ,Other,0,0,0,0,0,1,0,None,3832,Setup,1,0,0,0,0,0,0,0,0,0,0,0x8000000000000000,0,0,0,1,0,0,0,2015-03-22 15:16:03,1427037363.0,15,16
1575222,59017,199606b5-5529-4d2b-91b1-179e41ebd7d6,2015-03-22 15:16:04,informant-PC, Service Control Manager ,System,0,0,1,0,0,0,0,None,448,System,7036,0,0,0,0,0,0,0,0,0,0,0x8080000000000000,0,0,0,1,0,0,0,2015-03-22 15:16:04,1427037364.0,15,16
1575223,59017,18e33bbd-137d-4a43-8f59-212304268310,2015-03-22 15:16:04,informant-PC, Service Control Manager ,System,0,0,1,0,0,0,0,None,448,System,7036,0,0,0,0,0,0,0,0,0,0,0x8080000000000000,0,0,0,1,0,0,0,2015-03-22 15:16:04,1427037364.0,15,16
1580782,59018,98896cf9-4402-4dac-a77e-323e2137ed48,2015-03-22 15:16:08,informant-PC, gupdate ,Application,0,1,0,0,0,0,0,None,None,Application,0,0,0,0,0,0,0,0,0,0,0,0x0080000000000000,0,0,0,0,0,0,0,2015-03-22 15:16:08,1427037368.0,15,16
1580783,59018,70461ee8-24c9-4999-8869-f49923aea185,2015-03-22 15:16:08,informant-PC, gupdate ,Application,0,1,0,0,0,0,0,None,None,Application,0,0,0,0,0,0,0,0,0,0,0,0x0080000000000000,0,0,0,0,0,0,0,2015-03-22 15:16:08,1427037368.0,15,16
1580784,59017,d801ba8e-2e46-4025-9b88-9f69e4a16c89,2015-03-22 15:16:08,informant-PC, Service Control Manager ,System,0,0,1,0,0,0,0,None,448,System,7036,0,0,0,0,0,0,0,0,0,0,0x8080000000000000,0,0,0,1,0,0,0,2015-03-22 15:16:08,1427037368.0,15,16
1580785,59017,6fe639f4-c073-4493-88e3-8c91e5fa84a1,2015-03-22 15:16:08,informant-PC, Service Control Manager ,System,0,0,1,0,0,0,0,None,448,System,7036,0,0,0,0,0,0,0,0,0,0,0x8080000000000000,0,0,0,1,0,0,0,2015-03-22 15:16:08,1427037368.0,15,16
1591530,38,ac5c4a69-6e63-409f-ba3a-7c8e8743aaf7,2015-03-22 15:16:21,informant-PC, Microsoft-Windows-Servicing ,Other,0,0,0,0,0,1,0,None,3832,Setup,4,0,0,0,0,0,0,0,0,0,0,0x8000000000000000,0,0,0,1,0,0,0,2015-03-22 15:16:21,1427037381.0,15,16
1591531,38,371c0268-c7ef-409c-ad88-39ecacb232a6,2015-03-22 15:16:21,informant-PC, Microsoft-Windows-Servicing ,Other,0,0,0,0,0,1,0,None,3832,Setup,4,0,0,0,0,0,0,0,0,0,0,0x8000000000000000,0,0,0,1,0,0,0,2015-03-22 15:16:21,1427037381.0,15,16
1593949,59018,64578979-82b8-4711-ad27-dce0c059c47d,2015-03-22 15:16:21,informant-PC, Microsoft-Windows-RestartManager ,Application,0,1,0,0,0,0,0,None,1224,Application,10000,0,0,0,0,0,0,0,0,0,0,0x8000000000000000,0,0,0,1,0,0,0,2015-03-22 15:16:21,1427037381.0,15,16
1593955,59018,58a8f9fb-3d50-4c27-9f09-c3d063128fe6,2015-03-22 15:16:21,informant-PC, Microsoft-Windows-RestartManager ,Application,0,1,0,0,0,0,0,None,1224,Application,10000,0,0,0,0,0,0,0,0,0,0,0x8000000000000000,0,0,0,1,0,0,0,2015-03-22 15:16:21,1427037381.0,15,16
1593956,59018,331802f1-dfeb-4d31-b048-e0868871f5b7,2015-03-22 15:16:22,informant-PC, Microsoft-Windows-RestartManager ,Application,0,1,0,0,0,0,0,None,1224,Application,10001,0,0,0,0,0,0,0,0,0,0,0x8000000000000000,0,0,0,1,0,0,0,2015-03-22 15:16:22,1427037382.0,15,16
1593957,59018,2901f5ab-de65-4604-ae16-8f7ecb3f76cb,2015-03-22 15:16:22,informant-PC, Microsoft-Windows-RestartManager ,Application,0,1,0,0,0,0,0,None,1224,Application,10005,0,0,0,0,0,0,0,0,0,0,0x8000000000000000,0,0,0,1,0,0,0,2015-03-22 15:16:22,1427037382.0,15,16
1593958,59018,31958fb9-8e36-4819-a60f-da35afd9b2aa,2015-03-22 15:16:22,informant-PC, Microsoft-Windows-RestartManager ,Application,0,1,0,0,0,0,0,None,1224,Application,10005,0,0,0,0,0,0,0,0,0,0,0x8000000000000000,0,0,0,1,0,0,0,2015-03-22 15:16:22,1427037382.0,15,16
1593959,59018,042c7287-6955-4281-820b-5a428ffe3ac2,2015-03-22 15:16:22,informant-PC, Microsoft-Windows-RestartManager ,Application,0,1,0,0,0,0,0,None,1224,Application,10001,0,0,0,0,0,0,0,0,0,0,0x8000000000000000,0,0,0,1,0,0,0,2015-03-22 15:16:22,1427037382.0,15,16
1594380,38,40224143-517c-419e-a965-c30efeb147ed,2015-03-22 15:16:22,informant-PC, Microsoft-Windows-Servicing ,Other,0,0,0,0,0,1,0,None,3832,Setup,1,0,0,0,0,0,0,0,0,0,0,0x8000000000000000,0,0,0,1,0,0,0,2015-03-22 15:16:22,1427037382.0,15,16
1594383,38,dca5614f-8c20-4632-88c9-f54adee57e89,2015-03-22 15:16:22,informant-PC, Microsoft-Windows-Servicing ,Other,0,0,0,0,0,1,0,None,3832,Setup,1,0,0,0,0,0,0,0,0,0,0,0x8000000000000000,0,0,0,1,0,0,0,2015-03-22 15:16:22,1427037382.0,15,16
1630564,59019,4178fffa-cc8c-4e11-9b23-75906a8d1ad4,2015-03-22 15:17:19,informant-PC, Microsoft-Windows-Security-Auditing ,Security,1,0,0,0,0,0,0,None,456,Security,4907,0,0,0,0,0,0,1,0,0,13568,0x8020000000000000,0,0,0,1,0,0,0,2015-03-22 15:17:19,1427037439.0,15,17
1630565,59019,602a3b6c-aa29-41fd-ad26-c5f4efce2b1c,2015-03-22 15:17:19,informant-PC, Microsoft-Windows-Security-Auditing ,Security,1,0,0,0,0,0,0,None,456,Security,4907,0,0,0,0,0,0,1,0,0,13568,0x8020000000000000,0,0,0,1,0,0,0,2015-03-22 15:17:19,1427037439.0,15,17
1630566,59019,f9a81ccf-bf2e-4b53-b21c-95cfc034bd68,2015-03-22 15:17:19,informant-PC, Microsoft-Windows-Security-Auditing ,Security,1,0,0,0,0,0,0,None,456,Security,4907,0,0,0,0,0,0,1,0,0,13568,0x8020000000000000,0,0,0,1,0,0,0,2015-03-22 15:17:19,1427037439.0,15,17
1630567,59019,b6b7724f-9795-4a98-ae2d-df7b00b4df34,2015-03-22 15:17:19,informant-PC, Microsoft-Windows-Security-Auditing ,Security,1,0,0,0,0,0,0,None,456,Security,4907,0,0,0,0,0,0,1,0,0,13568,0x8020000000000000,0,0,0,1,0,0,0,2015-03-22 15:17:19,1427037439.0,15,17
1630640,38,197cbbad-d271-4a9e-8284-af01fd15e25f,2015-03-22 15:17:25,informant-PC, Microsoft-Windows-Servicing ,Other,0,0,0,0,0,1,0,None,3832,Setup,4,0,0,0,0,0,0,0,0,0,0,0x8000000000000000,0,0,0,1,0,0,0,2015-03-22 15:17:25,1427037445.0,15,17
1630641,38,757bc2ec-6421-43c5-900e-2f23ede4b166,2015-03-22 15:17:25,informant-PC, Microsoft-Windows-Servicing ,Other,0,0,0,0,0,1,0,None,3832,Setup,4,0,0,0,0,0,0,0,0,0,0,0x8000000000000000,0,0,0,1,0,0,0,2015-03-22 15:17:25,1427037445.0,15,17
1636078,38,e72437bf-689e-49ab-80bf-f0bba64ac185,2015-03-22 15:17:27,informant-PC, Microsoft-Windows-Servicing ,Other,0,0,0,0,0,1,0,None,3832,Setup,1,0,0,0,0,0,0,0,0,0,0,0x8000000000000000,0,0,0,1,0,0,0,2015-03-22 15:17:27,1427037447.0,15,17
1636139,38,65ba5ed2-5a98-4de4-96c7-2998b3ebb1c4,2015-03-22 15:17:27,informant-PC, Microsoft-Windows-Servicing ,Other,0,0,0,0,0,1,0,None,3832,Setup,1,0,0,0,0,0,0,0,0,0,0,0x8000000000000000,0,0,0,1,0,0,0,2015-03-22 15:17:27,1427037447.0,15,17
1636490,59017,c2ebe615-4029-4734-8b71-8a8bf65c7464,2015-03-22 15:17:31,informant-PC, Service Control Manager ,System,0,0,1,0,0,0,0,None,448,System,7036,0,0,0,0,0,0,0,0,0,0,0x8080000000000000,0,0,0,1,0,0,0,2015-03-22 15:17:31,1427037451.0,15,17
1636491,59017,a6daf412-6d81-4eea-8acb-6dc258f02f79,2015-03-22 15:17:31,informant-PC, Service Control Manager ,System,0,0,1,0,0,0,0,None,448,System,7036,0,0,0,0,0,0,0,0,0,0,0x8080000000000000,0,0,0,1,0,0,0,2015-03-22 15:17:31,1427037451.0,15,17
1637382,38,91366d3f-5ca3-46bd-8d72-b5470ca10835,2015-03-22 15:18:06,informant-PC, Microsoft-Windows-Servicing ,Other,0,0,0,0,0,1,0,None,3832,Setup,4,0,0,0,0,0,0,0,0,0,0,0x8000000000000000,0,0,0,1,0,0,0,2015-03-22 15:18:06,1427037486.0,15,18
1637386,38,a53e0970-31ea-43a0-9e0c-8d65a09487f2,2015-03-22 15:18:06,informant-PC, Microsoft-Windows-Servicing ,Other,0,0,0,0,0,1,0,None,3832,Setup,4,0,0,0,0,0,0,0,0,0,0,0x8000000000000000,0,0,0,1,0,0,0,2015-03-22 15:18:06,1427037486.0,15,18
1638233,38,9052ae0f-6efb-4bcc-a0ff-a5d2cd49192f,2015-03-22 15:18:07,informant-PC, Microsoft-Windows-Servicing ,Other,0,0,0,0,0,1,0,None,3832,Setup,1,0,0,0,0,0,0,0,0,0,0,0x8000000000000000,0,0,0,1,0,0,0,2015-03-22 15:18:07,1427037487.0,15,18
1638240,38,9fe12382-f18d-4aa9-a7bc-e4357ac5c125,2015-03-22 15:18:07,informant-PC, Microsoft-Windows-Servicing ,Other,0,0,0,0,0,1,0,None,3832,Setup,1,0,0,0,0,0,0,0,0,0,0,0x8000000000000000,0,0,0,1,0,0,0,2015-03-22 15:18:07,1427037487.0,15,18
1639284,38,4f402c55-5442-40ef-b164-e0441ead2d23,2015-03-22 15:18:45,informant-PC, Microsoft-Windows-Servicing ,Other,0,0,0,0,0,1,0,None,3832,Setup,4,0,0,0,0,0,0,0,0,0,0,0x8000000000000000,0,0,0,1,0,0,0,2015-03-22 15:18:45,1427037525.0,15,18
1639285,38,aeee3d5b-2bcc-496e-83fd-fbfb0ee8ef4e,2015-03-22 15:18:45,informant-PC, Microsoft-Windows-Servicing ,Other,0,0,0,0,0,1,0,None,3832,Setup,4,0,0,0,0,0,0,0,0,0,0,0x8000000000000000,0,0,0,1,0,0,0,2015-03-22 15:18:45,1427037525.0,15,18
1639978,59017,364aaa2e-07a8-4c6e-b9b7-3dd1ff894387,2015-03-22 15:18:51,informant-PC, Service Control Manager ,System,0,0,1,0,0,0,0,None,448,System,7036,0,0,0,0,0,0,0,0,0,0,0x8080000000000000,0,0,0,1,0,0,0,2015-03-22 15:18:51,1427037531.0,15,18
1639979,59017,53257021-6257-44cc-bae9-7302982a5f11,2015-03-22 15:18:51,informant-PC, Service Control Manager ,System,0,0,1,0,0,0,0,None,448,System,7036,0,0,0,0,0,0,0,0,0,0,0x8080000000000000,0,0,0,1,0,0,0,2015-03-22 15:18:51,1427037531.0,15,18
1639988,59018,1b6802d4-607c-4811-a9d3-49da41013ea5,2015-03-22 15:18:52,informant-PC, Desktop Window Manager ,Application,0,1,0,0,0,0,0,None,None,Application,9009,0,0,0,0,0,0,0,0,0,0,0x0080000000000000,0,0,0,0,0,0,0,2015-03-22 15:18:52,1427037532.0,15,18
1639989,59018,d9a20af7-3302-4780-8eb5-9fe347904fc0,2015-03-22 15:18:52,informant-PC, Desktop Window Manager ,Application,0,1,0,0,0,0,0,None,None,Application,9009,0,0,0,0,0,0,0,0,0,0,0x0080000000000000,0,0,0,0,0,0,0,2015-03-22 15:18:52,1427037532.0,15,18
1639990,59018,65fc0afc-80bd-449d-8633-c24244448116,2015-03-22 15:18:52,informant-PC, Wlclntfy ,Application,0,1,0,0,0,0,0,None,0,Application,6000,0,0,0,0,0,0,0,0,0,0,0x0080000000000000,0,0,0,0,0,0,0,2015-03-22 15:18:52,1427037532.0,15,18
1639991,59018,1a91fa8e-c75b-423d-b5f1-d16b27a86f44,2015-03-22 15:18:52,informant-PC, Wlclntfy ,Application,0,1,0,0,0,0,0,None,0,Application,6000,0,0,0,0,0,0,0,0,0,0,0x0080000000000000,0,0,0,0,0,0,0,2015-03-22 15:18:52,1427037532.0,15,18
1639998,59042,c00d0401-da01-4217-864a-5beb4e4d22ea,2015-03-22 15:18:52,informant-PC, Microsoft-Windows-GroupPolicy ,Other,0,0,0,0,0,1,0,None,784,Microsoft-Windows-GroupPolicy/Operational,5324,0,0,0,0,0,0,0,0,0,0,0x4000000000000000,0,0,1,0,0,0,0,2015-03-22 15:18:52,1427037532.0,15,18
1639999,59042,bcd9ef4f-806d-4fb1-b2c6-b43d06a76f7f,2015-03-22 15:18:52,informant-PC, Microsoft-Windows-GroupPolicy ,Other,0,0,0,0,0,1,0,None,784,Microsoft-Windows-GroupPolicy/Operational,5324,0,0,0,0,0,0,0,0,0,0,0x4000000000000000,0,0,1,0,0,0,0,2015-03-22 15:18:52,1427037532.0,15,18
1640000,59019,1106af52-1ea0-4d2c-84b8-ac4b4a970627,2015-03-22 15:18:52,informant-PC, Microsoft-Windows-Security-Auditing ,Security,1,0,0,0,0,0,0,S-1-5-21-2425377081-3129163575-2985601102-1000,456,Security,4647,0,0,0,1,0,0,0,0,0,12545,0x8020000000000000,0,0,0,1,0,0,0,2015-03-22 15:18:52,1427037532.0,15,18
1640001,59019,3d282a17-04d6-499e-8089-74e6e4ebc59e,2015-03-22 15:18:52,informant-PC, Microsoft-Windows-Security-Auditing ,Security,1,0,0,0,0,0,0,S-1-5-21-2425377081-3129163575-2985601102-1000,456,Security,4647,0,0,0,1,0,0,0,0,0,12545,0x8020000000000000,0,0,0,1,0,0,0,2015-03-22 15:18:52,1427037532.0,15,18
1640002,59021,10ac1675-ba17-418c-bbdd-84a23b38e1f9,2015-03-22 15:18:52,informant-PC, Microsoft-Windows-User Profiles Service ,Other,0,0,0,0,0,1,0,None,784,Microsoft-Windows-User Profile Service/Operational,3,0,0,0,0,0,0,0,0,0,0,0x4000000000000000,0,0,1,0,0,0,0,2015-03-22 15:18:52,1427037532.0,15,18
1640003,13963,ab63dc57-7af1-44b5-b87e-44dd44418d43,2015-03-22 15:18:52,informant-PC, Microsoft-Windows-TerminalServices-LocalSessionManager ,Other,0,0,0,0,0,1,0,None,464,Microsoft-Windows-TerminalServices-LocalSessionManager/Operational,23,0,0,0,0,0,0,0,0,0,0,0x1000000000000000,1,0,0,0,0,0,0,2015-03-22 15:18:52,1427037532.0,15,18
1640004,59042,420b9cc8-2179-4ddb-af7a-02387c1cc337,2015-03-22 15:18:52,informant-PC, Microsoft-Windows-GroupPolicy ,Other,0,0,0,0,0,1,0,None,784,Microsoft-Windows-GroupPolicy/Operational,5324,0,0,0,0,0,0,0,0,0,0,0x4000000000000000,0,0,1,0,0,0,0,2015-03-22 15:18:52,1427037532.0,15,18
1640005,59042,2071e808-7546-4259-bf03-b535e133f686,2015-03-22 15:18:52,informant-PC, Microsoft-Windows-GroupPolicy ,Other,0,0,0,0,0,1,0,None,784,Microsoft-Windows-GroupPolicy/Operational,5324,0,0,0,0,0,0,0,0,0,0,0x4000000000000000,0,0,1,0,0,0,0,2015-03-22 15:18:52,1427037532.0,15,18
1640006,13963,b465fbf9-9e14-491d-89cb-baee7f3a3506,2015-03-22 15:18:52,informant-PC, Microsoft-Windows-TerminalServices-LocalSessionManager ,Other,0,0,0,0,0,1,0,None,464,Microsoft-Windows-TerminalServices-LocalSessionManager/Operational,23,0,0,0,0,0,0,0,0,0,0,0x1000000000000000,1,0,0,0,0,0,0,2015-03-22 15:18:52,1427037532.0,15,18
1640007,59021,6a76e6ae-9ede-43a2-8cf3-7e1fc72b53d5,2015-03-22 15:18:52,informant-PC, Microsoft-Windows-User Profiles Service ,Other,0,0,0,0,0,1,0,None,784,Microsoft-Windows-User Profile Service/Operational,3,0,0,0,0,0,0,0,0,0,0,0x4000000000000000,0,0,1,0,0,0,0,2015-03-22 15:18:52,1427037532.0,15,18
1640013,59040,2c12a8ce-ce5a-45a4-9033-e0cbadc0ef09,2015-03-22 15:18:52,informant-PC, Microsoft-Windows-OfflineFiles ,Other,0,0,0,0,0,1,0,None,760,Microsoft-Windows-OfflineFiles/Operational,8,0,0,0,0,0,0,0,0,0,0,0x4000000000000008,0,0,1,0,0,0,0,2015-03-22 15:18:52,1427037532.0,15,18
1640014,59040,0c422173-471a-46eb-9298-de5c6e691c26,2015-03-22 15:18:52,informant-PC, Microsoft-Windows-OfflineFiles ,Other,0,0,0,0,0,1,0,None,760,Microsoft-Windows-OfflineFiles/Operational,8,0,0,0,0,0,0,0,0,0,0,0x4000000000000008,0,0,1,0,0,0,0,2015-03-22 15:18:52,1427037532.0,15,18
1640016,59017,6e5d8310-6ba4-4aa2-b65b-38fef19d92d8,2015-03-22 15:18:53,informant-PC, USER32 ,System,0,0,1,0,0,0,0,None,None,System,1074,0,0,0,0,0,0,0,0,0,0,0x0080000000000000,0,0,0,0,0,0,0,2015-03-22 15:18:53,1427037533.0,15,18
1640017,59017,3e07a596-f072-448e-a414-4f64820c73f5,2015-03-22 15:18:53,informant-PC, USER32 ,System,0,0,1,0,0,0,0,None,None,System,1074,0,0,0,0,0,0,0,0,0,0,0x0080000000000000,0,0,0,0,0,0,0,2015-03-22 15:18:53,1427037533.0,15,18
1640018,59021,0d4d7222-9d66-42cd-af05-8a4b6ba81800,2015-03-22 15:18:53,informant-PC, Microsoft-Windows-User Profiles Service ,Other,0,0,0,0,0,1,0,None,784,Microsoft-Windows-User Profile Service/Operational,4,0,0,0,0,0,0,0,0,0,0,0x4000000000000000,0,0,1,0,0,0,0,2015-03-22 15:18:53,1427037533.0,15,18
1640021,59021,56c2b265-a987-4159-b40f-71c8df689224,2015-03-22 15:18:53,informant-PC, Microsoft-Windows-User Profiles Service ,Other,0,0,0,0,0,1,0,None,784,Microsoft-Windows-User Profile Service/Operational,4,0,0,0,0,0,0,0,0,0,0,0x4000000000000000,0,0,1,0,0,0,0,2015-03-22 15:18:53,1427037533.0,15,18
1640026,59017,f3b7fa14-cfe3-4f68-a8c1-097362343e97,2015-03-22 15:18:53,informant-PC, Microsoft-Windows-Winlogon ,System,0,0,1,0,0,0,0,None,388,System,7002,0,0,0,0,0,0,0,0,0,1102,0x2000000000000000,0,1,0,0,0,0,0,2015-03-22 15:18:53,1427037533.0,15,18
1640027,59017,029a75dc-4c37-4336-93b0-7a8270dcc48c,2015-03-22 15:18:53,informant-PC, Microsoft-Windows-Winlogon ,System,0,0,1,0,0,0,0,None,388,System,7002,0,0,0,0,0,0,0,0,0,1102,0x2000000000000000,0,1,0,0,0,0,0,2015-03-22 15:18:53,1427037533.0,15,18
1640028,59017,5f4220fd-ee53-48d4-9af2-50a3b959905f,2015-03-22 15:18:53,informant-PC, Service Control Manager ,System,0,0,1,0,0,0,0,None,448,System,7036,0,0,0,0,0,0,0,0,0,0,0x8080000000000000,0,0,0,1,0,0,0,2015-03-22 15:18:53,1427037533.0,15,18
1640030,59017,a12d22fa-fe33-447e-a2d1-0c712dd68df3,2015-03-22 15:18:53,informant-PC, Service Control Manager ,System,0,0,1,0,0,0,0,None,448,System,7036,0,0,0,0,0,0,0,0,0,0,0x8080000000000000,0,0,0,1,0,0,0,2015-03-22 15:18:53,1427037533.0,15,18
1640031,59017,7aa8e523-55bd-4c2e-9a15-0ff37073b949,2015-03-22 15:18:53,informant-PC, Microsoft-Windows-WindowsUpdateClient ,System,0,0,1,0,0,0,0,None,784,System,28,0,0,0,0,0,0,0,0,0,1,0x8000000000000080,0,0,0,1,0,0,0,2015-03-22 15:18:53,1427037533.0,15,18
1640033,46,5f88e81d-fb2e-4ebd-8bbf-622267a77e86,2015-03-22 15:18:53,informant-PC, Microsoft-Windows-WindowsUpdateClient ,Other,0,0,0,0,0,1,0,None,784,Microsoft-Windows-WindowsUpdateClient/Operational,39,0,0,0,0,0,0,0,0,0,1,0x4000000000000280,0,0,1,0,0,0,0,2015-03-22 15:18:53,1427037533.0,15,18
1640034,46,4a7db2fd-5721-4ddd-b3b6-1b0452044147,2015-03-22 15:18:53,informant-PC, Microsoft-Windows-WindowsUpdateClient ,Other,0,0,0,0,0,1,0,None,784,Microsoft-Windows-WindowsUpdateClient/Operational,39,0,0,0,0,0,0,0,0,0,1,0x4000000000000280,0,0,1,0,0,0,0,2015-03-22 15:18:53,1427037533.0,15,18
1640035,59017,6a2306d8-0094-44f3-8c24-b54e75969a9e,2015-03-22 15:18:53,informant-PC, Microsoft-Windows-WindowsUpdateClient ,System,0,0,1,0,0,0,0,None,784,System,28,0,0,0,0,0,0,0,0,0,1,0x8000000000000080,0,0,0,1,0,0,0,2015-03-22 15:18:53,1427037533.0,15,18
1640036,59042,b65ef9a1-c71b-4f41-b7a5-c725a6d2aa1b,2015-03-22 15:18:53,informant-PC, Microsoft-Windows-GroupPolicy ,Other,0,0,0,0,0,1,0,None,784,Microsoft-Windows-GroupPolicy/Operational,5325,0,0,0,0,0,0,0,0,0,0,0x4000000000000000,0,0,1,0,0,0,0,2015-03-22 15:18:53,1427037533.0,15,18
