1313281,59042,a5dc5c32-1941-4db4-8f74-afbc3df40838,2015-03-22 14:51:22,informant-PC, Microsoft-Windows-GroupPolicy ,Other,0,0,0,0,0,1,0,None,784,Microsoft-Windows-GroupPolicy/Operational,5320,0,0,0,0,0,0,0,0,0,0,0x4000000000000000,0,0,1,0,0,0,0,2015-03-22 14:51:22,1427035882.0,14,51
1313282,59042,253854f5-f1f8-40ab-b83f-ba99cafa54f2,2015-03-22 14:51:22,informant-PC, Microsoft-Windows-GroupPolicy ,Other,0,0,0,0,0,1,0,None,784,Microsoft-Windows-GroupPolicy/Operational,5313,0,0,0,0,0,0,0,0,0,0,0x4000000000000000,0,0,1,0,0,0,0,2015-03-22 14:51:22,1427035882.0,14,51
1313283,59042,c022485c-c54a-481c-8bf5-5fe5e0eb494a,2015-03-22 14:51:22,informant-PC, Microsoft-Windows-GroupPolicy ,Other,0,0,0,0,0,1,0,None,784,Microsoft-Windows-GroupPolicy/Operational,5320,0,0,0,0,0,0,0,0,0,0,0x4000000000000000,0,0,1,0,0,0,0,2015-03-22 14:51:22,1427035882.0,14,51
1313284,59042,43ba987e-72fc-4ae4-bafc-83ad3f341474,2015-03-22 14:51:22,informant-PC, Microsoft-Windows-GroupPolicy ,Other,0,0,0,0,0,1,0,None,784,Microsoft-Windows-GroupPolicy/Operational,5315,0,0,0,0,0,0,0,0,0,0,0x4000000000000000,0,0,1,0,0,0,0,2015-03-22 14:51:22,1427035882.0,14,51
1313285,59042,52256edb-54b6-48a9-9693-535b48742af4,2015-03-22 14:51:22,informant-PC, Microsoft-Windows-GroupPolicy ,Other,0,0,0,0,0,1,0,None,784,Microsoft-Windows-GroupPolicy/Operational,5315,0,0,0,0,0,0,0,0,0,0,0x4000000000000000,0,0,1,0,0,0,0,2015-03-22 14:51:22,1427035882.0,14,51
1313286,59042,a566fb91-11b6-4890-8135-1d932957418e,2015-03-22 14:51:22,informant-PC, Microsoft-Windows-GroupPolicy ,Other,0,0,0,0,0,1,0,None,784,Microsoft-Windows-GroupPolicy/Operational,5320,0,0,0,0,0,0,0,0,0,0,0x4000000000000000,0,0,1,0,0,0,0,2015-03-22 14:51:22,1427035882.0,14,51
1313287,59042,acf5e0cb-5cda-439d-904f-114fae962dfd,2015-03-22 14:51:22,informant-PC, Microsoft-Windows-GroupPolicy ,Other,0,0,0,0,0,1,0,None,784,Microsoft-Windows-GroupPolicy/Operational,8000,0,0,0,0,0,0,0,0,0,0,0x4000000000000000,0,0,1,0,0,0,0,2015-03-22 14:51:22,1427035882.0,14,51
1313288,59042,afe32b55-e5e2-4bd7-a4cb-5256152c9180,2015-03-22 14:51:22,informant-PC, Microsoft-Windows-GroupPolicy ,Other,0,0,0,0,0,1,0,None,784,Microsoft-Windows-GroupPolicy/Operational,5320,0,0,0,0,0,0,0,0,0,0,0x4000000000000000,0,0,1,0,0,0,0,2015-03-22 14:51:22,1427035882.0,14,51
1313289,59042,7c46de86-c3a2-4139-b131-372c1c67b744,2015-03-22 14:51:22,informant-PC, Microsoft-Windows-GroupPolicy ,Other,0,0,0,0,0,1,0,None,784,Microsoft-Windows-GroupPolicy/Operational,8000,0,0,0,0,0,0,0,0,0,0,0x4000000000000000,0,0,1,0,0,0,0,2015-03-22 14:51:22,1427035882.0,14,51
1313290,59042,a6a51f24-324e-486d-a053-f6114d4f4c25,2015-03-22 14:51:22,informant-PC, Microsoft-Windows-GroupPolicy ,Other,0,0,0,0,0,1,0,None,784,Microsoft-Windows-GroupPolicy/Operational,5320,0,0,0,0,0,0,0,0,0,0,0x4000000000000000,0,0,1,0,0,0,0,2015-03-22 14:51:22,1427035882.0,14,51
1313291,59017,a5be4ef4-a85d-4f34-a709-dfa8b0febb5e,2015-03-22 14:51:23,informant-PC, Service Control Manager ,System,0,0,1,0,0,0,0,None,448,System,7036,0,0,0,0,0,0,0,0,0,0,0x8080000000000000,0,0,0,1,0,0,0,2015-03-22 14:51:23,1427035883.0,14,51
1313292,59017,d881c611-d4af-43b5-8caa-f8438408ea12,2015-03-22 14:51:23,informant-PC, Service Control Manager ,System,0,0,1,0,0,0,0,None,448,System,7036,0,0,0,0,0,0,0,0,0,0,0x8080000000000000,0,0,0,1,0,0,0,2015-03-22 14:51:23,1427035883.0,14,51
1313293,59017,075e0376-c6ff-456e-a3b9-0ee0d8fb0dcf,2015-03-22 14:51:23,informant-PC, Microsoft-Windows-Application-Experience ,System,0,0,1,0,0,0,0,None,760,System,201,0,0,0,0,0,0,0,0,0,0,0x8000000000000000,0,0,0,1,0,0,0,2015-03-22 14:51:23,1427035883.0,14,51
1313294,59017,165ddeb9-2970-453e-b4f1-dc2b5ca5c9fa,2015-03-22 14:51:23,informant-PC, Microsoft-Windows-Application-Experience ,System,0,0,1,0,0,0,0,None,760,System,201,0,0,0,0,0,0,0,0,0,0,0x8000000000000000,0,0,0,1,0,0,0,2015-03-22 14:51:23,1427035883.0,14,51
1313295,59017,6f97c330-4cd3-4902-ad11-4ad880ee2f71,2015-03-22 14:51:23,informant-PC, Service Control Manager ,System,0,0,1,0,0,0,0,None,448,System,7036,0,0,0,0,0,0,0,0,0,0,0x8080000000000000,0,0,0,1,0,0,0,2015-03-22 14:51:23,1427035883.0,14,51
1313296,59017,df4d43c1-23bd-4a53-a40c-29f8fbf2d683,2015-03-22 14:51:23,informant-PC, Service Control Manager ,System,0,0,1,0,0,0,0,None,448,System,7036,0,0,0,0,0,0,0,0,0,0,0x8080000000000000,0,0,0,1,0,0,0,2015-03-22 14:51:23,1427035883.0,14,51
1313297,59019,573e8e39-2e45-46b5-9eea-a4a96f186fd6,2015-03-22 14:51:23,informant-PC, Microsoft-Windows-Security-Auditing ,Security,1,0,0,0,0,0,0,None,456,Security,5024,0,0,0,0,0,0,0,0,1,12292,0x8020000000000000,0,0,0,1,0,0,0,2015-03-22 14:51:23,1427035883.0,14,51
1313298,59019,a6d6c37f-d355-4ac7-b766-bb6a868d458d,2015-03-22 14:51:23,informant-PC, Microsoft-Windows-Security-Auditing ,Security,1,0,0,0,0,0,0,None,456,Security,5024,0,0,0,0,0,0,0,0,1,12292,0x8020000000000000,0,0,0,1,0,0,0,2015-03-22 14:51:23,1427035883.0,14,51
1313299,59017,da9b4864-f93a-48fe-aa52-791875226a52,2015-03-22 14:51:23,informant-PC, Service Control Manager ,System,0,0,1,0,0,0,0,None,448,System,7036,0,0,0,0,0,0,0,0,0,0,0x8080000000000000,0,0,0,1,0,0,0,2015-03-22 14:51:23,1427035883.0,14,51
1313300,59017,54fcbe19-a3fb-4b97-97c6-89d99d82bb32,2015-03-22 14:51:23,informant-PC, Service Control Manager ,System,0,0,1,0,0,0,0,None,448,System,7036,0,0,0,0,0,0,0,0,0,0,0x8080000000000000,0,0,0,1,0,0,0,2015-03-22 14:51:23,1427035883.0,14,51
1313301,59017,6ed8ba4f-c109-4f8c-a8f2-5fd0c04af0ff,2015-03-22 14:51:24,informant-PC, Service Control Manager ,System,0,0,1,0,0,0,0,None,448,System,7036,0,0,0,0,0,0,0,0,0,0,0x8080000000000000,0,0,0,1,0,0,0,2015-03-22 14:51:24,1427035884.0,14,51
1313302,59017,0017abe5-ea93-4da5-ada1-4fa48b7c5b9c,2015-03-22 14:51:24,informant-PC, Service Control Manager ,System,0,0,1,0,0,0,0,None,448,System,7036,0,0,0,0,0,0,0,0,0,0,0x8080000000000000,0,0,0,1,0,0,0,2015-03-22 14:51:24,1427035884.0,14,51
1313303,59018,9565ebd2-e482-4176-bb3c-0b56e0bf6621,2015-03-22 14:51:25,informant-PC, WinMgmt ,Application,0,1,0,0,0,0,0,None,0,Application,5615,0,0,0,0,0,0,0,0,0,0,0x0080000000000000,0,0,0,0,0,0,0,2015-03-22 14:51:25,1427035885.0,14,51
1313304,59018,2f60ba38-81a1-4312-b7b8-ca9b2507d675,2015-03-22 14:51:25,informant-PC, WinMgmt ,Application,0,1,0,0,0,0,0,None,0,Application,5615,0,0,0,0,0,0,0,0,0,0,0x0080000000000000,0,0,0,0,0,0,0,2015-03-22 14:51:25,1427035885.0,14,51
1313305,59057,622424b0-5f08-4571-b894-b145ecbef89f,2015-03-22 14:51:25,informant-PC, Microsoft-Windows-Windows Firewall With Advanced Security ,Other,0,0,0,0,0,1,0,None,1044,Microsoft-Windows-Windows Firewall With Advanced Security/Firewall,2011,0,0,0,0,0,0,0,0,0,0,0x8000000000000000,0,0,0,1,0,0,0,2015-03-22 14:51:25,1427035885.0,14,51
1313306,59057,3034fe50-e69d-46b3-bf23-e8bc681ccc4d,2015-03-22 14:51:25,informant-PC, Microsoft-Windows-Windows Firewall With Advanced Security ,Other,0,0,0,0,0,1,0,None,1044,Microsoft-Windows-Windows Firewall With Advanced Security/Firewall,2011,0,0,0,0,0,0,0,0,0,0,0x8000000000000000,0,0,0,1,0,0,0,2015-03-22 14:51:25,1427035885.0,14,51
1313307,59017,ed588238-b25a-4ad0-9c68-bd55dc9a2b01,2015-03-22 14:51:25,informant-PC, Service Control Manager ,System,0,0,1,0,0,0,0,None,448,System,7036,0,0,0,0,0,0,0,0,0,0,0x8080000000000000,0,0,0,1,0,0,0,2015-03-22 14:51:25,1427035885.0,14,51
1313308,59017,85c1e75b-1256-4422-a186-e909c1829885,2015-03-22 14:51:25,informant-PC, Service Control Manager ,System,0,0,1,0,0,0,0,None,448,System,7036,0,0,0,0,0,0,0,0,0,0,0x8080000000000000,0,0,0,1,0,0,0,2015-03-22 14:51:25,1427035885.0,14,51
1313309,59017,01e1e3a0-f02b-40bc-8774-0c716a35328d,2015-03-22 14:51:25,informant-PC, Service Control Manager ,System,0,0,1,0,0,0,0,None,448,System,7036,0,0,0,0,0,0,0,0,0,0,0x8080000000000000,0,0,0,1,0,0,0,2015-03-22 14:51:25,1427035885.0,14,51
1313310,59017,3da13df8-44aa-47ea-a39d-74fb97bed54b,2015-03-22 14:51:25,informant-PC, Service Control Manager ,System,0,0,1,0,0,0,0,None,448,System,7036,0,0,0,0,0,0,0,0,0,0,0x8080000000000000,0,0,0,1,0,0,0,2015-03-22 14:51:25,1427035885.0,14,51
1313311,59017,a0471dcd-3e66-4c67-a093-5228336be357,2015-03-22 14:51:26,informant-PC, Service Control Manager ,System,0,0,1,0,0,0,0,None,448,System,7036,0,0,0,0,0,0,0,0,0,0,0x8080000000000000,0,0,0,1,0,0,0,2015-03-22 14:51:26,1427035886.0,14,51
1313312,59017,5e81b666-979e-4134-80b8-7cb48ed5f467,2015-03-22 14:51:26,informant-PC, Service Control Manager ,System,0,0,1,0,0,0,0,None,448,System,7036,0,0,0,0,0,0,0,0,0,0,0x8080000000000000,0,0,0,1,0,0,0,2015-03-22 14:51:26,1427035886.0,14,51
1313313,59019,01b89be5-7c06-4110-8800-d43390eae4fd,2015-03-22 14:51:27,informant-PC, Microsoft-Windows-Security-Auditing ,Security,1,0,0,0,0,0,0,S-1-5-7,456,Security,4624,0,0,0,1,0,0,0,0,0,12544,0x8020000000000000,0,0,0,1,0,0,0,2015-03-22 14:51:27,1427035887.0,14,51
1313314,59019,0ee874fb-aa85-4381-8869-ba9d4769e1a6,2015-03-22 14:51:27,informant-PC, Microsoft-Windows-Security-Auditing ,Security,1,0,0,0,0,0,0,S-1-5-7,456,Security,4624,0,0,0,1,0,0,0,0,0,12544,0x8020000000000000,0,0,0,1,0,0,0,2015-03-22 14:51:27,1427035887.0,14,51
1313315,59017,67f01b32-1e0f-44db-8bf3-760952a9b3da,2015-03-22 14:51:27,informant-PC, Service Control Manager ,System,0,0,1,0,0,0,0,None,448,System,7036,0,0,0,0,0,0,0,0,0,0,0x8080000000000000,0,0,0,1,0,0,0,2015-03-22 14:51:27,1427035887.0,14,51
1313316,59017,cdc9d120-9213-47d6-a9a2-60d62cd10979,2015-03-22 14:51:27,informant-PC, Service Control Manager ,System,0,0,1,0,0,0,0,None,448,System,7036,0,0,0,0,0,0,0,0,0,0,0x8080000000000000,0,0,0,1,0,0,0,2015-03-22 14:51:27,1427035887.0,14,51
1313317,59017,953554cb-43fe-40a6-823e-c93b07528f79,2015-03-22 14:51:27,informant-PC, Service Control Manager ,System,0,0,1,0,0,0,0,None,448,System,7036,0,0,0,0,0,0,0,0,0,0,0x8080000000000000,0,0,0,1,0,0,0,2015-03-22 14:51:27,1427035887.0,14,51
1313318,59017,42507628-e041-4ef9-a904-dea29ddf5db8,2015-03-22 14:51:27,informant-PC, Service Control Manager ,System,0,0,1,0,0,0,0,None,448,System,7036,0,0,0,0,0,0,0,0,0,0,0x8080000000000000,0,0,0,1,0,0,0,2015-03-22 14:51:27,1427035887.0,14,51
1313319,59017,9cc1e1c7-65c4-4af3-b1f3-bbec7d6e2994,2015-03-22 14:51:27,informant-PC, Service Control Manager ,System,0,0,1,0,0,0,0,None,448,System,7036,0,0,0,0,0,0,0,0,0,0,0x8080000000000000,0,0,0,1,0,0,0,2015-03-22 14:51:27,1427035887.0,14,51
1313320,59017,69164a28-4748-4872-9978-ab5fdfabbc2a,2015-03-22 14:51:27,informant-PC, Service Control Manager ,System,0,0,1,0,0,0,0,None,448,System,7036,0,0,0,0,0,0,0,0,0,0,0x8080000000000000,0,0,0,1,0,0,0,2015-03-22 14:51:27,1427035887.0,14,51
1313321,59017,bee60576-aa33-48f2-880d-2c064cd88f87,2015-03-22 14:51:27,informant-PC, Service Control Manager ,System,0,0,1,0,0,0,0,None,448,System,7036,0,0,0,0,0,0,0,0,0,0,0x8080000000000000,0,0,0,1,0,0,0,2015-03-22 14:51:27,1427035887.0,14,51
1313322,59017,9a5ac385-63a7-46a5-9550-3ea888a9d187,2015-03-22 14:51:27,informant-PC, Service Control Manager ,System,0,0,1,0,0,0,0,None,448,System,7036,0,0,0,0,0,0,0,0,0,0,0x8080000000000000,0,0,0,1,0,0,0,2015-03-22 14:51:27,1427035887.0,14,51
1313323,59017,c42759ac-fac3-44d3-a003-3d950b7bcff1,2015-03-22 14:51:27,informant-PC, Service Control Manager ,System,0,0,1,0,0,0,0,None,448,System,7036,0,0,0,0,0,0,0,0,0,0,0x8080000000000000,0,0,0,1,0,0,0,2015-03-22 14:51:27,1427035887.0,14,51
1313324,59017,8f2b3a12-b49e-48b2-9cfc-23c6cf161709,2015-03-22 14:51:27,informant-PC, Service Control Manager ,System,0,0,1,0,0,0,0,None,448,System,7036,0,0,0,0,0,0,0,0,0,0,0x8080000000000000,0,0,0,1,0,0,0,2015-03-22 14:51:27,1427035887.0,14,51
1313325,59061,7d38adeb-0862-43da-bc67-e5609b2643df,2015-03-22 14:51:27,informant-PC, Microsoft-Windows-Diagnosis-DPS ,Other,0,0,0,0,0,1,0,None,1044,Microsoft-Windows-Diagnosis-DPS/Operational,100,0,0,0,0,0,0,0,0,0,1,0x4000000800000000,0,0,1,0,0,0,0,2015-03-22 14:51:27,1427035887.0,14,51
1313326,59061,39f5a7b4-4fcf-455d-88d6-374f2230af71,2015-03-22 14:51:27,informant-PC, Microsoft-Windows-Diagnosis-DPS ,Other,0,0,0,0,0,1,0,None,1044,Microsoft-Windows-Diagnosis-DPS/Operational,105,0,0,0,0,0,0,0,0,0,1,0x4000000800000000,0,0,1,0,0,0,0,2015-03-22 14:51:27,1427035887.0,14,51
1313327,59061,ed1f1853-1bbb-4847-8d24-dcaac427c6c3,2015-03-22 14:51:27,informant-PC, Microsoft-Windows-Diagnosis-DPS ,Other,0,0,0,0,0,1,0,None,1044,Microsoft-Windows-Diagnosis-DPS/Operational,105,0,0,0,0,0,0,0,0,0,1,0x4000000800000000,0,0,1,0,0,0,0,2015-03-22 14:51:27,1427035887.0,14,51
1313328,59061,ce188f42-ce64-4cfb-a584-6d3916d64ff4,2015-03-22 14:51:27,informant-PC, Microsoft-Windows-Diagnosis-DPS ,Other,0,0,0,0,0,1,0,None,1044,Microsoft-Windows-Diagnosis-DPS/Operational,100,0,0,0,0,0,0,0,0,0,1,0x4000000800000000,0,0,1,0,0,0,0,2015-03-22 14:51:27,1427035887.0,14,51
1313329,59017,2ca4a103-f02b-4cf5-941e-2ab01e167df9,2015-03-22 14:51:28,informant-PC, Service Control Manager ,System,0,0,1,0,0,0,0,None,448,System,7036,0,0,0,0,0,0,0,0,0,0,0x8080000000000000,0,0,0,1,0,0,0,2015-03-22 14:51:28,1427035888.0,14,51
1313330,59017,9bc1170c-13fa-4758-91e7-dc65c6dc9e5b,2015-03-22 14:51:28,informant-PC, Service Control Manager ,System,0,0,1,0,0,0,0,None,448,System,7036,0,0,0,0,0,0,0,0,0,0,0x8080000000000000,0,0,0,1,0,0,0,2015-03-22 14:51:28,1427035888.0,14,51
1313331,59081,7be64252-013b-4950-a64c-4bd01e41fa40,2015-03-22 14:51:28,informant-PC, Microsoft-Windows-NetworkProfile ,Other,0,0,0,0,0,1,0,None,932,Microsoft-Windows-NetworkProfile/Operational,4001,0,0,0,0,0,0,0,0,0,1,0x4000200000000000,0,0,1,0,0,0,0,2015-03-22 14:51:28,1427035888.0,14,51
1313332,59081,5d5ee08e-0415-4ab8-ad46-62766164d61e,2015-03-22 14:51:28,informant-PC, Microsoft-Windows-NetworkProfile ,Other,0,0,0,0,0,1,0,None,932,Microsoft-Windows-NetworkProfile/Operational,4001,0,0,0,0,0,0,0,0,0,1,0x4000200000000000,0,0,1,0,0,0,0,2015-03-22 14:51:28,1427035888.0,14,51
1313333,59081,31f31fea-a982-4c05-9813-a7c86833fa03,2015-03-22 14:51:28,informant-PC, Microsoft-Windows-NetworkProfile ,Other,0,0,0,0,0,1,0,None,932,Microsoft-Windows-NetworkProfile/Operational,10000,0,0,0,0,0,0,0,0,0,0,0x4000200000000000,0,0,1,0,0,0,0,2015-03-22 14:51:28,1427035888.0,14,51
1313334,59081,141c8f0d-7e90-4bbd-979d-d4fa57fb9a9f,2015-03-22 14:51:28,informant-PC, Microsoft-Windows-NetworkProfile ,Other,0,0,0,0,0,1,0,None,932,Microsoft-Windows-NetworkProfile/Operational,10000,0,0,0,0,0,0,0,0,0,0,0x4000200000000000,0,0,1,0,0,0,0,2015-03-22 14:51:28,1427035888.0,14,51
1313335,59057,2d0ed92f-6c9b-41fb-a4ae-211c9865a588,2015-03-22 14:51:28,informant-PC, Microsoft-Windows-Windows Firewall With Advanced Security ,Other,0,0,0,0,0,1,0,None,1044,Microsoft-Windows-Windows Firewall With Advanced Security/Firewall,2010,0,0,0,0,0,0,0,0,0,0,0x8000000000000000,0,0,0,1,0,0,0,2015-03-22 14:51:28,1427035888.0,14,51
1313336,59057,bf096d36-0198-4fc9-bac8-046784ce2f84,2015-03-22 14:51:28,informant-PC, Microsoft-Windows-Windows Firewall With Advanced Security ,Other,0,0,0,0,0,1,0,None,1044,Microsoft-Windows-Windows Firewall With Advanced Security/Firewall,2010,0,0,0,0,0,0,0,0,0,0,0x8000000000000000,0,0,0,1,0,0,0,2015-03-22 14:51:28,1427035888.0,14,51
1313337,59018,5b136e24-04f4-4594-ae0d-5449a1d465b8,2015-03-22 14:51:29,informant-PC, WinMgmt ,Application,0,1,0,0,0,0,0,None,0,Application,5617,0,0,0,0,0,0,0,0,0,0,0x0080000000000000,0,0,0,0,0,0,0,2015-03-22 14:51:29,1427035889.0,14,51
1313338,59018,6096f821-1707-4198-b70f-4e1616623c80,2015-03-22 14:51:29,informant-PC, WinMgmt ,Application,0,1,0,0,0,0,0,None,0,Application,5617,0,0,0,0,0,0,0,0,0,0,0x0080000000000000,0,0,0,0,0,0,0,2015-03-22 14:51:29,1427035889.0,14,51
1313339,59081,3f223bd8-58ec-44a3-a899-e0b988161032,2015-03-22 14:51:30,informant-PC, Microsoft-Windows-NetworkProfile ,Other,0,0,0,0,0,1,0,None,932,Microsoft-Windows-NetworkProfile/Operational,4003,0,0,0,0,0,0,0,0,0,1,0x4001200000000000,0,0,1,0,0,0,0,2015-03-22 14:51:30,1427035890.0,14,51
1313340,59081,41d3a1a7-3100-4b18-b4f0-55f120b4b8eb,2015-03-22 14:51:30,informant-PC, Microsoft-Windows-NetworkProfile ,Other,0,0,0,0,0,1,0,None,932,Microsoft-Windows-NetworkProfile/Operational,4003,0,0,0,0,0,0,0,0,0,1,0x4001200000000000,0,0,1,0,0,0,0,2015-03-22 14:51:30,1427035890.0,14,51
1313341,59081,7b970342-f6df-402a-99f7-8e237e93c98a,2015-03-22 14:51:30,informant-PC, Microsoft-Windows-NetworkProfile ,Other,0,0,0,0,0,1,0,None,932,Microsoft-Windows-NetworkProfile/Operational,10000,0,0,0,0,0,0,0,0,0,0,0x4000200000000000,0,0,1,0,0,0,0,2015-03-22 14:51:30,1427035890.0,14,51
1313342,59081,2f310fea-0405-4045-932c-b0e2f148b49d,2015-03-22 14:51:30,informant-PC, Microsoft-Windows-NetworkProfile ,Other,0,0,0,0,0,1,0,None,932,Microsoft-Windows-NetworkProfile/Operational,10000,0,0,0,0,0,0,0,0,0,0,0x4000200000000000,0,0,1,0,0,0,0,2015-03-22 14:51:30,1427035890.0,14,51
1313343,59017,16f7b95b-0b32-45e4-b99f-6f5ea4f32b7d,2015-03-22 14:51:37,informant-PC, Microsoft-Windows-DNS-Client ,System,0,0,1,0,0,0,0,None,252,System,1014,0,0,0,0,0,0,0,0,0,0,0x4000000000000000,0,0,1,0,0,0,0,2015-03-22 14:51:37,1427035897.0,14,51
1313344,59017,53e2995d-9e00-4d2c-9418-6d3e01e4caa5,2015-03-22 14:51:37,informant-PC, Microsoft-Windows-DNS-Client ,System,0,0,1,0,0,0,0,None,252,System,1014,0,0,0,0,0,0,0,0,0,0,0x4000000000000000,0,0,1,0,0,0,0,2015-03-22 14:51:37,1427035897.0,14,51
1313345,59051,8d170cbb-634d-403c-9463-4eafb5733b58,2015-03-22 14:52:15,informant-PC, Microsoft-Windows-ReadyBoost ,Other,0,0,0,0,0,1,0,None,760,Microsoft-Windows-ReadyBoost/Operational,1015,0,0,0,0,0,0,0,0,0,1016,0x8000000000002000,0,0,0,1,0,0,0,2015-03-22 14:52:15,1427035935.0,14,52
1313346,59051,fe427b78-a171-4ccf-86a1-c84d074c1b5a,2015-03-22 14:52:15,informant-PC, Microsoft-Windows-ReadyBoost ,Other,0,0,0,0,0,1,0,None,760,Microsoft-Windows-ReadyBoost/Operational,1015,0,0,0,0,0,0,0,0,0,1016,0x8000000000002000,0,0,0,1,0,0,0,2015-03-22 14:52:15,1427035935.0,14,52
1313357,59051,2b483294-0e78-4cfa-8bbe-ae8ec1870f56,2015-03-22 14:52:15,informant-PC, Microsoft-Windows-ReadyBoost ,Other,0,0,0,0,0,1,0,None,760,Microsoft-Windows-ReadyBoost/Operational,1016,0,0,0,0,0,0,0,0,0,1016,0x8000000000002000,0,0,0,1,0,0,0,2015-03-22 14:52:15,1427035935.0,14,52
1313358,59051,7eb992fb-ede7-4f3f-b027-8452217773a0,2015-03-22 14:52:15,informant-PC, Microsoft-Windows-ReadyBoost ,Other,0,0,0,0,0,1,0,None,760,Microsoft-Windows-ReadyBoost/Operational,1016,0,0,0,0,0,0,0,0,0,1016,0x8000000000002000,0,0,0,1,0,0,0,2015-03-22 14:52:15,1427035935.0,14,52
1313495,59018,08989a39-6652-40a8-a276-beacaa24fb76,2015-03-22 14:52:58,informant-PC, WinMgmt ,Application,0,1,0,0,0,0,0,None,0,Application,10,0,0,0,0,0,0,0,0,0,0,0x0080000000000000,0,0,0,0,0,0,0,2015-03-22 14:52:58,1427035978.0,14,52
1313496,59018,19fda7a2-9a6e-4166-8ca3-09911b06e110,2015-03-22 14:52:58,informant-PC, WinMgmt ,Application,0,1,0,0,0,0,0,None,0,Application,10,0,0,0,0,0,0,0,0,0,0,0x0080000000000000,0,0,0,0,0,0,0,2015-03-22 14:52:58,1427035978.0,14,52
1313501,59017,fd702855-036d-40f8-9ca0-d59f115ab1d6,2015-03-22 14:53:27,informant-PC, Service Control Manager ,System,0,0,1,0,0,0,0,None,448,System,7036,0,0,0,0,0,0,0,0,0,0,0x8080000000000000,0,0,0,1,0,0,0,2015-03-22 14:53:27,1427036007.0,14,53
1313502,59017,37386af9-5789-4e18-8fd8-fbdaf8133450,2015-03-22 14:53:27,informant-PC, Service Control Manager ,System,0,0,1,0,0,0,0,None,448,System,7036,0,0,0,0,0,0,0,0,0,0,0x8080000000000000,0,0,0,1,0,0,0,2015-03-22 14:53:27,1427036007.0,14,53
1313503,59017,f0e1bc19-130a-4fe4-86df-3d303dc199ff,2015-03-22 14:53:27,informant-PC, Service Control Manager ,System,0,0,1,0,0,0,0,None,448,System,7036,0,0,0,0,0,0,0,0,0,0,0x8080000000000000,0,0,0,1,0,0,0,2015-03-22 14:53:27,1427036007.0,14,53
1313504,59017,f988061c-5a8b-4968-8818-326f8c9f7ada,2015-03-22 14:53:27,informant-PC, Service Control Manager ,System,0,0,1,0,0,0,0,None,448,System,7036,0,0,0,0,0,0,0,0,0,0,0x8080000000000000,0,0,0,1,0,0,0,2015-03-22 14:53:27,1427036007.0,14,53
1313505,59017,b6a63da6-6cad-4297-be63-d4809a0ceb3a,2015-03-22 14:53:29,informant-PC, Service Control Manager ,System,0,0,1,0,0,0,0,None,448,System,7036,0,0,0,0,0,0,0,0,0,0,0x8080000000000000,0,0,0,1,0,0,0,2015-03-22 14:53:29,1427036009.0,14,53
1313506,59017,0d8229e1-3ced-404b-ac49-efafcb83349b,2015-03-22 14:53:29,informant-PC, Service Control Manager ,System,0,0,1,0,0,0,0,None,448,System,7036,0,0,0,0,0,0,0,0,0,0,0x8080000000000000,0,0,0,1,0,0,0,2015-03-22 14:53:29,1427036009.0,14,53
1313507,59017,bf630b6d-7029-446e-86e4-ba4e510f96cd,2015-03-22 14:53:29,informant-PC, Service Control Manager ,System,0,0,1,0,0,0,0,None,448,System,7036,0,0,0,0,0,0,0,0,0,0,0x8080000000000000,0,0,0,1,0,0,0,2015-03-22 14:53:29,1427036009.0,14,53
1313508,59017,a549b1ff-71c6-4f69-96be-f97843cf0eec,2015-03-22 14:53:29,informant-PC, Service Control Manager ,System,0,0,1,0,0,0,0,None,448,System,7036,0,0,0,0,0,0,0,0,0,0,0x8080000000000000,0,0,0,1,0,0,0,2015-03-22 14:53:29,1427036009.0,14,53
1313509,59112,33dde14e-26a8-4519-9208-c846f52d67c9,2015-03-22 14:53:29,informant-PC, Microsoft-Windows-Bits-Client ,Other,0,0,0,0,0,1,0,None,784,Microsoft-Windows-Bits-Client/Operational,306,0,0,0,0,0,0,0,0,0,0,0x4000000000000000,0,0,1,0,0,0,0,2015-03-22 14:53:29,1427036009.0,14,53
1313510,59112,4154f64e-ee67-47fd-9aeb-9cc49f9082da,2015-03-22 14:53:29,informant-PC, Microsoft-Windows-Bits-Client ,Other,0,0,0,0,0,1,0,None,784,Microsoft-Windows-Bits-Client/Operational,306,0,0,0,0,0,0,0,0,0,0,0x4000000000000000,0,0,1,0,0,0,0,2015-03-22 14:53:29,1427036009.0,14,53
1313511,59017,8e5a9319-d6c9-4ff9-817c-6ad7c1284a09,2015-03-22 14:53:29,informant-PC, Service Control Manager ,System,0,0,1,0,0,0,0,None,448,System,7036,0,0,0,0,0,0,0,0,0,0,0x8080000000000000,0,0,0,1,0,0,0,2015-03-22 14:53:29,1427036009.0,14,53
1313512,59017,d5d037ae-35f7-464b-afd4-8d3eac5f157d,2015-03-22 14:53:29,informant-PC, Service Control Manager ,System,0,0,1,0,0,0,0,None,448,System,7036,0,0,0,0,0,0,0,0,0,0,0x8080000000000000,0,0,0,1,0,0,0,2015-03-22 14:53:29,1427036009.0,14,53
1313513,59018,5489b81a-04a4-4510-8838-3ceb8dc5fe9c,2015-03-22 14:53:30,informant-PC, Software Protection Platform Service ,Application,0,1,0,0,0,0,0,None,0,Application,900,0,0,0,0,0,0,0,0,0,0,0x0080000000000000,0,0,0,0,0,0,0,2015-03-22 14:53:30,1427036010.0,14,53
1313514,59018,1629eb42-1dc1-41a9-9c6a-e2f3c450d4be,2015-03-22 14:53:30,informant-PC, Software Protection Platform Service ,Application,0,1,0,0,0,0,0,None,0,Application,900,0,0,0,0,0,0,0,0,0,0,0x0080000000000000,0,0,0,0,0,0,0,2015-03-22 14:53:30,1427036010.0,14,53
1313515,59017,bef0aa4d-371e-4f7d-9f94-7d68e6a8e4de,2015-03-22 14:53:30,informant-PC, Service Control Manager ,System,0,0,1,0,0,0,0,None,448,System,7036,0,0,0,0,0,0,0,0,0,0,0x8080000000000000,0,0,0,1,0,0,0,2015-03-22 14:53:30,1427036010.0,14,53
1313516,59017,0f3023d3-d37e-4946-b17d-149d96124873,2015-03-22 14:53:30,informant-PC, Service Control Manager ,System,0,0,1,0,0,0,0,None,448,System,7036,0,0,0,0,0,0,0,0,0,0,0x8080000000000000,0,0,0,1,0,0,0,2015-03-22 14:53:30,1427036010.0,14,53
1313517,59017,df424805-11fc-48ed-b94b-6078265cbe1e,2015-03-22 14:53:30,informant-PC, Service Control Manager ,System,0,0,1,0,0,0,0,None,448,System,7036,0,0,0,0,0,0,0,0,0,0,0x8080000000000000,0,0,0,1,0,0,0,2015-03-22 14:53:30,1427036010.0,14,53
1313518,59017,9985bfbe-6d26-4c62-9588-dd643eeedab6,2015-03-22 14:53:30,informant-PC, Service Control Manager ,System,0,0,1,0,0,0,0,None,448,System,7036,0,0,0,0,0,0,0,0,0,0,0x8080000000000000,0,0,0,1,0,0,0,2015-03-22 14:53:30,1427036010.0,14,53
1313519,59019,2e3b6f84-9c10-4d28-9f58-433f025b6ad8,2015-03-22 14:53:30,informant-PC, Microsoft-Windows-Security-Auditing ,Security,1,0,0,0,0,0,0,S-1-5-18,456,Security,4624,0,0,0,1,0,0,0,0,0,12544,0x8020000000000000,0,0,0,1,0,0,0,2015-03-22 14:53:30,1427036010.0,14,53
1313520,59019,0cd686c3-8397-4b37-b901-9337a7cddee9,2015-03-22 14:53:30,informant-PC, Microsoft-Windows-Security-Auditing ,Security,1,0,0,0,0,0,0,S-1-5-18,456,Security,4624,0,0,0,1,0,0,0,0,0,12544,0x8020000000000000,0,0,0,1,0,0,0,2015-03-22 14:53:30,1427036010.0,14,53
1313521,59019,641bdf44-287f-4d37-815b-f91eb8bef042,2015-03-22 14:53:30,informant-PC, Microsoft-Windows-Security-Auditing ,Security,1,0,0,0,0,0,0,None,456,Security,4672,0,0,0,1,0,0,0,0,0,12548,0x8020000000000000,0,0,0,1,0,0,0,2015-03-22 14:53:30,1427036010.0,14,53
1313522,59019,4a26981f-58cd-4700-a9b1-01d6d43701d6,2015-03-22 14:53:30,informant-PC, Microsoft-Windows-Security-Auditing ,Security,1,0,0,0,0,0,0,None,456,Security,4672,0,0,0,1,0,0,0,0,0,12548,0x8020000000000000,0,0,0,1,0,0,0,2015-03-22 14:53:30,1427036010.0,14,53
1313523,59017,e7eaa418-7bf8-4df1-9cbc-f7b20db2189b,2015-03-22 14:53:31,informant-PC, Service Control Manager ,System,0,0,1,0,0,0,0,None,448,System,7036,0,0,0,0,0,0,0,0,0,0,0x8080000000000000,0,0,0,1,0,0,0,2015-03-22 14:53:31,1427036011.0,14,53
1313524,59017,81db1106-a4c1-4a56-8246-6f1c0485833c,2015-03-22 14:53:31,informant-PC, Service Control Manager ,System,0,0,1,0,0,0,0,None,448,System,7036,0,0,0,0,0,0,0,0,0,0,0x8080000000000000,0,0,0,1,0,0,0,2015-03-22 14:53:31,1427036011.0,14,53
1313525,59030,2466b442-18c0-4c26-b24e-e23b6cf68487,2015-03-22 14:53:31,informant-PC, Microsoft-Windows-Windows Defender ,Other,0,0,0,0,0,1,0,None,2020,Microsoft-Windows-Windows Defender/WHC,101,0,0,0,0,0,0,0,0,0,0,0x4000000000000000,0,0,1,0,0,0,0,2015-03-22 14:53:31,1427036011.0,14,53
1313526,59030,4f0cac98-b020-4343-bdb2-c387556199eb,2015-03-22 14:53:31,informant-PC, Microsoft-Windows-Windows Defender ,Other,0,0,0,0,0,1,0,None,2020,Microsoft-Windows-Windows Defender/WHC,101,0,0,0,0,0,0,0,0,0,0,0x4000000000000000,0,0,1,0,0,0,0,2015-03-22 14:53:31,1427036011.0,14,53
1313527,59017,bae509f4-ea02-4db5-b647-9add105aa275,2015-03-22 14:53:31,informant-PC, Service Control Manager ,System,0,0,1,0,0,0,0,None,448,System,7036,0,0,0,0,0,0,0,0,0,0,0x8080000000000000,0,0,0,1,0,0,0,2015-03-22 14:53:31,1427036011.0,14,53
1313528,59017,e4c31ec2-6087-48e4-8d2c-7ad267a4f8cd,2015-03-22 14:53:31,informant-PC, Service Control Manager ,System,0,0,1,0,0,0,0,None,448,System,7036,0,0,0,0,0,0,0,0,0,0,0x8080000000000000,0,0,0,1,0,0,0,2015-03-22 14:53:31,1427036011.0,14,53
1313529,59019,58e3d9a1-1ef9-4de2-9551-615cf416a8b4,2015-03-22 14:53:31,informant-PC, Microsoft-Windows-Security-Auditing ,Security,1,0,0,0,0,0,0,S-1-5-18,456,Security,4624,0,0,0,1,0,0,0,0,0,12544,0x8020000000000000,0,0,0,1,0,0,0,2015-03-22 14:53:31,1427036011.0,14,53
1313530,59019,1a5723e1-60d5-4ebf-b96a-6d5e2c273e32,2015-03-22 14:53:31,informant-PC, Microsoft-Windows-Security-Auditing ,Security,1,0,0,0,0,0,0,None,456,Security,4672,0,0,0,1,0,0,0,0,0,12548,0x8020000000000000,0,0,0,1,0,0,0,2015-03-22 14:53:31,1427036011.0,14,53
1313531,59019,62bf5808-5f7a-4e1b-af8f-8dfb0684f8a7,2015-03-22 14:53:31,informant-PC, Microsoft-Windows-Security-Auditing ,Security,1,0,0,0,0,0,0,S-1-5-18,456,Security,4624,0,0,0,1,0,0,0,0,0,12544,0x8020000000000000,0,0,0,1,0,0,0,2015-03-22 14:53:31,1427036011.0,14,53
1313532,59019,62a12f1b-b7f3-4431-8fc6-bb9ddfa07cfa,2015-03-22 14:53:31,informant-PC, Microsoft-Windows-Security-Auditing ,Security,1,0,0,0,0,0,0,None,456,Security,4672,0,0,0,1,0,0,0,0,0,12548,0x8020000000000000,0,0,0,1,0,0,0,2015-03-22 14:53:31,1427036011.0,14,53
1313533,59018,e1239ba4-7106-4dae-bb8a-53600b42d306,2015-03-22 14:53:32,informant-PC, Software Protection Platform Service ,Application,0,1,0,0,0,0,0,None,0,Application,1066,0,0,0,0,0,0,0,0,0,0,0x0080000000000000,0,0,0,0,0,0,0,2015-03-22 14:53:32,1427036012.0,14,53
1313534,59018,cdc906fc-9ec4-4239-9b41-835b9cda0b4c,2015-03-22 14:53:32,informant-PC, SecurityCenter ,Application,0,1,0,0,0,0,0,None,None,Application,1,0,0,0,0,0,0,0,0,0,0,0x0080000000000000,0,0,0,0,0,0,0,2015-03-22 14:53:32,1427036012.0,14,53
1313535,59018,324afc90-5a9c-4a14-90fd-59e24f033821,2015-03-22 14:53:32,informant-PC, Software Protection Platform Service ,Application,0,1,0,0,0,0,0,None,0,Application,1066,0,0,0,0,0,0,0,0,0,0,0x0080000000000000,0,0,0,0,0,0,0,2015-03-22 14:53:32,1427036012.0,14,53
1313536,59018,fdb5c8cf-d336-424b-86a4-8396bdeb7de0,2015-03-22 14:53:32,informant-PC, SecurityCenter ,Application,0,1,0,0,0,0,0,None,None,Application,1,0,0,0,0,0,0,0,0,0,0,0x0080000000000000,0,0,0,0,0,0,0,2015-03-22 14:53:32,1427036012.0,14,53
1313537,59018,7ffe5071-77da-471e-ab70-837417896d92,2015-03-22 14:53:33,informant-PC, ESENT ,Application,0,1,0,0,0,0,0,None,None,Application,301,0,0,0,0,0,0,0,0,0,3,0x0080000000000000,0,0,0,0,0,0,0,2015-03-22 14:53:33,1427036013.0,14,53
1313538,59018,478b5838-e5e8-46f3-9939-5c175dd52330,2015-03-22 14:53:33,informant-PC, Software Protection Platform Service ,Application,0,1,0,0,0,0,0,None,0,Application,1003,0,0,0,0,0,0,0,0,0,0,0x0080000000000000,0,0,0,0,0,0,0,2015-03-22 14:53:33,1427036013.0,14,53
1313539,59018,f0a4616d-1120-4199-a947-81d6ffcc9cc4,2015-03-22 14:53:33,informant-PC, Software Protection Platform Service ,Application,0,1,0,0,0,0,0,None,0,Application,1003,0,0,0,0,0,0,0,0,0,0,0x0080000000000000,0,0,0,0,0,0,0,2015-03-22 14:53:33,1427036013.0,14,53
1313540,59018,bb5b83dc-a8f7-42fe-8676-72d215039e17,2015-03-22 14:53:33,informant-PC, ESENT ,Application,0,1,0,0,0,0,0,None,None,Application,301,0,0,0,0,0,0,0,0,0,3,0x0080000000000000,0,0,0,0,0,0,0,2015-03-22 14:53:33,1427036013.0,14,53
1313541,59018,f00424be-2a6a-4a77-be93-da9443e00835,2015-03-22 14:53:33,informant-PC, Software Protection Platform Service ,Application,0,1,0,0,0,0,0,None,0,Application,1033,0,0,0,0,0,0,0,0,0,0,0x0080000000000000,0,0,0,0,0,0,0,2015-03-22 14:53:33,1427036013.0,14,53
1313542,59018,1853f344-fd97-4723-9b3b-836e7a7be2d5,2015-03-22 14:53:33,informant-PC, Software Protection Platform Service ,Application,0,1,0,0,0,0,0,None,0,Application,902,0,0,0,0,0,0,0,0,0,0,0x0080000000000000,0,0,0,0,0,0,0,2015-03-22 14:53:33,1427036013.0,14,53
1313543,59018,de7dc731-1554-4799-9602-57454359e6f0,2015-03-22 14:53:33,informant-PC, ESENT ,Application,0,1,0,0,0,0,0,None,None,Application,102,0,0,0,0,0,0,0,0,0,1,0x0080000000000000,0,0,0,0,0,0,0,2015-03-22 14:53:33,1427036013.0,14,53
1313544,59018,6bfec580-56ec-4eb9-a153-0ffeb62f2ed2,2015-03-22 14:53:33,informant-PC, Software Protection Platform Service ,Application,0,1,0,0,0,0,0,None,0,Application,1033,0,0,0,0,0,0,0,0,0,0,0x0080000000000000,0,0,0,0,0,0,0,2015-03-22 14:53:33,1427036013.0,14,53
1313545,59018,1f07fe12-5318-4bd6-8b92-1bf7b92aac52,2015-03-22 14:53:33,informant-PC, ESENT ,Application,0,1,0,0,0,0,0,None,None,Application,302,0,0,0,0,0,0,0,0,0,3,0x0080000000000000,0,0,0,0,0,0,0,2015-03-22 14:53:33,1427036013.0,14,53
1313546,59018,93071d61-f1ee-42da-8b0a-d31ae348e81d,2015-03-22 14:53:33,informant-PC, ESENT ,Application,0,1,0,0,0,0,0,None,None,Application,300,0,0,0,0,0,0,0,0,0,3,0x0080000000000000,0,0,0,0,0,0,0,2015-03-22 14:53:33,1427036013.0,14,53
1313547,59018,dcee8bc1-9693-4c06-b9e8-68218ac14677,2015-03-22 14:53:33,informant-PC, Software Protection Platform Service ,Application,0,1,0,0,0,0,0,None,0,Application,902,0,0,0,0,0,0,0,0,0,0,0x0080000000000000,0,0,0,0,0,0,0,2015-03-22 14:53:33,1427036013.0,14,53
1313548,59018,67038157-3702-47c8-8f56-486eeb279292,2015-03-22 14:53:33,informant-PC, ESENT ,Application,0,1,0,0,0,0,0,None,None,Application,102,0,0,0,0,0,0,0,0,0,1,0x0080000000000000,0,0,0,0,0,0,0,2015-03-22 14:53:33,1427036013.0,14,53
1313549,59018,e124840c-49db-464b-8aea-207488e57d69,2015-03-22 14:53:33,informant-PC, ESENT ,Application,0,1,0,0,0,0,0,None,None,Application,300,0,0,0,0,0,0,0,0,0,3,0x0080000000000000,0,0,0,0,0,0,0,2015-03-22 14:53:33,1427036013.0,14,53
1313550,59018,58a6704d-930d-4027-87f8-96eb45238bc1,2015-03-22 14:53:33,informant-PC, ESENT ,Application,0,1,0,0,0,0,0,None,None,Application,301,0,0,0,0,0,0,0,0,0,3,0x0080000000000000,0,0,0,0,0,0,0,2015-03-22 14:53:33,1427036013.0,14,53
1313551,59018,ba180265-8613-4f9d-8001-6d5f9cb87a1a,2015-03-22 14:53:33,informant-PC, ESENT ,Application,0,1,0,0,0,0,0,None,None,Application,301,0,0,0,0,0,0,0,0,0,3,0x0080000000000000,0,0,0,0,0,0,0,2015-03-22 14:53:33,1427036013.0,14,53
1313552,59018,c09abde7-f83e-4f67-98e1-d0d6aed3a7b9,2015-03-22 14:53:33,informant-PC, ESENT ,Application,0,1,0,0,0,0,0,None,None,Application,302,0,0,0,0,0,0,0,0,0,3,0x0080000000000000,0,0,0,0,0,0,0,2015-03-22 14:53:33,1427036013.0,14,53
1313553,59018,73ac7f00-b4ea-4f2b-997f-de00d4d6663f,2015-03-22 14:53:34,informant-PC, Windows Search Service ,Application,0,1,0,0,0,0,0,None,0,Application,1003,0,0,0,0,0,0,0,0,0,1,0x0080000000000000,0,0,0,0,0,0,0,2015-03-22 14:53:34,1427036014.0,14,53
1313554,59018,cade9b5b-36b7-426a-a70f-750e30153ca0,2015-03-22 14:53:34,informant-PC, Windows Search Service ,Application,0,1,0,0,0,0,0,None,0,Application,1003,0,0,0,0,0,0,0,0,0,1,0x0080000000000000,0,0,0,0,0,0,0,2015-03-22 14:53:34,1427036014.0,14,53
1313555,59017,b5a5697a-06b2-45c7-835f-ad96cd90b39c,2015-03-22 14:53:34,informant-PC, Service Control Manager ,System,0,0,1,0,0,0,0,None,448,System,7036,0,0,0,0,0,0,0,0,0,0,0x8080000000000000,0,0,0,1,0,0,0,2015-03-22 14:53:34,1427036014.0,14,53
1313556,59017,a0e6401d-9191-4b54-b56e-05818e80e700,2015-03-22 14:53:34,informant-PC, Service Control Manager ,System,0,0,1,0,0,0,0,None,448,System,7036,0,0,0,0,0,0,0,0,0,0,0x8080000000000000,0,0,0,1,0,0,0,2015-03-22 14:53:34,1427036014.0,14,53
1313557,59017,f72ec09e-da14-4ce0-9b7b-bbde4db2cd4d,2015-03-22 14:53:36,informant-PC, Service Control Manager ,System,0,0,1,0,0,0,0,None,448,System,7036,0,0,0,0,0,0,0,0,0,0,0x8080000000000000,0,0,0,1,0,0,0,2015-03-22 14:53:36,1427036016.0,14,53
1313558,59017,3b8bb724-b786-4ac0-9fea-1a70a4b694d5,2015-03-22 14:53:36,informant-PC, Service Control Manager ,System,0,0,1,0,0,0,0,None,448,System,7036,0,0,0,0,0,0,0,0,0,0,0x8080000000000000,0,0,0,1,0,0,0,2015-03-22 14:53:36,1427036016.0,14,53
1313559,59030,07bbda17-028d-454b-a135-07d58ac4b330,2015-03-22 14:53:37,informant-PC, Microsoft-Windows-Windows Defender ,Other,0,0,0,0,0,1,0,None,2020,Microsoft-Windows-Windows Defender/WHC,101,0,0,0,0,0,0,0,0,0,0,0x4000000000000000,0,0,1,0,0,0,0,2015-03-22 14:53:37,1427036017.0,14,53
1313560,59030,4324d116-210a-48d9-95ee-291b742fe92d,2015-03-22 14:53:37,informant-PC, Microsoft-Windows-Windows Defender ,Other,0,0,0,0,0,1,0,None,2020,Microsoft-Windows-Windows Defender/WHC,101,0,0,0,0,0,0,0,0,0,0,0x4000000000000000,0,0,1,0,0,0,0,2015-03-22 14:53:37,1427036017.0,14,53
1313561,59019,a233dfcb-4d9f-4d00-999d-4d969a81b09f,2015-03-22 14:53:39,informant-PC, Microsoft-Windows-Security-Auditing ,Security,1,0,0,0,0,0,0,S-1-5-21-2425377081-3129163575-2985601102-1000,456,Security,4624,0,0,0,1,0,0,0,0,0,12544,0x8020000000000000,0,0,0,1,0,0,0,2015-03-22 14:53:39,1427036019.0,14,53
1313562,59019,52d9acc2-1ce6-41b9-a535-38fd1589ed1e,2015-03-22 14:53:39,informant-PC, Microsoft-Windows-Security-Auditing ,Security,1,0,0,0,0,0,0,None,456,Security,4672,0,0,0,1,0,0,0,0,0,12548,0x8020000000000000,0,0,0,1,0,0,0,2015-03-22 14:53:39,1427036019.0,14,53
1313563,59019,c16287ec-8cc3-427f-befc-eea44a4cf70c,2015-03-22 14:53:39,informant-PC, Microsoft-Windows-Security-Auditing ,Security,1,0,0,0,0,0,0,None,456,Security,4648,0,0,0,1,0,0,0,0,0,12544,0x8020000000000000,0,0,0,1,0,0,0,2015-03-22 14:53:39,1427036019.0,14,53
1313564,59019,f2e9e02e-c9aa-427c-a68c-31c39e68c0f2,2015-03-22 14:53:39,informant-PC, Microsoft-Windows-Security-Auditing ,Security,1,0,0,0,0,0,0,S-1-5-21-2425377081-3129163575-2985601102-1000,456,Security,4624,0,0,0,1,0,0,0,0,0,12544,0x8020000000000000,0,0,0,1,0,0,0,2015-03-22 14:53:39,1427036019.0,14,53
1313565,59019,ba7bc8b0-7b99-471b-bfe3-ff4f849f6f40,2015-03-22 14:53:39,informant-PC, Microsoft-Windows-Security-Auditing ,Security,1,0,0,0,0,0,0,None,456,Security,4648,0,0,0,1,0,0,0,0,0,12544,0x8020000000000000,0,0,0,1,0,0,0,2015-03-22 14:53:39,1427036019.0,14,53
1313566,59019,280d1590-ba42-408c-80c7-a90863f24304,2015-03-22 14:53:39,informant-PC, Microsoft-Windows-Security-Auditing ,Security,1,0,0,0,0,0,0,S-1-5-21-2425377081-3129163575-2985601102-1000,456,Security,4624,0,0,0,1,0,0,0,0,0,12544,0x8020000000000000,0,0,0,1,0,0,0,2015-03-22 14:53:39,1427036019.0,14,53
1313567,59019,bab079e3-357f-4a9e-9027-708f5a826f86,2015-03-22 14:53:39,informant-PC, Microsoft-Windows-Security-Auditing ,Security,1,0,0,0,0,0,0,None,456,Security,4672,0,0,0,1,0,0,0,0,0,12548,0x8020000000000000,0,0,0,1,0,0,0,2015-03-22 14:53:39,1427036019.0,14,53
1313568,59019,c4f83b13-c390-4f07-b563-8a443308b83e,2015-03-22 14:53:39,informant-PC, Microsoft-Windows-Security-Auditing ,Security,1,0,0,0,0,0,0,S-1-5-21-2425377081-3129163575-2985601102-1000,456,Security,4624,0,0,0,1,0,0,0,0,0,12544,0x8020000000000000,0,0,0,1,0,0,0,2015-03-22 14:53:39,1427036019.0,14,53
1313569,59021,bfd4418b-2a43-4c77-b58d-6fefac01f6a6,2015-03-22 14:53:39,informant-PC, Microsoft-Windows-User Profiles Service ,Other,0,0,0,0,0,1,0,None,784,Microsoft-Windows-User Profile Service/Operational,1,0,0,0,0,0,0,0,0,0,0,0x4000000000000000,0,0,1,0,0,0,0,2015-03-22 14:53:39,1427036019.0,14,53
1313570,59017,b0b09095-0343-4f70-973f-c48499a1d906,2015-03-22 14:53:39,informant-PC, Microsoft-Windows-Winlogon ,System,0,0,1,0,0,0,0,None,388,System,7001,0,0,0,0,0,0,0,0,0,1101,0x2000000000000000,0,1,0,0,0,0,0,2015-03-22 14:53:39,1427036019.0,14,53
1313571,59017,d7d84209-a4df-446f-9bfd-c188745a7aa9,2015-03-22 14:53:39,informant-PC, Microsoft-Windows-Winlogon ,System,0,0,1,0,0,0,0,None,388,System,7001,0,0,0,0,0,0,0,0,0,1101,0x2000000000000000,0,1,0,0,0,0,0,2015-03-22 14:53:39,1427036019.0,14,53
1313572,59021,6a7ee736-c805-413d-ad83-64a225ae0541,2015-03-22 14:53:39,informant-PC, Microsoft-Windows-User Profiles Service ,Other,0,0,0,0,0,1,0,None,784,Microsoft-Windows-User Profile Service/Operational,1,0,0,0,0,0,0,0,0,0,0,0x4000000000000000,0,0,1,0,0,0,0,2015-03-22 14:53:39,1427036019.0,14,53
1313573,59018,d515ebd0-55a2-4db1-92e8-8ae2d98dc747,2015-03-22 14:53:40,informant-PC, Winlogon ,Application,0,1,0,0,0,0,0,None,0,Application,4105,0,0,0,0,0,0,0,0,0,0,0x0080000000000000,0,0,0,0,0,0,0,2015-03-22 14:53:40,1427036020.0,14,53
1313574,59018,95870473-491a-4c33-969a-3422515134f0,2015-03-22 14:53:40,informant-PC, Winlogon ,Application,0,1,0,0,0,0,0,None,0,Application,4105,0,0,0,0,0,0,0,0,0,0,0x0080000000000000,0,0,0,0,0,0,0,2015-03-22 14:53:40,1427036020.0,14,53
1313575,59021,4449718a-ce44-4a66-a749-8fe6fc451d06,2015-03-22 14:53:40,informant-PC, Microsoft-Windows-User Profiles Service ,Other,0,0,0,0,0,1,0,None,784,Microsoft-Windows-User Profile Service/Operational,5,0,0,0,0,0,0,0,0,0,0,0x4000000000000000,0,0,1,0,0,0,0,2015-03-22 14:53:40,1427036020.0,14,53
1313576,59021,2a42b64a-a4ad-43c2-9807-8bde347d969f,2015-03-22 14:53:40,informant-PC, Microsoft-Windows-User Profiles Service ,Other,0,0,0,0,0,1,0,None,784,Microsoft-Windows-User Profile Service/Operational,5,0,0,0,0,0,0,0,0,0,0,0x4000000000000000,0,0,1,0,0,0,0,2015-03-22 14:53:40,1427036020.0,14,53
1313577,59021,35523d78-dc5a-42b0-a122-cf694c4f341e,2015-03-22 14:53:40,informant-PC, Microsoft-Windows-User Profiles Service ,Other,0,0,0,0,0,1,0,None,784,Microsoft-Windows-User Profile Service/Operational,5,0,0,0,0,0,0,0,0,0,0,0x4000000000000000,0,0,1,0,0,0,0,2015-03-22 14:53:40,1427036020.0,14,53
1313578,59021,a406cf06-eae1-4c6d-bfb6-2ebabc30f298,2015-03-22 14:53:40,informant-PC, Microsoft-Windows-User Profiles Service ,Other,0,0,0,0,0,1,0,None,784,Microsoft-Windows-User Profile Service/Operational,5,0,0,0,0,0,0,0,0,0,0,0x4000000000000000,0,0,1,0,0,0,0,2015-03-22 14:53:40,1427036020.0,14,53
1313579,59021,f113ce82-ca3e-4b25-8a31-6aec15efc199,2015-03-22 14:53:40,informant-PC, Microsoft-Windows-User Profiles Service ,Other,0,0,0,0,0,1,0,None,784,Microsoft-Windows-User Profile Service/Operational,2,0,0,0,0,0,0,0,0,0,0,0x4000000000000000,0,0,1,0,0,0,0,2015-03-22 14:53:40,1427036020.0,14,53
1313580,59042,d96f6112-5d6f-4503-9916-da15d2195463,2015-03-22 14:53:40,informant-PC, Microsoft-Windows-GroupPolicy ,Other,0,0,0,0,0,1,0,None,784,Microsoft-Windows-GroupPolicy/Operational,4001,0,0,0,0,0,0,0,0,0,0,0x4000000000000000,0,0,1,0,0,0,0,2015-03-22 14:53:40,1427036020.0,14,53
1313581,59042,5b3c26ff-a923-408b-9dad-9c7ca48d8e8d,2015-03-22 14:53:40,informant-PC, Microsoft-Windows-GroupPolicy ,Other,0,0,0,0,0,1,0,None,784,Microsoft-Windows-GroupPolicy/Operational,5324,0,0,0,0,0,0,0,0,0,0,0x4000000000000000,0,0,1,0,0,0,0,2015-03-22 14:53:40,1427036020.0,14,53
1313582,59042,947f9de2-940f-4ae2-9b35-cb930614bd75,2015-03-22 14:53:40,informant-PC, Microsoft-Windows-GroupPolicy ,Other,0,0,0,0,0,1,0,None,784,Microsoft-Windows-GroupPolicy/Operational,4001,0,0,0,0,0,0,0,0,0,0,0x4000000000000000,0,0,1,0,0,0,0,2015-03-22 14:53:40,1427036020.0,14,53
1313583,59021,771b1629-23f4-48d5-b7f3-253b081a2723,2015-03-22 14:53:40,informant-PC, Microsoft-Windows-User Profiles Service ,Other,0,0,0,0,0,1,0,None,784,Microsoft-Windows-User Profile Service/Operational,2,0,0,0,0,0,0,0,0,0,0,0x4000000000000000,0,0,1,0,0,0,0,2015-03-22 14:53:40,1427036020.0,14,53
1313584,59042,2561d57a-dbbe-414c-8aec-800ab0b8a6bc,2015-03-22 14:53:40,informant-PC, Microsoft-Windows-GroupPolicy ,Other,0,0,0,0,0,1,0,None,784,Microsoft-Windows-GroupPolicy/Operational,5324,0,0,0,0,0,0,0,0,0,0,0x4000000000000000,0,0,1,0,0,0,0,2015-03-22 14:53:40,1427036020.0,14,53
1313585,59042,03ab2ee2-27bc-43ff-af59-e40d2b006202,2015-03-22 14:53:40,informant-PC, Microsoft-Windows-GroupPolicy ,Other,0,0,0,0,0,1,0,None,784,Microsoft-Windows-GroupPolicy/Operational,5312,0,0,0,0,0,0,0,0,0,0,0x4000000000000000,0,0,1,0,0,0,0,2015-03-22 14:53:40,1427036020.0,14,53
1313586,59040,eb335740-ff75-4af7-aa99-fc3ebb6cbac9,2015-03-22 14:53:40,informant-PC, Microsoft-Windows-OfflineFiles ,Other,0,0,0,0,0,1,0,None,760,Microsoft-Windows-OfflineFiles/Operational,7,0,0,0,0,0,0,0,0,0,0,0x4000000000000008,0,0,1,0,0,0,0,2015-03-22 14:53:40,1427036020.0,14,53
1313587,59042,8f20f085-28a0-4734-892d-b0f62e0c67f9,2015-03-22 14:53:40,informant-PC, Microsoft-Windows-GroupPolicy ,Other,0,0,0,0,0,1,0,None,784,Microsoft-Windows-GroupPolicy/Operational,5315,0,0,0,0,0,0,0,0,0,0,0x4000000000000000,0,0,1,0,0,0,0,2015-03-22 14:53:40,1427036020.0,14,53
1313588,59042,45da9a66-0796-4e56-81df-4b4d7b1fdaf7,2015-03-22 14:53:40,informant-PC, Microsoft-Windows-GroupPolicy ,Other,0,0,0,0,0,1,0,None,784,Microsoft-Windows-GroupPolicy/Operational,5320,0,0,0,0,0,0,0,0,0,0,0x4000000000000000,0,0,1,0,0,0,0,2015-03-22 14:53:40,1427036020.0,14,53
1313589,59042,2adc1b3e-8426-4cdc-bd4c-6af5a45c224a,2015-03-22 14:53:40,informant-PC, Microsoft-Windows-GroupPolicy ,Other,0,0,0,0,0,1,0,None,784,Microsoft-Windows-GroupPolicy/Operational,8001,0,0,0,0,0,0,0,0,0,0,0x4000000000000000,0,0,1,0,0,0,0,2015-03-22 14:53:40,1427036020.0,14,53
1313590,59042,0ef075f8-e892-459d-8fe8-82442e532b2f,2015-03-22 14:53:40,informant-PC, Microsoft-Windows-GroupPolicy ,Other,0,0,0,0,0,1,0,None,784,Microsoft-Windows-GroupPolicy/Operational,5320,0,0,0,0,0,0,0,0,0,0,0x4000000000000000,0,0,1,0,0,0,0,2015-03-22 14:53:40,1427036020.0,14,53
1313591,59042,5e031cc9-aa2c-4c5a-abf0-7b4b537ed943,2015-03-22 14:53:40,informant-PC, Microsoft-Windows-GroupPolicy ,Other,0,0,0,0,0,1,0,None,784,Microsoft-Windows-GroupPolicy/Operational,5320,0,0,0,0,0,0,0,0,0,0,0x4000000000000000,0,0,1,0,0,0,0,2015-03-22 14:53:40,1427036020.0,14,53
1313592,59042,19f499c4-4633-45b3-a69e-c45af317e53d,2015-03-22 14:53:40,informant-PC, Microsoft-Windows-GroupPolicy ,Other,0,0,0,0,0,1,0,None,784,Microsoft-Windows-GroupPolicy/Operational,5320,0,0,0,0,0,0,0,0,0,0,0x4000000000000000,0,0,1,0,0,0,0,2015-03-22 14:53:40,1427036020.0,14,53
1313593,59042,6121ae96-6eb3-417c-9549-5f9fa25c4053,2015-03-22 14:53:40,informant-PC, Microsoft-Windows-GroupPolicy ,Other,0,0,0,0,0,1,0,None,784,Microsoft-Windows-GroupPolicy/Operational,5312,0,0,0,0,0,0,0,0,0,0,0x4000000000000000,0,0,1,0,0,0,0,2015-03-22 14:53:40,1427036020.0,14,53
1313594,59040,b64ba691-2865-455a-b215-defb303d6205,2015-03-22 14:53:40,informant-PC, Microsoft-Windows-OfflineFiles ,Other,0,0,0,0,0,1,0,None,760,Microsoft-Windows-OfflineFiles/Operational,7,0,0,0,0,0,0,0,0,0,0,0x4000000000000008,0,0,1,0,0,0,0,2015-03-22 14:53:40,1427036020.0,14,53
1313595,59042,597cc7f1-3490-4054-9fe7-852f9cfdabfa,2015-03-22 14:53:40,informant-PC, Microsoft-Windows-GroupPolicy ,Other,0,0,0,0,0,1,0,None,784,Microsoft-Windows-GroupPolicy/Operational,5311,0,0,0,0,0,0,0,0,0,0,0x4000000000000000,0,0,1,0,0,0,0,2015-03-22 14:53:40,1427036020.0,14,53
1313596,59042,012513f7-7368-4d7e-bb07-bd1cd744b33d,2015-03-22 14:53:40,informant-PC, Microsoft-Windows-GroupPolicy ,Other,0,0,0,0,0,1,0,None,784,Microsoft-Windows-GroupPolicy/Operational,5313,0,0,0,0,0,0,0,0,0,0,0x4000000000000000,0,0,1,0,0,0,0,2015-03-22 14:53:40,1427036020.0,14,53
1313597,59042,0edc7d62-46c5-49b4-8d44-d9939532d558,2015-03-22 14:53:40,informant-PC, Microsoft-Windows-GroupPolicy ,Other,0,0,0,0,0,1,0,None,784,Microsoft-Windows-GroupPolicy/Operational,8001,0,0,0,0,0,0,0,0,0,0,0x4000000000000000,0,0,1,0,0,0,0,2015-03-22 14:53:40,1427036020.0,14,53
1313598,59042,84fdd505-31dd-4918-981d-4e6b610ee894,2015-03-22 14:53:40,informant-PC, Microsoft-Windows-GroupPolicy ,Other,0,0,0,0,0,1,0,None,784,Microsoft-Windows-GroupPolicy/Operational,5320,0,0,0,0,0,0,0,0,0,0,0x4000000000000000,0,0,1,0,0,0,0,2015-03-22 14:53:40,1427036020.0,14,53
1313599,59042,61d72fff-6623-4a4d-b773-2aba8131842d,2015-03-22 14:53:40,informant-PC, Microsoft-Windows-GroupPolicy ,Other,0,0,0,0,0,1,0,None,784,Microsoft-Windows-GroupPolicy/Operational,5313,0,0,0,0,0,0,0,0,0,0,0x4000000000000000,0,0,1,0,0,0,0,2015-03-22 14:53:40,1427036020.0,14,53
1313600,59042,5edc9d3b-0c14-40cd-841c-9d820cf1019b,2015-03-22 14:53:40,informant-PC, Microsoft-Windows-GroupPolicy ,Other,0,0,0,0,0,1,0,None,784,Microsoft-Windows-GroupPolicy/Operational,5320,0,0,0,0,0,0,0,0,0,0,0x4000000000000000,0,0,1,0,0,0,0,2015-03-22 14:53:40,1427036020.0,14,53
1313601,59042,cadc0402-4657-4da8-8bc8-f72b15ae129e,2015-03-22 14:53:40,informant-PC, Microsoft-Windows-GroupPolicy ,Other,0,0,0,0,0,1,0,None,784,Microsoft-Windows-GroupPolicy/Operational,5315,0,0,0,0,0,0,0,0,0,0,0x4000000000000000,0,0,1,0,0,0,0,2015-03-22 14:53:40,1427036020.0,14,53
1313602,59042,810f587d-8bb8-4f62-90ca-11648feb0a04,2015-03-22 14:53:40,informant-PC, Microsoft-Windows-GroupPolicy ,Other,0,0,0,0,0,1,0,None,784,Microsoft-Windows-GroupPolicy/Operational,5311,0,0,0,0,0,0,0,0,0,0,0x4000000000000000,0,0,1,0,0,0,0,2015-03-22 14:53:40,1427036020.0,14,53
1313603,13963,ab927812-9238-493d-915c-e7001b980057,2015-03-22 14:53:40,informant-PC, Microsoft-Windows-TerminalServices-LocalSessionManager ,Other,0,0,0,0,0,1,0,None,464,Microsoft-Windows-TerminalServices-LocalSessionManager/Operational,21,0,0,0,0,0,0,0,0,0,0,0x1000000000000000,1,0,0,0,0,0,0,2015-03-22 14:53:40,1427036020.0,14,53
1313604,13963,d033f9bd-83b1-4785-be5e-c3ada4ef2aac,2015-03-22 14:53:40,informant-PC, Microsoft-Windows-TerminalServices-LocalSessionManager ,Other,0,0,0,0,0,1,0,None,464,Microsoft-Windows-TerminalServices-LocalSessionManager/Operational,21,0,0,0,0,0,0,0,0,0,0,0x1000000000000000,1,0,0,0,0,0,0,2015-03-22 14:53:40,1427036020.0,14,53
1313611,59026,9a4a620d-0553-4cce-bd29-035de8a0311d,2015-03-22 14:53:41,informant-PC, Microsoft-Windows-Resource-Exhaustion-Detector ,Other,0,0,0,0,0,1,0,None,1044,Microsoft-Windows-Resource-Exhaustion-Detector/Operational,1001,0,0,0,0,0,0,0,0,0,1,0x4000000010000000,0,0,1,0,0,0,0,2015-03-22 14:53:41,1427036021.0,14,53
1313612,59026,34e7606c-73f7-4212-b8a6-dfe6d3131218,2015-03-22 14:53:41,informant-PC, Microsoft-Windows-Resource-Exhaustion-Detector ,Other,0,0,0,0,0,1,0,None,1044,Microsoft-Windows-Resource-Exhaustion-Detector/Operational,1001,0,0,0,0,0,0,0,0,0,1,0x4000000010000000,0,0,1,0,0,0,0,2015-03-22 14:53:41,1427036021.0,14,53
1313613,46,0c187f22-3b3d-487b-985e-dabee42c99b9,2015-03-22 14:54:27,informant-PC, Microsoft-Windows-WindowsUpdateClient ,Other,0,0,0,0,0,1,0,None,784,Microsoft-Windows-WindowsUpdateClient/Operational,42,0,0,0,0,0,0,0,0,0,2,0x4000000000000480,0,0,1,0,0,0,0,2015-03-22 14:54:27,1427036067.0,14,54
1313614,46,ad2fc9aa-9da4-4975-8134-411641268411,2015-03-22 14:54:27,informant-PC, Microsoft-Windows-WindowsUpdateClient ,Other,0,0,0,0,0,1,0,None,784,Microsoft-Windows-WindowsUpdateClient/Operational,42,0,0,0,0,0,0,0,0,0,2,0x4000000000000480,0,0,1,0,0,0,0,2015-03-22 14:54:27,1427036067.0,14,54
1313615,46,d5b0cf56-820e-4ffa-adc2-e78468e12b3b,2015-03-22 14:54:27,informant-PC, Microsoft-Windows-WindowsUpdateClient ,Other,0,0,0,0,0,1,0,None,784,Microsoft-Windows-WindowsUpdateClient/Operational,42,0,0,0,0,0,0,0,0,0,2,0x4000000000000480,0,0,1,0,0,0,0,2015-03-22 14:54:27,1427036067.0,14,54
1313616,46,5ba9dcd4-e9e1-49e1-ac2b-fdc330ade3d5,2015-03-22 14:54:27,informant-PC, Microsoft-Windows-WindowsUpdateClient ,Other,0,0,0,0,0,1,0,None,784,Microsoft-Windows-WindowsUpdateClient/Operational,30,0,0,0,0,0,0,0,0,0,1,0x4000000000000001,0,0,1,0,0,0,0,2015-03-22 14:54:27,1427036067.0,14,54
1313617,46,dd8eeac6-c76f-474c-b3ed-1ce5d2fe6bfd,2015-03-22 14:54:27,informant-PC, Microsoft-Windows-WindowsUpdateClient ,Other,0,0,0,0,0,1,0,None,784,Microsoft-Windows-WindowsUpdateClient/Operational,42,0,0,0,0,0,0,0,0,0,2,0x4000000000000480,0,0,1,0,0,0,0,2015-03-22 14:54:27,1427036067.0,14,54
