1795273,59042,93b1e201-d01d-4222-8294-f452d13b04b7,2015-03-22 15:56:58,informant-PC, Microsoft-Windows-GroupPolicy ,Other,0,0,0,0,0,1,0,None,904,Microsoft-Windows-GroupPolicy/Operational,5324,0,0,0,0,0,0,0,0,0,0,0x4000000000000000,0,0,1,0,0,0,0,2015-03-22 15:56:58,1427039818.0,15,56
1795274,13963,37da5711-44dc-43d7-b124-0d5744881536,2015-03-22 15:56:58,informant-PC, Microsoft-Windows-TerminalServices-LocalSessionManager ,Other,0,0,0,0,0,1,0,None,508,Microsoft-Windows-TerminalServices-LocalSessionManager/Operational,23,0,0,0,0,0,0,0,0,0,0,0x1000000000000000,1,0,0,0,0,0,0,2015-03-22 15:56:58,1427039818.0,15,56
1795275,59021,3f273a64-f308-4c90-9010-8c4b191b8062,2015-03-22 15:56:58,informant-PC, Microsoft-Windows-User Profiles Service ,Other,0,0,0,0,0,1,0,None,904,Microsoft-Windows-User Profile Service/Operational,3,0,0,0,0,0,0,0,0,0,0,0x4000000000000000,0,0,1,0,0,0,0,2015-03-22 15:56:58,1427039818.0,15,56
1795311,59017,e282f98a-9434-4e2f-bae1-11b77ac7be90,2015-03-22 15:56:58,informant-PC, Microsoft-Windows-Winlogon ,System,0,0,1,0,0,0,0,None,1836,System,7002,0,0,0,0,0,0,0,0,0,1102,0x2000000000000000,0,1,0,0,0,0,0,2015-03-22 15:56:58,1427039818.0,15,56
1795312,59021,ba63a7b3-fc6a-47de-9cab-62675c9c80a0,2015-03-22 15:56:58,informant-PC, Microsoft-Windows-User Profiles Service ,Other,0,0,0,0,0,1,0,None,904,Microsoft-Windows-User Profile Service/Operational,4,0,0,0,0,0,0,0,0,0,0,0x4000000000000000,0,0,1,0,0,0,0,2015-03-22 15:56:58,1427039818.0,15,56
1795326,59021,971de1de-c0ca-45ba-89a9-fca75c944223,2015-03-22 15:56:58,informant-PC, Microsoft-Windows-User Profiles Service ,Other,0,0,0,0,0,1,0,None,904,Microsoft-Windows-User Profile Service/Operational,4,0,0,0,0,0,0,0,0,0,0,0x4000000000000000,0,0,1,0,0,0,0,2015-03-22 15:56:58,1427039818.0,15,56
1795336,59017,abc5a991-00d3-45d0-a5ce-833aa66b717e,2015-03-22 15:56:58,informant-PC, Microsoft-Windows-Winlogon ,System,0,0,1,0,0,0,0,None,1836,System,7002,0,0,0,0,0,0,0,0,0,1102,0x2000000000000000,0,1,0,0,0,0,0,2015-03-22 15:56:58,1427039818.0,15,56
1795342,13963,2e6b7254-c090-4458-a2ac-719b36fecfda,2015-03-22 15:56:58,informant-PC, Microsoft-Windows-TerminalServices-LocalSessionManager ,Other,0,0,0,0,0,1,0,None,508,Microsoft-Windows-TerminalServices-LocalSessionManager/Operational,24,0,0,0,0,0,0,0,0,0,0,0x1000000000000000,1,0,0,0,0,0,0,2015-03-22 15:56:58,1427039818.0,15,56
1795343,13963,3f50489a-9e4f-4465-91ad-ef36dc47dc75,2015-03-22 15:56:58,informant-PC, Microsoft-Windows-TerminalServices-LocalSessionManager ,Other,0,0,0,0,0,1,0,None,508,Microsoft-Windows-TerminalServices-LocalSessionManager/Operational,24,0,0,0,0,0,0,0,0,0,0,0x1000000000000000,1,0,0,0,0,0,0,2015-03-22 15:56:58,1427039818.0,15,56
1795350,59018,96bb2df0-f311-407e-8179-0a365264d762,2015-03-22 15:57:02,informant-PC, Wlclntfy ,Application,0,1,0,0,0,0,0,None,0,Application,6000,0,0,0,0,0,0,0,0,0,0,0x0080000000000000,0,0,0,0,0,0,0,2015-03-22 15:57:02,1427039822.0,15,57
1795351,59018,14d72b75-80cf-4afd-832c-24ea1a73670c,2015-03-22 15:57:02,informant-PC, Winlogon ,Application,0,1,0,0,0,0,0,None,0,Application,4101,0,0,0,0,0,0,0,0,0,0,0x0080000000000000,0,0,0,0,0,0,0,2015-03-22 15:57:02,1427039822.0,15,57
1795352,59018,f96c3bbc-bf62-44e3-87f5-a3552328ee68,2015-03-22 15:57:02,informant-PC, Wlclntfy ,Application,0,1,0,0,0,0,0,None,0,Application,6000,0,0,0,0,0,0,0,0,0,0,0x0080000000000000,0,0,0,0,0,0,0,2015-03-22 15:57:02,1427039822.0,15,57
1795353,59018,5aae12f6-dcbe-4aaa-a2f8-c4b40710982c,2015-03-22 15:57:02,informant-PC, Desktop Window Manager ,Application,0,1,0,0,0,0,0,None,None,Application,9007,0,0,0,0,0,0,0,0,0,0,0x0080000000000000,0,0,0,0,0,0,0,2015-03-22 15:57:02,1427039822.0,15,57
1795354,59018,f7b188ad-47a3-4884-b79b-66634b081ec0,2015-03-22 15:57:02,informant-PC, Desktop Window Manager ,Application,0,1,0,0,0,0,0,None,None,Application,9007,0,0,0,0,0,0,0,0,0,0,0x0080000000000000,0,0,0,0,0,0,0,2015-03-22 15:57:02,1427039822.0,15,57
1795355,59018,2b998a36-5638-4447-ab28-cd42bb0e61d0,2015-03-22 15:57:02,informant-PC, Winlogon ,Application,0,1,0,0,0,0,0,None,0,Application,4101,0,0,0,0,0,0,0,0,0,0,0x0080000000000000,0,0,0,0,0,0,0,2015-03-22 15:57:02,1427039822.0,15,57
1795364,59019,3ac11eb5-bac9-4d76-b002-d5b58a321081,2015-03-22 15:57:02,informant-PC, Microsoft-Windows-Security-Auditing ,Security,1,0,0,0,0,0,0,S-1-5-21-2425377081-3129163575-2985601102-1001,500,Security,4624,0,0,0,1,0,0,0,0,0,12544,0x8020000000000000,0,0,0,1,0,0,0,2015-03-22 15:57:02,1427039822.0,15,57
1795365,59021,5c651610-5c59-4f3d-865f-cd7dca110336,2015-03-22 15:57:02,informant-PC, Microsoft-Windows-User Profiles Service ,Other,0,0,0,0,0,1,0,None,904,Microsoft-Windows-User Profile Service/Operational,1,0,0,0,0,0,0,0,0,0,0,0x4000000000000000,0,0,1,0,0,0,0,2015-03-22 15:57:02,1427039822.0,15,57
1795366,59019,e8306d09-1493-4c01-93a0-7735e10d97a1,2015-03-22 15:57:02,informant-PC, Microsoft-Windows-Security-Auditing ,Security,1,0,0,0,0,0,0,None,500,Security,4672,0,0,0,1,0,0,0,0,0,12548,0x8020000000000000,0,0,0,1,0,0,0,2015-03-22 15:57:02,1427039822.0,15,57
1795367,59017,687a3331-69f7-464b-a729-3007a74ee5af,2015-03-22 15:57:02,informant-PC, Microsoft-Windows-Winlogon ,System,0,0,1,0,0,0,0,None,2388,System,7001,0,0,0,0,0,0,0,0,0,1101,0x2000000000000000,0,1,0,0,0,0,0,2015-03-22 15:57:02,1427039822.0,15,57
1795368,59019,b1dbd7bf-b6ae-4adf-a16a-642c124b3d74,2015-03-22 15:57:02,informant-PC, Microsoft-Windows-Security-Auditing ,Security,1,0,0,0,0,0,0,None,500,Security,4648,0,0,0,1,0,0,0,0,0,12544,0x8020000000000000,0,0,0,1,0,0,0,2015-03-22 15:57:02,1427039822.0,15,57
1795369,59017,fbfd3551-c162-4089-94c0-ddc434b6a4a4,2015-03-22 15:57:02,informant-PC, Microsoft-Windows-Winlogon ,System,0,0,1,0,0,0,0,None,2388,System,7001,0,0,0,0,0,0,0,0,0,1101,0x2000000000000000,0,1,0,0,0,0,0,2015-03-22 15:57:02,1427039822.0,15,57
1795370,59019,7cdcadac-fcb1-46c0-889c-748010a2d062,2015-03-22 15:57:02,informant-PC, Microsoft-Windows-Security-Auditing ,Security,1,0,0,0,0,0,0,None,500,Security,4648,0,0,0,1,0,0,0,0,0,12544,0x8020000000000000,0,0,0,1,0,0,0,2015-03-22 15:57:02,1427039822.0,15,57
1795371,59019,1a2532a9-5608-4f62-99e1-2e133ec24759,2015-03-22 15:57:02,informant-PC, Microsoft-Windows-Security-Auditing ,Security,1,0,0,0,0,0,0,S-1-5-21-2425377081-3129163575-2985601102-1001,500,Security,4624,0,0,0,1,0,0,0,0,0,12544,0x8020000000000000,0,0,0,1,0,0,0,2015-03-22 15:57:02,1427039822.0,15,57
1795372,59019,08a35a4a-69f7-4417-89c4-f234b6268256,2015-03-22 15:57:02,informant-PC, Microsoft-Windows-Security-Auditing ,Security,1,0,0,0,0,0,0,None,500,Security,4672,0,0,0,1,0,0,0,0,0,12548,0x8020000000000000,0,0,0,1,0,0,0,2015-03-22 15:57:02,1427039822.0,15,57
1795373,59021,9b83af73-831f-4cc5-bd73-c588e20f0a63,2015-03-22 15:57:02,informant-PC, Microsoft-Windows-User Profiles Service ,Other,0,0,0,0,0,1,0,None,904,Microsoft-Windows-User Profile Service/Operational,1,0,0,0,0,0,0,0,0,0,0,0x4000000000000000,0,0,1,0,0,0,0,2015-03-22 15:57:02,1427039822.0,15,57
1795374,59019,9d4ea46a-51b0-4078-bc27-781b6d4de19f,2015-03-22 15:57:02,informant-PC, Microsoft-Windows-Security-Auditing ,Security,1,0,0,0,0,0,0,S-1-5-21-2425377081-3129163575-2985601102-1001,500,Security,4624,0,0,0,1,0,0,0,0,0,12544,0x8020000000000000,0,0,0,1,0,0,0,2015-03-22 15:57:02,1427039822.0,15,57
1795375,59019,3c4e8090-8af4-47aa-8938-81ec03d67fe5,2015-03-22 15:57:02,informant-PC, Microsoft-Windows-Security-Auditing ,Security,1,0,0,0,0,0,0,S-1-5-21-2425377081-3129163575-2985601102-1001,500,Security,4624,0,0,0,1,0,0,0,0,0,12544,0x8020000000000000,0,0,0,1,0,0,0,2015-03-22 15:57:02,1427039822.0,15,57
1795383,59021,d598ed2f-8af0-49bc-b999-9186de989582,2015-03-22 15:57:02,informant-PC, Microsoft-Windows-User Profiles Service ,Other,0,0,0,0,0,1,0,None,904,Microsoft-Windows-User Profile Service/Operational,5,0,0,0,0,0,0,0,0,0,0,0x4000000000000000,0,0,1,0,0,0,0,2015-03-22 15:57:02,1427039822.0,15,57
1795384,59021,497b367e-04b1-4ccb-b213-06390ae55eca,2015-03-22 15:57:02,informant-PC, Microsoft-Windows-User Profiles Service ,Other,0,0,0,0,0,1,0,None,904,Microsoft-Windows-User Profile Service/Operational,5,0,0,0,0,0,0,0,0,0,0,0x4000000000000000,0,0,1,0,0,0,0,2015-03-22 15:57:02,1427039822.0,15,57
1795387,59021,49b390a8-8778-484a-bd1b-4afc55af14f7,2015-03-22 15:57:02,informant-PC, Microsoft-Windows-User Profiles Service ,Other,0,0,0,0,0,1,0,None,904,Microsoft-Windows-User Profile Service/Operational,5,0,0,0,0,0,0,0,0,0,0,0x4000000000000000,0,0,1,0,0,0,0,2015-03-22 15:57:02,1427039822.0,15,57
1795388,59021,e80e19b6-2475-4ca2-b625-2b48fe2e3ee2,2015-03-22 15:57:02,informant-PC, Microsoft-Windows-User Profiles Service ,Other,0,0,0,0,0,1,0,None,904,Microsoft-Windows-User Profile Service/Operational,5,0,0,0,0,0,0,0,0,0,0,0x4000000000000000,0,0,1,0,0,0,0,2015-03-22 15:57:02,1427039822.0,15,57
1795389,13963,4ca84104-1960-42cf-9275-d71bbe6d41f6,2015-03-22 15:57:02,informant-PC, Microsoft-Windows-TerminalServices-LocalSessionManager ,Other,0,0,0,0,0,1,0,None,508,Microsoft-Windows-TerminalServices-LocalSessionManager/Operational,21,0,0,0,0,0,0,0,0,0,0,0x1000000000000000,1,0,0,0,0,0,0,2015-03-22 15:57:02,1427039822.0,15,57
1795390,59021,21462a13-35de-4459-9c3a-e244dd308293,2015-03-22 15:57:02,informant-PC, Microsoft-Windows-User Profiles Service ,Other,0,0,0,0,0,1,0,None,904,Microsoft-Windows-User Profile Service/Operational,2,0,0,0,0,0,0,0,0,0,0,0x4000000000000000,0,0,1,0,0,0,0,2015-03-22 15:57:02,1427039822.0,15,57
1795393,59042,ef998bec-e6f9-4205-8ffa-af3146236a13,2015-03-22 15:57:02,informant-PC, Microsoft-Windows-GroupPolicy ,Other,0,0,0,0,0,1,0,None,904,Microsoft-Windows-GroupPolicy/Operational,4001,0,0,0,0,0,0,0,0,0,0,0x4000000000000000,0,0,1,0,0,0,0,2015-03-22 15:57:02,1427039822.0,15,57
1795394,59042,f335f711-33c7-4658-a4d4-f9455b6c7106,2015-03-22 15:57:02,informant-PC, Microsoft-Windows-GroupPolicy ,Other,0,0,0,0,0,1,0,None,904,Microsoft-Windows-GroupPolicy/Operational,5324,0,0,0,0,0,0,0,0,0,0,0x4000000000000000,0,0,1,0,0,0,0,2015-03-22 15:57:02,1427039822.0,15,57
1795402,59021,8df891bc-31c4-4bbc-b6c6-f3a646bdc94c,2015-03-22 15:57:02,informant-PC, Microsoft-Windows-User Profiles Service ,Other,0,0,0,0,0,1,0,None,904,Microsoft-Windows-User Profile Service/Operational,2,0,0,0,0,0,0,0,0,0,0,0x4000000000000000,0,0,1,0,0,0,0,2015-03-22 15:57:02,1427039822.0,15,57
1795403,13963,31851880-f3fb-4e28-a331-671504d99950,2015-03-22 15:57:02,informant-PC, Microsoft-Windows-TerminalServices-LocalSessionManager ,Other,0,0,0,0,0,1,0,None,508,Microsoft-Windows-TerminalServices-LocalSessionManager/Operational,21,0,0,0,0,0,0,0,0,0,0,0x1000000000000000,1,0,0,0,0,0,0,2015-03-22 15:57:02,1427039822.0,15,57
1795404,59042,6ef52d6d-e39c-43de-8327-e1240b6e0efe,2015-03-22 15:57:02,informant-PC, Microsoft-Windows-GroupPolicy ,Other,0,0,0,0,0,1,0,None,904,Microsoft-Windows-GroupPolicy/Operational,4001,0,0,0,0,0,0,0,0,0,0,0x4000000000000000,0,0,1,0,0,0,0,2015-03-22 15:57:02,1427039822.0,15,57
1795408,59042,b7ab79a7-750e-4229-bbd6-f619044443df,2015-03-22 15:57:02,informant-PC, Microsoft-Windows-GroupPolicy ,Other,0,0,0,0,0,1,0,None,904,Microsoft-Windows-GroupPolicy/Operational,5324,0,0,0,0,0,0,0,0,0,0,0x4000000000000000,0,0,1,0,0,0,0,2015-03-22 15:57:02,1427039822.0,15,57
1795410,59042,ab283087-0aa7-454c-9081-c38e99e7bfd9,2015-03-22 15:57:02,informant-PC, Microsoft-Windows-GroupPolicy ,Other,0,0,0,0,0,1,0,None,904,Microsoft-Windows-GroupPolicy/Operational,5320,0,0,0,0,0,0,0,0,0,0,0x4000000000000000,0,0,1,0,0,0,0,2015-03-22 15:57:02,1427039822.0,15,57
1795412,59042,1020c31e-093d-4ab7-bab5-93f631c29a79,2015-03-22 15:57:02,informant-PC, Microsoft-Windows-GroupPolicy ,Other,0,0,0,0,0,1,0,None,904,Microsoft-Windows-GroupPolicy/Operational,8001,0,0,0,0,0,0,0,0,0,0,0x4000000000000000,0,0,1,0,0,0,0,2015-03-22 15:57:02,1427039822.0,15,57
1795413,59042,91f5924b-8e7f-4e09-b6e6-5e7b5c2c3fb5,2015-03-22 15:57:02,informant-PC, Microsoft-Windows-GroupPolicy ,Other,0,0,0,0,0,1,0,None,904,Microsoft-Windows-GroupPolicy/Operational,5320,0,0,0,0,0,0,0,0,0,0,0x4000000000000000,0,0,1,0,0,0,0,2015-03-22 15:57:02,1427039822.0,15,57
1795417,59042,34d9f584-5e9d-4a46-9ee2-117efa04f929,2015-03-22 15:57:02,informant-PC, Microsoft-Windows-GroupPolicy ,Other,0,0,0,0,0,1,0,None,904,Microsoft-Windows-GroupPolicy/Operational,8001,0,0,0,0,0,0,0,0,0,0,0x4000000000000000,0,0,1,0,0,0,0,2015-03-22 15:57:02,1427039822.0,15,57
1795419,59042,92aa54ac-564b-41fc-aec5-e0f0a7356a63,2015-03-22 15:57:02,informant-PC, Microsoft-Windows-GroupPolicy ,Other,0,0,0,0,0,1,0,None,904,Microsoft-Windows-GroupPolicy/Operational,5313,0,0,0,0,0,0,0,0,0,0,0x4000000000000000,0,0,1,0,0,0,0,2015-03-22 15:57:02,1427039822.0,15,57
1795420,59042,edb50dd1-d8d6-4ade-b95a-af0787e28a99,2015-03-22 15:57:02,informant-PC, Microsoft-Windows-GroupPolicy ,Other,0,0,0,0,0,1,0,None,904,Microsoft-Windows-GroupPolicy/Operational,5320,0,0,0,0,0,0,0,0,0,0,0x4000000000000000,0,0,1,0,0,0,0,2015-03-22 15:57:02,1427039822.0,15,57
1795421,59042,5221b27c-1142-4cb7-9c64-72cb0c6b1e59,2015-03-22 15:57:02,informant-PC, Microsoft-Windows-GroupPolicy ,Other,0,0,0,0,0,1,0,None,904,Microsoft-Windows-GroupPolicy/Operational,5312,0,0,0,0,0,0,0,0,0,0,0x4000000000000000,0,0,1,0,0,0,0,2015-03-22 15:57:02,1427039822.0,15,57
1795422,59042,4fbffe70-2483-4287-ad55-b9988f105518,2015-03-22 15:57:02,informant-PC, Microsoft-Windows-GroupPolicy ,Other,0,0,0,0,0,1,0,None,904,Microsoft-Windows-GroupPolicy/Operational,5311,0,0,0,0,0,0,0,0,0,0,0x4000000000000000,0,0,1,0,0,0,0,2015-03-22 15:57:02,1427039822.0,15,57
1795423,59042,a7766c7c-bd79-4df4-b5b9-f5eb18bee88e,2015-03-22 15:57:02,informant-PC, Microsoft-Windows-GroupPolicy ,Other,0,0,0,0,0,1,0,None,904,Microsoft-Windows-GroupPolicy/Operational,5312,0,0,0,0,0,0,0,0,0,0,0x4000000000000000,0,0,1,0,0,0,0,2015-03-22 15:57:02,1427039822.0,15,57
1795426,59042,868af4d8-551d-4e69-861b-51857a59ceaa,2015-03-22 15:57:02,informant-PC, Microsoft-Windows-GroupPolicy ,Other,0,0,0,0,0,1,0,None,904,Microsoft-Windows-GroupPolicy/Operational,5320,0,0,0,0,0,0,0,0,0,0,0x4000000000000000,0,0,1,0,0,0,0,2015-03-22 15:57:02,1427039822.0,15,57
1795427,59042,42ecdf7e-c88c-4dbb-8d42-51c1f73e8f9d,2015-03-22 15:57:02,informant-PC, Microsoft-Windows-GroupPolicy ,Other,0,0,0,0,0,1,0,None,904,Microsoft-Windows-GroupPolicy/Operational,5311,0,0,0,0,0,0,0,0,0,0,0x4000000000000000,0,0,1,0,0,0,0,2015-03-22 15:57:02,1427039822.0,15,57
1795428,59042,c924b850-b0f4-4256-aa0e-83a71403d782,2015-03-22 15:57:02,informant-PC, Microsoft-Windows-GroupPolicy ,Other,0,0,0,0,0,1,0,None,904,Microsoft-Windows-GroupPolicy/Operational,5320,0,0,0,0,0,0,0,0,0,0,0x4000000000000000,0,0,1,0,0,0,0,2015-03-22 15:57:02,1427039822.0,15,57
1795430,59042,5ec66395-8d8f-4795-9cee-19c8b1f2be07,2015-03-22 15:57:02,informant-PC, Microsoft-Windows-GroupPolicy ,Other,0,0,0,0,0,1,0,None,904,Microsoft-Windows-GroupPolicy/Operational,5320,0,0,0,0,0,0,0,0,0,0,0x4000000000000000,0,0,1,0,0,0,0,2015-03-22 15:57:02,1427039822.0,15,57
1795431,59042,5274f40c-4fb2-4316-aec1-ddded1c366d1,2015-03-22 15:57:02,informant-PC, Microsoft-Windows-GroupPolicy ,Other,0,0,0,0,0,1,0,None,904,Microsoft-Windows-GroupPolicy/Operational,5313,0,0,0,0,0,0,0,0,0,0,0x4000000000000000,0,0,1,0,0,0,0,2015-03-22 15:57:02,1427039822.0,15,57
1795435,59040,1aa159a0-e9be-4df6-9fdf-8ed03028e1f7,2015-03-22 15:57:02,informant-PC, Microsoft-Windows-OfflineFiles ,Other,0,0,0,0,0,1,0,None,824,Microsoft-Windows-OfflineFiles/Operational,7,0,0,0,0,0,0,0,0,0,0,0x4000000000000008,0,0,1,0,0,0,0,2015-03-22 15:57:02,1427039822.0,15,57
1795441,59040,9fc0525f-bda6-4e07-85d3-ab50b646019a,2015-03-22 15:57:02,informant-PC, Microsoft-Windows-OfflineFiles ,Other,0,0,0,0,0,1,0,None,824,Microsoft-Windows-OfflineFiles/Operational,7,0,0,0,0,0,0,0,0,0,0,0x4000000000000008,0,0,1,0,0,0,0,2015-03-22 15:57:02,1427039822.0,15,57
1795445,13963,eb29c868-7a9b-4574-9d54-e01f97b2cce9,2015-03-22 15:57:02,informant-PC, Microsoft-Windows-TerminalServices-LocalSessionManager ,Other,0,0,0,0,0,1,0,None,508,Microsoft-Windows-TerminalServices-LocalSessionManager/Operational,22,0,0,0,0,0,0,0,0,0,0,0x1000000000000000,1,0,0,0,0,0,0,2015-03-22 15:57:02,1427039822.0,15,57
1795446,59042,e0a30d5d-976a-40b6-ac18-bd8b08f2cafd,2015-03-22 15:57:02,informant-PC, Microsoft-Windows-GroupPolicy ,Other,0,0,0,0,0,1,0,None,904,Microsoft-Windows-GroupPolicy/Operational,5324,0,0,0,0,0,0,0,0,0,0,0x4000000000000000,0,0,1,0,0,0,0,2015-03-22 15:57:02,1427039822.0,15,57
1795449,59042,f211f00a-e020-4700-8ede-e72b27813e0a,2015-03-22 15:57:02,informant-PC, Microsoft-Windows-GroupPolicy ,Other,0,0,0,0,0,1,0,None,904,Microsoft-Windows-GroupPolicy/Operational,5315,0,0,0,0,0,0,0,0,0,0,0x4000000000000000,0,0,1,0,0,0,0,2015-03-22 15:57:02,1427039822.0,15,57
1795450,59042,2b488a64-e539-44b8-b1d9-33cb3e6cb168,2015-03-22 15:57:02,informant-PC, Microsoft-Windows-GroupPolicy ,Other,0,0,0,0,0,1,0,None,904,Microsoft-Windows-GroupPolicy/Operational,5324,0,0,0,0,0,0,0,0,0,0,0x4000000000000000,0,0,1,0,0,0,0,2015-03-22 15:57:02,1427039822.0,15,57
1795451,13963,6aa6779d-ef89-4519-a727-ef4706bb3d40,2015-03-22 15:57:02,informant-PC, Microsoft-Windows-TerminalServices-LocalSessionManager ,Other,0,0,0,0,0,1,0,None,508,Microsoft-Windows-TerminalServices-LocalSessionManager/Operational,22,0,0,0,0,0,0,0,0,0,0,0x1000000000000000,1,0,0,0,0,0,0,2015-03-22 15:57:02,1427039822.0,15,57
1795453,59042,4632d054-751d-4766-928a-707ba8e97640,2015-03-22 15:57:02,informant-PC, Microsoft-Windows-GroupPolicy ,Other,0,0,0,0,0,1,0,None,904,Microsoft-Windows-GroupPolicy/Operational,5315,0,0,0,0,0,0,0,0,0,0,0x4000000000000000,0,0,1,0,0,0,0,2015-03-22 15:57:02,1427039822.0,15,57
1795519,59061,89c778be-1207-4a97-b9b4-a3418aa82b5c,2015-03-22 15:57:03,informant-PC, Microsoft-Windows-Diagnosis-DPS ,Other,0,0,0,0,0,1,0,None,1124,Microsoft-Windows-Diagnosis-DPS/Operational,100,0,0,0,0,0,0,0,0,0,1,0x4000000800000000,0,0,1,0,0,0,0,2015-03-22 15:57:03,1427039823.0,15,57
1795520,59061,13de891b-1944-4eeb-88a7-832f9f8007e8,2015-03-22 15:57:03,informant-PC, Microsoft-Windows-Diagnosis-DPS ,Other,0,0,0,0,0,1,0,None,1124,Microsoft-Windows-Diagnosis-DPS/Operational,100,0,0,0,0,0,0,0,0,0,1,0x4000000800000000,0,0,1,0,0,0,0,2015-03-22 15:57:03,1427039823.0,15,57
1795521,59061,c600b618-9bca-477c-a606-ce820c888690,2015-03-22 15:57:03,informant-PC, Microsoft-Windows-Diagnosis-DPS ,Other,0,0,0,0,0,1,0,None,1124,Microsoft-Windows-Diagnosis-DPS/Operational,105,0,0,0,0,0,0,0,0,0,1,0x4000000800000000,0,0,1,0,0,0,0,2015-03-22 15:57:03,1427039823.0,15,57
1795522,59061,c408a305-7899-4b54-ae57-0823937ebb73,2015-03-22 15:57:03,informant-PC, Microsoft-Windows-Diagnosis-DPS ,Other,0,0,0,0,0,1,0,None,1124,Microsoft-Windows-Diagnosis-DPS/Operational,105,0,0,0,0,0,0,0,0,0,1,0x4000000800000000,0,0,1,0,0,0,0,2015-03-22 15:57:03,1427039823.0,15,57
1796113,59018,b02826a3-eef7-40d8-983e-ed16220a1413,2015-03-22 15:57:41,informant-PC, Wlclntfy ,Application,0,1,0,0,0,0,0,None,0,Application,6000,0,0,0,0,0,0,0,0,0,0,0x0080000000000000,0,0,0,0,0,0,0,2015-03-22 15:57:41,1427039861.0,15,57
1796114,59018,c4c7b49f-653c-489f-8fac-32b07e93850e,2015-03-22 15:57:41,informant-PC, Wlclntfy ,Application,0,1,0,0,0,0,0,None,0,Application,6000,0,0,0,0,0,0,0,0,0,0,0x0080000000000000,0,0,0,0,0,0,0,2015-03-22 15:57:41,1427039861.0,15,57
1796115,59018,82f0a4b5-599b-4788-a8c0-dfb63c067000,2015-03-22 15:57:41,informant-PC, Desktop Window Manager ,Application,0,1,0,0,0,0,0,None,None,Application,9009,0,0,0,0,0,0,0,0,0,0,0x0080000000000000,0,0,0,0,0,0,0,2015-03-22 15:57:41,1427039861.0,15,57
1796116,59018,196f4a54-1033-40cf-b5c1-0d0eea908e2f,2015-03-22 15:57:41,informant-PC, Desktop Window Manager ,Application,0,1,0,0,0,0,0,None,None,Application,9009,0,0,0,0,0,0,0,0,0,0,0x0080000000000000,0,0,0,0,0,0,0,2015-03-22 15:57:41,1427039861.0,15,57
1796153,59042,f9cc69a4-d9de-4621-9e36-506282c3798c,2015-03-22 15:57:41,informant-PC, Microsoft-Windows-GroupPolicy ,Other,0,0,0,0,0,1,0,None,904,Microsoft-Windows-GroupPolicy/Operational,5324,0,0,0,0,0,0,0,0,0,0,0x4000000000000000,0,0,1,0,0,0,0,2015-03-22 15:57:41,1427039861.0,15,57
1796154,59042,c85ea65f-29b8-4f95-bbd0-8b74ad09887f,2015-03-22 15:57:41,informant-PC, Microsoft-Windows-GroupPolicy ,Other,0,0,0,0,0,1,0,None,904,Microsoft-Windows-GroupPolicy/Operational,5324,0,0,0,0,0,0,0,0,0,0,0x4000000000000000,0,0,1,0,0,0,0,2015-03-22 15:57:41,1427039861.0,15,57
1796155,59019,b256ed4f-2128-4901-81a7-c0c9a4a40d03,2015-03-22 15:57:41,informant-PC, Microsoft-Windows-Security-Auditing ,Security,1,0,0,0,0,0,0,S-1-5-21-2425377081-3129163575-2985601102-1001,500,Security,4647,0,0,0,1,0,0,0,0,0,12545,0x8020000000000000,0,0,0,1,0,0,0,2015-03-22 15:57:41,1427039861.0,15,57
1796156,59019,0eafe779-ef4a-42a1-8176-aecd3447fca5,2015-03-22 15:57:41,informant-PC, Microsoft-Windows-Security-Auditing ,Security,1,0,0,0,0,0,0,S-1-5-21-2425377081-3129163575-2985601102-1001,500,Security,4647,0,0,0,1,0,0,0,0,0,12545,0x8020000000000000,0,0,0,1,0,0,0,2015-03-22 15:57:41,1427039861.0,15,57
1796158,59042,1cf05e08-b00d-486a-b516-cc3103d243c7,2015-03-22 15:57:41,informant-PC, Microsoft-Windows-GroupPolicy ,Other,0,0,0,0,0,1,0,None,904,Microsoft-Windows-GroupPolicy/Operational,5324,0,0,0,0,0,0,0,0,0,0,0x4000000000000000,0,0,1,0,0,0,0,2015-03-22 15:57:41,1427039861.0,15,57
1796159,59021,21d4f6d8-105b-4ce9-b8a7-6453b686323a,2015-03-22 15:57:41,informant-PC, Microsoft-Windows-User Profiles Service ,Other,0,0,0,0,0,1,0,None,904,Microsoft-Windows-User Profile Service/Operational,3,0,0,0,0,0,0,0,0,0,0,0x4000000000000000,0,0,1,0,0,0,0,2015-03-22 15:57:41,1427039861.0,15,57
1796160,59040,915ca9c8-c542-4e44-be4a-7f239173c264,2015-03-22 15:57:41,informant-PC, Microsoft-Windows-OfflineFiles ,Other,0,0,0,0,0,1,0,None,824,Microsoft-Windows-OfflineFiles/Operational,8,0,0,0,0,0,0,0,0,0,0,0x4000000000000008,0,0,1,0,0,0,0,2015-03-22 15:57:41,1427039861.0,15,57
1796162,13963,0316d3e7-36cf-4ac1-8415-560e9d8fd376,2015-03-22 15:57:41,informant-PC, Microsoft-Windows-TerminalServices-LocalSessionManager ,Other,0,0,0,0,0,1,0,None,508,Microsoft-Windows-TerminalServices-LocalSessionManager/Operational,23,0,0,0,0,0,0,0,0,0,0,0x1000000000000000,1,0,0,0,0,0,0,2015-03-22 15:57:41,1427039861.0,15,57
1796163,59040,61d1fc68-ac26-4e3f-9867-1aa601628286,2015-03-22 15:57:41,informant-PC, Microsoft-Windows-OfflineFiles ,Other,0,0,0,0,0,1,0,None,824,Microsoft-Windows-OfflineFiles/Operational,8,0,0,0,0,0,0,0,0,0,0,0x4000000000000008,0,0,1,0,0,0,0,2015-03-22 15:57:41,1427039861.0,15,57
1796164,59042,0e499733-e636-4dc9-8b90-842940a947f4,2015-03-22 15:57:41,informant-PC, Microsoft-Windows-GroupPolicy ,Other,0,0,0,0,0,1,0,None,904,Microsoft-Windows-GroupPolicy/Operational,5324,0,0,0,0,0,0,0,0,0,0,0x4000000000000000,0,0,1,0,0,0,0,2015-03-22 15:57:41,1427039861.0,15,57
1796167,59021,ec9e99bb-b39b-490c-a9af-c81c3fae3b50,2015-03-22 15:57:41,informant-PC, Microsoft-Windows-User Profiles Service ,Other,0,0,0,0,0,1,0,None,904,Microsoft-Windows-User Profile Service/Operational,3,0,0,0,0,0,0,0,0,0,0,0x4000000000000000,0,0,1,0,0,0,0,2015-03-22 15:57:41,1427039861.0,15,57
1796168,13963,4dff98cd-09ac-4a51-872e-440f03fa2301,2015-03-22 15:57:41,informant-PC, Microsoft-Windows-TerminalServices-LocalSessionManager ,Other,0,0,0,0,0,1,0,None,508,Microsoft-Windows-TerminalServices-LocalSessionManager/Operational,23,0,0,0,0,0,0,0,0,0,0,0x1000000000000000,1,0,0,0,0,0,0,2015-03-22 15:57:41,1427039861.0,15,57
1796186,59021,726e3456-7ac8-473e-a66b-1ec0da88ae2e,2015-03-22 15:57:41,informant-PC, Microsoft-Windows-User Profiles Service ,Other,0,0,0,0,0,1,0,None,904,Microsoft-Windows-User Profile Service/Operational,4,0,0,0,0,0,0,0,0,0,0,0x4000000000000000,0,0,1,0,0,0,0,2015-03-22 15:57:41,1427039861.0,15,57
1796187,59017,72fe6360-e5d0-4549-9252-1d5daf55c879,2015-03-22 15:57:41,informant-PC, Microsoft-Windows-Winlogon ,System,0,0,1,0,0,0,0,None,2388,System,7002,0,0,0,0,0,0,0,0,0,1102,0x2000000000000000,0,1,0,0,0,0,0,2015-03-22 15:57:41,1427039861.0,15,57
1796194,59021,88785c47-3fcd-49a8-87f4-d859fb40a310,2015-03-22 15:57:41,informant-PC, Microsoft-Windows-User Profiles Service ,Other,0,0,0,0,0,1,0,None,904,Microsoft-Windows-User Profile Service/Operational,4,0,0,0,0,0,0,0,0,0,0,0x4000000000000000,0,0,1,0,0,0,0,2015-03-22 15:57:41,1427039861.0,15,57
1796196,59017,e1dfd6c6-7ffd-46f7-80cf-3d5474c6f0a4,2015-03-22 15:57:41,informant-PC, Microsoft-Windows-Winlogon ,System,0,0,1,0,0,0,0,None,2388,System,7002,0,0,0,0,0,0,0,0,0,1102,0x2000000000000000,0,1,0,0,0,0,0,2015-03-22 15:57:41,1427039861.0,15,57
1796199,13963,7b6c865e-fbc1-4f60-b49e-dd2646c87bee,2015-03-22 15:57:42,informant-PC, Microsoft-Windows-TerminalServices-LocalSessionManager ,Other,0,0,0,0,0,1,0,None,508,Microsoft-Windows-TerminalServices-LocalSessionManager/Operational,24,0,0,0,0,0,0,0,0,0,0,0x1000000000000000,1,0,0,0,0,0,0,2015-03-22 15:57:42,1427039862.0,15,57
1796200,13963,0d83236d-cd92-453c-9a23-19ff6c99d586,2015-03-22 15:57:42,informant-PC, Microsoft-Windows-TerminalServices-LocalSessionManager ,Other,0,0,0,0,0,1,0,None,508,Microsoft-Windows-TerminalServices-LocalSessionManager/Operational,24,0,0,0,0,0,0,0,0,0,0,0x1000000000000000,1,0,0,0,0,0,0,2015-03-22 15:57:42,1427039862.0,15,57
1796213,59019,6f37a0f9-b17c-4170-9834-1f5488321899,2015-03-22 15:57:54,informant-PC, Microsoft-Windows-Security-Auditing ,Security,1,0,0,0,0,0,0,S-1-5-21-2425377081-3129163575-2985601102-1000,500,Security,4624,0,0,0,1,0,0,0,0,0,12544,0x8020000000000000,0,0,0,1,0,0,0,2015-03-22 15:57:54,1427039874.0,15,57
1796214,59019,843776cc-b0f5-44f0-aca3-04e9fd500380,2015-03-22 15:57:54,informant-PC, Microsoft-Windows-Security-Auditing ,Security,1,0,0,0,0,0,0,S-1-5-21-2425377081-3129163575-2985601102-1000,500,Security,4624,0,0,0,1,0,0,0,0,0,12544,0x8020000000000000,0,0,0,1,0,0,0,2015-03-22 15:57:54,1427039874.0,15,57
1796215,59019,0ad5400a-44f4-42be-8fe3-3e120fb292b4,2015-03-22 15:57:54,informant-PC, Microsoft-Windows-Security-Auditing ,Security,1,0,0,0,0,0,0,S-1-5-21-2425377081-3129163575-2985601102-1000,500,Security,4624,0,0,0,1,0,0,0,0,0,12544,0x8020000000000000,0,0,0,1,0,0,0,2015-03-22 15:57:54,1427039874.0,15,57
1796216,59019,7d2e97b3-1305-4a17-9468-a224e8c38f9c,2015-03-22 15:57:54,informant-PC, Microsoft-Windows-Security-Auditing ,Security,1,0,0,0,0,0,0,S-1-5-21-2425377081-3129163575-2985601102-1000,500,Security,4624,0,0,0,1,0,0,0,0,0,12544,0x8020000000000000,0,0,0,1,0,0,0,2015-03-22 15:57:54,1427039874.0,15,57
1796217,59019,662b77d5-b317-439f-a49a-bac23b5c8f3e,2015-03-22 15:57:54,informant-PC, Microsoft-Windows-Security-Auditing ,Security,1,0,0,0,0,0,0,None,500,Security,4648,0,0,0,1,0,0,0,0,0,12544,0x8020000000000000,0,0,0,1,0,0,0,2015-03-22 15:57:54,1427039874.0,15,57
1796218,59019,4f4f3a87-e89c-4c09-aeba-64524ea809ee,2015-03-22 15:57:54,informant-PC, Microsoft-Windows-Security-Auditing ,Security,1,0,0,0,0,0,0,None,500,Security,4648,0,0,0,1,0,0,0,0,0,12544,0x8020000000000000,0,0,0,1,0,0,0,2015-03-22 15:57:54,1427039874.0,15,57
1796219,59019,6a8ecfb8-96ab-4a84-8760-9dc20ad17cb9,2015-03-22 15:57:54,informant-PC, Microsoft-Windows-Security-Auditing ,Security,1,0,0,0,0,0,0,None,500,Security,4672,0,0,0,1,0,0,0,0,0,12548,0x8020000000000000,0,0,0,1,0,0,0,2015-03-22 15:57:54,1427039874.0,15,57
1796220,59019,b355c360-1c0a-4c14-91bf-35f46ead3384,2015-03-22 15:57:54,informant-PC, Microsoft-Windows-Security-Auditing ,Security,1,0,0,0,0,0,0,None,500,Security,4672,0,0,0,1,0,0,0,0,0,12548,0x8020000000000000,0,0,0,1,0,0,0,2015-03-22 15:57:54,1427039874.0,15,57
1796225,59018,86d294ab-3a5a-4f3d-8db7-bac87dac59b7,2015-03-22 15:57:55,informant-PC, Wlclntfy ,Application,0,1,0,0,0,0,0,None,0,Application,6000,0,0,0,0,0,0,0,0,0,0,0x0080000000000000,0,0,0,0,0,0,0,2015-03-22 15:57:55,1427039875.0,15,57
1796226,59018,c91faf5a-d6c5-4017-9b0d-cc13690856f8,2015-03-22 15:57:55,informant-PC, Wlclntfy ,Application,0,1,0,0,0,0,0,None,0,Application,6000,0,0,0,0,0,0,0,0,0,0,0x0080000000000000,0,0,0,0,0,0,0,2015-03-22 15:57:55,1427039875.0,15,57
1796227,59019,352266cc-a0db-4d45-bbda-a56a4c77f978,2015-03-22 15:57:55,informant-PC, Microsoft-Windows-Security-Auditing ,Security,1,0,0,0,0,0,0,S-1-5-21-2425377081-3129163575-2985601102-1000,500,Security,4634,0,0,0,1,0,0,0,0,0,12545,0x8020000000000000,0,0,0,1,0,0,0,2015-03-22 15:57:55,1427039875.0,15,57
1796228,59019,aef87f64-58a1-4568-818e-6e492ee937de,2015-03-22 15:57:55,informant-PC, Microsoft-Windows-Security-Auditing ,Security,1,0,0,0,0,0,0,S-1-5-21-2425377081-3129163575-2985601102-1000,500,Security,4634,0,0,0,1,0,0,0,0,0,12545,0x8020000000000000,0,0,0,1,0,0,0,2015-03-22 15:57:55,1427039875.0,15,57
1796229,59019,ce407bbd-a7c5-4702-8ccf-52b439ea8609,2015-03-22 15:57:55,informant-PC, Microsoft-Windows-Security-Auditing ,Security,1,0,0,0,0,0,0,S-1-5-21-2425377081-3129163575-2985601102-1000,500,Security,4634,0,0,0,1,0,0,0,0,0,12545,0x8020000000000000,0,0,0,1,0,0,0,2015-03-22 15:57:55,1427039875.0,15,57
1796230,13963,a1ef6f86-2cca-4e42-90eb-75fe3108c1dd,2015-03-22 15:57:55,informant-PC, Microsoft-Windows-TerminalServices-LocalSessionManager ,Other,0,0,0,0,0,1,0,None,508,Microsoft-Windows-TerminalServices-LocalSessionManager/Operational,25,0,0,0,0,0,0,0,0,0,0,0x1000000000000000,1,0,0,0,0,0,0,2015-03-22 15:57:55,1427039875.0,15,57
1796231,13963,f9181caa-d840-46f0-8b22-ce4c9c054b6b,2015-03-22 15:57:55,informant-PC, Microsoft-Windows-TerminalServices-LocalSessionManager ,Other,0,0,0,0,0,1,0,None,508,Microsoft-Windows-TerminalServices-LocalSessionManager/Operational,25,0,0,0,0,0,0,0,0,0,0,0x1000000000000000,1,0,0,0,0,0,0,2015-03-22 15:57:55,1427039875.0,15,57
1796232,59019,6abc2884-02e7-46da-b610-74d7edd04e94,2015-03-22 15:57:55,informant-PC, Microsoft-Windows-Security-Auditing ,Security,1,0,0,0,0,0,0,S-1-5-21-2425377081-3129163575-2985601102-1000,500,Security,4634,0,0,0,1,0,0,0,0,0,12545,0x8020000000000000,0,0,0,1,0,0,0,2015-03-22 15:57:55,1427039875.0,15,57
1796239,59019,d59a6d31-23dd-4c78-b43e-2509fee7a16d,2015-03-22 15:57:56,informant-PC, Microsoft-Windows-Security-Auditing ,Security,1,0,0,0,0,0,0,S-1-5-21-2425377081-3129163575-2985601102-1003,500,Security,4634,0,0,0,1,0,0,0,0,0,12545,0x8020000000000000,0,0,0,1,0,0,0,2015-03-22 15:57:56,1427039876.0,15,57
1796240,59019,effb43e1-c4a7-41f1-99a7-2f5d976812db,2015-03-22 15:57:56,informant-PC, Microsoft-Windows-Security-Auditing ,Security,1,0,0,0,0,0,0,S-1-5-21-2425377081-3129163575-2985601102-1003,500,Security,4634,0,0,0,1,0,0,0,0,0,12545,0x8020000000000000,0,0,0,1,0,0,0,2015-03-22 15:57:56,1427039876.0,15,57
1796279,59019,6c1be461-7ed5-41fc-a7b2-adefdcddcb80,2015-03-22 15:58:26,informant-PC, Microsoft-Windows-Security-Auditing ,Security,1,0,0,0,0,0,0,S-1-5-21-2425377081-3129163575-2985601102-1001,500,Security,4634,0,0,0,1,0,0,0,0,0,12545,0x8020000000000000,0,0,0,1,0,0,0,2015-03-22 15:58:26,1427039906.0,15,58
1796280,59019,43530b2c-57d2-47f8-8813-32c21317a070,2015-03-22 15:58:26,informant-PC, Microsoft-Windows-Security-Auditing ,Security,1,0,0,0,0,0,0,S-1-5-21-2425377081-3129163575-2985601102-1001,500,Security,4634,0,0,0,1,0,0,0,0,0,12545,0x8020000000000000,0,0,0,1,0,0,0,2015-03-22 15:58:26,1427039906.0,15,58
1796281,59019,227d186f-715a-49d1-bdb4-102476732113,2015-03-22 15:58:26,informant-PC, Microsoft-Windows-Security-Auditing ,Security,1,0,0,0,0,0,0,S-1-5-21-2425377081-3129163575-2985601102-1001,500,Security,4634,0,0,0,1,0,0,0,0,0,12545,0x8020000000000000,0,0,0,1,0,0,0,2015-03-22 15:58:26,1427039906.0,15,58
1796282,59019,2caded56-cbfe-45a1-8d82-b2f1f39e5ed2,2015-03-22 15:58:26,informant-PC, Microsoft-Windows-Security-Auditing ,Security,1,0,0,0,0,0,0,S-1-5-21-2425377081-3129163575-2985601102-1001,500,Security,4634,0,0,0,1,0,0,0,0,0,12545,0x8020000000000000,0,0,0,1,0,0,0,2015-03-22 15:58:26,1427039906.0,15,58
1796295,59017,14b364bf-ad3a-45ba-a2da-11725110ab4f,2015-03-22 15:59:41,informant-PC, Service Control Manager ,System,0,0,1,0,0,0,0,None,484,System,7036,0,0,0,0,0,0,0,0,0,0,0x8080000000000000,0,0,0,1,0,0,0,2015-03-22 15:59:41,1427039981.0,15,59
1796296,59017,1fab6ad9-9971-45fc-9242-1abc4b8d4503,2015-03-22 15:59:41,informant-PC, Service Control Manager ,System,0,0,1,0,0,0,0,None,484,System,7036,0,0,0,0,0,0,0,0,0,0,0x8080000000000000,0,0,0,1,0,0,0,2015-03-22 15:59:41,1427039981.0,15,59
1796327,59017,df1cb79a-c20d-4ae9-bde5-c35846bb88f6,2015-03-22 16:00:06,informant-PC, USER32 ,System,0,0,1,0,0,0,0,None,None,System,1074,0,0,0,0,0,0,0,0,0,0,0x0080000000000000,0,0,0,0,0,0,0,2015-03-22 16:00:06,1427040006.0,16,0
1796328,59017,e5e1f12b-aa42-4c53-8094-d397419fea0a,2015-03-22 16:00:06,informant-PC, USER32 ,System,0,0,1,0,0,0,0,None,None,System,1074,0,0,0,0,0,0,0,0,0,0,0x0080000000000000,0,0,0,0,0,0,0,2015-03-22 16:00:06,1427040006.0,16,0
1796381,59042,1d453261-685f-4907-807a-5f5b119faf96,2015-03-22 16:00:07,informant-PC, Microsoft-Windows-GroupPolicy ,Other,0,0,0,0,0,1,0,None,904,Microsoft-Windows-GroupPolicy/Operational,5324,0,0,0,0,0,0,0,0,0,0,0x4000000000000000,0,0,1,0,0,0,0,2015-03-22 16:00:07,1427040007.0,16,0
1796382,59042,5e9ba888-a6bd-419e-9d6b-d85bb514ef59,2015-03-22 16:00:07,informant-PC, Microsoft-Windows-GroupPolicy ,Other,0,0,0,0,0,1,0,None,904,Microsoft-Windows-GroupPolicy/Operational,5324,0,0,0,0,0,0,0,0,0,0,0x4000000000000000,0,0,1,0,0,0,0,2015-03-22 16:00:07,1427040007.0,16,0
1796383,59018,40b29687-a285-4b06-99f3-c9127d298525,2015-03-22 16:00:08,informant-PC, Desktop Window Manager ,Application,0,1,0,0,0,0,0,None,None,Application,9009,0,0,0,0,0,0,0,0,0,0,0x0080000000000000,0,0,0,0,0,0,0,2015-03-22 16:00:08,1427040008.0,16,0
1796384,59017,59ca0b2a-f52b-4cca-987c-33af53805ed5,2015-03-22 16:00:08,informant-PC, USER32 ,System,0,0,1,0,0,0,0,None,None,System,1074,0,0,0,0,0,0,0,0,0,0,0x0080000000000000,0,0,0,0,0,0,0,2015-03-22 16:00:08,1427040008.0,16,0
1796385,59018,ff621366-23b2-4b97-b29d-7f90f584e5e8,2015-03-22 16:00:08,informant-PC, Desktop Window Manager ,Application,0,1,0,0,0,0,0,None,None,Application,9009,0,0,0,0,0,0,0,0,0,0,0x0080000000000000,0,0,0,0,0,0,0,2015-03-22 16:00:08,1427040008.0,16,0
1796386,59018,677e3aa8-3b40-45cb-bd17-b446e5cd9683,2015-03-22 16:00:08,informant-PC, Wlclntfy ,Application,0,1,0,0,0,0,0,None,0,Application,6000,0,0,0,0,0,0,0,0,0,0,0x0080000000000000,0,0,0,0,0,0,0,2015-03-22 16:00:08,1427040008.0,16,0
1796387,59018,9e835954-4181-409c-af47-e9b64a6f0420,2015-03-22 16:00:08,informant-PC, Wlclntfy ,Application,0,1,0,0,0,0,0,None,0,Application,6000,0,0,0,0,0,0,0,0,0,0,0x0080000000000000,0,0,0,0,0,0,0,2015-03-22 16:00:08,1427040008.0,16,0
1796388,59017,a9df270e-6abd-4bd4-89ce-b7ed2c4393eb,2015-03-22 16:00:08,informant-PC, USER32 ,System,0,0,1,0,0,0,0,None,None,System,1074,0,0,0,0,0,0,0,0,0,0,0x0080000000000000,0,0,0,0,0,0,0,2015-03-22 16:00:08,1427040008.0,16,0
1796389,59019,af33ebe0-102e-43bc-8248-c10b6d918cf9,2015-03-22 16:00:08,informant-PC, Microsoft-Windows-Security-Auditing ,Security,1,0,0,0,0,0,0,S-1-5-21-2425377081-3129163575-2985601102-1000,500,Security,4647,0,0,0,1,0,0,0,0,0,12545,0x8020000000000000,0,0,0,1,0,0,0,2015-03-22 16:00:08,1427040008.0,16,0
1796390,59019,3eb9e758-a0d1-4ad2-ab40-ba80ab7d9c79,2015-03-22 16:00:08,informant-PC, Microsoft-Windows-Security-Auditing ,Security,1,0,0,0,0,0,0,S-1-5-21-2425377081-3129163575-2985601102-1000,500,Security,4647,0,0,0,1,0,0,0,0,0,12545,0x8020000000000000,0,0,0,1,0,0,0,2015-03-22 16:00:08,1427040008.0,16,0
1796391,13963,79731f05-d146-4ec4-a43a-2e036f31b97f,2015-03-22 16:00:08,informant-PC, Microsoft-Windows-TerminalServices-LocalSessionManager ,Other,0,0,0,0,0,1,0,None,508,Microsoft-Windows-TerminalServices-LocalSessionManager/Operational,23,0,0,0,0,0,0,0,0,0,0,0x1000000000000000,1,0,0,0,0,0,0,2015-03-22 16:00:08,1427040008.0,16,0
1796392,13963,cbb3c27f-1f39-4efe-bee6-52ab02478d42,2015-03-22 16:00:08,informant-PC, Microsoft-Windows-TerminalServices-LocalSessionManager ,Other,0,0,0,0,0,1,0,None,508,Microsoft-Windows-TerminalServices-LocalSessionManager/Operational,23,0,0,0,0,0,0,0,0,0,0,0x1000000000000000,1,0,0,0,0,0,0,2015-03-22 16:00:08,1427040008.0,16,0
1796393,59042,dbd0c62c-eb5b-42f0-8791-7e0f15c81c07,2015-03-22 16:00:08,informant-PC, Microsoft-Windows-GroupPolicy ,Other,0,0,0,0,0,1,0,None,904,Microsoft-Windows-GroupPolicy/Operational,5324,0,0,0,0,0,0,0,0,0,0,0x4000000000000000,0,0,1,0,0,0,0,2015-03-22 16:00:08,1427040008.0,16,0
1796394,59042,12425d7d-e53d-47a1-b24c-958938957162,2015-03-22 16:00:08,informant-PC, Microsoft-Windows-GroupPolicy ,Other,0,0,0,0,0,1,0,None,904,Microsoft-Windows-GroupPolicy/Operational,5324,0,0,0,0,0,0,0,0,0,0,0x4000000000000000,0,0,1,0,0,0,0,2015-03-22 16:00:08,1427040008.0,16,0
1796395,59040,2e9df7be-71c5-4a14-8679-7551f5d3599f,2015-03-22 16:00:08,informant-PC, Microsoft-Windows-OfflineFiles ,Other,0,0,0,0,0,1,0,None,824,Microsoft-Windows-OfflineFiles/Operational,8,0,0,0,0,0,0,0,0,0,0,0x4000000000000008,0,0,1,0,0,0,0,2015-03-22 16:00:08,1427040008.0,16,0
1796396,59021,0f57d233-24c1-4d5c-b4bd-f2cd631de6a0,2015-03-22 16:00:08,informant-PC, Microsoft-Windows-User Profiles Service ,Other,0,0,0,0,0,1,0,None,904,Microsoft-Windows-User Profile Service/Operational,3,0,0,0,0,0,0,0,0,0,0,0x4000000000000000,0,0,1,0,0,0,0,2015-03-22 16:00:08,1427040008.0,16,0
1796397,59040,565ac349-85b9-4dbd-ad28-8ff0ea5993e3,2015-03-22 16:00:08,informant-PC, Microsoft-Windows-OfflineFiles ,Other,0,0,0,0,0,1,0,None,824,Microsoft-Windows-OfflineFiles/Operational,8,0,0,0,0,0,0,0,0,0,0,0x4000000000000008,0,0,1,0,0,0,0,2015-03-22 16:00:08,1427040008.0,16,0
1796398,59021,7df2c8e3-5506-4c52-9e0c-3c8d0ad29b2b,2015-03-22 16:00:08,informant-PC, Microsoft-Windows-User Profiles Service ,Other,0,0,0,0,0,1,0,None,904,Microsoft-Windows-User Profile Service/Operational,3,0,0,0,0,0,0,0,0,0,0,0x4000000000000000,0,0,1,0,0,0,0,2015-03-22 16:00:08,1427040008.0,16,0
1796411,59021,3cd0d30f-b801-47a3-b9aa-829db7fde31f,2015-03-22 16:00:08,informant-PC, Microsoft-Windows-User Profiles Service ,Other,0,0,0,0,0,1,0,None,904,Microsoft-Windows-User Profile Service/Operational,4,0,0,0,0,0,0,0,0,0,0,0x4000000000000000,0,0,1,0,0,0,0,2015-03-22 16:00:08,1427040008.0,16,0
1796412,59021,dd433bb8-eb06-42a9-aee3-17d874f0458c,2015-03-22 16:00:08,informant-PC, Microsoft-Windows-User Profiles Service ,Other,0,0,0,0,0,1,0,None,904,Microsoft-Windows-User Profile Service/Operational,4,0,0,0,0,0,0,0,0,0,0,0x4000000000000000,0,0,1,0,0,0,0,2015-03-22 16:00:08,1427040008.0,16,0
1796413,59017,484832e2-58da-4330-a605-79f7e9061b83,2015-03-22 16:00:08,informant-PC, Microsoft-Windows-Winlogon ,System,0,0,1,0,0,0,0,None,440,System,7002,0,0,0,0,0,0,0,0,0,1102,0x2000000000000000,0,1,0,0,0,0,0,2015-03-22 16:00:08,1427040008.0,16,0
1796414,59017,9ae0436e-ace2-4b09-bde5-1b091949e4c5,2015-03-22 16:00:08,informant-PC, Microsoft-Windows-Winlogon ,System,0,0,1,0,0,0,0,None,440,System,7002,0,0,0,0,0,0,0,0,0,1102,0x2000000000000000,0,1,0,0,0,0,0,2015-03-22 16:00:08,1427040008.0,16,0
1796415,59017,c9de8b80-3002-4465-9f5a-51d43779019b,2015-03-22 16:00:09,informant-PC, EventLog ,System,0,0,1,0,0,0,0,None,None,System,6006,0,0,0,0,0,0,0,0,0,0,0x0080000000000000,0,0,0,0,0,0,0,2015-03-22 16:00:09,1427040009.0,16,0
1796416,59017,47e3ace0-5626-42fc-bef9-d81ccf6ffd8a,2015-03-22 16:00:09,informant-PC, EventLog ,System,0,0,1,0,0,0,0,None,None,System,6006,0,0,0,0,0,0,0,0,0,0,0x0080000000000000,0,0,0,0,0,0,0,2015-03-22 16:00:09,1427040009.0,16,0
1796417,46,18647290-2d69-4d5a-b93e-89ef2075e3b1,2015-03-22 16:00:09,informant-PC, Microsoft-Windows-WindowsUpdateClient ,Other,0,0,0,0,0,1,0,None,904,Microsoft-Windows-WindowsUpdateClient/Operational,39,0,0,0,0,0,0,0,0,0,1,0x4000000000000280,0,0,1,0,0,0,0,2015-03-22 16:00:09,1427040009.0,16,0
1796420,59017,2aee7f69-7648-416d-904d-3f42e7fd9ffb,2015-03-22 16:00:09,informant-PC, Service Control Manager ,System,0,0,1,0,0,0,0,None,484,System,7036,0,0,0,0,0,0,0,0,0,0,0x8080000000000000,0,0,0,1,0,0,0,2015-03-22 16:00:09,1427040009.0,16,0
1796421,46,5859b426-0e06-4650-80d1-b72e65be9f94,2015-03-22 16:00:09,informant-PC, Microsoft-Windows-WindowsUpdateClient ,Other,0,0,0,0,0,1,0,None,904,Microsoft-Windows-WindowsUpdateClient/Operational,39,0,0,0,0,0,0,0,0,0,1,0x4000000000000280,0,0,1,0,0,0,0,2015-03-22 16:00:09,1427040009.0,16,0
1796422,59017,75d1f261-159e-4a73-8400-20c38d15ce62,2015-03-22 16:00:09,informant-PC, Service Control Manager ,System,0,0,1,0,0,0,0,None,484,System,7036,0,0,0,0,0,0,0,0,0,0,0x8080000000000000,0,0,0,1,0,0,0,2015-03-22 16:00:09,1427040009.0,16,0
1796423,59017,ccbdcfa6-5164-47b1-8103-283550de1f06,2015-03-22 16:00:09,informant-PC, Service Control Manager ,System,0,0,1,0,0,0,0,None,484,System,7036,0,0,0,0,0,0,0,0,0,0,0x8080000000000000,0,0,0,1,0,0,0,2015-03-22 16:00:09,1427040009.0,16,0
1796424,59017,7d6457b8-a7e2-433e-bc88-8005a901c9e2,2015-03-22 16:00:09,informant-PC, Service Control Manager ,System,0,0,1,0,0,0,0,None,484,System,7036,0,0,0,0,0,0,0,0,0,0,0x8080000000000000,0,0,0,1,0,0,0,2015-03-22 16:00:09,1427040009.0,16,0
1796425,59042,f6eb77b9-0c63-425b-9cbe-5aada47ba1aa,2015-03-22 16:00:09,informant-PC, Microsoft-Windows-GroupPolicy ,Other,0,0,0,0,0,1,0,None,904,Microsoft-Windows-GroupPolicy/Operational,5325,0,0,0,0,0,0,0,0,0,0,0x4000000000000000,0,0,1,0,0,0,0,2015-03-22 16:00:09,1427040009.0,16,0
1796426,59042,dc253bb9-cb41-4e08-94a4-11744f821e1e,2015-03-22 16:00:09,informant-PC, Microsoft-Windows-GroupPolicy ,Other,0,0,0,0,0,1,0,None,904,Microsoft-Windows-GroupPolicy/Operational,5325,0,0,0,0,0,0,0,0,0,0,0x4000000000000000,0,0,1,0,0,0,0,2015-03-22 16:00:09,1427040009.0,16,0
1796446,59017,e4565049-7993-4ec7-936e-7ae48e60ad59,2015-03-22 16:00:09,informant-PC, Service Control Manager ,System,0,0,1,0,0,0,0,None,484,System,7036,0,0,0,0,0,0,0,0,0,0,0x8080000000000000,0,0,0,1,0,0,0,2015-03-22 16:00:09,1427040009.0,16,0
1796457,59017,8edd27bf-49a5-457f-a249-f609a71731ad,2015-03-22 16:00:09,informant-PC, Service Control Manager ,System,0,0,1,0,0,0,0,None,484,System,7036,0,0,0,0,0,0,0,0,0,0,0x8080000000000000,0,0,0,1,0,0,0,2015-03-22 16:00:09,1427040009.0,16,0
1796465,59017,22c35988-e0a2-4f8e-9fee-e7ca5d4e387c,2015-03-22 16:00:09,informant-PC, Service Control Manager ,System,0,0,1,0,0,0,0,None,484,System,7036,0,0,0,0,0,0,0,0,0,0,0x8080000000000000,0,0,0,1,0,0,0,2015-03-22 16:00:09,1427040009.0,16,0
1796466,59017,f201cb23-e99e-4c2e-946d-b86e31466954,2015-03-22 16:00:09,informant-PC, Service Control Manager ,System,0,0,1,0,0,0,0,None,484,System,7036,0,0,0,0,0,0,0,0,0,0,0x8080000000000000,0,0,0,1,0,0,0,2015-03-22 16:00:09,1427040009.0,16,0
1796471,59017,c5f83873-7995-42b6-8705-8ab481eb5fd4,2015-03-22 16:00:09,informant-PC, Microsoft-Windows-DHCPv6-Client ,System,0,0,1,0,0,0,0,None,744,System,51047,0,0,0,0,0,0,0,0,0,4,0x2000000000000000,0,1,0,0,0,0,0,2015-03-22 16:00:09,1427040009.0,16,0
1796472,59017,8b12be97-0023-4916-9d85-9c9582be9456,2015-03-22 16:00:09,informant-PC, Microsoft-Windows-Dhcp-Client ,System,0,0,1,0,0,0,0,None,744,System,50037,0,0,0,0,0,0,0,0,0,4,0x2000000000000000,0,1,0,0,0,0,0,2015-03-22 16:00:09,1427040009.0,16,0
1796473,59017,ad26f6ce-1f09-49af-8951-d1609f13f734,2015-03-22 16:00:09,informant-PC, Microsoft-Windows-DHCPv6-Client ,System,0,0,1,0,0,0,0,None,744,System,51047,0,0,0,0,0,0,0,0,0,4,0x2000000000000000,0,1,0,0,0,0,0,2015-03-22 16:00:09,1427040009.0,16,0
1796474,59017,c2274594-c4d3-4ec0-8982-f35e31c71525,2015-03-22 16:00:09,informant-PC, Microsoft-Windows-Dhcp-Client ,System,0,0,1,0,0,0,0,None,744,System,50037,0,0,0,0,0,0,0,0,0,4,0x2000000000000000,0,1,0,0,0,0,0,2015-03-22 16:00:09,1427040009.0,16,0
1796475,59017,f4e17927-0e87-4a48-87f4-e302145119c9,2015-03-22 16:00:09,informant-PC, Service Control Manager ,System,0,0,1,0,0,0,0,None,484,System,7036,0,0,0,0,0,0,0,0,0,0,0x8080000000000000,0,0,0,1,0,0,0,2015-03-22 16:00:09,1427040009.0,16,0
1796478,59017,0ee2abb8-9931-41a8-a4c8-6a105c49c3a2,2015-03-22 16:00:09,informant-PC, Service Control Manager ,System,0,0,1,0,0,0,0,None,484,System,7036,0,0,0,0,0,0,0,0,0,0,0x8080000000000000,0,0,0,1,0,0,0,2015-03-22 16:00:09,1427040009.0,16,0
1796479,59019,22fcd229-408a-434f-bc49-778f0b21e897,2015-03-22 16:00:09,informant-PC, Microsoft-Windows-Eventlog ,Security,1,0,0,0,0,0,0,None,744,Security,1100,0,0,0,0,0,0,0,0,0,103,0x4020000000000000,0,0,1,0,0,0,0,2015-03-22 16:00:09,1427040009.0,16,0
1796480,59019,84eb1315-3d40-4e8c-b451-ddb84b1936fd,2015-03-22 16:00:09,informant-PC, Microsoft-Windows-Eventlog ,Security,1,0,0,0,0,0,0,None,744,Security,1100,0,0,0,0,0,0,0,0,0,103,0x4020000000000000,0,0,1,0,0,0,0,2015-03-22 16:00:09,1427040009.0,16,0
1796481,59017,db038375-9a8e-4baf-9dda-df86553e1b1b,2015-03-22 16:00:09,informant-PC, Service Control Manager ,System,0,0,1,0,0,0,0,None,484,System,7036,0,0,0,0,0,0,0,0,0,0,0x8080000000000000,0,0,0,1,0,0,0,2015-03-22 16:00:09,1427040009.0,16,0
1796482,59017,be532c78-ffc3-4654-9c97-6e4b558b7532,2015-03-22 16:00:09,informant-PC, Service Control Manager ,System,0,0,1,0,0,0,0,None,484,System,7036,0,0,0,0,0,0,0,0,0,0,0x8080000000000000,0,0,0,1,0,0,0,2015-03-22 16:00:09,1427040009.0,16,0
1796483,59017,bd86702a-fac6-41d5-8d84-25dadad29481,2015-03-22 16:00:09,informant-PC, Service Control Manager ,System,0,0,1,0,0,0,0,None,484,System,7036,0,0,0,0,0,0,0,0,0,0,0x8080000000000000,0,0,0,1,0,0,0,2015-03-22 16:00:09,1427040009.0,16,0
1796484,59017,16b47455-b529-4e2c-8de7-e7a436cb2e5e,2015-03-22 16:00:09,informant-PC, Service Control Manager ,System,0,0,1,0,0,0,0,None,484,System,7036,0,0,0,0,0,0,0,0,0,0,0x8080000000000000,0,0,0,1,0,0,0,2015-03-22 16:00:09,1427040009.0,16,0
1796485,59017,587ecb46-8d8d-4656-9d64-bdfcddabaf12,2015-03-22 16:00:09,informant-PC, Service Control Manager ,System,0,0,1,0,0,0,0,None,484,System,7036,0,0,0,0,0,0,0,0,0,0,0x8080000000000000,0,0,0,1,0,0,0,2015-03-22 16:00:09,1427040009.0,16,0
1796486,59017,787a2563-07ab-429e-bb9f-38a0af405e64,2015-03-22 16:00:09,informant-PC, Microsoft-Windows-UserPnp ,System,0,0,1,0,0,0,0,None,604,System,20010,0,0,0,0,0,0,0,0,0,7010,0x8000000000000000,0,0,0,1,0,0,0,2015-03-22 16:00:09,1427040009.0,16,0
1796487,59017,8a55066f-12fe-4140-8dd3-a26d84dc1071,2015-03-22 16:00:09,informant-PC, Microsoft-Windows-UserPnp ,System,0,0,1,0,0,0,0,None,604,System,20010,0,0,0,0,0,0,0,0,0,7010,0x8000000000000000,0,0,0,1,0,0,0,2015-03-22 16:00:09,1427040009.0,16,0
1796488,59017,5773a7fe-b139-4252-bb80-8759f82abdfa,2015-03-22 16:00:09,informant-PC, Service Control Manager ,System,0,0,1,0,0,0,0,None,484,System,7036,0,0,0,0,0,0,0,0,0,0,0x8080000000000000,0,0,0,1,0,0,0,2015-03-22 16:00:09,1427040009.0,16,0
1796497,59026,ea3716c1-19ae-497b-81bf-4f54ac245b83,2015-03-22 16:00:09,informant-PC, Microsoft-Windows-Resource-Exhaustion-Detector ,Other,0,0,0,0,0,1,0,None,1124,Microsoft-Windows-Resource-Exhaustion-Detector/Operational,1002,0,0,0,0,0,0,0,0,0,1,0x4000000010000000,0,0,1,0,0,0,0,2015-03-22 16:00:09,1427040009.0,16,0
1796498,59018,5baefc9e-3723-424d-9d83-5846948b3a51,2015-03-22 16:00:09,informant-PC, Microsoft-Windows-User Profiles Service ,Application,0,1,0,0,0,0,0,None,904,Application,1532,0,0,0,0,0,0,0,0,0,0,0x8000000000000000,0,0,0,1,0,0,0,2015-03-22 16:00:09,1427040009.0,16,0
1796500,59017,808432b4-933b-4baf-a8e3-6afd32844e7e,2015-03-22 16:00:09,informant-PC, Service Control Manager ,System,0,0,1,0,0,0,0,None,484,System,7036,0,0,0,0,0,0,0,0,0,0,0x8080000000000000,0,0,0,1,0,0,0,2015-03-22 16:00:09,1427040009.0,16,0
1796504,59017,b5859bb6-abc8-4fe6-9db3-03a99eaf8492,2015-03-22 16:00:09,informant-PC, Service Control Manager ,System,0,0,1,0,0,0,0,None,484,System,7036,0,0,0,0,0,0,0,0,0,0,0x8080000000000000,0,0,0,1,0,0,0,2015-03-22 16:00:09,1427040009.0,16,0
1796507,59017,00ea9ad8-dd0f-4bd3-bef7-2d3e6691c0fd,2015-03-22 16:00:09,informant-PC, Service Control Manager ,System,0,0,1,0,0,0,0,None,484,System,7036,0,0,0,0,0,0,0,0,0,0,0x8080000000000000,0,0,0,1,0,0,0,2015-03-22 16:00:09,1427040009.0,16,0
1796508,59018,7c8e19da-d070-42b7-96ad-aec0946bb7ae,2015-03-22 16:00:09,informant-PC, Microsoft-Windows-User Profiles Service ,Application,0,1,0,0,0,0,0,None,904,Application,1532,0,0,0,0,0,0,0,0,0,0,0x8000000000000000,0,0,0,1,0,0,0,2015-03-22 16:00:09,1427040009.0,16,0
