2057889,59057,9a7e5745-3bdf-49f4-9ac6-fe12024b0b0d,2015-03-23 20:00:55,informant-PC, Microsoft-Windows-Windows Firewall With Advanced Security ,Other,0,0,0,0,0,1,0,None,1148,Microsoft-Windows-Windows Firewall With Advanced Security/Firewall,2004,0,0,0,0,0,0,0,0,0,0,0x8000020000000000,0,0,0,1,0,0,0,2015-03-23 20:00:55,1427140855.0,20,0
2058687,59017,01aa155f-baac-41ae-a8b9-a3a645e793b8,2015-03-23 20:00:56,informant-PC, Service Control Manager ,System,0,0,1,0,0,0,0,None,484,System,7045,0,0,0,0,0,0,0,0,0,0,0x8080000000000000,0,0,0,1,0,0,0,2015-03-23 20:00:56,1427140856.0,20,0
2058688,59017,a49fd35e-a560-491f-a91e-eb08db56bc3f,2015-03-23 20:00:56,informant-PC, Service Control Manager ,System,0,0,1,0,0,0,0,None,484,System,7045,0,0,0,0,0,0,0,0,0,0,0x8080000000000000,0,0,0,1,0,0,0,2015-03-23 20:00:56,1427140856.0,20,0
2058723,59018,dd2238d3-0b23-490e-a292-5cd6bb949026,2015-03-23 20:00:57,informant-PC, Bonjour Service ,Application,0,1,0,0,0,0,0,None,None,Application,100,0,0,0,0,0,0,0,0,0,0,0x0080000000000000,0,0,0,0,0,0,0,2015-03-23 20:00:57,1427140857.0,20,0
2058724,59018,7824380a-2d8c-4d83-87f7-95e74103d9cd,2015-03-23 20:00:57,informant-PC, Bonjour Service ,Application,0,1,0,0,0,0,0,None,None,Application,100,0,0,0,0,0,0,0,0,0,0,0x0080000000000000,0,0,0,0,0,0,0,2015-03-23 20:00:57,1427140857.0,20,0
2058725,59018,17d676b9-335c-49ec-8bc7-6aac0bc016d3,2015-03-23 20:00:57,informant-PC, Bonjour Service ,Application,0,1,0,0,0,0,0,None,None,Application,100,0,0,0,0,0,0,0,0,0,0,0x0080000000000000,0,0,0,0,0,0,0,2015-03-23 20:00:57,1427140857.0,20,0
2058726,59018,4451386e-54a9-460f-bc3d-f2ef85b92331,2015-03-23 20:00:57,informant-PC, Bonjour Service ,Application,0,1,0,0,0,0,0,None,None,Application,100,0,0,0,0,0,0,0,0,0,0,0x0080000000000000,0,0,0,0,0,0,0,2015-03-23 20:00:57,1427140857.0,20,0
2058727,59018,956b7d05-5700-4690-87ab-ce97882ef1d6,2015-03-23 20:00:57,informant-PC, Bonjour Service ,Application,0,1,0,0,0,0,0,None,None,Application,100,0,0,0,0,0,0,0,0,0,0,0x0080000000000000,0,0,0,0,0,0,0,2015-03-23 20:00:57,1427140857.0,20,0
2058728,59018,81b9c7b8-cf35-41a5-885b-571b38135e3a,2015-03-23 20:00:57,informant-PC, Bonjour Service ,Application,0,1,0,0,0,0,0,None,None,Application,100,0,0,0,0,0,0,0,0,0,0,0x0080000000000000,0,0,0,0,0,0,0,2015-03-23 20:00:57,1427140857.0,20,0
2058729,59017,a5bd6c23-0e80-43a2-b803-b8c423be3406,2015-03-23 20:00:57,informant-PC, Service Control Manager ,System,0,0,1,0,0,0,0,None,484,System,7036,0,0,0,0,0,0,0,0,0,0,0x8080000000000000,0,0,0,1,0,0,0,2015-03-23 20:00:57,1427140857.0,20,0
2058730,59017,0a5bf5c2-eaf6-47d1-9c60-04514070666d,2015-03-23 20:00:57,informant-PC, Service Control Manager ,System,0,0,1,0,0,0,0,None,484,System,7036,0,0,0,0,0,0,0,0,0,0,0x8080000000000000,0,0,0,1,0,0,0,2015-03-23 20:00:57,1427140857.0,20,0
2058763,59018,48310127-1ab9-443c-bed8-2be591eff151,2015-03-23 20:00:58,informant-PC, MsiInstaller ,Application,0,1,0,0,0,0,0,None,None,Application,1040,0,0,0,0,0,0,0,0,0,0,0x0080000000000000,0,0,0,0,0,0,0,2015-03-23 20:00:58,1427140858.0,20,0
2058764,59018,e01c19a0-775f-4801-bed3-607098bdbb0f,2015-03-23 20:00:58,informant-PC, MsiInstaller ,Application,0,1,0,0,0,0,0,None,None,Application,1033,0,0,0,0,0,0,0,0,0,0,0x0080000000000000,0,0,0,0,0,0,0,2015-03-23 20:00:58,1427140858.0,20,0
2058765,59018,66ef3b21-e09d-4546-94bc-2b1db174eb38,2015-03-23 20:00:58,informant-PC, MsiInstaller ,Application,0,1,0,0,0,0,0,None,None,Application,1033,0,0,0,0,0,0,0,0,0,0,0x0080000000000000,0,0,0,0,0,0,0,2015-03-23 20:00:58,1427140858.0,20,0
2058766,59018,847b809d-b189-47b7-9d28-8da4e2693106,2015-03-23 20:00:58,informant-PC, MsiInstaller ,Application,0,1,0,0,0,0,0,None,None,Application,11707,0,0,0,0,0,0,0,0,0,0,0x0080000000000000,0,0,0,0,0,0,0,2015-03-23 20:00:58,1427140858.0,20,0
2058767,59018,2922dca5-a418-4e25-b38c-46e225dd9b93,2015-03-23 20:00:58,informant-PC, MsiInstaller ,Application,0,1,0,0,0,0,0,None,None,Application,1040,0,0,0,0,0,0,0,0,0,0,0x0080000000000000,0,0,0,0,0,0,0,2015-03-23 20:00:58,1427140858.0,20,0
2058768,59018,9b76abd5-69f8-4b87-a839-663ee7a1487f,2015-03-23 20:00:58,informant-PC, MsiInstaller ,Application,0,1,0,0,0,0,0,None,None,Application,1042,0,0,0,0,0,0,0,0,0,0,0x0080000000000000,0,0,0,0,0,0,0,2015-03-23 20:00:58,1427140858.0,20,0
2058769,59018,7f99322e-a800-4d1b-ae05-415ee0631ad7,2015-03-23 20:00:58,informant-PC, MsiInstaller ,Application,0,1,0,0,0,0,0,None,None,Application,1042,0,0,0,0,0,0,0,0,0,0,0x0080000000000000,0,0,0,0,0,0,0,2015-03-23 20:00:58,1427140858.0,20,0
2058770,59018,d4d70c89-f30a-4fb1-b625-a4f8f088ae1f,2015-03-23 20:00:58,informant-PC, MsiInstaller ,Application,0,1,0,0,0,0,0,None,None,Application,11707,0,0,0,0,0,0,0,0,0,0,0x0080000000000000,0,0,0,0,0,0,0,2015-03-23 20:00:58,1427140858.0,20,0
2058997,59018,a55bcd85-d0ca-484b-aea3-3e4d81ad43d8,2015-03-23 20:00:58,informant-PC, Microsoft-Windows-RestartManager ,Application,0,1,0,0,0,0,0,None,3756,Application,10000,0,0,0,0,0,0,0,0,0,0,0x8000000000000000,0,0,0,1,0,0,0,2015-03-23 20:00:58,1427140858.0,20,0
2058998,59018,b3ef9fdf-c1ae-4785-979b-84eb67236604,2015-03-23 20:00:58,informant-PC, Microsoft-Windows-RestartManager ,Application,0,1,0,0,0,0,0,None,3756,Application,10000,0,0,0,0,0,0,0,0,0,0,0x8000000000000000,0,0,0,1,0,0,0,2015-03-23 20:00:58,1427140858.0,20,0
2060955,59018,d8876cda-80d2-4a29-8a00-56a0e60852ac,2015-03-23 20:01:01,informant-PC, MsiInstaller ,Application,0,1,0,0,0,0,0,None,None,Application,1033,0,0,0,0,0,0,0,0,0,0,0x0080000000000000,0,0,0,0,0,0,0,2015-03-23 20:01:01,1427140861.0,20,1
2060956,59018,b39803ed-cacc-4161-8849-2e681e67d0b1,2015-03-23 20:01:01,informant-PC, MsiInstaller ,Application,0,1,0,0,0,0,0,None,None,Application,1042,0,0,0,0,0,0,0,0,0,0,0x0080000000000000,0,0,0,0,0,0,0,2015-03-23 20:01:01,1427140861.0,20,1
2060957,59018,6987d87a-d254-4cb9-aa25-3f11842fcce1,2015-03-23 20:01:01,informant-PC, MsiInstaller ,Application,0,1,0,0,0,0,0,None,None,Application,11707,0,0,0,0,0,0,0,0,0,0,0x0080000000000000,0,0,0,0,0,0,0,2015-03-23 20:01:01,1427140861.0,20,1
2060958,59018,4e6231df-6687-423e-8853-3ffd7f9ae413,2015-03-23 20:01:01,informant-PC, MsiInstaller ,Application,0,1,0,0,0,0,0,None,None,Application,1040,0,0,0,0,0,0,0,0,0,0,0x0080000000000000,0,0,0,0,0,0,0,2015-03-23 20:01:01,1427140861.0,20,1
2060959,59018,e41bb1ae-cfee-4803-b944-b33ef84a499e,2015-03-23 20:01:01,informant-PC, MsiInstaller ,Application,0,1,0,0,0,0,0,None,None,Application,1040,0,0,0,0,0,0,0,0,0,0,0x0080000000000000,0,0,0,0,0,0,0,2015-03-23 20:01:01,1427140861.0,20,1
2060960,59018,71cdb0db-bd39-4f7a-9092-8f476eb86a6a,2015-03-23 20:01:01,informant-PC, MsiInstaller ,Application,0,1,0,0,0,0,0,None,None,Application,11707,0,0,0,0,0,0,0,0,0,0,0x0080000000000000,0,0,0,0,0,0,0,2015-03-23 20:01:01,1427140861.0,20,1
2060961,59018,62385284-149b-4d61-a500-734dc78e4ba7,2015-03-23 20:01:01,informant-PC, MsiInstaller ,Application,0,1,0,0,0,0,0,None,None,Application,1033,0,0,0,0,0,0,0,0,0,0,0x0080000000000000,0,0,0,0,0,0,0,2015-03-23 20:01:01,1427140861.0,20,1
2060962,59018,b0dfe60b-7a2d-4da7-988b-1924efec2a94,2015-03-23 20:01:01,informant-PC, MsiInstaller ,Application,0,1,0,0,0,0,0,None,None,Application,1042,0,0,0,0,0,0,0,0,0,0,0x0080000000000000,0,0,0,0,0,0,0,2015-03-23 20:01:01,1427140861.0,20,1
2061134,59017,c88a7395-4ad1-442c-b0b2-bcabead3eed2,2015-03-23 20:01:01,informant-PC, Service Control Manager ,System,0,0,1,0,0,0,0,None,484,System,7036,0,0,0,0,0,0,0,0,0,0,0x8080000000000000,0,0,0,1,0,0,0,2015-03-23 20:01:01,1427140861.0,20,1
2061139,59017,32822413-7085-4476-b3b0-3401f8f0627b,2015-03-23 20:01:01,informant-PC, Service Control Manager ,System,0,0,1,0,0,0,0,None,484,System,7036,0,0,0,0,0,0,0,0,0,0,0x8080000000000000,0,0,0,1,0,0,0,2015-03-23 20:01:01,1427140861.0,20,1
2061256,59018,b2c16e1c-8ee0-4c29-a1ee-a710772174b7,2015-03-23 20:01:01,informant-PC, Microsoft-Windows-RestartManager ,Application,0,1,0,0,0,0,0,None,3756,Application,10001,0,0,0,0,0,0,0,0,0,0,0x8000000000000000,0,0,0,1,0,0,0,2015-03-23 20:01:01,1427140861.0,20,1
2061257,59018,415f3a85-1f9f-4794-aca1-12b853a36c78,2015-03-23 20:01:01,informant-PC, Microsoft-Windows-RestartManager ,Application,0,1,0,0,0,0,0,None,3756,Application,10001,0,0,0,0,0,0,0,0,0,0,0x8000000000000000,0,0,0,1,0,0,0,2015-03-23 20:01:01,1427140861.0,20,1
2061275,59019,706d55fb-7a0c-4e4c-980c-2c108676c90b,2015-03-23 20:01:01,informant-PC, Microsoft-Windows-Security-Auditing ,Security,1,0,0,0,0,0,0,None,492,Security,4672,0,0,0,1,0,0,0,0,0,12548,0x8020000000000000,0,0,0,1,0,0,0,2015-03-23 20:01:01,1427140861.0,20,1
2061276,59019,22000251-bd87-49f9-8189-f9b155006edb,2015-03-23 20:01:01,informant-PC, Microsoft-Windows-Security-Auditing ,Security,1,0,0,0,0,0,0,None,492,Security,4672,0,0,0,1,0,0,0,0,0,12548,0x8020000000000000,0,0,0,1,0,0,0,2015-03-23 20:01:01,1427140861.0,20,1
2061277,59019,f565a810-f3dc-43d0-b070-1fd110f94663,2015-03-23 20:01:01,informant-PC, Microsoft-Windows-Security-Auditing ,Security,1,0,0,0,0,0,0,S-1-5-18,492,Security,4624,0,0,0,1,0,0,0,0,0,12544,0x8020000000000000,0,0,0,1,0,0,0,2015-03-23 20:01:01,1427140861.0,20,1
2061278,59019,7a07692a-5e5e-4dbe-ac22-0b66f4714566,2015-03-23 20:01:01,informant-PC, Microsoft-Windows-Security-Auditing ,Security,1,0,0,0,0,0,0,S-1-5-18,492,Security,4624,0,0,0,1,0,0,0,0,0,12544,0x8020000000000000,0,0,0,1,0,0,0,2015-03-23 20:01:01,1427140861.0,20,1
2061280,59017,ef6bfdf5-b455-4997-9468-92b759e9e0ff,2015-03-23 20:01:02,informant-PC, Service Control Manager ,System,0,0,1,0,0,0,0,None,484,System,7036,0,0,0,0,0,0,0,0,0,0,0x8080000000000000,0,0,0,1,0,0,0,2015-03-23 20:01:02,1427140862.0,20,1
2061281,59017,fcdaf87c-cf1d-4505-9925-1fe68babf84d,2015-03-23 20:01:02,informant-PC, Service Control Manager ,System,0,0,1,0,0,0,0,None,484,System,7036,0,0,0,0,0,0,0,0,0,0,0x8080000000000000,0,0,0,1,0,0,0,2015-03-23 20:01:02,1427140862.0,20,1
2061282,59019,3ddefd49-23c9-45d3-bc7f-3a275528fe69,2015-03-23 20:01:02,informant-PC, Microsoft-Windows-Security-Auditing ,Security,1,0,0,0,0,0,0,None,492,Security,4672,0,0,0,1,0,0,0,0,0,12548,0x8020000000000000,0,0,0,1,0,0,0,2015-03-23 20:01:02,1427140862.0,20,1
2061283,59019,f13f8c27-f3c7-4b90-9644-26cc0cc15ce3,2015-03-23 20:01:02,informant-PC, Microsoft-Windows-Security-Auditing ,Security,1,0,0,0,0,0,0,None,492,Security,4672,0,0,0,1,0,0,0,0,0,12548,0x8020000000000000,0,0,0,1,0,0,0,2015-03-23 20:01:02,1427140862.0,20,1
2061284,59019,851202c2-c05f-456c-b8c2-875debc9425a,2015-03-23 20:01:02,informant-PC, Microsoft-Windows-Security-Auditing ,Security,1,0,0,0,0,0,0,S-1-5-18,492,Security,4624,0,0,0,1,0,0,0,0,0,12544,0x8020000000000000,0,0,0,1,0,0,0,2015-03-23 20:01:02,1427140862.0,20,1
2061285,59019,dd21ad9d-2c14-407f-8eac-bfe72111dfc1,2015-03-23 20:01:02,informant-PC, Microsoft-Windows-Security-Auditing ,Security,1,0,0,0,0,0,0,S-1-5-18,492,Security,4624,0,0,0,1,0,0,0,0,0,12544,0x8020000000000000,0,0,0,1,0,0,0,2015-03-23 20:01:02,1427140862.0,20,1
2061286,59017,3357344f-4a26-4625-8157-10cc00a9beb6,2015-03-23 20:01:02,informant-PC, Service Control Manager ,System,0,0,1,0,0,0,0,None,484,System,7036,0,0,0,0,0,0,0,0,0,0,0x8080000000000000,0,0,0,1,0,0,0,2015-03-23 20:01:02,1427140862.0,20,1
2061287,59017,9041d768-ad27-4bbc-90f3-963b082d2c55,2015-03-23 20:01:02,informant-PC, Service Control Manager ,System,0,0,1,0,0,0,0,None,484,System,7036,0,0,0,0,0,0,0,0,0,0,0x8080000000000000,0,0,0,1,0,0,0,2015-03-23 20:01:02,1427140862.0,20,1
2062670,59017,80cc9055-847a-448e-9315-65c5d6f4db73,2015-03-23 20:01:13,informant-PC, Microsoft-Windows-UserPnp ,System,0,0,1,0,0,0,0,None,1964,System,20001,0,0,0,0,0,0,0,0,0,7005,0x8000000000000000,0,0,0,1,0,0,0,2015-03-23 20:01:13,1427140873.0,20,1
2062672,59017,992ec2af-a804-470c-96d2-e46241615bb7,2015-03-23 20:01:13,informant-PC, Microsoft-Windows-UserPnp ,System,0,0,1,0,0,0,0,None,1964,System,20001,0,0,0,0,0,0,0,0,0,7005,0x8000000000000000,0,0,0,1,0,0,0,2015-03-23 20:01:13,1427140873.0,20,1
2062781,59018,81144979-7954-4c82-90a3-c90f8c7feabe,2015-03-23 20:01:18,informant-PC, System Restore ,Application,0,1,0,0,0,0,0,None,None,Application,8194,0,0,0,0,0,0,0,0,0,0,0x0080000000000000,0,0,0,0,0,0,0,2015-03-23 20:01:18,1427140878.0,20,1
2062782,59018,7677a250-0c59-4a9d-9581-6d9cb31e5890,2015-03-23 20:01:18,informant-PC, System Restore ,Application,0,1,0,0,0,0,0,None,None,Application,8194,0,0,0,0,0,0,0,0,0,0,0x0080000000000000,0,0,0,0,0,0,0,2015-03-23 20:01:18,1427140878.0,20,1
2063173,59017,14201e3c-66da-4138-8076-4a51b66b859d,2015-03-23 20:01:19,informant-PC, volsnap ,System,0,0,1,0,0,0,0,None,None,System,33,0,0,0,0,0,0,0,0,0,0,0x0080000000000000,0,0,0,0,0,0,0,2015-03-23 20:01:19,1427140879.0,20,1
2063174,59017,740c34b3-24b4-43c6-970e-66e086d3c3dd,2015-03-23 20:01:19,informant-PC, volsnap ,System,0,0,1,0,0,0,0,None,None,System,33,0,0,0,0,0,0,0,0,0,0,0x0080000000000000,0,0,0,0,0,0,0,2015-03-23 20:01:19,1427140879.0,20,1
2063177,59017,3dae8664-4fff-4250-b9bd-84375306ee8e,2015-03-23 20:01:19,informant-PC, volsnap ,System,0,0,1,0,0,0,0,None,None,System,33,0,0,0,0,0,0,0,0,0,0,0x0080000000000000,0,0,0,0,0,0,0,2015-03-23 20:01:19,1427140879.0,20,1
2063178,59017,2b7adfa4-e625-4de3-83d6-1b1c065afe8d,2015-03-23 20:01:19,informant-PC, volsnap ,System,0,0,1,0,0,0,0,None,None,System,33,0,0,0,0,0,0,0,0,0,0,0x0080000000000000,0,0,0,0,0,0,0,2015-03-23 20:01:19,1427140879.0,20,1
2063181,59017,be056d6f-ddd7-490f-a3c5-7af69cc535f2,2015-03-23 20:01:19,informant-PC, volsnap ,System,0,0,1,0,0,0,0,None,None,System,33,0,0,0,0,0,0,0,0,0,0,0x0080000000000000,0,0,0,0,0,0,0,2015-03-23 20:01:19,1427140879.0,20,1
2063182,59017,d0ace546-df66-4f1c-ac82-50a299235be3,2015-03-23 20:01:19,informant-PC, volsnap ,System,0,0,1,0,0,0,0,None,None,System,33,0,0,0,0,0,0,0,0,0,0,0x0080000000000000,0,0,0,0,0,0,0,2015-03-23 20:01:19,1427140879.0,20,1
2063189,59019,761948fd-fa66-4f68-b2f7-4e65cabcd97e,2015-03-23 20:01:22,informant-PC, Microsoft-Windows-Security-Auditing ,Security,1,0,0,0,0,0,0,None,492,Security,4904,0,0,0,0,0,0,1,0,0,13568,0x8020000000000000,0,0,0,1,0,0,0,2015-03-23 20:01:22,1427140882.0,20,1
2063190,59019,c0690a64-ffb7-46c5-96c2-3b57d8687e6a,2015-03-23 20:01:22,informant-PC, Microsoft-Windows-Security-Auditing ,Security,1,0,0,0,0,0,0,None,492,Security,4904,0,0,0,0,0,0,1,0,0,13568,0x8020000000000000,0,0,0,1,0,0,0,2015-03-23 20:01:22,1427140882.0,20,1
2063191,59019,dea62e2b-7bd1-45ed-8ea5-a58ee515230f,2015-03-23 20:01:22,informant-PC, Microsoft-Windows-Security-Auditing ,Security,1,0,0,0,0,0,0,None,492,Security,4905,0,0,0,0,0,0,1,0,0,13568,0x8020000000000000,0,0,0,1,0,0,0,2015-03-23 20:01:22,1427140882.0,20,1
2063192,59019,8c3b3a42-14e3-455c-bc31-1dc8f90325af,2015-03-23 20:01:22,informant-PC, Microsoft-Windows-Security-Auditing ,Security,1,0,0,0,0,0,0,None,492,Security,4905,0,0,0,0,0,0,1,0,0,13568,0x8020000000000000,0,0,0,1,0,0,0,2015-03-23 20:01:22,1427140882.0,20,1
2079686,59018,90a3481f-1930-4cbc-ae9e-8d937e96dedd,2015-03-23 20:01:57,informant-PC, MsiInstaller ,Application,0,1,0,0,0,0,0,None,None,Application,1042,0,0,0,0,0,0,0,0,0,0,0x0080000000000000,0,0,0,0,0,0,0,2015-03-23 20:01:57,1427140917.0,20,1
2079687,59018,7c1e44cc-9551-4dd3-a48e-6a02eb61d78a,2015-03-23 20:01:57,informant-PC, MsiInstaller ,Application,0,1,0,0,0,0,0,None,None,Application,1038,0,0,0,0,0,0,0,0,0,0,0x0080000000000000,0,0,0,0,0,0,0,2015-03-23 20:01:57,1427140917.0,20,1
2079688,59018,8ae59265-fc6e-4766-b795-37675c8823aa,2015-03-23 20:01:57,informant-PC, MsiInstaller ,Application,0,1,0,0,0,0,0,None,None,Application,1042,0,0,0,0,0,0,0,0,0,0,0x0080000000000000,0,0,0,0,0,0,0,2015-03-23 20:01:57,1427140917.0,20,1
2079689,59018,63aca029-36fd-47a9-8675-726ab09408fb,2015-03-23 20:01:57,informant-PC, MsiInstaller ,Application,0,1,0,0,0,0,0,None,None,Application,1038,0,0,0,0,0,0,0,0,0,0,0x0080000000000000,0,0,0,0,0,0,0,2015-03-23 20:01:57,1427140917.0,20,1
2079762,59018,79fa52e6-ffc1-4c60-8e57-00d7e95f14dc,2015-03-23 20:02:02,informant-PC, MsiInstaller ,Application,0,1,0,0,0,0,0,None,None,Application,11707,0,0,0,0,0,0,0,0,0,0,0x0080000000000000,0,0,0,0,0,0,0,2015-03-23 20:02:02,1427140922.0,20,2
2079763,59018,4c2f4eea-e6dc-4c88-a4d4-4087329c84bb,2015-03-23 20:02:02,informant-PC, MsiInstaller ,Application,0,1,0,0,0,0,0,None,None,Application,1029,0,0,0,0,0,0,0,0,0,0,0x0080000000000000,0,0,0,0,0,0,0,2015-03-23 20:02:02,1427140922.0,20,2
2079764,59018,410d9258-6a06-4dfb-af0f-118047994213,2015-03-23 20:02:02,informant-PC, MsiInstaller ,Application,0,1,0,0,0,0,0,None,None,Application,1038,0,0,0,0,0,0,0,0,0,0,0x0080000000000000,0,0,0,0,0,0,0,2015-03-23 20:02:02,1427140922.0,20,2
2079765,59018,c0cfea63-d197-4f38-93cd-0347bb5d1f89,2015-03-23 20:02:02,informant-PC, MsiInstaller ,Application,0,1,0,0,0,0,0,None,None,Application,1029,0,0,0,0,0,0,0,0,0,0,0x0080000000000000,0,0,0,0,0,0,0,2015-03-23 20:02:02,1427140922.0,20,2
2079766,59018,8f6d5e28-2991-4cbf-b549-6502b044bd0d,2015-03-23 20:02:02,informant-PC, MsiInstaller ,Application,0,1,0,0,0,0,0,None,None,Application,1033,0,0,0,0,0,0,0,0,0,0,0x0080000000000000,0,0,0,0,0,0,0,2015-03-23 20:02:02,1427140922.0,20,2
2079767,59018,67b280f6-0638-4b59-9c80-bd8da1ada60a,2015-03-23 20:02:02,informant-PC, MsiInstaller ,Application,0,1,0,0,0,0,0,None,None,Application,1038,0,0,0,0,0,0,0,0,0,0,0x0080000000000000,0,0,0,0,0,0,0,2015-03-23 20:02:02,1427140922.0,20,2
2079768,59018,f2e5bc5d-4bf9-43b7-8a61-73ab353e6b90,2015-03-23 20:02:02,informant-PC, MsiInstaller ,Application,0,1,0,0,0,0,0,None,None,Application,11707,0,0,0,0,0,0,0,0,0,0,0x0080000000000000,0,0,0,0,0,0,0,2015-03-23 20:02:02,1427140922.0,20,2
2079769,59018,c8b7d053-3e61-422a-b4a2-6b2b84a3e6b2,2015-03-23 20:02:02,informant-PC, MsiInstaller ,Application,0,1,0,0,0,0,0,None,None,Application,1033,0,0,0,0,0,0,0,0,0,0,0x0080000000000000,0,0,0,0,0,0,0,2015-03-23 20:02:02,1427140922.0,20,2
2080846,59017,c9a41a97-d19a-4231-a986-7590c40d1d19,2015-03-23 20:02:10,informant-PC, Service Control Manager ,System,0,0,1,0,0,0,0,None,484,System,7036,0,0,0,0,0,0,0,0,0,0,0x8080000000000000,0,0,0,1,0,0,0,2015-03-23 20:02:10,1427140930.0,20,2
2080847,59017,d78cde2c-55e1-4810-ba21-9d620ed6194e,2015-03-23 20:02:10,informant-PC, Service Control Manager ,System,0,0,1,0,0,0,0,None,484,System,7036,0,0,0,0,0,0,0,0,0,0,0x8080000000000000,0,0,0,1,0,0,0,2015-03-23 20:02:10,1427140930.0,20,2
2080862,59017,eb905b62-d34a-4850-ad7e-8661ec496d4a,2015-03-23 20:02:10,informant-PC, Service Control Manager ,System,0,0,1,0,0,0,0,None,484,System,7036,0,0,0,0,0,0,0,0,0,0,0x8080000000000000,0,0,0,1,0,0,0,2015-03-23 20:02:10,1427140930.0,20,2
2080863,59017,999c5ffd-ce00-4001-bc11-efdd0588b606,2015-03-23 20:02:10,informant-PC, Service Control Manager ,System,0,0,1,0,0,0,0,None,484,System,7036,0,0,0,0,0,0,0,0,0,0,0x8080000000000000,0,0,0,1,0,0,0,2015-03-23 20:02:10,1427140930.0,20,2
2080885,59017,a82fbcff-472f-42ed-a851-cedec9b3bf3d,2015-03-23 20:02:14,informant-PC, Service Control Manager ,System,0,0,1,0,0,0,0,None,484,System,7040,0,0,0,0,0,0,0,0,0,0,0x8080000000000000,0,0,0,1,0,0,0,2015-03-23 20:02:14,1427140934.0,20,2
2080887,59017,83413c62-e0c3-432a-9df5-1288af6cfb4a,2015-03-23 20:02:14,informant-PC, Service Control Manager ,System,0,0,1,0,0,0,0,None,484,System,7040,0,0,0,0,0,0,0,0,0,0,0x8080000000000000,0,0,0,1,0,0,0,2015-03-23 20:02:14,1427140934.0,20,2
2080891,59112,65ae95de-9443-40b7-8499-b130dfd19b6d,2015-03-23 20:02:14,informant-PC, Microsoft-Windows-Bits-Client ,Other,0,0,0,0,0,1,0,None,892,Microsoft-Windows-Bits-Client/Operational,3,0,0,0,0,0,0,0,0,0,0,0x4000000000000000,0,0,1,0,0,0,0,2015-03-23 20:02:14,1427140934.0,20,2
2080893,59112,23104145-93a7-44be-b828-105e2cbe8bd7,2015-03-23 20:02:14,informant-PC, Microsoft-Windows-Bits-Client ,Other,0,0,0,0,0,1,0,None,892,Microsoft-Windows-Bits-Client/Operational,3,0,0,0,0,0,0,0,0,0,0,0x4000000000000000,0,0,1,0,0,0,0,2015-03-23 20:02:14,1427140934.0,20,2
2080904,59112,3fbe162e-037e-4a2a-9e4e-8896c74dd4c2,2015-03-23 20:02:18,informant-PC, Microsoft-Windows-Bits-Client ,Other,0,0,0,0,0,1,0,None,892,Microsoft-Windows-Bits-Client/Operational,59,0,0,0,0,0,0,0,0,0,0,0x4000000000000000,0,0,1,0,0,0,0,2015-03-23 20:02:18,1427140938.0,20,2
2080905,59112,3cfbfb4f-f85c-4be5-ae01-33bdf2215b65,2015-03-23 20:02:18,informant-PC, Microsoft-Windows-Bits-Client ,Other,0,0,0,0,0,1,0,None,892,Microsoft-Windows-Bits-Client/Operational,59,0,0,0,0,0,0,0,0,0,0,0x4000000000000000,0,0,1,0,0,0,0,2015-03-23 20:02:18,1427140938.0,20,2
2081000,59112,47d24475-1892-47a6-a049-8b411864619a,2015-03-23 20:02:41,informant-PC, Microsoft-Windows-Bits-Client ,Other,0,0,0,0,0,1,0,None,892,Microsoft-Windows-Bits-Client/Operational,4,0,0,0,0,0,0,0,0,0,0,0x4000000000000000,0,0,1,0,0,0,0,2015-03-23 20:02:41,1427140961.0,20,2
2081007,59112,cb5a1c33-562d-4452-81ad-3f2ce02d0afd,2015-03-23 20:02:41,informant-PC, Microsoft-Windows-Bits-Client ,Other,0,0,0,0,0,1,0,None,892,Microsoft-Windows-Bits-Client/Operational,60,0,0,0,0,0,0,0,0,0,0,0x4000000000000000,0,0,1,0,0,0,0,2015-03-23 20:02:41,1427140961.0,20,2
2081008,59112,de321e0f-5208-47d2-908a-467b7d08e3ed,2015-03-23 20:02:41,informant-PC, Microsoft-Windows-Bits-Client ,Other,0,0,0,0,0,1,0,None,892,Microsoft-Windows-Bits-Client/Operational,60,0,0,0,0,0,0,0,0,0,0,0x4000000000000000,0,0,1,0,0,0,0,2015-03-23 20:02:41,1427140961.0,20,2
2081012,59112,28b740b7-f37c-4772-bad9-608b2bc780e3,2015-03-23 20:02:41,informant-PC, Microsoft-Windows-Bits-Client ,Other,0,0,0,0,0,1,0,None,892,Microsoft-Windows-Bits-Client/Operational,4,0,0,0,0,0,0,0,0,0,0,0x4000000000000000,0,0,1,0,0,0,0,2015-03-23 20:02:41,1427140961.0,20,2
2081062,59018,77b30fb5-ffbc-4aea-ae31-a23e57249597,2015-03-23 20:02:42,informant-PC, MsiInstaller ,Application,0,1,0,0,0,0,0,None,None,Application,1040,0,0,0,0,0,0,0,0,0,0,0x0080000000000000,0,0,0,0,0,0,0,2015-03-23 20:02:42,1427140962.0,20,2
2081064,59018,7064ad57-ca5f-4bb0-a46a-f0c328d44deb,2015-03-23 20:02:42,informant-PC, MsiInstaller ,Application,0,1,0,0,0,0,0,None,None,Application,1040,0,0,0,0,0,0,0,0,0,0,0x0080000000000000,0,0,0,0,0,0,0,2015-03-23 20:02:42,1427140962.0,20,2
2083902,59018,409d8e36-e59b-4f2d-affc-73b5d36f305a,2015-03-23 20:02:46,informant-PC, MsiInstaller ,Application,0,1,0,0,0,0,0,None,None,Application,1033,0,0,0,0,0,0,0,0,0,0,0x0080000000000000,0,0,0,0,0,0,0,2015-03-23 20:02:46,1427140966.0,20,2
2083903,59018,099c243c-d935-4a14-8dd4-2c9c58df77a7,2015-03-23 20:02:46,informant-PC, MsiInstaller ,Application,0,1,0,0,0,0,0,None,None,Application,11707,0,0,0,0,0,0,0,0,0,0,0x0080000000000000,0,0,0,0,0,0,0,2015-03-23 20:02:46,1427140966.0,20,2
2083908,59018,30ffb52a-4ddc-46ff-ab12-320a091d82a0,2015-03-23 20:02:46,informant-PC, MsiInstaller ,Application,0,1,0,0,0,0,0,None,None,Application,1033,0,0,0,0,0,0,0,0,0,0,0x0080000000000000,0,0,0,0,0,0,0,2015-03-23 20:02:46,1427140966.0,20,2
2083914,59018,a439f3b6-3baf-47f6-96bd-743c694c5ff8,2015-03-23 20:02:46,informant-PC, MsiInstaller ,Application,0,1,0,0,0,0,0,None,None,Application,11707,0,0,0,0,0,0,0,0,0,0,0x0080000000000000,0,0,0,0,0,0,0,2015-03-23 20:02:46,1427140966.0,20,2
2083917,59018,55219cd9-96cf-4607-8923-a29bf0598529,2015-03-23 20:02:46,informant-PC, MsiInstaller ,Application,0,1,0,0,0,0,0,None,None,Application,1042,0,0,0,0,0,0,0,0,0,0,0x0080000000000000,0,0,0,0,0,0,0,2015-03-23 20:02:46,1427140966.0,20,2
2083923,59018,e7b454b9-353d-4f47-be4f-afa715762fe8,2015-03-23 20:02:46,informant-PC, MsiInstaller ,Application,0,1,0,0,0,0,0,None,None,Application,1042,0,0,0,0,0,0,0,0,0,0,0x0080000000000000,0,0,0,0,0,0,0,2015-03-23 20:02:46,1427140966.0,20,2
2086633,59018,d4d03078-3ac9-458d-ae48-890e0b3da93b,2015-03-23 20:02:49,informant-PC, gupdate ,Application,0,1,0,0,0,0,0,None,None,Application,0,0,0,0,0,0,0,0,0,0,0,0x0080000000000000,0,0,0,0,0,0,0,2015-03-23 20:02:49,1427140969.0,20,2
2086634,59018,6474d790-16a0-43ce-8991-0f5f8672c385,2015-03-23 20:02:49,informant-PC, gupdate ,Application,0,1,0,0,0,0,0,None,None,Application,0,0,0,0,0,0,0,0,0,0,0,0x0080000000000000,0,0,0,0,0,0,0,2015-03-23 20:02:49,1427140969.0,20,2
2086635,59017,151f0e90-e92b-4fe7-ac6c-fb9bdaa77004,2015-03-23 20:02:49,informant-PC, Service Control Manager ,System,0,0,1,0,0,0,0,None,484,System,7036,0,0,0,0,0,0,0,0,0,0,0x8080000000000000,0,0,0,1,0,0,0,2015-03-23 20:02:49,1427140969.0,20,2
2086636,59017,efb275f7-4385-4fe9-a5ce-af2ce7479597,2015-03-23 20:02:49,informant-PC, Service Control Manager ,System,0,0,1,0,0,0,0,None,484,System,7036,0,0,0,0,0,0,0,0,0,0,0x8080000000000000,0,0,0,1,0,0,0,2015-03-23 20:02:49,1427140969.0,20,2
2087129,59051,48804f25-082d-4b23-ae72-aecff762b610,2015-03-23 20:03:32,informant-PC, Microsoft-Windows-ReadyBoost ,Other,0,0,0,0,0,1,0,None,804,Microsoft-Windows-ReadyBoost/Operational,1016,0,0,0,0,0,0,0,0,0,1016,0x8000000000002000,0,0,0,1,0,0,0,2015-03-23 20:03:32,1427141012.0,20,3
2087130,59051,68763743-2cf0-4d84-8dc8-eb46811970da,2015-03-23 20:03:32,informant-PC, Microsoft-Windows-ReadyBoost ,Other,0,0,0,0,0,1,0,None,804,Microsoft-Windows-ReadyBoost/Operational,1016,0,0,0,0,0,0,0,0,0,1016,0x8000000000002000,0,0,0,1,0,0,0,2015-03-23 20:03:32,1427141012.0,20,3
2087309,59018,68e669e9-42f3-41ca-9e9d-88d7f038ad9e,2015-03-23 20:04:22,informant-PC, VSS ,Application,0,1,0,0,0,0,0,None,None,Application,8224,0,0,0,0,0,0,0,0,0,0,0x0080000000000000,0,0,0,0,0,0,0,2015-03-23 20:04:22,1427141062.0,20,4
2087310,59018,2ca8a12b-e423-44ff-ab06-7740d396f40c,2015-03-23 20:04:22,informant-PC, VSS ,Application,0,1,0,0,0,0,0,None,None,Application,8224,0,0,0,0,0,0,0,0,0,0,0x0080000000000000,0,0,0,0,0,0,0,2015-03-23 20:04:22,1427141062.0,20,4
2087311,59017,5a244fa4-d9a2-4e07-b9a6-88747d7e7268,2015-03-23 20:04:23,informant-PC, Service Control Manager ,System,0,0,1,0,0,0,0,None,484,System,7036,0,0,0,0,0,0,0,0,0,0,0x8080000000000000,0,0,0,1,0,0,0,2015-03-23 20:04:23,1427141063.0,20,4
2087312,59017,cbb6ed3f-a781-48ea-b939-ac03d8bbe916,2015-03-23 20:04:23,informant-PC, Service Control Manager ,System,0,0,1,0,0,0,0,None,484,System,7036,0,0,0,0,0,0,0,0,0,0,0x8080000000000000,0,0,0,1,0,0,0,2015-03-23 20:04:23,1427141063.0,20,4
2088054,59018,972c579c-81ef-41e2-868f-67023aa91020,2015-03-23 20:05:33,informant-PC, Winlogon ,Application,0,1,0,0,0,0,0,None,0,Application,1002,0,0,0,0,0,0,0,0,0,0,0x0080000000000000,0,0,0,0,0,0,0,2015-03-23 20:05:33,1427141133.0,20,5
2088055,59018,eaad9815-6615-47e6-abf6-388a2f6187ee,2015-03-23 20:05:33,informant-PC, Winlogon ,Application,0,1,0,0,0,0,0,None,0,Application,1002,0,0,0,0,0,0,0,0,0,0,0x0080000000000000,0,0,0,0,0,0,0,2015-03-23 20:05:33,1427141133.0,20,5
2088883,59018,6dc96482-3135-4c44-978c-bd39cbc53bb2,2015-03-23 20:05:38,informant-PC, Microsoft-Windows-CAPI2 ,Application,0,1,0,0,0,0,0,None,940,Application,4100,0,0,0,0,0,0,0,0,0,0,0x8080000000000000,0,0,0,1,0,0,0,2015-03-23 20:05:38,1427141138.0,20,5
2088886,59018,c7d0fa6f-9935-4dbd-8c35-c7bde863697a,2015-03-23 20:05:38,informant-PC, Microsoft-Windows-CAPI2 ,Application,0,1,0,0,0,0,0,None,940,Application,4100,0,0,0,0,0,0,0,0,0,0,0x8080000000000000,0,0,0,1,0,0,0,2015-03-23 20:05:38,1427141138.0,20,5
2088889,59018,db34a4de-bf13-4349-bf34-39d81aa9e0d9,2015-03-23 20:05:38,informant-PC, Microsoft-Windows-CAPI2 ,Application,0,1,0,0,0,0,0,None,940,Application,4097,0,0,0,0,0,0,0,0,0,0,0x8080000000000000,0,0,0,1,0,0,0,2015-03-23 20:05:38,1427141138.0,20,5
2088890,59018,2a31a391-8a8a-489a-9fb0-85eba8e882b1,2015-03-23 20:05:38,informant-PC, Microsoft-Windows-CAPI2 ,Application,0,1,0,0,0,0,0,None,940,Application,4097,0,0,0,0,0,0,0,0,0,0,0x8080000000000000,0,0,0,1,0,0,0,2015-03-23 20:05:38,1427141138.0,20,5
2089309,59017,bc01169b-5ba9-43ae-961f-ec0def78762a,2015-03-23 20:07:08,informant-PC, Service Control Manager ,System,0,0,1,0,0,0,0,None,484,System,7036,0,0,0,0,0,0,0,0,0,0,0x8080000000000000,0,0,0,1,0,0,0,2015-03-23 20:07:08,1427141228.0,20,7
2089310,59017,90677e4a-7343-46f1-915a-134d94a79466,2015-03-23 20:07:08,informant-PC, Service Control Manager ,System,0,0,1,0,0,0,0,None,484,System,7036,0,0,0,0,0,0,0,0,0,0,0x8080000000000000,0,0,0,1,0,0,0,2015-03-23 20:07:08,1427141228.0,20,7
2089311,59017,daba71ad-d48a-400b-941d-3dc57768708e,2015-03-23 20:07:23,informant-PC, Service Control Manager ,System,0,0,1,0,0,0,0,None,484,System,7036,0,0,0,0,0,0,0,0,0,0,0x8080000000000000,0,0,0,1,0,0,0,2015-03-23 20:07:23,1427141243.0,20,7
2089312,59017,14bce8e5-5941-4a77-8008-e5eaebb5f32a,2015-03-23 20:07:23,informant-PC, Service Control Manager ,System,0,0,1,0,0,0,0,None,484,System,7036,0,0,0,0,0,0,0,0,0,0,0x8080000000000000,0,0,0,1,0,0,0,2015-03-23 20:07:23,1427141243.0,20,7
2089468,59017,98c005f1-0e50-45fa-a482-c5d4ccaea653,2015-03-23 20:10:51,informant-PC, Service Control Manager ,System,0,0,1,0,0,0,0,None,484,System,7040,0,0,0,0,0,0,0,0,0,0,0x8080000000000000,0,0,0,1,0,0,0,2015-03-23 20:10:51,1427141451.0,20,10
2089469,59017,3daeb3be-e375-41da-8dea-a0e41020753a,2015-03-23 20:10:51,informant-PC, Service Control Manager ,System,0,0,1,0,0,0,0,None,484,System,7040,0,0,0,0,0,0,0,0,0,0,0x8080000000000000,0,0,0,1,0,0,0,2015-03-23 20:10:51,1427141451.0,20,10
2091076,59017,bd6d191c-6aa3-4d99-94f5-cf0623942b98,2015-03-23 20:12:46,informant-PC, Service Control Manager ,System,0,0,1,0,0,0,0,None,484,System,7036,0,0,0,0,0,0,0,0,0,0,0x8080000000000000,0,0,0,1,0,0,0,2015-03-23 20:12:46,1427141566.0,20,12
2091077,59017,86af0daf-b641-426e-8c69-760820498491,2015-03-23 20:12:46,informant-PC, Service Control Manager ,System,0,0,1,0,0,0,0,None,484,System,7036,0,0,0,0,0,0,0,0,0,0,0x8080000000000000,0,0,0,1,0,0,0,2015-03-23 20:12:46,1427141566.0,20,12
2101436,59017,8232cec8-a641-4e6c-b219-acc32e370b8f,2015-03-23 20:15:16,informant-PC, Service Control Manager ,System,0,0,1,0,0,0,0,None,484,System,7040,0,0,0,0,0,0,0,0,0,0,0x8080000000000000,0,0,0,1,0,0,0,2015-03-23 20:15:16,1427141716.0,20,15
2101437,59017,99f06c5f-d6a6-4557-94fc-2d65e9c40dd5,2015-03-23 20:15:16,informant-PC, Service Control Manager ,System,0,0,1,0,0,0,0,None,484,System,7040,0,0,0,0,0,0,0,0,0,0,0x8080000000000000,0,0,0,1,0,0,0,2015-03-23 20:15:16,1427141716.0,20,15
2101472,59017,a930bc31-cd99-4cb9-8b22-6af39fb1ecc0,2015-03-23 20:15:16,informant-PC, Service Control Manager ,System,0,0,1,0,0,0,0,None,484,System,7036,0,0,0,0,0,0,0,0,0,0,0x8080000000000000,0,0,0,1,0,0,0,2015-03-23 20:15:16,1427141716.0,20,15
2101474,59017,c033d0be-7791-48a1-85ee-b6563d53fc41,2015-03-23 20:15:16,informant-PC, Service Control Manager ,System,0,0,1,0,0,0,0,None,484,System,7036,0,0,0,0,0,0,0,0,0,0,0x8080000000000000,0,0,0,1,0,0,0,2015-03-23 20:15:16,1427141716.0,20,15
2101478,59017,c5be1fbc-85ab-45bf-826c-7eb3760c4e48,2015-03-23 20:15:35,informant-PC, Service Control Manager ,System,0,0,1,0,0,0,0,None,484,System,7036,0,0,0,0,0,0,0,0,0,0,0x8080000000000000,0,0,0,1,0,0,0,2015-03-23 20:15:35,1427141735.0,20,15
2101479,59017,cef0556d-c9dc-41af-8a42-9dc1321018c6,2015-03-23 20:15:35,informant-PC, Service Control Manager ,System,0,0,1,0,0,0,0,None,484,System,7036,0,0,0,0,0,0,0,0,0,0,0x8080000000000000,0,0,0,1,0,0,0,2015-03-23 20:15:35,1427141735.0,20,15
2101542,59017,77805be6-bb03-42b4-8b24-2481817be039,2015-03-23 20:18:40,informant-PC, Service Control Manager ,System,0,0,1,0,0,0,0,None,484,System,7036,0,0,0,0,0,0,0,0,0,0,0x8080000000000000,0,0,0,1,0,0,0,2015-03-23 20:18:40,1427141920.0,20,18
2101543,59017,7fb8a7fb-b430-46e4-af53-536b277269fe,2015-03-23 20:18:40,informant-PC, Service Control Manager ,System,0,0,1,0,0,0,0,None,484,System,7036,0,0,0,0,0,0,0,0,0,0,0x8080000000000000,0,0,0,1,0,0,0,2015-03-23 20:18:40,1427141920.0,20,18
2101544,59017,d3f3b7e3-e041-4c7f-9ca2-a8b0ecc243d0,2015-03-23 20:18:41,informant-PC, Service Control Manager ,System,0,0,1,0,0,0,0,None,484,System,7036,0,0,0,0,0,0,0,0,0,0,0x8080000000000000,0,0,0,1,0,0,0,2015-03-23 20:18:41,1427141921.0,20,18
2101545,59017,80284a54-39f4-456d-bd41-ec64f6700b29,2015-03-23 20:18:41,informant-PC, Service Control Manager ,System,0,0,1,0,0,0,0,None,484,System,7036,0,0,0,0,0,0,0,0,0,0,0x8080000000000000,0,0,0,1,0,0,0,2015-03-23 20:18:41,1427141921.0,20,18
2101546,59017,09053f50-61db-44f3-8ad2-52e24677ae84,2015-03-23 20:18:41,informant-PC, Service Control Manager ,System,0,0,1,0,0,0,0,None,484,System,7036,0,0,0,0,0,0,0,0,0,0,0x8080000000000000,0,0,0,1,0,0,0,2015-03-23 20:18:41,1427141921.0,20,18
2101547,59017,7d9b87dc-28a4-4a83-9560-01138771375d,2015-03-23 20:18:41,informant-PC, Service Control Manager ,System,0,0,1,0,0,0,0,None,484,System,7036,0,0,0,0,0,0,0,0,0,0,0x8080000000000000,0,0,0,1,0,0,0,2015-03-23 20:18:41,1427141921.0,20,18
2101592,59017,c719d395-2450-48f9-9802-1bf4c671d9b7,2015-03-23 20:23:05,informant-PC, Service Control Manager ,System,0,0,1,0,0,0,0,None,484,System,7036,0,0,0,0,0,0,0,0,0,0,0x8080000000000000,0,0,0,1,0,0,0,2015-03-23 20:23:05,1427142185.0,20,23
2101593,59017,8bc35dbc-913b-4b04-8f32-6fc545ec8896,2015-03-23 20:23:05,informant-PC, Service Control Manager ,System,0,0,1,0,0,0,0,None,484,System,7036,0,0,0,0,0,0,0,0,0,0,0x8080000000000000,0,0,0,1,0,0,0,2015-03-23 20:23:05,1427142185.0,20,23
2101774,59019,d945e325-4328-4c5a-a06b-347948905b9a,2015-03-23 20:23:27,informant-PC, Microsoft-Windows-Security-Auditing ,Security,1,0,0,0,0,0,0,None,492,Security,4648,0,0,0,1,0,0,0,0,0,12544,0x8020000000000000,0,0,0,1,0,0,0,2015-03-23 20:23:27,1427142207.0,20,23
2101775,59019,129d80b9-d52c-4bf8-9151-2c5477ae82ff,2015-03-23 20:23:27,informant-PC, Microsoft-Windows-Security-Auditing ,Security,1,0,0,0,0,0,0,None,492,Security,4648,0,0,0,1,0,0,0,0,0,12544,0x8020000000000000,0,0,0,1,0,0,0,2015-03-23 20:23:27,1427142207.0,20,23
2101880,59017,e78275c6-8582-4013-aa52-56d3dddfe596,2015-03-23 20:24:01,informant-PC, Service Control Manager ,System,0,0,1,0,0,0,0,None,484,System,7036,0,0,0,0,0,0,0,0,0,0,0x8080000000000000,0,0,0,1,0,0,0,2015-03-23 20:24:01,1427142241.0,20,24
2101881,59017,3c11fe2c-3ed5-411c-8c00-1510f6e56df9,2015-03-23 20:24:01,informant-PC, Service Control Manager ,System,0,0,1,0,0,0,0,None,484,System,7036,0,0,0,0,0,0,0,0,0,0,0x8080000000000000,0,0,0,1,0,0,0,2015-03-23 20:24:01,1427142241.0,20,24
2102502,59018,d212e782-7f8a-4219-b2dc-34c9ab5563e5,2015-03-23 20:26:53,informant-PC, Office Software Protection Platform Service ,Application,0,1,0,0,0,0,0,None,None,Application,900,0,0,0,0,0,0,0,0,0,0,0x0080000000000000,0,0,0,0,0,0,0,2015-03-23 20:26:53,1427142413.0,20,26
2102503,59018,18662c24-c5f5-4fb0-8722-8b9d1acc4f1e,2015-03-23 20:26:53,informant-PC, Office Software Protection Platform Service ,Application,0,1,0,0,0,0,0,None,None,Application,900,0,0,0,0,0,0,0,0,0,0,0x0080000000000000,0,0,0,0,0,0,0,2015-03-23 20:26:53,1427142413.0,20,26
2102532,59017,bcc8010d-2904-4f33-9fb7-4f3a536d8438,2015-03-23 20:26:53,informant-PC, Service Control Manager ,System,0,0,1,0,0,0,0,None,484,System,7036,0,0,0,0,0,0,0,0,0,0,0x8080000000000000,0,0,0,1,0,0,0,2015-03-23 20:26:53,1427142413.0,20,26
2102535,59017,103f7843-7529-41e9-9261-e1368d76669e,2015-03-23 20:26:53,informant-PC, Service Control Manager ,System,0,0,1,0,0,0,0,None,484,System,7036,0,0,0,0,0,0,0,0,0,0,0x8080000000000000,0,0,0,1,0,0,0,2015-03-23 20:26:53,1427142413.0,20,26
2102626,59018,eddef01a-7860-48f2-b672-20237d457033,2015-03-23 20:26:54,informant-PC, Office Software Protection Platform Service ,Application,0,1,0,0,0,0,0,None,None,Application,1066,0,0,0,0,0,0,0,0,0,0,0x0080000000000000,0,0,0,0,0,0,0,2015-03-23 20:26:54,1427142414.0,20,26
2102627,59018,0a9eb2f7-808a-4255-914e-ef71ffa83a8e,2015-03-23 20:26:54,informant-PC, Office Software Protection Platform Service ,Application,0,1,0,0,0,0,0,None,None,Application,1066,0,0,0,0,0,0,0,0,0,0,0x0080000000000000,0,0,0,0,0,0,0,2015-03-23 20:26:54,1427142414.0,20,26
2102628,59018,44e0d8b7-1a0c-4220-b364-1319c20389c1,2015-03-23 20:26:54,informant-PC, Office Software Protection Platform Service ,Application,0,1,0,0,0,0,0,None,None,Application,1003,0,0,0,0,0,0,0,0,0,0,0x0080000000000000,0,0,0,0,0,0,0,2015-03-23 20:26:54,1427142414.0,20,26
2102629,59018,07f97d6a-29ca-4d8e-a31f-7f6df2762a4b,2015-03-23 20:26:54,informant-PC, Office Software Protection Platform Service ,Application,0,1,0,0,0,0,0,None,None,Application,1003,0,0,0,0,0,0,0,0,0,0,0x0080000000000000,0,0,0,0,0,0,0,2015-03-23 20:26:54,1427142414.0,20,26
2102630,59018,22c8c1c4-f3c4-4707-a69f-86c44d1d001f,2015-03-23 20:26:54,informant-PC, Office Software Protection Platform Service ,Application,0,1,0,0,0,0,0,None,None,Application,902,0,0,0,0,0,0,0,0,0,0,0x0080000000000000,0,0,0,0,0,0,0,2015-03-23 20:26:54,1427142414.0,20,26
2102631,59018,b4c1bbb4-d0e9-47b2-ac40-527da8af8ffb,2015-03-23 20:26:54,informant-PC, Office Software Protection Platform Service ,Application,0,1,0,0,0,0,0,None,None,Application,902,0,0,0,0,0,0,0,0,0,0,0x0080000000000000,0,0,0,0,0,0,0,2015-03-23 20:26:54,1427142414.0,20,26
2102830,59018,bad8dd7f-52e5-4a94-84a0-3c03c1c6b0e1,2015-03-23 20:27:06,informant-PC, Office Software Protection Platform Service ,Application,0,1,0,0,0,0,0,None,None,Application,1003,0,0,0,0,0,0,0,0,0,0,0x0080000000000000,0,0,0,0,0,0,0,2015-03-23 20:27:06,1427142426.0,20,27
2102831,59018,676cd60c-f46d-4ac2-83d0-3e56babaa0dc,2015-03-23 20:27:06,informant-PC, Office Software Protection Platform Service ,Application,0,1,0,0,0,0,0,None,None,Application,1003,0,0,0,0,0,0,0,0,0,0,0x0080000000000000,0,0,0,0,0,0,0,2015-03-23 20:27:06,1427142426.0,20,27
2103478,59018,c4b93daa-aae9-40bc-9ab1-26906633e94a,2015-03-23 20:27:38,informant-PC, Office Software Protection Platform Service ,Application,0,1,0,0,0,0,0,None,None,Application,1003,0,0,0,0,0,0,0,0,0,0,0x0080000000000000,0,0,0,0,0,0,0,2015-03-23 20:27:38,1427142458.0,20,27
2103479,59018,70d11dcc-6e2c-479a-a0db-a287832e2b3f,2015-03-23 20:27:38,informant-PC, Office Software Protection Platform Service ,Application,0,1,0,0,0,0,0,None,None,Application,1003,0,0,0,0,0,0,0,0,0,0,0x0080000000000000,0,0,0,0,0,0,0,2015-03-23 20:27:38,1427142458.0,20,27
2103542,59018,177de016-eaf1-4abe-a61b-c01a2f2cb37a,2015-03-23 20:27:46,informant-PC, Office Software Protection Platform Service ,Application,0,1,0,0,0,0,0,None,None,Application,1003,0,0,0,0,0,0,0,0,0,0,0x0080000000000000,0,0,0,0,0,0,0,2015-03-23 20:27:46,1427142466.0,20,27
2103543,59018,2a58ac25-dcc2-4033-94e9-ab45b500c445,2015-03-23 20:27:46,informant-PC, Office Software Protection Platform Service ,Application,0,1,0,0,0,0,0,None,None,Application,1003,0,0,0,0,0,0,0,0,0,0,0x0080000000000000,0,0,0,0,0,0,0,2015-03-23 20:27:46,1427142466.0,20,27
2104833,59018,e8ffe0ab-e8cd-4aca-b3db-014c7fb7229c,2015-03-23 20:32:46,informant-PC, Office Software Protection Platform Service ,Application,0,1,0,0,0,0,0,None,None,Application,903,0,0,0,0,0,0,0,0,0,0,0x0080000000000000,0,0,0,0,0,0,0,2015-03-23 20:32:46,1427142766.0,20,32
2104834,59018,8ff9de04-9213-4bb8-ad50-eae780719b37,2015-03-23 20:32:46,informant-PC, Office Software Protection Platform Service ,Application,0,1,0,0,0,0,0,None,None,Application,903,0,0,0,0,0,0,0,0,0,0,0x0080000000000000,0,0,0,0,0,0,0,2015-03-23 20:32:46,1427142766.0,20,32
2104847,59017,add7b33a-eb19-43e2-b2bb-f693cbb650a6,2015-03-23 20:32:46,informant-PC, Service Control Manager ,System,0,0,1,0,0,0,0,None,484,System,7036,0,0,0,0,0,0,0,0,0,0,0x8080000000000000,0,0,0,1,0,0,0,2015-03-23 20:32:46,1427142766.0,20,32
2104848,59017,f51ea8d4-39cf-44de-89e2-7e0fea1bd705,2015-03-23 20:32:46,informant-PC, Service Control Manager ,System,0,0,1,0,0,0,0,None,484,System,7036,0,0,0,0,0,0,0,0,0,0,0x8080000000000000,0,0,0,1,0,0,0,2015-03-23 20:32:46,1427142766.0,20,32
2105557,59041,d5c7f50c-c360-4ed5-868b-dd4f70f3bed7,2015-03-23 20:35:39,informant-PC, Microsoft-Windows-BranchCacheSMB ,Other,0,0,0,0,0,1,0,None,804,Microsoft-Windows-BranchCacheSMB/Operational,3005,0,0,0,0,0,0,0,0,0,0,0x8000000000000800,0,0,0,1,0,0,0,2015-03-23 20:35:39,1427142939.0,20,35
2105558,59041,8abd8530-5202-4897-9009-004e5f239ac0,2015-03-23 20:35:39,informant-PC, Microsoft-Windows-BranchCacheSMB ,Other,0,0,0,0,0,1,0,None,804,Microsoft-Windows-BranchCacheSMB/Operational,3005,0,0,0,0,0,0,0,0,0,0,0x8000000000000800,0,0,0,1,0,0,0,2015-03-23 20:35:39,1427142939.0,20,35
2105560,59017,ec5e6115-943a-44eb-bd92-de23dc352a15,2015-03-23 20:36:03,informant-PC, Service Control Manager ,System,0,0,1,0,0,0,0,None,484,System,7036,0,0,0,0,0,0,0,0,0,0,0x8080000000000000,0,0,0,1,0,0,0,2015-03-23 20:36:03,1427142963.0,20,36
2105561,59017,eab23592-2b71-4aab-b37c-a6d3645c9b16,2015-03-23 20:36:03,informant-PC, Service Control Manager ,System,0,0,1,0,0,0,0,None,484,System,7036,0,0,0,0,0,0,0,0,0,0,0x8080000000000000,0,0,0,1,0,0,0,2015-03-23 20:36:03,1427142963.0,20,36
2105670,59017,1b69141d-61a3-4d06-b8ed-57e66e2cd978,2015-03-23 20:41:25,informant-PC, Service Control Manager ,System,0,0,1,0,0,0,0,None,484,System,7036,0,0,0,0,0,0,0,0,0,0,0x8080000000000000,0,0,0,1,0,0,0,2015-03-23 20:41:25,1427143285.0,20,41
2105671,59017,7f651b1c-592b-45a8-bbf2-457a6680f216,2015-03-23 20:41:25,informant-PC, Service Control Manager ,System,0,0,1,0,0,0,0,None,484,System,7036,0,0,0,0,0,0,0,0,0,0,0x8080000000000000,0,0,0,1,0,0,0,2015-03-23 20:41:25,1427143285.0,20,41
2105842,59017,1d08f179-b8f8-4733-8d7f-463ddca8dace,2015-03-23 20:42:44,informant-PC, Service Control Manager ,System,0,0,1,0,0,0,0,None,484,System,7036,0,0,0,0,0,0,0,0,0,0,0x8080000000000000,0,0,0,1,0,0,0,2015-03-23 20:42:44,1427143364.0,20,42
2105843,59017,003a1e70-4187-437b-bf04-b769a9d04c36,2015-03-23 20:42:44,informant-PC, Service Control Manager ,System,0,0,1,0,0,0,0,None,484,System,7036,0,0,0,0,0,0,0,0,0,0,0x8080000000000000,0,0,0,1,0,0,0,2015-03-23 20:42:44,1427143364.0,20,42
2126578,59017,fb6a74bd-33c4-4094-8b92-a68ed474486b,2015-03-23 20:46:51,informant-PC, Service Control Manager ,System,0,0,1,0,0,0,0,None,484,System,7036,0,0,0,0,0,0,0,0,0,0,0x8080000000000000,0,0,0,1,0,0,0,2015-03-23 20:46:51,1427143611.0,20,46
2126579,59017,66885679-c475-44ec-9f72-6cdfb59913a7,2015-03-23 20:46:51,informant-PC, Service Control Manager ,System,0,0,1,0,0,0,0,None,484,System,7036,0,0,0,0,0,0,0,0,0,0,0x8080000000000000,0,0,0,1,0,0,0,2015-03-23 20:46:51,1427143611.0,20,46
2127875,59042,60188f97-3b98-413e-bfa9-9fbbf6d3a90d,2015-03-23 20:49:40,informant-PC, Microsoft-Windows-GroupPolicy ,Other,0,0,0,0,0,1,0,None,892,Microsoft-Windows-GroupPolicy/Operational,4006,0,0,0,0,0,0,0,0,0,0,0x4000000000000000,0,0,1,0,0,0,0,2015-03-23 20:49:40,1427143780.0,20,49
2127876,59042,f5619b99-1785-44b3-953a-45d8425ef584,2015-03-23 20:49:40,informant-PC, Microsoft-Windows-GroupPolicy ,Other,0,0,0,0,0,1,0,None,892,Microsoft-Windows-GroupPolicy/Operational,5320,0,0,0,0,0,0,0,0,0,0,0x4000000000000000,0,0,1,0,0,0,0,2015-03-23 20:49:40,1427143780.0,20,49
2127877,59042,a3e0b290-d3a1-4585-8a4e-2eeeb544993c,2015-03-23 20:49:40,informant-PC, Microsoft-Windows-GroupPolicy ,Other,0,0,0,0,0,1,0,None,892,Microsoft-Windows-GroupPolicy/Operational,8006,0,0,0,0,0,0,0,0,0,0,0x4000000000000000,0,0,1,0,0,0,0,2015-03-23 20:49:40,1427143780.0,20,49
2127878,59042,6558a6a3-162c-4551-81ee-2c19c827cafa,2015-03-23 20:49:40,informant-PC, Microsoft-Windows-GroupPolicy ,Other,0,0,0,0,0,1,0,None,892,Microsoft-Windows-GroupPolicy/Operational,5313,0,0,0,0,0,0,0,0,0,0,0x4000000000000000,0,0,1,0,0,0,0,2015-03-23 20:49:40,1427143780.0,20,49
2127879,59042,3a21d2f9-6aeb-47d6-83aa-7f20fb4f8592,2015-03-23 20:49:40,informant-PC, Microsoft-Windows-GroupPolicy ,Other,0,0,0,0,0,1,0,None,892,Microsoft-Windows-GroupPolicy/Operational,5320,0,0,0,0,0,0,0,0,0,0,0x4000000000000000,0,0,1,0,0,0,0,2015-03-23 20:49:40,1427143780.0,20,49
2127880,59042,744c56a7-760e-4a79-ade8-1c94a1f6f2de,2015-03-23 20:49:40,informant-PC, Microsoft-Windows-GroupPolicy ,Other,0,0,0,0,0,1,0,None,892,Microsoft-Windows-GroupPolicy/Operational,5312,0,0,0,0,0,0,0,0,0,0,0x4000000000000000,0,0,1,0,0,0,0,2015-03-23 20:49:40,1427143780.0,20,49
2127881,59042,2b030f6f-565d-4f40-a0bf-0ced33cd52ab,2015-03-23 20:49:40,informant-PC, Microsoft-Windows-GroupPolicy ,Other,0,0,0,0,0,1,0,None,892,Microsoft-Windows-GroupPolicy/Operational,5320,0,0,0,0,0,0,0,0,0,0,0x4000000000000000,0,0,1,0,0,0,0,2015-03-23 20:49:40,1427143780.0,20,49
2127882,59042,5b7e6623-34ad-4e92-9384-bef7d34f266d,2015-03-23 20:49:40,informant-PC, Microsoft-Windows-GroupPolicy ,Other,0,0,0,0,0,1,0,None,892,Microsoft-Windows-GroupPolicy/Operational,8006,0,0,0,0,0,0,0,0,0,0,0x4000000000000000,0,0,1,0,0,0,0,2015-03-23 20:49:40,1427143780.0,20,49
2127883,59042,21b4f332-0fd5-42f7-bcdb-1727162430ed,2015-03-23 20:49:40,informant-PC, Microsoft-Windows-GroupPolicy ,Other,0,0,0,0,0,1,0,None,892,Microsoft-Windows-GroupPolicy/Operational,4006,0,0,0,0,0,0,0,0,0,0,0x4000000000000000,0,0,1,0,0,0,0,2015-03-23 20:49:40,1427143780.0,20,49
2127884,59042,a9d3618f-6f2a-4e7e-93b0-bbfb04f92ff3,2015-03-23 20:49:40,informant-PC, Microsoft-Windows-GroupPolicy ,Other,0,0,0,0,0,1,0,None,892,Microsoft-Windows-GroupPolicy/Operational,5313,0,0,0,0,0,0,0,0,0,0,0x4000000000000000,0,0,1,0,0,0,0,2015-03-23 20:49:40,1427143780.0,20,49
2127885,59042,7c44ba1f-4049-4bbe-91a5-264ed94406fb,2015-03-23 20:49:40,informant-PC, Microsoft-Windows-GroupPolicy ,Other,0,0,0,0,0,1,0,None,892,Microsoft-Windows-GroupPolicy/Operational,5320,0,0,0,0,0,0,0,0,0,0,0x4000000000000000,0,0,1,0,0,0,0,2015-03-23 20:49:40,1427143780.0,20,49
2127886,59042,dab53a43-1c0f-433c-9932-b4e476ee44d8,2015-03-23 20:49:40,informant-PC, Microsoft-Windows-GroupPolicy ,Other,0,0,0,0,0,1,0,None,892,Microsoft-Windows-GroupPolicy/Operational,5311,0,0,0,0,0,0,0,0,0,0,0x4000000000000000,0,0,1,0,0,0,0,2015-03-23 20:49:40,1427143780.0,20,49
2127887,59042,9d5a1bbe-da48-424a-86e2-9fc72087a8f6,2015-03-23 20:49:40,informant-PC, Microsoft-Windows-GroupPolicy ,Other,0,0,0,0,0,1,0,None,892,Microsoft-Windows-GroupPolicy/Operational,5312,0,0,0,0,0,0,0,0,0,0,0x4000000000000000,0,0,1,0,0,0,0,2015-03-23 20:49:40,1427143780.0,20,49
2127888,59042,dccfb96c-1263-4544-b255-d0b309576380,2015-03-23 20:49:40,informant-PC, Microsoft-Windows-GroupPolicy ,Other,0,0,0,0,0,1,0,None,892,Microsoft-Windows-GroupPolicy/Operational,5311,0,0,0,0,0,0,0,0,0,0,0x4000000000000000,0,0,1,0,0,0,0,2015-03-23 20:49:40,1427143780.0,20,49
2127889,59042,83ffe973-6e9d-445e-8181-8b46d3b07874,2015-03-23 20:49:40,informant-PC, Microsoft-Windows-GroupPolicy ,Other,0,0,0,0,0,1,0,None,892,Microsoft-Windows-GroupPolicy/Operational,5320,0,0,0,0,0,0,0,0,0,0,0x4000000000000000,0,0,1,0,0,0,0,2015-03-23 20:49:40,1427143780.0,20,49
2127890,59042,77a8576b-398a-4fe3-8a51-52ff175f680c,2015-03-23 20:49:40,informant-PC, Microsoft-Windows-GroupPolicy ,Other,0,0,0,0,0,1,0,None,892,Microsoft-Windows-GroupPolicy/Operational,5320,0,0,0,0,0,0,0,0,0,0,0x4000000000000000,0,0,1,0,0,0,0,2015-03-23 20:49:40,1427143780.0,20,49
2127891,59042,2432ca03-36c3-46ca-9420-e423be3c3ebb,2015-03-23 20:49:40,informant-PC, Microsoft-Windows-GroupPolicy ,Other,0,0,0,0,0,1,0,None,892,Microsoft-Windows-GroupPolicy/Operational,5315,0,0,0,0,0,0,0,0,0,0,0x4000000000000000,0,0,1,0,0,0,0,2015-03-23 20:49:40,1427143780.0,20,49
2127892,59042,f3b8ee9e-bf1d-400a-b4d2-d7ff06697ca7,2015-03-23 20:49:40,informant-PC, Microsoft-Windows-GroupPolicy ,Other,0,0,0,0,0,1,0,None,892,Microsoft-Windows-GroupPolicy/Operational,5315,0,0,0,0,0,0,0,0,0,0,0x4000000000000000,0,0,1,0,0,0,0,2015-03-23 20:49:40,1427143780.0,20,49
2135906,59017,525ef2d2-2c87-4a40-a3a6-d780968e11a2,2015-03-23 20:56:51,informant-PC, Service Control Manager ,System,0,0,1,0,0,0,0,None,484,System,7036,0,0,0,0,0,0,0,0,0,0,0x8080000000000000,0,0,0,1,0,0,0,2015-03-23 20:56:51,1427144211.0,20,56
2135907,59017,59b0f65d-845c-4066-813c-36ca0c3192ab,2015-03-23 20:56:51,informant-PC, Service Control Manager ,System,0,0,1,0,0,0,0,None,484,System,7036,0,0,0,0,0,0,0,0,0,0,0x8080000000000000,0,0,0,1,0,0,0,2015-03-23 20:56:51,1427144211.0,20,56
2140121,59017,171d552c-ec3e-42f2-b6a0-abe6b7e6bf97,2015-03-23 21:02:41,informant-PC, Service Control Manager ,System,0,0,1,0,0,0,0,None,484,System,7040,0,0,0,0,0,0,0,0,0,0,0x8080000000000000,0,0,0,1,0,0,0,2015-03-23 21:02:41,1427144561.0,21,2
2140122,59017,6855dcc1-23b6-4300-a575-5a4ca521d5ea,2015-03-23 21:02:41,informant-PC, Service Control Manager ,System,0,0,1,0,0,0,0,None,484,System,7040,0,0,0,0,0,0,0,0,0,0,0x8080000000000000,0,0,0,1,0,0,0,2015-03-23 21:02:41,1427144561.0,21,2
2140350,59017,ee931e6d-0118-4442-9516-01f5257b262a,2015-03-23 21:02:49,informant-PC, USER32 ,System,0,0,1,0,0,0,0,None,None,System,1074,0,0,0,0,0,0,0,0,0,0,0x0080000000000000,0,0,0,0,0,0,0,2015-03-23 21:02:49,1427144569.0,21,2
2140351,59017,3d73b794-0168-419e-a7a8-7680daef3ed5,2015-03-23 21:02:49,informant-PC, USER32 ,System,0,0,1,0,0,0,0,None,None,System,1074,0,0,0,0,0,0,0,0,0,0,0x0080000000000000,0,0,0,0,0,0,0,2015-03-23 21:02:49,1427144569.0,21,2
2140396,59042,98c60936-8bc7-4730-a0bd-a6ebb8f3bd5d,2015-03-23 21:02:52,informant-PC, Microsoft-Windows-GroupPolicy ,Other,0,0,0,0,0,1,0,None,892,Microsoft-Windows-GroupPolicy/Operational,5324,0,0,0,0,0,0,0,0,0,0,0x4000000000000000,0,0,1,0,0,0,0,2015-03-23 21:02:52,1427144572.0,21,2
