2144328,59112,fc447abf-d006-420d-aa96-8ae7eb5ee1b4,2015-03-24 13:29:16,informant-PC, Microsoft-Windows-Bits-Client ,Other,0,0,0,0,0,1,0,None,888,Microsoft-Windows-Bits-Client/Operational,4,0,0,0,0,0,0,0,0,0,0,0x4000000000000000,0,0,1,0,0,0,0,2015-03-24 13:29:16,1427203756.0,13,29
2144331,59018,85fb5f1b-ccfe-4fee-a845-a8dcd1681df6,2015-03-24 13:29:24,informant-PC, Outlook ,Application,0,1,0,0,0,0,0,None,None,Application,38,0,0,0,0,0,0,0,0,0,0,0x0080000000000000,0,0,0,0,0,0,0,2015-03-24 13:29:24,1427203764.0,13,29
2144332,59018,4deb0308-54c1-4227-9abf-dd258ce97f2f,2015-03-24 13:29:24,informant-PC, Outlook ,Application,0,1,0,0,0,0,0,None,None,Application,38,0,0,0,0,0,0,0,0,0,0,0x0080000000000000,0,0,0,0,0,0,0,2015-03-24 13:29:24,1427203764.0,13,29
2144381,59018,e324ed7a-584d-4fcd-b6df-66c838a5e89d,2015-03-24 13:31:38,informant-PC, Office Software Protection Platform Service ,Application,0,1,0,0,0,0,0,None,None,Application,1003,0,0,0,0,0,0,0,0,0,0,0x0080000000000000,0,0,0,0,0,0,0,2015-03-24 13:31:38,1427203898.0,13,31
2144382,59018,996e5870-60af-452b-83b3-bdb52605bd81,2015-03-24 13:31:38,informant-PC, Office Software Protection Platform Service ,Application,0,1,0,0,0,0,0,None,None,Application,1003,0,0,0,0,0,0,0,0,0,0,0x0080000000000000,0,0,0,0,0,0,0,2015-03-24 13:31:38,1427203898.0,13,31
2144421,59017,3d8c426e-7553-4c8b-82fd-e8ca673a7e4d,2015-03-24 13:33:57,informant-PC, Service Control Manager ,System,0,0,1,0,0,0,0,None,488,System,7036,0,0,0,0,0,0,0,0,0,0,0x8080000000000000,0,0,0,1,0,0,0,2015-03-24 13:33:57,1427204037.0,13,33
2144422,59017,37b99326-3dfc-49b4-bc56-673c6d4ede75,2015-03-24 13:33:57,informant-PC, Service Control Manager ,System,0,0,1,0,0,0,0,None,488,System,7036,0,0,0,0,0,0,0,0,0,0,0x8080000000000000,0,0,0,1,0,0,0,2015-03-24 13:33:57,1427204037.0,13,33
2144530,59018,5a264ed9-bcdb-49b2-9de7-929994e5aba7,2015-03-24 13:36:39,informant-PC, Office Software Protection Platform Service ,Application,0,1,0,0,0,0,0,None,None,Application,903,0,0,0,0,0,0,0,0,0,0,0x0080000000000000,0,0,0,0,0,0,0,2015-03-24 13:36:39,1427204199.0,13,36
2144531,59018,8dfd87bb-fe8e-462c-814d-3ecaea0b66f6,2015-03-24 13:36:39,informant-PC, Office Software Protection Platform Service ,Application,0,1,0,0,0,0,0,None,None,Application,903,0,0,0,0,0,0,0,0,0,0,0x0080000000000000,0,0,0,0,0,0,0,2015-03-24 13:36:39,1427204199.0,13,36
2144532,59017,b9b053a8-df0f-46c9-899e-671907ae53f4,2015-03-24 13:36:39,informant-PC, Service Control Manager ,System,0,0,1,0,0,0,0,None,488,System,7036,0,0,0,0,0,0,0,0,0,0,0x8080000000000000,0,0,0,1,0,0,0,2015-03-24 13:36:39,1427204199.0,13,36
2144533,59017,1276dd47-d5f9-46ae-b8c1-f4433b009d93,2015-03-24 13:36:39,informant-PC, Service Control Manager ,System,0,0,1,0,0,0,0,None,488,System,7036,0,0,0,0,0,0,0,0,0,0,0x8080000000000000,0,0,0,1,0,0,0,2015-03-24 13:36:39,1427204199.0,13,36
2144534,59017,bb0c5c27-7cc9-4ab4-aae1-3de02d0a7850,2015-03-24 13:37:55,informant-PC, Service Control Manager ,System,0,0,1,0,0,0,0,None,488,System,7036,0,0,0,0,0,0,0,0,0,0,0x8080000000000000,0,0,0,1,0,0,0,2015-03-24 13:37:55,1427204275.0,13,37
2144535,59017,85d38232-2714-4969-9104-df97413d4b41,2015-03-24 13:37:55,informant-PC, Service Control Manager ,System,0,0,1,0,0,0,0,None,488,System,7036,0,0,0,0,0,0,0,0,0,0,0x8080000000000000,0,0,0,1,0,0,0,2015-03-24 13:37:55,1427204275.0,13,37
2144638,59017,cc79ed4a-7284-4561-b881-f003599037b3,2015-03-24 13:38:00,informant-PC, Service Control Manager ,System,0,0,1,0,0,0,0,None,488,System,7036,0,0,0,0,0,0,0,0,0,0,0x8080000000000000,0,0,0,1,0,0,0,2015-03-24 13:38:00,1427204280.0,13,38
2144639,59017,62634bd4-3e31-4c81-9e8b-a32ff1c0ceec,2015-03-24 13:38:00,informant-PC, Service Control Manager ,System,0,0,1,0,0,0,0,None,488,System,7036,0,0,0,0,0,0,0,0,0,0,0x8080000000000000,0,0,0,1,0,0,0,2015-03-24 13:38:00,1427204280.0,13,38
2144652,59017,2ddf187b-90fc-4dc0-b090-14d036b3c9bd,2015-03-24 13:38:09,informant-PC, Service Control Manager ,System,0,0,1,0,0,0,0,None,488,System,7036,0,0,0,0,0,0,0,0,0,0,0x8080000000000000,0,0,0,1,0,0,0,2015-03-24 13:38:09,1427204289.0,13,38
2144653,59017,ac4a6c90-ae26-49ba-b26e-c3c6a2e1fe32,2015-03-24 13:38:09,informant-PC, Service Control Manager ,System,0,0,1,0,0,0,0,None,488,System,7036,0,0,0,0,0,0,0,0,0,0,0x8080000000000000,0,0,0,1,0,0,0,2015-03-24 13:38:09,1427204289.0,13,38
2144740,59018,de10d41c-5c8e-4971-94bc-f3f7091aee12,2015-03-24 13:39:06,informant-PC, Microsoft-Windows-LoadPerf ,Application,0,1,0,0,0,0,0,None,668,Application,1001,0,0,0,0,0,0,0,0,0,0,0x8000000000000000,0,0,0,1,0,0,0,2015-03-24 13:39:06,1427204346.0,13,39
2144748,59018,780fae88-10b9-4372-a3e1-4133e5c745eb,2015-03-24 13:39:06,informant-PC, Microsoft-Windows-LoadPerf ,Application,0,1,0,0,0,0,0,None,668,Application,1001,0,0,0,0,0,0,0,0,0,0,0x8000000000000000,0,0,0,1,0,0,0,2015-03-24 13:39:06,1427204346.0,13,39
2144784,59018,8ea9d351-ec7c-4fc3-803c-131e83f33ab6,2015-03-24 13:39:07,informant-PC, Microsoft-Windows-LoadPerf ,Application,0,1,0,0,0,0,0,None,668,Application,1000,0,0,0,0,0,0,0,0,0,0,0x8000000000000000,0,0,0,1,0,0,0,2015-03-24 13:39:07,1427204347.0,13,39
2144787,59018,667125f6-8746-4d07-808e-2d03e9b6c1cd,2015-03-24 13:39:07,informant-PC, Microsoft-Windows-LoadPerf ,Application,0,1,0,0,0,0,0,None,668,Application,1000,0,0,0,0,0,0,0,0,0,0,0x8000000000000000,0,0,0,1,0,0,0,2015-03-24 13:39:07,1427204347.0,13,39
2144824,59017,c2d38c09-6536-4f7a-9a15-d80c1f8b2fd4,2015-03-24 13:40:00,informant-PC, Service Control Manager ,System,0,0,1,0,0,0,0,None,488,System,7036,0,0,0,0,0,0,0,0,0,0,0x8080000000000000,0,0,0,1,0,0,0,2015-03-24 13:40:00,1427204400.0,13,40
2144825,59017,1d7e078f-cc86-4b58-8235-53c52292293d,2015-03-24 13:40:00,informant-PC, Service Control Manager ,System,0,0,1,0,0,0,0,None,488,System,7036,0,0,0,0,0,0,0,0,0,0,0x8080000000000000,0,0,0,1,0,0,0,2015-03-24 13:40:00,1427204400.0,13,40
2145132,59017,0803d32f-cacd-4da1-b9eb-aa2e327b1e5c,2015-03-24 13:44:41,informant-PC, Service Control Manager ,System,0,0,1,0,0,0,0,None,488,System,7036,0,0,0,0,0,0,0,0,0,0,0x8080000000000000,0,0,0,1,0,0,0,2015-03-24 13:44:41,1427204681.0,13,44
2145133,59017,858ff4c9-518d-48d7-abe0-66121c0ccf44,2015-03-24 13:44:41,informant-PC, Service Control Manager ,System,0,0,1,0,0,0,0,None,488,System,7036,0,0,0,0,0,0,0,0,0,0,0x8080000000000000,0,0,0,1,0,0,0,2015-03-24 13:44:41,1427204681.0,13,44
2145134,59017,d4074ebb-6a91-4dcc-9c90-6e0d64953bc7,2015-03-24 13:44:41,informant-PC, Service Control Manager ,System,0,0,1,0,0,0,0,None,488,System,7036,0,0,0,0,0,0,0,0,0,0,0x8080000000000000,0,0,0,1,0,0,0,2015-03-24 13:44:41,1427204681.0,13,44
2145135,59017,8ef062a7-a615-46b5-afbf-4ebb25031fca,2015-03-24 13:44:41,informant-PC, Service Control Manager ,System,0,0,1,0,0,0,0,None,488,System,7036,0,0,0,0,0,0,0,0,0,0,0x8080000000000000,0,0,0,1,0,0,0,2015-03-24 13:44:41,1427204681.0,13,44
2145136,59019,c788f291-8c0f-4212-931e-32fc8502b5b0,2015-03-24 13:47:06,informant-PC, Microsoft-Windows-Security-Auditing ,Security,1,0,0,0,0,0,0,None,496,Security,4648,0,0,0,1,0,0,0,0,0,12544,0x8020000000000000,0,0,0,1,0,0,0,2015-03-24 13:47:06,1427204826.0,13,47
2145137,59019,7915ec09-adf7-4bd1-b628-0b86c9c49300,2015-03-24 13:47:06,informant-PC, Microsoft-Windows-Security-Auditing ,Security,1,0,0,0,0,0,0,None,496,Security,4648,0,0,0,1,0,0,0,0,0,12544,0x8020000000000000,0,0,0,1,0,0,0,2015-03-24 13:47:06,1427204826.0,13,47
2146037,59017,24739078-f328-4d31-9a0b-f22b3ad0e463,2015-03-24 13:53:41,informant-PC, Service Control Manager ,System,0,0,1,0,0,0,0,None,488,System,7036,0,0,0,0,0,0,0,0,0,0,0x8080000000000000,0,0,0,1,0,0,0,2015-03-24 13:53:41,1427205221.0,13,53
2146038,59017,12825c58-19e8-48fe-a01e-081a64827ab7,2015-03-24 13:53:41,informant-PC, Service Control Manager ,System,0,0,1,0,0,0,0,None,488,System,7036,0,0,0,0,0,0,0,0,0,0,0x8080000000000000,0,0,0,1,0,0,0,2015-03-24 13:53:41,1427205221.0,13,53
2147689,59017,f75f23e3-2d5b-4d10-940a-ff7005c82523,2015-03-24 13:58:32,informant-PC, Microsoft-Windows-UserPnp ,System,0,0,1,0,0,0,0,None,2864,System,20003,0,0,0,0,0,0,0,0,0,7005,0x8000000000000000,0,0,0,1,0,0,0,2015-03-24 13:58:32,1427205512.0,13,58
2147691,59017,ef7a47fe-28fa-4c31-b99c-f342fc8aaee2,2015-03-24 13:58:32,informant-PC, Microsoft-Windows-UserPnp ,System,0,0,1,0,0,0,0,None,2864,System,20003,0,0,0,0,0,0,0,0,0,7005,0x8000000000000000,0,0,0,1,0,0,0,2015-03-24 13:58:32,1427205512.0,13,58
2147872,59017,270e22e4-0787-44c8-a016-6022a4804347,2015-03-24 13:58:32,informant-PC, Microsoft-Windows-UserPnp ,System,0,0,1,0,0,0,0,None,2864,System,20001,0,0,0,0,0,0,0,0,0,7005,0x8000000000000000,0,0,0,1,0,0,0,2015-03-24 13:58:32,1427205512.0,13,58
2147895,59017,3517c9fb-1064-4c47-8977-37e3ae4a2d22,2015-03-24 13:58:32,informant-PC, Microsoft-Windows-UserPnp ,System,0,0,1,0,0,0,0,None,2864,System,20001,0,0,0,0,0,0,0,0,0,7005,0x8000000000000000,0,0,0,1,0,0,0,2015-03-24 13:58:32,1427205512.0,13,58
2149669,59017,c75d5e20-c005-4024-928f-09bc2cb26ed2,2015-03-24 13:58:33,informant-PC, Microsoft-Windows-UserPnp ,System,0,0,1,0,0,0,0,None,920,System,20003,0,0,0,0,0,0,0,0,0,7005,0x8000000000000000,0,0,0,1,0,0,0,2015-03-24 13:58:33,1427205513.0,13,58
2149675,59017,e6f98497-dff1-4a2d-93b8-28886bb84b64,2015-03-24 13:58:33,informant-PC, Microsoft-Windows-UserPnp ,System,0,0,1,0,0,0,0,None,920,System,20003,0,0,0,0,0,0,0,0,0,7005,0x8000000000000000,0,0,0,1,0,0,0,2015-03-24 13:58:33,1427205513.0,13,58
2149858,59017,89bbae10-c0bd-48cf-be23-be0fc83fe239,2015-03-24 13:58:33,informant-PC, Microsoft-Windows-UserPnp ,System,0,0,1,0,0,0,0,None,920,System,20001,0,0,0,0,0,0,0,0,0,7005,0x8000000000000000,0,0,0,1,0,0,0,2015-03-24 13:58:33,1427205513.0,13,58
2149919,59017,c18b0cf7-55c6-4b61-bccc-ebb87b75bedb,2015-03-24 13:58:33,informant-PC, Microsoft-Windows-UserPnp ,System,0,0,1,0,0,0,0,None,920,System,20001,0,0,0,0,0,0,0,0,0,7005,0x8000000000000000,0,0,0,1,0,0,0,2015-03-24 13:58:33,1427205513.0,13,58
2151582,59017,3bc29e6c-f2ab-44aa-860f-8959adc70fcb,2015-03-24 13:58:33,informant-PC, Microsoft-Windows-UserPnp ,System,0,0,1,0,0,0,0,None,2132,System,20003,0,0,0,0,0,0,0,0,0,7005,0x8000000000000000,0,0,0,1,0,0,0,2015-03-24 13:58:33,1427205513.0,13,58
2151621,59017,7127e9a6-a107-43ca-900d-44e0f883853a,2015-03-24 13:58:33,informant-PC, Microsoft-Windows-UserPnp ,System,0,0,1,0,0,0,0,None,2132,System,20003,0,0,0,0,0,0,0,0,0,7005,0x8000000000000000,0,0,0,1,0,0,0,2015-03-24 13:58:33,1427205513.0,13,58
2151784,59017,c9734485-766f-4486-98d2-881412c664ac,2015-03-24 13:58:34,informant-PC, Microsoft-Windows-UserPnp ,System,0,0,1,0,0,0,0,None,2132,System,20001,0,0,0,0,0,0,0,0,0,7005,0x8000000000000000,0,0,0,1,0,0,0,2015-03-24 13:58:34,1427205514.0,13,58
2151790,59017,1d6b34b1-a8f5-47ab-9dbf-f339a109b12a,2015-03-24 13:58:34,informant-PC, Microsoft-Windows-UserPnp ,System,0,0,1,0,0,0,0,None,2132,System,20001,0,0,0,0,0,0,0,0,0,7005,0x8000000000000000,0,0,0,1,0,0,0,2015-03-24 13:58:34,1427205514.0,13,58
2151945,59017,083e3b30-04b3-40b6-8963-fa2e695b4c53,2015-03-24 13:58:34,informant-PC, Service Control Manager ,System,0,0,1,0,0,0,0,None,488,System,7036,0,0,0,0,0,0,0,0,0,0,0x8080000000000000,0,0,0,1,0,0,0,2015-03-24 13:58:34,1427205514.0,13,58
2151946,59017,be784d4e-b8e6-416f-8cc3-84cf75fba6e1,2015-03-24 13:58:34,informant-PC, Service Control Manager ,System,0,0,1,0,0,0,0,None,488,System,7036,0,0,0,0,0,0,0,0,0,0,0x8080000000000000,0,0,0,1,0,0,0,2015-03-24 13:58:34,1427205514.0,13,58
2152099,59017,ae7a8fc0-c18d-455b-bca9-0ed887734f34,2015-03-24 13:59:10,informant-PC, Service Control Manager ,System,0,0,1,0,0,0,0,None,488,System,7036,0,0,0,0,0,0,0,0,0,0,0x8080000000000000,0,0,0,1,0,0,0,2015-03-24 13:59:10,1427205550.0,13,59
2152100,59017,b00e3a97-458e-497e-8673-0facc9dc6edb,2015-03-24 13:59:10,informant-PC, Service Control Manager ,System,0,0,1,0,0,0,0,None,488,System,7036,0,0,0,0,0,0,0,0,0,0,0x8080000000000000,0,0,0,1,0,0,0,2015-03-24 13:59:10,1427205550.0,13,59
2152147,2186,fe90f68e-efc6-4cb0-90f4-05149064c981,2015-03-24 14:00:00,informant-PC, Microsoft-Windows-WindowsBackup ,Other,0,0,0,0,0,1,0,None,1492,Microsoft-Windows-WindowsBackup/ActionCenter,100,0,0,0,0,0,0,0,0,0,0,0x8000000000000000,0,0,0,1,0,0,0,2015-03-24 14:00:00,1427205600.0,14,0
2152148,2186,a8cffd93-ee18-48ce-b867-0fa3cfecc1e8,2015-03-24 14:00:00,informant-PC, Microsoft-Windows-WindowsBackup ,Other,0,0,0,0,0,1,0,None,1492,Microsoft-Windows-WindowsBackup/ActionCenter,100,0,0,0,0,0,0,0,0,0,0,0x8000000000000000,0,0,0,1,0,0,0,2015-03-24 14:00:00,1427205600.0,14,0
2152209,59018,b3f2b80b-9e83-470d-8d89-04e5b9ede013,2015-03-24 14:00:22,informant-PC, Microsoft-Windows-LoadPerf ,Application,0,1,0,0,0,0,0,None,2208,Application,1001,0,0,0,0,0,0,0,0,0,0,0x8000000000000000,0,0,0,1,0,0,0,2015-03-24 14:00:22,1427205622.0,14,0
2152231,59018,5ccca6a3-6cd4-4e96-8825-757499e7776e,2015-03-24 14:00:22,informant-PC, Microsoft-Windows-LoadPerf ,Application,0,1,0,0,0,0,0,None,2208,Application,1001,0,0,0,0,0,0,0,0,0,0,0x8000000000000000,0,0,0,1,0,0,0,2015-03-24 14:00:22,1427205622.0,14,0
2152246,59018,783b77a0-d6d4-4418-b5fa-b3fedff0fc8e,2015-03-24 14:00:22,informant-PC, Microsoft-Windows-LoadPerf ,Application,0,1,0,0,0,0,0,None,2208,Application,1000,0,0,0,0,0,0,0,0,0,0,0x8000000000000000,0,0,0,1,0,0,0,2015-03-24 14:00:22,1427205622.0,14,0
2152250,59018,505f6931-0dfc-4c0b-82ad-a5decb1aa329,2015-03-24 14:00:22,informant-PC, Microsoft-Windows-LoadPerf ,Application,0,1,0,0,0,0,0,None,2208,Application,1000,0,0,0,0,0,0,0,0,0,0,0x8000000000000000,0,0,0,1,0,0,0,2015-03-24 14:00:22,1427205622.0,14,0
2152289,59017,f74e76e5-dc8c-4e52-8100-c3b3b45dcf43,2015-03-24 14:00:34,informant-PC, Service Control Manager ,System,0,0,1,0,0,0,0,None,488,System,7036,0,0,0,0,0,0,0,0,0,0,0x8080000000000000,0,0,0,1,0,0,0,2015-03-24 14:00:34,1427205634.0,14,0
2152290,59017,cc6ff1fa-af0b-43b1-9419-1791d1cf80b2,2015-03-24 14:00:34,informant-PC, Service Control Manager ,System,0,0,1,0,0,0,0,None,488,System,7036,0,0,0,0,0,0,0,0,0,0,0x8080000000000000,0,0,0,1,0,0,0,2015-03-24 14:00:34,1427205634.0,14,0
2152426,59017,43e1e2cd-b144-4a7d-af18-6a40c431d04e,2015-03-24 14:01:38,informant-PC, Service Control Manager ,System,0,0,1,0,0,0,0,None,488,System,7036,0,0,0,0,0,0,0,0,0,0,0x8080000000000000,0,0,0,1,0,0,0,2015-03-24 14:01:38,1427205698.0,14,1
2152427,59017,0e6c7528-1863-497e-b034-26c8c3130974,2015-03-24 14:01:38,informant-PC, Service Control Manager ,System,0,0,1,0,0,0,0,None,488,System,7036,0,0,0,0,0,0,0,0,0,0,0x8080000000000000,0,0,0,1,0,0,0,2015-03-24 14:01:38,1427205698.0,14,1
2153071,59017,86a96b90-f8f2-4ff5-9166-8ce1c42246c6,2015-03-24 14:05:17,informant-PC, Microsoft-Windows-Application-Experience ,System,0,0,1,0,0,0,0,None,820,System,206,0,0,0,0,0,0,0,0,0,0,0x8000000000000000,0,0,0,1,0,0,0,2015-03-24 14:05:17,1427205917.0,14,5
2153072,59017,53d5a34b-ff10-4f5d-8f00-742a906b1eb9,2015-03-24 14:05:17,informant-PC, Microsoft-Windows-Application-Experience ,System,0,0,1,0,0,0,0,None,820,System,206,0,0,0,0,0,0,0,0,0,0,0x8000000000000000,0,0,0,1,0,0,0,2015-03-24 14:05:17,1427205917.0,14,5
2154846,59018,5fab0d87-65c8-44a1-84d5-82bfaafc6f45,2015-03-24 14:08:41,informant-PC, Software Protection Platform Service ,Application,0,1,0,0,0,0,0,None,0,Application,1003,0,0,0,0,0,0,0,0,0,0,0x0080000000000000,0,0,0,0,0,0,0,2015-03-24 14:08:41,1427206121.0,14,8
2154847,59018,3227a88e-70e9-4012-8349-5f535ed0c6c9,2015-03-24 14:08:41,informant-PC, Software Protection Platform Service ,Application,0,1,0,0,0,0,0,None,0,Application,1003,0,0,0,0,0,0,0,0,0,0,0x0080000000000000,0,0,0,0,0,0,0,2015-03-24 14:08:41,1427206121.0,14,8
2154872,59017,2e4068df-dfe0-4b07-a7b8-e23de1af5d4b,2015-03-24 14:10:16,informant-PC, Service Control Manager ,System,0,0,1,0,0,0,0,None,488,System,7036,0,0,0,0,0,0,0,0,0,0,0x8080000000000000,0,0,0,1,0,0,0,2015-03-24 14:10:16,1427206216.0,14,10
2154873,59017,dc58a49a-a21e-4d6d-b5ee-95dc8ff0f1e5,2015-03-24 14:10:16,informant-PC, Service Control Manager ,System,0,0,1,0,0,0,0,None,488,System,7036,0,0,0,0,0,0,0,0,0,0,0x8080000000000000,0,0,0,1,0,0,0,2015-03-24 14:10:16,1427206216.0,14,10
2155810,59017,419e8457-c3ab-4356-ae3a-4ddfabfb6f28,2015-03-24 14:16:19,informant-PC, Service Control Manager ,System,0,0,1,0,0,0,0,None,488,System,7036,0,0,0,0,0,0,0,0,0,0,0x8080000000000000,0,0,0,1,0,0,0,2015-03-24 14:16:19,1427206579.0,14,16
2155811,59017,552ee662-3af4-4626-92d1-696bff5be576,2015-03-24 14:16:19,informant-PC, Service Control Manager ,System,0,0,1,0,0,0,0,None,488,System,7036,0,0,0,0,0,0,0,0,0,0,0x8080000000000000,0,0,0,1,0,0,0,2015-03-24 14:16:19,1427206579.0,14,16
2155853,59017,20cc0ea3-f4ad-412b-a934-4f483d6ef246,2015-03-24 14:16:26,informant-PC, Service Control Manager ,System,0,0,1,0,0,0,0,None,488,System,7036,0,0,0,0,0,0,0,0,0,0,0x8080000000000000,0,0,0,1,0,0,0,2015-03-24 14:16:26,1427206586.0,14,16
2155854,59017,93272b43-3e26-4187-a73d-7873495e4b0e,2015-03-24 14:16:26,informant-PC, Service Control Manager ,System,0,0,1,0,0,0,0,None,488,System,7036,0,0,0,0,0,0,0,0,0,0,0x8080000000000000,0,0,0,1,0,0,0,2015-03-24 14:16:26,1427206586.0,14,16
2155855,59017,527703ae-092c-446d-9599-92697bad6041,2015-03-24 14:16:26,informant-PC, Service Control Manager ,System,0,0,1,0,0,0,0,None,488,System,7036,0,0,0,0,0,0,0,0,0,0,0x8080000000000000,0,0,0,1,0,0,0,2015-03-24 14:16:26,1427206586.0,14,16
2155856,59017,ab27659b-9862-4313-8bba-f3b9555140d9,2015-03-24 14:16:26,informant-PC, Service Control Manager ,System,0,0,1,0,0,0,0,None,488,System,7036,0,0,0,0,0,0,0,0,0,0,0x8080000000000000,0,0,0,1,0,0,0,2015-03-24 14:16:26,1427206586.0,14,16
2155869,59018,7b46b23b-2f48-445d-89ad-d724eb5d92c1,2015-03-24 14:16:30,informant-PC, gupdate ,Application,0,1,0,0,0,0,0,None,None,Application,0,0,0,0,0,0,0,0,0,0,0,0x0080000000000000,0,0,0,0,0,0,0,2015-03-24 14:16:30,1427206590.0,14,16
2155870,59018,f37c4ec4-5cf0-49f9-8297-8f3caf955649,2015-03-24 14:16:30,informant-PC, gupdate ,Application,0,1,0,0,0,0,0,None,None,Application,0,0,0,0,0,0,0,0,0,0,0,0x0080000000000000,0,0,0,0,0,0,0,2015-03-24 14:16:30,1427206590.0,14,16
2155872,59017,4bbc5394-1f65-4fe0-a68b-83dddf9b20af,2015-03-24 14:16:30,informant-PC, Service Control Manager ,System,0,0,1,0,0,0,0,None,488,System,7036,0,0,0,0,0,0,0,0,0,0,0x8080000000000000,0,0,0,1,0,0,0,2015-03-24 14:16:30,1427206590.0,14,16
2155873,59017,2cf763f3-df85-4fca-bc8f-91008d3b7ee5,2015-03-24 14:16:30,informant-PC, Service Control Manager ,System,0,0,1,0,0,0,0,None,488,System,7036,0,0,0,0,0,0,0,0,0,0,0x8080000000000000,0,0,0,1,0,0,0,2015-03-24 14:16:30,1427206590.0,14,16
2156238,59017,42428966-a21c-40d7-88d9-3b2d41886ba2,2015-03-24 14:21:35,informant-PC, Service Control Manager ,System,0,0,1,0,0,0,0,None,488,System,7036,0,0,0,0,0,0,0,0,0,0,0x8080000000000000,0,0,0,1,0,0,0,2015-03-24 14:21:35,1427206895.0,14,21
2156239,59017,cb1a27e0-858a-442b-a366-9819d9eabf04,2015-03-24 14:21:35,informant-PC, Service Control Manager ,System,0,0,1,0,0,0,0,None,488,System,7036,0,0,0,0,0,0,0,0,0,0,0x8080000000000000,0,0,0,1,0,0,0,2015-03-24 14:21:35,1427206895.0,14,21
2156240,59041,042af9b3-ab05-4601-ad97-070a43b8c918,2015-03-24 14:21:37,informant-PC, Microsoft-Windows-BranchCacheSMB ,Other,0,0,0,0,0,1,0,None,820,Microsoft-Windows-BranchCacheSMB/Operational,3005,0,0,0,0,0,0,0,0,0,0,0x8000000000000800,0,0,0,1,0,0,0,2015-03-24 14:21:37,1427206897.0,14,21
2156241,59041,5a9e1793-a914-41fd-b530-e39cdcea5b20,2015-03-24 14:21:37,informant-PC, Microsoft-Windows-BranchCacheSMB ,Other,0,0,0,0,0,1,0,None,820,Microsoft-Windows-BranchCacheSMB/Operational,3005,0,0,0,0,0,0,0,0,0,0,0x8000000000000800,0,0,0,1,0,0,0,2015-03-24 14:21:37,1427206897.0,14,21
2156306,59017,f3ea4799-7650-4b35-9ffd-c9f382d4f717,2015-03-24 14:26:37,informant-PC, Service Control Manager ,System,0,0,1,0,0,0,0,None,488,System,7036,0,0,0,0,0,0,0,0,0,0,0x8080000000000000,0,0,0,1,0,0,0,2015-03-24 14:26:37,1427207197.0,14,26
2156307,59017,c5b2a978-4612-46e7-8467-39ae47ad4b82,2015-03-24 14:26:37,informant-PC, Service Control Manager ,System,0,0,1,0,0,0,0,None,488,System,7036,0,0,0,0,0,0,0,0,0,0,0x8080000000000000,0,0,0,1,0,0,0,2015-03-24 14:26:37,1427207197.0,14,26
2156352,59017,a082c9ac-0613-4479-869b-15eb14a94e10,2015-03-24 14:29:16,informant-PC, Service Control Manager ,System,0,0,1,0,0,0,0,None,488,System,7040,0,0,0,0,0,0,0,0,0,0,0x8080000000000000,0,0,0,1,0,0,0,2015-03-24 14:29:16,1427207356.0,14,29
2156353,59017,cfeb9eb6-28ec-41fa-b4cf-4401a18bd461,2015-03-24 14:29:16,informant-PC, Service Control Manager ,System,0,0,1,0,0,0,0,None,488,System,7040,0,0,0,0,0,0,0,0,0,0,0x8080000000000000,0,0,0,1,0,0,0,2015-03-24 14:29:16,1427207356.0,14,29
2156436,59017,4565712d-120a-41e0-92b0-43b4cf22273c,2015-03-24 14:32:56,informant-PC, Service Control Manager ,System,0,0,1,0,0,0,0,None,488,System,7036,0,0,0,0,0,0,0,0,0,0,0x8080000000000000,0,0,0,1,0,0,0,2015-03-24 14:32:56,1427207576.0,14,32
2156437,59017,406d9e6c-1209-4d5d-8dd3-be85bc573098,2015-03-24 14:32:56,informant-PC, Service Control Manager ,System,0,0,1,0,0,0,0,None,488,System,7036,0,0,0,0,0,0,0,0,0,0,0x8080000000000000,0,0,0,1,0,0,0,2015-03-24 14:32:56,1427207576.0,14,32
2156509,59017,156c119c-1ad3-4751-b454-c48b51f00731,2015-03-24 14:44:04,informant-PC, Service Control Manager ,System,0,0,1,0,0,0,0,None,488,System,7036,0,0,0,0,0,0,0,0,0,0,0x8080000000000000,0,0,0,1,0,0,0,2015-03-24 14:44:04,1427208244.0,14,44
2156510,59017,7456a54b-5c19-4914-8121-34ba4be59877,2015-03-24 14:44:04,informant-PC, Service Control Manager ,System,0,0,1,0,0,0,0,None,488,System,7036,0,0,0,0,0,0,0,0,0,0,0x8080000000000000,0,0,0,1,0,0,0,2015-03-24 14:44:04,1427208244.0,14,44
2156694,59017,8f527acc-d3a4-4794-9b31-dec9ec24cca9,2015-03-24 14:49:23,informant-PC, Service Control Manager ,System,0,0,1,0,0,0,0,None,488,System,7036,0,0,0,0,0,0,0,0,0,0,0x8080000000000000,0,0,0,1,0,0,0,2015-03-24 14:49:23,1427208563.0,14,49
2156695,59017,4888afe1-6aeb-498e-810e-0c0d5a2d8e0b,2015-03-24 14:49:23,informant-PC, Service Control Manager ,System,0,0,1,0,0,0,0,None,488,System,7036,0,0,0,0,0,0,0,0,0,0,0x8080000000000000,0,0,0,1,0,0,0,2015-03-24 14:49:23,1427208563.0,14,49
2156934,59042,c12f579c-507b-4d94-9978-aba7dec9c309,2015-03-24 15:09:37,informant-PC, Microsoft-Windows-GroupPolicy ,Other,0,0,0,0,0,1,0,None,888,Microsoft-Windows-GroupPolicy/Operational,5320,0,0,0,0,0,0,0,0,0,0,0x4000000000000000,0,0,1,0,0,0,0,2015-03-24 15:09:37,1427209777.0,15,9
2156935,59042,7ea3c8f4-b9b5-4bad-98d5-19bedc1c048d,2015-03-24 15:09:37,informant-PC, Microsoft-Windows-GroupPolicy ,Other,0,0,0,0,0,1,0,None,888,Microsoft-Windows-GroupPolicy/Operational,5320,0,0,0,0,0,0,0,0,0,0,0x4000000000000000,0,0,1,0,0,0,0,2015-03-24 15:09:37,1427209777.0,15,9
2156936,59042,c01f9d79-b77e-4068-903c-5ed704fc83f8,2015-03-24 15:09:37,informant-PC, Microsoft-Windows-GroupPolicy ,Other,0,0,0,0,0,1,0,None,888,Microsoft-Windows-GroupPolicy/Operational,5320,0,0,0,0,0,0,0,0,0,0,0x4000000000000000,0,0,1,0,0,0,0,2015-03-24 15:09:37,1427209777.0,15,9
2156937,59042,53d99f61-9ab0-4496-abfc-faa6ef061bd4,2015-03-24 15:09:37,informant-PC, Microsoft-Windows-GroupPolicy ,Other,0,0,0,0,0,1,0,None,888,Microsoft-Windows-GroupPolicy/Operational,5320,0,0,0,0,0,0,0,0,0,0,0x4000000000000000,0,0,1,0,0,0,0,2015-03-24 15:09:37,1427209777.0,15,9
2156938,59042,eeda6d1f-b51b-4839-8034-4e07587e723c,2015-03-24 15:09:37,informant-PC, Microsoft-Windows-GroupPolicy ,Other,0,0,0,0,0,1,0,None,888,Microsoft-Windows-GroupPolicy/Operational,5313,0,0,0,0,0,0,0,0,0,0,0x4000000000000000,0,0,1,0,0,0,0,2015-03-24 15:09:37,1427209777.0,15,9
2156939,59042,8b8aa05b-bfc1-4f27-8c88-12e073fc5f1d,2015-03-24 15:09:37,informant-PC, Microsoft-Windows-GroupPolicy ,Other,0,0,0,0,0,1,0,None,888,Microsoft-Windows-GroupPolicy/Operational,4006,0,0,0,0,0,0,0,0,0,0,0x4000000000000000,0,0,1,0,0,0,0,2015-03-24 15:09:37,1427209777.0,15,9
2156940,59042,d6541827-d669-4635-a424-11f18a18aeac,2015-03-24 15:09:37,informant-PC, Microsoft-Windows-GroupPolicy ,Other,0,0,0,0,0,1,0,None,888,Microsoft-Windows-GroupPolicy/Operational,5312,0,0,0,0,0,0,0,0,0,0,0x4000000000000000,0,0,1,0,0,0,0,2015-03-24 15:09:37,1427209777.0,15,9
2156941,59042,8c033985-0d33-4d26-ae33-fa7d2bf711a2,2015-03-24 15:09:37,informant-PC, Microsoft-Windows-GroupPolicy ,Other,0,0,0,0,0,1,0,None,888,Microsoft-Windows-GroupPolicy/Operational,5312,0,0,0,0,0,0,0,0,0,0,0x4000000000000000,0,0,1,0,0,0,0,2015-03-24 15:09:37,1427209777.0,15,9
2156942,59042,037cd5c4-f94f-4436-9681-732a5b9612e3,2015-03-24 15:09:37,informant-PC, Microsoft-Windows-GroupPolicy ,Other,0,0,0,0,0,1,0,None,888,Microsoft-Windows-GroupPolicy/Operational,4006,0,0,0,0,0,0,0,0,0,0,0x4000000000000000,0,0,1,0,0,0,0,2015-03-24 15:09:37,1427209777.0,15,9
2156943,59042,d4ecb1ae-55de-44c7-832e-5b91a6364c2f,2015-03-24 15:09:37,informant-PC, Microsoft-Windows-GroupPolicy ,Other,0,0,0,0,0,1,0,None,888,Microsoft-Windows-GroupPolicy/Operational,5320,0,0,0,0,0,0,0,0,0,0,0x4000000000000000,0,0,1,0,0,0,0,2015-03-24 15:09:37,1427209777.0,15,9
2156944,59042,57c33ea2-0853-417f-bbe7-3257a744cd14,2015-03-24 15:09:37,informant-PC, Microsoft-Windows-GroupPolicy ,Other,0,0,0,0,0,1,0,None,888,Microsoft-Windows-GroupPolicy/Operational,5313,0,0,0,0,0,0,0,0,0,0,0x4000000000000000,0,0,1,0,0,0,0,2015-03-24 15:09:37,1427209777.0,15,9
2156945,59042,3f26fffc-4161-4f7b-9c8e-fd341da5c278,2015-03-24 15:09:37,informant-PC, Microsoft-Windows-GroupPolicy ,Other,0,0,0,0,0,1,0,None,888,Microsoft-Windows-GroupPolicy/Operational,5311,0,0,0,0,0,0,0,0,0,0,0x4000000000000000,0,0,1,0,0,0,0,2015-03-24 15:09:37,1427209777.0,15,9
2156946,59042,962407e1-8def-470a-953b-1795722a82b9,2015-03-24 15:09:37,informant-PC, Microsoft-Windows-GroupPolicy ,Other,0,0,0,0,0,1,0,None,888,Microsoft-Windows-GroupPolicy/Operational,5311,0,0,0,0,0,0,0,0,0,0,0x4000000000000000,0,0,1,0,0,0,0,2015-03-24 15:09:37,1427209777.0,15,9
2156947,59042,78237480-307c-4fa8-9cbc-fde37d02d251,2015-03-24 15:09:37,informant-PC, Microsoft-Windows-GroupPolicy ,Other,0,0,0,0,0,1,0,None,888,Microsoft-Windows-GroupPolicy/Operational,5320,0,0,0,0,0,0,0,0,0,0,0x4000000000000000,0,0,1,0,0,0,0,2015-03-24 15:09:37,1427209777.0,15,9
2156948,59042,69461b77-613a-4a85-89e2-277f7716e5b2,2015-03-24 15:09:37,informant-PC, Microsoft-Windows-GroupPolicy ,Other,0,0,0,0,0,1,0,None,888,Microsoft-Windows-GroupPolicy/Operational,8006,0,0,0,0,0,0,0,0,0,0,0x4000000000000000,0,0,1,0,0,0,0,2015-03-24 15:09:37,1427209777.0,15,9
2156949,59042,58bbfac9-6da0-4bdf-8df0-8026cbdcd5ee,2015-03-24 15:09:37,informant-PC, Microsoft-Windows-GroupPolicy ,Other,0,0,0,0,0,1,0,None,888,Microsoft-Windows-GroupPolicy/Operational,8006,0,0,0,0,0,0,0,0,0,0,0x4000000000000000,0,0,1,0,0,0,0,2015-03-24 15:09:37,1427209777.0,15,9
2156950,59042,72b8d898-2eb1-467f-84a3-e9515ad6d8cc,2015-03-24 15:09:37,informant-PC, Microsoft-Windows-GroupPolicy ,Other,0,0,0,0,0,1,0,None,888,Microsoft-Windows-GroupPolicy/Operational,5315,0,0,0,0,0,0,0,0,0,0,0x4000000000000000,0,0,1,0,0,0,0,2015-03-24 15:09:37,1427209777.0,15,9
2156951,59042,da268157-eff2-42fd-b989-1147d65b6eaf,2015-03-24 15:09:37,informant-PC, Microsoft-Windows-GroupPolicy ,Other,0,0,0,0,0,1,0,None,888,Microsoft-Windows-GroupPolicy/Operational,5315,0,0,0,0,0,0,0,0,0,0,0x4000000000000000,0,0,1,0,0,0,0,2015-03-24 15:09:37,1427209777.0,15,9
2156980,22038,09798f92-31ed-4794-bfb7-025bb44caacd,2015-03-24 15:11:25,informant-PC, Microsoft-Windows-WindowsSystemAssessmentTool ,Other,0,0,0,0,0,1,0,None,1556,Microsoft-Windows-WindowsSystemAssessmentTool/Operational,1,0,0,0,0,0,0,0,0,0,1,0x8000000000000000,0,0,0,1,0,0,0,2015-03-24 15:11:25,1427209885.0,15,11
2156981,22038,8cf13d76-fc1b-4e01-8f8f-43a99216f8d6,2015-03-24 15:11:25,informant-PC, Microsoft-Windows-WindowsSystemAssessmentTool ,Other,0,0,0,0,0,1,0,None,1556,Microsoft-Windows-WindowsSystemAssessmentTool/Operational,9,0,0,0,0,0,0,0,0,0,1,0x8000000000000000,0,0,0,1,0,0,0,2015-03-24 15:11:25,1427209885.0,15,11
2156982,22038,e4c59e60-83bb-466b-9bbc-d9b4d5f8b090,2015-03-24 15:11:25,informant-PC, Microsoft-Windows-WindowsSystemAssessmentTool ,Other,0,0,0,0,0,1,0,None,1556,Microsoft-Windows-WindowsSystemAssessmentTool/Operational,9,0,0,0,0,0,0,0,0,0,1,0x8000000000000000,0,0,0,1,0,0,0,2015-03-24 15:11:25,1427209885.0,15,11
2156983,22038,0ea4e5ec-c34a-4c01-9ced-ff3f3667f313,2015-03-24 15:11:25,informant-PC, Microsoft-Windows-WindowsSystemAssessmentTool ,Other,0,0,0,0,0,1,0,None,1556,Microsoft-Windows-WindowsSystemAssessmentTool/Operational,1,0,0,0,0,0,0,0,0,0,1,0x8000000000000000,0,0,0,1,0,0,0,2015-03-24 15:11:25,1427209885.0,15,11
2156984,22038,d340e9de-73ff-43ff-9ede-6de21af189ae,2015-03-24 15:11:25,informant-PC, Microsoft-Windows-WindowsSystemAssessmentTool ,Other,0,0,0,0,0,1,0,None,1556,Microsoft-Windows-WindowsSystemAssessmentTool/Operational,2,0,0,0,0,0,0,0,0,0,1,0x8000000000000000,0,0,0,1,0,0,0,2015-03-24 15:11:25,1427209885.0,15,11
2156985,22038,2ba45b0d-2733-4f9e-af77-51b93a740bf6,2015-03-24 15:11:25,informant-PC, Microsoft-Windows-WindowsSystemAssessmentTool ,Other,0,0,0,0,0,1,0,None,1556,Microsoft-Windows-WindowsSystemAssessmentTool/Operational,2,0,0,0,0,0,0,0,0,0,1,0x8000000000000000,0,0,0,1,0,0,0,2015-03-24 15:11:25,1427209885.0,15,11
2157030,22038,d06e0484-2fe2-463a-814c-863451d77cc1,2015-03-24 15:11:26,informant-PC, Microsoft-Windows-WindowsSystemAssessmentTool ,Other,0,0,0,0,0,1,0,None,1556,Microsoft-Windows-WindowsSystemAssessmentTool/Operational,9,0,0,0,0,0,0,0,0,0,1,0x8000000000000000,0,0,0,1,0,0,0,2015-03-24 15:11:26,1427209886.0,15,11
2157031,22038,425ee893-01d4-4fd7-9efc-06c52ee4f1ce,2015-03-24 15:11:26,informant-PC, Microsoft-Windows-WindowsSystemAssessmentTool ,Other,0,0,0,0,0,1,0,None,1556,Microsoft-Windows-WindowsSystemAssessmentTool/Operational,9,0,0,0,0,0,0,0,0,0,1,0x8000000000000000,0,0,0,1,0,0,0,2015-03-24 15:11:26,1427209886.0,15,11
2157032,59017,7cc026f7-5a3f-439a-b2aa-38f53009b25e,2015-03-24 15:11:26,informant-PC, Service Control Manager ,System,0,0,1,0,0,0,0,None,488,System,7036,0,0,0,0,0,0,0,0,0,0,0x8080000000000000,0,0,0,1,0,0,0,2015-03-24 15:11:26,1427209886.0,15,11
2157033,59017,f6e73bff-d04b-4405-9365-bcd1b24f831a,2015-03-24 15:11:26,informant-PC, Service Control Manager ,System,0,0,1,0,0,0,0,None,488,System,7036,0,0,0,0,0,0,0,0,0,0,0x8080000000000000,0,0,0,1,0,0,0,2015-03-24 15:11:26,1427209886.0,15,11
2157048,22038,f7d1efcd-3997-4fe6-a40d-14850f1e2c5e,2015-03-24 15:11:26,informant-PC, Microsoft-Windows-WindowsSystemAssessmentTool ,Other,0,0,0,0,0,1,0,None,1556,Microsoft-Windows-WindowsSystemAssessmentTool/Operational,10,0,0,0,0,0,0,0,0,0,1,0x8000000000000000,0,0,0,1,0,0,0,2015-03-24 15:11:26,1427209886.0,15,11
2157049,22038,a86fffe7-3028-4aab-a5db-d2aadba6ebd1,2015-03-24 15:11:26,informant-PC, Microsoft-Windows-WindowsSystemAssessmentTool ,Other,0,0,0,0,0,1,0,None,1556,Microsoft-Windows-WindowsSystemAssessmentTool/Operational,10,0,0,0,0,0,0,0,0,0,1,0x8000000000000000,0,0,0,1,0,0,0,2015-03-24 15:11:26,1427209886.0,15,11
2157050,22038,a850036c-6db8-4f55-9cd8-48f1e280b352,2015-03-24 15:11:26,informant-PC, Microsoft-Windows-WindowsSystemAssessmentTool ,Other,0,0,0,0,0,1,0,None,1556,Microsoft-Windows-WindowsSystemAssessmentTool/Operational,9,0,0,0,0,0,0,0,0,0,1,0x8000000000000000,0,0,0,1,0,0,0,2015-03-24 15:11:26,1427209886.0,15,11
2157051,22038,0e3aadab-f005-49e5-9036-8c22e509276f,2015-03-24 15:11:26,informant-PC, Microsoft-Windows-WindowsSystemAssessmentTool ,Other,0,0,0,0,0,1,0,None,1556,Microsoft-Windows-WindowsSystemAssessmentTool/Operational,9,0,0,0,0,0,0,0,0,0,1,0x8000000000000000,0,0,0,1,0,0,0,2015-03-24 15:11:26,1427209886.0,15,11
2157052,22038,5839f29d-3b4c-4639-bb7d-e579a7e12097,2015-03-24 15:11:26,informant-PC, Microsoft-Windows-WindowsSystemAssessmentTool ,Other,0,0,0,0,0,1,0,None,1556,Microsoft-Windows-WindowsSystemAssessmentTool/Operational,9,0,0,0,0,0,0,0,0,0,1,0x8000000000000000,0,0,0,1,0,0,0,2015-03-24 15:11:26,1427209886.0,15,11
2157053,22038,0cf47a0f-1258-4dac-82d0-9b11c1afb74d,2015-03-24 15:11:26,informant-PC, Microsoft-Windows-WindowsSystemAssessmentTool ,Other,0,0,0,0,0,1,0,None,1556,Microsoft-Windows-WindowsSystemAssessmentTool/Operational,9,0,0,0,0,0,0,0,0,0,1,0x8000000000000000,0,0,0,1,0,0,0,2015-03-24 15:11:26,1427209886.0,15,11
2157054,22038,d664e16f-0d4f-49f3-a57f-1b7ebdfb42b9,2015-03-24 15:11:27,informant-PC, Microsoft-Windows-WindowsSystemAssessmentTool ,Other,0,0,0,0,0,1,0,None,1556,Microsoft-Windows-WindowsSystemAssessmentTool/Operational,10,0,0,0,0,0,0,0,0,0,1,0x8000000000000000,0,0,0,1,0,0,0,2015-03-24 15:11:27,1427209887.0,15,11
2157055,22038,eba7c0eb-acbc-4e74-9620-fbea9744209a,2015-03-24 15:11:27,informant-PC, Microsoft-Windows-WindowsSystemAssessmentTool ,Other,0,0,0,0,0,1,0,None,1556,Microsoft-Windows-WindowsSystemAssessmentTool/Operational,10,0,0,0,0,0,0,0,0,0,1,0x8000000000000000,0,0,0,1,0,0,0,2015-03-24 15:11:27,1427209887.0,15,11
2157056,22038,064571aa-c0e6-48ef-a33c-1c5a1fd9bd90,2015-03-24 15:11:27,informant-PC, Microsoft-Windows-WindowsSystemAssessmentTool ,Other,0,0,0,0,0,1,0,None,1556,Microsoft-Windows-WindowsSystemAssessmentTool/Operational,10,0,0,0,0,0,0,0,0,0,1,0x8000000000000000,0,0,0,1,0,0,0,2015-03-24 15:11:27,1427209887.0,15,11
2157057,22038,b67c64fe-960f-4ba0-969f-09636b5616b5,2015-03-24 15:11:27,informant-PC, Microsoft-Windows-WindowsSystemAssessmentTool ,Other,0,0,0,0,0,1,0,None,1556,Microsoft-Windows-WindowsSystemAssessmentTool/Operational,10,0,0,0,0,0,0,0,0,0,1,0x8000000000000000,0,0,0,1,0,0,0,2015-03-24 15:11:27,1427209887.0,15,11
2157058,22038,319bbc7d-0d8c-40a3-9e8c-31e3b76848fd,2015-03-24 15:11:27,informant-PC, Microsoft-Windows-WindowsSystemAssessmentTool ,Other,0,0,0,0,0,1,0,None,1556,Microsoft-Windows-WindowsSystemAssessmentTool/Operational,9,0,0,0,0,0,0,0,0,0,1,0x8000000000000000,0,0,0,1,0,0,0,2015-03-24 15:11:27,1427209887.0,15,11
2157059,22038,3780b335-f9f0-43fd-b386-b695b898446a,2015-03-24 15:11:27,informant-PC, Microsoft-Windows-WindowsSystemAssessmentTool ,Other,0,0,0,0,0,1,0,None,1556,Microsoft-Windows-WindowsSystemAssessmentTool/Operational,9,0,0,0,0,0,0,0,0,0,1,0x8000000000000000,0,0,0,1,0,0,0,2015-03-24 15:11:27,1427209887.0,15,11
2157060,22038,59aa331f-898a-4b31-a1c1-f33403a47e4e,2015-03-24 15:11:27,informant-PC, Microsoft-Windows-WindowsSystemAssessmentTool ,Other,0,0,0,0,0,1,0,None,1556,Microsoft-Windows-WindowsSystemAssessmentTool/Operational,9,0,0,0,0,0,0,0,0,0,1,0x8000000000000000,0,0,0,1,0,0,0,2015-03-24 15:11:27,1427209887.0,15,11
2157061,22038,b6e83f42-3ec2-487b-af21-c1f7b71f3af5,2015-03-24 15:11:27,informant-PC, Microsoft-Windows-WindowsSystemAssessmentTool ,Other,0,0,0,0,0,1,0,None,1556,Microsoft-Windows-WindowsSystemAssessmentTool/Operational,9,0,0,0,0,0,0,0,0,0,1,0x8000000000000000,0,0,0,1,0,0,0,2015-03-24 15:11:27,1427209887.0,15,11
2157062,22038,4fdb140d-66fd-485d-ac26-00003d722866,2015-03-24 15:11:27,informant-PC, Microsoft-Windows-WindowsSystemAssessmentTool ,Other,0,0,0,0,0,1,0,None,1556,Microsoft-Windows-WindowsSystemAssessmentTool/Operational,10,0,0,0,0,0,0,0,0,0,1,0x8000000000000000,0,0,0,1,0,0,0,2015-03-24 15:11:27,1427209887.0,15,11
2157063,22038,683268f3-778a-4aa5-b389-4db6e945ca68,2015-03-24 15:11:27,informant-PC, Microsoft-Windows-WindowsSystemAssessmentTool ,Other,0,0,0,0,0,1,0,None,1556,Microsoft-Windows-WindowsSystemAssessmentTool/Operational,10,0,0,0,0,0,0,0,0,0,1,0x8000000000000000,0,0,0,1,0,0,0,2015-03-24 15:11:27,1427209887.0,15,11
2157064,22038,e1ad3ad1-41da-4885-9dc9-b61f1b08dd00,2015-03-24 15:11:27,informant-PC, Microsoft-Windows-WindowsSystemAssessmentTool ,Other,0,0,0,0,0,1,0,None,1556,Microsoft-Windows-WindowsSystemAssessmentTool/Operational,9,0,0,0,0,0,0,0,0,0,1,0x8000000000000000,0,0,0,1,0,0,0,2015-03-24 15:11:27,1427209887.0,15,11
2157065,22038,5061daee-4c15-4b83-b370-009c9c0e134f,2015-03-24 15:11:27,informant-PC, Microsoft-Windows-WindowsSystemAssessmentTool ,Other,0,0,0,0,0,1,0,None,1556,Microsoft-Windows-WindowsSystemAssessmentTool/Operational,9,0,0,0,0,0,0,0,0,0,1,0x8000000000000000,0,0,0,1,0,0,0,2015-03-24 15:11:27,1427209887.0,15,11
2157066,22038,02e9887e-7470-4991-8f83-d16589d3bc15,2015-03-24 15:11:27,informant-PC, Microsoft-Windows-WindowsSystemAssessmentTool ,Other,0,0,0,0,0,1,0,None,1556,Microsoft-Windows-WindowsSystemAssessmentTool/Operational,10,0,0,0,0,0,0,0,0,0,1,0x8000000000000000,0,0,0,1,0,0,0,2015-03-24 15:11:27,1427209887.0,15,11
2157067,22038,e9934e47-38e3-4009-bc39-38a1f9084265,2015-03-24 15:11:27,informant-PC, Microsoft-Windows-WindowsSystemAssessmentTool ,Other,0,0,0,0,0,1,0,None,1556,Microsoft-Windows-WindowsSystemAssessmentTool/Operational,9,0,0,0,0,0,0,0,0,0,1,0x8000000000000000,0,0,0,1,0,0,0,2015-03-24 15:11:27,1427209887.0,15,11
2157068,22038,f03264dc-ae20-42d2-9cb5-0854c0939fe9,2015-03-24 15:11:27,informant-PC, Microsoft-Windows-WindowsSystemAssessmentTool ,Other,0,0,0,0,0,1,0,None,1556,Microsoft-Windows-WindowsSystemAssessmentTool/Operational,9,0,0,0,0,0,0,0,0,0,1,0x8000000000000000,0,0,0,1,0,0,0,2015-03-24 15:11:27,1427209887.0,15,11
2157069,22038,f2324d35-54d6-42e4-93fb-f82b2a16ac23,2015-03-24 15:11:27,informant-PC, Microsoft-Windows-WindowsSystemAssessmentTool ,Other,0,0,0,0,0,1,0,None,1556,Microsoft-Windows-WindowsSystemAssessmentTool/Operational,9,0,0,0,0,0,0,0,0,0,1,0x8000000000000000,0,0,0,1,0,0,0,2015-03-24 15:11:27,1427209887.0,15,11
2157070,22038,99abdf24-2a49-47d7-8c38-4df39c4b6c6c,2015-03-24 15:11:27,informant-PC, Microsoft-Windows-WindowsSystemAssessmentTool ,Other,0,0,0,0,0,1,0,None,1556,Microsoft-Windows-WindowsSystemAssessmentTool/Operational,10,0,0,0,0,0,0,0,0,0,1,0x8000000000000000,0,0,0,1,0,0,0,2015-03-24 15:11:27,1427209887.0,15,11
2157071,22038,33e32400-7059-4712-8b4b-a383f8d60eb2,2015-03-24 15:11:27,informant-PC, Microsoft-Windows-WindowsSystemAssessmentTool ,Other,0,0,0,0,0,1,0,None,1556,Microsoft-Windows-WindowsSystemAssessmentTool/Operational,9,0,0,0,0,0,0,0,0,0,1,0x8000000000000000,0,0,0,1,0,0,0,2015-03-24 15:11:27,1427209887.0,15,11
2157072,22038,471b3b17-4dc2-4a37-a49b-149ed779eb27,2015-03-24 15:11:27,informant-PC, Microsoft-Windows-WindowsSystemAssessmentTool ,Other,0,0,0,0,0,1,0,None,1556,Microsoft-Windows-WindowsSystemAssessmentTool/Operational,10,0,0,0,0,0,0,0,0,0,1,0x8000000000000000,0,0,0,1,0,0,0,2015-03-24 15:11:27,1427209887.0,15,11
2157073,22038,27adfbd5-2d50-4374-9fa6-f22d3e5b6026,2015-03-24 15:11:27,informant-PC, Microsoft-Windows-WindowsSystemAssessmentTool ,Other,0,0,0,0,0,1,0,None,1556,Microsoft-Windows-WindowsSystemAssessmentTool/Operational,9,0,0,0,0,0,0,0,0,0,1,0x8000000000000000,0,0,0,1,0,0,0,2015-03-24 15:11:27,1427209887.0,15,11
2157074,22038,8dcc93c0-6c56-4fae-8b9e-d38906ea5d45,2015-03-24 15:11:27,informant-PC, Microsoft-Windows-WindowsSystemAssessmentTool ,Other,0,0,0,0,0,1,0,None,1556,Microsoft-Windows-WindowsSystemAssessmentTool/Operational,10,0,0,0,0,0,0,0,0,0,1,0x8000000000000000,0,0,0,1,0,0,0,2015-03-24 15:11:27,1427209887.0,15,11
2157075,22038,adf08bda-e634-466e-8c2c-4f0f4543e353,2015-03-24 15:11:27,informant-PC, Microsoft-Windows-WindowsSystemAssessmentTool ,Other,0,0,0,0,0,1,0,None,1556,Microsoft-Windows-WindowsSystemAssessmentTool/Operational,10,0,0,0,0,0,0,0,0,0,1,0x8000000000000000,0,0,0,1,0,0,0,2015-03-24 15:11:27,1427209887.0,15,11
2157077,22038,9c05f294-f82d-4d02-93f1-8783d3be2dc8,2015-03-24 15:11:27,informant-PC, Microsoft-Windows-WindowsSystemAssessmentTool ,Other,0,0,0,0,0,1,0,None,1556,Microsoft-Windows-WindowsSystemAssessmentTool/Operational,10,0,0,0,0,0,0,0,0,0,1,0x8000000000000000,0,0,0,1,0,0,0,2015-03-24 15:11:27,1427209887.0,15,11
2157081,22038,086c3534-5f67-4367-9ce8-de14ee06bdba,2015-03-24 15:11:27,informant-PC, Microsoft-Windows-WindowsSystemAssessmentTool ,Other,0,0,0,0,0,1,0,None,1556,Microsoft-Windows-WindowsSystemAssessmentTool/Operational,10,0,0,0,0,0,0,0,0,0,1,0x8000000000000000,0,0,0,1,0,0,0,2015-03-24 15:11:27,1427209887.0,15,11
2157082,22038,0e36fcdb-662f-4f1f-9692-9c3a0d63dec4,2015-03-24 15:11:27,informant-PC, Microsoft-Windows-WindowsSystemAssessmentTool ,Other,0,0,0,0,0,1,0,None,1556,Microsoft-Windows-WindowsSystemAssessmentTool/Operational,10,0,0,0,0,0,0,0,0,0,1,0x8000000000000000,0,0,0,1,0,0,0,2015-03-24 15:11:27,1427209887.0,15,11
2157083,22038,06d8f703-4c5c-4f25-9bc2-775a23c364d4,2015-03-24 15:11:27,informant-PC, Microsoft-Windows-WindowsSystemAssessmentTool ,Other,0,0,0,0,0,1,0,None,1556,Microsoft-Windows-WindowsSystemAssessmentTool/Operational,10,0,0,0,0,0,0,0,0,0,1,0x8000000000000000,0,0,0,1,0,0,0,2015-03-24 15:11:27,1427209887.0,15,11
2157086,22038,1010f327-08df-404e-81df-9b2eecdae0e8,2015-03-24 15:11:27,informant-PC, Microsoft-Windows-WindowsSystemAssessmentTool ,Other,0,0,0,0,0,1,0,None,1556,Microsoft-Windows-WindowsSystemAssessmentTool/Operational,10,0,0,0,0,0,0,0,0,0,1,0x8000000000000000,0,0,0,1,0,0,0,2015-03-24 15:11:27,1427209887.0,15,11
2157087,22038,4a13c12d-0929-42f8-b5fe-2194de7fb12c,2015-03-24 15:11:27,informant-PC, Microsoft-Windows-WindowsSystemAssessmentTool ,Other,0,0,0,0,0,1,0,None,1556,Microsoft-Windows-WindowsSystemAssessmentTool/Operational,9,0,0,0,0,0,0,0,0,0,1,0x8000000000000000,0,0,0,1,0,0,0,2015-03-24 15:11:27,1427209887.0,15,11
2157095,22038,d5e73d8e-dda1-437c-b6dd-4294ca6029ae,2015-03-24 15:11:27,informant-PC, Microsoft-Windows-WindowsSystemAssessmentTool ,Other,0,0,0,0,0,1,0,None,1556,Microsoft-Windows-WindowsSystemAssessmentTool/Operational,9,0,0,0,0,0,0,0,0,0,1,0x8000000000000000,0,0,0,1,0,0,0,2015-03-24 15:11:27,1427209887.0,15,11
2157102,22038,bd353118-8ae9-45c3-bc2a-f2747c4479ec,2015-03-24 15:11:27,informant-PC, Microsoft-Windows-WindowsSystemAssessmentTool ,Other,0,0,0,0,0,1,0,None,1556,Microsoft-Windows-WindowsSystemAssessmentTool/Operational,9,0,0,0,0,0,0,0,0,0,1,0x8000000000000000,0,0,0,1,0,0,0,2015-03-24 15:11:27,1427209887.0,15,11
2157110,22038,41b5fff8-d38f-4b0d-a510-76ed6b5fb717,2015-03-24 15:11:27,informant-PC, Microsoft-Windows-WindowsSystemAssessmentTool ,Other,0,0,0,0,0,1,0,None,1556,Microsoft-Windows-WindowsSystemAssessmentTool/Operational,9,0,0,0,0,0,0,0,0,0,1,0x8000000000000000,0,0,0,1,0,0,0,2015-03-24 15:11:27,1427209887.0,15,11
2157129,22038,37f0f610-12c0-4103-9745-f2e47b2bb1d2,2015-03-24 15:11:27,informant-PC, Microsoft-Windows-WindowsSystemAssessmentTool ,Other,0,0,0,0,0,1,0,None,1556,Microsoft-Windows-WindowsSystemAssessmentTool/Operational,10,0,0,0,0,0,0,0,0,0,1,0x8000000000000000,0,0,0,1,0,0,0,2015-03-24 15:11:27,1427209887.0,15,11
2157130,22038,f2eaf2aa-6f9d-433b-8975-dd81ba235c45,2015-03-24 15:11:27,informant-PC, Microsoft-Windows-WindowsSystemAssessmentTool ,Other,0,0,0,0,0,1,0,None,1556,Microsoft-Windows-WindowsSystemAssessmentTool/Operational,10,0,0,0,0,0,0,0,0,0,1,0x8000000000000000,0,0,0,1,0,0,0,2015-03-24 15:11:27,1427209887.0,15,11
2157132,22038,a31ee69c-d011-45b5-83c0-ccc95dab7f4c,2015-03-24 15:11:27,informant-PC, Microsoft-Windows-WindowsSystemAssessmentTool ,Other,0,0,0,0,0,1,0,None,1556,Microsoft-Windows-WindowsSystemAssessmentTool/Operational,10,0,0,0,0,0,0,0,0,0,1,0x8000000000000000,0,0,0,1,0,0,0,2015-03-24 15:11:27,1427209887.0,15,11
2157139,22038,5e2680ae-cb35-4aa8-8ad1-75dc7489e8ce,2015-03-24 15:11:27,informant-PC, Microsoft-Windows-WindowsSystemAssessmentTool ,Other,0,0,0,0,0,1,0,None,1556,Microsoft-Windows-WindowsSystemAssessmentTool/Operational,10,0,0,0,0,0,0,0,0,0,1,0x8000000000000000,0,0,0,1,0,0,0,2015-03-24 15:11:27,1427209887.0,15,11
2157144,22038,04c73a60-64aa-431c-bd42-51f6d1e396e4,2015-03-24 15:11:27,informant-PC, Microsoft-Windows-WindowsSystemAssessmentTool ,Other,0,0,0,0,0,1,0,None,1556,Microsoft-Windows-WindowsSystemAssessmentTool/Operational,9,0,0,0,0,0,0,0,0,0,1,0x8000000000000000,0,0,0,1,0,0,0,2015-03-24 15:11:27,1427209887.0,15,11
2157162,22038,1812b84d-9982-41d6-8fdf-24db5a6f8809,2015-03-24 15:11:32,informant-PC, Microsoft-Windows-WindowsSystemAssessmentTool ,Other,0,0,0,0,0,1,0,None,1556,Microsoft-Windows-WindowsSystemAssessmentTool/Operational,9,0,0,0,0,0,0,0,0,0,1,0x8000000000000000,0,0,0,1,0,0,0,2015-03-24 15:11:32,1427209892.0,15,11
2157164,22038,0099f7a4-da5f-4413-af77-369e3f7b2c5b,2015-03-24 15:11:32,informant-PC, Microsoft-Windows-WindowsSystemAssessmentTool ,Other,0,0,0,0,0,1,0,None,1556,Microsoft-Windows-WindowsSystemAssessmentTool/Operational,9,0,0,0,0,0,0,0,0,0,1,0x8000000000000000,0,0,0,1,0,0,0,2015-03-24 15:11:32,1427209892.0,15,11
2157168,22038,1def179d-0dea-4cd8-b5eb-72c88ea48eb1,2015-03-24 15:11:32,informant-PC, Microsoft-Windows-WindowsSystemAssessmentTool ,Other,0,0,0,0,0,1,0,None,1556,Microsoft-Windows-WindowsSystemAssessmentTool/Operational,10,0,0,0,0,0,0,0,0,0,1,0x8000000000000000,0,0,0,1,0,0,0,2015-03-24 15:11:32,1427209892.0,15,11
2157169,22038,41f03309-1377-41ef-a5a5-1d0d22859c71,2015-03-24 15:11:32,informant-PC, Microsoft-Windows-WindowsSystemAssessmentTool ,Other,0,0,0,0,0,1,0,None,1556,Microsoft-Windows-WindowsSystemAssessmentTool/Operational,10,0,0,0,0,0,0,0,0,0,1,0x8000000000000000,0,0,0,1,0,0,0,2015-03-24 15:11:32,1427209892.0,15,11
2157180,22038,e4f1e553-2bf1-4fd6-b3c5-f4d7f075c30a,2015-03-24 15:11:33,informant-PC, Microsoft-Windows-WindowsSystemAssessmentTool ,Other,0,0,0,0,0,1,0,None,1556,Microsoft-Windows-WindowsSystemAssessmentTool/Operational,9,0,0,0,0,0,0,0,0,0,1,0x8000000000000000,0,0,0,1,0,0,0,2015-03-24 15:11:33,1427209893.0,15,11
2157181,22038,341d6ed6-7f6d-44e8-ad13-cedc04bf989c,2015-03-24 15:11:33,informant-PC, Microsoft-Windows-WindowsSystemAssessmentTool ,Other,0,0,0,0,0,1,0,None,1556,Microsoft-Windows-WindowsSystemAssessmentTool/Operational,10,0,0,0,0,0,0,0,0,0,1,0x8000000000000000,0,0,0,1,0,0,0,2015-03-24 15:11:33,1427209893.0,15,11
2157184,22038,a7a5defb-bda9-44be-9520-899ec26ab033,2015-03-24 15:11:33,informant-PC, Microsoft-Windows-WindowsSystemAssessmentTool ,Other,0,0,0,0,0,1,0,None,1556,Microsoft-Windows-WindowsSystemAssessmentTool/Operational,9,0,0,0,0,0,0,0,0,0,1,0x8000000000000000,0,0,0,1,0,0,0,2015-03-24 15:11:33,1427209893.0,15,11
2157185,22038,310ff72c-fa92-4c80-ace2-06eb92b4a95c,2015-03-24 15:11:33,informant-PC, Microsoft-Windows-WindowsSystemAssessmentTool ,Other,0,0,0,0,0,1,0,None,1556,Microsoft-Windows-WindowsSystemAssessmentTool/Operational,10,0,0,0,0,0,0,0,0,0,1,0x8000000000000000,0,0,0,1,0,0,0,2015-03-24 15:11:33,1427209893.0,15,11
2157200,22038,fa85bd3f-6f5e-4f5e-89e2-dd77eb36e7e1,2015-03-24 15:11:35,informant-PC, Microsoft-Windows-WindowsSystemAssessmentTool ,Other,0,0,0,0,0,1,0,None,1556,Microsoft-Windows-WindowsSystemAssessmentTool/Operational,10,0,0,0,0,0,0,0,0,0,1,0x8000000000000000,0,0,0,1,0,0,0,2015-03-24 15:11:35,1427209895.0,15,11
2157203,22038,544e5326-a750-43e9-8a83-007f01a4a172,2015-03-24 15:11:35,informant-PC, Microsoft-Windows-WindowsSystemAssessmentTool ,Other,0,0,0,0,0,1,0,None,1556,Microsoft-Windows-WindowsSystemAssessmentTool/Operational,10,0,0,0,0,0,0,0,0,0,1,0x8000000000000000,0,0,0,1,0,0,0,2015-03-24 15:11:35,1427209895.0,15,11
2157204,22038,24b8fc19-83d1-4194-b626-1ce06def4429,2015-03-24 15:11:35,informant-PC, Microsoft-Windows-WindowsSystemAssessmentTool ,Other,0,0,0,0,0,1,0,None,1556,Microsoft-Windows-WindowsSystemAssessmentTool/Operational,9,0,0,0,0,0,0,0,0,0,1,0x8000000000000000,0,0,0,1,0,0,0,2015-03-24 15:11:35,1427209895.0,15,11
2157205,22038,c7bfc8ab-04f5-4ad9-b7e8-30f0f9199330,2015-03-24 15:11:35,informant-PC, Microsoft-Windows-WindowsSystemAssessmentTool ,Other,0,0,0,0,0,1,0,None,1556,Microsoft-Windows-WindowsSystemAssessmentTool/Operational,9,0,0,0,0,0,0,0,0,0,1,0x8000000000000000,0,0,0,1,0,0,0,2015-03-24 15:11:35,1427209895.0,15,11
2157218,59051,f177d565-b1ef-4cf1-a71e-d61f1acdac83,2015-03-24 15:11:36,informant-PC, Microsoft-Windows-ReadyBoost ,Other,0,0,0,0,0,1,0,None,820,Microsoft-Windows-ReadyBoost/Operational,1018,0,0,0,0,0,0,0,0,0,1016,0x8000000000002000,0,0,0,1,0,0,0,2015-03-24 15:11:36,1427209896.0,15,11
2157220,59051,30e99407-f386-4b71-9f77-576dff148324,2015-03-24 15:11:36,informant-PC, Microsoft-Windows-ReadyBoost ,Other,0,0,0,0,0,1,0,None,820,Microsoft-Windows-ReadyBoost/Operational,1018,0,0,0,0,0,0,0,0,0,1016,0x8000000000002000,0,0,0,1,0,0,0,2015-03-24 15:11:36,1427209896.0,15,11
2157234,22038,a911b3da-7ca8-47b4-b842-add8890e6b1f,2015-03-24 15:11:36,informant-PC, Microsoft-Windows-WindowsSystemAssessmentTool ,Other,0,0,0,0,0,1,0,None,1556,Microsoft-Windows-WindowsSystemAssessmentTool/Operational,9,0,0,0,0,0,0,0,0,0,1,0x8000000000000000,0,0,0,1,0,0,0,2015-03-24 15:11:36,1427209896.0,15,11
2157235,22038,38292bac-8b58-49c7-926c-cbc95ef17629,2015-03-24 15:11:36,informant-PC, Microsoft-Windows-WindowsSystemAssessmentTool ,Other,0,0,0,0,0,1,0,None,1556,Microsoft-Windows-WindowsSystemAssessmentTool/Operational,10,0,0,0,0,0,0,0,0,0,1,0x8000000000000000,0,0,0,1,0,0,0,2015-03-24 15:11:36,1427209896.0,15,11
2157236,22038,3eeac562-c963-48d5-aa99-f56b33326069,2015-03-24 15:11:36,informant-PC, Microsoft-Windows-WindowsSystemAssessmentTool ,Other,0,0,0,0,0,1,0,None,1556,Microsoft-Windows-WindowsSystemAssessmentTool/Operational,9,0,0,0,0,0,0,0,0,0,1,0x8000000000000000,0,0,0,1,0,0,0,2015-03-24 15:11:36,1427209896.0,15,11
2157237,22038,8a10d899-7909-41f3-80a1-8feb6316db6c,2015-03-24 15:11:36,informant-PC, Microsoft-Windows-WindowsSystemAssessmentTool ,Other,0,0,0,0,0,1,0,None,1556,Microsoft-Windows-WindowsSystemAssessmentTool/Operational,9,0,0,0,0,0,0,0,0,0,1,0x8000000000000000,0,0,0,1,0,0,0,2015-03-24 15:11:36,1427209896.0,15,11
2157238,22038,78d8fe2a-e5c7-4a38-aca1-32be2d7ec302,2015-03-24 15:11:36,informant-PC, Microsoft-Windows-WindowsSystemAssessmentTool ,Other,0,0,0,0,0,1,0,None,1556,Microsoft-Windows-WindowsSystemAssessmentTool/Operational,9,0,0,0,0,0,0,0,0,0,1,0x8000000000000000,0,0,0,1,0,0,0,2015-03-24 15:11:36,1427209896.0,15,11
2157239,22038,ab20b70d-7910-4982-858b-5b61f0df4ba9,2015-03-24 15:11:36,informant-PC, Microsoft-Windows-WindowsSystemAssessmentTool ,Other,0,0,0,0,0,1,0,None,1556,Microsoft-Windows-WindowsSystemAssessmentTool/Operational,10,0,0,0,0,0,0,0,0,0,1,0x8000000000000000,0,0,0,1,0,0,0,2015-03-24 15:11:36,1427209896.0,15,11
2157240,22038,4bc05b56-267c-48de-b725-fc99089df270,2015-03-24 15:11:36,informant-PC, Microsoft-Windows-WindowsSystemAssessmentTool ,Other,0,0,0,0,0,1,0,None,1556,Microsoft-Windows-WindowsSystemAssessmentTool/Operational,10,0,0,0,0,0,0,0,0,0,1,0x8000000000000000,0,0,0,1,0,0,0,2015-03-24 15:11:36,1427209896.0,15,11
