1799895,59051,b08fc521-8130-42d5-a284-788cc1380fb7,2015-03-23 17:25:20,informant-PC, Microsoft-Windows-ReadyBoost ,Other,0,0,0,0,0,1,0,None,804,Microsoft-Windows-ReadyBoost/Operational,1016,0,0,0,0,0,0,0,0,0,1016,0x8000000000002000,0,0,0,1,0,0,0,2015-03-23 17:25:20,1427131520.0,17,25
1799904,59017,4ad8e4b4-0323-4aba-ab78-df64a458bf87,2015-03-23 17:25:39,informant-PC, Service Control Manager ,System,0,0,1,0,0,0,0,None,484,System,7036,0,0,0,0,0,0,0,0,0,0,0x8080000000000000,0,0,0,1,0,0,0,2015-03-23 17:25:39,1427131539.0,17,25
1799905,59017,9834d918-a675-47e6-acc4-8ef0b720ebaa,2015-03-23 17:25:39,informant-PC, Service Control Manager ,System,0,0,1,0,0,0,0,None,484,System,7036,0,0,0,0,0,0,0,0,0,0,0x8080000000000000,0,0,0,1,0,0,0,2015-03-23 17:25:39,1427131539.0,17,25
1799912,59017,55a149da-8dd6-4c92-a08d-b8adb4b24aae,2015-03-23 17:25:43,informant-PC, Service Control Manager ,System,0,0,1,0,0,0,0,None,484,System,7040,0,0,0,0,0,0,0,0,0,0,0x8080000000000000,0,0,0,1,0,0,0,2015-03-23 17:25:43,1427131543.0,17,25
1799913,59017,44bd57f7-b04b-4cf6-accc-9ab1349eb77c,2015-03-23 17:25:43,informant-PC, Service Control Manager ,System,0,0,1,0,0,0,0,None,484,System,7040,0,0,0,0,0,0,0,0,0,0,0x8080000000000000,0,0,0,1,0,0,0,2015-03-23 17:25:43,1427131543.0,17,25
1799914,59017,271cb2e3-a11c-4e0a-b217-a77013404d21,2015-03-23 17:25:43,informant-PC, Service Control Manager ,System,0,0,1,0,0,0,0,None,484,System,7036,0,0,0,0,0,0,0,0,0,0,0x8080000000000000,0,0,0,1,0,0,0,2015-03-23 17:25:43,1427131543.0,17,25
1799915,59017,e8be9cad-f9ee-4f5d-81a7-2dfd3fd35acd,2015-03-23 17:25:43,informant-PC, Service Control Manager ,System,0,0,1,0,0,0,0,None,484,System,7036,0,0,0,0,0,0,0,0,0,0,0x8080000000000000,0,0,0,1,0,0,0,2015-03-23 17:25:43,1427131543.0,17,25
1799918,59017,974135eb-d494-4dca-8ba6-68026c4c4c70,2015-03-23 17:25:43,informant-PC, Microsoft-Windows-Time-Service ,System,0,0,1,0,0,0,0,None,856,System,37,0,0,0,0,0,0,0,0,0,0,0x8000000000000000,0,0,0,1,0,0,0,2015-03-23 17:25:43,1427131543.0,17,25
1799919,59017,9c50ab7e-34cc-40fe-9c53-5c1dd5eec0c9,2015-03-23 17:25:43,informant-PC, Microsoft-Windows-Time-Service ,System,0,0,1,0,0,0,0,None,856,System,37,0,0,0,0,0,0,0,0,0,0,0x8000000000000000,0,0,0,1,0,0,0,2015-03-23 17:25:43,1427131543.0,17,25
1799920,59017,027b0cfd-9906-471a-9b51-ce7cca468768,2015-03-23 17:25:43,informant-PC, Microsoft-Windows-Time-Service ,System,0,0,1,0,0,0,0,None,856,System,35,0,0,0,0,0,0,0,0,0,0,0x8000000000000000,0,0,0,1,0,0,0,2015-03-23 17:25:43,1427131543.0,17,25
1799921,59017,6aa0188a-6fa4-4bfb-bf77-927d48fda7c7,2015-03-23 17:25:43,informant-PC, Microsoft-Windows-Time-Service ,System,0,0,1,0,0,0,0,None,856,System,35,0,0,0,0,0,0,0,0,0,0,0x8000000000000000,0,0,0,1,0,0,0,2015-03-23 17:25:43,1427131543.0,17,25
1799928,59017,ce95e36e-245a-4d95-bdf7-e10e8e39b9e5,2015-03-23 17:25:47,informant-PC, Microsoft-Windows-Kernel-General ,System,0,0,1,0,0,0,0,None,856,System,1,0,0,0,0,0,0,0,0,0,0,0x8000000000000010,0,0,0,1,0,0,0,2015-03-23 17:25:47,1427131547.0,17,25
1799929,59019,3502f244-cc80-4165-bb94-a72a6764b793,2015-03-23 17:25:47,informant-PC, Microsoft-Windows-Security-Auditing ,Security,1,0,0,0,0,0,0,None,4,Security,4616,0,0,0,0,0,0,0,0,1,12288,0x8020000000000000,0,0,0,1,0,0,0,2015-03-23 17:25:47,1427131547.0,17,25
1799930,59019,6cbd8d08-a3e7-4b7e-94fa-0cc203cba4ea,2015-03-23 17:25:47,informant-PC, Microsoft-Windows-Security-Auditing ,Security,1,0,0,0,0,0,0,None,4,Security,4616,0,0,0,0,0,0,0,0,1,12288,0x8020000000000000,0,0,0,1,0,0,0,2015-03-23 17:25:47,1427131547.0,17,25
1799931,59017,bb5d91da-ab26-40dd-b097-121e5d72d73a,2015-03-23 17:25:47,informant-PC, Microsoft-Windows-Kernel-General ,System,0,0,1,0,0,0,0,None,856,System,1,0,0,0,0,0,0,0,0,0,0,0x8000000000000010,0,0,0,1,0,0,0,2015-03-23 17:25:47,1427131547.0,17,25
1799932,59017,6ea3bd8b-6928-419b-9ed8-db008af9145d,2015-03-23 17:25:47,informant-PC, Service Control Manager ,System,0,0,1,0,0,0,0,None,484,System,7040,0,0,0,0,0,0,0,0,0,0,0x8080000000000000,0,0,0,1,0,0,0,2015-03-23 17:25:47,1427131547.0,17,25
1799933,59017,46bc79b4-903f-4af1-9029-609485c325c0,2015-03-23 17:25:47,informant-PC, Service Control Manager ,System,0,0,1,0,0,0,0,None,484,System,7040,0,0,0,0,0,0,0,0,0,0,0x8080000000000000,0,0,0,1,0,0,0,2015-03-23 17:25:47,1427131547.0,17,25
1799934,59017,12c3cec0-8f8f-4f76-8c0d-75978457a802,2015-03-23 17:25:47,informant-PC, Service Control Manager ,System,0,0,1,0,0,0,0,None,484,System,7036,0,0,0,0,0,0,0,0,0,0,0x8080000000000000,0,0,0,1,0,0,0,2015-03-23 17:25:47,1427131547.0,17,25
1799935,59017,12bcfac6-1275-4600-b7bc-7c821a9a42e0,2015-03-23 17:25:47,informant-PC, Service Control Manager ,System,0,0,1,0,0,0,0,None,484,System,7036,0,0,0,0,0,0,0,0,0,0,0x8080000000000000,0,0,0,1,0,0,0,2015-03-23 17:25:47,1427131547.0,17,25
1799936,59018,2c846c32-1deb-4743-a5b1-b5566816f26b,2015-03-23 17:25:50,informant-PC, WinMgmt ,Application,0,1,0,0,0,0,0,None,0,Application,10,0,0,0,0,0,0,0,0,0,0,0x0080000000000000,0,0,0,0,0,0,0,2015-03-23 17:25:50,1427131550.0,17,25
1799937,59018,105082e5-1710-4f35-bfdd-80fb4bf1d799,2015-03-23 17:25:50,informant-PC, WinMgmt ,Application,0,1,0,0,0,0,0,None,0,Application,10,0,0,0,0,0,0,0,0,0,0,0x0080000000000000,0,0,0,0,0,0,0,2015-03-23 17:25:50,1427131550.0,17,25
1799974,59061,6b8c0d89-49ac-4468-8c1a-e4f3e5e1f93f,2015-03-23 17:26:13,informant-PC, Microsoft-Windows-Diagnosis-DPS ,Other,0,0,0,0,0,1,0,None,1148,Microsoft-Windows-Diagnosis-DPS/Operational,100,0,0,0,0,0,0,0,0,0,1,0x4000000800000000,0,0,1,0,0,0,0,2015-03-23 17:26:13,1427131573.0,17,26
1799975,59061,48dfa8e2-4899-4cd2-bf3a-07f4a2c2011d,2015-03-23 17:26:13,informant-PC, Microsoft-Windows-Diagnosis-DPS ,Other,0,0,0,0,0,1,0,None,1148,Microsoft-Windows-Diagnosis-DPS/Operational,105,0,0,0,0,0,0,0,0,0,1,0x4000000800000000,0,0,1,0,0,0,0,2015-03-23 17:26:13,1427131573.0,17,26
1799976,59061,27941de2-7abe-48fd-bded-3f57aa047210,2015-03-23 17:26:13,informant-PC, Microsoft-Windows-Diagnosis-DPS ,Other,0,0,0,0,0,1,0,None,1148,Microsoft-Windows-Diagnosis-DPS/Operational,105,0,0,0,0,0,0,0,0,0,1,0x4000000800000000,0,0,1,0,0,0,0,2015-03-23 17:26:13,1427131573.0,17,26
1799977,59061,cc47341e-48f7-4476-a433-294898e74874,2015-03-23 17:26:13,informant-PC, Microsoft-Windows-Diagnosis-DPS ,Other,0,0,0,0,0,1,0,None,1148,Microsoft-Windows-Diagnosis-DPS/Operational,100,0,0,0,0,0,0,0,0,0,1,0x4000000800000000,0,0,1,0,0,0,0,2015-03-23 17:26:13,1427131573.0,17,26
1800024,22255,8e469fff-94d2-461d-a670-f490e38ab348,2015-03-23 17:26:15,informant-PC, Microsoft-Windows-Diagnostics-Performance ,Other,0,0,0,0,0,1,0,None,1148,Microsoft-Windows-Diagnostics-Performance/Operational,100,0,0,0,0,0,0,0,0,0,4002,0x8000000000010000,0,0,0,1,0,0,0,2015-03-23 17:26:15,1427131575.0,17,26
1800025,22255,1cd1afb8-8bbc-4204-b3f4-a42040a65713,2015-03-23 17:26:15,informant-PC, Microsoft-Windows-Diagnostics-Performance ,Other,0,0,0,0,0,1,0,None,1148,Microsoft-Windows-Diagnostics-Performance/Operational,100,0,0,0,0,0,0,0,0,0,4002,0x8000000000010000,0,0,0,1,0,0,0,2015-03-23 17:26:15,1427131575.0,17,26
1800026,22255,4fd98fba-359e-4116-b58b-e8af656dc3a7,2015-03-23 17:26:15,informant-PC, Microsoft-Windows-Diagnostics-Performance ,Other,0,0,0,0,0,1,0,None,1148,Microsoft-Windows-Diagnostics-Performance/Operational,101,0,0,0,0,0,0,0,0,0,4002,0x8000000000010000,0,0,0,1,0,0,0,2015-03-23 17:26:15,1427131575.0,17,26
1800027,22255,54fa7096-58a4-4b81-a9c5-8da149736128,2015-03-23 17:26:15,informant-PC, Microsoft-Windows-Diagnostics-Performance ,Other,0,0,0,0,0,1,0,None,1148,Microsoft-Windows-Diagnostics-Performance/Operational,101,0,0,0,0,0,0,0,0,0,4002,0x8000000000010000,0,0,0,1,0,0,0,2015-03-23 17:26:15,1427131575.0,17,26
1800028,59061,246da9c9-aacf-411f-bd50-27a25fe13085,2015-03-23 17:26:15,informant-PC, Microsoft-Windows-Diagnosis-DPS ,Other,0,0,0,0,0,1,0,None,1148,Microsoft-Windows-Diagnosis-DPS/Operational,110,0,0,0,0,0,0,0,0,0,1,0x4000000800000000,0,0,1,0,0,0,0,2015-03-23 17:26:15,1427131575.0,17,26
1800029,59061,b21b4839-ec10-496e-96cb-83ad602a137c,2015-03-23 17:26:15,informant-PC, Microsoft-Windows-Diagnosis-DPS ,Other,0,0,0,0,0,1,0,None,1148,Microsoft-Windows-Diagnosis-DPS/Operational,110,0,0,0,0,0,0,0,0,0,1,0x4000000800000000,0,0,1,0,0,0,0,2015-03-23 17:26:15,1427131575.0,17,26
1800104,59018,79bf9b4b-9e1c-4d75-afa8-28f0ea4586cf,2015-03-23 17:26:27,informant-PC, Office Software Protection Platform Service ,Application,0,1,0,0,0,0,0,None,None,Application,900,0,0,0,0,0,0,0,0,0,0,0x0080000000000000,0,0,0,0,0,0,0,2015-03-23 17:26:27,1427131587.0,17,26
1800105,59018,d58e8dcd-c0e9-4a0c-a746-ba6dcd6fb7bf,2015-03-23 17:26:27,informant-PC, Outlook ,Application,0,1,0,0,0,0,0,None,None,Application,45,0,0,0,0,0,0,0,0,0,0,0x0080000000000000,0,0,0,0,0,0,0,2015-03-23 17:26:27,1427131587.0,17,26
1800106,59018,712d45a6-5738-4817-afa5-8cecb1bac914,2015-03-23 17:26:27,informant-PC, Office Software Protection Platform Service ,Application,0,1,0,0,0,0,0,None,None,Application,900,0,0,0,0,0,0,0,0,0,0,0x0080000000000000,0,0,0,0,0,0,0,2015-03-23 17:26:27,1427131587.0,17,26
1800107,59018,a993852c-1f84-4545-aba0-a68884df146a,2015-03-23 17:26:27,informant-PC, Outlook ,Application,0,1,0,0,0,0,0,None,None,Application,45,0,0,0,0,0,0,0,0,0,0,0x0080000000000000,0,0,0,0,0,0,0,2015-03-23 17:26:27,1427131587.0,17,26
1800120,59017,948e7dec-1273-4cab-8d03-2ba197e35138,2015-03-23 17:26:27,informant-PC, Service Control Manager ,System,0,0,1,0,0,0,0,None,484,System,7036,0,0,0,0,0,0,0,0,0,0,0x8080000000000000,0,0,0,1,0,0,0,2015-03-23 17:26:27,1427131587.0,17,26
1800121,59017,36800021-7b3a-4676-86b5-90806016b1e8,2015-03-23 17:26:27,informant-PC, Service Control Manager ,System,0,0,1,0,0,0,0,None,484,System,7036,0,0,0,0,0,0,0,0,0,0,0x8080000000000000,0,0,0,1,0,0,0,2015-03-23 17:26:27,1427131587.0,17,26
1800122,59018,7f21d12f-0da7-4f8f-9862-5331a7299663,2015-03-23 17:26:28,informant-PC, Office Software Protection Platform Service ,Application,0,1,0,0,0,0,0,None,None,Application,902,0,0,0,0,0,0,0,0,0,0,0x0080000000000000,0,0,0,0,0,0,0,2015-03-23 17:26:28,1427131588.0,17,26
1800123,59018,4855047c-1864-4bc6-b23e-a25d508589d4,2015-03-23 17:26:28,informant-PC, Office Software Protection Platform Service ,Application,0,1,0,0,0,0,0,None,None,Application,1066,0,0,0,0,0,0,0,0,0,0,0x0080000000000000,0,0,0,0,0,0,0,2015-03-23 17:26:28,1427131588.0,17,26
1800124,59018,b5c78c1d-fac3-4598-b2f8-ebe88ee72158,2015-03-23 17:26:28,informant-PC, Office Software Protection Platform Service ,Application,0,1,0,0,0,0,0,None,None,Application,1003,0,0,0,0,0,0,0,0,0,0,0x0080000000000000,0,0,0,0,0,0,0,2015-03-23 17:26:28,1427131588.0,17,26
1800125,59018,80701a22-ee48-4f9c-a499-8874646079a8,2015-03-23 17:26:28,informant-PC, Office Software Protection Platform Service ,Application,0,1,0,0,0,0,0,None,None,Application,902,0,0,0,0,0,0,0,0,0,0,0x0080000000000000,0,0,0,0,0,0,0,2015-03-23 17:26:28,1427131588.0,17,26
1800126,59018,f11de28a-0f0a-4bbe-9768-9d0e22f5774e,2015-03-23 17:26:28,informant-PC, Office Software Protection Platform Service ,Application,0,1,0,0,0,0,0,None,None,Application,1066,0,0,0,0,0,0,0,0,0,0,0x0080000000000000,0,0,0,0,0,0,0,2015-03-23 17:26:28,1427131588.0,17,26
1800127,59018,2f7ba723-ab76-4ceb-9d38-4a8a4327acbd,2015-03-23 17:26:28,informant-PC, Office Software Protection Platform Service ,Application,0,1,0,0,0,0,0,None,None,Application,1003,0,0,0,0,0,0,0,0,0,0,0x0080000000000000,0,0,0,0,0,0,0,2015-03-23 17:26:28,1427131588.0,17,26
1800148,59017,7ddeac37-777c-42a8-949c-330b8064358f,2015-03-23 17:26:30,informant-PC, Service Control Manager ,System,0,0,1,0,0,0,0,None,484,System,7036,0,0,0,0,0,0,0,0,0,0,0x8080000000000000,0,0,0,1,0,0,0,2015-03-23 17:26:30,1427131590.0,17,26
1800169,59017,0a2918e1-f982-4650-93b9-4908da07fbca,2015-03-23 17:26:30,informant-PC, Service Control Manager ,System,0,0,1,0,0,0,0,None,484,System,7036,0,0,0,0,0,0,0,0,0,0,0x8080000000000000,0,0,0,1,0,0,0,2015-03-23 17:26:30,1427131590.0,17,26
1800356,59018,c24e8bc3-3086-4681-b0ab-2c71db2b8540,2015-03-23 17:26:33,informant-PC, gupdate ,Application,0,1,0,0,0,0,0,None,None,Application,0,0,0,0,0,0,0,0,0,0,0,0x0080000000000000,0,0,0,0,0,0,0,2015-03-23 17:26:33,1427131593.0,17,26
1800357,59018,8e895b4f-4089-4243-989f-76efa011a45e,2015-03-23 17:26:33,informant-PC, gupdate ,Application,0,1,0,0,0,0,0,None,None,Application,0,0,0,0,0,0,0,0,0,0,0,0x0080000000000000,0,0,0,0,0,0,0,2015-03-23 17:26:33,1427131593.0,17,26
1800369,59017,aaed4ca4-158f-49ef-8ca5-1223373b21ed,2015-03-23 17:26:33,informant-PC, Service Control Manager ,System,0,0,1,0,0,0,0,None,484,System,7036,0,0,0,0,0,0,0,0,0,0,0x8080000000000000,0,0,0,1,0,0,0,2015-03-23 17:26:33,1427131593.0,17,26
1800372,59017,9d92ce10-a58d-41bb-b69f-e9b44494ce40,2015-03-23 17:26:33,informant-PC, Service Control Manager ,System,0,0,1,0,0,0,0,None,484,System,7036,0,0,0,0,0,0,0,0,0,0,0x8080000000000000,0,0,0,1,0,0,0,2015-03-23 17:26:33,1427131593.0,17,26
1800400,59017,329d62ef-6380-4d1b-a273-78f903347262,2015-03-23 17:26:33,informant-PC, Service Control Manager ,System,0,0,1,0,0,0,0,None,484,System,7036,0,0,0,0,0,0,0,0,0,0,0x8080000000000000,0,0,0,1,0,0,0,2015-03-23 17:26:33,1427131593.0,17,26
1800401,59017,68b6ac89-bd5b-4e31-8ef1-a0fe821be594,2015-03-23 17:26:33,informant-PC, Service Control Manager ,System,0,0,1,0,0,0,0,None,484,System,7036,0,0,0,0,0,0,0,0,0,0,0x8080000000000000,0,0,0,1,0,0,0,2015-03-23 17:26:33,1427131593.0,17,26
1800402,59017,0313a981-dced-4353-8108-ce80d7f3ea4c,2015-03-23 17:26:33,informant-PC, Service Control Manager ,System,0,0,1,0,0,0,0,None,484,System,7036,0,0,0,0,0,0,0,0,0,0,0x8080000000000000,0,0,0,1,0,0,0,2015-03-23 17:26:33,1427131593.0,17,26
1800403,59017,cb1f6c9d-0982-4e2a-a915-678612da8dfb,2015-03-23 17:26:33,informant-PC, Service Control Manager ,System,0,0,1,0,0,0,0,None,484,System,7036,0,0,0,0,0,0,0,0,0,0,0x8080000000000000,0,0,0,1,0,0,0,2015-03-23 17:26:33,1427131593.0,17,26
1800426,59018,f2dac2a1-272b-4b86-9284-cce95e4ee622,2015-03-23 17:26:34,informant-PC, Software Protection Platform Service ,Application,0,1,0,0,0,0,0,None,0,Application,900,0,0,0,0,0,0,0,0,0,0,0x0080000000000000,0,0,0,0,0,0,0,2015-03-23 17:26:34,1427131594.0,17,26
1800427,59018,e10e2343-d657-4f7f-b841-350ed3122fe1,2015-03-23 17:26:34,informant-PC, Office Software Protection Platform Service ,Application,0,1,0,0,0,0,0,None,None,Application,1003,0,0,0,0,0,0,0,0,0,0,0x0080000000000000,0,0,0,0,0,0,0,2015-03-23 17:26:34,1427131594.0,17,26
1800428,59018,e547e405-de8b-46f2-a021-693fa571696b,2015-03-23 17:26:34,informant-PC, Office Software Protection Platform Service ,Application,0,1,0,0,0,0,0,None,None,Application,1003,0,0,0,0,0,0,0,0,0,0,0x0080000000000000,0,0,0,0,0,0,0,2015-03-23 17:26:34,1427131594.0,17,26
1800429,59018,f73f15b3-b81b-45e1-aee2-ef42185b892e,2015-03-23 17:26:34,informant-PC, Software Protection Platform Service ,Application,0,1,0,0,0,0,0,None,0,Application,900,0,0,0,0,0,0,0,0,0,0,0x0080000000000000,0,0,0,0,0,0,0,2015-03-23 17:26:34,1427131594.0,17,26
1800438,59017,3ea5d42f-0809-427c-965d-fae08d391be0,2015-03-23 17:26:34,informant-PC, Service Control Manager ,System,0,0,1,0,0,0,0,None,484,System,7036,0,0,0,0,0,0,0,0,0,0,0x8080000000000000,0,0,0,1,0,0,0,2015-03-23 17:26:34,1427131594.0,17,26
1800439,59017,7ce032a6-c316-4175-8aed-fb53266a2811,2015-03-23 17:26:34,informant-PC, Service Control Manager ,System,0,0,1,0,0,0,0,None,484,System,7036,0,0,0,0,0,0,0,0,0,0,0x8080000000000000,0,0,0,1,0,0,0,2015-03-23 17:26:34,1427131594.0,17,26
1800440,59019,6eb562dd-a308-492b-a52a-924f4da4813e,2015-03-23 17:26:34,informant-PC, Microsoft-Windows-Security-Auditing ,Security,1,0,0,0,0,0,0,S-1-5-18,492,Security,4624,0,0,0,1,0,0,0,0,0,12544,0x8020000000000000,0,0,0,1,0,0,0,2015-03-23 17:26:34,1427131594.0,17,26
1800441,59019,fba44121-377e-4578-b2f3-f65175f1ad34,2015-03-23 17:26:34,informant-PC, Microsoft-Windows-Security-Auditing ,Security,1,0,0,0,0,0,0,S-1-5-18,492,Security,4624,0,0,0,1,0,0,0,0,0,12544,0x8020000000000000,0,0,0,1,0,0,0,2015-03-23 17:26:34,1427131594.0,17,26
1800442,59019,8defb584-667c-4011-8d5c-7fda6b7feb29,2015-03-23 17:26:34,informant-PC, Microsoft-Windows-Security-Auditing ,Security,1,0,0,0,0,0,0,None,492,Security,4672,0,0,0,1,0,0,0,0,0,12548,0x8020000000000000,0,0,0,1,0,0,0,2015-03-23 17:26:34,1427131594.0,17,26
1800443,59019,74e6137d-69bc-4014-a1aa-98772dffe66d,2015-03-23 17:26:34,informant-PC, Microsoft-Windows-Security-Auditing ,Security,1,0,0,0,0,0,0,None,492,Security,4672,0,0,0,1,0,0,0,0,0,12548,0x8020000000000000,0,0,0,1,0,0,0,2015-03-23 17:26:34,1427131594.0,17,26
1800444,59017,83c536dc-9bfb-4e1c-a714-b28ed572ac26,2015-03-23 17:26:35,informant-PC, Service Control Manager ,System,0,0,1,0,0,0,0,None,484,System,7036,0,0,0,0,0,0,0,0,0,0,0x8080000000000000,0,0,0,1,0,0,0,2015-03-23 17:26:35,1427131595.0,17,26
1800445,59017,3f8f255c-77c7-416e-ad15-d60c13e33f2e,2015-03-23 17:26:35,informant-PC, Service Control Manager ,System,0,0,1,0,0,0,0,None,484,System,7036,0,0,0,0,0,0,0,0,0,0,0x8080000000000000,0,0,0,1,0,0,0,2015-03-23 17:26:35,1427131595.0,17,26
1800448,59030,c1bfc3a2-6cd3-48e2-afa9-2d69dfa587cf,2015-03-23 17:26:35,informant-PC, Microsoft-Windows-Windows Defender ,Other,0,0,0,0,0,1,0,None,2012,Microsoft-Windows-Windows Defender/WHC,101,0,0,0,0,0,0,0,0,0,0,0x4000000000000000,0,0,1,0,0,0,0,2015-03-23 17:26:35,1427131595.0,17,26
1800449,59030,79518557-9949-47ca-9658-ac0ebb0e060e,2015-03-23 17:26:35,informant-PC, Microsoft-Windows-Windows Defender ,Other,0,0,0,0,0,1,0,None,2012,Microsoft-Windows-Windows Defender/WHC,101,0,0,0,0,0,0,0,0,0,0,0x4000000000000000,0,0,1,0,0,0,0,2015-03-23 17:26:35,1427131595.0,17,26
1800450,59017,d1791903-5446-4180-bf90-61d9b9b4ab99,2015-03-23 17:26:35,informant-PC, Service Control Manager ,System,0,0,1,0,0,0,0,None,484,System,7036,0,0,0,0,0,0,0,0,0,0,0x8080000000000000,0,0,0,1,0,0,0,2015-03-23 17:26:35,1427131595.0,17,26
1800451,59017,ff784cfe-8c0a-4b9a-b3d3-0c6df704f23e,2015-03-23 17:26:35,informant-PC, Service Control Manager ,System,0,0,1,0,0,0,0,None,484,System,7036,0,0,0,0,0,0,0,0,0,0,0x8080000000000000,0,0,0,1,0,0,0,2015-03-23 17:26:35,1427131595.0,17,26
1800452,59018,802f500f-2ab5-4712-afab-dd108ec8f5bc,2015-03-23 17:26:37,informant-PC, Software Protection Platform Service ,Application,0,1,0,0,0,0,0,None,0,Application,1003,0,0,0,0,0,0,0,0,0,0,0x0080000000000000,0,0,0,0,0,0,0,2015-03-23 17:26:37,1427131597.0,17,26
1800453,59018,ffe751e4-e405-438d-9d0e-13167ed9127a,2015-03-23 17:26:37,informant-PC, Software Protection Platform Service ,Application,0,1,0,0,0,0,0,None,0,Application,1066,0,0,0,0,0,0,0,0,0,0,0x0080000000000000,0,0,0,0,0,0,0,2015-03-23 17:26:37,1427131597.0,17,26
1800454,59018,92617bf7-db2b-4896-8c10-664a46ab5c6c,2015-03-23 17:26:37,informant-PC, SecurityCenter ,Application,0,1,0,0,0,0,0,None,None,Application,1,0,0,0,0,0,0,0,0,0,0,0x0080000000000000,0,0,0,0,0,0,0,2015-03-23 17:26:37,1427131597.0,17,26
1800455,59018,2eba2eed-2040-4dec-a04a-119c535119ee,2015-03-23 17:26:37,informant-PC, Software Protection Platform Service ,Application,0,1,0,0,0,0,0,None,0,Application,902,0,0,0,0,0,0,0,0,0,0,0x0080000000000000,0,0,0,0,0,0,0,2015-03-23 17:26:37,1427131597.0,17,26
1800456,59018,6b6f5d50-92f6-4ef7-90b2-3b88bdaeda71,2015-03-23 17:26:37,informant-PC, SecurityCenter ,Application,0,1,0,0,0,0,0,None,None,Application,1,0,0,0,0,0,0,0,0,0,0,0x0080000000000000,0,0,0,0,0,0,0,2015-03-23 17:26:37,1427131597.0,17,26
1800457,59018,9be69f0c-b0a5-4316-88a0-16aa30dcf688,2015-03-23 17:26:37,informant-PC, Software Protection Platform Service ,Application,0,1,0,0,0,0,0,None,0,Application,1003,0,0,0,0,0,0,0,0,0,0,0x0080000000000000,0,0,0,0,0,0,0,2015-03-23 17:26:37,1427131597.0,17,26
1800458,59018,85129fa1-75d7-49b7-8709-370a5a6501f7,2015-03-23 17:26:37,informant-PC, Software Protection Platform Service ,Application,0,1,0,0,0,0,0,None,0,Application,902,0,0,0,0,0,0,0,0,0,0,0x0080000000000000,0,0,0,0,0,0,0,2015-03-23 17:26:37,1427131597.0,17,26
1800459,59018,eb467390-586c-4cf5-b763-d62ec1d1d68f,2015-03-23 17:26:37,informant-PC, Software Protection Platform Service ,Application,0,1,0,0,0,0,0,None,0,Application,1066,0,0,0,0,0,0,0,0,0,0,0x0080000000000000,0,0,0,0,0,0,0,2015-03-23 17:26:37,1427131597.0,17,26
1800496,59017,73f37815-b911-43c1-a049-9b36cdeae8bf,2015-03-23 17:26:38,informant-PC, Service Control Manager ,System,0,0,1,0,0,0,0,None,484,System,7036,0,0,0,0,0,0,0,0,0,0,0x8080000000000000,0,0,0,1,0,0,0,2015-03-23 17:26:38,1427131598.0,17,26
1800497,59017,78f7466a-c0a7-4646-a107-c219f1e0058d,2015-03-23 17:26:38,informant-PC, Service Control Manager ,System,0,0,1,0,0,0,0,None,484,System,7036,0,0,0,0,0,0,0,0,0,0,0x8080000000000000,0,0,0,1,0,0,0,2015-03-23 17:26:38,1427131598.0,17,26
1800506,59112,a9a13c25-45b5-4c5e-8fcf-78332640a36c,2015-03-23 17:26:39,informant-PC, Microsoft-Windows-Bits-Client ,Other,0,0,0,0,0,1,0,None,892,Microsoft-Windows-Bits-Client/Operational,3,0,0,0,0,0,0,0,0,0,0,0x4000000000000000,0,0,1,0,0,0,0,2015-03-23 17:26:39,1427131599.0,17,26
1800509,59112,829ea208-8fa1-4a67-b9f0-62133ecc9ba8,2015-03-23 17:26:39,informant-PC, Microsoft-Windows-Bits-Client ,Other,0,0,0,0,0,1,0,None,892,Microsoft-Windows-Bits-Client/Operational,3,0,0,0,0,0,0,0,0,0,0,0x4000000000000000,0,0,1,0,0,0,0,2015-03-23 17:26:39,1427131599.0,17,26
1800524,59112,2934dc26-f28c-46f1-90c3-3d23abe7f335,2015-03-23 17:26:40,informant-PC, Microsoft-Windows-Bits-Client ,Other,0,0,0,0,0,1,0,None,892,Microsoft-Windows-Bits-Client/Operational,204,0,0,0,0,0,0,0,0,0,0,0x4000000000000000,0,0,1,0,0,0,0,2015-03-23 17:26:40,1427131600.0,17,26
1800525,59112,211d7a9a-47c1-4fba-991e-f724c7bd5803,2015-03-23 17:26:40,informant-PC, Microsoft-Windows-Bits-Client ,Other,0,0,0,0,0,1,0,None,892,Microsoft-Windows-Bits-Client/Operational,204,0,0,0,0,0,0,0,0,0,0,0x4000000000000000,0,0,1,0,0,0,0,2015-03-23 17:26:40,1427131600.0,17,26
1800526,59030,eb1b2836-401d-40d9-890e-0e1356bf74ad,2015-03-23 17:26:40,informant-PC, Microsoft-Windows-Windows Defender ,Other,0,0,0,0,0,1,0,None,2012,Microsoft-Windows-Windows Defender/WHC,101,0,0,0,0,0,0,0,0,0,0,0x4000000000000000,0,0,1,0,0,0,0,2015-03-23 17:26:40,1427131600.0,17,26
1800527,59030,58b9c4d3-f75e-412f-8eed-b4350969dbbc,2015-03-23 17:26:40,informant-PC, Microsoft-Windows-Windows Defender ,Other,0,0,0,0,0,1,0,None,2012,Microsoft-Windows-Windows Defender/WHC,101,0,0,0,0,0,0,0,0,0,0,0x4000000000000000,0,0,1,0,0,0,0,2015-03-23 17:26:40,1427131600.0,17,26
1800532,59017,4cad8e78-9b1e-470a-bb99-a411f9a0cae6,2015-03-23 17:26:41,informant-PC, Service Control Manager ,System,0,0,1,0,0,0,0,None,484,System,7036,0,0,0,0,0,0,0,0,0,0,0x8080000000000000,0,0,0,1,0,0,0,2015-03-23 17:26:41,1427131601.0,17,26
1800533,59017,5a2bb753-1d3a-4b30-8e81-fd32f303bbc5,2015-03-23 17:26:41,informant-PC, Service Control Manager ,System,0,0,1,0,0,0,0,None,484,System,7036,0,0,0,0,0,0,0,0,0,0,0x8080000000000000,0,0,0,1,0,0,0,2015-03-23 17:26:41,1427131601.0,17,26
1800534,59112,14263625-b8a2-4fba-b361-a0304fd42213,2015-03-23 17:26:42,informant-PC, Microsoft-Windows-Bits-Client ,Other,0,0,0,0,0,1,0,None,892,Microsoft-Windows-Bits-Client/Operational,204,0,0,0,0,0,0,0,0,0,0,0x4000000000000000,0,0,1,0,0,0,0,2015-03-23 17:26:42,1427131602.0,17,26
1800535,59112,e0e55ae1-a01d-45ce-9984-b534fa42cb5c,2015-03-23 17:26:42,informant-PC, Microsoft-Windows-Bits-Client ,Other,0,0,0,0,0,1,0,None,892,Microsoft-Windows-Bits-Client/Operational,204,0,0,0,0,0,0,0,0,0,0,0x4000000000000000,0,0,1,0,0,0,0,2015-03-23 17:26:42,1427131602.0,17,26
1800536,59112,78b5dddc-627e-4b7a-8ecb-4df844f4b95e,2015-03-23 17:26:44,informant-PC, Microsoft-Windows-Bits-Client ,Other,0,0,0,0,0,1,0,None,892,Microsoft-Windows-Bits-Client/Operational,204,0,0,0,0,0,0,0,0,0,0,0x4000000000000000,0,0,1,0,0,0,0,2015-03-23 17:26:44,1427131604.0,17,26
1800537,59112,2e236b99-c0c5-484a-b5d8-ba9fde94a32a,2015-03-23 17:26:44,informant-PC, Microsoft-Windows-Bits-Client ,Other,0,0,0,0,0,1,0,None,892,Microsoft-Windows-Bits-Client/Operational,204,0,0,0,0,0,0,0,0,0,0,0x4000000000000000,0,0,1,0,0,0,0,2015-03-23 17:26:44,1427131604.0,17,26
1800538,59112,686be61a-0c4e-4074-bfb8-0b08c3ce3285,2015-03-23 17:26:46,informant-PC, Microsoft-Windows-Bits-Client ,Other,0,0,0,0,0,1,0,None,892,Microsoft-Windows-Bits-Client/Operational,203,0,0,0,0,0,0,0,0,0,0,0x4000000000000000,0,0,1,0,0,0,0,2015-03-23 17:26:46,1427131606.0,17,26
1800539,59112,bdc749a0-1cd0-49c5-b8b9-6036ee397d0c,2015-03-23 17:26:46,informant-PC, Microsoft-Windows-Bits-Client ,Other,0,0,0,0,0,1,0,None,892,Microsoft-Windows-Bits-Client/Operational,203,0,0,0,0,0,0,0,0,0,0,0x4000000000000000,0,0,1,0,0,0,0,2015-03-23 17:26:46,1427131606.0,17,26
1800540,59112,bdebb2dd-46f4-4575-9f97-fa14a48487aa,2015-03-23 17:26:46,informant-PC, Microsoft-Windows-Bits-Client ,Other,0,0,0,0,0,1,0,None,892,Microsoft-Windows-Bits-Client/Operational,310,0,0,0,0,0,0,0,0,0,0,0x4000000000000000,0,0,1,0,0,0,0,2015-03-23 17:26:46,1427131606.0,17,26
1800541,59112,be747169-3069-4dd8-af21-25d8186c721b,2015-03-23 17:26:46,informant-PC, Microsoft-Windows-Bits-Client ,Other,0,0,0,0,0,1,0,None,892,Microsoft-Windows-Bits-Client/Operational,310,0,0,0,0,0,0,0,0,0,0,0x4000000000000000,0,0,1,0,0,0,0,2015-03-23 17:26:46,1427131606.0,17,26
1800542,59112,7eac89a1-ca63-4203-bc9f-1e7baf45cd35,2015-03-23 17:26:46,informant-PC, Microsoft-Windows-Bits-Client ,Other,0,0,0,0,0,1,0,None,892,Microsoft-Windows-Bits-Client/Operational,59,0,0,0,0,0,0,0,0,0,0,0x4000000000000000,0,0,1,0,0,0,0,2015-03-23 17:26:46,1427131606.0,17,26
1800543,59112,006fdcfa-7b47-4183-a814-b9d27e372f75,2015-03-23 17:26:46,informant-PC, Microsoft-Windows-Bits-Client ,Other,0,0,0,0,0,1,0,None,892,Microsoft-Windows-Bits-Client/Operational,59,0,0,0,0,0,0,0,0,0,0,0x4000000000000000,0,0,1,0,0,0,0,2015-03-23 17:26:46,1427131606.0,17,26
1800548,59017,d61f974f-237c-40c7-90e3-8083dc966bb8,2015-03-23 17:26:50,informant-PC, Microsoft-Windows-Application-Experience ,System,0,0,1,0,0,0,0,None,804,System,206,0,0,0,0,0,0,0,0,0,0,0x8000000000000000,0,0,0,1,0,0,0,2015-03-23 17:26:50,1427131610.0,17,26
1800549,59017,c4fe66c8-0d60-40cd-8a63-69488bf1b58a,2015-03-23 17:26:50,informant-PC, Microsoft-Windows-Application-Experience ,System,0,0,1,0,0,0,0,None,804,System,206,0,0,0,0,0,0,0,0,0,0,0x8000000000000000,0,0,0,1,0,0,0,2015-03-23 17:26:50,1427131610.0,17,26
1800956,59112,66974fc6-84be-4720-bc13-9d0983ba37f0,2015-03-23 17:27:00,informant-PC, Microsoft-Windows-Bits-Client ,Other,0,0,0,0,0,1,0,None,892,Microsoft-Windows-Bits-Client/Operational,203,0,0,0,0,0,0,0,0,0,0,0x4000000000000000,0,0,1,0,0,0,0,2015-03-23 17:27:00,1427131620.0,17,27
1800957,59112,34430e77-29f8-4d77-bb85-c47b19bed84b,2015-03-23 17:27:00,informant-PC, Microsoft-Windows-Bits-Client ,Other,0,0,0,0,0,1,0,None,892,Microsoft-Windows-Bits-Client/Operational,203,0,0,0,0,0,0,0,0,0,0,0x4000000000000000,0,0,1,0,0,0,0,2015-03-23 17:27:00,1427131620.0,17,27
1801280,59017,4bfb1257-cd5d-42d6-8088-2c858b3e4e4c,2015-03-23 17:27:11,informant-PC, Service Control Manager ,System,0,0,1,0,0,0,0,None,484,System,7036,0,0,0,0,0,0,0,0,0,0,0x8080000000000000,0,0,0,1,0,0,0,2015-03-23 17:27:11,1427131631.0,17,27
1801281,59017,b0584957-c266-4f45-ad08-4ca9f2237886,2015-03-23 17:27:11,informant-PC, Service Control Manager ,System,0,0,1,0,0,0,0,None,484,System,7036,0,0,0,0,0,0,0,0,0,0,0x8080000000000000,0,0,0,1,0,0,0,2015-03-23 17:27:11,1427131631.0,17,27
1801317,59112,99056d18-9025-40f8-9187-b829370bd269,2015-03-23 17:27:13,informant-PC, Microsoft-Windows-Bits-Client ,Other,0,0,0,0,0,1,0,None,892,Microsoft-Windows-Bits-Client/Operational,60,0,0,0,0,0,0,0,0,0,0,0x4000000000000000,0,0,1,0,0,0,0,2015-03-23 17:27:13,1427131633.0,17,27
1801319,59112,93470012-1766-4acd-ae19-b85ce1b5df6e,2015-03-23 17:27:13,informant-PC, Microsoft-Windows-Bits-Client ,Other,0,0,0,0,0,1,0,None,892,Microsoft-Windows-Bits-Client/Operational,60,0,0,0,0,0,0,0,0,0,0,0x4000000000000000,0,0,1,0,0,0,0,2015-03-23 17:27:13,1427131633.0,17,27
1801327,59112,c68831f3-3d32-4542-b218-e387453ac340,2015-03-23 17:27:14,informant-PC, Microsoft-Windows-Bits-Client ,Other,0,0,0,0,0,1,0,None,892,Microsoft-Windows-Bits-Client/Operational,4,0,0,0,0,0,0,0,0,0,0,0x4000000000000000,0,0,1,0,0,0,0,2015-03-23 17:27:14,1427131634.0,17,27
1801328,59112,42cd3fb3-0280-4432-9987-c8f5f87583ea,2015-03-23 17:27:14,informant-PC, Microsoft-Windows-Bits-Client ,Other,0,0,0,0,0,1,0,None,892,Microsoft-Windows-Bits-Client/Operational,4,0,0,0,0,0,0,0,0,0,0,0x4000000000000000,0,0,1,0,0,0,0,2015-03-23 17:27:14,1427131634.0,17,27
1801430,46,e833a53b-051f-4437-841d-0397891f63e5,2015-03-23 17:27:29,informant-PC, Microsoft-Windows-WindowsUpdateClient ,Other,0,0,0,0,0,1,0,None,892,Microsoft-Windows-WindowsUpdateClient/Operational,42,0,0,0,0,0,0,0,0,0,2,0x4000000000000480,0,0,1,0,0,0,0,2015-03-23 17:27:29,1427131649.0,17,27
1801431,46,1506e46d-0832-48cb-980e-957cb9673daa,2015-03-23 17:27:29,informant-PC, Microsoft-Windows-WindowsUpdateClient ,Other,0,0,0,0,0,1,0,None,892,Microsoft-Windows-WindowsUpdateClient/Operational,42,0,0,0,0,0,0,0,0,0,2,0x4000000000000480,0,0,1,0,0,0,0,2015-03-23 17:27:29,1427131649.0,17,27
1801432,46,b70c2d78-f97f-48d4-82bb-d6d31a3d13d1,2015-03-23 17:27:29,informant-PC, Microsoft-Windows-WindowsUpdateClient ,Other,0,0,0,0,0,1,0,None,892,Microsoft-Windows-WindowsUpdateClient/Operational,42,0,0,0,0,0,0,0,0,0,2,0x4000000000000480,0,0,1,0,0,0,0,2015-03-23 17:27:29,1427131649.0,17,27
1801433,46,c286ddf8-af1a-4376-b91d-6b0d9d5c8879,2015-03-23 17:27:29,informant-PC, Microsoft-Windows-WindowsUpdateClient ,Other,0,0,0,0,0,1,0,None,892,Microsoft-Windows-WindowsUpdateClient/Operational,30,0,0,0,0,0,0,0,0,0,1,0x4000000000000001,0,0,1,0,0,0,0,2015-03-23 17:27:29,1427131649.0,17,27
1801434,46,7b68bf4f-ab4e-4c31-947c-d1b93d4c3bba,2015-03-23 17:27:29,informant-PC, Microsoft-Windows-WindowsUpdateClient ,Other,0,0,0,0,0,1,0,None,892,Microsoft-Windows-WindowsUpdateClient/Operational,30,0,0,0,0,0,0,0,0,0,1,0x4000000000000001,0,0,1,0,0,0,0,2015-03-23 17:27:29,1427131649.0,17,27
1801435,46,fba21d17-4cf1-4456-adf7-2ff14e931e72,2015-03-23 17:27:29,informant-PC, Microsoft-Windows-WindowsUpdateClient ,Other,0,0,0,0,0,1,0,None,892,Microsoft-Windows-WindowsUpdateClient/Operational,42,0,0,0,0,0,0,0,0,0,2,0x4000000000000480,0,0,1,0,0,0,0,2015-03-23 17:27:29,1427131649.0,17,27
1803478,59112,d649578b-839f-4afd-b9f2-efd57c359df9,2015-03-23 17:27:41,informant-PC, Microsoft-Windows-Bits-Client ,Other,0,0,0,0,0,1,0,None,892,Microsoft-Windows-Bits-Client/Operational,3,0,0,0,0,0,0,0,0,0,0,0x4000000000000000,0,0,1,0,0,0,0,2015-03-23 17:27:41,1427131661.0,17,27
1803479,59112,f69bf5f3-4715-41a8-9f38-d92b883a25c0,2015-03-23 17:27:41,informant-PC, Microsoft-Windows-Bits-Client ,Other,0,0,0,0,0,1,0,None,892,Microsoft-Windows-Bits-Client/Operational,3,0,0,0,0,0,0,0,0,0,0,0x4000000000000000,0,0,1,0,0,0,0,2015-03-23 17:27:41,1427131661.0,17,27
1803558,59112,69e78703-197a-47a3-a3a5-8270bbedc22e,2015-03-23 17:27:41,informant-PC, Microsoft-Windows-Bits-Client ,Other,0,0,0,0,0,1,0,None,892,Microsoft-Windows-Bits-Client/Operational,204,0,0,0,0,0,0,0,0,0,0,0x4000000000000000,0,0,1,0,0,0,0,2015-03-23 17:27:41,1427131661.0,17,27
1803559,59112,833898bf-1721-44f1-94e3-b010096e400e,2015-03-23 17:27:41,informant-PC, Microsoft-Windows-Bits-Client ,Other,0,0,0,0,0,1,0,None,892,Microsoft-Windows-Bits-Client/Operational,204,0,0,0,0,0,0,0,0,0,0,0x4000000000000000,0,0,1,0,0,0,0,2015-03-23 17:27:41,1427131661.0,17,27
1804011,59112,d8db6631-30e2-4e5e-bd5a-82b7cd41868f,2015-03-23 17:27:43,informant-PC, Microsoft-Windows-Bits-Client ,Other,0,0,0,0,0,1,0,None,892,Microsoft-Windows-Bits-Client/Operational,204,0,0,0,0,0,0,0,0,0,0,0x4000000000000000,0,0,1,0,0,0,0,2015-03-23 17:27:43,1427131663.0,17,27
1804016,59112,f2f0cc1e-51f7-4aef-ba73-cd365859ff07,2015-03-23 17:27:43,informant-PC, Microsoft-Windows-Bits-Client ,Other,0,0,0,0,0,1,0,None,892,Microsoft-Windows-Bits-Client/Operational,204,0,0,0,0,0,0,0,0,0,0,0x4000000000000000,0,0,1,0,0,0,0,2015-03-23 17:27:43,1427131663.0,17,27
1805839,59112,10c70270-cc41-4753-8c35-37a9b92e9735,2015-03-23 17:27:45,informant-PC, Microsoft-Windows-Bits-Client ,Other,0,0,0,0,0,1,0,None,892,Microsoft-Windows-Bits-Client/Operational,204,0,0,0,0,0,0,0,0,0,0,0x4000000000000000,0,0,1,0,0,0,0,2015-03-23 17:27:45,1427131665.0,17,27
1805845,59112,36e1ec04-bb76-4779-8fad-2aa4e074ad38,2015-03-23 17:27:45,informant-PC, Microsoft-Windows-Bits-Client ,Other,0,0,0,0,0,1,0,None,892,Microsoft-Windows-Bits-Client/Operational,204,0,0,0,0,0,0,0,0,0,0,0x4000000000000000,0,0,1,0,0,0,0,2015-03-23 17:27:45,1427131665.0,17,27
1806575,59112,f0531c2e-8858-4b64-9368-36837092f6b4,2015-03-23 17:27:47,informant-PC, Microsoft-Windows-Bits-Client ,Other,0,0,0,0,0,1,0,None,892,Microsoft-Windows-Bits-Client/Operational,203,0,0,0,0,0,0,0,0,0,0,0x4000000000000000,0,0,1,0,0,0,0,2015-03-23 17:27:47,1427131667.0,17,27
1806576,59112,0c353639-e534-4778-b4cf-a68008ecaa95,2015-03-23 17:27:47,informant-PC, Microsoft-Windows-Bits-Client ,Other,0,0,0,0,0,1,0,None,892,Microsoft-Windows-Bits-Client/Operational,203,0,0,0,0,0,0,0,0,0,0,0x4000000000000000,0,0,1,0,0,0,0,2015-03-23 17:27:47,1427131667.0,17,27
1806779,59112,298e240e-d649-4a2b-8bcb-c7644a3153a7,2015-03-23 17:27:48,informant-PC, Microsoft-Windows-Bits-Client ,Other,0,0,0,0,0,1,0,None,892,Microsoft-Windows-Bits-Client/Operational,59,0,0,0,0,0,0,0,0,0,0,0x4000000000000000,0,0,1,0,0,0,0,2015-03-23 17:27:48,1427131668.0,17,27
1806780,59112,8cf6cfa3-057a-4676-bab0-0343e3c09def,2015-03-23 17:27:48,informant-PC, Microsoft-Windows-Bits-Client ,Other,0,0,0,0,0,1,0,None,892,Microsoft-Windows-Bits-Client/Operational,59,0,0,0,0,0,0,0,0,0,0,0x4000000000000000,0,0,1,0,0,0,0,2015-03-23 17:27:48,1427131668.0,17,27
1806852,59112,a775f317-6712-461a-a0af-bbdc3d896268,2015-03-23 17:27:48,informant-PC, Microsoft-Windows-Bits-Client ,Other,0,0,0,0,0,1,0,None,892,Microsoft-Windows-Bits-Client/Operational,203,0,0,0,0,0,0,0,0,0,0,0x4000000000000000,0,0,1,0,0,0,0,2015-03-23 17:27:48,1427131668.0,17,27
1806853,59112,7186e5a9-a98e-4c44-9d5f-f288e945f239,2015-03-23 17:27:48,informant-PC, Microsoft-Windows-Bits-Client ,Other,0,0,0,0,0,1,0,None,892,Microsoft-Windows-Bits-Client/Operational,203,0,0,0,0,0,0,0,0,0,0,0x4000000000000000,0,0,1,0,0,0,0,2015-03-23 17:27:48,1427131668.0,17,27
1807147,59112,dcdd3ace-4f74-42d0-b368-b867f5917689,2015-03-23 17:27:52,informant-PC, Microsoft-Windows-Bits-Client ,Other,0,0,0,0,0,1,0,None,892,Microsoft-Windows-Bits-Client/Operational,60,0,0,0,0,0,0,0,0,0,0,0x4000000000000000,0,0,1,0,0,0,0,2015-03-23 17:27:52,1427131672.0,17,27
1807151,59112,c7a8f08b-c202-48a7-aded-1e5fcf91a936,2015-03-23 17:27:52,informant-PC, Microsoft-Windows-Bits-Client ,Other,0,0,0,0,0,1,0,None,892,Microsoft-Windows-Bits-Client/Operational,60,0,0,0,0,0,0,0,0,0,0,0x4000000000000000,0,0,1,0,0,0,0,2015-03-23 17:27:52,1427131672.0,17,27
1807186,59112,7feb75a6-e0be-4d57-9b8c-04ba8f985aa4,2015-03-23 17:27:53,informant-PC, Microsoft-Windows-Bits-Client ,Other,0,0,0,0,0,1,0,None,892,Microsoft-Windows-Bits-Client/Operational,4,0,0,0,0,0,0,0,0,0,0,0x4000000000000000,0,0,1,0,0,0,0,2015-03-23 17:27:53,1427131673.0,17,27
1807187,59112,cc29fae5-861f-4258-be61-2b953fc8a145,2015-03-23 17:27:53,informant-PC, Microsoft-Windows-Bits-Client ,Other,0,0,0,0,0,1,0,None,892,Microsoft-Windows-Bits-Client/Operational,4,0,0,0,0,0,0,0,0,0,0,0x4000000000000000,0,0,1,0,0,0,0,2015-03-23 17:27:53,1427131673.0,17,27
1807439,59078,c457dcf6-c049-4183-aac2-754f865be6cc,2015-03-23 17:28:00,informant-PC, Microsoft-Windows-KnownFolders ,Other,0,0,0,0,0,1,0,None,1088,Microsoft-Windows-Known Folders API Service,1002,0,0,0,0,0,0,0,0,0,0,0x8000000000000000,0,0,0,1,0,0,0,2015-03-23 17:28:00,1427131680.0,17,28
1807440,59078,33c90b4d-aeb8-4290-bd3d-7e9a9be3b182,2015-03-23 17:28:00,informant-PC, Microsoft-Windows-KnownFolders ,Other,0,0,0,0,0,1,0,None,1088,Microsoft-Windows-Known Folders API Service,1002,0,0,0,0,0,0,0,0,0,0,0x8000000000000000,0,0,0,1,0,0,0,2015-03-23 17:28:00,1427131680.0,17,28
1807441,59078,eacf1f75-e406-47d4-95df-8a28f6cf1353,2015-03-23 17:28:00,informant-PC, Microsoft-Windows-KnownFolders ,Other,0,0,0,0,0,1,0,None,1088,Microsoft-Windows-Known Folders API Service,1002,0,0,0,0,0,0,0,0,0,0,0x8000000000000000,0,0,0,1,0,0,0,2015-03-23 17:28:00,1427131680.0,17,28
1807442,59078,b5cb8040-7771-425c-8ac9-96871d05a066,2015-03-23 17:28:00,informant-PC, Microsoft-Windows-KnownFolders ,Other,0,0,0,0,0,1,0,None,1088,Microsoft-Windows-Known Folders API Service,1002,0,0,0,0,0,0,0,0,0,0,0x8000000000000000,0,0,0,1,0,0,0,2015-03-23 17:28:00,1427131680.0,17,28
1807443,59078,f261c7c1-08b1-4b76-b166-c43e183bbdb6,2015-03-23 17:28:00,informant-PC, Microsoft-Windows-KnownFolders ,Other,0,0,0,0,0,1,0,None,1088,Microsoft-Windows-Known Folders API Service,1002,0,0,0,0,0,0,0,0,0,0,0x8000000000000000,0,0,0,1,0,0,0,2015-03-23 17:28:00,1427131680.0,17,28
1807444,59078,05331e16-a4a5-418a-a5e3-ed8c9a659ab9,2015-03-23 17:28:00,informant-PC, Microsoft-Windows-KnownFolders ,Other,0,0,0,0,0,1,0,None,1088,Microsoft-Windows-Known Folders API Service,1002,0,0,0,0,0,0,0,0,0,0,0x8000000000000000,0,0,0,1,0,0,0,2015-03-23 17:28:00,1427131680.0,17,28
1807445,59078,82729f54-b3e3-426d-8a6f-e33b4889e219,2015-03-23 17:28:00,informant-PC, Microsoft-Windows-KnownFolders ,Other,0,0,0,0,0,1,0,None,1088,Microsoft-Windows-Known Folders API Service,1002,0,0,0,0,0,0,0,0,0,0,0x8000000000000000,0,0,0,1,0,0,0,2015-03-23 17:28:00,1427131680.0,17,28
1807446,59078,9702fa98-a69e-482d-89dc-e213dd54b5df,2015-03-23 17:28:00,informant-PC, Microsoft-Windows-KnownFolders ,Other,0,0,0,0,0,1,0,None,1088,Microsoft-Windows-Known Folders API Service,1002,0,0,0,0,0,0,0,0,0,0,0x8000000000000000,0,0,0,1,0,0,0,2015-03-23 17:28:00,1427131680.0,17,28
1809601,59018,1fdf8a94-2572-4ce3-b81c-43e59ef7e6db,2015-03-23 17:28:37,informant-PC, Microsoft-Windows-LoadPerf ,Application,0,1,0,0,0,0,0,None,3236,Application,1001,0,0,0,0,0,0,0,0,0,0,0x8000000000000000,0,0,0,1,0,0,0,2015-03-23 17:28:37,1427131717.0,17,28
1809606,59018,69b8371e-1a37-4667-93c4-2357064731f4,2015-03-23 17:28:37,informant-PC, Microsoft-Windows-LoadPerf ,Application,0,1,0,0,0,0,0,None,3236,Application,1001,0,0,0,0,0,0,0,0,0,0,0x8000000000000000,0,0,0,1,0,0,0,2015-03-23 17:28:37,1427131717.0,17,28
1809623,59018,d63093ab-6105-4d82-95ea-d07638c43707,2015-03-23 17:28:37,informant-PC, Microsoft-Windows-LoadPerf ,Application,0,1,0,0,0,0,0,None,3236,Application,1000,0,0,0,0,0,0,0,0,0,0,0x8000000000000000,0,0,0,1,0,0,0,2015-03-23 17:28:37,1427131717.0,17,28
1809624,59018,4999d7c9-695c-4226-bede-62183f0043dc,2015-03-23 17:28:37,informant-PC, Microsoft-Windows-LoadPerf ,Application,0,1,0,0,0,0,0,None,3236,Application,1000,0,0,0,0,0,0,0,0,0,0,0x8000000000000000,0,0,0,1,0,0,0,2015-03-23 17:28:37,1427131717.0,17,28
1810604,59018,c00289b2-0960-404f-ae18-939fa6ded85e,2015-03-23 17:29:38,informant-PC, Outlook ,Application,0,1,0,0,0,0,0,None,None,Application,63,0,0,0,0,0,0,0,0,0,0,0x0080000000000000,0,0,0,0,0,0,0,2015-03-23 17:29:38,1427131778.0,17,29
1810605,59018,7414402a-71a7-41f7-a651-00c17c7fdb81,2015-03-23 17:29:38,informant-PC, Outlook ,Application,0,1,0,0,0,0,0,None,None,Application,63,0,0,0,0,0,0,0,0,0,0,0x0080000000000000,0,0,0,0,0,0,0,2015-03-23 17:29:38,1427131778.0,17,29
1811225,2186,f302f5a9-fc30-412b-b1a5-848f55d4f356,2015-03-23 17:31:29,informant-PC, Microsoft-Windows-WindowsBackup ,Other,0,0,0,0,0,1,0,None,4028,Microsoft-Windows-WindowsBackup/ActionCenter,100,0,0,0,0,0,0,0,0,0,0,0x8000000000000000,0,0,0,1,0,0,0,2015-03-23 17:31:29,1427131889.0,17,31
1811226,2186,c1e18f0a-e8d6-4f7f-91bd-a492a06aff69,2015-03-23 17:31:29,informant-PC, Microsoft-Windows-WindowsBackup ,Other,0,0,0,0,0,1,0,None,4028,Microsoft-Windows-WindowsBackup/ActionCenter,100,0,0,0,0,0,0,0,0,0,0,0x8000000000000000,0,0,0,1,0,0,0,2015-03-23 17:31:29,1427131889.0,17,31
1811243,59018,8d71c464-f58e-40f3-a149-e41f165daf3d,2015-03-23 17:31:37,informant-PC, Office Software Protection Platform Service ,Application,0,1,0,0,0,0,0,None,None,Application,903,0,0,0,0,0,0,0,0,0,0,0x0080000000000000,0,0,0,0,0,0,0,2015-03-23 17:31:37,1427131897.0,17,31
1811244,59018,8dcfef6f-de19-4753-adad-fa48626e9b83,2015-03-23 17:31:37,informant-PC, Office Software Protection Platform Service ,Application,0,1,0,0,0,0,0,None,None,Application,903,0,0,0,0,0,0,0,0,0,0,0x0080000000000000,0,0,0,0,0,0,0,2015-03-23 17:31:37,1427131897.0,17,31
1811245,59017,77da7f1f-7f62-409a-bc81-4ee09c1fc4c4,2015-03-23 17:31:37,informant-PC, Service Control Manager ,System,0,0,1,0,0,0,0,None,484,System,7036,0,0,0,0,0,0,0,0,0,0,0x8080000000000000,0,0,0,1,0,0,0,2015-03-23 17:31:37,1427131897.0,17,31
1811246,59017,4c312d83-5cd3-4c96-8924-ec8713f46e6a,2015-03-23 17:31:37,informant-PC, Service Control Manager ,System,0,0,1,0,0,0,0,None,484,System,7036,0,0,0,0,0,0,0,0,0,0,0x8080000000000000,0,0,0,1,0,0,0,2015-03-23 17:31:37,1427131897.0,17,31
1811339,59112,b50302e5-a5f4-478c-a0f1-f00a33f48599,2015-03-23 17:33:02,informant-PC, Microsoft-Windows-Bits-Client ,Other,0,0,0,0,0,1,0,None,892,Microsoft-Windows-Bits-Client/Operational,3,0,0,0,0,0,0,0,0,0,0,0x4000000000000000,0,0,1,0,0,0,0,2015-03-23 17:33:02,1427131982.0,17,33
1811347,59112,63ea5271-f850-45cc-a141-c166a4d9c3f9,2015-03-23 17:33:02,informant-PC, Microsoft-Windows-Bits-Client ,Other,0,0,0,0,0,1,0,None,892,Microsoft-Windows-Bits-Client/Operational,3,0,0,0,0,0,0,0,0,0,0,0x4000000000000000,0,0,1,0,0,0,0,2015-03-23 17:33:02,1427131982.0,17,33
1811351,59112,543a055f-b225-44ff-be2d-27157d81dd9a,2015-03-23 17:33:02,informant-PC, Microsoft-Windows-Bits-Client ,Other,0,0,0,0,0,1,0,None,892,Microsoft-Windows-Bits-Client/Operational,59,0,0,0,0,0,0,0,0,0,0,0x4000000000000000,0,0,1,0,0,0,0,2015-03-23 17:33:02,1427131982.0,17,33
1811352,59112,5a2a7b74-324e-40fd-83ca-b5db3b33f8ad,2015-03-23 17:33:02,informant-PC, Microsoft-Windows-Bits-Client ,Other,0,0,0,0,0,1,0,None,892,Microsoft-Windows-Bits-Client/Operational,59,0,0,0,0,0,0,0,0,0,0,0x4000000000000000,0,0,1,0,0,0,0,2015-03-23 17:33:02,1427131982.0,17,33
1811361,59112,37e8cb87-29bc-477c-af9a-9f28c19d233e,2015-03-23 17:33:21,informant-PC, Microsoft-Windows-Bits-Client ,Other,0,0,0,0,0,1,0,None,892,Microsoft-Windows-Bits-Client/Operational,60,0,0,0,0,0,0,0,0,0,0,0x4000000000000000,0,0,1,0,0,0,0,2015-03-23 17:33:21,1427132001.0,17,33
1811364,59112,334a235d-421d-4196-8d54-15f8a5897cf1,2015-03-23 17:33:21,informant-PC, Microsoft-Windows-Bits-Client ,Other,0,0,0,0,0,1,0,None,892,Microsoft-Windows-Bits-Client/Operational,60,0,0,0,0,0,0,0,0,0,0,0x4000000000000000,0,0,1,0,0,0,0,2015-03-23 17:33:21,1427132001.0,17,33
1811365,59112,fcc0307f-2f52-48a3-88a5-cd3d1743154c,2015-03-23 17:33:22,informant-PC, Microsoft-Windows-Bits-Client ,Other,0,0,0,0,0,1,0,None,892,Microsoft-Windows-Bits-Client/Operational,4,0,0,0,0,0,0,0,0,0,0,0x4000000000000000,0,0,1,0,0,0,0,2015-03-23 17:33:22,1427132002.0,17,33
