1734889,59042,8510010d-8deb-49ee-a5db-56d7c401cee5,2015-03-22 15:43:38,informant-PC, Microsoft-Windows-GroupPolicy ,Other,0,0,0,0,0,1,0,None,904,Microsoft-Windows-GroupPolicy/Operational,5320,0,0,0,0,0,0,0,0,0,0,0x4000000000000000,0,0,1,0,0,0,0,2015-03-22 15:43:38,1427039018.0,15,43
1734890,59017,b4460897-5b4f-4619-b3c0-5f9bbd6565b1,2015-03-22 15:43:38,informant-PC, Service Control Manager ,System,0,0,1,0,0,0,0,None,484,System,7036,0,0,0,0,0,0,0,0,0,0,0x8080000000000000,0,0,0,1,0,0,0,2015-03-22 15:43:38,1427039018.0,15,43
1734891,59042,16050052-b8d8-4337-96a3-821b69a05dc0,2015-03-22 15:43:38,informant-PC, Microsoft-Windows-GroupPolicy ,Other,0,0,0,0,0,1,0,None,904,Microsoft-Windows-GroupPolicy/Operational,5321,0,0,0,0,0,0,0,0,0,0,0x4000000000000000,0,0,1,0,0,0,0,2015-03-22 15:43:38,1427039018.0,15,43
1734892,59042,72a4f8be-7d67-4c59-88e9-2a863e64cf0d,2015-03-22 15:43:38,informant-PC, Microsoft-Windows-GroupPolicy ,Other,0,0,0,0,0,1,0,None,904,Microsoft-Windows-GroupPolicy/Operational,5320,0,0,0,0,0,0,0,0,0,0,0x4000000000000000,0,0,1,0,0,0,0,2015-03-22 15:43:38,1427039018.0,15,43
1734893,59017,1bd11656-00d1-4195-b6e5-be1fdf5d90bf,2015-03-22 15:43:38,informant-PC, Service Control Manager ,System,0,0,1,0,0,0,0,None,484,System,7036,0,0,0,0,0,0,0,0,0,0,0x8080000000000000,0,0,0,1,0,0,0,2015-03-22 15:43:38,1427039018.0,15,43
1734894,59018,0e96584f-d773-456d-ba82-e5ad0086e98e,2015-03-22 15:43:38,informant-PC, Microsoft-Windows-User Profiles Service ,Application,0,1,0,0,0,0,0,None,904,Application,1531,0,0,0,0,0,0,0,0,0,0,0x8000000000000000,0,0,0,1,0,0,0,2015-03-22 15:43:38,1427039018.0,15,43
1734895,59018,4dcd3bfa-bf67-4746-a392-62ebfaad8493,2015-03-22 15:43:38,informant-PC, Microsoft-Windows-User Profiles Service ,Application,0,1,0,0,0,0,0,None,904,Application,1531,0,0,0,0,0,0,0,0,0,0,0x8000000000000000,0,0,0,1,0,0,0,2015-03-22 15:43:38,1427039018.0,15,43
1734896,59017,0d19c12d-2c23-4820-8ffd-db6e6c15f744,2015-03-22 15:43:38,informant-PC, Service Control Manager ,System,0,0,1,0,0,0,0,None,484,System,7036,0,0,0,0,0,0,0,0,0,0,0x8080000000000000,0,0,0,1,0,0,0,2015-03-22 15:43:38,1427039018.0,15,43
1734897,59017,57004b38-a4cc-4ff7-aded-b7d777f4d289,2015-03-22 15:43:38,informant-PC, Service Control Manager ,System,0,0,1,0,0,0,0,None,484,System,7036,0,0,0,0,0,0,0,0,0,0,0x8080000000000000,0,0,0,1,0,0,0,2015-03-22 15:43:38,1427039018.0,15,43
1734898,59042,bada3e49-969d-4196-a882-f0d0fbd7abd9,2015-03-22 15:43:38,informant-PC, Microsoft-Windows-GroupPolicy ,Other,0,0,0,0,0,1,0,None,904,Microsoft-Windows-GroupPolicy/Operational,5320,0,0,0,0,0,0,0,0,0,0,0x4000000000000000,0,0,1,0,0,0,0,2015-03-22 15:43:38,1427039018.0,15,43
1734899,59042,af8af38c-8433-4e49-9e6d-a67f9bae034a,2015-03-22 15:43:38,informant-PC, Microsoft-Windows-GroupPolicy ,Other,0,0,0,0,0,1,0,None,904,Microsoft-Windows-GroupPolicy/Operational,5321,0,0,0,0,0,0,0,0,0,0,0x4000000000000000,0,0,1,0,0,0,0,2015-03-22 15:43:38,1427039018.0,15,43
1734900,59042,a710932b-532e-4450-a8c2-921031bacae5,2015-03-22 15:43:38,informant-PC, Microsoft-Windows-GroupPolicy ,Other,0,0,0,0,0,1,0,None,904,Microsoft-Windows-GroupPolicy/Operational,5320,0,0,0,0,0,0,0,0,0,0,0x4000000000000000,0,0,1,0,0,0,0,2015-03-22 15:43:38,1427039018.0,15,43
1734901,59042,1877de74-07a4-407b-a864-75fca70f9bf8,2015-03-22 15:43:38,informant-PC, Microsoft-Windows-GroupPolicy ,Other,0,0,0,0,0,1,0,None,904,Microsoft-Windows-GroupPolicy/Operational,5320,0,0,0,0,0,0,0,0,0,0,0x4000000000000000,0,0,1,0,0,0,0,2015-03-22 15:43:38,1427039018.0,15,43
1734902,59017,5147f117-ec9f-4e12-b03f-9da51d95f448,2015-03-22 15:43:38,informant-PC, Service Control Manager ,System,0,0,1,0,0,0,0,None,484,System,7036,0,0,0,0,0,0,0,0,0,0,0x8080000000000000,0,0,0,1,0,0,0,2015-03-22 15:43:38,1427039018.0,15,43
1734903,59017,19bab3a5-8e88-4df9-a017-816ecf88d39f,2015-03-22 15:43:38,informant-PC, Service Control Manager ,System,0,0,1,0,0,0,0,None,484,System,7036,0,0,0,0,0,0,0,0,0,0,0x8080000000000000,0,0,0,1,0,0,0,2015-03-22 15:43:38,1427039018.0,15,43
1734904,59040,bfb3a221-04ca-4ae6-858d-cbfbc693f711,2015-03-22 15:43:38,informant-PC, Microsoft-Windows-OfflineFiles ,Other,0,0,0,0,0,1,0,None,824,Microsoft-Windows-OfflineFiles/Operational,1,0,0,0,0,0,0,0,0,0,0,0x4000000000000010,0,0,1,0,0,0,0,2015-03-22 15:43:38,1427039018.0,15,43
1734905,59017,9836f8dc-33bf-447b-b310-3796bd94bb9a,2015-03-22 15:43:38,informant-PC, Service Control Manager ,System,0,0,1,0,0,0,0,None,484,System,7036,0,0,0,0,0,0,0,0,0,0,0x8080000000000000,0,0,0,1,0,0,0,2015-03-22 15:43:38,1427039018.0,15,43
1734906,59017,7f96f89e-7da1-4ffc-98ad-6105c2d97caf,2015-03-22 15:43:38,informant-PC, Service Control Manager ,System,0,0,1,0,0,0,0,None,484,System,7036,0,0,0,0,0,0,0,0,0,0,0x8080000000000000,0,0,0,1,0,0,0,2015-03-22 15:43:38,1427039018.0,15,43
1734907,59017,bb7aa39e-7ba8-4b35-872b-8c096244bb56,2015-03-22 15:43:38,informant-PC, Service Control Manager ,System,0,0,1,0,0,0,0,None,484,System,7036,0,0,0,0,0,0,0,0,0,0,0x8080000000000000,0,0,0,1,0,0,0,2015-03-22 15:43:38,1427039018.0,15,43
1734908,59040,fdf16eaa-a222-490c-9a7d-0f4f1190b2ef,2015-03-22 15:43:38,informant-PC, Microsoft-Windows-OfflineFiles ,Other,0,0,0,0,0,1,0,None,824,Microsoft-Windows-OfflineFiles/Operational,1,0,0,0,0,0,0,0,0,0,0,0x4000000000000010,0,0,1,0,0,0,0,2015-03-22 15:43:38,1427039018.0,15,43
1734909,59017,5522243e-16ba-4cbe-a92c-22b577e3ac44,2015-03-22 15:43:38,informant-PC, Service Control Manager ,System,0,0,1,0,0,0,0,None,484,System,7036,0,0,0,0,0,0,0,0,0,0,0x8080000000000000,0,0,0,1,0,0,0,2015-03-22 15:43:38,1427039018.0,15,43
1734910,59041,5d9d4645-16d8-4ca0-974b-55297f68e254,2015-03-22 15:43:38,informant-PC, Microsoft-Windows-BranchCacheSMB ,Other,0,0,0,0,0,1,0,None,824,Microsoft-Windows-BranchCacheSMB/Operational,3005,0,0,0,0,0,0,0,0,0,0,0x8000000000000800,0,0,0,1,0,0,0,2015-03-22 15:43:38,1427039018.0,15,43
1734911,59017,ee8bf58f-825a-4a8b-ba34-c578eedc10ee,2015-03-22 15:43:38,informant-PC, Service Control Manager ,System,0,0,1,0,0,0,0,None,484,System,7036,0,0,0,0,0,0,0,0,0,0,0x8080000000000000,0,0,0,1,0,0,0,2015-03-22 15:43:38,1427039018.0,15,43
1734912,59017,dda5f34c-3b02-49b6-88f6-25b2c04198af,2015-03-22 15:43:38,informant-PC, Service Control Manager ,System,0,0,1,0,0,0,0,None,484,System,7036,0,0,0,0,0,0,0,0,0,0,0x8080000000000000,0,0,0,1,0,0,0,2015-03-22 15:43:38,1427039018.0,15,43
1734913,59041,52a1a23f-b294-4b44-a229-d408463fe94c,2015-03-22 15:43:38,informant-PC, Microsoft-Windows-BranchCacheSMB ,Other,0,0,0,0,0,1,0,None,824,Microsoft-Windows-BranchCacheSMB/Operational,3005,0,0,0,0,0,0,0,0,0,0,0x8000000000000800,0,0,0,1,0,0,0,2015-03-22 15:43:38,1427039018.0,15,43
1734914,59017,886ef050-f379-4714-837e-e54505c60694,2015-03-22 15:43:38,informant-PC, Service Control Manager ,System,0,0,1,0,0,0,0,None,484,System,7036,0,0,0,0,0,0,0,0,0,0,0x8080000000000000,0,0,0,1,0,0,0,2015-03-22 15:43:38,1427039018.0,15,43
1734915,59017,5e25d774-6157-4590-b754-502dfd94c795,2015-03-22 15:43:38,informant-PC, Service Control Manager ,System,0,0,1,0,0,0,0,None,484,System,7036,0,0,0,0,0,0,0,0,0,0,0x8080000000000000,0,0,0,1,0,0,0,2015-03-22 15:43:38,1427039018.0,15,43
1734916,59017,ddaecf39-8350-4378-bcdb-0b6df64c2d5a,2015-03-22 15:43:38,informant-PC, Service Control Manager ,System,0,0,1,0,0,0,0,None,484,System,7036,0,0,0,0,0,0,0,0,0,0,0x8080000000000000,0,0,0,1,0,0,0,2015-03-22 15:43:38,1427039018.0,15,43
1734917,59017,0ba553ab-1a8e-4286-bc59-0d3add8bde8f,2015-03-22 15:43:38,informant-PC, Service Control Manager ,System,0,0,1,0,0,0,0,None,484,System,7036,0,0,0,0,0,0,0,0,0,0,0x8080000000000000,0,0,0,1,0,0,0,2015-03-22 15:43:38,1427039018.0,15,43
1734918,59017,5e859db9-9c69-4609-8ad1-157ac4f30ec9,2015-03-22 15:43:38,informant-PC, Microsoft-Windows-DHCPv6-Client ,System,0,0,1,0,0,0,0,None,744,System,51046,0,0,0,0,0,0,0,0,0,4,0x2000000000000000,0,1,0,0,0,0,0,2015-03-22 15:43:38,1427039018.0,15,43
1734919,59017,78c933b3-790c-4a09-89b9-98e33e660c40,2015-03-22 15:43:38,informant-PC, Microsoft-Windows-DHCPv6-Client ,System,0,0,1,0,0,0,0,None,744,System,51046,0,0,0,0,0,0,0,0,0,4,0x2000000000000000,0,1,0,0,0,0,0,2015-03-22 15:43:38,1427039018.0,15,43
1734920,59017,71451b46-a0c2-4599-982e-b4102131f3b7,2015-03-22 15:43:38,informant-PC, Service Control Manager ,System,0,0,1,0,0,0,0,None,484,System,7036,0,0,0,0,0,0,0,0,0,0,0x8080000000000000,0,0,0,1,0,0,0,2015-03-22 15:43:38,1427039018.0,15,43
1734921,59017,fac0c5ff-7ce7-468a-a6d0-437df697a64f,2015-03-22 15:43:38,informant-PC, Service Control Manager ,System,0,0,1,0,0,0,0,None,484,System,7036,0,0,0,0,0,0,0,0,0,0,0x8080000000000000,0,0,0,1,0,0,0,2015-03-22 15:43:38,1427039018.0,15,43
1734922,59017,a0648850-1c24-469d-8bfc-f2debd4189d0,2015-03-22 15:43:38,informant-PC, Microsoft-Windows-Dhcp-Client ,System,0,0,1,0,0,0,0,None,744,System,50036,0,0,0,0,0,0,0,0,0,4,0x2000000000000000,0,1,0,0,0,0,0,2015-03-22 15:43:38,1427039018.0,15,43
1734923,59017,9928cfe6-1020-49b4-9666-8e6cebddb7a1,2015-03-22 15:43:38,informant-PC, Service Control Manager ,System,0,0,1,0,0,0,0,None,484,System,7036,0,0,0,0,0,0,0,0,0,0,0x8080000000000000,0,0,0,1,0,0,0,2015-03-22 15:43:38,1427039018.0,15,43
1734924,59017,e6709883-31f5-4b22-b7ac-a4ca27a9a4a9,2015-03-22 15:43:38,informant-PC, Microsoft-Windows-Dhcp-Client ,System,0,0,1,0,0,0,0,None,744,System,50036,0,0,0,0,0,0,0,0,0,4,0x2000000000000000,0,1,0,0,0,0,0,2015-03-22 15:43:38,1427039018.0,15,43
1734925,59017,5bab8236-1d91-4964-a8c1-50db5dbf5bf6,2015-03-22 15:43:38,informant-PC, Service Control Manager ,System,0,0,1,0,0,0,0,None,484,System,7036,0,0,0,0,0,0,0,0,0,0,0x8080000000000000,0,0,0,1,0,0,0,2015-03-22 15:43:38,1427039018.0,15,43
1734926,59017,11807512-469c-4f5e-a689-d203ee0334e1,2015-03-22 15:43:38,informant-PC, Service Control Manager ,System,0,0,1,0,0,0,0,None,484,System,7036,0,0,0,0,0,0,0,0,0,0,0x8080000000000000,0,0,0,1,0,0,0,2015-03-22 15:43:38,1427039018.0,15,43
1734927,59017,2b048cec-dab8-4ae4-ba75-d997e269bb6d,2015-03-22 15:43:38,informant-PC, Service Control Manager ,System,0,0,1,0,0,0,0,None,484,System,7036,0,0,0,0,0,0,0,0,0,0,0x8080000000000000,0,0,0,1,0,0,0,2015-03-22 15:43:38,1427039018.0,15,43
1734928,59017,d1c9309d-c3c2-4ce4-9668-c1b2a7a557fe,2015-03-22 15:43:38,informant-PC, Service Control Manager ,System,0,0,1,0,0,0,0,None,484,System,7036,0,0,0,0,0,0,0,0,0,0,0x8080000000000000,0,0,0,1,0,0,0,2015-03-22 15:43:38,1427039018.0,15,43
1734929,59017,53b303c5-5801-4a16-91d1-440d80971caa,2015-03-22 15:43:38,informant-PC, Service Control Manager ,System,0,0,1,0,0,0,0,None,484,System,7036,0,0,0,0,0,0,0,0,0,0,0x8080000000000000,0,0,0,1,0,0,0,2015-03-22 15:43:38,1427039018.0,15,43
1734936,59017,b8689d24-3055-4ff1-9804-73df8d8e7c12,2015-03-22 15:43:38,informant-PC, Service Control Manager ,System,0,0,1,0,0,0,0,None,484,System,7036,0,0,0,0,0,0,0,0,0,0,0x8080000000000000,0,0,0,1,0,0,0,2015-03-22 15:43:38,1427039018.0,15,43
1734946,59017,029a2982-26c1-4c69-95a0-79e8bdaa93e8,2015-03-22 15:43:38,informant-PC, Service Control Manager ,System,0,0,1,0,0,0,0,None,484,System,7036,0,0,0,0,0,0,0,0,0,0,0x8080000000000000,0,0,0,1,0,0,0,2015-03-22 15:43:38,1427039018.0,15,43
1734950,59019,d73ae34c-d239-4fa7-8a57-9fd43011ccbc,2015-03-22 15:43:38,informant-PC, Microsoft-Windows-Security-Auditing ,Security,1,0,0,0,0,0,0,None,500,Security,4672,0,0,0,1,0,0,0,0,0,12548,0x8020000000000000,0,0,0,1,0,0,0,2015-03-22 15:43:38,1427039018.0,15,43
1734951,59019,784ab548-50f0-4759-8fef-d492f699a0b2,2015-03-22 15:43:38,informant-PC, Microsoft-Windows-Security-Auditing ,Security,1,0,0,0,0,0,0,None,500,Security,4672,0,0,0,1,0,0,0,0,0,12548,0x8020000000000000,0,0,0,1,0,0,0,2015-03-22 15:43:38,1427039018.0,15,43
1734952,59019,075c979c-e349-4d6c-9497-de0e040b15be,2015-03-22 15:43:38,informant-PC, Microsoft-Windows-Security-Auditing ,Security,1,0,0,0,0,0,0,S-1-5-18,500,Security,4624,0,0,0,1,0,0,0,0,0,12544,0x8020000000000000,0,0,0,1,0,0,0,2015-03-22 15:43:38,1427039018.0,15,43
1734953,59019,ae551b0d-d28f-4366-b66d-36d687f3d3e0,2015-03-22 15:43:38,informant-PC, Microsoft-Windows-Security-Auditing ,Security,1,0,0,0,0,0,0,S-1-5-18,500,Security,4624,0,0,0,1,0,0,0,0,0,12544,0x8020000000000000,0,0,0,1,0,0,0,2015-03-22 15:43:38,1427039018.0,15,43
1734966,59017,62e50d2b-fa04-40c8-9e12-550d32b5d27f,2015-03-22 15:43:39,informant-PC, Service Control Manager ,System,0,0,1,0,0,0,0,None,484,System,7036,0,0,0,0,0,0,0,0,0,0,0x8080000000000000,0,0,0,1,0,0,0,2015-03-22 15:43:39,1427039019.0,15,43
1734967,59017,4e46b959-dcf7-4fe2-9337-56ae84342729,2015-03-22 15:43:39,informant-PC, Service Control Manager ,System,0,0,1,0,0,0,0,None,484,System,7036,0,0,0,0,0,0,0,0,0,0,0x8080000000000000,0,0,0,1,0,0,0,2015-03-22 15:43:39,1427039019.0,15,43
1734980,59017,0597dcf5-9076-4fdf-b341-7e6e93484ff9,2015-03-22 15:43:39,informant-PC, Service Control Manager ,System,0,0,1,0,0,0,0,None,484,System,7036,0,0,0,0,0,0,0,0,0,0,0x8080000000000000,0,0,0,1,0,0,0,2015-03-22 15:43:39,1427039019.0,15,43
1734981,59017,5cef499d-48f5-44e8-9b45-68de8c3a2a04,2015-03-22 15:43:39,informant-PC, Service Control Manager ,System,0,0,1,0,0,0,0,None,484,System,7036,0,0,0,0,0,0,0,0,0,0,0x8080000000000000,0,0,0,1,0,0,0,2015-03-22 15:43:39,1427039019.0,15,43
1734994,59019,d50c9dda-2053-4d17-b700-efa572d12708,2015-03-22 15:43:39,informant-PC, Microsoft-Windows-Security-Auditing ,Security,1,0,0,0,0,0,0,None,4,Security,5033,0,0,0,0,0,0,0,0,1,12292,0x8020000000000000,0,0,0,1,0,0,0,2015-03-22 15:43:39,1427039019.0,15,43
1734995,59019,86183834-533a-4369-811e-9b9068880f1e,2015-03-22 15:43:39,informant-PC, Microsoft-Windows-Security-Auditing ,Security,1,0,0,0,0,0,0,None,4,Security,5033,0,0,0,0,0,0,0,0,1,12292,0x8020000000000000,0,0,0,1,0,0,0,2015-03-22 15:43:39,1427039019.0,15,43
1734996,59017,92f2b4ee-b9bb-4692-8727-77b2d603c581,2015-03-22 15:43:39,informant-PC, Service Control Manager ,System,0,0,1,0,0,0,0,None,484,System,7036,0,0,0,0,0,0,0,0,0,0,0x8080000000000000,0,0,0,1,0,0,0,2015-03-22 15:43:39,1427039019.0,15,43
1734997,59017,46667435-113b-420c-b21e-0de850041810,2015-03-22 15:43:39,informant-PC, Service Control Manager ,System,0,0,1,0,0,0,0,None,484,System,7036,0,0,0,0,0,0,0,0,0,0,0x8080000000000000,0,0,0,1,0,0,0,2015-03-22 15:43:39,1427039019.0,15,43
1734998,59042,5317c8e7-101b-463a-ace0-ef2cd16c931e,2015-03-22 15:43:40,informant-PC, Microsoft-Windows-GroupPolicy ,Other,0,0,0,0,0,1,0,None,904,Microsoft-Windows-GroupPolicy/Operational,4000,0,0,0,0,0,0,0,0,0,0,0x4000000000000000,0,0,1,0,0,0,0,2015-03-22 15:43:40,1427039020.0,15,43
1734999,59042,f137d0fd-ebd3-43ba-b44e-2f5fd8f60921,2015-03-22 15:43:40,informant-PC, Microsoft-Windows-GroupPolicy ,Other,0,0,0,0,0,1,0,None,904,Microsoft-Windows-GroupPolicy/Operational,5324,0,0,0,0,0,0,0,0,0,0,0x4000000000000000,0,0,1,0,0,0,0,2015-03-22 15:43:40,1427039020.0,15,43
1735000,59042,4b2e0e41-bc42-470c-ad3e-01d6d98d716c,2015-03-22 15:43:40,informant-PC, Microsoft-Windows-GroupPolicy ,Other,0,0,0,0,0,1,0,None,904,Microsoft-Windows-GroupPolicy/Operational,5324,0,0,0,0,0,0,0,0,0,0,0x4000000000000000,0,0,1,0,0,0,0,2015-03-22 15:43:40,1427039020.0,15,43
1735001,59042,2daa8e3c-1e12-4cf0-be28-e93a58bdac75,2015-03-22 15:43:40,informant-PC, Microsoft-Windows-GroupPolicy ,Other,0,0,0,0,0,1,0,None,904,Microsoft-Windows-GroupPolicy/Operational,4000,0,0,0,0,0,0,0,0,0,0,0x4000000000000000,0,0,1,0,0,0,0,2015-03-22 15:43:40,1427039020.0,15,43
1735002,59042,a662f76a-5e53-459a-a70a-5a401cab2ee6,2015-03-22 15:43:40,informant-PC, Microsoft-Windows-GroupPolicy ,Other,0,0,0,0,0,1,0,None,904,Microsoft-Windows-GroupPolicy/Operational,8000,0,0,0,0,0,0,0,0,0,0,0x4000000000000000,0,0,1,0,0,0,0,2015-03-22 15:43:40,1427039020.0,15,43
1735003,59042,f33736de-f47a-4d62-990e-54680ceead86,2015-03-22 15:43:40,informant-PC, Microsoft-Windows-GroupPolicy ,Other,0,0,0,0,0,1,0,None,904,Microsoft-Windows-GroupPolicy/Operational,5320,0,0,0,0,0,0,0,0,0,0,0x4000000000000000,0,0,1,0,0,0,0,2015-03-22 15:43:40,1427039020.0,15,43
1735004,59042,4e1549ee-a07e-4964-8194-ebc44ddd3991,2015-03-22 15:43:40,informant-PC, Microsoft-Windows-GroupPolicy ,Other,0,0,0,0,0,1,0,None,904,Microsoft-Windows-GroupPolicy/Operational,5315,0,0,0,0,0,0,0,0,0,0,0x4000000000000000,0,0,1,0,0,0,0,2015-03-22 15:43:40,1427039020.0,15,43
1735005,59042,8bdd68db-f79d-40ff-8467-cdda33235e64,2015-03-22 15:43:40,informant-PC, Microsoft-Windows-GroupPolicy ,Other,0,0,0,0,0,1,0,None,904,Microsoft-Windows-GroupPolicy/Operational,5313,0,0,0,0,0,0,0,0,0,0,0x4000000000000000,0,0,1,0,0,0,0,2015-03-22 15:43:40,1427039020.0,15,43
1735006,59042,706b0db6-af7e-44b6-90b9-ab912b705e21,2015-03-22 15:43:40,informant-PC, Microsoft-Windows-GroupPolicy ,Other,0,0,0,0,0,1,0,None,904,Microsoft-Windows-GroupPolicy/Operational,5320,0,0,0,0,0,0,0,0,0,0,0x4000000000000000,0,0,1,0,0,0,0,2015-03-22 15:43:40,1427039020.0,15,43
1735007,59042,567a6244-7678-4848-b176-cae23ef3ec97,2015-03-22 15:43:40,informant-PC, Microsoft-Windows-GroupPolicy ,Other,0,0,0,0,0,1,0,None,904,Microsoft-Windows-GroupPolicy/Operational,5312,0,0,0,0,0,0,0,0,0,0,0x4000000000000000,0,0,1,0,0,0,0,2015-03-22 15:43:40,1427039020.0,15,43
1735008,59041,ee95cd2f-eecd-4fec-807c-5afa7b55df3d,2015-03-22 15:43:40,informant-PC, Microsoft-Windows-BranchCacheSMB ,Other,0,0,0,0,0,1,0,None,824,Microsoft-Windows-BranchCacheSMB/Operational,3001,0,0,0,0,0,0,0,0,0,0,0x8000000000000800,0,0,0,1,0,0,0,2015-03-22 15:43:40,1427039020.0,15,43
1735009,59042,d8d9c100-93d5-4dcd-a55c-3d974ba0e316,2015-03-22 15:43:40,informant-PC, Microsoft-Windows-GroupPolicy ,Other,0,0,0,0,0,1,0,None,904,Microsoft-Windows-GroupPolicy/Operational,5320,0,0,0,0,0,0,0,0,0,0,0x4000000000000000,0,0,1,0,0,0,0,2015-03-22 15:43:40,1427039020.0,15,43
1735010,59042,01afa32f-6442-4c23-b23f-16b0bf93bf00,2015-03-22 15:43:40,informant-PC, Microsoft-Windows-GroupPolicy ,Other,0,0,0,0,0,1,0,None,904,Microsoft-Windows-GroupPolicy/Operational,5320,0,0,0,0,0,0,0,0,0,0,0x4000000000000000,0,0,1,0,0,0,0,2015-03-22 15:43:40,1427039020.0,15,43
1735011,59042,6bec896b-c57e-4ef4-a52f-a048bab58f42,2015-03-22 15:43:40,informant-PC, Microsoft-Windows-GroupPolicy ,Other,0,0,0,0,0,1,0,None,904,Microsoft-Windows-GroupPolicy/Operational,5320,0,0,0,0,0,0,0,0,0,0,0x4000000000000000,0,0,1,0,0,0,0,2015-03-22 15:43:40,1427039020.0,15,43
1735012,59042,272ea703-32c7-45f6-bace-759d748382ad,2015-03-22 15:43:40,informant-PC, Microsoft-Windows-GroupPolicy ,Other,0,0,0,0,0,1,0,None,904,Microsoft-Windows-GroupPolicy/Operational,5311,0,0,0,0,0,0,0,0,0,0,0x4000000000000000,0,0,1,0,0,0,0,2015-03-22 15:43:40,1427039020.0,15,43
1735013,59041,7c72c3dd-145c-41c3-b2a7-876653b4eaaa,2015-03-22 15:43:40,informant-PC, Microsoft-Windows-BranchCacheSMB ,Other,0,0,0,0,0,1,0,None,824,Microsoft-Windows-BranchCacheSMB/Operational,3001,0,0,0,0,0,0,0,0,0,0,0x8000000000000800,0,0,0,1,0,0,0,2015-03-22 15:43:40,1427039020.0,15,43
1735014,59042,9cd4cf36-a396-42ae-bfad-40d07a5c349e,2015-03-22 15:43:40,informant-PC, Microsoft-Windows-GroupPolicy ,Other,0,0,0,0,0,1,0,None,904,Microsoft-Windows-GroupPolicy/Operational,5312,0,0,0,0,0,0,0,0,0,0,0x4000000000000000,0,0,1,0,0,0,0,2015-03-22 15:43:40,1427039020.0,15,43
1735015,59042,8ad50add-82cf-4846-b803-bb392c97fa5d,2015-03-22 15:43:40,informant-PC, Microsoft-Windows-GroupPolicy ,Other,0,0,0,0,0,1,0,None,904,Microsoft-Windows-GroupPolicy/Operational,8000,0,0,0,0,0,0,0,0,0,0,0x4000000000000000,0,0,1,0,0,0,0,2015-03-22 15:43:40,1427039020.0,15,43
1735016,59042,f3731abe-49af-4a2e-8306-f8821d90212c,2015-03-22 15:43:40,informant-PC, Microsoft-Windows-GroupPolicy ,Other,0,0,0,0,0,1,0,None,904,Microsoft-Windows-GroupPolicy/Operational,5311,0,0,0,0,0,0,0,0,0,0,0x4000000000000000,0,0,1,0,0,0,0,2015-03-22 15:43:40,1427039020.0,15,43
1735017,59042,914faeff-3599-401c-9ee1-8a7ded685293,2015-03-22 15:43:40,informant-PC, Microsoft-Windows-GroupPolicy ,Other,0,0,0,0,0,1,0,None,904,Microsoft-Windows-GroupPolicy/Operational,5313,0,0,0,0,0,0,0,0,0,0,0x4000000000000000,0,0,1,0,0,0,0,2015-03-22 15:43:40,1427039020.0,15,43
1735018,59042,cce3b445-aac5-4864-9a70-53ed3e6fa5b2,2015-03-22 15:43:40,informant-PC, Microsoft-Windows-GroupPolicy ,Other,0,0,0,0,0,1,0,None,904,Microsoft-Windows-GroupPolicy/Operational,5320,0,0,0,0,0,0,0,0,0,0,0x4000000000000000,0,0,1,0,0,0,0,2015-03-22 15:43:40,1427039020.0,15,43
1735019,59042,a1246f9a-99c8-4689-b936-c9ec7883a330,2015-03-22 15:43:40,informant-PC, Microsoft-Windows-GroupPolicy ,Other,0,0,0,0,0,1,0,None,904,Microsoft-Windows-GroupPolicy/Operational,5315,0,0,0,0,0,0,0,0,0,0,0x4000000000000000,0,0,1,0,0,0,0,2015-03-22 15:43:40,1427039020.0,15,43
1735020,59017,a07d10ff-dbe5-4e94-ab10-548f7856c8b1,2015-03-22 15:43:40,informant-PC, Service Control Manager ,System,0,0,1,0,0,0,0,None,484,System,7036,0,0,0,0,0,0,0,0,0,0,0x8080000000000000,0,0,0,1,0,0,0,2015-03-22 15:43:40,1427039020.0,15,43
1735021,59017,280514a4-8064-4730-b515-7d47633b799d,2015-03-22 15:43:40,informant-PC, Service Control Manager ,System,0,0,1,0,0,0,0,None,484,System,7036,0,0,0,0,0,0,0,0,0,0,0x8080000000000000,0,0,0,1,0,0,0,2015-03-22 15:43:40,1427039020.0,15,43
1735023,59017,14fd4b9c-41e8-4250-b93b-dd966321077c,2015-03-22 15:43:40,informant-PC, Service Control Manager ,System,0,0,1,0,0,0,0,None,484,System,7036,0,0,0,0,0,0,0,0,0,0,0x8080000000000000,0,0,0,1,0,0,0,2015-03-22 15:43:40,1427039020.0,15,43
1735024,59017,3c245205-3919-4a47-bc7b-03518e3df5b8,2015-03-22 15:43:40,informant-PC, Service Control Manager ,System,0,0,1,0,0,0,0,None,484,System,7036,0,0,0,0,0,0,0,0,0,0,0x8080000000000000,0,0,0,1,0,0,0,2015-03-22 15:43:40,1427039020.0,15,43
1735026,59017,0428221a-f04e-44a2-846e-6ddf00e9773e,2015-03-22 15:43:40,informant-PC, Microsoft-Windows-Application-Experience ,System,0,0,1,0,0,0,0,None,824,System,201,0,0,0,0,0,0,0,0,0,0,0x8000000000000000,0,0,0,1,0,0,0,2015-03-22 15:43:40,1427039020.0,15,43
1735027,59017,f0fabce5-5610-4577-ac8c-c11043377e8b,2015-03-22 15:43:40,informant-PC, Service Control Manager ,System,0,0,1,0,0,0,0,None,484,System,7036,0,0,0,0,0,0,0,0,0,0,0x8080000000000000,0,0,0,1,0,0,0,2015-03-22 15:43:40,1427039020.0,15,43
1735028,59017,7945e6b2-ce54-47fb-bbf8-368228a9b4ae,2015-03-22 15:43:40,informant-PC, Service Control Manager ,System,0,0,1,0,0,0,0,None,484,System,7036,0,0,0,0,0,0,0,0,0,0,0x8080000000000000,0,0,0,1,0,0,0,2015-03-22 15:43:40,1427039020.0,15,43
1735029,59017,4f0b90c6-ea3c-4428-beb8-9228ff3b2525,2015-03-22 15:43:40,informant-PC, Microsoft-Windows-Application-Experience ,System,0,0,1,0,0,0,0,None,824,System,201,0,0,0,0,0,0,0,0,0,0,0x8000000000000000,0,0,0,1,0,0,0,2015-03-22 15:43:40,1427039020.0,15,43
1735030,59017,33704bad-a594-4d60-a2b3-8028aefe68c1,2015-03-22 15:43:40,informant-PC, Service Control Manager ,System,0,0,1,0,0,0,0,None,484,System,7036,0,0,0,0,0,0,0,0,0,0,0x8080000000000000,0,0,0,1,0,0,0,2015-03-22 15:43:40,1427039020.0,15,43
1735031,59017,0dc869d2-9969-4406-b455-e58448819999,2015-03-22 15:43:40,informant-PC, Service Control Manager ,System,0,0,1,0,0,0,0,None,484,System,7036,0,0,0,0,0,0,0,0,0,0,0x8080000000000000,0,0,0,1,0,0,0,2015-03-22 15:43:40,1427039020.0,15,43
1735032,59019,2d7d9f41-4b94-4377-bb90-ac6276efec0e,2015-03-22 15:43:41,informant-PC, Microsoft-Windows-Security-Auditing ,Security,1,0,0,0,0,0,0,None,500,Security,5024,0,0,0,0,0,0,0,0,1,12292,0x8020000000000000,0,0,0,1,0,0,0,2015-03-22 15:43:41,1427039021.0,15,43
1735033,59019,0b440911-0d27-41dd-ad56-50b809b22bea,2015-03-22 15:43:41,informant-PC, Microsoft-Windows-Security-Auditing ,Security,1,0,0,0,0,0,0,None,500,Security,5024,0,0,0,0,0,0,0,0,1,12292,0x8020000000000000,0,0,0,1,0,0,0,2015-03-22 15:43:41,1427039021.0,15,43
1735034,59017,daf8fe5f-b57e-44de-9628-706bf80ff8c0,2015-03-22 15:43:41,informant-PC, Service Control Manager ,System,0,0,1,0,0,0,0,None,484,System,7036,0,0,0,0,0,0,0,0,0,0,0x8080000000000000,0,0,0,1,0,0,0,2015-03-22 15:43:41,1427039021.0,15,43
1735035,59017,82976980-fe7a-4ead-b9ad-3ae3363ce7be,2015-03-22 15:43:41,informant-PC, Service Control Manager ,System,0,0,1,0,0,0,0,None,484,System,7036,0,0,0,0,0,0,0,0,0,0,0x8080000000000000,0,0,0,1,0,0,0,2015-03-22 15:43:41,1427039021.0,15,43
1735036,59017,e24f5a26-3c78-4883-b630-16e8a5873e76,2015-03-22 15:43:41,informant-PC, Service Control Manager ,System,0,0,1,0,0,0,0,None,484,System,7036,0,0,0,0,0,0,0,0,0,0,0x8080000000000000,0,0,0,1,0,0,0,2015-03-22 15:43:41,1427039021.0,15,43
1735037,59017,ee0835da-a66d-44cf-ad80-0d5a4842122d,2015-03-22 15:43:41,informant-PC, Service Control Manager ,System,0,0,1,0,0,0,0,None,484,System,7036,0,0,0,0,0,0,0,0,0,0,0x8080000000000000,0,0,0,1,0,0,0,2015-03-22 15:43:41,1427039021.0,15,43
1735348,59018,3c29d22e-9cf0-414e-84b7-3a34461b15c4,2015-03-22 15:43:42,informant-PC, WinMgmt ,Application,0,1,0,0,0,0,0,None,0,Application,5615,0,0,0,0,0,0,0,0,0,0,0x0080000000000000,0,0,0,0,0,0,0,2015-03-22 15:43:42,1427039022.0,15,43
1735349,59018,422670e8-f7af-4b38-88b1-e52bdfc81ce3,2015-03-22 15:43:42,informant-PC, WinMgmt ,Application,0,1,0,0,0,0,0,None,0,Application,5615,0,0,0,0,0,0,0,0,0,0,0x0080000000000000,0,0,0,0,0,0,0,2015-03-22 15:43:42,1427039022.0,15,43
1735594,59017,22b3bc54-8334-4098-937a-f4b2efa2b734,2015-03-22 15:43:42,informant-PC, Service Control Manager ,System,0,0,1,0,0,0,0,None,484,System,7036,0,0,0,0,0,0,0,0,0,0,0x8080000000000000,0,0,0,1,0,0,0,2015-03-22 15:43:42,1427039022.0,15,43
1735595,59017,dfc0df01-ae2d-4d73-bf0f-52997ad32e97,2015-03-22 15:43:42,informant-PC, Service Control Manager ,System,0,0,1,0,0,0,0,None,484,System,7036,0,0,0,0,0,0,0,0,0,0,0x8080000000000000,0,0,0,1,0,0,0,2015-03-22 15:43:42,1427039022.0,15,43
1735596,59017,f016b66d-0081-4c79-abd2-54f336c40964,2015-03-22 15:43:42,informant-PC, Service Control Manager ,System,0,0,1,0,0,0,0,None,484,System,7036,0,0,0,0,0,0,0,0,0,0,0x8080000000000000,0,0,0,1,0,0,0,2015-03-22 15:43:42,1427039022.0,15,43
1735597,59017,08771a41-77f5-493c-b5ae-a86d05256806,2015-03-22 15:43:42,informant-PC, Service Control Manager ,System,0,0,1,0,0,0,0,None,484,System,7036,0,0,0,0,0,0,0,0,0,0,0x8080000000000000,0,0,0,1,0,0,0,2015-03-22 15:43:42,1427039022.0,15,43
1735602,59017,8b127283-4a4a-487a-b5f0-e5c47190bf58,2015-03-22 15:43:43,informant-PC, Service Control Manager ,System,0,0,1,0,0,0,0,None,484,System,7036,0,0,0,0,0,0,0,0,0,0,0x8080000000000000,0,0,0,1,0,0,0,2015-03-22 15:43:43,1427039023.0,15,43
1735603,59017,b1a2f8d1-05fa-4dd2-8e2c-c86657c7adfa,2015-03-22 15:43:43,informant-PC, Service Control Manager ,System,0,0,1,0,0,0,0,None,484,System,7036,0,0,0,0,0,0,0,0,0,0,0x8080000000000000,0,0,0,1,0,0,0,2015-03-22 15:43:43,1427039023.0,15,43
1735610,59019,7b194070-4047-494f-bdb4-c5a0e4defea9,2015-03-22 15:43:43,informant-PC, Microsoft-Windows-Security-Auditing ,Security,1,0,0,0,0,0,0,S-1-5-7,500,Security,4624,0,0,0,1,0,0,0,0,0,12544,0x8020000000000000,0,0,0,1,0,0,0,2015-03-22 15:43:43,1427039023.0,15,43
1735611,59019,8c05fd21-54b3-48e3-9711-7bf9083b0308,2015-03-22 15:43:43,informant-PC, Microsoft-Windows-Security-Auditing ,Security,1,0,0,0,0,0,0,S-1-5-7,500,Security,4624,0,0,0,1,0,0,0,0,0,12544,0x8020000000000000,0,0,0,1,0,0,0,2015-03-22 15:43:43,1427039023.0,15,43
1735612,59017,ae234fc8-7f6b-48aa-a95b-e7d2e3afea38,2015-03-22 15:43:43,informant-PC, Service Control Manager ,System,0,0,1,0,0,0,0,None,484,System,7036,0,0,0,0,0,0,0,0,0,0,0x8080000000000000,0,0,0,1,0,0,0,2015-03-22 15:43:43,1427039023.0,15,43
1735613,59017,3f42a8ab-b78a-4c07-b237-4e87c2c7c165,2015-03-22 15:43:43,informant-PC, Service Control Manager ,System,0,0,1,0,0,0,0,None,484,System,7036,0,0,0,0,0,0,0,0,0,0,0x8080000000000000,0,0,0,1,0,0,0,2015-03-22 15:43:43,1427039023.0,15,43
1735616,59017,b73127fd-423b-494b-a1ab-d492fcefd27e,2015-03-22 15:43:43,informant-PC, Service Control Manager ,System,0,0,1,0,0,0,0,None,484,System,7036,0,0,0,0,0,0,0,0,0,0,0x8080000000000000,0,0,0,1,0,0,0,2015-03-22 15:43:43,1427039023.0,15,43
1735617,59017,bd97852c-600e-4184-8eba-6c6eaeecb0fa,2015-03-22 15:43:43,informant-PC, Service Control Manager ,System,0,0,1,0,0,0,0,None,484,System,7036,0,0,0,0,0,0,0,0,0,0,0x8080000000000000,0,0,0,1,0,0,0,2015-03-22 15:43:43,1427039023.0,15,43
1735622,59017,2936f67d-fa26-4306-818a-117bf49a4fff,2015-03-22 15:43:44,informant-PC, Service Control Manager ,System,0,0,1,0,0,0,0,None,484,System,7036,0,0,0,0,0,0,0,0,0,0,0x8080000000000000,0,0,0,1,0,0,0,2015-03-22 15:43:44,1427039024.0,15,43
1735623,59017,5e51bf53-26b4-4bcb-9d41-05eb7bfc7b96,2015-03-22 15:43:44,informant-PC, Service Control Manager ,System,0,0,1,0,0,0,0,None,484,System,7036,0,0,0,0,0,0,0,0,0,0,0x8080000000000000,0,0,0,1,0,0,0,2015-03-22 15:43:44,1427039024.0,15,43
1735624,59017,8f16c4d7-a770-4502-82a9-a80c4c63b76a,2015-03-22 15:43:44,informant-PC, Service Control Manager ,System,0,0,1,0,0,0,0,None,484,System,7036,0,0,0,0,0,0,0,0,0,0,0x8080000000000000,0,0,0,1,0,0,0,2015-03-22 15:43:44,1427039024.0,15,43
1735625,59017,1e5b601b-2c6a-47ba-ab71-88c38e9cc891,2015-03-22 15:43:44,informant-PC, Service Control Manager ,System,0,0,1,0,0,0,0,None,484,System,7036,0,0,0,0,0,0,0,0,0,0,0x8080000000000000,0,0,0,1,0,0,0,2015-03-22 15:43:44,1427039024.0,15,43
1735626,59017,1d84c503-c1d4-4b85-b845-c4daa764cc44,2015-03-22 15:43:44,informant-PC, Service Control Manager ,System,0,0,1,0,0,0,0,None,484,System,7036,0,0,0,0,0,0,0,0,0,0,0x8080000000000000,0,0,0,1,0,0,0,2015-03-22 15:43:44,1427039024.0,15,43
1735627,59017,a40082da-9a84-467d-a921-98ea3209748e,2015-03-22 15:43:44,informant-PC, Service Control Manager ,System,0,0,1,0,0,0,0,None,484,System,7036,0,0,0,0,0,0,0,0,0,0,0x8080000000000000,0,0,0,1,0,0,0,2015-03-22 15:43:44,1427039024.0,15,43
1735628,59081,ee593982-33b8-47f5-8a03-c6fd5a1696e1,2015-03-22 15:43:44,informant-PC, Microsoft-Windows-NetworkProfile ,Other,0,0,0,0,0,1,0,None,868,Microsoft-Windows-NetworkProfile/Operational,4001,0,0,0,0,0,0,0,0,0,1,0x4000200000000000,0,0,1,0,0,0,0,2015-03-22 15:43:44,1427039024.0,15,43
1735629,59081,28cd9a59-b095-4eac-8fce-15a8ee38bbe9,2015-03-22 15:43:44,informant-PC, Microsoft-Windows-NetworkProfile ,Other,0,0,0,0,0,1,0,None,868,Microsoft-Windows-NetworkProfile/Operational,4001,0,0,0,0,0,0,0,0,0,1,0x4000200000000000,0,0,1,0,0,0,0,2015-03-22 15:43:44,1427039024.0,15,43
1735630,59081,ecaf8c52-68e7-4367-a734-d467798a8fa2,2015-03-22 15:43:44,informant-PC, Microsoft-Windows-NetworkProfile ,Other,0,0,0,0,0,1,0,None,868,Microsoft-Windows-NetworkProfile/Operational,10000,0,0,0,0,0,0,0,0,0,0,0x4000200000000000,0,0,1,0,0,0,0,2015-03-22 15:43:44,1427039024.0,15,43
1735631,59081,a6c052ee-7360-4b7c-98bf-c1cd16acccc6,2015-03-22 15:43:44,informant-PC, Microsoft-Windows-NetworkProfile ,Other,0,0,0,0,0,1,0,None,868,Microsoft-Windows-NetworkProfile/Operational,10000,0,0,0,0,0,0,0,0,0,0,0x4000200000000000,0,0,1,0,0,0,0,2015-03-22 15:43:44,1427039024.0,15,43
1735632,59017,6163cdc6-6a7e-4d36-a10f-36ceaaa7c716,2015-03-22 15:43:44,informant-PC, Service Control Manager ,System,0,0,1,0,0,0,0,None,484,System,7036,0,0,0,0,0,0,0,0,0,0,0x8080000000000000,0,0,0,1,0,0,0,2015-03-22 15:43:44,1427039024.0,15,43
1735633,59017,80ac981e-e409-4a00-b894-e250b760229d,2015-03-22 15:43:44,informant-PC, Service Control Manager ,System,0,0,1,0,0,0,0,None,484,System,7036,0,0,0,0,0,0,0,0,0,0,0x8080000000000000,0,0,0,1,0,0,0,2015-03-22 15:43:44,1427039024.0,15,43
1735634,59081,f5c8901f-868d-4a80-a165-6106a7474508,2015-03-22 15:43:44,informant-PC, Microsoft-Windows-NetworkProfile ,Other,0,0,0,0,0,1,0,None,868,Microsoft-Windows-NetworkProfile/Operational,10000,0,0,0,0,0,0,0,0,0,0,0x4000200000000000,0,0,1,0,0,0,0,2015-03-22 15:43:44,1427039024.0,15,43
1735635,59081,2d81ebdf-ab44-417d-99de-a0a2e567c423,2015-03-22 15:43:44,informant-PC, Microsoft-Windows-NetworkProfile ,Other,0,0,0,0,0,1,0,None,868,Microsoft-Windows-NetworkProfile/Operational,10000,0,0,0,0,0,0,0,0,0,0,0x4000200000000000,0,0,1,0,0,0,0,2015-03-22 15:43:44,1427039024.0,15,43
1735636,59081,33c896f0-18f3-4825-b8aa-6c0c40f085c6,2015-03-22 15:43:44,informant-PC, Microsoft-Windows-NetworkProfile ,Other,0,0,0,0,0,1,0,None,868,Microsoft-Windows-NetworkProfile/Operational,4002,0,0,0,0,0,0,0,0,0,1,0x4001200000000000,0,0,1,0,0,0,0,2015-03-22 15:43:44,1427039024.0,15,43
1735637,59081,6b904068-5279-4b77-aa39-417869973ca6,2015-03-22 15:43:44,informant-PC, Microsoft-Windows-NetworkProfile ,Other,0,0,0,0,0,1,0,None,868,Microsoft-Windows-NetworkProfile/Operational,4002,0,0,0,0,0,0,0,0,0,1,0x4001200000000000,0,0,1,0,0,0,0,2015-03-22 15:43:44,1427039024.0,15,43
1735638,59061,b4f9aef0-bab6-45a2-b521-712733324e2a,2015-03-22 15:43:44,informant-PC, Microsoft-Windows-Diagnosis-DPS ,Other,0,0,0,0,0,1,0,None,1124,Microsoft-Windows-Diagnosis-DPS/Operational,100,0,0,0,0,0,0,0,0,0,1,0x4000000800000000,0,0,1,0,0,0,0,2015-03-22 15:43:44,1427039024.0,15,43
1735639,59061,37a32375-a1d9-4594-b9c6-fcba91880150,2015-03-22 15:43:44,informant-PC, Microsoft-Windows-Diagnosis-DPS ,Other,0,0,0,0,0,1,0,None,1124,Microsoft-Windows-Diagnosis-DPS/Operational,105,0,0,0,0,0,0,0,0,0,1,0x4000000800000000,0,0,1,0,0,0,0,2015-03-22 15:43:44,1427039024.0,15,43
1735640,59061,202936e0-0b36-400d-98fd-81cc9f52cf0f,2015-03-22 15:43:44,informant-PC, Microsoft-Windows-Diagnosis-DPS ,Other,0,0,0,0,0,1,0,None,1124,Microsoft-Windows-Diagnosis-DPS/Operational,100,0,0,0,0,0,0,0,0,0,1,0x4000000800000000,0,0,1,0,0,0,0,2015-03-22 15:43:44,1427039024.0,15,43
1735641,59061,e4169eea-538f-438b-b321-cd5c5ca15962,2015-03-22 15:43:44,informant-PC, Microsoft-Windows-Diagnosis-DPS ,Other,0,0,0,0,0,1,0,None,1124,Microsoft-Windows-Diagnosis-DPS/Operational,105,0,0,0,0,0,0,0,0,0,1,0x4000000800000000,0,0,1,0,0,0,0,2015-03-22 15:43:44,1427039024.0,15,43
1735642,59057,7a4542c0-6aef-41e4-8b07-1ab940650c8d,2015-03-22 15:43:44,informant-PC, Microsoft-Windows-Windows Firewall With Advanced Security ,Other,0,0,0,0,0,1,0,None,1124,Microsoft-Windows-Windows Firewall With Advanced Security/Firewall,2002,0,0,0,0,0,0,0,0,0,0,0x8000000000000000,0,0,0,1,0,0,0,2015-03-22 15:43:44,1427039024.0,15,43
1735643,59057,02ea60c3-494c-4ce2-a61e-bbe8400282ad,2015-03-22 15:43:44,informant-PC, Microsoft-Windows-Windows Firewall With Advanced Security ,Other,0,0,0,0,0,1,0,None,1124,Microsoft-Windows-Windows Firewall With Advanced Security/Firewall,2010,0,0,0,0,0,0,0,0,0,0,0x8000000000000000,0,0,0,1,0,0,0,2015-03-22 15:43:44,1427039024.0,15,43
1735644,59057,b70fdc96-6967-4ac1-977b-d2f8d2ba2bf4,2015-03-22 15:43:44,informant-PC, Microsoft-Windows-Windows Firewall With Advanced Security ,Other,0,0,0,0,0,1,0,None,1124,Microsoft-Windows-Windows Firewall With Advanced Security/Firewall,2002,0,0,0,0,0,0,0,0,0,0,0x8000000000000000,0,0,0,1,0,0,0,2015-03-22 15:43:44,1427039024.0,15,43
1735645,59057,f53d1bda-e42d-4203-b09f-6a59d55defad,2015-03-22 15:43:44,informant-PC, Microsoft-Windows-Windows Firewall With Advanced Security ,Other,0,0,0,0,0,1,0,None,1124,Microsoft-Windows-Windows Firewall With Advanced Security/Firewall,2010,0,0,0,0,0,0,0,0,0,0,0x8000000000000000,0,0,0,1,0,0,0,2015-03-22 15:43:44,1427039024.0,15,43
1735646,59018,8bd5137f-665a-460c-bcec-114b05944826,2015-03-22 15:43:45,informant-PC, WinMgmt ,Application,0,1,0,0,0,0,0,None,0,Application,5617,0,0,0,0,0,0,0,0,0,0,0x0080000000000000,0,0,0,0,0,0,0,2015-03-22 15:43:45,1427039025.0,15,43
1735647,59018,cf283ccc-ab9b-497a-9da6-99cd34057b28,2015-03-22 15:43:45,informant-PC, WinMgmt ,Application,0,1,0,0,0,0,0,None,0,Application,5617,0,0,0,0,0,0,0,0,0,0,0x0080000000000000,0,0,0,0,0,0,0,2015-03-22 15:43:45,1427039025.0,15,43
1735648,59017,d7c47f34-c3ec-4cc0-b3f2-965564ee0fed,2015-03-22 15:43:45,informant-PC, Service Control Manager ,System,0,0,1,0,0,0,0,None,484,System,7036,0,0,0,0,0,0,0,0,0,0,0x8080000000000000,0,0,0,1,0,0,0,2015-03-22 15:43:45,1427039025.0,15,43
1735649,59017,ed97ed64-1a4d-4fba-a059-b49375dbc3a5,2015-03-22 15:43:45,informant-PC, Service Control Manager ,System,0,0,1,0,0,0,0,None,484,System,7036,0,0,0,0,0,0,0,0,0,0,0x8080000000000000,0,0,0,1,0,0,0,2015-03-22 15:43:45,1427039025.0,15,43
1735652,59057,f6ea946a-acb8-4ed8-9498-fe4fbef336c0,2015-03-22 15:43:46,informant-PC, Microsoft-Windows-Windows Firewall With Advanced Security ,Other,0,0,0,0,0,1,0,None,1124,Microsoft-Windows-Windows Firewall With Advanced Security/Firewall,2011,0,0,0,0,0,0,0,0,0,0,0x8000000000000000,0,0,0,1,0,0,0,2015-03-22 15:43:46,1427039026.0,15,43
1735653,59057,d3c6fbf1-5ec5-45d6-96dd-bb88c0a1f3ef,2015-03-22 15:43:46,informant-PC, Microsoft-Windows-Windows Firewall With Advanced Security ,Other,0,0,0,0,0,1,0,None,1124,Microsoft-Windows-Windows Firewall With Advanced Security/Firewall,2011,0,0,0,0,0,0,0,0,0,0,0x8000000000000000,0,0,0,1,0,0,0,2015-03-22 15:43:46,1427039026.0,15,43
1735654,59027,88b21aed-0b3f-4660-b100-9b132bb4fefd,2015-03-22 15:43:46,informant-PC, Microsoft-Windows-DHCPv6-Client ,Other,0,0,0,0,0,1,0,None,744,Microsoft-Windows-Dhcpv6-Client/Admin,1006,0,0,0,0,0,0,0,0,0,1,0x8000000000000000,0,0,0,1,0,0,0,2015-03-22 15:43:46,1427039026.0,15,43
1735655,59027,cec3c8e5-33e9-40f8-976a-5963ec05d010,2015-03-22 15:43:46,informant-PC, Microsoft-Windows-DHCPv6-Client ,Other,0,0,0,0,0,1,0,None,744,Microsoft-Windows-Dhcpv6-Client/Admin,1006,0,0,0,0,0,0,0,0,0,1,0x8000000000000000,0,0,0,1,0,0,0,2015-03-22 15:43:46,1427039026.0,15,43
1735664,59017,19a91db9-aa6c-44b2-9295-7e1756ae04b9,2015-03-22 15:43:51,informant-PC, Service Control Manager ,System,0,0,1,0,0,0,0,None,484,System,7036,0,0,0,0,0,0,0,0,0,0,0x8080000000000000,0,0,0,1,0,0,0,2015-03-22 15:43:51,1427039031.0,15,43
1735665,59017,0f3e3fe5-12d2-417b-acf7-b4450b0722bc,2015-03-22 15:43:51,informant-PC, Service Control Manager ,System,0,0,1,0,0,0,0,None,484,System,7036,0,0,0,0,0,0,0,0,0,0,0x8080000000000000,0,0,0,1,0,0,0,2015-03-22 15:43:51,1427039031.0,15,43
1735677,59051,7c3f308b-7a66-465b-8aa3-116323a4833d,2015-03-22 15:44:33,informant-PC, Microsoft-Windows-ReadyBoost ,Other,0,0,0,0,0,1,0,None,824,Microsoft-Windows-ReadyBoost/Operational,1015,0,0,0,0,0,0,0,0,0,1016,0x8000000000002000,0,0,0,1,0,0,0,2015-03-22 15:44:33,1427039073.0,15,44
1735678,59051,888798c8-198e-4b0f-b83f-5a77561ca1dc,2015-03-22 15:44:33,informant-PC, Microsoft-Windows-ReadyBoost ,Other,0,0,0,0,0,1,0,None,824,Microsoft-Windows-ReadyBoost/Operational,1015,0,0,0,0,0,0,0,0,0,1016,0x8000000000002000,0,0,0,1,0,0,0,2015-03-22 15:44:33,1427039073.0,15,44
1735694,59051,958d233b-c8b1-4f76-a530-c1153e189555,2015-03-22 15:44:33,informant-PC, Microsoft-Windows-ReadyBoost ,Other,0,0,0,0,0,1,0,None,824,Microsoft-Windows-ReadyBoost/Operational,1016,0,0,0,0,0,0,0,0,0,1016,0x8000000000002000,0,0,0,1,0,0,0,2015-03-22 15:44:33,1427039073.0,15,44
1735695,59051,c93f1eea-4760-41e8-86df-4b59833cfc75,2015-03-22 15:44:33,informant-PC, Microsoft-Windows-ReadyBoost ,Other,0,0,0,0,0,1,0,None,824,Microsoft-Windows-ReadyBoost/Operational,1016,0,0,0,0,0,0,0,0,0,1016,0x8000000000002000,0,0,0,1,0,0,0,2015-03-22 15:44:33,1427039073.0,15,44
1735744,59019,9716e737-59a0-43b9-a710-eb55d237bc13,2015-03-22 15:45:16,informant-PC, Microsoft-Windows-Security-Auditing ,Security,1,0,0,0,0,0,0,S-1-5-21-2425377081-3129163575-2985601102-1000,500,Security,4624,0,0,0,1,0,0,0,0,0,12544,0x8020000000000000,0,0,0,1,0,0,0,2015-03-22 15:45:16,1427039116.0,15,45
1735745,59019,b349cc5b-d0b4-48e9-a516-a03816bd9167,2015-03-22 15:45:16,informant-PC, Microsoft-Windows-Security-Auditing ,Security,1,0,0,0,0,0,0,S-1-5-21-2425377081-3129163575-2985601102-1000,500,Security,4624,0,0,0,1,0,0,0,0,0,12544,0x8020000000000000,0,0,0,1,0,0,0,2015-03-22 15:45:16,1427039116.0,15,45
1735746,59019,1eb2a294-284e-437b-a41b-34d0a3beb369,2015-03-22 15:45:16,informant-PC, Microsoft-Windows-Security-Auditing ,Security,1,0,0,0,0,0,0,None,500,Security,4672,0,0,0,1,0,0,0,0,0,12548,0x8020000000000000,0,0,0,1,0,0,0,2015-03-22 15:45:16,1427039116.0,15,45
1735747,59019,47d0fde2-049f-4ad0-970a-a128b4cc5a03,2015-03-22 15:45:16,informant-PC, Microsoft-Windows-Security-Auditing ,Security,1,0,0,0,0,0,0,None,500,Security,4648,0,0,0,1,0,0,0,0,0,12544,0x8020000000000000,0,0,0,1,0,0,0,2015-03-22 15:45:16,1427039116.0,15,45
1735748,59019,a320574e-d8e7-435d-95ee-386d72c32737,2015-03-22 15:45:16,informant-PC, Microsoft-Windows-Security-Auditing ,Security,1,0,0,0,0,0,0,None,500,Security,4672,0,0,0,1,0,0,0,0,0,12548,0x8020000000000000,0,0,0,1,0,0,0,2015-03-22 15:45:16,1427039116.0,15,45
1735749,59019,26ea9fa1-2676-47da-b25b-e24319ca4756,2015-03-22 15:45:16,informant-PC, Microsoft-Windows-Security-Auditing ,Security,1,0,0,0,0,0,0,S-1-5-21-2425377081-3129163575-2985601102-1000,500,Security,4624,0,0,0,1,0,0,0,0,0,12544,0x8020000000000000,0,0,0,1,0,0,0,2015-03-22 15:45:16,1427039116.0,15,45
1735750,59019,84b47edd-b87c-4d74-962d-b4f5a5f3bce0,2015-03-22 15:45:16,informant-PC, Microsoft-Windows-Security-Auditing ,Security,1,0,0,0,0,0,0,S-1-5-21-2425377081-3129163575-2985601102-1000,500,Security,4624,0,0,0,1,0,0,0,0,0,12544,0x8020000000000000,0,0,0,1,0,0,0,2015-03-22 15:45:16,1427039116.0,15,45
1735751,59019,8ebc68f3-a141-4141-8690-77b8ee9446dc,2015-03-22 15:45:16,informant-PC, Microsoft-Windows-Security-Auditing ,Security,1,0,0,0,0,0,0,None,500,Security,4648,0,0,0,1,0,0,0,0,0,12544,0x8020000000000000,0,0,0,1,0,0,0,2015-03-22 15:45:16,1427039116.0,15,45
1735756,59017,1d528b79-2850-42a2-a479-f6c4cbc7bf05,2015-03-22 15:45:16,informant-PC, Microsoft-Windows-Winlogon ,System,0,0,1,0,0,0,0,None,440,System,7001,0,0,0,0,0,0,0,0,0,1101,0x2000000000000000,0,1,0,0,0,0,0,2015-03-22 15:45:16,1427039116.0,15,45
1735757,59021,b44c3e6b-f204-4995-b695-0e33f59ce673,2015-03-22 15:45:16,informant-PC, Microsoft-Windows-User Profiles Service ,Other,0,0,0,0,0,1,0,None,904,Microsoft-Windows-User Profile Service/Operational,1,0,0,0,0,0,0,0,0,0,0,0x4000000000000000,0,0,1,0,0,0,0,2015-03-22 15:45:16,1427039116.0,15,45
1735758,59021,2a86923a-51f3-4ddb-adc9-1d8b22db54ee,2015-03-22 15:45:16,informant-PC, Microsoft-Windows-User Profiles Service ,Other,0,0,0,0,0,1,0,None,904,Microsoft-Windows-User Profile Service/Operational,1,0,0,0,0,0,0,0,0,0,0,0x4000000000000000,0,0,1,0,0,0,0,2015-03-22 15:45:16,1427039116.0,15,45
1735759,59017,335b1f41-1a99-4474-bf68-32e0669c6dc5,2015-03-22 15:45:16,informant-PC, Microsoft-Windows-Winlogon ,System,0,0,1,0,0,0,0,None,440,System,7001,0,0,0,0,0,0,0,0,0,1101,0x2000000000000000,0,1,0,0,0,0,0,2015-03-22 15:45:16,1427039116.0,15,45
1735762,59021,c1842503-dbbe-4152-bd48-35d9594c5d4d,2015-03-22 15:45:16,informant-PC, Microsoft-Windows-User Profiles Service ,Other,0,0,0,0,0,1,0,None,904,Microsoft-Windows-User Profile Service/Operational,5,0,0,0,0,0,0,0,0,0,0,0x4000000000000000,0,0,1,0,0,0,0,2015-03-22 15:45:16,1427039116.0,15,45
1735763,59021,57e46ca7-83c9-466c-89aa-3024a9a50263,2015-03-22 15:45:16,informant-PC, Microsoft-Windows-User Profiles Service ,Other,0,0,0,0,0,1,0,None,904,Microsoft-Windows-User Profile Service/Operational,5,0,0,0,0,0,0,0,0,0,0,0x4000000000000000,0,0,1,0,0,0,0,2015-03-22 15:45:16,1427039116.0,15,45
1735764,59021,82c3c2eb-6c3c-43ba-83fc-b2b8483c6df1,2015-03-22 15:45:16,informant-PC, Microsoft-Windows-User Profiles Service ,Other,0,0,0,0,0,1,0,None,904,Microsoft-Windows-User Profile Service/Operational,5,0,0,0,0,0,0,0,0,0,0,0x4000000000000000,0,0,1,0,0,0,0,2015-03-22 15:45:16,1427039116.0,15,45
1735765,59021,318d4fa8-f492-461e-9aed-31ce7b6c5b22,2015-03-22 15:45:16,informant-PC, Microsoft-Windows-User Profiles Service ,Other,0,0,0,0,0,1,0,None,904,Microsoft-Windows-User Profile Service/Operational,5,0,0,0,0,0,0,0,0,0,0,0x4000000000000000,0,0,1,0,0,0,0,2015-03-22 15:45:16,1427039116.0,15,45
1735766,59018,8811d26e-c6a5-4a7e-a704-bb2346478913,2015-03-22 15:45:17,informant-PC, Winlogon ,Application,0,1,0,0,0,0,0,None,0,Application,4105,0,0,0,0,0,0,0,0,0,0,0x0080000000000000,0,0,0,0,0,0,0,2015-03-22 15:45:17,1427039117.0,15,45
1735767,59018,0cc99319-d4ca-494a-8135-ebd237817c5a,2015-03-22 15:45:17,informant-PC, WinMgmt ,Application,0,1,0,0,0,0,0,None,0,Application,10,0,0,0,0,0,0,0,0,0,0,0x0080000000000000,0,0,0,0,0,0,0,2015-03-22 15:45:17,1427039117.0,15,45
1735768,59018,f2423fde-4e70-40bc-bc31-438419207284,2015-03-22 15:45:17,informant-PC, Winlogon ,Application,0,1,0,0,0,0,0,None,0,Application,4105,0,0,0,0,0,0,0,0,0,0,0x0080000000000000,0,0,0,0,0,0,0,2015-03-22 15:45:17,1427039117.0,15,45
1735769,59018,257e17a8-258d-4f29-94ec-a469dce99a41,2015-03-22 15:45:17,informant-PC, WinMgmt ,Application,0,1,0,0,0,0,0,None,0,Application,10,0,0,0,0,0,0,0,0,0,0,0x0080000000000000,0,0,0,0,0,0,0,2015-03-22 15:45:17,1427039117.0,15,45
1735788,59042,0d22836e-e458-4dcb-9483-8b0c649fb1b7,2015-03-22 15:45:17,informant-PC, Microsoft-Windows-GroupPolicy ,Other,0,0,0,0,0,1,0,None,904,Microsoft-Windows-GroupPolicy/Operational,5311,0,0,0,0,0,0,0,0,0,0,0x4000000000000000,0,0,1,0,0,0,0,2015-03-22 15:45:17,1427039117.0,15,45
1735789,59021,60501332-c50a-4c00-be60-7b64898a0a65,2015-03-22 15:45:17,informant-PC, Microsoft-Windows-User Profiles Service ,Other,0,0,0,0,0,1,0,None,904,Microsoft-Windows-User Profile Service/Operational,2,0,0,0,0,0,0,0,0,0,0,0x4000000000000000,0,0,1,0,0,0,0,2015-03-22 15:45:17,1427039117.0,15,45
1735790,59042,21a65cc5-bf7d-4c7d-b911-b0b2f0863c7c,2015-03-22 15:45:17,informant-PC, Microsoft-Windows-GroupPolicy ,Other,0,0,0,0,0,1,0,None,904,Microsoft-Windows-GroupPolicy/Operational,5320,0,0,0,0,0,0,0,0,0,0,0x4000000000000000,0,0,1,0,0,0,0,2015-03-22 15:45:17,1427039117.0,15,45
1735791,59042,8799b060-16b2-4002-bb2a-c390b517b19b,2015-03-22 15:45:17,informant-PC, Microsoft-Windows-GroupPolicy ,Other,0,0,0,0,0,1,0,None,904,Microsoft-Windows-GroupPolicy/Operational,5320,0,0,0,0,0,0,0,0,0,0,0x4000000000000000,0,0,1,0,0,0,0,2015-03-22 15:45:17,1427039117.0,15,45
1735792,59042,f4eb3a40-70d1-48b1-94de-15d87dc3fcc4,2015-03-22 15:45:17,informant-PC, Microsoft-Windows-GroupPolicy ,Other,0,0,0,0,0,1,0,None,904,Microsoft-Windows-GroupPolicy/Operational,5324,0,0,0,0,0,0,0,0,0,0,0x4000000000000000,0,0,1,0,0,0,0,2015-03-22 15:45:17,1427039117.0,15,45
1735793,59042,842c899d-38ee-45cf-8611-4e4f61a17695,2015-03-22 15:45:17,informant-PC, Microsoft-Windows-GroupPolicy ,Other,0,0,0,0,0,1,0,None,904,Microsoft-Windows-GroupPolicy/Operational,8001,0,0,0,0,0,0,0,0,0,0,0x4000000000000000,0,0,1,0,0,0,0,2015-03-22 15:45:17,1427039117.0,15,45
1735794,59042,07662d5a-e931-461e-ab12-7cb86c1571b8,2015-03-22 15:45:17,informant-PC, Microsoft-Windows-GroupPolicy ,Other,0,0,0,0,0,1,0,None,904,Microsoft-Windows-GroupPolicy/Operational,5311,0,0,0,0,0,0,0,0,0,0,0x4000000000000000,0,0,1,0,0,0,0,2015-03-22 15:45:17,1427039117.0,15,45
1735795,59040,59d650f8-4657-4951-8485-5ee8683cebea,2015-03-22 15:45:17,informant-PC, Microsoft-Windows-OfflineFiles ,Other,0,0,0,0,0,1,0,None,824,Microsoft-Windows-OfflineFiles/Operational,7,0,0,0,0,0,0,0,0,0,0,0x4000000000000008,0,0,1,0,0,0,0,2015-03-22 15:45:17,1427039117.0,15,45
1735796,59042,c237a8a6-d81c-4e5b-a8d6-99b4cf926b0e,2015-03-22 15:45:17,informant-PC, Microsoft-Windows-GroupPolicy ,Other,0,0,0,0,0,1,0,None,904,Microsoft-Windows-GroupPolicy/Operational,5312,0,0,0,0,0,0,0,0,0,0,0x4000000000000000,0,0,1,0,0,0,0,2015-03-22 15:45:17,1427039117.0,15,45
1735797,59042,f26cd753-c2b8-4ae7-b684-f3f94d1b289e,2015-03-22 15:45:17,informant-PC, Microsoft-Windows-GroupPolicy ,Other,0,0,0,0,0,1,0,None,904,Microsoft-Windows-GroupPolicy/Operational,5320,0,0,0,0,0,0,0,0,0,0,0x4000000000000000,0,0,1,0,0,0,0,2015-03-22 15:45:17,1427039117.0,15,45
1735798,59042,ae924518-6888-450d-8cae-504fb0517fb5,2015-03-22 15:45:17,informant-PC, Microsoft-Windows-GroupPolicy ,Other,0,0,0,0,0,1,0,None,904,Microsoft-Windows-GroupPolicy/Operational,5313,0,0,0,0,0,0,0,0,0,0,0x4000000000000000,0,0,1,0,0,0,0,2015-03-22 15:45:17,1427039117.0,15,45
1735799,59042,05e141e8-da63-4d18-9de4-dcb087ce5274,2015-03-22 15:45:17,informant-PC, Microsoft-Windows-GroupPolicy ,Other,0,0,0,0,0,1,0,None,904,Microsoft-Windows-GroupPolicy/Operational,5313,0,0,0,0,0,0,0,0,0,0,0x4000000000000000,0,0,1,0,0,0,0,2015-03-22 15:45:17,1427039117.0,15,45
1735800,59042,634e0c27-2526-4e69-9fbc-695b6ddefe60,2015-03-22 15:45:17,informant-PC, Microsoft-Windows-GroupPolicy ,Other,0,0,0,0,0,1,0,None,904,Microsoft-Windows-GroupPolicy/Operational,5320,0,0,0,0,0,0,0,0,0,0,0x4000000000000000,0,0,1,0,0,0,0,2015-03-22 15:45:17,1427039117.0,15,45
1735801,59042,6259d827-d22a-43a0-b6cc-c85b293cc451,2015-03-22 15:45:17,informant-PC, Microsoft-Windows-GroupPolicy ,Other,0,0,0,0,0,1,0,None,904,Microsoft-Windows-GroupPolicy/Operational,5315,0,0,0,0,0,0,0,0,0,0,0x4000000000000000,0,0,1,0,0,0,0,2015-03-22 15:45:17,1427039117.0,15,45
1735802,59042,49074f62-b26b-4199-aaef-9297f9d7feac,2015-03-22 15:45:17,informant-PC, Microsoft-Windows-GroupPolicy ,Other,0,0,0,0,0,1,0,None,904,Microsoft-Windows-GroupPolicy/Operational,8001,0,0,0,0,0,0,0,0,0,0,0x4000000000000000,0,0,1,0,0,0,0,2015-03-22 15:45:17,1427039117.0,15,45
1735803,59042,c4bf3133-b61e-4c9b-aaff-d994faa5175a,2015-03-22 15:45:17,informant-PC, Microsoft-Windows-GroupPolicy ,Other,0,0,0,0,0,1,0,None,904,Microsoft-Windows-GroupPolicy/Operational,5315,0,0,0,0,0,0,0,0,0,0,0x4000000000000000,0,0,1,0,0,0,0,2015-03-22 15:45:17,1427039117.0,15,45
1735804,59040,a401aa22-f74a-46b5-9ba9-5ebb0b0cd761,2015-03-22 15:45:17,informant-PC, Microsoft-Windows-OfflineFiles ,Other,0,0,0,0,0,1,0,None,824,Microsoft-Windows-OfflineFiles/Operational,7,0,0,0,0,0,0,0,0,0,0,0x4000000000000008,0,0,1,0,0,0,0,2015-03-22 15:45:17,1427039117.0,15,45
1735805,59042,46c23e2a-c247-42fa-bcd1-938db898018f,2015-03-22 15:45:17,informant-PC, Microsoft-Windows-GroupPolicy ,Other,0,0,0,0,0,1,0,None,904,Microsoft-Windows-GroupPolicy/Operational,5312,0,0,0,0,0,0,0,0,0,0,0x4000000000000000,0,0,1,0,0,0,0,2015-03-22 15:45:17,1427039117.0,15,45
1735806,59042,5358056a-9350-48c4-ae64-65a565d130e5,2015-03-22 15:45:17,informant-PC, Microsoft-Windows-GroupPolicy ,Other,0,0,0,0,0,1,0,None,904,Microsoft-Windows-GroupPolicy/Operational,5320,0,0,0,0,0,0,0,0,0,0,0x4000000000000000,0,0,1,0,0,0,0,2015-03-22 15:45:17,1427039117.0,15,45
1735807,59042,bdf7438a-5848-4ea9-8fa9-e6f4465d8e2a,2015-03-22 15:45:17,informant-PC, Microsoft-Windows-GroupPolicy ,Other,0,0,0,0,0,1,0,None,904,Microsoft-Windows-GroupPolicy/Operational,4001,0,0,0,0,0,0,0,0,0,0,0x4000000000000000,0,0,1,0,0,0,0,2015-03-22 15:45:17,1427039117.0,15,45
