,inode,id,datetime,computer_name,source_name,filename_type,filename_security,filename_application,filename_system,filename_rdp,filename_powershell,filename_other,recovered,user_sid,execution_process_id,channel,event_id,audit_account_logon,audit_account_management,audit_detailed_tracking,audit_logon_logoff,audit_ds_access,audit_object_access,audit_policy_change,audit_privilege_usage,audit_system,task,keywords,keywords_audit_failure,keywords_audit_success,keywords_correlation_hint,keywords_event_log_classic,keywords_sqm,keywords_wdi_context,keywords_wdi_diagnostic,timestamp,epochtime,hour,minute
981230,59017,aad45783-8d39-40e7-9a0f-a359c9bb5cb9,2010-11-21 03:58:31,37L4247F27-25, Service Control Manager ,System,0,0,1,0,0,0,0,None,524,System,7036,0,0,0,0,0,0,0,0,0,0,0x8080000000000000,0,0,0,1,0,0,0,2010-11-21 03:58:31,1290311911.0,3,58
981231,59026,12976cce-7437-41d3-b8c0-74eba843e73a,2010-11-21 03:58:31,37L4247F27-25, Microsoft-Windows-Resource-Exhaustion-Detector ,Other,0,0,0,0,0,1,0,None,1048,Microsoft-Windows-Resource-Exhaustion-Detector/Operational,1002,0,0,0,0,0,0,0,0,0,1,0x4000000010000000,0,0,1,0,0,0,0,2010-11-21 03:58:31,1290311911.0,3,58
981232,59017,2aae0a48-a4e2-4783-b4a6-17e6075b2052,2010-11-21 03:58:31,37L4247F27-25, Service Control Manager ,System,0,0,1,0,0,0,0,None,524,System,7036,0,0,0,0,0,0,0,0,0,0,0x8080000000000000,0,0,0,1,0,0,0,2010-11-21 03:58:31,1290311911.0,3,58
981233,59026,456cbe50-afa0-4a59-979e-86c987fe78cf,2010-11-21 03:58:31,37L4247F27-25, Microsoft-Windows-Resource-Exhaustion-Detector ,Other,0,0,0,0,0,1,0,None,1048,Microsoft-Windows-Resource-Exhaustion-Detector/Operational,1002,0,0,0,0,0,0,0,0,0,1,0x4000000010000000,0,0,1,0,0,0,0,2010-11-21 03:58:31,1290311911.0,3,58
981234,59017,d94d0754-e4ea-4ded-a4fb-1941fb1ecdf5,2010-11-21 03:58:31,37L4247F27-25, Service Control Manager ,System,0,0,1,0,0,0,0,None,524,System,7036,0,0,0,0,0,0,0,0,0,0,0x8080000000000000,0,0,0,1,0,0,0,2010-11-21 03:58:31,1290311911.0,3,58
981235,59017,571279f5-3783-4eca-a271-0e5393e1f47a,2010-11-21 03:58:31,37L4247F27-25, Service Control Manager ,System,0,0,1,0,0,0,0,None,524,System,7036,0,0,0,0,0,0,0,0,0,0,0x8080000000000000,0,0,0,1,0,0,0,2010-11-21 03:58:31,1290311911.0,3,58
981236,59017,1baa19ea-cd58-44b3-81ac-e7eac3af2557,2010-11-21 03:58:31,37L4247F27-25, Service Control Manager ,System,0,0,1,0,0,0,0,None,524,System,7036,0,0,0,0,0,0,0,0,0,0,0x8080000000000000,0,0,0,1,0,0,0,2010-11-21 03:58:31,1290311911.0,3,58
981237,59017,445a29b0-0ef3-45a7-8c7f-0604ddae7184,2010-11-21 03:58:31,37L4247F27-25, Service Control Manager ,System,0,0,1,0,0,0,0,None,524,System,7036,0,0,0,0,0,0,0,0,0,0,0x8080000000000000,0,0,0,1,0,0,0,2010-11-21 03:58:31,1290311911.0,3,58
981238,59017,b53f5eee-d5ca-47d8-b011-f2013fb2c033,2010-11-21 03:58:31,37L4247F27-25, Service Control Manager ,System,0,0,1,0,0,0,0,None,524,System,7036,0,0,0,0,0,0,0,0,0,0,0x8080000000000000,0,0,0,1,0,0,0,2010-11-21 03:58:31,1290311911.0,3,58
981239,59017,4daaf56d-5d0f-4747-bd6b-456ad517a39d,2010-11-21 03:58:31,37L4247F27-25, Service Control Manager ,System,0,0,1,0,0,0,0,None,524,System,7036,0,0,0,0,0,0,0,0,0,0,0x8080000000000000,0,0,0,1,0,0,0,2010-11-21 03:58:31,1290311911.0,3,58
981240,59017,6c64a350-7973-44ee-87fd-2a86e1e74eb4,2010-11-21 03:58:31,37L4247F27-25, Service Control Manager ,System,0,0,1,0,0,0,0,None,524,System,7036,0,0,0,0,0,0,0,0,0,0,0x8080000000000000,0,0,0,1,0,0,0,2010-11-21 03:58:31,1290311911.0,3,58
981241,59017,a8bf9c5c-27bf-4e45-9593-e08f14203632,2010-11-21 03:58:31,37L4247F27-25, Service Control Manager ,System,0,0,1,0,0,0,0,None,524,System,7036,0,0,0,0,0,0,0,0,0,0,0x8080000000000000,0,0,0,1,0,0,0,2010-11-21 03:58:31,1290311911.0,3,58
981242,59017,2097e712-6b49-4974-974f-5438f8a9d46f,2010-11-21 03:58:31,37L4247F27-25, Service Control Manager ,System,0,0,1,0,0,0,0,None,524,System,7036,0,0,0,0,0,0,0,0,0,0,0x8080000000000000,0,0,0,1,0,0,0,2010-11-21 03:58:31,1290311911.0,3,58
981243,59017,31134879-11da-4ba3-a9a8-1b0361ef7388,2010-11-21 03:58:31,37L4247F27-25, Service Control Manager ,System,0,0,1,0,0,0,0,None,524,System,7036,0,0,0,0,0,0,0,0,0,0,0x8080000000000000,0,0,0,1,0,0,0,2010-11-21 03:58:31,1290311911.0,3,58
981244,59017,6472b6bb-0e66-42f5-a885-1167ac6002c9,2010-11-21 03:58:31,37L4247F27-25, Service Control Manager ,System,0,0,1,0,0,0,0,None,524,System,7036,0,0,0,0,0,0,0,0,0,0,0x8080000000000000,0,0,0,1,0,0,0,2010-11-21 03:58:31,1290311911.0,3,58
981245,59017,e6f3504c-6813-4786-b600-a47ebd081bfd,2010-11-21 03:58:31,37L4247F27-25, Service Control Manager ,System,0,0,1,0,0,0,0,None,524,System,7036,0,0,0,0,0,0,0,0,0,0,0x8080000000000000,0,0,0,1,0,0,0,2010-11-21 03:58:31,1290311911.0,3,58
981246,59017,16306da4-73f9-4cea-b212-6e218e8df1a6,2010-11-21 03:58:31,37L4247F27-25, Service Control Manager ,System,0,0,1,0,0,0,0,None,524,System,7036,0,0,0,0,0,0,0,0,0,0,0x8080000000000000,0,0,0,1,0,0,0,2010-11-21 03:58:31,1290311911.0,3,58
981247,59018,3adf8f1b-c225-43f6-a101-0c60ee153968,2010-11-21 03:58:31,37L4247F27-25, Microsoft-Windows-User Profiles Service ,Application,0,1,0,0,0,0,0,None,928,Application,1532,0,0,0,0,0,0,0,0,0,0,0x8000000000000000,0,0,0,1,0,0,0,2010-11-21 03:58:31,1290311911.0,3,58
981248,59018,7e3a4694-ff48-44a9-8425-30f979a91604,2010-11-21 03:58:31,37L4247F27-25, Microsoft-Windows-User Profiles Service ,Application,0,1,0,0,0,0,0,None,928,Application,1532,0,0,0,0,0,0,0,0,0,0,0x8000000000000000,0,0,0,1,0,0,0,2010-11-21 03:58:31,1290311911.0,3,58
981249,59017,0ddb2600-2862-466b-85a1-04a41f36bfe5,2010-11-21 03:58:31,37L4247F27-25, Service Control Manager ,System,0,0,1,0,0,0,0,None,524,System,7036,0,0,0,0,0,0,0,0,0,0,0x8080000000000000,0,0,0,1,0,0,0,2010-11-21 03:58:31,1290311911.0,3,58
981250,59017,713a90c6-e953-443d-b7a2-b1510c89417d,2010-11-21 03:58:31,37L4247F27-25, Service Control Manager ,System,0,0,1,0,0,0,0,None,524,System,7036,0,0,0,0,0,0,0,0,0,0,0x8080000000000000,0,0,0,1,0,0,0,2010-11-21 03:58:31,1290311911.0,3,58
981251,59017,01ae31ab-5f2b-468f-9b4c-829e648576ab,2010-11-21 03:58:31,37L4247F27-25, Service Control Manager ,System,0,0,1,0,0,0,0,None,524,System,7036,0,0,0,0,0,0,0,0,0,0,0x8080000000000000,0,0,0,1,0,0,0,2010-11-21 03:58:31,1290311911.0,3,58
981252,59017,65a07e00-33a5-4d3d-b23b-26c8d926d511,2010-11-21 03:58:31,37L4247F27-25, Microsoft-Windows-Dhcp-Client ,System,0,0,1,0,0,0,0,None,812,System,50037,0,0,0,0,0,0,0,0,0,4,0x2000000000000000,0,1,0,0,0,0,0,2010-11-21 03:58:31,1290311911.0,3,58
981253,59017,3f540d04-fa2d-4612-92ad-d8f8749eab65,2010-11-21 03:58:31,37L4247F27-25, Microsoft-Windows-DHCPv6-Client ,System,0,0,1,0,0,0,0,None,812,System,51047,0,0,0,0,0,0,0,0,0,4,0x2000000000000000,0,1,0,0,0,0,0,2010-11-21 03:58:31,1290311911.0,3,58
981254,59017,25836465-d819-4f82-86ca-fe0440d4eb25,2010-11-21 03:58:31,37L4247F27-25, Microsoft-Windows-DHCPv6-Client ,System,0,0,1,0,0,0,0,None,812,System,51047,0,0,0,0,0,0,0,0,0,4,0x2000000000000000,0,1,0,0,0,0,0,2010-11-21 03:58:31,1290311911.0,3,58
981255,59017,1bf14b5a-01e5-4a69-8017-9215fbb1b2a1,2010-11-21 03:58:31,37L4247F27-25, Microsoft-Windows-Dhcp-Client ,System,0,0,1,0,0,0,0,None,812,System,50037,0,0,0,0,0,0,0,0,0,4,0x2000000000000000,0,1,0,0,0,0,0,2010-11-21 03:58:31,1290311911.0,3,58
981256,59017,f6250c2b-cf18-4713-9c75-82b3df6c5280,2010-11-21 03:58:31,37L4247F27-25, Service Control Manager ,System,0,0,1,0,0,0,0,None,524,System,7036,0,0,0,0,0,0,0,0,0,0,0x8080000000000000,0,0,0,1,0,0,0,2010-11-21 03:58:31,1290311911.0,3,58
981257,59017,8df3e696-ec28-415e-9b58-58a47a9761f1,2010-11-21 03:58:31,37L4247F27-25, Service Control Manager ,System,0,0,1,0,0,0,0,None,524,System,7036,0,0,0,0,0,0,0,0,0,0,0x8080000000000000,0,0,0,1,0,0,0,2010-11-21 03:58:31,1290311911.0,3,58
981258,59017,af131679-c3db-4481-967d-12f31f8ac860,2010-11-21 03:58:31,37L4247F27-25, Service Control Manager ,System,0,0,1,0,0,0,0,None,524,System,7036,0,0,0,0,0,0,0,0,0,0,0x8080000000000000,0,0,0,1,0,0,0,2010-11-21 03:58:31,1290311911.0,3,58
981259,59017,7635df88-460e-4681-8851-ebba6113b960,2010-11-21 03:58:31,37L4247F27-25, Service Control Manager ,System,0,0,1,0,0,0,0,None,524,System,7036,0,0,0,0,0,0,0,0,0,0,0x8080000000000000,0,0,0,1,0,0,0,2010-11-21 03:58:31,1290311911.0,3,58
981260,59017,b1c7c4af-b2f5-4da8-953b-12de4a07d577,2010-11-21 03:58:31,37L4247F27-25, Service Control Manager ,System,0,0,1,0,0,0,0,None,524,System,7036,0,0,0,0,0,0,0,0,0,0,0x8080000000000000,0,0,0,1,0,0,0,2010-11-21 03:58:31,1290311911.0,3,58
981261,59017,94fd8492-d43d-4013-ac42-8cdcaebe4b9d,2010-11-21 03:58:31,37L4247F27-25, Service Control Manager ,System,0,0,1,0,0,0,0,None,524,System,7036,0,0,0,0,0,0,0,0,0,0,0x8080000000000000,0,0,0,1,0,0,0,2010-11-21 03:58:31,1290311911.0,3,58
981262,59017,9551b9a9-9693-432c-b21a-e11af92e73ff,2010-11-21 03:58:31,37L4247F27-25, Service Control Manager ,System,0,0,1,0,0,0,0,None,524,System,7036,0,0,0,0,0,0,0,0,0,0,0x8080000000000000,0,0,0,1,0,0,0,2010-11-21 03:58:31,1290311911.0,3,58
981263,59017,cbc08202-4992-4504-ad33-6cf57318f61d,2010-11-21 03:58:31,37L4247F27-25, Service Control Manager ,System,0,0,1,0,0,0,0,None,524,System,7036,0,0,0,0,0,0,0,0,0,0,0x8080000000000000,0,0,0,1,0,0,0,2010-11-21 03:58:31,1290311911.0,3,58
981264,59017,cf0a27df-6e05-4dc7-9aa1-30c8b3ff38bd,2010-11-21 03:58:31,37L4247F27-25, Service Control Manager ,System,0,0,1,0,0,0,0,None,524,System,7036,0,0,0,0,0,0,0,0,0,0,0x8080000000000000,0,0,0,1,0,0,0,2010-11-21 03:58:31,1290311911.0,3,58
981265,59017,e6f455a1-9be7-4023-974b-35bf067a05ea,2010-11-21 03:58:31,37L4247F27-25, Service Control Manager ,System,0,0,1,0,0,0,0,None,524,System,7036,0,0,0,0,0,0,0,0,0,0,0x8080000000000000,0,0,0,1,0,0,0,2010-11-21 03:58:31,1290311911.0,3,58
981274,59017,b540fa9d-2981-484d-831d-f8c4fb27f942,2010-11-21 03:58:31,37L4247F27-25, Service Control Manager ,System,0,0,1,0,0,0,0,None,524,System,7036,0,0,0,0,0,0,0,0,0,0,0x8080000000000000,0,0,0,1,0,0,0,2010-11-21 03:58:31,1290311911.0,3,58
981275,59030,8d393770-3ce0-4459-8790-e41879c068d2,2010-11-21 03:58:31,37L4247F27-25, Microsoft-Windows-Windows Defender ,Other,0,0,0,0,0,1,0,None,2272,Microsoft-Windows-Windows Defender/WHC,101,0,0,0,0,0,0,0,0,0,0,0x4000000000000000,0,0,1,0,0,0,0,2010-11-21 03:58:31,1290311911.0,3,58
981276,59017,3bfaabd1-f2fe-4a59-ac7d-a8985e6fa1e0,2010-11-21 03:58:31,37L4247F27-25, Service Control Manager ,System,0,0,1,0,0,0,0,None,524,System,7036,0,0,0,0,0,0,0,0,0,0,0x8080000000000000,0,0,0,1,0,0,0,2010-11-21 03:58:31,1290311911.0,3,58
981277,59030,0ca80063-f575-4c98-80d8-0f73fde6c3b1,2010-11-21 03:58:31,37L4247F27-25, Microsoft-Windows-Windows Defender ,Other,0,0,0,0,0,1,0,None,2272,Microsoft-Windows-Windows Defender/WHC,101,0,0,0,0,0,0,0,0,0,0,0x4000000000000000,0,0,1,0,0,0,0,2010-11-21 03:58:31,1290311911.0,3,58
981278,59017,6f3e891c-b52a-4f5c-ad07-4516d2458517,2010-11-21 03:58:31,37L4247F27-25, Service Control Manager ,System,0,0,1,0,0,0,0,None,524,System,7036,0,0,0,0,0,0,0,0,0,0,0x8080000000000000,0,0,0,1,0,0,0,2010-11-21 03:58:31,1290311911.0,3,58
981279,59017,3bcef9db-5cee-4fe6-8ca0-256f2e66256b,2010-11-21 03:58:31,37L4247F27-25, Service Control Manager ,System,0,0,1,0,0,0,0,None,524,System,7036,0,0,0,0,0,0,0,0,0,0,0x8080000000000000,0,0,0,1,0,0,0,2010-11-21 03:58:31,1290311911.0,3,58
981280,59017,c55c6760-2a26-4138-8243-4858cf86fb8a,2010-11-21 03:58:31,37L4247F27-25, Service Control Manager ,System,0,0,1,0,0,0,0,None,524,System,7036,0,0,0,0,0,0,0,0,0,0,0x8080000000000000,0,0,0,1,0,0,0,2010-11-21 03:58:31,1290311911.0,3,58
981281,59017,c7deb6ed-476c-41bf-9b65-857894c54a95,2010-11-21 03:58:31,37L4247F27-25, Service Control Manager ,System,0,0,1,0,0,0,0,None,524,System,7036,0,0,0,0,0,0,0,0,0,0,0x8080000000000000,0,0,0,1,0,0,0,2010-11-21 03:58:31,1290311911.0,3,58
981282,59017,42b44898-2980-4f72-9fcf-4e949f22ecba,2010-11-21 03:58:31,37L4247F27-25, Service Control Manager ,System,0,0,1,0,0,0,0,None,524,System,7036,0,0,0,0,0,0,0,0,0,0,0x8080000000000000,0,0,0,1,0,0,0,2010-11-21 03:58:31,1290311911.0,3,58
981283,59017,8d86bd29-dec6-41dc-9f74-dfc7f2b33bd2,2010-11-21 03:58:31,37L4247F27-25, Service Control Manager ,System,0,0,1,0,0,0,0,None,524,System,7036,0,0,0,0,0,0,0,0,0,0,0x8080000000000000,0,0,0,1,0,0,0,2010-11-21 03:58:31,1290311911.0,3,58
981284,59017,bc1639bc-c9cb-47bf-9965-e5664e03ce30,2010-11-21 03:58:31,37L4247F27-25, Microsoft-Windows-UserPnp ,System,0,0,1,0,0,0,0,None,656,System,20010,0,0,0,0,0,0,0,0,0,7010,0x8000000000000000,0,0,0,1,0,0,0,2010-11-21 03:58:31,1290311911.0,3,58
981285,59017,81a62494-bc68-4bd1-9013-e6f8b4470246,2010-11-21 03:58:31,37L4247F27-25, Microsoft-Windows-UserPnp ,System,0,0,1,0,0,0,0,None,656,System,20010,0,0,0,0,0,0,0,0,0,7010,0x8000000000000000,0,0,0,1,0,0,0,2010-11-21 03:58:31,1290311911.0,3,58
981286,59017,c6a61887-cc37-490c-bae5-36dbd02cbd71,2010-11-21 03:58:31,37L4247F27-25, Service Control Manager ,System,0,0,1,0,0,0,0,None,524,System,7036,0,0,0,0,0,0,0,0,0,0,0x8080000000000000,0,0,0,1,0,0,0,2010-11-21 03:58:31,1290311911.0,3,58
981287,59017,f66f0856-3069-4a58-a569-5fae453fc131,2010-11-21 03:58:31,37L4247F27-25, Service Control Manager ,System,0,0,1,0,0,0,0,None,524,System,7036,0,0,0,0,0,0,0,0,0,0,0x8080000000000000,0,0,0,1,0,0,0,2010-11-21 03:58:31,1290311911.0,3,58
981288,59017,3ecf77d2-c813-4070-9dd1-ab1afcbc6bea,2010-11-21 03:58:31,37L4247F27-25, Service Control Manager ,System,0,0,1,0,0,0,0,None,524,System,7036,0,0,0,0,0,0,0,0,0,0,0x8080000000000000,0,0,0,1,0,0,0,2010-11-21 03:58:31,1290311911.0,3,58
981289,59017,d1f5b54a-7760-4440-b65b-311c0ef7e8b7,2010-11-21 03:58:31,37L4247F27-25, Service Control Manager ,System,0,0,1,0,0,0,0,None,524,System,7036,0,0,0,0,0,0,0,0,0,0,0x8080000000000000,0,0,0,1,0,0,0,2010-11-21 03:58:31,1290311911.0,3,58
981290,59017,ed006e5b-1f4b-4a87-aadc-48a1fd3537ab,2010-11-21 03:58:32,37L4247F27-25, Microsoft-Windows-Kernel-Power ,System,0,0,1,0,0,0,0,None,400,System,109,0,0,0,0,0,0,0,0,0,103,0x8000000000000004,0,0,0,1,0,0,0,2010-11-21 03:58:32,1290311912.0,3,58
981291,59017,f52e8381-0083-4698-8c1a-94fa30c2791a,2010-11-21 03:58:32,37L4247F27-25, Microsoft-Windows-Kernel-Power ,System,0,0,1,0,0,0,0,None,400,System,109,0,0,0,0,0,0,0,0,0,103,0x8000000000000004,0,0,0,1,0,0,0,2010-11-21 03:58:32,1290311912.0,3,58
981292,59017,c4070a71-74d5-4ef4-9bcc-3cc0473c0ee5,2010-11-21 03:58:35,37L4247F27-25, Microsoft-Windows-Kernel-General ,System,0,0,1,0,0,0,0,None,4,System,13,0,0,0,0,0,0,0,0,0,0,0x8000000000000000,0,0,0,1,0,0,0,2010-11-21 03:58:35,1290311915.0,3,58
981293,59017,b3909443-c349-46a3-ae08-3709dd3df3bb,2010-11-21 03:58:35,37L4247F27-25, Microsoft-Windows-Kernel-General ,System,0,0,1,0,0,0,0,None,4,System,13,0,0,0,0,0,0,0,0,0,0,0x8000000000000000,0,0,0,1,0,0,0,2010-11-21 03:58:35,1290311915.0,3,58
1299017,59019,427ed8c5-fe90-4cf4-8cf9-8ecaccfb2485,2015-03-22 14:33:53,informant-PC, Microsoft-Windows-Security-Auditing ,Security,1,0,0,0,0,0,0,None,4,Security,4616,0,0,0,0,0,0,0,0,1,12288,0x8020000000000000,0,0,0,1,0,0,0,2015-03-22 14:33:53,1427034833.0,14,33
1299018,59017,976a51a1-1981-4fab-b7ae-93b95412d8b7,2015-03-22 14:33:53,informant-PC, Microsoft-Windows-Kernel-General ,System,0,0,1,0,0,0,0,None,832,System,1,0,0,0,0,0,0,0,0,0,0,0x8000000000000010,0,0,0,1,0,0,0,2015-03-22 14:33:53,1427034833.0,14,33
1299019,59019,d2500fbf-e759-4b87-91da-c7f5ac83199d,2015-03-22 14:33:53,informant-PC, Microsoft-Windows-Security-Auditing ,Security,1,0,0,0,0,0,0,None,4,Security,4616,0,0,0,0,0,0,0,0,1,12288,0x8020000000000000,0,0,0,1,0,0,0,2015-03-22 14:33:53,1427034833.0,14,33
1299020,59017,4d6c9b5d-6988-48cd-9934-7512d374a7c5,2015-03-22 14:33:53,informant-PC, Microsoft-Windows-Kernel-General ,System,0,0,1,0,0,0,0,None,832,System,1,0,0,0,0,0,0,0,0,0,0,0x8000000000000010,0,0,0,1,0,0,0,2015-03-22 14:33:53,1427034833.0,14,33
1299021,59019,40c2905e-774c-4330-ab79-f91d497f7074,2015-03-22 14:33:54,informant-PC, Microsoft-Windows-Security-Auditing ,Security,1,0,0,0,0,0,0,None,476,Security,4732,0,1,0,0,0,0,0,0,0,13826,0x8020000000000000,0,0,0,1,0,0,0,2015-03-22 14:33:54,1427034834.0,14,33
1299023,59019,96258c73-a889-4303-b4ec-272473349f42,2015-03-22 14:33:54,informant-PC, Microsoft-Windows-Security-Auditing ,Security,1,0,0,0,0,0,0,None,476,Security,4720,0,1,0,0,0,0,0,0,0,13824,0x8020000000000000,0,0,0,1,0,0,0,2015-03-22 14:33:54,1427034834.0,14,33
1299024,59019,acac8ae7-2da3-4f34-b0f9-4c763305545c,2015-03-22 14:33:54,informant-PC, Microsoft-Windows-Security-Auditing ,Security,1,0,0,0,0,0,0,None,476,Security,4728,0,1,0,0,0,0,0,0,0,13826,0x8020000000000000,0,0,0,1,0,0,0,2015-03-22 14:33:54,1427034834.0,14,33
1299025,59019,517ee25f-19ad-497f-af1f-c8dc658acbbd,2015-03-22 14:33:54,informant-PC, Microsoft-Windows-Security-Auditing ,Security,1,0,0,0,0,0,0,None,476,Security,4720,0,1,0,0,0,0,0,0,0,13824,0x8020000000000000,0,0,0,1,0,0,0,2015-03-22 14:33:54,1427034834.0,14,33
1299032,59019,f46ae201-d443-4e5a-b073-59502bad7cfd,2015-03-22 14:33:54,informant-PC, Microsoft-Windows-Security-Auditing ,Security,1,0,0,0,0,0,0,None,476,Security,4728,0,1,0,0,0,0,0,0,0,13826,0x8020000000000000,0,0,0,1,0,0,0,2015-03-22 14:33:54,1427034834.0,14,33
1299033,59019,241e8254-6377-476b-b47d-6848620efdfc,2015-03-22 14:33:54,informant-PC, Microsoft-Windows-Security-Auditing ,Security,1,0,0,0,0,0,0,None,476,Security,4732,0,1,0,0,0,0,0,0,0,13826,0x8020000000000000,0,0,0,1,0,0,0,2015-03-22 14:33:54,1427034834.0,14,33
1299035,59019,2530607b-cf88-4c70-928f-7f07dd049a74,2015-03-22 14:33:54,informant-PC, Microsoft-Windows-Security-Auditing ,Security,1,0,0,0,0,0,0,None,476,Security,4738,0,1,0,0,0,0,0,0,0,13824,0x8020000000000000,0,0,0,1,0,0,0,2015-03-22 14:33:54,1427034834.0,14,33
1299036,59019,4a3a79b6-23b2-4013-9e58-fa208bd39b38,2015-03-22 14:33:54,informant-PC, Microsoft-Windows-Security-Auditing ,Security,1,0,0,0,0,0,0,None,476,Security,4738,0,1,0,0,0,0,0,0,0,13824,0x8020000000000000,0,0,0,1,0,0,0,2015-03-22 14:33:54,1427034834.0,14,33
1299037,59019,0ac03846-0cfa-4037-951e-20abdb099f79,2015-03-22 14:33:54,informant-PC, Microsoft-Windows-Security-Auditing ,Security,1,0,0,0,0,0,0,None,476,Security,4722,0,1,0,0,0,0,0,0,0,13824,0x8020000000000000,0,0,0,1,0,0,0,2015-03-22 14:33:54,1427034834.0,14,33
1299038,59019,41f3e64f-efa9-4d0a-8005-12c59e87fb96,2015-03-22 14:33:54,informant-PC, Microsoft-Windows-Security-Auditing ,Security,1,0,0,0,0,0,0,None,476,Security,4722,0,1,0,0,0,0,0,0,0,13824,0x8020000000000000,0,0,0,1,0,0,0,2015-03-22 14:33:54,1427034834.0,14,33
1299039,59019,577268b9-74b5-44d0-b210-942ea93082a6,2015-03-22 14:33:54,informant-PC, Microsoft-Windows-Security-Auditing ,Security,1,0,0,0,0,0,0,None,476,Security,4732,0,1,0,0,0,0,0,0,0,13826,0x8020000000000000,0,0,0,1,0,0,0,2015-03-22 14:33:54,1427034834.0,14,33
1299040,59019,c30a05b3-5e8c-41e0-9877-2123a3d2835b,2015-03-22 14:33:54,informant-PC, Microsoft-Windows-Security-Auditing ,Security,1,0,0,0,0,0,0,None,476,Security,4732,0,1,0,0,0,0,0,0,0,13826,0x8020000000000000,0,0,0,1,0,0,0,2015-03-22 14:33:54,1427034834.0,14,33
1299043,59019,163e4668-207b-4811-84a3-4fe4f4bea227,2015-03-22 14:33:54,informant-PC, Microsoft-Windows-Security-Auditing ,Security,1,0,0,0,0,0,0,None,476,Security,4738,0,1,0,0,0,0,0,0,0,13824,0x8020000000000000,0,0,0,1,0,0,0,2015-03-22 14:33:54,1427034834.0,14,33
1299044,59019,418859a5-b7f9-43c8-bb22-6368cfda8e74,2015-03-22 14:33:54,informant-PC, Microsoft-Windows-Security-Auditing ,Security,1,0,0,0,0,0,0,None,476,Security,4733,0,1,0,0,0,0,0,0,0,13826,0x8020000000000000,0,0,0,1,0,0,0,2015-03-22 14:33:54,1427034834.0,14,33
1299045,59019,c99e0409-3520-4fe7-9284-fa4fb7996c09,2015-03-22 14:33:54,informant-PC, Microsoft-Windows-Security-Auditing ,Security,1,0,0,0,0,0,0,None,476,Security,4724,0,1,0,0,0,0,0,0,0,13824,0x8020000000000000,0,0,0,1,0,0,0,2015-03-22 14:33:54,1427034834.0,14,33
1299078,59019,a119acae-4f88-482b-ad23-94482d0cf461,2015-03-22 14:33:54,informant-PC, Microsoft-Windows-Security-Auditing ,Security,1,0,0,0,0,0,0,None,476,Security,4733,0,1,0,0,0,0,0,0,0,13826,0x8020000000000000,0,0,0,1,0,0,0,2015-03-22 14:33:54,1427034834.0,14,33
1299079,59019,96618600-3990-4040-8687-382b4d4e1e04,2015-03-22 14:33:54,informant-PC, Microsoft-Windows-Security-Auditing ,Security,1,0,0,0,0,0,0,None,476,Security,4738,0,1,0,0,0,0,0,0,0,13824,0x8020000000000000,0,0,0,1,0,0,0,2015-03-22 14:33:54,1427034834.0,14,33
1299080,59019,4cf62a52-dfa5-4766-8411-947c169b3bd1,2015-03-22 14:33:54,informant-PC, Microsoft-Windows-Security-Auditing ,Security,1,0,0,0,0,0,0,None,476,Security,4738,0,1,0,0,0,0,0,0,0,13824,0x8020000000000000,0,0,0,1,0,0,0,2015-03-22 14:33:54,1427034834.0,14,33
1299081,59019,dd174dda-ac44-4213-ab7c-e25686c8a5ca,2015-03-22 14:33:54,informant-PC, Microsoft-Windows-Security-Auditing ,Security,1,0,0,0,0,0,0,None,476,Security,4724,0,1,0,0,0,0,0,0,0,13824,0x8020000000000000,0,0,0,1,0,0,0,2015-03-22 14:33:54,1427034834.0,14,33
1299082,59019,57b1d93e-610c-4eb4-8d3f-b85912b4384e,2015-03-22 14:33:54,informant-PC, Microsoft-Windows-Security-Auditing ,Security,1,0,0,0,0,0,0,None,476,Security,4738,0,1,0,0,0,0,0,0,0,13824,0x8020000000000000,0,0,0,1,0,0,0,2015-03-22 14:33:54,1427034834.0,14,33
1299105,59018,b0931116-1558-4710-b24d-6b700086cb31,2015-03-22 14:34:24,informant-PC, Windows Search Service ,Application,0,1,0,0,0,0,0,None,0,Application,1008,0,0,0,0,0,0,0,0,0,1,0x0080000000000000,0,0,0,0,0,0,0,2015-03-22 14:34:24,1427034864.0,14,34
1299106,59018,40dd2e36-525f-4d0e-8646-f6941aae6214,2015-03-22 14:34:24,informant-PC, Windows Search Service ,Application,0,1,0,0,0,0,0,None,0,Application,1010,0,0,0,0,0,0,0,0,0,1,0x0080000000000000,0,0,0,0,0,0,0,2015-03-22 14:34:24,1427034864.0,14,34
1299107,59018,7f0418e4-deb3-48ef-af0d-b89dd93cbe49,2015-03-22 14:34:24,informant-PC, Windows Search Service ,Application,0,1,0,0,0,0,0,None,0,Application,1004,0,0,0,0,0,0,0,0,0,1,0x0080000000000000,0,0,0,0,0,0,0,2015-03-22 14:34:24,1427034864.0,14,34
1299108,59018,657329a3-9689-45c2-b1a8-09a122cf1edd,2015-03-22 14:34:24,informant-PC, Windows Search Service ,Application,0,1,0,0,0,0,0,None,0,Application,1004,0,0,0,0,0,0,0,0,0,1,0x0080000000000000,0,0,0,0,0,0,0,2015-03-22 14:34:24,1427034864.0,14,34
1299109,59018,bad1274c-fd0a-4129-a6d1-9ed8d954067c,2015-03-22 14:34:24,informant-PC, Windows Search Service ,Application,0,1,0,0,0,0,0,None,0,Application,1008,0,0,0,0,0,0,0,0,0,1,0x0080000000000000,0,0,0,0,0,0,0,2015-03-22 14:34:24,1427034864.0,14,34
1299110,59018,767b389a-f5d6-46bd-b585-ce6ca98b05f2,2015-03-22 14:34:24,informant-PC, Windows Search Service ,Application,0,1,0,0,0,0,0,None,0,Application,1010,0,0,0,0,0,0,0,0,0,1,0x0080000000000000,0,0,0,0,0,0,0,2015-03-22 14:34:24,1427034864.0,14,34
1299169,59019,624ddd8b-037d-49a2-ac9a-96ebdc92aea3,2015-03-22 14:34:24,informant-PC, Microsoft-Windows-Security-Auditing ,Security,1,0,0,0,0,0,0,S-1-5-18,476,Security,4624,0,0,0,1,0,0,0,0,0,12544,0x8020000000000000,0,0,0,1,0,0,0,2015-03-22 14:34:24,1427034864.0,14,34
1299170,59019,b6f5da4b-b4c7-4dc9-a7a2-29eb5805d1be,2015-03-22 14:34:24,informant-PC, Microsoft-Windows-Security-Auditing ,Security,1,0,0,0,0,0,0,None,476,Security,4672,0,0,0,1,0,0,0,0,0,12548,0x8020000000000000,0,0,0,1,0,0,0,2015-03-22 14:34:24,1427034864.0,14,34
1299171,59019,5132350d-4e42-47b0-99be-e4b5e2112dc4,2015-03-22 14:34:24,informant-PC, Microsoft-Windows-Security-Auditing ,Security,1,0,0,0,0,0,0,S-1-5-18,476,Security,4624,0,0,0,1,0,0,0,0,0,12544,0x8020000000000000,0,0,0,1,0,0,0,2015-03-22 14:34:24,1427034864.0,14,34
1299172,59019,b8dfba08-dae7-47ea-afd2-5d34c49ae840,2015-03-22 14:34:24,informant-PC, Microsoft-Windows-Security-Auditing ,Security,1,0,0,0,0,0,0,None,476,Security,4672,0,0,0,1,0,0,0,0,0,12548,0x8020000000000000,0,0,0,1,0,0,0,2015-03-22 14:34:24,1427034864.0,14,34
1299364,59018,277b443d-0f49-499a-824d-1c680462189b,2015-03-22 14:34:26,informant-PC, ESENT ,Application,0,1,0,0,0,0,0,None,None,Application,102,0,0,0,0,0,0,0,0,0,1,0x0080000000000000,0,0,0,0,0,0,0,2015-03-22 14:34:26,1427034866.0,14,34
1299369,59018,896b1c91-fecc-4ad1-976e-8b463bf2c5e2,2015-03-22 14:34:26,informant-PC, ESENT ,Application,0,1,0,0,0,0,0,None,None,Application,102,0,0,0,0,0,0,0,0,0,1,0x0080000000000000,0,0,0,0,0,0,0,2015-03-22 14:34:26,1427034866.0,14,34
1299448,59042,56d52f02-49ec-4507-988b-110161c4722a,2015-03-22 14:34:26,informant-PC, Microsoft-Windows-GroupPolicy ,Other,0,0,0,0,0,1,0,None,904,Microsoft-Windows-GroupPolicy/Operational,5324,0,0,0,0,0,0,0,0,0,0,0x4000000000000000,0,0,1,0,0,0,0,2015-03-22 14:34:26,1427034866.0,14,34
1299452,59042,996c3477-4c7d-465e-8d6b-ba16c624551d,2015-03-22 14:34:26,informant-PC, Microsoft-Windows-GroupPolicy ,Other,0,0,0,0,0,1,0,None,904,Microsoft-Windows-GroupPolicy/Operational,5324,0,0,0,0,0,0,0,0,0,0,0x4000000000000000,0,0,1,0,0,0,0,2015-03-22 14:34:26,1427034866.0,14,34
1299453,59042,243da8c0-e966-4412-b77c-fb9d1d95c54d,2015-03-22 14:34:26,informant-PC, Microsoft-Windows-GroupPolicy ,Other,0,0,0,0,0,1,0,None,904,Microsoft-Windows-GroupPolicy/Operational,5311,0,0,0,0,0,0,0,0,0,0,0x4000000000000000,0,0,1,0,0,0,0,2015-03-22 14:34:26,1427034866.0,14,34
1299454,59042,cb436f72-372a-4ae9-ae4a-fd18d1d097b4,2015-03-22 14:34:26,informant-PC, Microsoft-Windows-GroupPolicy ,Other,0,0,0,0,0,1,0,None,904,Microsoft-Windows-GroupPolicy/Operational,5311,0,0,0,0,0,0,0,0,0,0,0x4000000000000000,0,0,1,0,0,0,0,2015-03-22 14:34:26,1427034866.0,14,34
1299457,59042,9d8092de-777e-4822-9315-001b5bcaeefa,2015-03-22 14:34:26,informant-PC, Microsoft-Windows-GroupPolicy ,Other,0,0,0,0,0,1,0,None,904,Microsoft-Windows-GroupPolicy/Operational,4000,0,0,0,0,0,0,0,0,0,0,0x4000000000000000,0,0,1,0,0,0,0,2015-03-22 14:34:26,1427034866.0,14,34
1299460,59042,41f8dda9-2343-44e6-b796-e2127441d9c4,2015-03-22 14:34:26,informant-PC, Microsoft-Windows-GroupPolicy ,Other,0,0,0,0,0,1,0,None,904,Microsoft-Windows-GroupPolicy/Operational,4000,0,0,0,0,0,0,0,0,0,0,0x4000000000000000,0,0,1,0,0,0,0,2015-03-22 14:34:26,1427034866.0,14,34
1299462,59042,5f4288de-4662-46f7-a14f-52f3d41b8949,2015-03-22 14:34:26,informant-PC, Microsoft-Windows-GroupPolicy ,Other,0,0,0,0,0,1,0,None,904,Microsoft-Windows-GroupPolicy/Operational,5313,0,0,0,0,0,0,0,0,0,0,0x4000000000000000,0,0,1,0,0,0,0,2015-03-22 14:34:26,1427034866.0,14,34
1299463,59042,21d2cee2-33e4-4a5c-ba15-c5d51ea4dda7,2015-03-22 14:34:26,informant-PC, Microsoft-Windows-GroupPolicy ,Other,0,0,0,0,0,1,0,None,904,Microsoft-Windows-GroupPolicy/Operational,5320,0,0,0,0,0,0,0,0,0,0,0x4000000000000000,0,0,1,0,0,0,0,2015-03-22 14:34:26,1427034866.0,14,34
1299464,59042,aea20c2d-2215-409d-b300-c9602bdb33ad,2015-03-22 14:34:26,informant-PC, Microsoft-Windows-GroupPolicy ,Other,0,0,0,0,0,1,0,None,904,Microsoft-Windows-GroupPolicy/Operational,5320,0,0,0,0,0,0,0,0,0,0,0x4000000000000000,0,0,1,0,0,0,0,2015-03-22 14:34:26,1427034866.0,14,34
1299465,59042,e0342f8b-43eb-40ba-bf9c-3c7f6843d7e1,2015-03-22 14:34:26,informant-PC, Microsoft-Windows-GroupPolicy ,Other,0,0,0,0,0,1,0,None,904,Microsoft-Windows-GroupPolicy/Operational,5320,0,0,0,0,0,0,0,0,0,0,0x4000000000000000,0,0,1,0,0,0,0,2015-03-22 14:34:26,1427034866.0,14,34
1299467,59042,f8ae1407-9025-47b2-8745-015257eaff56,2015-03-22 14:34:26,informant-PC, Microsoft-Windows-GroupPolicy ,Other,0,0,0,0,0,1,0,None,904,Microsoft-Windows-GroupPolicy/Operational,5320,0,0,0,0,0,0,0,0,0,0,0x4000000000000000,0,0,1,0,0,0,0,2015-03-22 14:34:26,1427034866.0,14,34
1299469,59042,13b35939-003e-4b93-9a40-83aa672ca433,2015-03-22 14:34:26,informant-PC, Microsoft-Windows-GroupPolicy ,Other,0,0,0,0,0,1,0,None,904,Microsoft-Windows-GroupPolicy/Operational,5312,0,0,0,0,0,0,0,0,0,0,0x4000000000000000,0,0,1,0,0,0,0,2015-03-22 14:34:26,1427034866.0,14,34
1299471,59042,f3f20770-716b-440c-bffe-0fbeb44f3960,2015-03-22 14:34:26,informant-PC, Microsoft-Windows-GroupPolicy ,Other,0,0,0,0,0,1,0,None,904,Microsoft-Windows-GroupPolicy/Operational,5320,0,0,0,0,0,0,0,0,0,0,0x4000000000000000,0,0,1,0,0,0,0,2015-03-22 14:34:26,1427034866.0,14,34
1299473,59042,773d0dee-e702-4fff-80ff-34e9eb1e1fdf,2015-03-22 14:34:26,informant-PC, Microsoft-Windows-GroupPolicy ,Other,0,0,0,0,0,1,0,None,904,Microsoft-Windows-GroupPolicy/Operational,5313,0,0,0,0,0,0,0,0,0,0,0x4000000000000000,0,0,1,0,0,0,0,2015-03-22 14:34:26,1427034866.0,14,34
1299474,59042,a89ba919-6d46-455a-94a0-a98d218df118,2015-03-22 14:34:26,informant-PC, Microsoft-Windows-GroupPolicy ,Other,0,0,0,0,0,1,0,None,904,Microsoft-Windows-GroupPolicy/Operational,5312,0,0,0,0,0,0,0,0,0,0,0x4000000000000000,0,0,1,0,0,0,0,2015-03-22 14:34:26,1427034866.0,14,34
1299475,59042,aa8f3f77-0826-46a2-9c55-085ffd36608b,2015-03-22 14:34:26,informant-PC, Microsoft-Windows-GroupPolicy ,Other,0,0,0,0,0,1,0,None,904,Microsoft-Windows-GroupPolicy/Operational,5320,0,0,0,0,0,0,0,0,0,0,0x4000000000000000,0,0,1,0,0,0,0,2015-03-22 14:34:26,1427034866.0,14,34
1299476,59042,3ea1eb7e-0275-403b-add9-4eb8ab163a57,2015-03-22 14:34:26,informant-PC, Microsoft-Windows-GroupPolicy ,Other,0,0,0,0,0,1,0,None,904,Microsoft-Windows-GroupPolicy/Operational,5315,0,0,0,0,0,0,0,0,0,0,0x4000000000000000,0,0,1,0,0,0,0,2015-03-22 14:34:26,1427034866.0,14,34
1299477,59042,330f113c-7703-475d-9210-b273bfaf08b3,2015-03-22 14:34:26,informant-PC, Microsoft-Windows-GroupPolicy ,Other,0,0,0,0,0,1,0,None,904,Microsoft-Windows-GroupPolicy/Operational,8000,0,0,0,0,0,0,0,0,0,0,0x4000000000000000,0,0,1,0,0,0,0,2015-03-22 14:34:26,1427034866.0,14,34
1299483,59042,d50905df-b823-4454-b8af-8b324c93fe81,2015-03-22 14:34:26,informant-PC, Microsoft-Windows-GroupPolicy ,Other,0,0,0,0,0,1,0,None,904,Microsoft-Windows-GroupPolicy/Operational,5315,0,0,0,0,0,0,0,0,0,0,0x4000000000000000,0,0,1,0,0,0,0,2015-03-22 14:34:26,1427034866.0,14,34
1299484,59042,87d9dba4-fb1f-4e4a-ae5b-8560200c7542,2015-03-22 14:34:26,informant-PC, Microsoft-Windows-GroupPolicy ,Other,0,0,0,0,0,1,0,None,904,Microsoft-Windows-GroupPolicy/Operational,8000,0,0,0,0,0,0,0,0,0,0,0x4000000000000000,0,0,1,0,0,0,0,2015-03-22 14:34:26,1427034866.0,14,34
1299706,59018,dcb94129-63cc-4901-b6e9-6c26b5160f67,2015-03-22 14:34:27,informant-PC, Windows Search Service ,Application,0,1,0,0,0,0,0,None,0,Application,1005,0,0,0,0,0,0,0,0,0,1,0x0080000000000000,0,0,0,0,0,0,0,2015-03-22 14:34:27,1427034867.0,14,34
1299707,59018,f3240e6d-68fd-4f12-9272-90d294a768f5,2015-03-22 14:34:27,informant-PC, Windows Search Service ,Application,0,1,0,0,0,0,0,None,0,Application,1003,0,0,0,0,0,0,0,0,0,1,0x0080000000000000,0,0,0,0,0,0,0,2015-03-22 14:34:27,1427034867.0,14,34
1299708,59018,55b4abdf-a24e-49a9-8e41-a96b9911e609,2015-03-22 14:34:27,informant-PC, Windows Search Service ,Application,0,1,0,0,0,0,0,None,0,Application,1003,0,0,0,0,0,0,0,0,0,1,0x0080000000000000,0,0,0,0,0,0,0,2015-03-22 14:34:27,1427034867.0,14,34
1299709,59018,07e79320-1488-4c8f-b16e-972f7c5d485a,2015-03-22 14:34:27,informant-PC, Windows Search Service ,Application,0,1,0,0,0,0,0,None,0,Application,1005,0,0,0,0,0,0,0,0,0,1,0x0080000000000000,0,0,0,0,0,0,0,2015-03-22 14:34:27,1427034867.0,14,34
1299725,59017,ede06a6b-f87b-4536-848c-e1d141912c01,2015-03-22 14:34:27,informant-PC, Service Control Manager ,System,0,0,1,0,0,0,0,None,452,System,7036,0,0,0,0,0,0,0,0,0,0,0x8080000000000000,0,0,0,1,0,0,0,2015-03-22 14:34:27,1427034867.0,14,34
1299727,59017,c580778a-347e-4cac-979a-d2cc76a72ba7,2015-03-22 14:34:27,informant-PC, Service Control Manager ,System,0,0,1,0,0,0,0,None,452,System,7036,0,0,0,0,0,0,0,0,0,0,0x8080000000000000,0,0,0,1,0,0,0,2015-03-22 14:34:27,1427034867.0,14,34
1299734,59019,d04c2946-ecb4-4b80-85b7-29d8c3edd2ec,2015-03-22 14:34:28,informant-PC, Microsoft-Windows-Security-Auditing ,Security,1,0,0,0,0,0,0,S-1-5-21-2425377081-3129163575-2985601102-1000,476,Security,4624,0,0,0,1,0,0,0,0,0,12544,0x8020000000000000,0,0,0,1,0,0,0,2015-03-22 14:34:28,1427034868.0,14,34
1299735,59019,ea52a74f-11dc-42a1-9e3a-d57c93742bc1,2015-03-22 14:34:28,informant-PC, Microsoft-Windows-Security-Auditing ,Security,1,0,0,0,0,0,0,S-1-5-21-2425377081-3129163575-2985601102-1000,476,Security,4624,0,0,0,1,0,0,0,0,0,12544,0x8020000000000000,0,0,0,1,0,0,0,2015-03-22 14:34:28,1427034868.0,14,34
1299736,59019,97f8434e-3605-4602-9273-0391604926cb,2015-03-22 14:34:28,informant-PC, Microsoft-Windows-Security-Auditing ,Security,1,0,0,0,0,0,0,None,476,Security,4648,0,0,0,1,0,0,0,0,0,12544,0x8020000000000000,0,0,0,1,0,0,0,2015-03-22 14:34:28,1427034868.0,14,34
1299737,59019,67e434a1-bd6c-449e-8ca3-ac2ca1995775,2015-03-22 14:34:28,informant-PC, Microsoft-Windows-Security-Auditing ,Security,1,0,0,0,0,0,0,None,476,Security,4672,0,0,0,1,0,0,0,0,0,12548,0x8020000000000000,0,0,0,1,0,0,0,2015-03-22 14:34:28,1427034868.0,14,34
1299738,59019,2db81bb2-2f0d-466a-abc4-43066d7b8f2e,2015-03-22 14:34:28,informant-PC, Microsoft-Windows-Security-Auditing ,Security,1,0,0,0,0,0,0,None,476,Security,4672,0,0,0,1,0,0,0,0,0,12548,0x8020000000000000,0,0,0,1,0,0,0,2015-03-22 14:34:28,1427034868.0,14,34
1299739,59019,a11b26b1-991f-4d36-abb8-26800727b07e,2015-03-22 14:34:28,informant-PC, Microsoft-Windows-Security-Auditing ,Security,1,0,0,0,0,0,0,S-1-5-21-2425377081-3129163575-2985601102-1000,476,Security,4624,0,0,0,1,0,0,0,0,0,12544,0x8020000000000000,0,0,0,1,0,0,0,2015-03-22 14:34:28,1427034868.0,14,34
1299740,59019,11561281-0017-4049-9034-f187dfef6e9d,2015-03-22 14:34:28,informant-PC, Microsoft-Windows-Security-Auditing ,Security,1,0,0,0,0,0,0,S-1-5-21-2425377081-3129163575-2985601102-1000,476,Security,4624,0,0,0,1,0,0,0,0,0,12544,0x8020000000000000,0,0,0,1,0,0,0,2015-03-22 14:34:28,1427034868.0,14,34
1299741,59019,61a37990-57f6-45e8-ac7a-5d035c06e522,2015-03-22 14:34:28,informant-PC, Microsoft-Windows-Security-Auditing ,Security,1,0,0,0,0,0,0,None,476,Security,4648,0,0,0,1,0,0,0,0,0,12544,0x8020000000000000,0,0,0,1,0,0,0,2015-03-22 14:34:28,1427034868.0,14,34
1299750,59017,02f041a4-096e-44d8-9306-09cffb231458,2015-03-22 14:34:31,informant-PC, Microsoft-Windows-Winlogon ,System,0,0,1,0,0,0,0,None,404,System,7001,0,0,0,0,0,0,0,0,0,1101,0x2000000000000000,0,1,0,0,0,0,0,2015-03-22 14:34:31,1427034871.0,14,34
1299751,59021,512a4805-055d-4859-b8ad-e28b3c012db5,2015-03-22 14:34:31,informant-PC, Microsoft-Windows-User Profiles Service ,Other,0,0,0,0,0,1,0,None,904,Microsoft-Windows-User Profile Service/Operational,1,0,0,0,0,0,0,0,0,0,0,0x4000000000000000,0,0,1,0,0,0,0,2015-03-22 14:34:31,1427034871.0,14,34
1299752,59017,584976cf-8c2c-4f15-8c03-0f68ede463f8,2015-03-22 14:34:31,informant-PC, Microsoft-Windows-Winlogon ,System,0,0,1,0,0,0,0,None,404,System,7001,0,0,0,0,0,0,0,0,0,1101,0x2000000000000000,0,1,0,0,0,0,0,2015-03-22 14:34:31,1427034871.0,14,34
1299753,59021,27d15f85-bd41-4623-b549-733539370660,2015-03-22 14:34:31,informant-PC, Microsoft-Windows-User Profiles Service ,Other,0,0,0,0,0,1,0,None,904,Microsoft-Windows-User Profile Service/Operational,1,0,0,0,0,0,0,0,0,0,0,0x4000000000000000,0,0,1,0,0,0,0,2015-03-22 14:34:31,1427034871.0,14,34
1299768,59026,49fe264d-86bf-4fba-9266-5af7b0418659,2015-03-22 14:34:32,informant-PC, Microsoft-Windows-Resource-Exhaustion-Detector ,Other,0,0,0,0,0,1,0,None,1144,Microsoft-Windows-Resource-Exhaustion-Detector/Operational,1001,0,0,0,0,0,0,0,0,0,1,0x4000000010000000,0,0,1,0,0,0,0,2015-03-22 14:34:32,1427034872.0,14,34
1299769,59026,caaa3023-cd05-4e53-bb7c-0e8d2c079f3b,2015-03-22 14:34:32,informant-PC, Microsoft-Windows-Resource-Exhaustion-Detector ,Other,0,0,0,0,0,1,0,None,1144,Microsoft-Windows-Resource-Exhaustion-Detector/Operational,1001,0,0,0,0,0,0,0,0,0,1,0x4000000010000000,0,0,1,0,0,0,0,2015-03-22 14:34:32,1427034872.0,14,34
1299802,59018,55a3f349-74e4-4b97-ace6-39d01600c309,2015-03-22 14:34:41,informant-PC, Winlogon ,Application,0,1,0,0,0,0,0,None,0,Application,4101,0,0,0,0,0,0,0,0,0,0,0x0080000000000000,0,0,0,0,0,0,0,2015-03-22 14:34:41,1427034881.0,14,34
1299803,59018,f16bf929-74cc-4601-b34a-1f70459b2e24,2015-03-22 14:34:41,informant-PC, Winlogon ,Application,0,1,0,0,0,0,0,None,0,Application,4101,0,0,0,0,0,0,0,0,0,0,0x0080000000000000,0,0,0,0,0,0,0,2015-03-22 14:34:41,1427034881.0,14,34
1300502,59021,4fb164ae-4093-4a88-830c-2aeda642d18c,2015-03-22 14:34:41,informant-PC, Microsoft-Windows-User Profiles Service ,Other,0,0,0,0,0,1,0,None,904,Microsoft-Windows-User Profile Service/Operational,5,0,0,0,0,0,0,0,0,0,0,0x4000000000000000,0,0,1,0,0,0,0,2015-03-22 14:34:41,1427034881.0,14,34
1300702,59021,c8613ae9-2e82-4c99-86dd-85b071abac14,2015-03-22 14:34:41,informant-PC, Microsoft-Windows-User Profiles Service ,Other,0,0,0,0,0,1,0,None,904,Microsoft-Windows-User Profile Service/Operational,5,0,0,0,0,0,0,0,0,0,0,0x4000000000000000,0,0,1,0,0,0,0,2015-03-22 14:34:41,1427034881.0,14,34
1302019,59021,7ead4a89-ca9f-46e0-ac9c-d564d04d423f,2015-03-22 14:34:41,informant-PC, Microsoft-Windows-User Profiles Service ,Other,0,0,0,0,0,1,0,None,904,Microsoft-Windows-User Profile Service/Operational,5,0,0,0,0,0,0,0,0,0,0,0x4000000000000000,0,0,1,0,0,0,0,2015-03-22 14:34:41,1427034881.0,14,34
1302030,59021,d727573d-5170-4882-9da9-80780920221d,2015-03-22 14:34:41,informant-PC, Microsoft-Windows-User Profiles Service ,Other,0,0,0,0,0,1,0,None,904,Microsoft-Windows-User Profile Service/Operational,5,0,0,0,0,0,0,0,0,0,0,0x4000000000000000,0,0,1,0,0,0,0,2015-03-22 14:34:41,1427034881.0,14,34
1302050,59042,f58ca334-3446-428b-9ac1-79944d85f10f,2015-03-22 14:34:41,informant-PC, Microsoft-Windows-GroupPolicy ,Other,0,0,0,0,0,1,0,None,904,Microsoft-Windows-GroupPolicy/Operational,5311,0,0,0,0,0,0,0,0,0,0,0x4000000000000000,0,0,1,0,0,0,0,2015-03-22 14:34:41,1427034881.0,14,34
1302051,59042,e625dbb7-cc77-498b-8884-63e46466df0b,2015-03-22 14:34:41,informant-PC, Microsoft-Windows-GroupPolicy ,Other,0,0,0,0,0,1,0,None,904,Microsoft-Windows-GroupPolicy/Operational,5312,0,0,0,0,0,0,0,0,0,0,0x4000000000000000,0,0,1,0,0,0,0,2015-03-22 14:34:41,1427034881.0,14,34
1302057,59021,6490a8a7-7d18-401d-a793-abef70ebb858,2015-03-22 14:34:41,informant-PC, Microsoft-Windows-User Profiles Service ,Other,0,0,0,0,0,1,0,None,904,Microsoft-Windows-User Profile Service/Operational,2,0,0,0,0,0,0,0,0,0,0,0x4000000000000000,0,0,1,0,0,0,0,2015-03-22 14:34:41,1427034881.0,14,34
1302058,59042,e7d95d47-6bbd-47b8-bb13-ae4dd26b9fa3,2015-03-22 14:34:41,informant-PC, Microsoft-Windows-GroupPolicy ,Other,0,0,0,0,0,1,0,None,904,Microsoft-Windows-GroupPolicy/Operational,5313,0,0,0,0,0,0,0,0,0,0,0x4000000000000000,0,0,1,0,0,0,0,2015-03-22 14:34:41,1427034881.0,14,34
1302059,59021,a5ec819f-493a-4dd5-995d-895730fd67f5,2015-03-22 14:34:41,informant-PC, Microsoft-Windows-User Profiles Service ,Other,0,0,0,0,0,1,0,None,904,Microsoft-Windows-User Profile Service/Operational,2,0,0,0,0,0,0,0,0,0,0,0x4000000000000000,0,0,1,0,0,0,0,2015-03-22 14:34:41,1427034881.0,14,34
1302060,59042,1bedc4e3-a14b-4ccd-80e2-81be7cba3892,2015-03-22 14:34:41,informant-PC, Microsoft-Windows-GroupPolicy ,Other,0,0,0,0,0,1,0,None,904,Microsoft-Windows-GroupPolicy/Operational,5311,0,0,0,0,0,0,0,0,0,0,0x4000000000000000,0,0,1,0,0,0,0,2015-03-22 14:34:41,1427034881.0,14,34
1302062,59042,52e3e2fa-378f-40c7-aabe-60a6a320a354,2015-03-22 14:34:41,informant-PC, Microsoft-Windows-GroupPolicy ,Other,0,0,0,0,0,1,0,None,904,Microsoft-Windows-GroupPolicy/Operational,5313,0,0,0,0,0,0,0,0,0,0,0x4000000000000000,0,0,1,0,0,0,0,2015-03-22 14:34:41,1427034881.0,14,34
1302064,59042,767fd89c-bffa-449e-aba8-c30cadd2f70a,2015-03-22 14:34:41,informant-PC, Microsoft-Windows-GroupPolicy ,Other,0,0,0,0,0,1,0,None,904,Microsoft-Windows-GroupPolicy/Operational,5324,0,0,0,0,0,0,0,0,0,0,0x4000000000000000,0,0,1,0,0,0,0,2015-03-22 14:34:41,1427034881.0,14,34
1302065,59042,df40fd49-e2bc-45dc-8e61-c0b6aef9170a,2015-03-22 14:34:41,informant-PC, Microsoft-Windows-GroupPolicy ,Other,0,0,0,0,0,1,0,None,904,Microsoft-Windows-GroupPolicy/Operational,4001,0,0,0,0,0,0,0,0,0,0,0x4000000000000000,0,0,1,0,0,0,0,2015-03-22 14:34:41,1427034881.0,14,34
1302067,59042,9573bc62-6372-4fe7-9ae9-72457a8c70c1,2015-03-22 14:34:41,informant-PC, Microsoft-Windows-GroupPolicy ,Other,0,0,0,0,0,1,0,None,904,Microsoft-Windows-GroupPolicy/Operational,5324,0,0,0,0,0,0,0,0,0,0,0x4000000000000000,0,0,1,0,0,0,0,2015-03-22 14:34:41,1427034881.0,14,34
1302068,59042,f1d77541-a8e3-49d8-a046-f0c1ed8c5f30,2015-03-22 14:34:41,informant-PC, Microsoft-Windows-GroupPolicy ,Other,0,0,0,0,0,1,0,None,904,Microsoft-Windows-GroupPolicy/Operational,4001,0,0,0,0,0,0,0,0,0,0,0x4000000000000000,0,0,1,0,0,0,0,2015-03-22 14:34:41,1427034881.0,14,34
1302069,59042,1c9fc027-5aa2-44f0-8439-57c14d1b93f7,2015-03-22 14:34:41,informant-PC, Microsoft-Windows-GroupPolicy ,Other,0,0,0,0,0,1,0,None,904,Microsoft-Windows-GroupPolicy/Operational,5312,0,0,0,0,0,0,0,0,0,0,0x4000000000000000,0,0,1,0,0,0,0,2015-03-22 14:34:41,1427034881.0,14,34
1302086,59042,690f869a-19ff-439e-bc0a-0568b0e37042,2015-03-22 14:34:41,informant-PC, Microsoft-Windows-GroupPolicy ,Other,0,0,0,0,0,1,0,None,904,Microsoft-Windows-GroupPolicy/Operational,5320,0,0,0,0,0,0,0,0,0,0,0x4000000000000000,0,0,1,0,0,0,0,2015-03-22 14:34:41,1427034881.0,14,34
1302088,59042,d918fc95-32b0-4aad-ae66-fcff6a1a3384,2015-03-22 14:34:41,informant-PC, Microsoft-Windows-GroupPolicy ,Other,0,0,0,0,0,1,0,None,904,Microsoft-Windows-GroupPolicy/Operational,5320,0,0,0,0,0,0,0,0,0,0,0x4000000000000000,0,0,1,0,0,0,0,2015-03-22 14:34:41,1427034881.0,14,34
1302094,59042,f06a6069-f7ee-4362-93b2-0d0ae2856c0c,2015-03-22 14:34:41,informant-PC, Microsoft-Windows-GroupPolicy ,Other,0,0,0,0,0,1,0,None,904,Microsoft-Windows-GroupPolicy/Operational,5320,0,0,0,0,0,0,0,0,0,0,0x4000000000000000,0,0,1,0,0,0,0,2015-03-22 14:34:41,1427034881.0,14,34
1302095,59042,37ee5279-0994-452e-bbf5-b66dcb068889,2015-03-22 14:34:41,informant-PC, Microsoft-Windows-GroupPolicy ,Other,0,0,0,0,0,1,0,None,904,Microsoft-Windows-GroupPolicy/Operational,5320,0,0,0,0,0,0,0,0,0,0,0x4000000000000000,0,0,1,0,0,0,0,2015-03-22 14:34:41,1427034881.0,14,34
1302097,59042,27e3d233-6a8c-40c3-998d-17f97cd3de80,2015-03-22 14:34:41,informant-PC, Microsoft-Windows-GroupPolicy ,Other,0,0,0,0,0,1,0,None,904,Microsoft-Windows-GroupPolicy/Operational,5320,0,0,0,0,0,0,0,0,0,0,0x4000000000000000,0,0,1,0,0,0,0,2015-03-22 14:34:41,1427034881.0,14,34
1302098,59042,4b70f4b8-4754-448a-ad7a-a639a9346261,2015-03-22 14:34:41,informant-PC, Microsoft-Windows-GroupPolicy ,Other,0,0,0,0,0,1,0,None,904,Microsoft-Windows-GroupPolicy/Operational,5320,0,0,0,0,0,0,0,0,0,0,0x4000000000000000,0,0,1,0,0,0,0,2015-03-22 14:34:41,1427034881.0,14,34
1302100,59017,416533fe-f75b-4f08-a102-a43179eded99,2015-03-22 14:34:41,informant-PC, Microsoft-Windows-GroupPolicy ,System,0,0,1,0,0,0,0,None,904,System,1501,0,0,0,0,0,0,0,0,0,0,0x8000000000000000,0,0,0,1,0,0,0,2015-03-22 14:34:41,1427034881.0,14,34
1302103,59042,af2ab5e3-18b9-483a-8f5b-904591abf45c,2015-03-22 14:34:41,informant-PC, Microsoft-Windows-GroupPolicy ,Other,0,0,0,0,0,1,0,None,904,Microsoft-Windows-GroupPolicy/Operational,8001,0,0,0,0,0,0,0,0,0,0,0x4000000000000000,0,0,1,0,0,0,0,2015-03-22 14:34:41,1427034881.0,14,34
1302104,13963,a49f2c03-58e5-43d6-baf8-4c22d082ed74,2015-03-22 14:34:41,informant-PC, Microsoft-Windows-TerminalServices-LocalSessionManager ,Other,0,0,0,0,0,1,0,None,484,Microsoft-Windows-TerminalServices-LocalSessionManager/Operational,21,0,0,0,0,0,0,0,0,0,0,0x1000000000000000,1,0,0,0,0,0,0,2015-03-22 14:34:41,1427034881.0,14,34
1302105,59042,c64d4959-d306-4716-ad50-7462f7e0d5b5,2015-03-22 14:34:41,informant-PC, Microsoft-Windows-GroupPolicy ,Other,0,0,0,0,0,1,0,None,904,Microsoft-Windows-GroupPolicy/Operational,5315,0,0,0,0,0,0,0,0,0,0,0x4000000000000000,0,0,1,0,0,0,0,2015-03-22 14:34:41,1427034881.0,14,34
1302106,59017,ffcf7f65-251e-4886-aace-23dddc4c0a80,2015-03-22 14:34:41,informant-PC, Microsoft-Windows-GroupPolicy ,System,0,0,1,0,0,0,0,None,904,System,1501,0,0,0,0,0,0,0,0,0,0,0x8000000000000000,0,0,0,1,0,0,0,2015-03-22 14:34:41,1427034881.0,14,34
1302107,59042,f1c5f9c2-6cd7-4037-a852-a2d1d1173225,2015-03-22 14:34:41,informant-PC, Microsoft-Windows-GroupPolicy ,Other,0,0,0,0,0,1,0,None,904,Microsoft-Windows-GroupPolicy/Operational,5315,0,0,0,0,0,0,0,0,0,0,0x4000000000000000,0,0,1,0,0,0,0,2015-03-22 14:34:41,1427034881.0,14,34
1302108,59042,b203216b-a9d2-41e2-8a25-1854f059b93f,2015-03-22 14:34:41,informant-PC, Microsoft-Windows-GroupPolicy ,Other,0,0,0,0,0,1,0,None,904,Microsoft-Windows-GroupPolicy/Operational,8001,0,0,0,0,0,0,0,0,0,0,0x4000000000000000,0,0,1,0,0,0,0,2015-03-22 14:34:41,1427034881.0,14,34
1302112,13963,2cacf735-5bf4-4af4-be55-d9bdfc118957,2015-03-22 14:34:41,informant-PC, Microsoft-Windows-TerminalServices-LocalSessionManager ,Other,0,0,0,0,0,1,0,None,484,Microsoft-Windows-TerminalServices-LocalSessionManager/Operational,21,0,0,0,0,0,0,0,0,0,0,0x1000000000000000,1,0,0,0,0,0,0,2015-03-22 14:34:41,1427034881.0,14,34
1302114,59040,062201ee-5704-4110-be85-5c9d4f6041d9,2015-03-22 14:34:41,informant-PC, Microsoft-Windows-OfflineFiles ,Other,0,0,0,0,0,1,0,None,880,Microsoft-Windows-OfflineFiles/Operational,7,0,0,0,0,0,0,0,0,0,0,0x4000000000000008,0,0,1,0,0,0,0,2015-03-22 14:34:41,1427034881.0,14,34
1302117,59040,f45c05b5-d6db-4bb1-8c42-55deb7e3ab1c,2015-03-22 14:34:41,informant-PC, Microsoft-Windows-OfflineFiles ,Other,0,0,0,0,0,1,0,None,880,Microsoft-Windows-OfflineFiles/Operational,7,0,0,0,0,0,0,0,0,0,0,0x4000000000000008,0,0,1,0,0,0,0,2015-03-22 14:34:41,1427034881.0,14,34
1302118,59018,f851ab14-24bb-4a0e-9a22-5d3b2cef5bcb,2015-03-22 14:34:42,informant-PC, Wlclntfy ,Application,0,1,0,0,0,0,0,None,0,Application,6000,0,0,0,0,0,0,0,0,0,0,0x0080000000000000,0,0,0,0,0,0,0,2015-03-22 14:34:42,1427034882.0,14,34
1302152,59018,6f47109d-3d76-4708-84b6-e396afdf2542,2015-03-22 14:34:42,informant-PC, Desktop Window Manager ,Application,0,1,0,0,0,0,0,None,None,Application,9003,0,0,0,0,0,0,0,0,0,0,0x0080000000000000,0,0,0,0,0,0,0,2015-03-22 14:34:42,1427034882.0,14,34
1302156,59018,6cf12d7f-d4da-49b2-a30f-75d44889d2d0,2015-03-22 14:34:42,informant-PC, Wlclntfy ,Application,0,1,0,0,0,0,0,None,0,Application,6000,0,0,0,0,0,0,0,0,0,0,0x0080000000000000,0,0,0,0,0,0,0,2015-03-22 14:34:42,1427034882.0,14,34
1302160,59018,1e438d0f-54f9-406d-ada0-457955af38c8,2015-03-22 14:34:42,informant-PC, Desktop Window Manager ,Application,0,1,0,0,0,0,0,None,None,Application,9003,0,0,0,0,0,0,0,0,0,0,0x0080000000000000,0,0,0,0,0,0,0,2015-03-22 14:34:42,1427034882.0,14,34
1302166,13963,f63bb337-4946-4d9b-860b-c264289f869f,2015-03-22 14:34:42,informant-PC, Microsoft-Windows-TerminalServices-LocalSessionManager ,Other,0,0,0,0,0,1,0,None,484,Microsoft-Windows-TerminalServices-LocalSessionManager/Operational,22,0,0,0,0,0,0,0,0,0,0,0x1000000000000000,1,0,0,0,0,0,0,2015-03-22 14:34:42,1427034882.0,14,34
1302167,13963,a4631bae-0e86-4977-97da-4fa8db1bf8b2,2015-03-22 14:34:42,informant-PC, Microsoft-Windows-TerminalServices-LocalSessionManager ,Other,0,0,0,0,0,1,0,None,484,Microsoft-Windows-TerminalServices-LocalSessionManager/Operational,22,0,0,0,0,0,0,0,0,0,0,0x1000000000000000,1,0,0,0,0,0,0,2015-03-22 14:34:42,1427034882.0,14,34
1302170,59042,4761d870-f742-431c-943e-c48ec99aa88a,2015-03-22 14:34:42,informant-PC, Microsoft-Windows-GroupPolicy ,Other,0,0,0,0,0,1,0,None,904,Microsoft-Windows-GroupPolicy/Operational,5324,0,0,0,0,0,0,0,0,0,0,0x4000000000000000,0,0,1,0,0,0,0,2015-03-22 14:34:42,1427034882.0,14,34
1302172,59042,2c7a47a5-6d33-40b9-a198-9b5545195966,2015-03-22 14:34:42,informant-PC, Microsoft-Windows-GroupPolicy ,Other,0,0,0,0,0,1,0,None,904,Microsoft-Windows-GroupPolicy/Operational,5324,0,0,0,0,0,0,0,0,0,0,0x4000000000000000,0,0,1,0,0,0,0,2015-03-22 14:34:42,1427034882.0,14,34
1302246,59017,6b2f4463-9033-4096-956f-b943636087a8,2015-03-22 14:34:42,informant-PC, Service Control Manager ,System,0,0,1,0,0,0,0,None,452,System,7036,0,0,0,0,0,0,0,0,0,0,0x8080000000000000,0,0,0,1,0,0,0,2015-03-22 14:34:42,1427034882.0,14,34
1302247,59017,c4244b09-18ea-450d-a004-34340e0fb40e,2015-03-22 14:34:42,informant-PC, Service Control Manager ,System,0,0,1,0,0,0,0,None,452,System,7036,0,0,0,0,0,0,0,0,0,0,0x8080000000000000,0,0,0,1,0,0,0,2015-03-22 14:34:42,1427034882.0,14,34
1302249,13966,37dba5a5-ef5e-4904-a5a5-af5a56a4083e,2015-03-22 14:34:42,informant-PC, Microsoft-Windows-PrintService ,Other,0,0,0,0,0,1,0,None,1116,Microsoft-Windows-PrintService/Admin,823,0,0,0,0,0,0,0,0,0,49,0x8000000000020000,0,0,0,1,0,0,0,2015-03-22 14:34:42,1427034882.0,14,34
1302251,13966,0932646c-9a44-4bb7-af52-af9cadbb5510,2015-03-22 14:34:42,informant-PC, Microsoft-Windows-PrintService ,Other,0,0,0,0,0,1,0,None,1116,Microsoft-Windows-PrintService/Admin,823,0,0,0,0,0,0,0,0,0,49,0x8000000000020000,0,0,0,1,0,0,0,2015-03-22 14:34:42,1427034882.0,14,34
1302338,59078,cb930636-05ee-445c-892b-9e3b051b408a,2015-03-22 14:34:44,informant-PC, Microsoft-Windows-KnownFolders ,Other,0,0,0,0,0,1,0,None,2000,Microsoft-Windows-Known Folders API Service,1002,0,0,0,0,0,0,0,0,0,0,0x8000000000000000,0,0,0,1,0,0,0,2015-03-22 14:34:44,1427034884.0,14,34
