2245961,59042,d11023e3-f873-4a2b-baa9-779df6a3a06d,2015-03-24 20:37:45,informant-PC, Microsoft-Windows-GroupPolicy ,Other,0,0,0,0,0,1,0,None,888,Microsoft-Windows-GroupPolicy/Operational,5320,0,0,0,0,0,0,0,0,0,0,0x4000000000000000,0,0,1,0,0,0,0,2015-03-24 20:37:45,1427229465.0,20,37
2245962,59042,97a63131-4f12-4503-a755-ab0fe6bf0abb,2015-03-24 20:37:45,informant-PC, Microsoft-Windows-GroupPolicy ,Other,0,0,0,0,0,1,0,None,888,Microsoft-Windows-GroupPolicy/Operational,5313,0,0,0,0,0,0,0,0,0,0,0x4000000000000000,0,0,1,0,0,0,0,2015-03-24 20:37:45,1427229465.0,20,37
2245963,59042,58f58738-39df-44f3-9468-deec229af659,2015-03-24 20:37:45,informant-PC, Microsoft-Windows-GroupPolicy ,Other,0,0,0,0,0,1,0,None,888,Microsoft-Windows-GroupPolicy/Operational,5320,0,0,0,0,0,0,0,0,0,0,0x4000000000000000,0,0,1,0,0,0,0,2015-03-24 20:37:45,1427229465.0,20,37
2245964,59042,01103d0c-94fc-4c70-bb61-b1c92b57c4b2,2015-03-24 20:37:45,informant-PC, Microsoft-Windows-GroupPolicy ,Other,0,0,0,0,0,1,0,None,888,Microsoft-Windows-GroupPolicy/Operational,5320,0,0,0,0,0,0,0,0,0,0,0x4000000000000000,0,0,1,0,0,0,0,2015-03-24 20:37:45,1427229465.0,20,37
2245965,59042,2aa79411-089c-4de5-b5d8-e1c7161a553a,2015-03-24 20:37:45,informant-PC, Microsoft-Windows-GroupPolicy ,Other,0,0,0,0,0,1,0,None,888,Microsoft-Windows-GroupPolicy/Operational,8007,0,0,0,0,0,0,0,0,0,0,0x4000000000000000,0,0,1,0,0,0,0,2015-03-24 20:37:45,1427229465.0,20,37
2245966,59042,02b4680a-b227-482e-a6fa-64ca4d64e777,2015-03-24 20:37:45,informant-PC, Microsoft-Windows-GroupPolicy ,Other,0,0,0,0,0,1,0,None,888,Microsoft-Windows-GroupPolicy/Operational,5312,0,0,0,0,0,0,0,0,0,0,0x4000000000000000,0,0,1,0,0,0,0,2015-03-24 20:37:45,1427229465.0,20,37
2246231,59017,823bfc80-e3b4-450c-a945-6e8c675662a1,2015-03-24 20:41:21,informant-PC, cdrom ,System,0,0,1,0,0,0,0,None,None,System,133,0,0,0,0,0,0,0,0,0,0,0x0080000000000000,0,0,0,0,0,0,0,2015-03-24 20:41:21,1427229681.0,20,41
2246232,59017,85f9305a-eec2-4486-8f09-3fbecf35a7c2,2015-03-24 20:41:21,informant-PC, cdrom ,System,0,0,1,0,0,0,0,None,None,System,133,0,0,0,0,0,0,0,0,0,0,0x0080000000000000,0,0,0,0,0,0,0,2015-03-24 20:41:21,1427229681.0,20,41
2246697,59017,d7ed4de1-378c-4ccb-9113-2568f3b165b2,2015-03-24 20:56:19,informant-PC, Service Control Manager ,System,0,0,1,0,0,0,0,None,488,System,7036,0,0,0,0,0,0,0,0,0,0,0x8080000000000000,0,0,0,1,0,0,0,2015-03-24 20:56:19,1427230579.0,20,56
2246698,59017,a1b80225-07d3-481d-8a57-574bf44824ab,2015-03-24 20:56:19,informant-PC, Service Control Manager ,System,0,0,1,0,0,0,0,None,488,System,7036,0,0,0,0,0,0,0,0,0,0,0x8080000000000000,0,0,0,1,0,0,0,2015-03-24 20:56:19,1427230579.0,20,56
2246757,59017,d300a3ec-d74f-4480-9ab3-31e0a02d6f55,2015-03-24 20:58:38,informant-PC, Service Control Manager ,System,0,0,1,0,0,0,0,None,488,System,7036,0,0,0,0,0,0,0,0,0,0,0x8080000000000000,0,0,0,1,0,0,0,2015-03-24 20:58:38,1427230718.0,20,58
2246758,59017,530e9d93-6a1d-4952-a631-04e4e2358965,2015-03-24 20:58:38,informant-PC, Service Control Manager ,System,0,0,1,0,0,0,0,None,488,System,7036,0,0,0,0,0,0,0,0,0,0,0x8080000000000000,0,0,0,1,0,0,0,2015-03-24 20:58:38,1427230718.0,20,58
2246767,59019,7cf67b74-779c-4572-b9e6-1fc2ddb26860,2015-03-24 20:58:52,informant-PC, Microsoft-Windows-Security-Auditing ,Security,1,0,0,0,0,0,0,S-1-5-18,496,Security,4624,0,0,0,1,0,0,0,0,0,12544,0x8020000000000000,0,0,0,1,0,0,0,2015-03-24 20:58:52,1427230732.0,20,58
2246768,59019,e9549f11-78fd-4b5f-9d34-8599851be241,2015-03-24 20:58:52,informant-PC, Microsoft-Windows-Security-Auditing ,Security,1,0,0,0,0,0,0,None,496,Security,4672,0,0,0,1,0,0,0,0,0,12548,0x8020000000000000,0,0,0,1,0,0,0,2015-03-24 20:58:52,1427230732.0,20,58
2246769,59019,7d01b224-4e5c-49eb-b7ed-1b746988473e,2015-03-24 20:58:52,informant-PC, Microsoft-Windows-Security-Auditing ,Security,1,0,0,0,0,0,0,None,496,Security,4672,0,0,0,1,0,0,0,0,0,12548,0x8020000000000000,0,0,0,1,0,0,0,2015-03-24 20:58:52,1427230732.0,20,58
2246770,59019,574243f3-97a7-4453-b8e1-8c09c77a67d6,2015-03-24 20:58:52,informant-PC, Microsoft-Windows-Security-Auditing ,Security,1,0,0,0,0,0,0,S-1-5-18,496,Security,4624,0,0,0,1,0,0,0,0,0,12544,0x8020000000000000,0,0,0,1,0,0,0,2015-03-24 20:58:52,1427230732.0,20,58
2246771,59017,5d23cfe4-4f93-447a-a53c-ba2b88b2730f,2015-03-24 20:58:52,informant-PC, Service Control Manager ,System,0,0,1,0,0,0,0,None,488,System,7036,0,0,0,0,0,0,0,0,0,0,0x8080000000000000,0,0,0,1,0,0,0,2015-03-24 20:58:52,1427230732.0,20,58
2246772,59017,d8367818-7a2c-48d9-869a-7cdc3c98b91b,2015-03-24 20:58:52,informant-PC, Service Control Manager ,System,0,0,1,0,0,0,0,None,488,System,7036,0,0,0,0,0,0,0,0,0,0,0x8080000000000000,0,0,0,1,0,0,0,2015-03-24 20:58:52,1427230732.0,20,58
2246795,59017,9e7423f2-56fa-4419-bc21-dc661c9dac81,2015-03-24 21:00:52,informant-PC, Service Control Manager ,System,0,0,1,0,0,0,0,None,488,System,7036,0,0,0,0,0,0,0,0,0,0,0x8080000000000000,0,0,0,1,0,0,0,2015-03-24 21:00:52,1427230852.0,21,0
2246796,59017,0bf4555f-d9d2-4c3b-bbe5-09b4b0b74c12,2015-03-24 21:00:52,informant-PC, Service Control Manager ,System,0,0,1,0,0,0,0,None,488,System,7036,0,0,0,0,0,0,0,0,0,0,0x8080000000000000,0,0,0,1,0,0,0,2015-03-24 21:00:52,1427230852.0,21,0
2247051,59051,90551810-9824-4624-90ed-7fa1410fa57e,2015-03-24 21:01:28,informant-PC, Microsoft-Windows-ReadyBoost ,Other,0,0,0,0,0,1,0,None,820,Microsoft-Windows-ReadyBoost/Operational,1019,0,0,0,0,0,0,0,0,0,1019,0x8000000000004000,0,0,0,1,0,0,0,2015-03-24 21:01:28,1427230888.0,21,1
2247052,59051,02ae2354-806b-4f89-8677-ebdca6016327,2015-03-24 21:01:28,informant-PC, Microsoft-Windows-ReadyBoost ,Other,0,0,0,0,0,1,0,None,820,Microsoft-Windows-ReadyBoost/Operational,1019,0,0,0,0,0,0,0,0,0,1019,0x8000000000004000,0,0,0,1,0,0,0,2015-03-24 21:01:28,1427230888.0,21,1
2248210,59017,417914de-7def-4d4c-8b1b-40424a8c67e9,2015-03-24 21:05:54,informant-PC, Service Control Manager ,System,0,0,1,0,0,0,0,None,488,System,7036,0,0,0,0,0,0,0,0,0,0,0x8080000000000000,0,0,0,1,0,0,0,2015-03-24 21:05:54,1427231154.0,21,5
2248211,59017,fc1c5f30-7eb1-4173-82bd-d5eb5318dd74,2015-03-24 21:05:54,informant-PC, Service Control Manager ,System,0,0,1,0,0,0,0,None,488,System,7036,0,0,0,0,0,0,0,0,0,0,0x8080000000000000,0,0,0,1,0,0,0,2015-03-24 21:05:54,1427231154.0,21,5
2248930,59017,7a34af0f-c063-4639-b2a5-7d52d43aaf6b,2015-03-24 21:07:23,informant-PC, USER32 ,System,0,0,1,0,0,0,0,None,None,System,1074,0,0,0,0,0,0,0,0,0,0,0x0080000000000000,0,0,0,0,0,0,0,2015-03-24 21:07:23,1427231243.0,21,7
2248931,59017,7f7d6594-c1d9-4e11-9de2-4b1c3430dd03,2015-03-24 21:07:23,informant-PC, USER32 ,System,0,0,1,0,0,0,0,None,None,System,1074,0,0,0,0,0,0,0,0,0,0,0x0080000000000000,0,0,0,0,0,0,0,2015-03-24 21:07:23,1427231243.0,21,7
2249009,59042,682a0f33-5d61-4c17-9b9c-4b56fbc409a0,2015-03-24 21:07:24,informant-PC, Microsoft-Windows-GroupPolicy ,Other,0,0,0,0,0,1,0,None,888,Microsoft-Windows-GroupPolicy/Operational,5324,0,0,0,0,0,0,0,0,0,0,0x4000000000000000,0,0,1,0,0,0,0,2015-03-24 21:07:24,1427231244.0,21,7
2249010,59042,1b110998-26e9-402c-8f7a-4e02f857bb51,2015-03-24 21:07:24,informant-PC, Microsoft-Windows-GroupPolicy ,Other,0,0,0,0,0,1,0,None,888,Microsoft-Windows-GroupPolicy/Operational,5324,0,0,0,0,0,0,0,0,0,0,0x4000000000000000,0,0,1,0,0,0,0,2015-03-24 21:07:24,1427231244.0,21,7
2249013,59018,d4f92a22-56b7-41e5-933a-82520fa9197a,2015-03-24 21:07:25,informant-PC, Desktop Window Manager ,Application,0,1,0,0,0,0,0,None,None,Application,9009,0,0,0,0,0,0,0,0,0,0,0x0080000000000000,0,0,0,0,0,0,0,2015-03-24 21:07:25,1427231245.0,21,7
2249014,59017,dfa34b31-5896-45f5-9acb-936fb5bfb038,2015-03-24 21:07:25,informant-PC, USER32 ,System,0,0,1,0,0,0,0,None,None,System,1074,0,0,0,0,0,0,0,0,0,0,0x0080000000000000,0,0,0,0,0,0,0,2015-03-24 21:07:25,1427231245.0,21,7
2249015,59017,99cdc6e4-869e-47aa-9654-1e3158a2817d,2015-03-24 21:07:25,informant-PC, USER32 ,System,0,0,1,0,0,0,0,None,None,System,1074,0,0,0,0,0,0,0,0,0,0,0x0080000000000000,0,0,0,0,0,0,0,2015-03-24 21:07:25,1427231245.0,21,7
2249016,59018,18dae0c4-c8d5-4150-ad2f-f44077dc69f9,2015-03-24 21:07:25,informant-PC, Wlclntfy ,Application,0,1,0,0,0,0,0,None,0,Application,6000,0,0,0,0,0,0,0,0,0,0,0x0080000000000000,0,0,0,0,0,0,0,2015-03-24 21:07:25,1427231245.0,21,7
2249017,59018,6dd8222e-6c40-4844-9582-5743bff7e91f,2015-03-24 21:07:25,informant-PC, Wlclntfy ,Application,0,1,0,0,0,0,0,None,0,Application,6000,0,0,0,0,0,0,0,0,0,0,0x0080000000000000,0,0,0,0,0,0,0,2015-03-24 21:07:25,1427231245.0,21,7
2249018,59018,60e30b35-0ef2-4228-be5a-515317ed8dd6,2015-03-24 21:07:25,informant-PC, Desktop Window Manager ,Application,0,1,0,0,0,0,0,None,None,Application,9009,0,0,0,0,0,0,0,0,0,0,0x0080000000000000,0,0,0,0,0,0,0,2015-03-24 21:07:25,1427231245.0,21,7
2249027,59019,f6e5e1d0-7371-464b-b069-cf6316c0de72,2015-03-24 21:07:25,informant-PC, Microsoft-Windows-Security-Auditing ,Security,1,0,0,0,0,0,0,S-1-5-21-2425377081-3129163575-2985601102-1000,496,Security,4647,0,0,0,1,0,0,0,0,0,12545,0x8020000000000000,0,0,0,1,0,0,0,2015-03-24 21:07:25,1427231245.0,21,7
2249028,59019,1027015b-49ab-477c-a637-da70f668f0c1,2015-03-24 21:07:25,informant-PC, Microsoft-Windows-Security-Auditing ,Security,1,0,0,0,0,0,0,S-1-5-21-2425377081-3129163575-2985601102-1000,496,Security,4647,0,0,0,1,0,0,0,0,0,12545,0x8020000000000000,0,0,0,1,0,0,0,2015-03-24 21:07:25,1427231245.0,21,7
2249029,13963,c444fb3f-4b5d-4285-a8b8-095927ed5e12,2015-03-24 21:07:25,informant-PC, Microsoft-Windows-TerminalServices-LocalSessionManager ,Other,0,0,0,0,0,1,0,None,508,Microsoft-Windows-TerminalServices-LocalSessionManager/Operational,23,0,0,0,0,0,0,0,0,0,0,0x1000000000000000,1,0,0,0,0,0,0,2015-03-24 21:07:25,1427231245.0,21,7
2249030,59042,87b0638e-547c-4e5e-8730-162c2d7b6ba6,2015-03-24 21:07:25,informant-PC, Microsoft-Windows-GroupPolicy ,Other,0,0,0,0,0,1,0,None,888,Microsoft-Windows-GroupPolicy/Operational,5324,0,0,0,0,0,0,0,0,0,0,0x4000000000000000,0,0,1,0,0,0,0,2015-03-24 21:07:25,1427231245.0,21,7
2249031,13963,7618e4f7-94b3-44ac-9826-4aee29ed78a7,2015-03-24 21:07:25,informant-PC, Microsoft-Windows-TerminalServices-LocalSessionManager ,Other,0,0,0,0,0,1,0,None,508,Microsoft-Windows-TerminalServices-LocalSessionManager/Operational,23,0,0,0,0,0,0,0,0,0,0,0x1000000000000000,1,0,0,0,0,0,0,2015-03-24 21:07:25,1427231245.0,21,7
2249032,59042,2ffc1970-fc39-4b0e-949e-68fa44cc7cbd,2015-03-24 21:07:25,informant-PC, Microsoft-Windows-GroupPolicy ,Other,0,0,0,0,0,1,0,None,888,Microsoft-Windows-GroupPolicy/Operational,5324,0,0,0,0,0,0,0,0,0,0,0x4000000000000000,0,0,1,0,0,0,0,2015-03-24 21:07:25,1427231245.0,21,7
2249033,59021,ac735f66-9807-46c3-aacd-d799b6a2463f,2015-03-24 21:07:25,informant-PC, Microsoft-Windows-User Profiles Service ,Other,0,0,0,0,0,1,0,None,888,Microsoft-Windows-User Profile Service/Operational,3,0,0,0,0,0,0,0,0,0,0,0x4000000000000000,0,0,1,0,0,0,0,2015-03-24 21:07:25,1427231245.0,21,7
2249034,59021,608deb2b-ad41-4837-a117-34e4b6f9202c,2015-03-24 21:07:25,informant-PC, Microsoft-Windows-User Profiles Service ,Other,0,0,0,0,0,1,0,None,888,Microsoft-Windows-User Profile Service/Operational,3,0,0,0,0,0,0,0,0,0,0,0x4000000000000000,0,0,1,0,0,0,0,2015-03-24 21:07:25,1427231245.0,21,7
2249035,59018,1ecc4962-85cf-4240-900c-2131691ee4b5,2015-03-24 21:07:25,informant-PC, Microsoft-Windows-User Profiles Service ,Application,0,1,0,0,0,0,0,None,888,Application,1530,0,0,0,0,0,0,0,0,0,0,0x8000000000000000,0,0,0,1,0,0,0,2015-03-24 21:07:25,1427231245.0,21,7
2249036,59018,ce239667-e440-46b2-bf39-02bcda1c473e,2015-03-24 21:07:25,informant-PC, Microsoft-Windows-User Profiles Service ,Application,0,1,0,0,0,0,0,None,888,Application,1530,0,0,0,0,0,0,0,0,0,0,0x8000000000000000,0,0,0,1,0,0,0,2015-03-24 21:07:25,1427231245.0,21,7
2249037,59040,d01b2d84-359f-4adf-ad60-4ff88a873104,2015-03-24 21:07:25,informant-PC, Microsoft-Windows-OfflineFiles ,Other,0,0,0,0,0,1,0,None,820,Microsoft-Windows-OfflineFiles/Operational,8,0,0,0,0,0,0,0,0,0,0,0x4000000000000008,0,0,1,0,0,0,0,2015-03-24 21:07:25,1427231245.0,21,7
2249038,59040,689d113c-5402-45f9-9892-976e2b6c25ad,2015-03-24 21:07:25,informant-PC, Microsoft-Windows-OfflineFiles ,Other,0,0,0,0,0,1,0,None,820,Microsoft-Windows-OfflineFiles/Operational,8,0,0,0,0,0,0,0,0,0,0,0x4000000000000008,0,0,1,0,0,0,0,2015-03-24 21:07:25,1427231245.0,21,7
2249054,59021,8ee2b49e-99a5-4f43-95a8-98e975c67fe6,2015-03-24 21:07:25,informant-PC, Microsoft-Windows-User Profiles Service ,Other,0,0,0,0,0,1,0,None,888,Microsoft-Windows-User Profile Service/Operational,4,0,0,0,0,0,0,0,0,0,0,0x4000000000000000,0,0,1,0,0,0,0,2015-03-24 21:07:25,1427231245.0,21,7
2249055,59021,63ec6e74-81da-4ab0-b125-f2912e011e7c,2015-03-24 21:07:25,informant-PC, Microsoft-Windows-User Profiles Service ,Other,0,0,0,0,0,1,0,None,888,Microsoft-Windows-User Profile Service/Operational,4,0,0,0,0,0,0,0,0,0,0,0x4000000000000000,0,0,1,0,0,0,0,2015-03-24 21:07:25,1427231245.0,21,7
2249060,59017,05dabe27-b219-4337-9f02-2a9d06a3383a,2015-03-24 21:07:25,informant-PC, Microsoft-Windows-Winlogon ,System,0,0,1,0,0,0,0,None,440,System,7002,0,0,0,0,0,0,0,0,0,1102,0x2000000000000000,0,1,0,0,0,0,0,2015-03-24 21:07:25,1427231245.0,21,7
2249061,59017,312e6ace-a3f5-448e-898d-95c4ad49c8db,2015-03-24 21:07:25,informant-PC, Microsoft-Windows-Winlogon ,System,0,0,1,0,0,0,0,None,440,System,7002,0,0,0,0,0,0,0,0,0,1102,0x2000000000000000,0,1,0,0,0,0,0,2015-03-24 21:07:25,1427231245.0,21,7
2249064,46,b2bc34a5-787a-4eaf-9eb0-dec64abf17bc,2015-03-24 21:07:26,informant-PC, Microsoft-Windows-WindowsUpdateClient ,Other,0,0,0,0,0,1,0,None,888,Microsoft-Windows-WindowsUpdateClient/Operational,39,0,0,0,0,0,0,0,0,0,1,0x4000000000000280,0,0,1,0,0,0,0,2015-03-24 21:07:26,1427231246.0,21,7
2249065,59017,65527302-ab54-48e1-8098-2cab8081c2cf,2015-03-24 21:07:26,informant-PC, Service Control Manager ,System,0,0,1,0,0,0,0,None,488,System,7036,0,0,0,0,0,0,0,0,0,0,0x8080000000000000,0,0,0,1,0,0,0,2015-03-24 21:07:26,1427231246.0,21,7
2249066,46,b590d04f-811d-4c3b-9f7e-53cfdfc21c3a,2015-03-24 21:07:26,informant-PC, Microsoft-Windows-WindowsUpdateClient ,Other,0,0,0,0,0,1,0,None,888,Microsoft-Windows-WindowsUpdateClient/Operational,39,0,0,0,0,0,0,0,0,0,1,0x4000000000000280,0,0,1,0,0,0,0,2015-03-24 21:07:26,1427231246.0,21,7
2249067,59017,da92afc9-d640-40d6-bf16-80a1464cb487,2015-03-24 21:07:26,informant-PC, Service Control Manager ,System,0,0,1,0,0,0,0,None,488,System,7036,0,0,0,0,0,0,0,0,0,0,0x8080000000000000,0,0,0,1,0,0,0,2015-03-24 21:07:26,1427231246.0,21,7
2249070,59042,5c0b0140-c02d-4f50-abcd-7505f6eb087a,2015-03-24 21:07:26,informant-PC, Microsoft-Windows-GroupPolicy ,Other,0,0,0,0,0,1,0,None,888,Microsoft-Windows-GroupPolicy/Operational,5325,0,0,0,0,0,0,0,0,0,0,0x4000000000000000,0,0,1,0,0,0,0,2015-03-24 21:07:26,1427231246.0,21,7
2249071,59042,7fbfe613-9bb8-4347-a31c-61380217439a,2015-03-24 21:07:26,informant-PC, Microsoft-Windows-GroupPolicy ,Other,0,0,0,0,0,1,0,None,888,Microsoft-Windows-GroupPolicy/Operational,5325,0,0,0,0,0,0,0,0,0,0,0x4000000000000000,0,0,1,0,0,0,0,2015-03-24 21:07:26,1427231246.0,21,7
2249072,59017,40e7f0e3-685b-42fc-84bb-9f25afe353f9,2015-03-24 21:07:26,informant-PC, Service Control Manager ,System,0,0,1,0,0,0,0,None,488,System,7036,0,0,0,0,0,0,0,0,0,0,0x8080000000000000,0,0,0,1,0,0,0,2015-03-24 21:07:26,1427231246.0,21,7
2249073,59017,bde963e4-2d1b-4be7-8a16-11bf061e1b7e,2015-03-24 21:07:26,informant-PC, Service Control Manager ,System,0,0,1,0,0,0,0,None,488,System,7036,0,0,0,0,0,0,0,0,0,0,0x8080000000000000,0,0,0,1,0,0,0,2015-03-24 21:07:26,1427231246.0,21,7
2249076,59017,0828c0f3-e873-42d0-bff2-97bcd7f07efd,2015-03-24 21:07:26,informant-PC, Service Control Manager ,System,0,0,1,0,0,0,0,None,488,System,7036,0,0,0,0,0,0,0,0,0,0,0x8080000000000000,0,0,0,1,0,0,0,2015-03-24 21:07:26,1427231246.0,21,7
2249077,59026,eed31c6e-451d-4048-aede-47eb24ff66ce,2015-03-24 21:07:26,informant-PC, Microsoft-Windows-Resource-Exhaustion-Detector ,Other,0,0,0,0,0,1,0,None,1180,Microsoft-Windows-Resource-Exhaustion-Detector/Operational,1002,0,0,0,0,0,0,0,0,0,1,0x4000000010000000,0,0,1,0,0,0,0,2015-03-24 21:07:26,1427231246.0,21,7
2249078,59026,ba01a99a-fce2-404e-9fb7-9e3165d16b2d,2015-03-24 21:07:26,informant-PC, Microsoft-Windows-Resource-Exhaustion-Detector ,Other,0,0,0,0,0,1,0,None,1180,Microsoft-Windows-Resource-Exhaustion-Detector/Operational,1002,0,0,0,0,0,0,0,0,0,1,0x4000000010000000,0,0,1,0,0,0,0,2015-03-24 21:07:26,1427231246.0,21,7
2249079,59017,f47e0a46-33cb-40b9-8443-4e89af1f9df1,2015-03-24 21:07:26,informant-PC, Service Control Manager ,System,0,0,1,0,0,0,0,None,488,System,7036,0,0,0,0,0,0,0,0,0,0,0x8080000000000000,0,0,0,1,0,0,0,2015-03-24 21:07:26,1427231246.0,21,7
2249080,59017,40c37b2c-ba35-46c5-a60b-09fa65d81b09,2015-03-24 21:07:26,informant-PC, Service Control Manager ,System,0,0,1,0,0,0,0,None,488,System,7036,0,0,0,0,0,0,0,0,0,0,0x8080000000000000,0,0,0,1,0,0,0,2015-03-24 21:07:26,1427231246.0,21,7
2249081,59017,967ba6a8-34cf-410c-9d36-fd633d26cc3a,2015-03-24 21:07:26,informant-PC, Service Control Manager ,System,0,0,1,0,0,0,0,None,488,System,7036,0,0,0,0,0,0,0,0,0,0,0x8080000000000000,0,0,0,1,0,0,0,2015-03-24 21:07:26,1427231246.0,21,7
2249082,59017,34545ada-2da4-41f1-a3a7-c453bb9f5357,2015-03-24 21:07:26,informant-PC, Service Control Manager ,System,0,0,1,0,0,0,0,None,488,System,7036,0,0,0,0,0,0,0,0,0,0,0x8080000000000000,0,0,0,1,0,0,0,2015-03-24 21:07:26,1427231246.0,21,7
2249085,59019,b3583dbf-5736-44cf-ac06-3c5de7c68935,2015-03-24 21:07:26,informant-PC, Microsoft-Windows-Eventlog ,Security,1,0,0,0,0,0,0,None,760,Security,1100,0,0,0,0,0,0,0,0,0,103,0x4020000000000000,0,0,1,0,0,0,0,2015-03-24 21:07:26,1427231246.0,21,7
2249089,59017,3a148545-8fa5-4486-8bc6-12b55fc3e65f,2015-03-24 21:07:26,informant-PC, Microsoft-Windows-UserPnp ,System,0,0,1,0,0,0,0,None,600,System,20010,0,0,0,0,0,0,0,0,0,7010,0x8000000000000000,0,0,0,1,0,0,0,2015-03-24 21:07:26,1427231246.0,21,7
2249090,59017,59c0b29b-e665-4aaf-abdf-ad8498887ad5,2015-03-24 21:07:26,informant-PC, Service Control Manager ,System,0,0,1,0,0,0,0,None,488,System,7036,0,0,0,0,0,0,0,0,0,0,0x8080000000000000,0,0,0,1,0,0,0,2015-03-24 21:07:26,1427231246.0,21,7
2249091,59019,eed60279-c75d-47fb-9f87-63f4fd039bd3,2015-03-24 21:07:26,informant-PC, Microsoft-Windows-Eventlog ,Security,1,0,0,0,0,0,0,None,760,Security,1100,0,0,0,0,0,0,0,0,0,103,0x4020000000000000,0,0,1,0,0,0,0,2015-03-24 21:07:26,1427231246.0,21,7
2249094,59017,06ad6921-46a4-43f5-841c-297608717ea1,2015-03-24 21:07:26,informant-PC, Service Control Manager ,System,0,0,1,0,0,0,0,None,488,System,7036,0,0,0,0,0,0,0,0,0,0,0x8080000000000000,0,0,0,1,0,0,0,2015-03-24 21:07:26,1427231246.0,21,7
2249095,59017,d76f85e7-565b-4d76-a929-f4c512a7c57f,2015-03-24 21:07:26,informant-PC, Microsoft-Windows-UserPnp ,System,0,0,1,0,0,0,0,None,600,System,20010,0,0,0,0,0,0,0,0,0,7010,0x8000000000000000,0,0,0,1,0,0,0,2015-03-24 21:07:26,1427231246.0,21,7
2249096,59017,b1087a3a-6605-4365-b0dc-e55cb802f129,2015-03-24 21:07:26,informant-PC, Service Control Manager ,System,0,0,1,0,0,0,0,None,488,System,7036,0,0,0,0,0,0,0,0,0,0,0x8080000000000000,0,0,0,1,0,0,0,2015-03-24 21:07:26,1427231246.0,21,7
2249098,59017,a9eebfcb-3aae-4cd8-bf44-fe290382caec,2015-03-24 21:07:26,informant-PC, Microsoft-Windows-DHCPv6-Client ,System,0,0,1,0,0,0,0,None,760,System,51047,0,0,0,0,0,0,0,0,0,4,0x2000000000000000,0,1,0,0,0,0,0,2015-03-24 21:07:26,1427231246.0,21,7
2249099,59018,3f7481b9-4583-4643-92e5-886f5b2fe329,2015-03-24 21:07:26,informant-PC, Microsoft-Windows-User Profiles Service ,Application,0,1,0,0,0,0,0,None,888,Application,1532,0,0,0,0,0,0,0,0,0,0,0x8000000000000000,0,0,0,1,0,0,0,2015-03-24 21:07:26,1427231246.0,21,7
2249100,59017,89e0bc17-e7f5-4130-8b44-9e2a3378281e,2015-03-24 21:07:26,informant-PC, Service Control Manager ,System,0,0,1,0,0,0,0,None,488,System,7036,0,0,0,0,0,0,0,0,0,0,0x8080000000000000,0,0,0,1,0,0,0,2015-03-24 21:07:26,1427231246.0,21,7
2249101,59018,9496a632-d81d-4c71-8b9d-b0e960be7753,2015-03-24 21:07:26,informant-PC, Microsoft-Windows-User Profiles Service ,Application,0,1,0,0,0,0,0,None,888,Application,1532,0,0,0,0,0,0,0,0,0,0,0x8000000000000000,0,0,0,1,0,0,0,2015-03-24 21:07:26,1427231246.0,21,7
2249102,59017,2cc48db2-ab24-446f-9085-d635c9e1b9e4,2015-03-24 21:07:26,informant-PC, Service Control Manager ,System,0,0,1,0,0,0,0,None,488,System,7036,0,0,0,0,0,0,0,0,0,0,0x8080000000000000,0,0,0,1,0,0,0,2015-03-24 21:07:26,1427231246.0,21,7
2249103,59017,78dc55fe-9a62-4dc0-be05-6953028a9e4d,2015-03-24 21:07:26,informant-PC, Microsoft-Windows-DHCPv6-Client ,System,0,0,1,0,0,0,0,None,760,System,51047,0,0,0,0,0,0,0,0,0,4,0x2000000000000000,0,1,0,0,0,0,0,2015-03-24 21:07:26,1427231246.0,21,7
2249104,59017,adbe377a-6cb0-4ccc-8a8d-a2423ba7ed48,2015-03-24 21:07:26,informant-PC, Service Control Manager ,System,0,0,1,0,0,0,0,None,488,System,7036,0,0,0,0,0,0,0,0,0,0,0x8080000000000000,0,0,0,1,0,0,0,2015-03-24 21:07:26,1427231246.0,21,7
2249105,59017,d78e8414-0c68-4922-8f20-9b0422e9b122,2015-03-24 21:07:26,informant-PC, Service Control Manager ,System,0,0,1,0,0,0,0,None,488,System,7036,0,0,0,0,0,0,0,0,0,0,0x8080000000000000,0,0,0,1,0,0,0,2015-03-24 21:07:26,1427231246.0,21,7
2249106,59017,9df55366-cae4-4304-b585-5ca41d331c38,2015-03-24 21:07:26,informant-PC, Service Control Manager ,System,0,0,1,0,0,0,0,None,488,System,7036,0,0,0,0,0,0,0,0,0,0,0x8080000000000000,0,0,0,1,0,0,0,2015-03-24 21:07:26,1427231246.0,21,7
2249107,59017,86dd8976-b007-42d8-88f6-0d76ccff2d5a,2015-03-24 21:07:26,informant-PC, Service Control Manager ,System,0,0,1,0,0,0,0,None,488,System,7036,0,0,0,0,0,0,0,0,0,0,0x8080000000000000,0,0,0,1,0,0,0,2015-03-24 21:07:26,1427231246.0,21,7
2249108,59017,b66cf83f-aa3a-4e29-b04b-1b8c4692079f,2015-03-24 21:07:26,informant-PC, Service Control Manager ,System,0,0,1,0,0,0,0,None,488,System,7036,0,0,0,0,0,0,0,0,0,0,0x8080000000000000,0,0,0,1,0,0,0,2015-03-24 21:07:26,1427231246.0,21,7
2249109,59017,9077febf-fc0f-4506-a8df-7fe463d3109d,2015-03-24 21:07:26,informant-PC, Service Control Manager ,System,0,0,1,0,0,0,0,None,488,System,7036,0,0,0,0,0,0,0,0,0,0,0x8080000000000000,0,0,0,1,0,0,0,2015-03-24 21:07:26,1427231246.0,21,7
2249110,59017,55bf4afb-5d91-484b-a1da-62c2f431ecc5,2015-03-24 21:07:26,informant-PC, Microsoft-Windows-Dhcp-Client ,System,0,0,1,0,0,0,0,None,760,System,50037,0,0,0,0,0,0,0,0,0,4,0x2000000000000000,0,1,0,0,0,0,0,2015-03-24 21:07:26,1427231246.0,21,7
2249111,59017,90dcb0b6-be96-4576-b2f3-b6bbcc20504d,2015-03-24 21:07:26,informant-PC, Service Control Manager ,System,0,0,1,0,0,0,0,None,488,System,7036,0,0,0,0,0,0,0,0,0,0,0x8080000000000000,0,0,0,1,0,0,0,2015-03-24 21:07:26,1427231246.0,21,7
2249112,59017,99ba1e48-867e-46e7-99d3-5e9bdcdbeb8e,2015-03-24 21:07:26,informant-PC, Service Control Manager ,System,0,0,1,0,0,0,0,None,488,System,7036,0,0,0,0,0,0,0,0,0,0,0x8080000000000000,0,0,0,1,0,0,0,2015-03-24 21:07:26,1427231246.0,21,7
2249113,59017,4affa04c-23da-4aa5-bab1-27eea5bd9f94,2015-03-24 21:07:26,informant-PC, Microsoft-Windows-Dhcp-Client ,System,0,0,1,0,0,0,0,None,760,System,50037,0,0,0,0,0,0,0,0,0,4,0x2000000000000000,0,1,0,0,0,0,0,2015-03-24 21:07:26,1427231246.0,21,7
2249128,59017,9b105a86-52c2-4b12-9965-a778e4bd2885,2015-03-24 21:07:27,informant-PC, EventLog ,System,0,0,1,0,0,0,0,None,None,System,6006,0,0,0,0,0,0,0,0,0,0,0x0080000000000000,0,0,0,0,0,0,0,2015-03-24 21:07:27,1427231247.0,21,7
2249129,59017,25d286f6-92ff-4a13-9cf2-c64cf0f2f22b,2015-03-24 21:07:27,informant-PC, EventLog ,System,0,0,1,0,0,0,0,None,None,System,6006,0,0,0,0,0,0,0,0,0,0,0x0080000000000000,0,0,0,0,0,0,0,2015-03-24 21:07:27,1427231247.0,21,7
2249138,59017,9ec0e7ee-5122-4bf8-86fa-ad07b67898ec,2015-03-24 21:07:27,informant-PC, Service Control Manager ,System,0,0,1,0,0,0,0,None,488,System,7036,0,0,0,0,0,0,0,0,0,0,0x8080000000000000,0,0,0,1,0,0,0,2015-03-24 21:07:27,1427231247.0,21,7
2249139,59017,dc4141d1-c112-455d-9d4a-890baa8a5bac,2015-03-24 21:07:27,informant-PC, Service Control Manager ,System,0,0,1,0,0,0,0,None,488,System,7036,0,0,0,0,0,0,0,0,0,0,0x8080000000000000,0,0,0,1,0,0,0,2015-03-24 21:07:27,1427231247.0,21,7
2249143,59017,77829a40-54b6-4d83-859f-9e2accde05d6,2015-03-24 21:07:27,informant-PC, Service Control Manager ,System,0,0,1,0,0,0,0,None,488,System,7036,0,0,0,0,0,0,0,0,0,0,0x8080000000000000,0,0,0,1,0,0,0,2015-03-24 21:07:27,1427231247.0,21,7
2249150,59017,fa6ec67e-fff7-4f9a-bdca-40c335010669,2015-03-24 21:07:27,informant-PC, Service Control Manager ,System,0,0,1,0,0,0,0,None,488,System,7036,0,0,0,0,0,0,0,0,0,0,0x8080000000000000,0,0,0,1,0,0,0,2015-03-24 21:07:27,1427231247.0,21,7
2249159,59017,3ae44c0a-b125-45e1-800a-9df197c4f5af,2015-03-24 21:07:27,informant-PC, Service Control Manager ,System,0,0,1,0,0,0,0,None,488,System,7036,0,0,0,0,0,0,0,0,0,0,0x8080000000000000,0,0,0,1,0,0,0,2015-03-24 21:07:27,1427231247.0,21,7
2249164,59017,a875ac8f-206b-46e9-85e7-8c83a0be07dd,2015-03-24 21:07:27,informant-PC, Service Control Manager ,System,0,0,1,0,0,0,0,None,488,System,7036,0,0,0,0,0,0,0,0,0,0,0x8080000000000000,0,0,0,1,0,0,0,2015-03-24 21:07:27,1427231247.0,21,7
2249165,59017,da3555fe-0e82-4124-9ad9-2c98a7d05a77,2015-03-24 21:07:27,informant-PC, Service Control Manager ,System,0,0,1,0,0,0,0,None,488,System,7036,0,0,0,0,0,0,0,0,0,0,0x8080000000000000,0,0,0,1,0,0,0,2015-03-24 21:07:27,1427231247.0,21,7
2249166,59017,64acc99b-f9d7-48c1-afbd-a01ec67fa030,2015-03-24 21:07:27,informant-PC, Service Control Manager ,System,0,0,1,0,0,0,0,None,488,System,7036,0,0,0,0,0,0,0,0,0,0,0x8080000000000000,0,0,0,1,0,0,0,2015-03-24 21:07:27,1427231247.0,21,7
2249167,59017,e09a3fbd-420d-42b0-bd27-90d2f2d8321c,2015-03-24 21:07:27,informant-PC, Service Control Manager ,System,0,0,1,0,0,0,0,None,488,System,7036,0,0,0,0,0,0,0,0,0,0,0x8080000000000000,0,0,0,1,0,0,0,2015-03-24 21:07:27,1427231247.0,21,7
2249168,59017,ccfc1825-2adf-49d1-aaaf-9cdbacb39e05,2015-03-24 21:07:27,informant-PC, Service Control Manager ,System,0,0,1,0,0,0,0,None,488,System,7036,0,0,0,0,0,0,0,0,0,0,0x8080000000000000,0,0,0,1,0,0,0,2015-03-24 21:07:27,1427231247.0,21,7
2249171,59017,6c9f139e-b5d8-43c4-8fc7-2dada86cbe25,2015-03-24 21:07:27,informant-PC, Service Control Manager ,System,0,0,1,0,0,0,0,None,488,System,7036,0,0,0,0,0,0,0,0,0,0,0x8080000000000000,0,0,0,1,0,0,0,2015-03-24 21:07:27,1427231247.0,21,7
2249172,59017,43b0f220-f876-447e-9eaa-788aa6ebffac,2015-03-24 21:07:27,informant-PC, Service Control Manager ,System,0,0,1,0,0,0,0,None,488,System,7036,0,0,0,0,0,0,0,0,0,0,0x8080000000000000,0,0,0,1,0,0,0,2015-03-24 21:07:27,1427231247.0,21,7
2249176,59017,9c03807b-832f-4ef5-abef-4b888a2c433d,2015-03-24 21:07:27,informant-PC, Service Control Manager ,System,0,0,1,0,0,0,0,None,488,System,7036,0,0,0,0,0,0,0,0,0,0,0x8080000000000000,0,0,0,1,0,0,0,2015-03-24 21:07:27,1427231247.0,21,7
2249178,59017,c7eb173d-1763-4fcf-8131-ee2615fb0f6d,2015-03-24 21:07:27,informant-PC, Service Control Manager ,System,0,0,1,0,0,0,0,None,488,System,7036,0,0,0,0,0,0,0,0,0,0,0x8080000000000000,0,0,0,1,0,0,0,2015-03-24 21:07:27,1427231247.0,21,7
2249189,59017,e837e909-d3ab-4851-9ab3-dd510baaf083,2015-03-24 21:07:27,informant-PC, Service Control Manager ,System,0,0,1,0,0,0,0,None,488,System,7036,0,0,0,0,0,0,0,0,0,0,0x8080000000000000,0,0,0,1,0,0,0,2015-03-24 21:07:27,1427231247.0,21,7
2249194,59017,aaa087b9-40dd-48e9-8155-a49db2ac1fc1,2015-03-24 21:07:27,informant-PC, Service Control Manager ,System,0,0,1,0,0,0,0,None,488,System,7036,0,0,0,0,0,0,0,0,0,0,0x8080000000000000,0,0,0,1,0,0,0,2015-03-24 21:07:27,1427231247.0,21,7
2249229,59017,23259bcd-a6d3-4891-8e37-37dfa1d52f1a,2015-03-24 21:07:27,informant-PC, Service Control Manager ,System,0,0,1,0,0,0,0,None,488,System,7036,0,0,0,0,0,0,0,0,0,0,0x8080000000000000,0,0,0,1,0,0,0,2015-03-24 21:07:27,1427231247.0,21,7
2249230,59017,3ab4c9d9-5ae0-4763-a086-8e3362908173,2015-03-24 21:07:27,informant-PC, Service Control Manager ,System,0,0,1,0,0,0,0,None,488,System,7036,0,0,0,0,0,0,0,0,0,0,0x8080000000000000,0,0,0,1,0,0,0,2015-03-24 21:07:27,1427231247.0,21,7
2249294,59017,61745d15-0bc5-4c17-98e5-9aeecc8baa7e,2015-03-24 21:07:27,informant-PC, Service Control Manager ,System,0,0,1,0,0,0,0,None,488,System,7036,0,0,0,0,0,0,0,0,0,0,0x8080000000000000,0,0,0,1,0,0,0,2015-03-24 21:07:27,1427231247.0,21,7
2249307,59017,8dde398b-204f-4bed-965c-e6d50a2f0005,2015-03-24 21:07:27,informant-PC, Service Control Manager ,System,0,0,1,0,0,0,0,None,488,System,7036,0,0,0,0,0,0,0,0,0,0,0x8080000000000000,0,0,0,1,0,0,0,2015-03-24 21:07:27,1427231247.0,21,7
2249314,59017,c2f7cf36-22d2-496c-aa10-94f59295506f,2015-03-24 21:07:27,informant-PC, Service Control Manager ,System,0,0,1,0,0,0,0,None,488,System,7036,0,0,0,0,0,0,0,0,0,0,0x8080000000000000,0,0,0,1,0,0,0,2015-03-24 21:07:27,1427231247.0,21,7
2249315,59030,6214b219-1696-4148-970f-95c2d846bba5,2015-03-24 21:07:27,informant-PC, Microsoft-Windows-Windows Defender ,Other,0,0,0,0,0,1,0,None,2492,Microsoft-Windows-Windows Defender/WHC,101,0,0,0,0,0,0,0,0,0,0,0x4000000000000000,0,0,1,0,0,0,0,2015-03-24 21:07:27,1427231247.0,21,7
2249316,59030,1f48bb0f-f918-4cd3-a8cb-efdc15de1dfa,2015-03-24 21:07:27,informant-PC, Microsoft-Windows-Windows Defender ,Other,0,0,0,0,0,1,0,None,2492,Microsoft-Windows-Windows Defender/WHC,101,0,0,0,0,0,0,0,0,0,0,0x4000000000000000,0,0,1,0,0,0,0,2015-03-24 21:07:27,1427231247.0,21,7
2249318,59017,1557d053-ef69-41bb-b35c-9fcedc47570d,2015-03-24 21:07:27,informant-PC, Service Control Manager ,System,0,0,1,0,0,0,0,None,488,System,7036,0,0,0,0,0,0,0,0,0,0,0x8080000000000000,0,0,0,1,0,0,0,2015-03-24 21:07:27,1427231247.0,21,7
2249330,59081,54b6e90a-4cf8-4d3a-be7c-4b7cb17132be,2015-03-24 21:07:27,informant-PC, Microsoft-Windows-NetworkProfile ,Other,0,0,0,0,0,1,0,None,864,Microsoft-Windows-NetworkProfile/Operational,10001,0,0,0,0,0,0,0,0,0,0,0x4000200000000000,0,0,1,0,0,0,0,2015-03-24 21:07:27,1427231247.0,21,7
2249331,59081,83a9caa8-c435-442f-ac1b-f3be01487f90,2015-03-24 21:07:27,informant-PC, Microsoft-Windows-NetworkProfile ,Other,0,0,0,0,0,1,0,None,864,Microsoft-Windows-NetworkProfile/Operational,4001,0,0,0,0,0,0,0,0,0,1,0x4000200000000000,0,0,1,0,0,0,0,2015-03-24 21:07:27,1427231247.0,21,7
2249332,59081,0e66c5e2-640f-4c6e-9c77-819bcec60c98,2015-03-24 21:07:27,informant-PC, Microsoft-Windows-NetworkProfile ,Other,0,0,0,0,0,1,0,None,864,Microsoft-Windows-NetworkProfile/Operational,4001,0,0,0,0,0,0,0,0,0,1,0x4000200000000000,0,0,1,0,0,0,0,2015-03-24 21:07:27,1427231247.0,21,7
2249333,59081,95322d92-2970-4e0a-8214-ba150cfa49db,2015-03-24 21:07:27,informant-PC, Microsoft-Windows-NetworkProfile ,Other,0,0,0,0,0,1,0,None,864,Microsoft-Windows-NetworkProfile/Operational,10001,0,0,0,0,0,0,0,0,0,0,0x4000200000000000,0,0,1,0,0,0,0,2015-03-24 21:07:27,1427231247.0,21,7
2249334,59081,561f9681-f828-407e-b58f-2f86ec3ae1da,2015-03-24 21:07:27,informant-PC, Microsoft-Windows-NetworkProfile ,Other,0,0,0,0,0,1,0,None,864,Microsoft-Windows-NetworkProfile/Operational,10000,0,0,0,0,0,0,0,0,0,0,0x4000200000000000,0,0,1,0,0,0,0,2015-03-24 21:07:27,1427231247.0,21,7
2249335,59081,a61512cc-ef43-4494-8bfc-057da26f9fc8,2015-03-24 21:07:27,informant-PC, Microsoft-Windows-NetworkProfile ,Other,0,0,0,0,0,1,0,None,864,Microsoft-Windows-NetworkProfile/Operational,10000,0,0,0,0,0,0,0,0,0,0,0x4000200000000000,0,0,1,0,0,0,0,2015-03-24 21:07:27,1427231247.0,21,7
2249336,59057,915c4252-2bfe-43ed-9d32-3ccd9461c365,2015-03-24 21:07:27,informant-PC, Microsoft-Windows-Windows Firewall With Advanced Security ,Other,0,0,0,0,0,1,0,None,1180,Microsoft-Windows-Windows Firewall With Advanced Security/Firewall,2002,0,0,0,0,0,0,0,0,0,0,0x8000000000000000,0,0,0,1,0,0,0,2015-03-24 21:07:27,1427231247.0,21,7
2249337,59057,7ff7fe17-5e62-4140-8927-3d841c903e25,2015-03-24 21:07:27,informant-PC, Microsoft-Windows-Windows Firewall With Advanced Security ,Other,0,0,0,0,0,1,0,None,1180,Microsoft-Windows-Windows Firewall With Advanced Security/Firewall,2002,0,0,0,0,0,0,0,0,0,0,0x8000000000000000,0,0,0,1,0,0,0,2015-03-24 21:07:27,1427231247.0,21,7
2249338,59057,09931757-5bc7-4ad5-845d-adee00727fb4,2015-03-24 21:07:27,informant-PC, Microsoft-Windows-Windows Firewall With Advanced Security ,Other,0,0,0,0,0,1,0,None,1180,Microsoft-Windows-Windows Firewall With Advanced Security/Firewall,2010,0,0,0,0,0,0,0,0,0,0,0x8000000000000000,0,0,0,1,0,0,0,2015-03-24 21:07:27,1427231247.0,21,7
2249339,59057,b77acc48-7dba-4462-bb01-c1e93d2fcfc0,2015-03-24 21:07:27,informant-PC, Microsoft-Windows-Windows Firewall With Advanced Security ,Other,0,0,0,0,0,1,0,None,1180,Microsoft-Windows-Windows Firewall With Advanced Security/Firewall,2010,0,0,0,0,0,0,0,0,0,0,0x8000000000000000,0,0,0,1,0,0,0,2015-03-24 21:07:27,1427231247.0,21,7
2249391,59017,abd141d8-16c6-4017-b902-66e3fc1d85ed,2015-03-24 21:07:27,informant-PC, Service Control Manager ,System,0,0,1,0,0,0,0,None,488,System,7036,0,0,0,0,0,0,0,0,0,0,0x8080000000000000,0,0,0,1,0,0,0,2015-03-24 21:07:27,1427231247.0,21,7
2249392,59017,d09e1b27-86ce-4be5-a5d5-8283ff7490f6,2015-03-24 21:07:27,informant-PC, Service Control Manager ,System,0,0,1,0,0,0,0,None,488,System,7036,0,0,0,0,0,0,0,0,0,0,0x8080000000000000,0,0,0,1,0,0,0,2015-03-24 21:07:27,1427231247.0,21,7
2249455,59017,f9829344-d21d-4cd6-8d7b-cb166a11b29e,2015-03-24 21:07:28,informant-PC, Service Control Manager ,System,0,0,1,0,0,0,0,None,488,System,7036,0,0,0,0,0,0,0,0,0,0,0x8080000000000000,0,0,0,1,0,0,0,2015-03-24 21:07:28,1427231248.0,21,7
2249456,59017,a6e14ec4-0a3a-4c26-b552-78fa0aba0cb8,2015-03-24 21:07:28,informant-PC, Service Control Manager ,System,0,0,1,0,0,0,0,None,488,System,7036,0,0,0,0,0,0,0,0,0,0,0x8080000000000000,0,0,0,1,0,0,0,2015-03-24 21:07:28,1427231248.0,21,7
2249461,59017,b63bd438-50c3-41c2-bf66-267ca859eb7e,2015-03-24 21:07:28,informant-PC, Microsoft-Windows-Kernel-Power ,System,0,0,1,0,0,0,0,None,392,System,109,0,0,0,0,0,0,0,0,0,103,0x8000000000000004,0,0,0,1,0,0,0,2015-03-24 21:07:28,1427231248.0,21,7
2249462,59017,d7068e1f-c8dd-4d84-ba02-db05c692a2e9,2015-03-24 21:07:28,informant-PC, Microsoft-Windows-Kernel-Power ,System,0,0,1,0,0,0,0,None,392,System,109,0,0,0,0,0,0,0,0,0,103,0x8000000000000004,0,0,0,1,0,0,0,2015-03-24 21:07:28,1427231248.0,21,7
2249501,59017,9f1e3167-c464-4971-89ca-3d343f2bc124,2015-03-24 21:07:29,informant-PC, Microsoft-Windows-Kernel-General ,System,0,0,1,0,0,0,0,None,4,System,13,0,0,0,0,0,0,0,0,0,0,0x8000000000000000,0,0,0,1,0,0,0,2015-03-24 21:07:29,1427231249.0,21,7
2249514,59017,47d37424-ec63-4752-addb-b00931ce046f,2015-03-24 21:07:29,informant-PC, Microsoft-Windows-Kernel-General ,System,0,0,1,0,0,0,0,None,4,System,13,0,0,0,0,0,0,0,0,0,0,0x8000000000000000,0,0,0,1,0,0,0,2015-03-24 21:07:29,1427231249.0,21,7
2250820,59017,d481e526-20b5-48d4-90ae-90b720a25270,2015-03-25 10:14:55,37L4247F27-25, Microsoft-Windows-Kernel-General ,System,0,0,1,0,0,0,0,None,4,System,12,0,0,0,0,0,0,0,0,0,0,0x8000000000000000,0,0,0,1,0,0,0,2015-03-25 10:14:55,1427278495.0,10,14
2250830,59017,3969a043-fddb-4eab-bdd0-a74406760224,2015-03-25 10:14:55,37L4247F27-25, Microsoft-Windows-Kernel-General ,System,0,0,1,0,0,0,0,None,4,System,12,0,0,0,0,0,0,0,0,0,0,0x8000000000000000,0,0,0,1,0,0,0,2015-03-25 10:14:55,1427278495.0,10,14
2253787,59017,97540be2-2383-443a-a8b0-4c274b1a3c0a,2015-03-25 10:15:11,37L4247F27-25, Microsoft-Windows-FilterManager ,System,0,0,1,0,0,0,0,None,4,System,6,0,0,0,0,0,0,0,0,0,0,0x8000000000000000,0,0,0,1,0,0,0,2015-03-25 10:15:11,1427278511.0,10,15
2253797,59017,5380117a-6b5c-45a9-acc0-eaf5b78ee8d4,2015-03-25 10:15:11,37L4247F27-25, Microsoft-Windows-FilterManager ,System,0,0,1,0,0,0,0,None,4,System,6,0,0,0,0,0,0,0,0,0,0,0x8000000000000000,0,0,0,1,0,0,0,2015-03-25 10:15:11,1427278511.0,10,15
2253953,59039,c4cbde3a-d5fd-49a0-bc9a-ac3755272893,2015-03-25 10:15:12,37L4247F27-25, Microsoft-Windows-Kernel-WHEA ,Other,0,0,0,0,0,1,0,None,4,Microsoft-Windows-Kernel-WHEA/Operational,5,0,0,0,0,0,0,0,0,0,0,0x2000000000000000,0,1,0,0,0,0,0,2015-03-25 10:15:12,1427278512.0,10,15
