1798192,59042,dae1f2f2-8025-4681-a141-74bda625e959,2015-03-23 17:24:26,informant-PC, Microsoft-Windows-GroupPolicy ,Other,0,0,0,0,0,1,0,None,892,Microsoft-Windows-GroupPolicy/Operational,5315,0,0,0,0,0,0,0,0,0,0,0x4000000000000000,0,0,1,0,0,0,0,2015-03-23 17:24:26,1427131466.0,17,24
1798201,59017,38c75bf0-dd4a-4ca6-92b4-f5e4b3d3f51a,2015-03-23 17:24:26,informant-PC, Service Control Manager ,System,0,0,1,0,0,0,0,None,484,System,7036,0,0,0,0,0,0,0,0,0,0,0x8080000000000000,0,0,0,1,0,0,0,2015-03-23 17:24:26,1427131466.0,17,24
1798202,59017,6c0cda98-4b37-48d5-b9c7-67f6083e2872,2015-03-23 17:24:26,informant-PC, Service Control Manager ,System,0,0,1,0,0,0,0,None,484,System,7036,0,0,0,0,0,0,0,0,0,0,0x8080000000000000,0,0,0,1,0,0,0,2015-03-23 17:24:26,1427131466.0,17,24
1798205,59019,5ed5ccbf-7879-48f1-b62c-b305d0118d6d,2015-03-23 17:24:26,informant-PC, Microsoft-Windows-Security-Auditing ,Security,1,0,0,0,0,0,0,None,492,Security,4672,0,0,0,1,0,0,0,0,0,12548,0x8020000000000000,0,0,0,1,0,0,0,2015-03-23 17:24:26,1427131466.0,17,24
1798206,59019,f0aae872-d914-4643-a672-67395d111bc0,2015-03-23 17:24:26,informant-PC, Microsoft-Windows-Security-Auditing ,Security,1,0,0,0,0,0,0,None,492,Security,4672,0,0,0,1,0,0,0,0,0,12548,0x8020000000000000,0,0,0,1,0,0,0,2015-03-23 17:24:26,1427131466.0,17,24
1798207,59019,0e6d5f93-8271-42aa-be1c-e81b2c8c1b76,2015-03-23 17:24:26,informant-PC, Microsoft-Windows-Security-Auditing ,Security,1,0,0,0,0,0,0,S-1-5-18,492,Security,4624,0,0,0,1,0,0,0,0,0,12544,0x8020000000000000,0,0,0,1,0,0,0,2015-03-23 17:24:26,1427131466.0,17,24
1798208,59019,c273c31c-d04b-4c5c-a577-562ced485f4c,2015-03-23 17:24:26,informant-PC, Microsoft-Windows-Security-Auditing ,Security,1,0,0,0,0,0,0,S-1-5-18,492,Security,4624,0,0,0,1,0,0,0,0,0,12544,0x8020000000000000,0,0,0,1,0,0,0,2015-03-23 17:24:26,1427131466.0,17,24
1798209,59017,ff21a48d-1ae2-478d-9546-4c7211c294c5,2015-03-23 17:24:26,informant-PC, Service Control Manager ,System,0,0,1,0,0,0,0,None,484,System,7036,0,0,0,0,0,0,0,0,0,0,0x8080000000000000,0,0,0,1,0,0,0,2015-03-23 17:24:26,1427131466.0,17,24
1798210,59017,d689a1c3-161a-4057-98ad-ed44c12c3002,2015-03-23 17:24:26,informant-PC, Service Control Manager ,System,0,0,1,0,0,0,0,None,484,System,7036,0,0,0,0,0,0,0,0,0,0,0x8080000000000000,0,0,0,1,0,0,0,2015-03-23 17:24:26,1427131466.0,17,24
1798211,59017,213316c2-fa08-4780-97b0-d77b994fe075,2015-03-23 17:24:26,informant-PC, Service Control Manager ,System,0,0,1,0,0,0,0,None,484,System,7036,0,0,0,0,0,0,0,0,0,0,0x8080000000000000,0,0,0,1,0,0,0,2015-03-23 17:24:26,1427131466.0,17,24
1798212,59017,440cbdce-9bfb-4005-a3a6-1fc47a30ca65,2015-03-23 17:24:26,informant-PC, Service Control Manager ,System,0,0,1,0,0,0,0,None,484,System,7036,0,0,0,0,0,0,0,0,0,0,0x8080000000000000,0,0,0,1,0,0,0,2015-03-23 17:24:26,1427131466.0,17,24
1798213,59019,608f1614-641d-42f0-adec-797ed9869ab5,2015-03-23 17:24:26,informant-PC, Microsoft-Windows-Security-Auditing ,Security,1,0,0,0,0,0,0,None,4,Security,5033,0,0,0,0,0,0,0,0,1,12292,0x8020000000000000,0,0,0,1,0,0,0,2015-03-23 17:24:26,1427131466.0,17,24
1798214,59019,3496f27a-3b97-49c4-b992-6cf3bc413cfb,2015-03-23 17:24:26,informant-PC, Microsoft-Windows-Security-Auditing ,Security,1,0,0,0,0,0,0,None,4,Security,5033,0,0,0,0,0,0,0,0,1,12292,0x8020000000000000,0,0,0,1,0,0,0,2015-03-23 17:24:26,1427131466.0,17,24
1798215,59017,f75f2693-b193-427f-a2ed-badf2c885ad2,2015-03-23 17:24:26,informant-PC, Service Control Manager ,System,0,0,1,0,0,0,0,None,484,System,7036,0,0,0,0,0,0,0,0,0,0,0x8080000000000000,0,0,0,1,0,0,0,2015-03-23 17:24:26,1427131466.0,17,24
1798216,59017,56b9c476-ebc0-406a-a5d3-53320a790325,2015-03-23 17:24:26,informant-PC, Service Control Manager ,System,0,0,1,0,0,0,0,None,484,System,7036,0,0,0,0,0,0,0,0,0,0,0x8080000000000000,0,0,0,1,0,0,0,2015-03-23 17:24:26,1427131466.0,17,24
1798217,59017,b11eb107-2e38-4e25-80e1-d9f4dccda27b,2015-03-23 17:24:26,informant-PC, Service Control Manager ,System,0,0,1,0,0,0,0,None,484,System,7036,0,0,0,0,0,0,0,0,0,0,0x8080000000000000,0,0,0,1,0,0,0,2015-03-23 17:24:26,1427131466.0,17,24
1798218,59017,0252c6d8-8069-4bb6-a845-fd7e15fe00a7,2015-03-23 17:24:26,informant-PC, Service Control Manager ,System,0,0,1,0,0,0,0,None,484,System,7036,0,0,0,0,0,0,0,0,0,0,0x8080000000000000,0,0,0,1,0,0,0,2015-03-23 17:24:26,1427131466.0,17,24
1798219,59017,1a21279c-c647-40aa-af0b-90ebd4788591,2015-03-23 17:24:26,informant-PC, Microsoft-Windows-Application-Experience ,System,0,0,1,0,0,0,0,None,804,System,201,0,0,0,0,0,0,0,0,0,0,0x8000000000000000,0,0,0,1,0,0,0,2015-03-23 17:24:26,1427131466.0,17,24
1798220,59017,04d91984-51c2-442d-914a-59d9e107ec16,2015-03-23 17:24:26,informant-PC, Microsoft-Windows-Application-Experience ,System,0,0,1,0,0,0,0,None,804,System,201,0,0,0,0,0,0,0,0,0,0,0x8000000000000000,0,0,0,1,0,0,0,2015-03-23 17:24:26,1427131466.0,17,24
1798221,59041,e2f21177-e58f-4d59-b272-10b1d2494ced,2015-03-23 17:24:26,informant-PC, Microsoft-Windows-BranchCacheSMB ,Other,0,0,0,0,0,1,0,None,804,Microsoft-Windows-BranchCacheSMB/Operational,3001,0,0,0,0,0,0,0,0,0,0,0x8000000000000800,0,0,0,1,0,0,0,2015-03-23 17:24:26,1427131466.0,17,24
1798222,59041,01cdec09-06ca-41d6-bb4b-94fbadf1402a,2015-03-23 17:24:26,informant-PC, Microsoft-Windows-BranchCacheSMB ,Other,0,0,0,0,0,1,0,None,804,Microsoft-Windows-BranchCacheSMB/Operational,3001,0,0,0,0,0,0,0,0,0,0,0x8000000000000800,0,0,0,1,0,0,0,2015-03-23 17:24:26,1427131466.0,17,24
1798224,59017,3349e0df-7e81-4786-b776-bbc3c2ece510,2015-03-23 17:24:26,informant-PC, Service Control Manager ,System,0,0,1,0,0,0,0,None,484,System,7036,0,0,0,0,0,0,0,0,0,0,0x8080000000000000,0,0,0,1,0,0,0,2015-03-23 17:24:26,1427131466.0,17,24
1798226,59017,f20a982a-106f-42df-8d5f-8c949312471c,2015-03-23 17:24:26,informant-PC, Service Control Manager ,System,0,0,1,0,0,0,0,None,484,System,7036,0,0,0,0,0,0,0,0,0,0,0x8080000000000000,0,0,0,1,0,0,0,2015-03-23 17:24:26,1427131466.0,17,24
1798227,59017,b76ce9e4-22dc-4504-8f74-722ff4967757,2015-03-23 17:24:26,informant-PC, Service Control Manager ,System,0,0,1,0,0,0,0,None,484,System,7036,0,0,0,0,0,0,0,0,0,0,0x8080000000000000,0,0,0,1,0,0,0,2015-03-23 17:24:26,1427131466.0,17,24
1798228,59017,f1f2e180-c0a7-4c4d-80c1-8034d0df1b1f,2015-03-23 17:24:26,informant-PC, Service Control Manager ,System,0,0,1,0,0,0,0,None,484,System,7036,0,0,0,0,0,0,0,0,0,0,0x8080000000000000,0,0,0,1,0,0,0,2015-03-23 17:24:26,1427131466.0,17,24
1798229,59017,bd495e69-d0ee-42f6-9417-26ded31a317a,2015-03-23 17:24:26,informant-PC, Service Control Manager ,System,0,0,1,0,0,0,0,None,484,System,7036,0,0,0,0,0,0,0,0,0,0,0x8080000000000000,0,0,0,1,0,0,0,2015-03-23 17:24:26,1427131466.0,17,24
1798230,59017,d9080d48-ccf0-495c-ae77-68d09b248f72,2015-03-23 17:24:26,informant-PC, Service Control Manager ,System,0,0,1,0,0,0,0,None,484,System,7036,0,0,0,0,0,0,0,0,0,0,0x8080000000000000,0,0,0,1,0,0,0,2015-03-23 17:24:26,1427131466.0,17,24
1798231,59019,a0f55d98-d943-4a83-a18f-4ac6093962ee,2015-03-23 17:24:26,informant-PC, Microsoft-Windows-Security-Auditing ,Security,1,0,0,0,0,0,0,None,492,Security,5024,0,0,0,0,0,0,0,0,1,12292,0x8020000000000000,0,0,0,1,0,0,0,2015-03-23 17:24:26,1427131466.0,17,24
1798232,59019,4899fad0-0e2c-4e2e-974e-de5e75324f4a,2015-03-23 17:24:26,informant-PC, Microsoft-Windows-Security-Auditing ,Security,1,0,0,0,0,0,0,None,492,Security,5024,0,0,0,0,0,0,0,0,1,12292,0x8020000000000000,0,0,0,1,0,0,0,2015-03-23 17:24:26,1427131466.0,17,24
1798233,59017,bde06d40-83cf-44b6-8b10-3834942af25c,2015-03-23 17:24:26,informant-PC, Service Control Manager ,System,0,0,1,0,0,0,0,None,484,System,7036,0,0,0,0,0,0,0,0,0,0,0x8080000000000000,0,0,0,1,0,0,0,2015-03-23 17:24:26,1427131466.0,17,24
1798234,59017,1c71f243-8b49-4208-aea5-fcc3880922b7,2015-03-23 17:24:26,informant-PC, Service Control Manager ,System,0,0,1,0,0,0,0,None,484,System,7036,0,0,0,0,0,0,0,0,0,0,0x8080000000000000,0,0,0,1,0,0,0,2015-03-23 17:24:26,1427131466.0,17,24
1798235,59018,f5406c4d-19cf-489a-95e4-0f2331f8b5f3,2015-03-23 17:24:27,informant-PC, WinMgmt ,Application,0,1,0,0,0,0,0,None,0,Application,5615,0,0,0,0,0,0,0,0,0,0,0x0080000000000000,0,0,0,0,0,0,0,2015-03-23 17:24:27,1427131467.0,17,24
1798236,59018,fba9914d-fc5a-422a-8ffe-499728f7aec8,2015-03-23 17:24:27,informant-PC, WinMgmt ,Application,0,1,0,0,0,0,0,None,0,Application,5615,0,0,0,0,0,0,0,0,0,0,0x0080000000000000,0,0,0,0,0,0,0,2015-03-23 17:24:27,1427131467.0,17,24
1798237,59017,8543bf10-69c1-4f97-80ec-2ba6af044f68,2015-03-23 17:24:27,informant-PC, Service Control Manager ,System,0,0,1,0,0,0,0,None,484,System,7036,0,0,0,0,0,0,0,0,0,0,0x8080000000000000,0,0,0,1,0,0,0,2015-03-23 17:24:27,1427131467.0,17,24
1798238,59017,35f3cf3b-9385-448d-9e30-68418603b410,2015-03-23 17:24:27,informant-PC, Service Control Manager ,System,0,0,1,0,0,0,0,None,484,System,7036,0,0,0,0,0,0,0,0,0,0,0x8080000000000000,0,0,0,1,0,0,0,2015-03-23 17:24:27,1427131467.0,17,24
1798367,59017,97a98b6a-72d8-40a6-af55-7127bbf72b94,2015-03-23 17:24:27,informant-PC, Service Control Manager ,System,0,0,1,0,0,0,0,None,484,System,7036,0,0,0,0,0,0,0,0,0,0,0x8080000000000000,0,0,0,1,0,0,0,2015-03-23 17:24:27,1427131467.0,17,24
1798368,59017,08ecfb47-ecba-4fd1-b760-617a6d5a0e9c,2015-03-23 17:24:27,informant-PC, Service Control Manager ,System,0,0,1,0,0,0,0,None,484,System,7036,0,0,0,0,0,0,0,0,0,0,0x8080000000000000,0,0,0,1,0,0,0,2015-03-23 17:24:27,1427131467.0,17,24
1798823,59017,1d0f1969-0c6e-4df1-9fdb-3586b0411c45,2015-03-23 17:24:27,informant-PC, Service Control Manager ,System,0,0,1,0,0,0,0,None,484,System,7036,0,0,0,0,0,0,0,0,0,0,0x8080000000000000,0,0,0,1,0,0,0,2015-03-23 17:24:27,1427131467.0,17,24
1798824,59017,28cbcffe-fdb8-4b34-aafe-8e5ca430ff6f,2015-03-23 17:24:27,informant-PC, Service Control Manager ,System,0,0,1,0,0,0,0,None,484,System,7036,0,0,0,0,0,0,0,0,0,0,0x8080000000000000,0,0,0,1,0,0,0,2015-03-23 17:24:27,1427131467.0,17,24
1798861,59017,90456461-431e-4702-b1fc-c2b825a3e29e,2015-03-23 17:24:27,informant-PC, Service Control Manager ,System,0,0,1,0,0,0,0,None,484,System,7036,0,0,0,0,0,0,0,0,0,0,0x8080000000000000,0,0,0,1,0,0,0,2015-03-23 17:24:27,1427131467.0,17,24
1798862,59017,f16835d3-1776-414c-a9c6-1019ebb79846,2015-03-23 17:24:27,informant-PC, Service Control Manager ,System,0,0,1,0,0,0,0,None,484,System,7036,0,0,0,0,0,0,0,0,0,0,0x8080000000000000,0,0,0,1,0,0,0,2015-03-23 17:24:27,1427131467.0,17,24
1798863,59019,fb715db9-738f-4f42-95c2-d38c0f6988ab,2015-03-23 17:24:28,informant-PC, Microsoft-Windows-Security-Auditing ,Security,1,0,0,0,0,0,0,S-1-5-7,492,Security,4624,0,0,0,1,0,0,0,0,0,12544,0x8020000000000000,0,0,0,1,0,0,0,2015-03-23 17:24:28,1427131468.0,17,24
1798864,59019,0670195b-10d6-484a-814d-0243c647d881,2015-03-23 17:24:28,informant-PC, Microsoft-Windows-Security-Auditing ,Security,1,0,0,0,0,0,0,S-1-5-7,492,Security,4624,0,0,0,1,0,0,0,0,0,12544,0x8020000000000000,0,0,0,1,0,0,0,2015-03-23 17:24:28,1427131468.0,17,24
1798865,59017,258a3f0a-dfeb-4c24-9e5f-902362e2fbf9,2015-03-23 17:24:28,informant-PC, Service Control Manager ,System,0,0,1,0,0,0,0,None,484,System,7036,0,0,0,0,0,0,0,0,0,0,0x8080000000000000,0,0,0,1,0,0,0,2015-03-23 17:24:28,1427131468.0,17,24
1798866,59017,374d777c-116c-4d81-9b0a-c8cebc0a51e7,2015-03-23 17:24:28,informant-PC, Service Control Manager ,System,0,0,1,0,0,0,0,None,484,System,7036,0,0,0,0,0,0,0,0,0,0,0x8080000000000000,0,0,0,1,0,0,0,2015-03-23 17:24:28,1427131468.0,17,24
1798873,59017,9562bafb-cbb1-447c-b2a0-4aea351be13b,2015-03-23 17:24:28,informant-PC, Service Control Manager ,System,0,0,1,0,0,0,0,None,484,System,7036,0,0,0,0,0,0,0,0,0,0,0x8080000000000000,0,0,0,1,0,0,0,2015-03-23 17:24:28,1427131468.0,17,24
1798874,59017,b3fcd35b-c27b-4a26-9e8a-a2b9eb49522a,2015-03-23 17:24:28,informant-PC, Service Control Manager ,System,0,0,1,0,0,0,0,None,484,System,7036,0,0,0,0,0,0,0,0,0,0,0x8080000000000000,0,0,0,1,0,0,0,2015-03-23 17:24:28,1427131468.0,17,24
1798875,59017,d0cc629d-d3a8-44d5-9457-f5e474520c2d,2015-03-23 17:24:28,informant-PC, Service Control Manager ,System,0,0,1,0,0,0,0,None,484,System,7036,0,0,0,0,0,0,0,0,0,0,0x8080000000000000,0,0,0,1,0,0,0,2015-03-23 17:24:28,1427131468.0,17,24
1798876,59017,24a017bc-9b60-4fb4-a0c9-f80f2a86cfe2,2015-03-23 17:24:28,informant-PC, Service Control Manager ,System,0,0,1,0,0,0,0,None,484,System,7036,0,0,0,0,0,0,0,0,0,0,0x8080000000000000,0,0,0,1,0,0,0,2015-03-23 17:24:28,1427131468.0,17,24
1798877,59061,d48cb8c1-c625-4ab4-b217-22f5e263bbed,2015-03-23 17:24:28,informant-PC, Microsoft-Windows-Diagnosis-DPS ,Other,0,0,0,0,0,1,0,None,1148,Microsoft-Windows-Diagnosis-DPS/Operational,105,0,0,0,0,0,0,0,0,0,1,0x4000000800000000,0,0,1,0,0,0,0,2015-03-23 17:24:28,1427131468.0,17,24
1798878,59061,ed302e15-c274-4487-9438-dd820a0ad3e9,2015-03-23 17:24:28,informant-PC, Microsoft-Windows-Diagnosis-DPS ,Other,0,0,0,0,0,1,0,None,1148,Microsoft-Windows-Diagnosis-DPS/Operational,100,0,0,0,0,0,0,0,0,0,1,0x4000000800000000,0,0,1,0,0,0,0,2015-03-23 17:24:28,1427131468.0,17,24
1798879,59061,141c30fe-d97d-4ef4-a89b-f33de77db13d,2015-03-23 17:24:28,informant-PC, Microsoft-Windows-Diagnosis-DPS ,Other,0,0,0,0,0,1,0,None,1148,Microsoft-Windows-Diagnosis-DPS/Operational,100,0,0,0,0,0,0,0,0,0,1,0x4000000800000000,0,0,1,0,0,0,0,2015-03-23 17:24:28,1427131468.0,17,24
1798880,59017,79f82663-4293-44de-914c-43d0fc8c1d85,2015-03-23 17:24:28,informant-PC, Service Control Manager ,System,0,0,1,0,0,0,0,None,484,System,7036,0,0,0,0,0,0,0,0,0,0,0x8080000000000000,0,0,0,1,0,0,0,2015-03-23 17:24:28,1427131468.0,17,24
1798881,59017,b49268b4-4655-43de-bd01-2f8a6a0af381,2015-03-23 17:24:28,informant-PC, Service Control Manager ,System,0,0,1,0,0,0,0,None,484,System,7036,0,0,0,0,0,0,0,0,0,0,0x8080000000000000,0,0,0,1,0,0,0,2015-03-23 17:24:28,1427131468.0,17,24
1798882,59061,625b4e94-8d6b-4616-9b91-76f76a5e2cc6,2015-03-23 17:24:28,informant-PC, Microsoft-Windows-Diagnosis-DPS ,Other,0,0,0,0,0,1,0,None,1148,Microsoft-Windows-Diagnosis-DPS/Operational,105,0,0,0,0,0,0,0,0,0,1,0x4000000800000000,0,0,1,0,0,0,0,2015-03-23 17:24:28,1427131468.0,17,24
1798883,59017,57f429d0-b7f6-4019-af8c-e03e2c01f16d,2015-03-23 17:24:28,informant-PC, Service Control Manager ,System,0,0,1,0,0,0,0,None,484,System,7036,0,0,0,0,0,0,0,0,0,0,0x8080000000000000,0,0,0,1,0,0,0,2015-03-23 17:24:28,1427131468.0,17,24
1798884,59017,69ba5b59-004a-4b7b-8fc9-d380303d5beb,2015-03-23 17:24:28,informant-PC, Service Control Manager ,System,0,0,1,0,0,0,0,None,484,System,7036,0,0,0,0,0,0,0,0,0,0,0x8080000000000000,0,0,0,1,0,0,0,2015-03-23 17:24:28,1427131468.0,17,24
1798885,59081,77447c94-bc2e-4bd1-a09e-0204873beb34,2015-03-23 17:24:28,informant-PC, Microsoft-Windows-NetworkProfile ,Other,0,0,0,0,0,1,0,None,856,Microsoft-Windows-NetworkProfile/Operational,10000,0,0,0,0,0,0,0,0,0,0,0x4000200000000000,0,0,1,0,0,0,0,2015-03-23 17:24:28,1427131468.0,17,24
1798886,59081,7477449b-0b48-4a16-95f2-83a2d5318197,2015-03-23 17:24:28,informant-PC, Microsoft-Windows-NetworkProfile ,Other,0,0,0,0,0,1,0,None,856,Microsoft-Windows-NetworkProfile/Operational,4001,0,0,0,0,0,0,0,0,0,1,0x4000200000000000,0,0,1,0,0,0,0,2015-03-23 17:24:28,1427131468.0,17,24
1798887,59081,f101e1ea-298f-4555-8b03-d706ce0277aa,2015-03-23 17:24:28,informant-PC, Microsoft-Windows-NetworkProfile ,Other,0,0,0,0,0,1,0,None,856,Microsoft-Windows-NetworkProfile/Operational,10000,0,0,0,0,0,0,0,0,0,0,0x4000200000000000,0,0,1,0,0,0,0,2015-03-23 17:24:28,1427131468.0,17,24
1798888,59081,9b1a13c1-bc90-412c-ae6b-cfe44366549e,2015-03-23 17:24:28,informant-PC, Microsoft-Windows-NetworkProfile ,Other,0,0,0,0,0,1,0,None,856,Microsoft-Windows-NetworkProfile/Operational,4001,0,0,0,0,0,0,0,0,0,1,0x4000200000000000,0,0,1,0,0,0,0,2015-03-23 17:24:28,1427131468.0,17,24
1798889,59057,e356cba5-daeb-412c-a14b-65b1fba60350,2015-03-23 17:24:28,informant-PC, Microsoft-Windows-Windows Firewall With Advanced Security ,Other,0,0,0,0,0,1,0,None,1148,Microsoft-Windows-Windows Firewall With Advanced Security/Firewall,2010,0,0,0,0,0,0,0,0,0,0,0x8000000000000000,0,0,0,1,0,0,0,2015-03-23 17:24:28,1427131468.0,17,24
1798890,59057,e6ff72e4-d8d4-42d3-aec8-2aff754b46d8,2015-03-23 17:24:28,informant-PC, Microsoft-Windows-Windows Firewall With Advanced Security ,Other,0,0,0,0,0,1,0,None,1148,Microsoft-Windows-Windows Firewall With Advanced Security/Firewall,2010,0,0,0,0,0,0,0,0,0,0,0x8000000000000000,0,0,0,1,0,0,0,2015-03-23 17:24:28,1427131468.0,17,24
1798891,59018,bd5999d2-eb90-4d28-99c8-e6834f22c835,2015-03-23 17:24:29,informant-PC, WinMgmt ,Application,0,1,0,0,0,0,0,None,0,Application,5617,0,0,0,0,0,0,0,0,0,0,0x0080000000000000,0,0,0,0,0,0,0,2015-03-23 17:24:29,1427131469.0,17,24
1798892,59018,5f20d2d7-46aa-4cda-9ea1-8a0d78a91434,2015-03-23 17:24:29,informant-PC, WinMgmt ,Application,0,1,0,0,0,0,0,None,0,Application,5617,0,0,0,0,0,0,0,0,0,0,0x0080000000000000,0,0,0,0,0,0,0,2015-03-23 17:24:29,1427131469.0,17,24
1798935,59017,539181aa-55d0-444f-bd9b-d2231e765dcc,2015-03-23 17:24:30,informant-PC, Service Control Manager ,System,0,0,1,0,0,0,0,None,484,System,7036,0,0,0,0,0,0,0,0,0,0,0x8080000000000000,0,0,0,1,0,0,0,2015-03-23 17:24:30,1427131470.0,17,24
1798940,59017,bbdf266f-384c-4109-8ef6-84f90edc1564,2015-03-23 17:24:30,informant-PC, Service Control Manager ,System,0,0,1,0,0,0,0,None,484,System,7036,0,0,0,0,0,0,0,0,0,0,0x8080000000000000,0,0,0,1,0,0,0,2015-03-23 17:24:30,1427131470.0,17,24
1799276,59081,b76a3ab1-0c32-4718-8690-1e77fc91b539,2015-03-23 17:24:31,informant-PC, Microsoft-Windows-NetworkProfile ,Other,0,0,0,0,0,1,0,None,856,Microsoft-Windows-NetworkProfile/Operational,4002,0,0,0,0,0,0,0,0,0,1,0x4001200000000000,0,0,1,0,0,0,0,2015-03-23 17:24:31,1427131471.0,17,24
1799277,59081,f29d6519-9c98-47f9-9cac-7bbfbb1d0152,2015-03-23 17:24:31,informant-PC, Microsoft-Windows-NetworkProfile ,Other,0,0,0,0,0,1,0,None,856,Microsoft-Windows-NetworkProfile/Operational,4002,0,0,0,0,0,0,0,0,0,1,0x4001200000000000,0,0,1,0,0,0,0,2015-03-23 17:24:31,1427131471.0,17,24
1799278,59081,127fad34-958d-438c-99a9-438a86923d2c,2015-03-23 17:24:31,informant-PC, Microsoft-Windows-NetworkProfile ,Other,0,0,0,0,0,1,0,None,856,Microsoft-Windows-NetworkProfile/Operational,10000,0,0,0,0,0,0,0,0,0,0,0x4000200000000000,0,0,1,0,0,0,0,2015-03-23 17:24:31,1427131471.0,17,24
1799279,59081,f515c7b6-39a1-4862-9129-528adb6ebc04,2015-03-23 17:24:31,informant-PC, Microsoft-Windows-NetworkProfile ,Other,0,0,0,0,0,1,0,None,856,Microsoft-Windows-NetworkProfile/Operational,10000,0,0,0,0,0,0,0,0,0,0,0x4000200000000000,0,0,1,0,0,0,0,2015-03-23 17:24:31,1427131471.0,17,24
1799280,59057,1a30ca84-7e4c-43d8-8d1a-956a36c50b51,2015-03-23 17:24:31,informant-PC, Microsoft-Windows-Windows Firewall With Advanced Security ,Other,0,0,0,0,0,1,0,None,1148,Microsoft-Windows-Windows Firewall With Advanced Security/Firewall,2010,0,0,0,0,0,0,0,0,0,0,0x8000000000000000,0,0,0,1,0,0,0,2015-03-23 17:24:31,1427131471.0,17,24
1799281,59057,86a773ed-5e82-414c-962a-12465250cd25,2015-03-23 17:24:31,informant-PC, Microsoft-Windows-Windows Firewall With Advanced Security ,Other,0,0,0,0,0,1,0,None,1148,Microsoft-Windows-Windows Firewall With Advanced Security/Firewall,2002,0,0,0,0,0,0,0,0,0,0,0x8000000000000000,0,0,0,1,0,0,0,2015-03-23 17:24:31,1427131471.0,17,24
1799282,59057,21053dd8-e0a4-4f94-a87e-12ae789b032a,2015-03-23 17:24:31,informant-PC, Microsoft-Windows-Windows Firewall With Advanced Security ,Other,0,0,0,0,0,1,0,None,1148,Microsoft-Windows-Windows Firewall With Advanced Security/Firewall,2010,0,0,0,0,0,0,0,0,0,0,0x8000000000000000,0,0,0,1,0,0,0,2015-03-23 17:24:31,1427131471.0,17,24
1799283,59057,71129b67-d4af-476f-9efe-bd7873994050,2015-03-23 17:24:31,informant-PC, Microsoft-Windows-Windows Firewall With Advanced Security ,Other,0,0,0,0,0,1,0,None,1148,Microsoft-Windows-Windows Firewall With Advanced Security/Firewall,2002,0,0,0,0,0,0,0,0,0,0,0x8000000000000000,0,0,0,1,0,0,0,2015-03-23 17:24:31,1427131471.0,17,24
1799284,59057,6bf80599-684d-48ec-867f-741c1d95b32f,2015-03-23 17:24:31,informant-PC, Microsoft-Windows-Windows Firewall With Advanced Security ,Other,0,0,0,0,0,1,0,None,1148,Microsoft-Windows-Windows Firewall With Advanced Security/Firewall,2002,0,0,0,0,0,0,0,0,0,0,0x8000000000000000,0,0,0,1,0,0,0,2015-03-23 17:24:31,1427131471.0,17,24
1799285,59057,c92da98f-5b62-4183-b5e2-ede491985c30,2015-03-23 17:24:31,informant-PC, Microsoft-Windows-Windows Firewall With Advanced Security ,Other,0,0,0,0,0,1,0,None,1148,Microsoft-Windows-Windows Firewall With Advanced Security/Firewall,2002,0,0,0,0,0,0,0,0,0,0,0x8000000000000000,0,0,0,1,0,0,0,2015-03-23 17:24:31,1427131471.0,17,24
1799286,59057,5df5808e-9c1d-47d0-90fb-aa0625549955,2015-03-23 17:24:31,informant-PC, Microsoft-Windows-Windows Firewall With Advanced Security ,Other,0,0,0,0,0,1,0,None,1148,Microsoft-Windows-Windows Firewall With Advanced Security/Firewall,2010,0,0,0,0,0,0,0,0,0,0,0x8000000000000000,0,0,0,1,0,0,0,2015-03-23 17:24:31,1427131471.0,17,24
1799287,59057,a0b04a60-8ca1-4d2f-a69f-fa1f5fc195f2,2015-03-23 17:24:31,informant-PC, Microsoft-Windows-Windows Firewall With Advanced Security ,Other,0,0,0,0,0,1,0,None,1148,Microsoft-Windows-Windows Firewall With Advanced Security/Firewall,2010,0,0,0,0,0,0,0,0,0,0,0x8000000000000000,0,0,0,1,0,0,0,2015-03-23 17:24:31,1427131471.0,17,24
1799291,59017,651cf227-e047-439a-b6db-af45851c5a9a,2015-03-23 17:24:32,informant-PC, Microsoft-Windows-UserPnp ,System,0,0,1,0,0,0,0,None,892,System,20003,0,0,0,0,0,0,0,0,0,7005,0x8000000000000000,0,0,0,1,0,0,0,2015-03-23 17:24:32,1427131472.0,17,24
1799292,59017,4e593a2c-af2c-49c8-9a5b-7f1d33e6ef55,2015-03-23 17:24:32,informant-PC, Microsoft-Windows-UserPnp ,System,0,0,1,0,0,0,0,None,892,System,20003,0,0,0,0,0,0,0,0,0,7005,0x8000000000000000,0,0,0,1,0,0,0,2015-03-23 17:24:32,1427131472.0,17,24
1799293,59017,7904b693-c4eb-44fb-834c-41b6e0fd4848,2015-03-23 17:24:32,informant-PC, Service Control Manager ,System,0,0,1,0,0,0,0,None,484,System,7036,0,0,0,0,0,0,0,0,0,0,0x8080000000000000,0,0,0,1,0,0,0,2015-03-23 17:24:32,1427131472.0,17,24
1799295,59017,01506544-4213-441d-92cf-471a4151c71c,2015-03-23 17:24:32,informant-PC, Service Control Manager ,System,0,0,1,0,0,0,0,None,484,System,7036,0,0,0,0,0,0,0,0,0,0,0x8080000000000000,0,0,0,1,0,0,0,2015-03-23 17:24:32,1427131472.0,17,24
1799364,59057,9143d50f-1c12-41eb-92da-ea236483f5ec,2015-03-23 17:24:34,informant-PC, Microsoft-Windows-Windows Firewall With Advanced Security ,Other,0,0,0,0,0,1,0,None,1148,Microsoft-Windows-Windows Firewall With Advanced Security/Firewall,2011,0,0,0,0,0,0,0,0,0,0,0x8000000000000000,0,0,0,1,0,0,0,2015-03-23 17:24:34,1427131474.0,17,24
1799365,59057,78014723-af49-4fdf-9a06-f5830afdebf0,2015-03-23 17:24:34,informant-PC, Microsoft-Windows-Windows Firewall With Advanced Security ,Other,0,0,0,0,0,1,0,None,1148,Microsoft-Windows-Windows Firewall With Advanced Security/Firewall,2011,0,0,0,0,0,0,0,0,0,0,0x8000000000000000,0,0,0,1,0,0,0,2015-03-23 17:24:34,1427131474.0,17,24
1799444,59018,6c7694bb-54b2-41dd-a04d-6e1e12be1799,2015-03-23 17:24:41,informant-PC, Winlogon ,Application,0,1,0,0,0,0,0,None,0,Application,4101,0,0,0,0,0,0,0,0,0,0,0x0080000000000000,0,0,0,0,0,0,0,2015-03-23 17:24:41,1427131481.0,17,24
1799445,59018,9191fbda-96a0-409c-8ec2-57b0be3aa5fc,2015-03-23 17:24:41,informant-PC, Wlclntfy ,Application,0,1,0,0,0,0,0,None,0,Application,6000,0,0,0,0,0,0,0,0,0,0,0x0080000000000000,0,0,0,0,0,0,0,2015-03-23 17:24:41,1427131481.0,17,24
1799446,59018,22d2788c-87ae-44fe-a90c-9d62194dc4a5,2015-03-23 17:24:41,informant-PC, Wlclntfy ,Application,0,1,0,0,0,0,0,None,0,Application,6000,0,0,0,0,0,0,0,0,0,0,0x0080000000000000,0,0,0,0,0,0,0,2015-03-23 17:24:41,1427131481.0,17,24
1799447,59018,cc757c40-4cc3-4dc0-bacc-008725b3fc60,2015-03-23 17:24:41,informant-PC, Winlogon ,Application,0,1,0,0,0,0,0,None,0,Application,4101,0,0,0,0,0,0,0,0,0,0,0x0080000000000000,0,0,0,0,0,0,0,2015-03-23 17:24:41,1427131481.0,17,24
1799448,59019,bdaec151-ef68-4ad6-8ae6-e371a5eb62b3,2015-03-23 17:24:41,informant-PC, Microsoft-Windows-Security-Auditing ,Security,1,0,0,0,0,0,0,None,492,Security,4672,0,0,0,1,0,0,0,0,0,12548,0x8020000000000000,0,0,0,1,0,0,0,2015-03-23 17:24:41,1427131481.0,17,24
1799449,59019,e33d974b-52ff-4205-bb24-d4ccff5dda39,2015-03-23 17:24:41,informant-PC, Microsoft-Windows-Security-Auditing ,Security,1,0,0,0,0,0,0,S-1-5-21-2425377081-3129163575-2985601102-1000,492,Security,4624,0,0,0,1,0,0,0,0,0,12544,0x8020000000000000,0,0,0,1,0,0,0,2015-03-23 17:24:41,1427131481.0,17,24
1799450,59019,0a54eb6a-0c36-454c-b559-ce4e5272a816,2015-03-23 17:24:41,informant-PC, Microsoft-Windows-Security-Auditing ,Security,1,0,0,0,0,0,0,S-1-5-21-2425377081-3129163575-2985601102-1000,492,Security,4624,0,0,0,1,0,0,0,0,0,12544,0x8020000000000000,0,0,0,1,0,0,0,2015-03-23 17:24:41,1427131481.0,17,24
1799451,59019,6b33ad50-78f9-46c3-9f06-0d833e9af1f1,2015-03-23 17:24:41,informant-PC, Microsoft-Windows-Security-Auditing ,Security,1,0,0,0,0,0,0,S-1-5-21-2425377081-3129163575-2985601102-1000,492,Security,4624,0,0,0,1,0,0,0,0,0,12544,0x8020000000000000,0,0,0,1,0,0,0,2015-03-23 17:24:41,1427131481.0,17,24
1799452,59019,858f6c92-cf15-4377-8594-0d9c575fe2fd,2015-03-23 17:24:41,informant-PC, Microsoft-Windows-Security-Auditing ,Security,1,0,0,0,0,0,0,None,492,Security,4672,0,0,0,1,0,0,0,0,0,12548,0x8020000000000000,0,0,0,1,0,0,0,2015-03-23 17:24:41,1427131481.0,17,24
1799454,59019,b79ef453-d629-4a95-88a5-b5f20195acdc,2015-03-23 17:24:41,informant-PC, Microsoft-Windows-Security-Auditing ,Security,1,0,0,0,0,0,0,None,492,Security,4648,0,0,0,1,0,0,0,0,0,12544,0x8020000000000000,0,0,0,1,0,0,0,2015-03-23 17:24:41,1427131481.0,17,24
1799456,59019,3ba4718d-8313-46c4-8423-36f35075f1bf,2015-03-23 17:24:41,informant-PC, Microsoft-Windows-Security-Auditing ,Security,1,0,0,0,0,0,0,S-1-5-21-2425377081-3129163575-2985601102-1000,492,Security,4624,0,0,0,1,0,0,0,0,0,12544,0x8020000000000000,0,0,0,1,0,0,0,2015-03-23 17:24:41,1427131481.0,17,24
1799459,59019,6c03fc3a-4446-4630-a53c-451d9e77474a,2015-03-23 17:24:41,informant-PC, Microsoft-Windows-Security-Auditing ,Security,1,0,0,0,0,0,0,None,492,Security,4648,0,0,0,1,0,0,0,0,0,12544,0x8020000000000000,0,0,0,1,0,0,0,2015-03-23 17:24:41,1427131481.0,17,24
1799460,59021,7037e844-9736-4a5d-bf6d-34fce548f1de,2015-03-23 17:24:41,informant-PC, Microsoft-Windows-User Profiles Service ,Other,0,0,0,0,0,1,0,None,892,Microsoft-Windows-User Profile Service/Operational,1,0,0,0,0,0,0,0,0,0,0,0x4000000000000000,0,0,1,0,0,0,0,2015-03-23 17:24:41,1427131481.0,17,24
1799461,59017,556b371c-3d06-467d-8105-6d81aa156ea8,2015-03-23 17:24:41,informant-PC, Microsoft-Windows-Winlogon ,System,0,0,1,0,0,0,0,None,424,System,7001,0,0,0,0,0,0,0,0,0,1101,0x2000000000000000,0,1,0,0,0,0,0,2015-03-23 17:24:41,1427131481.0,17,24
1799462,59017,9b835c93-8d7c-4b2f-8696-a5883eb27b1d,2015-03-23 17:24:41,informant-PC, Microsoft-Windows-Winlogon ,System,0,0,1,0,0,0,0,None,424,System,7001,0,0,0,0,0,0,0,0,0,1101,0x2000000000000000,0,1,0,0,0,0,0,2015-03-23 17:24:41,1427131481.0,17,24
1799463,59021,e367ef32-0123-458f-8984-ad13d10eb29b,2015-03-23 17:24:41,informant-PC, Microsoft-Windows-User Profiles Service ,Other,0,0,0,0,0,1,0,None,892,Microsoft-Windows-User Profile Service/Operational,1,0,0,0,0,0,0,0,0,0,0,0x4000000000000000,0,0,1,0,0,0,0,2015-03-23 17:24:41,1427131481.0,17,24
1799464,59021,6022575c-2f10-4bdf-ab64-40160d8db8e5,2015-03-23 17:24:41,informant-PC, Microsoft-Windows-User Profiles Service ,Other,0,0,0,0,0,1,0,None,892,Microsoft-Windows-User Profile Service/Operational,5,0,0,0,0,0,0,0,0,0,0,0x4000000000000000,0,0,1,0,0,0,0,2015-03-23 17:24:41,1427131481.0,17,24
1799465,59021,d57dc4d1-7a86-44fa-848d-712ab3ead093,2015-03-23 17:24:41,informant-PC, Microsoft-Windows-User Profiles Service ,Other,0,0,0,0,0,1,0,None,892,Microsoft-Windows-User Profile Service/Operational,5,0,0,0,0,0,0,0,0,0,0,0x4000000000000000,0,0,1,0,0,0,0,2015-03-23 17:24:41,1427131481.0,17,24
1799466,59021,8dabe0dd-a553-4f0d-8e9f-0ad9561c5d29,2015-03-23 17:24:41,informant-PC, Microsoft-Windows-User Profiles Service ,Other,0,0,0,0,0,1,0,None,892,Microsoft-Windows-User Profile Service/Operational,5,0,0,0,0,0,0,0,0,0,0,0x4000000000000000,0,0,1,0,0,0,0,2015-03-23 17:24:41,1427131481.0,17,24
1799467,59021,7d41e587-823b-4fe2-b3a4-bb1cfcbb6af4,2015-03-23 17:24:41,informant-PC, Microsoft-Windows-User Profiles Service ,Other,0,0,0,0,0,1,0,None,892,Microsoft-Windows-User Profile Service/Operational,5,0,0,0,0,0,0,0,0,0,0,0x4000000000000000,0,0,1,0,0,0,0,2015-03-23 17:24:41,1427131481.0,17,24
1799468,59042,270ccc74-3073-4e80-a271-c6af399ca6e7,2015-03-23 17:24:41,informant-PC, Microsoft-Windows-GroupPolicy ,Other,0,0,0,0,0,1,0,None,892,Microsoft-Windows-GroupPolicy/Operational,5320,0,0,0,0,0,0,0,0,0,0,0x4000000000000000,0,0,1,0,0,0,0,2015-03-23 17:24:41,1427131481.0,17,24
1799469,59042,a9b35149-22f5-4ca1-9141-f7b4be51accb,2015-03-23 17:24:41,informant-PC, Microsoft-Windows-GroupPolicy ,Other,0,0,0,0,0,1,0,None,892,Microsoft-Windows-GroupPolicy/Operational,5320,0,0,0,0,0,0,0,0,0,0,0x4000000000000000,0,0,1,0,0,0,0,2015-03-23 17:24:41,1427131481.0,17,24
1799470,59042,b5b75f06-a6c5-4e5a-90a9-e894aae55f26,2015-03-23 17:24:41,informant-PC, Microsoft-Windows-GroupPolicy ,Other,0,0,0,0,0,1,0,None,892,Microsoft-Windows-GroupPolicy/Operational,5320,0,0,0,0,0,0,0,0,0,0,0x4000000000000000,0,0,1,0,0,0,0,2015-03-23 17:24:41,1427131481.0,17,24
1799471,59042,9d46d536-ad72-4e94-a49e-ed1f911f2dc4,2015-03-23 17:24:41,informant-PC, Microsoft-Windows-GroupPolicy ,Other,0,0,0,0,0,1,0,None,892,Microsoft-Windows-GroupPolicy/Operational,8001,0,0,0,0,0,0,0,0,0,0,0x4000000000000000,0,0,1,0,0,0,0,2015-03-23 17:24:41,1427131481.0,17,24
1799472,59042,be6163c9-1abe-4db5-8be4-ffa40e37ff87,2015-03-23 17:24:41,informant-PC, Microsoft-Windows-GroupPolicy ,Other,0,0,0,0,0,1,0,None,892,Microsoft-Windows-GroupPolicy/Operational,5312,0,0,0,0,0,0,0,0,0,0,0x4000000000000000,0,0,1,0,0,0,0,2015-03-23 17:24:41,1427131481.0,17,24
1799473,59042,8381cea1-70bd-42c2-882f-9106d844e304,2015-03-23 17:24:41,informant-PC, Microsoft-Windows-GroupPolicy ,Other,0,0,0,0,0,1,0,None,892,Microsoft-Windows-GroupPolicy/Operational,5312,0,0,0,0,0,0,0,0,0,0,0x4000000000000000,0,0,1,0,0,0,0,2015-03-23 17:24:41,1427131481.0,17,24
1799474,59021,a54e6c11-5d93-4e68-8ed1-1f5f87ad3863,2015-03-23 17:24:41,informant-PC, Microsoft-Windows-User Profiles Service ,Other,0,0,0,0,0,1,0,None,892,Microsoft-Windows-User Profile Service/Operational,2,0,0,0,0,0,0,0,0,0,0,0x4000000000000000,0,0,1,0,0,0,0,2015-03-23 17:24:41,1427131481.0,17,24
1799475,59042,6a6950eb-901b-49a7-a264-08e776a1a368,2015-03-23 17:24:41,informant-PC, Microsoft-Windows-GroupPolicy ,Other,0,0,0,0,0,1,0,None,892,Microsoft-Windows-GroupPolicy/Operational,5324,0,0,0,0,0,0,0,0,0,0,0x4000000000000000,0,0,1,0,0,0,0,2015-03-23 17:24:41,1427131481.0,17,24
1799476,59042,3472c854-169f-4479-a826-7f5852659124,2015-03-23 17:24:41,informant-PC, Microsoft-Windows-GroupPolicy ,Other,0,0,0,0,0,1,0,None,892,Microsoft-Windows-GroupPolicy/Operational,5324,0,0,0,0,0,0,0,0,0,0,0x4000000000000000,0,0,1,0,0,0,0,2015-03-23 17:24:41,1427131481.0,17,24
1799477,59042,528786e0-5744-4ad9-8cc3-999964e9f4d9,2015-03-23 17:24:41,informant-PC, Microsoft-Windows-GroupPolicy ,Other,0,0,0,0,0,1,0,None,892,Microsoft-Windows-GroupPolicy/Operational,4001,0,0,0,0,0,0,0,0,0,0,0x4000000000000000,0,0,1,0,0,0,0,2015-03-23 17:24:41,1427131481.0,17,24
1799478,59042,289afe2d-fd43-4eb3-8298-fc426cb8442c,2015-03-23 17:24:41,informant-PC, Microsoft-Windows-GroupPolicy ,Other,0,0,0,0,0,1,0,None,892,Microsoft-Windows-GroupPolicy/Operational,5311,0,0,0,0,0,0,0,0,0,0,0x4000000000000000,0,0,1,0,0,0,0,2015-03-23 17:24:41,1427131481.0,17,24
1799479,59042,06af4d4d-9188-4468-9edc-d4959dc4e577,2015-03-23 17:24:41,informant-PC, Microsoft-Windows-GroupPolicy ,Other,0,0,0,0,0,1,0,None,892,Microsoft-Windows-GroupPolicy/Operational,8001,0,0,0,0,0,0,0,0,0,0,0x4000000000000000,0,0,1,0,0,0,0,2015-03-23 17:24:41,1427131481.0,17,24
1799480,59042,fa98ac73-08a1-45b0-bb9e-40503e3c858a,2015-03-23 17:24:41,informant-PC, Microsoft-Windows-GroupPolicy ,Other,0,0,0,0,0,1,0,None,892,Microsoft-Windows-GroupPolicy/Operational,5313,0,0,0,0,0,0,0,0,0,0,0x4000000000000000,0,0,1,0,0,0,0,2015-03-23 17:24:41,1427131481.0,17,24
1799481,59042,cc95c6ee-cdf0-4d72-b4a5-e915db66c372,2015-03-23 17:24:41,informant-PC, Microsoft-Windows-GroupPolicy ,Other,0,0,0,0,0,1,0,None,892,Microsoft-Windows-GroupPolicy/Operational,4001,0,0,0,0,0,0,0,0,0,0,0x4000000000000000,0,0,1,0,0,0,0,2015-03-23 17:24:41,1427131481.0,17,24
1799482,59042,df660bcb-a8c5-4f40-bbc6-589c46acbefe,2015-03-23 17:24:41,informant-PC, Microsoft-Windows-GroupPolicy ,Other,0,0,0,0,0,1,0,None,892,Microsoft-Windows-GroupPolicy/Operational,5313,0,0,0,0,0,0,0,0,0,0,0x4000000000000000,0,0,1,0,0,0,0,2015-03-23 17:24:41,1427131481.0,17,24
1799483,59021,7d279a53-d540-46d6-9596-df58b711353e,2015-03-23 17:24:41,informant-PC, Microsoft-Windows-User Profiles Service ,Other,0,0,0,0,0,1,0,None,892,Microsoft-Windows-User Profile Service/Operational,2,0,0,0,0,0,0,0,0,0,0,0x4000000000000000,0,0,1,0,0,0,0,2015-03-23 17:24:41,1427131481.0,17,24
1799484,59042,5d988f41-93fa-4143-a21e-fad935f138df,2015-03-23 17:24:41,informant-PC, Microsoft-Windows-GroupPolicy ,Other,0,0,0,0,0,1,0,None,892,Microsoft-Windows-GroupPolicy/Operational,5320,0,0,0,0,0,0,0,0,0,0,0x4000000000000000,0,0,1,0,0,0,0,2015-03-23 17:24:41,1427131481.0,17,24
1799485,59042,2bbe65f8-d779-4d22-a0b7-5c67783d1db2,2015-03-23 17:24:41,informant-PC, Microsoft-Windows-GroupPolicy ,Other,0,0,0,0,0,1,0,None,892,Microsoft-Windows-GroupPolicy/Operational,5320,0,0,0,0,0,0,0,0,0,0,0x4000000000000000,0,0,1,0,0,0,0,2015-03-23 17:24:41,1427131481.0,17,24
1799486,59042,4f5f95a1-85ae-4777-b031-134408ff58e4,2015-03-23 17:24:41,informant-PC, Microsoft-Windows-GroupPolicy ,Other,0,0,0,0,0,1,0,None,892,Microsoft-Windows-GroupPolicy/Operational,5311,0,0,0,0,0,0,0,0,0,0,0x4000000000000000,0,0,1,0,0,0,0,2015-03-23 17:24:41,1427131481.0,17,24
1799487,59042,bf58b961-d02f-4b7c-99ea-61e1635148bd,2015-03-23 17:24:41,informant-PC, Microsoft-Windows-GroupPolicy ,Other,0,0,0,0,0,1,0,None,892,Microsoft-Windows-GroupPolicy/Operational,5320,0,0,0,0,0,0,0,0,0,0,0x4000000000000000,0,0,1,0,0,0,0,2015-03-23 17:24:41,1427131481.0,17,24
1799488,59040,cb011e8f-cd29-43fe-86fb-31982d49192c,2015-03-23 17:24:41,informant-PC, Microsoft-Windows-OfflineFiles ,Other,0,0,0,0,0,1,0,None,804,Microsoft-Windows-OfflineFiles/Operational,7,0,0,0,0,0,0,0,0,0,0,0x4000000000000008,0,0,1,0,0,0,0,2015-03-23 17:24:41,1427131481.0,17,24
1799489,13963,e47dac73-8826-4627-8e78-c72ce70620b1,2015-03-23 17:24:41,informant-PC, Microsoft-Windows-TerminalServices-LocalSessionManager ,Other,0,0,0,0,0,1,0,None,504,Microsoft-Windows-TerminalServices-LocalSessionManager/Operational,21,0,0,0,0,0,0,0,0,0,0,0x1000000000000000,1,0,0,0,0,0,0,2015-03-23 17:24:41,1427131481.0,17,24
1799490,59040,83fe52fe-26f7-4827-968e-2ff1f5dafb05,2015-03-23 17:24:41,informant-PC, Microsoft-Windows-OfflineFiles ,Other,0,0,0,0,0,1,0,None,804,Microsoft-Windows-OfflineFiles/Operational,7,0,0,0,0,0,0,0,0,0,0,0x4000000000000008,0,0,1,0,0,0,0,2015-03-23 17:24:41,1427131481.0,17,24
1799491,59042,7ddce0bd-1f19-4208-88c4-10ffd6c0975c,2015-03-23 17:24:41,informant-PC, Microsoft-Windows-GroupPolicy ,Other,0,0,0,0,0,1,0,None,892,Microsoft-Windows-GroupPolicy/Operational,5315,0,0,0,0,0,0,0,0,0,0,0x4000000000000000,0,0,1,0,0,0,0,2015-03-23 17:24:41,1427131481.0,17,24
1799492,13963,30c11bb8-dc9e-4235-9832-e9edb8914630,2015-03-23 17:24:41,informant-PC, Microsoft-Windows-TerminalServices-LocalSessionManager ,Other,0,0,0,0,0,1,0,None,504,Microsoft-Windows-TerminalServices-LocalSessionManager/Operational,21,0,0,0,0,0,0,0,0,0,0,0x1000000000000000,1,0,0,0,0,0,0,2015-03-23 17:24:41,1427131481.0,17,24
1799493,59042,a07b5cb1-2f82-4dd7-83d5-2888c74f61ae,2015-03-23 17:24:41,informant-PC, Microsoft-Windows-GroupPolicy ,Other,0,0,0,0,0,1,0,None,892,Microsoft-Windows-GroupPolicy/Operational,5315,0,0,0,0,0,0,0,0,0,0,0x4000000000000000,0,0,1,0,0,0,0,2015-03-23 17:24:41,1427131481.0,17,24
1799500,59042,86d58a8a-a865-401b-9c95-6006fa4319c1,2015-03-23 17:24:41,informant-PC, Microsoft-Windows-GroupPolicy ,Other,0,0,0,0,0,1,0,None,892,Microsoft-Windows-GroupPolicy/Operational,5324,0,0,0,0,0,0,0,0,0,0,0x4000000000000000,0,0,1,0,0,0,0,2015-03-23 17:24:41,1427131481.0,17,24
1799501,13963,74d04326-9e28-4788-845b-c7b91da06936,2015-03-23 17:24:41,informant-PC, Microsoft-Windows-TerminalServices-LocalSessionManager ,Other,0,0,0,0,0,1,0,None,504,Microsoft-Windows-TerminalServices-LocalSessionManager/Operational,22,0,0,0,0,0,0,0,0,0,0,0x1000000000000000,1,0,0,0,0,0,0,2015-03-23 17:24:41,1427131481.0,17,24
1799502,13963,2bf543bc-0705-4f70-84ad-c2c64e547ace,2015-03-23 17:24:41,informant-PC, Microsoft-Windows-TerminalServices-LocalSessionManager ,Other,0,0,0,0,0,1,0,None,504,Microsoft-Windows-TerminalServices-LocalSessionManager/Operational,22,0,0,0,0,0,0,0,0,0,0,0x1000000000000000,1,0,0,0,0,0,0,2015-03-23 17:24:41,1427131481.0,17,24
1799503,59042,83c82903-4215-431c-9e78-64d63164a323,2015-03-23 17:24:41,informant-PC, Microsoft-Windows-GroupPolicy ,Other,0,0,0,0,0,1,0,None,892,Microsoft-Windows-GroupPolicy/Operational,5324,0,0,0,0,0,0,0,0,0,0,0x4000000000000000,0,0,1,0,0,0,0,2015-03-23 17:24:41,1427131481.0,17,24
1799530,59026,2100236e-66e5-487c-8746-ccb66226d011,2015-03-23 17:24:41,informant-PC, Microsoft-Windows-Resource-Exhaustion-Detector ,Other,0,0,0,0,0,1,0,None,1148,Microsoft-Windows-Resource-Exhaustion-Detector/Operational,1001,0,0,0,0,0,0,0,0,0,1,0x4000000010000000,0,0,1,0,0,0,0,2015-03-23 17:24:41,1427131481.0,17,24
1799531,59026,6178dc4b-cae2-4f8f-897e-435db87129b3,2015-03-23 17:24:41,informant-PC, Microsoft-Windows-Resource-Exhaustion-Detector ,Other,0,0,0,0,0,1,0,None,1148,Microsoft-Windows-Resource-Exhaustion-Detector/Operational,1001,0,0,0,0,0,0,0,0,0,1,0x4000000010000000,0,0,1,0,0,0,0,2015-03-23 17:24:41,1427131481.0,17,24
1799534,59017,7c710ab8-d495-4efb-9dfb-c6de5a02718b,2015-03-23 17:24:42,informant-PC, Service Control Manager ,System,0,0,1,0,0,0,0,None,484,System,7036,0,0,0,0,0,0,0,0,0,0,0x8080000000000000,0,0,0,1,0,0,0,2015-03-23 17:24:42,1427131482.0,17,24
1799535,59017,18008a36-6e97-4034-9daf-596116ebe04a,2015-03-23 17:24:42,informant-PC, Service Control Manager ,System,0,0,1,0,0,0,0,None,484,System,7036,0,0,0,0,0,0,0,0,0,0,0x8080000000000000,0,0,0,1,0,0,0,2015-03-23 17:24:42,1427131482.0,17,24
1799540,59018,9f618b1c-dbd6-41be-93f6-05d56203c04e,2015-03-23 17:24:43,informant-PC, Desktop Window Manager ,Application,0,1,0,0,0,0,0,None,None,Application,9007,0,0,0,0,0,0,0,0,0,0,0x0080000000000000,0,0,0,0,0,0,0,2015-03-23 17:24:43,1427131483.0,17,24
1799541,59018,3896de39-0ce5-4898-892d-7452cb5628e8,2015-03-23 17:24:43,informant-PC, Desktop Window Manager ,Application,0,1,0,0,0,0,0,None,None,Application,9007,0,0,0,0,0,0,0,0,0,0,0x0080000000000000,0,0,0,0,0,0,0,2015-03-23 17:24:43,1427131483.0,17,24
1799602,59017,19b4ec1c-d162-4ae9-a809-c852fb2911d1,2015-03-23 17:24:52,informant-PC, Service Control Manager ,System,0,0,1,0,0,0,0,None,484,System,7036,0,0,0,0,0,0,0,0,0,0,0x8080000000000000,0,0,0,1,0,0,0,2015-03-23 17:24:52,1427131492.0,17,24
1799603,59017,49518524-eb0b-4672-91eb-6e993dbeb27d,2015-03-23 17:24:52,informant-PC, Service Control Manager ,System,0,0,1,0,0,0,0,None,484,System,7036,0,0,0,0,0,0,0,0,0,0,0x8080000000000000,0,0,0,1,0,0,0,2015-03-23 17:24:52,1427131492.0,17,24
1799604,59017,ff72f946-da87-4bc2-9645-dabb57d1fe63,2015-03-23 17:24:52,informant-PC, Service Control Manager ,System,0,0,1,0,0,0,0,None,484,System,7036,0,0,0,0,0,0,0,0,0,0,0x8080000000000000,0,0,0,1,0,0,0,2015-03-23 17:24:52,1427131492.0,17,24
1799605,59017,32f691e2-ebd9-4ae0-b0ed-8a29cdcbd918,2015-03-23 17:24:52,informant-PC, Service Control Manager ,System,0,0,1,0,0,0,0,None,484,System,7036,0,0,0,0,0,0,0,0,0,0,0x8080000000000000,0,0,0,1,0,0,0,2015-03-23 17:24:52,1427131492.0,17,24
1799606,59112,d877c878-dc2d-42ce-bc9b-8332ea36862d,2015-03-23 17:24:53,informant-PC, Microsoft-Windows-Bits-Client ,Other,0,0,0,0,0,1,0,None,892,Microsoft-Windows-Bits-Client/Operational,306,0,0,0,0,0,0,0,0,0,0,0x4000000000000000,0,0,1,0,0,0,0,2015-03-23 17:24:53,1427131493.0,17,24
1799607,59112,cfd47142-186f-42e4-b06f-9b229b1ff03a,2015-03-23 17:24:53,informant-PC, Microsoft-Windows-Bits-Client ,Other,0,0,0,0,0,1,0,None,892,Microsoft-Windows-Bits-Client/Operational,306,0,0,0,0,0,0,0,0,0,0,0x4000000000000000,0,0,1,0,0,0,0,2015-03-23 17:24:53,1427131493.0,17,24
1799610,59019,3cb94e61-ce3e-499d-b344-b777bee6fa72,2015-03-23 17:24:53,informant-PC, Microsoft-Windows-Security-Auditing ,Security,1,0,0,0,0,0,0,None,492,Security,4672,0,0,0,1,0,0,0,0,0,12548,0x8020000000000000,0,0,0,1,0,0,0,2015-03-23 17:24:53,1427131493.0,17,24
1799611,59019,8c7b78f5-bd64-482c-a9b3-315bc734fb2f,2015-03-23 17:24:53,informant-PC, Microsoft-Windows-Security-Auditing ,Security,1,0,0,0,0,0,0,None,492,Security,4672,0,0,0,1,0,0,0,0,0,12548,0x8020000000000000,0,0,0,1,0,0,0,2015-03-23 17:24:53,1427131493.0,17,24
1799613,59019,81a9d843-4c1c-4ee2-8fa5-7e11cc38ccfb,2015-03-23 17:24:53,informant-PC, Microsoft-Windows-Security-Auditing ,Security,1,0,0,0,0,0,0,S-1-5-18,492,Security,4624,0,0,0,1,0,0,0,0,0,12544,0x8020000000000000,0,0,0,1,0,0,0,2015-03-23 17:24:53,1427131493.0,17,24
1799617,59019,6c66cc46-f2fa-443f-8476-7d3b9863278a,2015-03-23 17:24:53,informant-PC, Microsoft-Windows-Security-Auditing ,Security,1,0,0,0,0,0,0,S-1-5-18,492,Security,4624,0,0,0,1,0,0,0,0,0,12544,0x8020000000000000,0,0,0,1,0,0,0,2015-03-23 17:24:53,1427131493.0,17,24
1799620,59017,df551210-0f34-42aa-9390-6f767d3442ad,2015-03-23 17:24:54,informant-PC, Service Control Manager ,System,0,0,1,0,0,0,0,None,484,System,7036,0,0,0,0,0,0,0,0,0,0,0x8080000000000000,0,0,0,1,0,0,0,2015-03-23 17:24:54,1427131494.0,17,24
1799621,59017,e62a652a-6858-4dee-a048-244fc15744fb,2015-03-23 17:24:54,informant-PC, Service Control Manager ,System,0,0,1,0,0,0,0,None,484,System,7036,0,0,0,0,0,0,0,0,0,0,0x8080000000000000,0,0,0,1,0,0,0,2015-03-23 17:24:54,1427131494.0,17,24
1799638,59017,efe54932-8b2e-4029-a8c0-1c7b2fd158fd,2015-03-23 17:24:55,informant-PC, WMPNetworkSvc ,System,0,0,1,0,0,0,0,None,0,System,14204,0,0,0,0,0,0,0,0,0,0,0x0080000000000000,0,0,0,0,0,0,0,2015-03-23 17:24:55,1427131495.0,17,24
1799639,59018,41fc941b-161d-4259-90b0-af85f17413a6,2015-03-23 17:24:55,informant-PC, ESENT ,Application,0,1,0,0,0,0,0,None,None,Application,102,0,0,0,0,0,0,0,0,0,1,0x0080000000000000,0,0,0,0,0,0,0,2015-03-23 17:24:55,1427131495.0,17,24
1799640,59018,da8bfc4f-3204-472f-8e94-71bad4ba3e8a,2015-03-23 17:24:55,informant-PC, ESENT ,Application,0,1,0,0,0,0,0,None,None,Application,102,0,0,0,0,0,0,0,0,0,1,0x0080000000000000,0,0,0,0,0,0,0,2015-03-23 17:24:55,1427131495.0,17,24
1799641,59017,05ba3409-3627-4ad9-9d03-ae288013f65a,2015-03-23 17:24:55,informant-PC, WMPNetworkSvc ,System,0,0,1,0,0,0,0,None,0,System,14204,0,0,0,0,0,0,0,0,0,0,0x0080000000000000,0,0,0,0,0,0,0,2015-03-23 17:24:55,1427131495.0,17,24
1799680,59017,c9026397-cdce-40a8-9eeb-7421111191b9,2015-03-23 17:24:55,informant-PC, Service Control Manager ,System,0,0,1,0,0,0,0,None,484,System,7036,0,0,0,0,0,0,0,0,0,0,0x8080000000000000,0,0,0,1,0,0,0,2015-03-23 17:24:55,1427131495.0,17,24
1799681,59017,45b62626-a595-49d5-bb62-989a354700fc,2015-03-23 17:24:55,informant-PC, Service Control Manager ,System,0,0,1,0,0,0,0,None,484,System,7036,0,0,0,0,0,0,0,0,0,0,0x8080000000000000,0,0,0,1,0,0,0,2015-03-23 17:24:55,1427131495.0,17,24
1799686,59018,8ecc3e02-0762-43fe-99e9-1449fca789cc,2015-03-23 17:24:56,informant-PC, ESENT ,Application,0,1,0,0,0,0,0,None,None,Application,301,0,0,0,0,0,0,0,0,0,3,0x0080000000000000,0,0,0,0,0,0,0,2015-03-23 17:24:56,1427131496.0,17,24
1799687,59018,94577a15-aa97-40b6-846b-7bb8c921e9b0,2015-03-23 17:24:56,informant-PC, ESENT ,Application,0,1,0,0,0,0,0,None,None,Application,300,0,0,0,0,0,0,0,0,0,3,0x0080000000000000,0,0,0,0,0,0,0,2015-03-23 17:24:56,1427131496.0,17,24
1799688,59018,9600a6ec-2cee-41ab-b1b0-53a71d7e5ad2,2015-03-23 17:24:56,informant-PC, ESENT ,Application,0,1,0,0,0,0,0,None,None,Application,301,0,0,0,0,0,0,0,0,0,3,0x0080000000000000,0,0,0,0,0,0,0,2015-03-23 17:24:56,1427131496.0,17,24
1799689,59018,2867d977-c06e-49df-ba14-eb8d0c869c35,2015-03-23 17:24:56,informant-PC, ESENT ,Application,0,1,0,0,0,0,0,None,None,Application,301,0,0,0,0,0,0,0,0,0,3,0x0080000000000000,0,0,0,0,0,0,0,2015-03-23 17:24:56,1427131496.0,17,24
1799690,59018,44ef4769-c7d2-46d2-ae4a-920c46e37d7a,2015-03-23 17:24:56,informant-PC, ESENT ,Application,0,1,0,0,0,0,0,None,None,Application,301,0,0,0,0,0,0,0,0,0,3,0x0080000000000000,0,0,0,0,0,0,0,2015-03-23 17:24:56,1427131496.0,17,24
1799691,59018,ca56139c-6bac-4352-9133-83ff5c5238ce,2015-03-23 17:24:56,informant-PC, ESENT ,Application,0,1,0,0,0,0,0,None,None,Application,301,0,0,0,0,0,0,0,0,0,3,0x0080000000000000,0,0,0,0,0,0,0,2015-03-23 17:24:56,1427131496.0,17,24
1799692,59018,ded6ab72-1223-4dbf-9ecb-de19c54dab3c,2015-03-23 17:24:56,informant-PC, ESENT ,Application,0,1,0,0,0,0,0,None,None,Application,300,0,0,0,0,0,0,0,0,0,3,0x0080000000000000,0,0,0,0,0,0,0,2015-03-23 17:24:56,1427131496.0,17,24
1799693,59018,c914852d-b7f3-4fb4-bc5b-6d4abcb9e7a2,2015-03-23 17:24:56,informant-PC, ESENT ,Application,0,1,0,0,0,0,0,None,None,Application,301,0,0,0,0,0,0,0,0,0,3,0x0080000000000000,0,0,0,0,0,0,0,2015-03-23 17:24:56,1427131496.0,17,24
1799712,59018,b8ea863f-0672-4d97-b576-3e028e5a1bc2,2015-03-23 17:24:57,informant-PC, ESENT ,Application,0,1,0,0,0,0,0,None,None,Application,302,0,0,0,0,0,0,0,0,0,3,0x0080000000000000,0,0,0,0,0,0,0,2015-03-23 17:24:57,1427131497.0,17,24
1799713,59018,5b446678-8181-4990-8845-54f1a7db8ad7,2015-03-23 17:24:57,informant-PC, ESENT ,Application,0,1,0,0,0,0,0,None,None,Application,302,0,0,0,0,0,0,0,0,0,3,0x0080000000000000,0,0,0,0,0,0,0,2015-03-23 17:24:57,1427131497.0,17,24
1799770,59018,86b09d17-4a18-489c-8166-709b67f5d0b5,2015-03-23 17:24:58,informant-PC, Windows Search Service ,Application,0,1,0,0,0,0,0,None,0,Application,1003,0,0,0,0,0,0,0,0,0,1,0x0080000000000000,0,0,0,0,0,0,0,2015-03-23 17:24:58,1427131498.0,17,24
1799771,59018,412f1b6e-85ee-4add-acec-f9fd1f7599e8,2015-03-23 17:24:58,informant-PC, Windows Search Service ,Application,0,1,0,0,0,0,0,None,0,Application,1003,0,0,0,0,0,0,0,0,0,1,0x0080000000000000,0,0,0,0,0,0,0,2015-03-23 17:24:58,1427131498.0,17,24
1799772,59017,3a074db0-241d-45eb-8b34-72f27b746980,2015-03-23 17:24:58,informant-PC, Service Control Manager ,System,0,0,1,0,0,0,0,None,484,System,7036,0,0,0,0,0,0,0,0,0,0,0x8080000000000000,0,0,0,1,0,0,0,2015-03-23 17:24:58,1427131498.0,17,24
1799773,59017,c4934ea2-3550-46a2-abac-79b6fd3f17d3,2015-03-23 17:24:58,informant-PC, Service Control Manager ,System,0,0,1,0,0,0,0,None,484,System,7036,0,0,0,0,0,0,0,0,0,0,0x8080000000000000,0,0,0,1,0,0,0,2015-03-23 17:24:58,1427131498.0,17,24
1799872,59051,9c7e1c65-3058-4d44-af2d-acb84eaee601,2015-03-23 17:25:19,informant-PC, Microsoft-Windows-ReadyBoost ,Other,0,0,0,0,0,1,0,None,804,Microsoft-Windows-ReadyBoost/Operational,1015,0,0,0,0,0,0,0,0,0,1016,0x8000000000002000,0,0,0,1,0,0,0,2015-03-23 17:25:19,1427131519.0,17,25
1799873,59051,e62acf15-33c8-478f-afdc-97cc42489bab,2015-03-23 17:25:19,informant-PC, Microsoft-Windows-ReadyBoost ,Other,0,0,0,0,0,1,0,None,804,Microsoft-Windows-ReadyBoost/Operational,1015,0,0,0,0,0,0,0,0,0,1016,0x8000000000002000,0,0,0,1,0,0,0,2015-03-23 17:25:19,1427131519.0,17,25
1799894,59051,00a2d955-eaf7-4873-ba85-9afdf59bf617,2015-03-23 17:25:20,informant-PC, Microsoft-Windows-ReadyBoost ,Other,0,0,0,0,0,1,0,None,804,Microsoft-Windows-ReadyBoost/Operational,1016,0,0,0,0,0,0,0,0,0,1016,0x8000000000002000,0,0,0,1,0,0,0,2015-03-23 17:25:20,1427131520.0,17,25
