2140397,59042,1010fbba-3bd1-41e7-890c-c31decdc05ba,2015-03-23 21:02:52,informant-PC, Microsoft-Windows-GroupPolicy ,Other,0,0,0,0,0,1,0,None,892,Microsoft-Windows-GroupPolicy/Operational,5324,0,0,0,0,0,0,0,0,0,0,0x4000000000000000,0,0,1,0,0,0,0,2015-03-23 21:02:52,1427144572.0,21,2
2140398,59018,2e5c734b-27f1-4c33-87ae-555b4e5e594d,2015-03-23 21:02:53,informant-PC, Wlclntfy ,Application,0,1,0,0,0,0,0,None,0,Application,6000,0,0,0,0,0,0,0,0,0,0,0x0080000000000000,0,0,0,0,0,0,0,2015-03-23 21:02:53,1427144573.0,21,2
2140399,59018,204c5054-f79a-4197-9ba8-7bb0abfc0c8d,2015-03-23 21:02:53,informant-PC, Desktop Window Manager ,Application,0,1,0,0,0,0,0,None,None,Application,9009,0,0,0,0,0,0,0,0,0,0,0x0080000000000000,0,0,0,0,0,0,0,2015-03-23 21:02:53,1427144573.0,21,2
2140400,59018,58b067a6-1a83-42a2-bb02-e6be0777b01f,2015-03-23 21:02:53,informant-PC, Desktop Window Manager ,Application,0,1,0,0,0,0,0,None,None,Application,9009,0,0,0,0,0,0,0,0,0,0,0x0080000000000000,0,0,0,0,0,0,0,2015-03-23 21:02:53,1427144573.0,21,2
2140401,59018,d73be80f-d161-4a54-8e8e-73eb736399d5,2015-03-23 21:02:53,informant-PC, Wlclntfy ,Application,0,1,0,0,0,0,0,None,0,Application,6000,0,0,0,0,0,0,0,0,0,0,0x0080000000000000,0,0,0,0,0,0,0,2015-03-23 21:02:53,1427144573.0,21,2
2140402,59019,d3ad5d5e-ce66-4630-a238-3f886a2e8973,2015-03-23 21:02:53,informant-PC, Microsoft-Windows-Security-Auditing ,Security,1,0,0,0,0,0,0,S-1-5-21-2425377081-3129163575-2985601102-1000,492,Security,4647,0,0,0,1,0,0,0,0,0,12545,0x8020000000000000,0,0,0,1,0,0,0,2015-03-23 21:02:53,1427144573.0,21,2
2140403,59019,2f38f6d1-4d03-4ff2-baea-68dde18ac722,2015-03-23 21:02:53,informant-PC, Microsoft-Windows-Security-Auditing ,Security,1,0,0,0,0,0,0,S-1-5-21-2425377081-3129163575-2985601102-1000,492,Security,4647,0,0,0,1,0,0,0,0,0,12545,0x8020000000000000,0,0,0,1,0,0,0,2015-03-23 21:02:53,1427144573.0,21,2
2140404,13963,a3a91a0c-2ce2-4b42-9273-c15932041989,2015-03-23 21:02:53,informant-PC, Microsoft-Windows-TerminalServices-LocalSessionManager ,Other,0,0,0,0,0,1,0,None,504,Microsoft-Windows-TerminalServices-LocalSessionManager/Operational,23,0,0,0,0,0,0,0,0,0,0,0x1000000000000000,1,0,0,0,0,0,0,2015-03-23 21:02:53,1427144573.0,21,2
2140405,13963,67177550-f839-4b2b-92ec-2fe3f18432b4,2015-03-23 21:02:53,informant-PC, Microsoft-Windows-TerminalServices-LocalSessionManager ,Other,0,0,0,0,0,1,0,None,504,Microsoft-Windows-TerminalServices-LocalSessionManager/Operational,23,0,0,0,0,0,0,0,0,0,0,0x1000000000000000,1,0,0,0,0,0,0,2015-03-23 21:02:53,1427144573.0,21,2
2140406,59018,2732ecbb-4174-4d1a-a566-113fab4abeae,2015-03-23 21:02:53,informant-PC, Microsoft-Windows-User Profiles Service ,Application,0,1,0,0,0,0,0,None,892,Application,1530,0,0,0,0,0,0,0,0,0,0,0x8000000000000000,0,0,0,1,0,0,0,2015-03-23 21:02:53,1427144573.0,21,2
2140407,59042,1af46b67-f5cf-469b-92a5-3e51648124e7,2015-03-23 21:02:53,informant-PC, Microsoft-Windows-GroupPolicy ,Other,0,0,0,0,0,1,0,None,892,Microsoft-Windows-GroupPolicy/Operational,5324,0,0,0,0,0,0,0,0,0,0,0x4000000000000000,0,0,1,0,0,0,0,2015-03-23 21:02:53,1427144573.0,21,2
2140408,59021,fbff6ec7-b4de-4047-9f50-1fc257a8e23f,2015-03-23 21:02:53,informant-PC, Microsoft-Windows-User Profiles Service ,Other,0,0,0,0,0,1,0,None,892,Microsoft-Windows-User Profile Service/Operational,3,0,0,0,0,0,0,0,0,0,0,0x4000000000000000,0,0,1,0,0,0,0,2015-03-23 21:02:53,1427144573.0,21,2
2140409,59021,ba69aead-59c5-45ac-acea-e424f1b9f9ac,2015-03-23 21:02:53,informant-PC, Microsoft-Windows-User Profiles Service ,Other,0,0,0,0,0,1,0,None,892,Microsoft-Windows-User Profile Service/Operational,3,0,0,0,0,0,0,0,0,0,0,0x4000000000000000,0,0,1,0,0,0,0,2015-03-23 21:02:53,1427144573.0,21,2
2140410,59042,662735e9-3bf8-49ea-9a76-8c7f53cd344b,2015-03-23 21:02:53,informant-PC, Microsoft-Windows-GroupPolicy ,Other,0,0,0,0,0,1,0,None,892,Microsoft-Windows-GroupPolicy/Operational,5324,0,0,0,0,0,0,0,0,0,0,0x4000000000000000,0,0,1,0,0,0,0,2015-03-23 21:02:53,1427144573.0,21,2
2140411,59018,bb4480c8-e958-4ef6-96c4-6eeec0f875ad,2015-03-23 21:02:53,informant-PC, Microsoft-Windows-User Profiles Service ,Application,0,1,0,0,0,0,0,None,892,Application,1530,0,0,0,0,0,0,0,0,0,0,0x8000000000000000,0,0,0,1,0,0,0,2015-03-23 21:02:53,1427144573.0,21,2
2140412,59040,a68e08c0-f21a-4bd0-9b9d-570c4f1cf05e,2015-03-23 21:02:53,informant-PC, Microsoft-Windows-OfflineFiles ,Other,0,0,0,0,0,1,0,None,804,Microsoft-Windows-OfflineFiles/Operational,8,0,0,0,0,0,0,0,0,0,0,0x4000000000000008,0,0,1,0,0,0,0,2015-03-23 21:02:53,1427144573.0,21,2
2140413,59040,6ab33219-8faa-42a3-bef9-8b1a332c9df9,2015-03-23 21:02:53,informant-PC, Microsoft-Windows-OfflineFiles ,Other,0,0,0,0,0,1,0,None,804,Microsoft-Windows-OfflineFiles/Operational,8,0,0,0,0,0,0,0,0,0,0,0x4000000000000008,0,0,1,0,0,0,0,2015-03-23 21:02:53,1427144573.0,21,2
2140414,59017,edbb9918-d884-4477-ad6b-1f2facbeba40,2015-03-23 21:02:54,informant-PC, Service Control Manager ,System,0,0,1,0,0,0,0,None,484,System,7036,0,0,0,0,0,0,0,0,0,0,0x8080000000000000,0,0,0,1,0,0,0,2015-03-23 21:02:54,1427144574.0,21,2
2140415,59017,77e66113-c466-4ba2-88b1-5eefa9dcaf8a,2015-03-23 21:02:54,informant-PC, Service Control Manager ,System,0,0,1,0,0,0,0,None,484,System,7036,0,0,0,0,0,0,0,0,0,0,0x8080000000000000,0,0,0,1,0,0,0,2015-03-23 21:02:54,1427144574.0,21,2
2140426,59021,9aef106b-6844-47a3-b13c-a4d6f7e3bd0f,2015-03-23 21:02:54,informant-PC, Microsoft-Windows-User Profiles Service ,Other,0,0,0,0,0,1,0,None,892,Microsoft-Windows-User Profile Service/Operational,4,0,0,0,0,0,0,0,0,0,0,0x4000000000000000,0,0,1,0,0,0,0,2015-03-23 21:02:54,1427144574.0,21,2
2140427,59021,c131d8bb-9c9e-4ede-84df-1997218e76cf,2015-03-23 21:02:54,informant-PC, Microsoft-Windows-User Profiles Service ,Other,0,0,0,0,0,1,0,None,892,Microsoft-Windows-User Profile Service/Operational,4,0,0,0,0,0,0,0,0,0,0,0x4000000000000000,0,0,1,0,0,0,0,2015-03-23 21:02:54,1427144574.0,21,2
2140430,59017,6b58627e-eb9d-41e2-9401-26a8fe639c0d,2015-03-23 21:02:55,informant-PC, USER32 ,System,0,0,1,0,0,0,0,None,None,System,1074,0,0,0,0,0,0,0,0,0,0,0x0080000000000000,0,0,0,0,0,0,0,2015-03-23 21:02:55,1427144575.0,21,2
2140431,59017,cb35f34e-0efc-417c-93b0-5a55b6defaae,2015-03-23 21:02:55,informant-PC, USER32 ,System,0,0,1,0,0,0,0,None,None,System,1074,0,0,0,0,0,0,0,0,0,0,0x0080000000000000,0,0,0,0,0,0,0,2015-03-23 21:02:55,1427144575.0,21,2
2140432,59017,6395f0ce-a171-49b4-930e-f2d3d6c245cd,2015-03-23 21:02:55,informant-PC, Microsoft-Windows-Winlogon ,System,0,0,1,0,0,0,0,None,424,System,7002,0,0,0,0,0,0,0,0,0,1102,0x2000000000000000,0,1,0,0,0,0,0,2015-03-23 21:02:55,1427144575.0,21,2
2140433,59017,77e833ab-eb7a-4b12-9588-c4444cc7c6f4,2015-03-23 21:02:55,informant-PC, Microsoft-Windows-Winlogon ,System,0,0,1,0,0,0,0,None,424,System,7002,0,0,0,0,0,0,0,0,0,1102,0x2000000000000000,0,1,0,0,0,0,0,2015-03-23 21:02:55,1427144575.0,21,2
2140438,59017,afec0f14-0cf4-45ca-b5c1-b8670b9ae50f,2015-03-23 21:02:56,informant-PC, Service Control Manager ,System,0,0,1,0,0,0,0,None,484,System,7036,0,0,0,0,0,0,0,0,0,0,0x8080000000000000,0,0,0,1,0,0,0,2015-03-23 21:02:56,1427144576.0,21,2
2140439,59017,fac73ba9-5598-4fd9-ab1c-a524233b3b2f,2015-03-23 21:02:56,informant-PC, Service Control Manager ,System,0,0,1,0,0,0,0,None,484,System,7036,0,0,0,0,0,0,0,0,0,0,0x8080000000000000,0,0,0,1,0,0,0,2015-03-23 21:02:56,1427144576.0,21,2
2140440,46,99c4e3c9-3a71-471b-b445-ed32ba44dd72,2015-03-23 21:02:56,informant-PC, Microsoft-Windows-WindowsUpdateClient ,Other,0,0,0,0,0,1,0,None,892,Microsoft-Windows-WindowsUpdateClient/Operational,39,0,0,0,0,0,0,0,0,0,1,0x4000000000000280,0,0,1,0,0,0,0,2015-03-23 21:02:56,1427144576.0,21,2
2140441,46,79bcee55-d83b-45e9-9014-417010160bda,2015-03-23 21:02:56,informant-PC, Microsoft-Windows-WindowsUpdateClient ,Other,0,0,0,0,0,1,0,None,892,Microsoft-Windows-WindowsUpdateClient/Operational,39,0,0,0,0,0,0,0,0,0,1,0x4000000000000280,0,0,1,0,0,0,0,2015-03-23 21:02:56,1427144576.0,21,2
2140442,59042,c7b0e0ac-4954-4d3a-a202-bd75d319e426,2015-03-23 21:02:56,informant-PC, Microsoft-Windows-GroupPolicy ,Other,0,0,0,0,0,1,0,None,892,Microsoft-Windows-GroupPolicy/Operational,5325,0,0,0,0,0,0,0,0,0,0,0x4000000000000000,0,0,1,0,0,0,0,2015-03-23 21:02:56,1427144576.0,21,2
2140443,59042,adc378d8-ae20-42b6-ab12-550b2bcd082c,2015-03-23 21:02:56,informant-PC, Microsoft-Windows-GroupPolicy ,Other,0,0,0,0,0,1,0,None,892,Microsoft-Windows-GroupPolicy/Operational,5325,0,0,0,0,0,0,0,0,0,0,0x4000000000000000,0,0,1,0,0,0,0,2015-03-23 21:02:56,1427144576.0,21,2
2140444,59017,062340d5-c76b-4df0-92e1-0e8fb308e242,2015-03-23 21:02:56,informant-PC, Service Control Manager ,System,0,0,1,0,0,0,0,None,484,System,7036,0,0,0,0,0,0,0,0,0,0,0x8080000000000000,0,0,0,1,0,0,0,2015-03-23 21:02:56,1427144576.0,21,2
2140445,59017,0fe0064b-25ee-4b4f-85c0-a3d6f871854e,2015-03-23 21:02:56,informant-PC, Service Control Manager ,System,0,0,1,0,0,0,0,None,484,System,7036,0,0,0,0,0,0,0,0,0,0,0x8080000000000000,0,0,0,1,0,0,0,2015-03-23 21:02:56,1427144576.0,21,2
2140446,59026,1b6e1b5a-70f8-4014-b9f1-10f595e4b5fc,2015-03-23 21:02:56,informant-PC, Microsoft-Windows-Resource-Exhaustion-Detector ,Other,0,0,0,0,0,1,0,None,1148,Microsoft-Windows-Resource-Exhaustion-Detector/Operational,1002,0,0,0,0,0,0,0,0,0,1,0x4000000010000000,0,0,1,0,0,0,0,2015-03-23 21:02:56,1427144576.0,21,2
2140447,59026,c0520486-7221-416f-9c8e-c94ed7f24b9c,2015-03-23 21:02:56,informant-PC, Microsoft-Windows-Resource-Exhaustion-Detector ,Other,0,0,0,0,0,1,0,None,1148,Microsoft-Windows-Resource-Exhaustion-Detector/Operational,1002,0,0,0,0,0,0,0,0,0,1,0x4000000010000000,0,0,1,0,0,0,0,2015-03-23 21:02:56,1427144576.0,21,2
2140450,59017,43fe1823-99fc-4693-9a5d-cfb9b3d043ca,2015-03-23 21:02:56,informant-PC, Microsoft-Windows-DHCPv6-Client ,System,0,0,1,0,0,0,0,None,724,System,51047,0,0,0,0,0,0,0,0,0,4,0x2000000000000000,0,1,0,0,0,0,0,2015-03-23 21:02:56,1427144576.0,21,2
2140451,59017,e6357f59-4517-4490-ab76-c5e295fb7be3,2015-03-23 21:02:56,informant-PC, Microsoft-Windows-DHCPv6-Client ,System,0,0,1,0,0,0,0,None,724,System,51047,0,0,0,0,0,0,0,0,0,4,0x2000000000000000,0,1,0,0,0,0,0,2015-03-23 21:02:56,1427144576.0,21,2
2140452,59017,f6d2d777-56b1-45ca-8bb5-8cf74f39f836,2015-03-23 21:02:56,informant-PC, Service Control Manager ,System,0,0,1,0,0,0,0,None,484,System,7036,0,0,0,0,0,0,0,0,0,0,0x8080000000000000,0,0,0,1,0,0,0,2015-03-23 21:02:56,1427144576.0,21,2
2140453,59017,16c2ab63-6a1b-43be-9d94-78141a41be0e,2015-03-23 21:02:56,informant-PC, Service Control Manager ,System,0,0,1,0,0,0,0,None,484,System,7036,0,0,0,0,0,0,0,0,0,0,0x8080000000000000,0,0,0,1,0,0,0,2015-03-23 21:02:56,1427144576.0,21,2
2140454,59017,f57622e8-84f4-40ef-9916-a5bd5c348ee6,2015-03-23 21:02:57,informant-PC, Service Control Manager ,System,0,0,1,0,0,0,0,None,484,System,7036,0,0,0,0,0,0,0,0,0,0,0x8080000000000000,0,0,0,1,0,0,0,2015-03-23 21:02:57,1427144577.0,21,2
2140455,59017,b75e647e-2541-496a-9a52-594dfa699f9b,2015-03-23 21:02:57,informant-PC, Service Control Manager ,System,0,0,1,0,0,0,0,None,484,System,7036,0,0,0,0,0,0,0,0,0,0,0x8080000000000000,0,0,0,1,0,0,0,2015-03-23 21:02:57,1427144577.0,21,2
2140456,59017,1bac248d-d81e-4d1b-af8c-d6c703b58e16,2015-03-23 21:02:57,informant-PC, Service Control Manager ,System,0,0,1,0,0,0,0,None,484,System,7036,0,0,0,0,0,0,0,0,0,0,0x8080000000000000,0,0,0,1,0,0,0,2015-03-23 21:02:57,1427144577.0,21,2
2140457,59017,d0d60ea6-1d08-464c-9d69-9f1bb83ed6d2,2015-03-23 21:02:57,informant-PC, Service Control Manager ,System,0,0,1,0,0,0,0,None,484,System,7036,0,0,0,0,0,0,0,0,0,0,0x8080000000000000,0,0,0,1,0,0,0,2015-03-23 21:02:57,1427144577.0,21,2
2140458,59017,71a69ca6-31ba-4d5c-b90a-5c94c916d791,2015-03-23 21:02:57,informant-PC, Service Control Manager ,System,0,0,1,0,0,0,0,None,484,System,7036,0,0,0,0,0,0,0,0,0,0,0x8080000000000000,0,0,0,1,0,0,0,2015-03-23 21:02:57,1427144577.0,21,2
2140459,59017,1aa81ff5-1287-4d0a-a1fc-700a2bc4353f,2015-03-23 21:02:57,informant-PC, Microsoft-Windows-Dhcp-Client ,System,0,0,1,0,0,0,0,None,724,System,50037,0,0,0,0,0,0,0,0,0,4,0x2000000000000000,0,1,0,0,0,0,0,2015-03-23 21:02:57,1427144577.0,21,2
2140460,59017,c0ba1f00-23a4-4fb7-852f-e47495b5bc0f,2015-03-23 21:02:57,informant-PC, Microsoft-Windows-Dhcp-Client ,System,0,0,1,0,0,0,0,None,724,System,50037,0,0,0,0,0,0,0,0,0,4,0x2000000000000000,0,1,0,0,0,0,0,2015-03-23 21:02:57,1427144577.0,21,2
2140461,59017,07f2d687-b533-4b2a-9600-f6806e5334e7,2015-03-23 21:02:57,informant-PC, Service Control Manager ,System,0,0,1,0,0,0,0,None,484,System,7036,0,0,0,0,0,0,0,0,0,0,0x8080000000000000,0,0,0,1,0,0,0,2015-03-23 21:02:57,1427144577.0,21,2
2140462,59017,430b5614-9651-4be8-be23-6dae55c424c7,2015-03-23 21:02:57,informant-PC, Service Control Manager ,System,0,0,1,0,0,0,0,None,484,System,7036,0,0,0,0,0,0,0,0,0,0,0x8080000000000000,0,0,0,1,0,0,0,2015-03-23 21:02:57,1427144577.0,21,2
2140463,59017,db3a62c2-1556-4d6d-bd27-8ce42c792eef,2015-03-23 21:02:57,informant-PC, Service Control Manager ,System,0,0,1,0,0,0,0,None,484,System,7036,0,0,0,0,0,0,0,0,0,0,0x8080000000000000,0,0,0,1,0,0,0,2015-03-23 21:02:57,1427144577.0,21,2
2140470,59017,e899543f-8ed6-4d71-be07-c0b8bf423f3c,2015-03-23 21:02:57,informant-PC, Service Control Manager ,System,0,0,1,0,0,0,0,None,484,System,7036,0,0,0,0,0,0,0,0,0,0,0x8080000000000000,0,0,0,1,0,0,0,2015-03-23 21:02:57,1427144577.0,21,2
2140471,59017,ff994de1-306f-47c8-bb5c-0e03b5da4d38,2015-03-23 21:02:57,informant-PC, Service Control Manager ,System,0,0,1,0,0,0,0,None,484,System,7036,0,0,0,0,0,0,0,0,0,0,0x8080000000000000,0,0,0,1,0,0,0,2015-03-23 21:02:57,1427144577.0,21,2
2140472,59017,107c59ef-be57-47fb-8130-07a693fc13dd,2015-03-23 21:02:57,informant-PC, Service Control Manager ,System,0,0,1,0,0,0,0,None,484,System,7036,0,0,0,0,0,0,0,0,0,0,0x8080000000000000,0,0,0,1,0,0,0,2015-03-23 21:02:57,1427144577.0,21,2
2140473,59017,cf7c37ae-dee5-4d51-ad98-9ae9f57d127a,2015-03-23 21:02:57,informant-PC, Service Control Manager ,System,0,0,1,0,0,0,0,None,484,System,7036,0,0,0,0,0,0,0,0,0,0,0x8080000000000000,0,0,0,1,0,0,0,2015-03-23 21:02:57,1427144577.0,21,2
2140474,59017,826bfe88-d8e1-454f-816b-21a46607195b,2015-03-23 21:02:57,informant-PC, Service Control Manager ,System,0,0,1,0,0,0,0,None,484,System,7036,0,0,0,0,0,0,0,0,0,0,0x8080000000000000,0,0,0,1,0,0,0,2015-03-23 21:02:57,1427144577.0,21,2
2140475,59017,fd50d50c-3637-49a5-bb42-e8da2a6e0a87,2015-03-23 21:02:57,informant-PC, Service Control Manager ,System,0,0,1,0,0,0,0,None,484,System,7036,0,0,0,0,0,0,0,0,0,0,0x8080000000000000,0,0,0,1,0,0,0,2015-03-23 21:02:57,1427144577.0,21,2
2140476,59017,1c13ff1f-126a-4899-a9b6-38964ce8da20,2015-03-23 21:02:57,informant-PC, Microsoft-Windows-UserPnp ,System,0,0,1,0,0,0,0,None,600,System,20010,0,0,0,0,0,0,0,0,0,7010,0x8000000000000000,0,0,0,1,0,0,0,2015-03-23 21:02:57,1427144577.0,21,2
2140477,59017,f489800c-5403-44fe-a67a-7397b8d68471,2015-03-23 21:02:57,informant-PC, Service Control Manager ,System,0,0,1,0,0,0,0,None,484,System,7036,0,0,0,0,0,0,0,0,0,0,0x8080000000000000,0,0,0,1,0,0,0,2015-03-23 21:02:57,1427144577.0,21,2
2140478,59017,f81048c0-d79c-445f-b713-97b98a6a2423,2015-03-23 21:02:57,informant-PC, Microsoft-Windows-UserPnp ,System,0,0,1,0,0,0,0,None,600,System,20010,0,0,0,0,0,0,0,0,0,7010,0x8000000000000000,0,0,0,1,0,0,0,2015-03-23 21:02:57,1427144577.0,21,2
2140479,59017,88b1e96f-fa8d-44c2-8ee3-32225e08c96e,2015-03-23 21:02:57,informant-PC, Service Control Manager ,System,0,0,1,0,0,0,0,None,484,System,7036,0,0,0,0,0,0,0,0,0,0,0x8080000000000000,0,0,0,1,0,0,0,2015-03-23 21:02:57,1427144577.0,21,2
2140480,59017,8d59c463-9b5b-4c7d-8f71-0099c0fd75a8,2015-03-23 21:02:57,informant-PC, Service Control Manager ,System,0,0,1,0,0,0,0,None,484,System,7036,0,0,0,0,0,0,0,0,0,0,0x8080000000000000,0,0,0,1,0,0,0,2015-03-23 21:02:57,1427144577.0,21,2
2140481,59018,f268c390-ba3a-4dd6-82db-e7f80b80068f,2015-03-23 21:02:57,informant-PC, Microsoft-Windows-User Profiles Service ,Application,0,1,0,0,0,0,0,None,892,Application,1532,0,0,0,0,0,0,0,0,0,0,0x8000000000000000,0,0,0,1,0,0,0,2015-03-23 21:02:57,1427144577.0,21,2
2140482,59017,331faba6-5857-47a0-b3c5-02cc976e243a,2015-03-23 21:02:57,informant-PC, Service Control Manager ,System,0,0,1,0,0,0,0,None,484,System,7036,0,0,0,0,0,0,0,0,0,0,0x8080000000000000,0,0,0,1,0,0,0,2015-03-23 21:02:57,1427144577.0,21,2
2140483,59018,6638a9fc-a328-4ed6-ab57-84d837a80d1f,2015-03-23 21:02:57,informant-PC, Microsoft-Windows-User Profiles Service ,Application,0,1,0,0,0,0,0,None,892,Application,1532,0,0,0,0,0,0,0,0,0,0,0x8000000000000000,0,0,0,1,0,0,0,2015-03-23 21:02:57,1427144577.0,21,2
2140484,59017,30a4d01c-42a5-4950-a441-8ef2be46ff38,2015-03-23 21:02:57,informant-PC, Service Control Manager ,System,0,0,1,0,0,0,0,None,484,System,7036,0,0,0,0,0,0,0,0,0,0,0x8080000000000000,0,0,0,1,0,0,0,2015-03-23 21:02:57,1427144577.0,21,2
2140485,59017,ff27003a-e3ec-4f5b-8f46-386ece5d202c,2015-03-23 21:02:57,informant-PC, Service Control Manager ,System,0,0,1,0,0,0,0,None,484,System,7036,0,0,0,0,0,0,0,0,0,0,0x8080000000000000,0,0,0,1,0,0,0,2015-03-23 21:02:57,1427144577.0,21,2
2140490,59081,6d80a51c-4c98-4c00-ad9c-fc3f20140bf5,2015-03-23 21:02:58,informant-PC, Microsoft-Windows-NetworkProfile ,Other,0,0,0,0,0,1,0,None,856,Microsoft-Windows-NetworkProfile/Operational,4001,0,0,0,0,0,0,0,0,0,1,0x4000200000000000,0,0,1,0,0,0,0,2015-03-23 21:02:58,1427144578.0,21,2
2140491,59081,1cdaed58-cc29-45f6-9872-5afd112133e5,2015-03-23 21:02:58,informant-PC, Microsoft-Windows-NetworkProfile ,Other,0,0,0,0,0,1,0,None,856,Microsoft-Windows-NetworkProfile/Operational,4001,0,0,0,0,0,0,0,0,0,1,0x4000200000000000,0,0,1,0,0,0,0,2015-03-23 21:02:58,1427144578.0,21,2
2140492,59081,d39cbb85-a9e9-40dc-9484-77925503b6ae,2015-03-23 21:02:58,informant-PC, Microsoft-Windows-NetworkProfile ,Other,0,0,0,0,0,1,0,None,856,Microsoft-Windows-NetworkProfile/Operational,10001,0,0,0,0,0,0,0,0,0,0,0x4000200000000000,0,0,1,0,0,0,0,2015-03-23 21:02:58,1427144578.0,21,2
2140493,59081,07c2830d-9a0d-4aa6-9d40-f5a30bfedece,2015-03-23 21:02:58,informant-PC, Microsoft-Windows-NetworkProfile ,Other,0,0,0,0,0,1,0,None,856,Microsoft-Windows-NetworkProfile/Operational,10000,0,0,0,0,0,0,0,0,0,0,0x4000200000000000,0,0,1,0,0,0,0,2015-03-23 21:02:58,1427144578.0,21,2
2140494,59081,980fcc99-dff2-40d6-8364-0e58c81099aa,2015-03-23 21:02:58,informant-PC, Microsoft-Windows-NetworkProfile ,Other,0,0,0,0,0,1,0,None,856,Microsoft-Windows-NetworkProfile/Operational,10000,0,0,0,0,0,0,0,0,0,0,0x4000200000000000,0,0,1,0,0,0,0,2015-03-23 21:02:58,1427144578.0,21,2
2140495,59081,f418d004-de33-4c46-bde7-0eaf7313c94a,2015-03-23 21:02:58,informant-PC, Microsoft-Windows-NetworkProfile ,Other,0,0,0,0,0,1,0,None,856,Microsoft-Windows-NetworkProfile/Operational,10001,0,0,0,0,0,0,0,0,0,0,0x4000200000000000,0,0,1,0,0,0,0,2015-03-23 21:02:58,1427144578.0,21,2
2140496,59057,49aa3b6e-a87a-4f28-a472-ab8244f575b0,2015-03-23 21:02:58,informant-PC, Microsoft-Windows-Windows Firewall With Advanced Security ,Other,0,0,0,0,0,1,0,None,1148,Microsoft-Windows-Windows Firewall With Advanced Security/Firewall,2002,0,0,0,0,0,0,0,0,0,0,0x8000000000000000,0,0,0,1,0,0,0,2015-03-23 21:02:58,1427144578.0,21,2
2140497,59057,d00b2c62-8245-4af9-890f-2afc0d6af548,2015-03-23 21:02:58,informant-PC, Microsoft-Windows-Windows Firewall With Advanced Security ,Other,0,0,0,0,0,1,0,None,1148,Microsoft-Windows-Windows Firewall With Advanced Security/Firewall,2002,0,0,0,0,0,0,0,0,0,0,0x8000000000000000,0,0,0,1,0,0,0,2015-03-23 21:02:58,1427144578.0,21,2
2140498,59057,86e49902-3253-4764-8414-541943824169,2015-03-23 21:02:58,informant-PC, Microsoft-Windows-Windows Firewall With Advanced Security ,Other,0,0,0,0,0,1,0,None,1148,Microsoft-Windows-Windows Firewall With Advanced Security/Firewall,2010,0,0,0,0,0,0,0,0,0,0,0x8000000000000000,0,0,0,1,0,0,0,2015-03-23 21:02:58,1427144578.0,21,2
2140499,59057,0f93277e-9c09-4511-97f1-90eea6ed21e5,2015-03-23 21:02:58,informant-PC, Microsoft-Windows-Windows Firewall With Advanced Security ,Other,0,0,0,0,0,1,0,None,1148,Microsoft-Windows-Windows Firewall With Advanced Security/Firewall,2010,0,0,0,0,0,0,0,0,0,0,0x8000000000000000,0,0,0,1,0,0,0,2015-03-23 21:02:58,1427144578.0,21,2
2140500,59057,f399b55f-2d61-4c53-9ea9-35e150ea8dc3,2015-03-23 21:02:58,informant-PC, Microsoft-Windows-Windows Firewall With Advanced Security ,Other,0,0,0,0,0,1,0,None,1148,Microsoft-Windows-Windows Firewall With Advanced Security/Firewall,2010,0,0,0,0,0,0,0,0,0,0,0x8000000000000000,0,0,0,1,0,0,0,2015-03-23 21:02:58,1427144578.0,21,2
2140501,59057,4c0f6338-b768-4c4a-ba32-35e378b0edad,2015-03-23 21:02:58,informant-PC, Microsoft-Windows-Windows Firewall With Advanced Security ,Other,0,0,0,0,0,1,0,None,1148,Microsoft-Windows-Windows Firewall With Advanced Security/Firewall,2002,0,0,0,0,0,0,0,0,0,0,0x8000000000000000,0,0,0,1,0,0,0,2015-03-23 21:02:58,1427144578.0,21,2
2140502,59057,b3402d40-be36-4fea-bf7f-89b268315bff,2015-03-23 21:02:58,informant-PC, Microsoft-Windows-Windows Firewall With Advanced Security ,Other,0,0,0,0,0,1,0,None,1148,Microsoft-Windows-Windows Firewall With Advanced Security/Firewall,2002,0,0,0,0,0,0,0,0,0,0,0x8000000000000000,0,0,0,1,0,0,0,2015-03-23 21:02:58,1427144578.0,21,2
2140503,59057,bef29664-a08d-4158-a91e-22ae264e247e,2015-03-23 21:02:58,informant-PC, Microsoft-Windows-Windows Firewall With Advanced Security ,Other,0,0,0,0,0,1,0,None,1148,Microsoft-Windows-Windows Firewall With Advanced Security/Firewall,2010,0,0,0,0,0,0,0,0,0,0,0x8000000000000000,0,0,0,1,0,0,0,2015-03-23 21:02:58,1427144578.0,21,2
2140504,59018,13283ab2-94cd-46e2-8048-97eba5bf1442,2015-03-23 21:02:59,informant-PC, Bonjour Service ,Application,0,1,0,0,0,0,0,None,None,Application,100,0,0,0,0,0,0,0,0,0,0,0x0080000000000000,0,0,0,0,0,0,0,2015-03-23 21:02:59,1427144579.0,21,2
2140505,59018,49f5d2ff-e9ad-4e07-9dc9-84a5e83bc0c7,2015-03-23 21:02:59,informant-PC, Bonjour Service ,Application,0,1,0,0,0,0,0,None,None,Application,100,0,0,0,0,0,0,0,0,0,0,0x0080000000000000,0,0,0,0,0,0,0,2015-03-23 21:02:59,1427144579.0,21,2
2140506,59017,6e8542e8-cbf0-41f0-89ee-cd5ad3188c9c,2015-03-23 21:02:59,informant-PC, Service Control Manager ,System,0,0,1,0,0,0,0,None,484,System,7036,0,0,0,0,0,0,0,0,0,0,0x8080000000000000,0,0,0,1,0,0,0,2015-03-23 21:02:59,1427144579.0,21,2
2140507,59017,b3fe6263-7711-4199-b437-82299a1fdc54,2015-03-23 21:02:59,informant-PC, Service Control Manager ,System,0,0,1,0,0,0,0,None,484,System,7036,0,0,0,0,0,0,0,0,0,0,0x8080000000000000,0,0,0,1,0,0,0,2015-03-23 21:02:59,1427144579.0,21,2
2140508,59019,3e5ef5a3-201a-4f32-9b20-696cb2c118f9,2015-03-23 21:02:59,informant-PC, Microsoft-Windows-Eventlog ,Security,1,0,0,0,0,0,0,None,724,Security,1100,0,0,0,0,0,0,0,0,0,103,0x4020000000000000,0,0,1,0,0,0,0,2015-03-23 21:02:59,1427144579.0,21,2
2140509,59019,27b8ad6a-f0f1-435a-bb74-3d1c319ece21,2015-03-23 21:02:59,informant-PC, Microsoft-Windows-Eventlog ,Security,1,0,0,0,0,0,0,None,724,Security,1100,0,0,0,0,0,0,0,0,0,103,0x4020000000000000,0,0,1,0,0,0,0,2015-03-23 21:02:59,1427144579.0,21,2
2140526,59017,71319d51-f6bc-4e3b-a535-0fd9e7496c69,2015-03-23 21:03:00,informant-PC, Service Control Manager ,System,0,0,1,0,0,0,0,None,484,System,7036,0,0,0,0,0,0,0,0,0,0,0x8080000000000000,0,0,0,1,0,0,0,2015-03-23 21:03:00,1427144580.0,21,3
2140527,59017,30a08ddb-5d3c-48b9-b014-8125014de4ec,2015-03-23 21:03:00,informant-PC, Service Control Manager ,System,0,0,1,0,0,0,0,None,484,System,7036,0,0,0,0,0,0,0,0,0,0,0x8080000000000000,0,0,0,1,0,0,0,2015-03-23 21:03:00,1427144580.0,21,3
2140530,59017,7f431a58-9e6c-4df2-9133-68359c754446,2015-03-23 21:03:00,informant-PC, Service Control Manager ,System,0,0,1,0,0,0,0,None,484,System,7036,0,0,0,0,0,0,0,0,0,0,0x8080000000000000,0,0,0,1,0,0,0,2015-03-23 21:03:00,1427144580.0,21,3
2140531,59017,fa68e3f0-271b-4a58-990b-cf50d663d185,2015-03-23 21:03:00,informant-PC, Service Control Manager ,System,0,0,1,0,0,0,0,None,484,System,7036,0,0,0,0,0,0,0,0,0,0,0x8080000000000000,0,0,0,1,0,0,0,2015-03-23 21:03:00,1427144580.0,21,3
2140532,59017,5aad38df-b342-4930-9728-03b571ae8ed0,2015-03-23 21:03:01,informant-PC, EventLog ,System,0,0,1,0,0,0,0,None,None,System,6006,0,0,0,0,0,0,0,0,0,0,0x0080000000000000,0,0,0,0,0,0,0,2015-03-23 21:03:01,1427144581.0,21,3
2140533,59017,9c901d94-bbbb-4b53-b22f-3fbc33478300,2015-03-23 21:03:01,informant-PC, EventLog ,System,0,0,1,0,0,0,0,None,None,System,6006,0,0,0,0,0,0,0,0,0,0,0x0080000000000000,0,0,0,0,0,0,0,2015-03-23 21:03:01,1427144581.0,21,3
2140534,59017,9149a79f-c204-4d75-8e2d-161816d08fdb,2015-03-23 21:03:01,informant-PC, Service Control Manager ,System,0,0,1,0,0,0,0,None,484,System,7036,0,0,0,0,0,0,0,0,0,0,0x8080000000000000,0,0,0,1,0,0,0,2015-03-23 21:03:01,1427144581.0,21,3
2140535,59017,09d480eb-cc5e-4a90-9442-0e5c9555ae51,2015-03-23 21:03:01,informant-PC, Service Control Manager ,System,0,0,1,0,0,0,0,None,484,System,7036,0,0,0,0,0,0,0,0,0,0,0x8080000000000000,0,0,0,1,0,0,0,2015-03-23 21:03:01,1427144581.0,21,3
2140536,59017,00c986d8-6806-4744-8f4f-86ed654cdbf2,2015-03-23 21:03:01,informant-PC, Service Control Manager ,System,0,0,1,0,0,0,0,None,484,System,7036,0,0,0,0,0,0,0,0,0,0,0x8080000000000000,0,0,0,1,0,0,0,2015-03-23 21:03:01,1427144581.0,21,3
2140537,59017,4329450f-8a22-4b5d-83d3-92548ed5b613,2015-03-23 21:03:01,informant-PC, Service Control Manager ,System,0,0,1,0,0,0,0,None,484,System,7036,0,0,0,0,0,0,0,0,0,0,0x8080000000000000,0,0,0,1,0,0,0,2015-03-23 21:03:01,1427144581.0,21,3
2140562,59017,10939317-e49c-439e-a41b-c69f5989f3c8,2015-03-23 21:03:01,informant-PC, Service Control Manager ,System,0,0,1,0,0,0,0,None,484,System,7036,0,0,0,0,0,0,0,0,0,0,0x8080000000000000,0,0,0,1,0,0,0,2015-03-23 21:03:01,1427144581.0,21,3
2140563,59017,bb955938-2dfe-476c-918a-bfd370de5140,2015-03-23 21:03:01,informant-PC, Service Control Manager ,System,0,0,1,0,0,0,0,None,484,System,7036,0,0,0,0,0,0,0,0,0,0,0x8080000000000000,0,0,0,1,0,0,0,2015-03-23 21:03:01,1427144581.0,21,3
2140574,59017,a1f62e9e-62fe-4b7f-b2ab-afcda2fd3dc4,2015-03-23 21:03:01,informant-PC, Microsoft-Windows-Kernel-Power ,System,0,0,1,0,0,0,0,None,388,System,109,0,0,0,0,0,0,0,0,0,103,0x8000000000000004,0,0,0,1,0,0,0,2015-03-23 21:03:01,1427144581.0,21,3
2140575,59017,d0c4e3f4-abfa-4304-848b-d09905e82b4b,2015-03-23 21:03:01,informant-PC, Microsoft-Windows-Kernel-Power ,System,0,0,1,0,0,0,0,None,388,System,109,0,0,0,0,0,0,0,0,0,103,0x8000000000000004,0,0,0,1,0,0,0,2015-03-23 21:03:01,1427144581.0,21,3
2140652,59017,934cbf4f-3746-4939-a9be-7162416f04fd,2015-03-23 21:03:03,informant-PC, Service Control Manager ,System,0,0,1,0,0,0,0,None,484,System,7036,0,0,0,0,0,0,0,0,0,0,0x8080000000000000,0,0,0,1,0,0,0,2015-03-23 21:03:03,1427144583.0,21,3
2140656,59017,6377ebf8-07b4-4049-bf1a-702a23de5b60,2015-03-23 21:03:03,informant-PC, Service Control Manager ,System,0,0,1,0,0,0,0,None,484,System,7036,0,0,0,0,0,0,0,0,0,0,0x8080000000000000,0,0,0,1,0,0,0,2015-03-23 21:03:03,1427144583.0,21,3
2140658,59017,d98fee09-4bc4-4afd-8a11-82472e8d020e,2015-03-23 21:03:03,informant-PC, Service Control Manager ,System,0,0,1,0,0,0,0,None,484,System,7036,0,0,0,0,0,0,0,0,0,0,0x8080000000000000,0,0,0,1,0,0,0,2015-03-23 21:03:03,1427144583.0,21,3
2140659,59017,8ee38d4f-91fa-485c-96ce-933b644ad414,2015-03-23 21:03:03,informant-PC, Service Control Manager ,System,0,0,1,0,0,0,0,None,484,System,7036,0,0,0,0,0,0,0,0,0,0,0x8080000000000000,0,0,0,1,0,0,0,2015-03-23 21:03:03,1427144583.0,21,3
2140684,59017,dc0bc39a-dd24-4c01-aec2-5735fd0468ba,2015-03-23 21:03:11,informant-PC, Service Control Manager ,System,0,0,1,0,0,0,0,None,484,System,7036,0,0,0,0,0,0,0,0,0,0,0x8080000000000000,0,0,0,1,0,0,0,2015-03-23 21:03:11,1427144591.0,21,3
2140685,59017,313fc847-4c8e-4357-8675-5ef16742a374,2015-03-23 21:03:11,informant-PC, Service Control Manager ,System,0,0,1,0,0,0,0,None,484,System,7036,0,0,0,0,0,0,0,0,0,0,0x8080000000000000,0,0,0,1,0,0,0,2015-03-23 21:03:11,1427144591.0,21,3
2140706,59030,764e68fa-09a1-48cb-87cf-7fd9ced30032,2015-03-23 21:03:12,informant-PC, Microsoft-Windows-Windows Defender ,Other,0,0,0,0,0,1,0,None,2012,Microsoft-Windows-Windows Defender/WHC,101,0,0,0,0,0,0,0,0,0,0,0x4000000000000000,0,0,1,0,0,0,0,2015-03-23 21:03:12,1427144592.0,21,3
2140707,59030,6e1b93fe-f77a-4209-9cc9-44e8c20cb036,2015-03-23 21:03:12,informant-PC, Microsoft-Windows-Windows Defender ,Other,0,0,0,0,0,1,0,None,2012,Microsoft-Windows-Windows Defender/WHC,101,0,0,0,0,0,0,0,0,0,0,0x4000000000000000,0,0,1,0,0,0,0,2015-03-23 21:03:12,1427144592.0,21,3
2140708,59017,cb7ccd9a-67a2-4b94-b201-f5336329e76b,2015-03-23 21:03:12,informant-PC, Service Control Manager ,System,0,0,1,0,0,0,0,None,484,System,7036,0,0,0,0,0,0,0,0,0,0,0x8080000000000000,0,0,0,1,0,0,0,2015-03-23 21:03:12,1427144592.0,21,3
2140709,59017,96ffb1bc-b699-4b02-87b9-536714943408,2015-03-23 21:03:12,informant-PC, Service Control Manager ,System,0,0,1,0,0,0,0,None,484,System,7036,0,0,0,0,0,0,0,0,0,0,0x8080000000000000,0,0,0,1,0,0,0,2015-03-23 21:03:12,1427144592.0,21,3
2140760,59017,19202fe9-5c3a-4aee-a279-b3b925db95ad,2015-03-23 21:03:12,informant-PC, Microsoft-Windows-Kernel-General ,System,0,0,1,0,0,0,0,None,4,System,13,0,0,0,0,0,0,0,0,0,0,0x8000000000000000,0,0,0,1,0,0,0,2015-03-23 21:03:12,1427144592.0,21,3
2140765,59017,a6ed1b20-94d1-4244-85ae-65bfe7b05b26,2015-03-23 21:03:12,informant-PC, Microsoft-Windows-Kernel-General ,System,0,0,1,0,0,0,0,None,4,System,13,0,0,0,0,0,0,0,0,0,0,0x8000000000000000,0,0,0,1,0,0,0,2015-03-23 21:03:12,1427144592.0,21,3
2141016,59017,86853797-a6e4-4860-9f15-504ffeb22e2f,2015-03-24 13:21:05,informant-PC, Microsoft-Windows-Kernel-General ,System,0,0,1,0,0,0,0,None,4,System,12,0,0,0,0,0,0,0,0,0,0,0x8000000000000000,0,0,0,1,0,0,0,2015-03-24 13:21:05,1427203265.0,13,21
2141017,59017,49e80b19-1068-4c59-aa81-5c065570608c,2015-03-24 13:21:05,informant-PC, Microsoft-Windows-Kernel-General ,System,0,0,1,0,0,0,0,None,4,System,12,0,0,0,0,0,0,0,0,0,0,0x8000000000000000,0,0,0,1,0,0,0,2015-03-24 13:21:05,1427203265.0,13,21
2141240,59017,a1d9f187-8e89-4590-9542-0c99bb1b38e6,2015-03-24 13:21:11,informant-PC, Microsoft-Windows-FilterManager ,System,0,0,1,0,0,0,0,None,4,System,6,0,0,0,0,0,0,0,0,0,0,0x8000000000000000,0,0,0,1,0,0,0,2015-03-24 13:21:11,1427203271.0,13,21
2141241,59017,e03880f5-c151-4dca-9c47-48b7c8390409,2015-03-24 13:21:11,informant-PC, Microsoft-Windows-FilterManager ,System,0,0,1,0,0,0,0,None,4,System,6,0,0,0,0,0,0,0,0,0,0,0x8000000000000000,0,0,0,1,0,0,0,2015-03-24 13:21:11,1427203271.0,13,21
2141248,59039,6428dd06-55c3-4ded-864b-a6bfd2c7c6ad,2015-03-24 13:21:14,informant-PC, Microsoft-Windows-Kernel-WHEA ,Other,0,0,0,0,0,1,0,None,4,Microsoft-Windows-Kernel-WHEA/Operational,5,0,0,0,0,0,0,0,0,0,0,0x2000000000000000,0,1,0,0,0,0,0,2015-03-24 13:21:14,1427203274.0,13,21
2141249,59039,ef6ce7af-a3b1-42d2-91c1-7e42e495055f,2015-03-24 13:21:14,informant-PC, Microsoft-Windows-Kernel-WHEA ,Other,0,0,0,0,0,1,0,None,4,Microsoft-Windows-Kernel-WHEA/Operational,5,0,0,0,0,0,0,0,0,0,0,0x2000000000000000,0,1,0,0,0,0,0,2015-03-24 13:21:14,1427203274.0,13,21
2141308,59017,153e15fa-ded0-42b6-b88d-99916d804a5c,2015-03-24 13:21:17,informant-PC, Microsoft-Windows-Kernel-Processor-Power ,System,0,0,1,0,0,0,0,None,4,System,26,0,0,0,0,0,0,0,0,0,4,0x8000000000000000,0,0,0,1,0,0,0,2015-03-24 13:21:17,1427203277.0,13,21
2141309,59017,9284dff0-caa9-47cd-8674-311427dc6e28,2015-03-24 13:21:17,informant-PC, Microsoft-Windows-Kernel-Processor-Power ,System,0,0,1,0,0,0,0,None,4,System,26,0,0,0,0,0,0,0,0,0,4,0x8000000000000000,0,0,0,1,0,0,0,2015-03-24 13:21:17,1427203277.0,13,21
2141311,59017,e4c599f1-baf7-4764-bc62-cb72adad1bcc,2015-03-24 13:21:17,informant-PC, Microsoft-Windows-Kernel-Processor-Power ,System,0,0,1,0,0,0,0,None,4,System,26,0,0,0,0,0,0,0,0,0,4,0x8000000000000000,0,0,0,1,0,0,0,2015-03-24 13:21:17,1427203277.0,13,21
2141313,59017,edcea04e-cddc-4510-ab6c-00f9a39b0648,2015-03-24 13:21:17,informant-PC, Microsoft-Windows-Kernel-Processor-Power ,System,0,0,1,0,0,0,0,None,4,System,26,0,0,0,0,0,0,0,0,0,4,0x8000000000000000,0,0,0,1,0,0,0,2015-03-24 13:21:17,1427203277.0,13,21
2141362,59019,1be003ff-4a0b-4187-889b-887532a3e031,2015-03-24 13:21:29,informant-PC, Microsoft-Windows-Security-Auditing ,Security,1,0,0,0,0,0,0,S-1-5-18,496,Security,4624,0,0,0,1,0,0,0,0,0,12544,0x8020000000000000,0,0,0,1,0,0,0,2015-03-24 13:21:29,1427203289.0,13,21
2141365,59019,2c6f32cd-e067-459d-a93d-5e562751c001,2015-03-24 13:21:29,informant-PC, Microsoft-Windows-Security-Auditing ,Security,1,0,0,0,0,0,0,None,496,Security,4608,0,0,0,0,0,0,0,0,1,12288,0x8020000000000000,0,0,0,1,0,0,0,2015-03-24 13:21:29,1427203289.0,13,21
2141366,59019,d74dffa8-6389-452a-8655-d9cdd443852d,2015-03-24 13:21:29,informant-PC, Microsoft-Windows-Security-Auditing ,Security,1,0,0,0,0,0,0,None,496,Security,4608,0,0,0,0,0,0,0,0,1,12288,0x8020000000000000,0,0,0,1,0,0,0,2015-03-24 13:21:29,1427203289.0,13,21
2141368,59019,a08aa4d8-cfe5-42d0-9d80-75b0f1282385,2015-03-24 13:21:29,informant-PC, Microsoft-Windows-Security-Auditing ,Security,1,0,0,0,0,0,0,S-1-5-18,496,Security,4624,0,0,0,1,0,0,0,0,0,12544,0x8020000000000000,0,0,0,1,0,0,0,2015-03-24 13:21:29,1427203289.0,13,21
2141374,59019,0031b90a-355c-4b2b-ad4d-102c2b71226f,2015-03-24 13:21:29,informant-PC, Microsoft-Windows-Security-Auditing ,Security,1,0,0,0,0,0,0,None,496,Security,4902,0,0,0,0,0,0,1,0,0,13568,0x8020000000000000,0,0,0,1,0,0,0,2015-03-24 13:21:29,1427203289.0,13,21
2141375,59019,18e84ea6-7cde-40d2-9435-7dfd39bf1367,2015-03-24 13:21:29,informant-PC, Microsoft-Windows-Security-Auditing ,Security,1,0,0,0,0,0,0,None,496,Security,4902,0,0,0,0,0,0,1,0,0,13568,0x8020000000000000,0,0,0,1,0,0,0,2015-03-24 13:21:29,1427203289.0,13,21
2141388,59017,b52daee7-3b04-4314-b5a7-4ba1a4b68f3d,2015-03-24 13:21:36,informant-PC, EventLog ,System,0,0,1,0,0,0,0,None,None,System,6005,0,0,0,0,0,0,0,0,0,0,0x0080000000000000,0,0,0,0,0,0,0,2015-03-24 13:21:36,1427203296.0,13,21
2141389,59017,463f70f8-26a1-467a-92f5-757bef8d079e,2015-03-24 13:21:36,informant-PC, EventLog ,System,0,0,1,0,0,0,0,None,None,System,6013,0,0,0,0,0,0,0,0,0,0,0x0080000000000000,0,0,0,0,0,0,0,2015-03-24 13:21:36,1427203296.0,13,21
2141390,59017,3dcd3b0c-9fff-49a9-84b2-601d56e5966d,2015-03-24 13:21:36,informant-PC, EventLog ,System,0,0,1,0,0,0,0,None,None,System,6005,0,0,0,0,0,0,0,0,0,0,0x0080000000000000,0,0,0,0,0,0,0,2015-03-24 13:21:36,1427203296.0,13,21
2141391,59017,ad8c1f7d-b675-4eb7-9f1d-e29550aa078e,2015-03-24 13:21:36,informant-PC, EventLog ,System,0,0,1,0,0,0,0,None,None,System,6009,0,0,0,0,0,0,0,0,0,0,0x0080000000000000,0,0,0,0,0,0,0,2015-03-24 13:21:36,1427203296.0,13,21
2141392,59017,f9da2ec7-9267-4c63-93af-8f654c16ca32,2015-03-24 13:21:36,informant-PC, EventLog ,System,0,0,1,0,0,0,0,None,None,System,6009,0,0,0,0,0,0,0,0,0,0,0x0080000000000000,0,0,0,0,0,0,0,2015-03-24 13:21:36,1427203296.0,13,21
2141393,59017,6d94b1e8-11d8-4e72-b733-00507ab6a7f5,2015-03-24 13:21:36,informant-PC, EventLog ,System,0,0,1,0,0,0,0,None,None,System,6013,0,0,0,0,0,0,0,0,0,0,0x0080000000000000,0,0,0,0,0,0,0,2015-03-24 13:21:36,1427203296.0,13,21
2141394,59019,9ea912cf-acfc-4e3e-9b18-d978fd93b08b,2015-03-24 13:21:36,informant-PC, Microsoft-Windows-Security-Auditing ,Security,1,0,0,0,0,0,0,S-1-5-18,496,Security,4624,0,0,0,1,0,0,0,0,0,12544,0x8020000000000000,0,0,0,1,0,0,0,2015-03-24 13:21:36,1427203296.0,13,21
2141395,59019,d7dd1428-c929-4491-aa3f-fd194c147741,2015-03-24 13:21:36,informant-PC, Microsoft-Windows-Security-Auditing ,Security,1,0,0,0,0,0,0,S-1-5-18,496,Security,4624,0,0,0,1,0,0,0,0,0,12544,0x8020000000000000,0,0,0,1,0,0,0,2015-03-24 13:21:36,1427203296.0,13,21
2141396,59019,7a55a4b5-ea80-4915-9272-89a77a4d94a7,2015-03-24 13:21:36,informant-PC, Microsoft-Windows-Security-Auditing ,Security,1,0,0,0,0,0,0,None,496,Security,4672,0,0,0,1,0,0,0,0,0,12548,0x8020000000000000,0,0,0,1,0,0,0,2015-03-24 13:21:36,1427203296.0,13,21
2141397,59019,80d64130-6ae8-4a31-bfa3-f31b3b98808c,2015-03-24 13:21:36,informant-PC, Microsoft-Windows-Security-Auditing ,Security,1,0,0,0,0,0,0,None,496,Security,4672,0,0,0,1,0,0,0,0,0,12548,0x8020000000000000,0,0,0,1,0,0,0,2015-03-24 13:21:36,1427203296.0,13,21
2141398,59017,c2171715-0960-48f6-94e3-3df76a047e35,2015-03-24 13:21:36,informant-PC, Service Control Manager ,System,0,0,1,0,0,0,0,None,488,System,7036,0,0,0,0,0,0,0,0,0,0,0x8080000000000000,0,0,0,1,0,0,0,2015-03-24 13:21:36,1427203296.0,13,21
2141399,59017,39606acc-81a2-4e8c-9684-6995515cd0c9,2015-03-24 13:21:36,informant-PC, Microsoft-Windows-UserPnp ,System,0,0,1,0,0,0,0,None,600,System,20010,0,0,0,0,0,0,0,0,0,7010,0x8000000000000000,0,0,0,1,0,0,0,2015-03-24 13:21:36,1427203296.0,13,21
2141400,59017,527ebeec-5a50-4ba1-a891-e99e9f1d294d,2015-03-24 13:21:36,informant-PC, Microsoft-Windows-UserPnp ,System,0,0,1,0,0,0,0,None,600,System,20010,0,0,0,0,0,0,0,0,0,7010,0x8000000000000000,0,0,0,1,0,0,0,2015-03-24 13:21:36,1427203296.0,13,21
2141401,59017,2b7f5a58-1b7a-406f-a77f-b279b558b9ac,2015-03-24 13:21:36,informant-PC, Service Control Manager ,System,0,0,1,0,0,0,0,None,488,System,7036,0,0,0,0,0,0,0,0,0,0,0x8080000000000000,0,0,0,1,0,0,0,2015-03-24 13:21:36,1427203296.0,13,21
2141402,59017,3c162e0d-def4-4693-a8a1-4f41e4e09566,2015-03-24 13:21:36,informant-PC, Service Control Manager ,System,0,0,1,0,0,0,0,None,488,System,7036,0,0,0,0,0,0,0,0,0,0,0x8080000000000000,0,0,0,1,0,0,0,2015-03-24 13:21:36,1427203296.0,13,21
2141403,59017,a96a0b76-3c92-4418-babd-8769ed29b844,2015-03-24 13:21:36,informant-PC, Service Control Manager ,System,0,0,1,0,0,0,0,None,488,System,7036,0,0,0,0,0,0,0,0,0,0,0x8080000000000000,0,0,0,1,0,0,0,2015-03-24 13:21:36,1427203296.0,13,21
2141404,59019,75fe8150-341d-4a11-b988-5d1c2fcb4d38,2015-03-24 13:21:36,informant-PC, Microsoft-Windows-Security-Auditing ,Security,1,0,0,0,0,0,0,None,496,Security,4672,0,0,0,1,0,0,0,0,0,12548,0x8020000000000000,0,0,0,1,0,0,0,2015-03-24 13:21:36,1427203296.0,13,21
2141405,59019,b4adc891-abb9-4606-87ae-6064548a5809,2015-03-24 13:21:36,informant-PC, Microsoft-Windows-Security-Auditing ,Security,1,0,0,0,0,0,0,S-1-5-20,496,Security,4624,0,0,0,1,0,0,0,0,0,12544,0x8020000000000000,0,0,0,1,0,0,0,2015-03-24 13:21:36,1427203296.0,13,21
2141406,59019,2f4a8782-1178-42ba-a7c6-95b0cb0e67ba,2015-03-24 13:21:36,informant-PC, Microsoft-Windows-Security-Auditing ,Security,1,0,0,0,0,0,0,S-1-5-20,496,Security,4624,0,0,0,1,0,0,0,0,0,12544,0x8020000000000000,0,0,0,1,0,0,0,2015-03-24 13:21:36,1427203296.0,13,21
2141407,59017,6686437d-f387-4d7b-bb94-18c0fb5d57c0,2015-03-24 13:21:36,informant-PC, Microsoft-Windows-FilterManager ,System,0,0,1,0,0,0,0,None,4,System,6,0,0,0,0,0,0,0,0,0,0,0x8000000000000000,0,0,0,1,0,0,0,2015-03-24 13:21:36,1427203296.0,13,21
2141408,59019,3fc56fdb-b45a-44df-be26-66d16a8ffe32,2015-03-24 13:21:36,informant-PC, Microsoft-Windows-Security-Auditing ,Security,1,0,0,0,0,0,0,None,496,Security,4672,0,0,0,1,0,0,0,0,0,12548,0x8020000000000000,0,0,0,1,0,0,0,2015-03-24 13:21:36,1427203296.0,13,21
2141409,59017,33d5b01d-6e69-4cf5-a2b9-2083a3dfd1ec,2015-03-24 13:21:36,informant-PC, Microsoft-Windows-FilterManager ,System,0,0,1,0,0,0,0,None,4,System,6,0,0,0,0,0,0,0,0,0,0,0x8000000000000000,0,0,0,1,0,0,0,2015-03-24 13:21:36,1427203296.0,13,21
2141410,59017,e8d87869-7d9b-4483-93ce-eb9f7b3628be,2015-03-24 13:21:36,informant-PC, Service Control Manager ,System,0,0,1,0,0,0,0,None,488,System,7036,0,0,0,0,0,0,0,0,0,0,0x8080000000000000,0,0,0,1,0,0,0,2015-03-24 13:21:36,1427203296.0,13,21
2141411,59017,91581df9-5270-4953-b35c-b5664dc2b12e,2015-03-24 13:21:36,informant-PC, Service Control Manager ,System,0,0,1,0,0,0,0,None,488,System,7036,0,0,0,0,0,0,0,0,0,0,0x8080000000000000,0,0,0,1,0,0,0,2015-03-24 13:21:36,1427203296.0,13,21
2141412,59017,965b2c7a-486a-4f0b-beba-2af0582135c0,2015-03-24 13:21:36,informant-PC, Service Control Manager ,System,0,0,1,0,0,0,0,None,488,System,7036,0,0,0,0,0,0,0,0,0,0,0x8080000000000000,0,0,0,1,0,0,0,2015-03-24 13:21:36,1427203296.0,13,21
2141413,59017,dfbf142a-8877-4ecb-ab39-c2be5797ea1d,2015-03-24 13:21:36,informant-PC, Service Control Manager ,System,0,0,1,0,0,0,0,None,488,System,7036,0,0,0,0,0,0,0,0,0,0,0x8080000000000000,0,0,0,1,0,0,0,2015-03-24 13:21:36,1427203296.0,13,21
2141414,59017,ffab44e8-5fd8-4500-b671-26f13beca0e8,2015-03-24 13:21:36,informant-PC, Service Control Manager ,System,0,0,1,0,0,0,0,None,488,System,7036,0,0,0,0,0,0,0,0,0,0,0x8080000000000000,0,0,0,1,0,0,0,2015-03-24 13:21:36,1427203296.0,13,21
2141415,59019,7f78cb66-eb9f-464c-afb5-54f22227431c,2015-03-24 13:21:36,informant-PC, Microsoft-Windows-Security-Auditing ,Security,1,0,0,0,0,0,0,S-1-5-19,496,Security,4624,0,0,0,1,0,0,0,0,0,12544,0x8020000000000000,0,0,0,1,0,0,0,2015-03-24 13:21:36,1427203296.0,13,21
2141416,59019,8d93e63c-2bc2-4240-a1ba-61bc2e1ba778,2015-03-24 13:21:36,informant-PC, Microsoft-Windows-Security-Auditing ,Security,1,0,0,0,0,0,0,S-1-5-19,496,Security,4624,0,0,0,1,0,0,0,0,0,12544,0x8020000000000000,0,0,0,1,0,0,0,2015-03-24 13:21:36,1427203296.0,13,21
2141417,59019,ac89ab4f-9c43-450b-92a7-59bb5ed5db09,2015-03-24 13:21:36,informant-PC, Microsoft-Windows-Security-Auditing ,Security,1,0,0,0,0,0,0,None,496,Security,4672,0,0,0,1,0,0,0,0,0,12548,0x8020000000000000,0,0,0,1,0,0,0,2015-03-24 13:21:36,1427203296.0,13,21
2141418,59017,206fd5b7-2469-4b5a-ac70-585bddb12e48,2015-03-24 13:21:36,informant-PC, Service Control Manager ,System,0,0,1,0,0,0,0,None,488,System,7036,0,0,0,0,0,0,0,0,0,0,0x8080000000000000,0,0,0,1,0,0,0,2015-03-24 13:21:36,1427203296.0,13,21
2141419,59019,8d43f42f-9c75-4ee2-b7c4-dd9f3b7d4669,2015-03-24 13:21:36,informant-PC, Microsoft-Windows-Security-Auditing ,Security,1,0,0,0,0,0,0,None,496,Security,4672,0,0,0,1,0,0,0,0,0,12548,0x8020000000000000,0,0,0,1,0,0,0,2015-03-24 13:21:36,1427203296.0,13,21
2141420,59017,5c5d42b9-caad-4641-beee-84e7ec8471bd,2015-03-24 13:21:36,informant-PC, Service Control Manager ,System,0,0,1,0,0,0,0,None,488,System,7036,0,0,0,0,0,0,0,0,0,0,0x8080000000000000,0,0,0,1,0,0,0,2015-03-24 13:21:36,1427203296.0,13,21
2141421,59017,1b3191b0-d833-4b14-b304-740bf9528eae,2015-03-24 13:21:36,informant-PC, Service Control Manager ,System,0,0,1,0,0,0,0,None,488,System,7036,0,0,0,0,0,0,0,0,0,0,0x8080000000000000,0,0,0,1,0,0,0,2015-03-24 13:21:36,1427203296.0,13,21
2141422,59019,8e36a1b6-2b83-4938-9c76-9bf202e5ef7e,2015-03-24 13:21:36,informant-PC, Microsoft-Windows-Security-Auditing ,Security,1,0,0,0,0,0,0,None,496,Security,4672,0,0,0,1,0,0,0,0,0,12548,0x8020000000000000,0,0,0,1,0,0,0,2015-03-24 13:21:36,1427203296.0,13,21
2141424,59019,cfade58d-7438-4daa-bc05-4675477a0593,2015-03-24 13:21:36,informant-PC, Microsoft-Windows-Security-Auditing ,Security,1,0,0,0,0,0,0,None,496,Security,4672,0,0,0,1,0,0,0,0,0,12548,0x8020000000000000,0,0,0,1,0,0,0,2015-03-24 13:21:36,1427203296.0,13,21
2141426,59019,6490772f-01dc-48fd-92c1-eb71a95a0f80,2015-03-24 13:21:36,informant-PC, Microsoft-Windows-Security-Auditing ,Security,1,0,0,0,0,0,0,S-1-5-18,496,Security,4624,0,0,0,1,0,0,0,0,0,12544,0x8020000000000000,0,0,0,1,0,0,0,2015-03-24 13:21:36,1427203296.0,13,21
2141427,59019,95442728-374f-4d6a-9eb6-9b2c69073871,2015-03-24 13:21:36,informant-PC, Microsoft-Windows-Security-Auditing ,Security,1,0,0,0,0,0,0,S-1-5-18,496,Security,4624,0,0,0,1,0,0,0,0,0,12544,0x8020000000000000,0,0,0,1,0,0,0,2015-03-24 13:21:36,1427203296.0,13,21
2141446,59019,6b3110df-4bcd-45eb-b961-9d8d204b296a,2015-03-24 13:21:36,informant-PC, Microsoft-Windows-Security-Auditing ,Security,1,0,0,0,0,0,0,None,496,Security,4672,0,0,0,1,0,0,0,0,0,12548,0x8020000000000000,0,0,0,1,0,0,0,2015-03-24 13:21:36,1427203296.0,13,21
2141447,59019,100e66a8-02cc-492e-8383-09935e75cfb4,2015-03-24 13:21:36,informant-PC, Microsoft-Windows-Security-Auditing ,Security,1,0,0,0,0,0,0,None,496,Security,4672,0,0,0,1,0,0,0,0,0,12548,0x8020000000000000,0,0,0,1,0,0,0,2015-03-24 13:21:36,1427203296.0,13,21
2141448,59019,d35d88d1-3bf3-4ed0-8802-a34da11351ee,2015-03-24 13:21:36,informant-PC, Microsoft-Windows-Security-Auditing ,Security,1,0,0,0,0,0,0,S-1-5-18,496,Security,4624,0,0,0,1,0,0,0,0,0,12544,0x8020000000000000,0,0,0,1,0,0,0,2015-03-24 13:21:36,1427203296.0,13,21
2141449,59019,ee9257e2-df23-41a0-bd00-121ba2bf1b34,2015-03-24 13:21:36,informant-PC, Microsoft-Windows-Security-Auditing ,Security,1,0,0,0,0,0,0,S-1-5-18,496,Security,4624,0,0,0,1,0,0,0,0,0,12544,0x8020000000000000,0,0,0,1,0,0,0,2015-03-24 13:21:36,1427203296.0,13,21
2141467,59017,84000701-cc8f-418e-bc5d-08503f30fb87,2015-03-24 13:21:36,informant-PC, Service Control Manager ,System,0,0,1,0,0,0,0,None,488,System,7036,0,0,0,0,0,0,0,0,0,0,0x8080000000000000,0,0,0,1,0,0,0,2015-03-24 13:21:36,1427203296.0,13,21
2141469,59017,8100e5ea-5f6a-4941-b1cb-63068d5d7370,2015-03-24 13:21:36,informant-PC, Service Control Manager ,System,0,0,1,0,0,0,0,None,488,System,7036,0,0,0,0,0,0,0,0,0,0,0x8080000000000000,0,0,0,1,0,0,0,2015-03-24 13:21:36,1427203296.0,13,21
2141470,59017,6459bcdd-8012-4bfb-bf18-1a3bd224b336,2015-03-24 13:21:36,informant-PC, Service Control Manager ,System,0,0,1,0,0,0,0,None,488,System,7036,0,0,0,0,0,0,0,0,0,0,0x8080000000000000,0,0,0,1,0,0,0,2015-03-24 13:21:36,1427203296.0,13,21
2141471,59017,76f36404-e5e6-4706-924b-b73fec069051,2015-03-24 13:21:36,informant-PC, Service Control Manager ,System,0,0,1,0,0,0,0,None,488,System,7036,0,0,0,0,0,0,0,0,0,0,0x8080000000000000,0,0,0,1,0,0,0,2015-03-24 13:21:36,1427203296.0,13,21
2141472,59018,67f53bda-95fa-4640-ae55-7787d85ed084,2015-03-24 13:21:37,informant-PC, EventSystem ,Application,0,1,0,0,0,0,0,None,0,Application,4625,0,0,0,1,0,0,0,0,0,0,0x0080000000000000,0,0,0,0,0,0,0,2015-03-24 13:21:37,1427203297.0,13,21
2141473,59018,f1ce6c65-56e4-4a2f-a72e-fc0c8f6ad14d,2015-03-24 13:21:37,informant-PC, EventSystem ,Application,0,1,0,0,0,0,0,None,0,Application,4625,0,0,0,1,0,0,0,0,0,0,0x0080000000000000,0,0,0,0,0,0,0,2015-03-24 13:21:37,1427203297.0,13,21
2141476,59017,2ec81fa3-5970-401e-87c4-c4a5d08dc68b,2015-03-24 13:21:37,informant-PC, Service Control Manager ,System,0,0,1,0,0,0,0,None,488,System,7036,0,0,0,0,0,0,0,0,0,0,0x8080000000000000,0,0,0,1,0,0,0,2015-03-24 13:21:37,1427203297.0,13,21
2141477,59017,d51f4b56-ef33-45b4-b461-d6bf212d990d,2015-03-24 13:21:37,informant-PC, Service Control Manager ,System,0,0,1,0,0,0,0,None,488,System,7036,0,0,0,0,0,0,0,0,0,0,0x8080000000000000,0,0,0,1,0,0,0,2015-03-24 13:21:37,1427203297.0,13,21
2141478,59017,dde2df3e-3490-44e6-aa7b-efb05e80df50,2015-03-24 13:21:37,informant-PC, Service Control Manager ,System,0,0,1,0,0,0,0,None,488,System,7036,0,0,0,0,0,0,0,0,0,0,0x8080000000000000,0,0,0,1,0,0,0,2015-03-24 13:21:37,1427203297.0,13,21
2141479,59017,c0339290-2d8c-498d-b80e-698b4f6c6e8b,2015-03-24 13:21:37,informant-PC, Service Control Manager ,System,0,0,1,0,0,0,0,None,488,System,7036,0,0,0,0,0,0,0,0,0,0,0x8080000000000000,0,0,0,1,0,0,0,2015-03-24 13:21:37,1427203297.0,13,21
2141480,59017,e1f83f89-0b02-4563-af59-aa772b139d39,2015-03-24 13:21:37,informant-PC, Service Control Manager ,System,0,0,1,0,0,0,0,None,488,System,7036,0,0,0,0,0,0,0,0,0,0,0x8080000000000000,0,0,0,1,0,0,0,2015-03-24 13:21:37,1427203297.0,13,21
2141481,59017,d4873ea4-f112-42f5-b007-e5eb53689b60,2015-03-24 13:21:37,informant-PC, Service Control Manager ,System,0,0,1,0,0,0,0,None,488,System,7036,0,0,0,0,0,0,0,0,0,0,0x8080000000000000,0,0,0,1,0,0,0,2015-03-24 13:21:37,1427203297.0,13,21
2141482,59017,2cc93ca5-038b-4d2b-9784-cb193454b8ff,2015-03-24 13:21:37,informant-PC, Service Control Manager ,System,0,0,1,0,0,0,0,None,488,System,7036,0,0,0,0,0,0,0,0,0,0,0x8080000000000000,0,0,0,1,0,0,0,2015-03-24 13:21:37,1427203297.0,13,21
2141483,59017,722bc67d-697f-4ee7-b4f0-9ad3283fbcfa,2015-03-24 13:21:37,informant-PC, Service Control Manager ,System,0,0,1,0,0,0,0,None,488,System,7036,0,0,0,0,0,0,0,0,0,0,0x8080000000000000,0,0,0,1,0,0,0,2015-03-24 13:21:37,1427203297.0,13,21
2141484,59042,76169da9-26f5-45e8-bc15-e15013ae0a08,2015-03-24 13:21:37,informant-PC, Microsoft-Windows-GroupPolicy ,Other,0,0,0,0,0,1,0,None,888,Microsoft-Windows-GroupPolicy/Operational,5320,0,0,0,0,0,0,0,0,0,0,0x4000000000000000,0,0,1,0,0,0,0,2015-03-24 13:21:37,1427203297.0,13,21
2141485,59042,a6056328-a5ea-4fab-a724-ea22764eba57,2015-03-24 13:21:37,informant-PC, Microsoft-Windows-GroupPolicy ,Other,0,0,0,0,0,1,0,None,888,Microsoft-Windows-GroupPolicy/Operational,5320,0,0,0,0,0,0,0,0,0,0,0x4000000000000000,0,0,1,0,0,0,0,2015-03-24 13:21:37,1427203297.0,13,21
2141486,59042,1188515a-42f0-412c-b976-b2a4be1bc3ec,2015-03-24 13:21:37,informant-PC, Microsoft-Windows-GroupPolicy ,Other,0,0,0,0,0,1,0,None,888,Microsoft-Windows-GroupPolicy/Operational,5320,0,0,0,0,0,0,0,0,0,0,0x4000000000000000,0,0,1,0,0,0,0,2015-03-24 13:21:37,1427203297.0,13,21
2141487,59042,400e4641-f6a3-40bb-854e-828182f0ec91,2015-03-24 13:21:37,informant-PC, Microsoft-Windows-GroupPolicy ,Other,0,0,0,0,0,1,0,None,888,Microsoft-Windows-GroupPolicy/Operational,5321,0,0,0,0,0,0,0,0,0,0,0x4000000000000000,0,0,1,0,0,0,0,2015-03-24 13:21:37,1427203297.0,13,21
2141488,59017,5e12dd84-b730-4d64-bf4a-dc3b44ab9a2a,2015-03-24 13:21:37,informant-PC, Service Control Manager ,System,0,0,1,0,0,0,0,None,488,System,7036,0,0,0,0,0,0,0,0,0,0,0x8080000000000000,0,0,0,1,0,0,0,2015-03-24 13:21:37,1427203297.0,13,21
2141489,59042,2caed666-34c1-4536-8634-569dd7b2b48f,2015-03-24 13:21:37,informant-PC, Microsoft-Windows-GroupPolicy ,Other,0,0,0,0,0,1,0,None,888,Microsoft-Windows-GroupPolicy/Operational,5321,0,0,0,0,0,0,0,0,0,0,0x4000000000000000,0,0,1,0,0,0,0,2015-03-24 13:21:37,1427203297.0,13,21
2141490,59042,a75ed40a-e6df-4cd4-b557-4d60852f4cc6,2015-03-24 13:21:37,informant-PC, Microsoft-Windows-GroupPolicy ,Other,0,0,0,0,0,1,0,None,888,Microsoft-Windows-GroupPolicy/Operational,5320,0,0,0,0,0,0,0,0,0,0,0x4000000000000000,0,0,1,0,0,0,0,2015-03-24 13:21:37,1427203297.0,13,21
