1311275,59026,c573759d-f3a3-4ea3-a6ba-48074a00cabd,2015-03-22 14:38:16,informant-PC, Microsoft-Windows-Resource-Exhaustion-Detector ,Other,0,0,0,0,0,1,0,None,1144,Microsoft-Windows-Resource-Exhaustion-Detector/Operational,1002,0,0,0,0,0,0,0,0,0,1,0x4000000010000000,0,0,1,0,0,0,0,2015-03-22 14:38:16,1427035096.0,14,38
1311276,59017,c4795475-4fe9-489c-8062-f157359cd9ca,2015-03-22 14:38:16,informant-PC, Service Control Manager ,System,0,0,1,0,0,0,0,None,452,System,7036,0,0,0,0,0,0,0,0,0,0,0x8080000000000000,0,0,0,1,0,0,0,2015-03-22 14:38:16,1427035096.0,14,38
1311277,59017,b5bf3fa9-95d9-479e-bd1b-0055feeaba1b,2015-03-22 14:38:16,informant-PC, Service Control Manager ,System,0,0,1,0,0,0,0,None,452,System,7036,0,0,0,0,0,0,0,0,0,0,0x8080000000000000,0,0,0,1,0,0,0,2015-03-22 14:38:16,1427035096.0,14,38
1311278,59017,b08a7175-302c-4295-b3c5-a258b6bf48d2,2015-03-22 14:38:16,informant-PC, Service Control Manager ,System,0,0,1,0,0,0,0,None,452,System,7036,0,0,0,0,0,0,0,0,0,0,0x8080000000000000,0,0,0,1,0,0,0,2015-03-22 14:38:16,1427035096.0,14,38
1311279,59026,5f06066d-dea4-40dd-bbfe-497dc7705693,2015-03-22 14:38:16,informant-PC, Microsoft-Windows-Resource-Exhaustion-Detector ,Other,0,0,0,0,0,1,0,None,1144,Microsoft-Windows-Resource-Exhaustion-Detector/Operational,1002,0,0,0,0,0,0,0,0,0,1,0x4000000010000000,0,0,1,0,0,0,0,2015-03-22 14:38:16,1427035096.0,14,38
1311280,59019,b4b57150-ece0-492b-8ba6-8f15000f86da,2015-03-22 14:38:16,informant-PC, Microsoft-Windows-Eventlog ,Security,1,0,0,0,0,0,0,None,952,Security,1100,0,0,0,0,0,0,0,0,0,103,0x4020000000000000,0,0,1,0,0,0,0,2015-03-22 14:38:16,1427035096.0,14,38
1311281,59017,44cdc378-cf6d-4442-8b61-3a2850f9ffa7,2015-03-22 14:38:16,informant-PC, Service Control Manager ,System,0,0,1,0,0,0,0,None,452,System,7036,0,0,0,0,0,0,0,0,0,0,0x8080000000000000,0,0,0,1,0,0,0,2015-03-22 14:38:16,1427035096.0,14,38
1311282,59019,56cb1558-785a-499a-b366-93f37f1b66db,2015-03-22 14:38:16,informant-PC, Microsoft-Windows-Eventlog ,Security,1,0,0,0,0,0,0,None,952,Security,1100,0,0,0,0,0,0,0,0,0,103,0x4020000000000000,0,0,1,0,0,0,0,2015-03-22 14:38:16,1427035096.0,14,38
1311283,59017,099bd033-f2fc-4d90-a8fa-0585a9aacbe9,2015-03-22 14:38:16,informant-PC, Microsoft-Windows-UserPnp ,System,0,0,1,0,0,0,0,None,584,System,20010,0,0,0,0,0,0,0,0,0,7010,0x8000000000000000,0,0,0,1,0,0,0,2015-03-22 14:38:16,1427035096.0,14,38
1311284,59017,cf1cdbcb-cb6e-4e8d-b314-c5e9f166807d,2015-03-22 14:38:16,informant-PC, Service Control Manager ,System,0,0,1,0,0,0,0,None,452,System,7036,0,0,0,0,0,0,0,0,0,0,0x8080000000000000,0,0,0,1,0,0,0,2015-03-22 14:38:16,1427035096.0,14,38
1311285,59017,10263c7b-aa62-4b2a-be99-596262f2bdd6,2015-03-22 14:38:16,informant-PC, Service Control Manager ,System,0,0,1,0,0,0,0,None,452,System,7036,0,0,0,0,0,0,0,0,0,0,0x8080000000000000,0,0,0,1,0,0,0,2015-03-22 14:38:16,1427035096.0,14,38
1311286,59017,6e718fd2-a46b-4577-a2f2-31054ecee1dd,2015-03-22 14:38:16,informant-PC, Service Control Manager ,System,0,0,1,0,0,0,0,None,452,System,7036,0,0,0,0,0,0,0,0,0,0,0x8080000000000000,0,0,0,1,0,0,0,2015-03-22 14:38:16,1427035096.0,14,38
1311287,59017,8e3bcaae-ebd1-480d-8b12-718cb1bde417,2015-03-22 14:38:16,informant-PC, Service Control Manager ,System,0,0,1,0,0,0,0,None,452,System,7036,0,0,0,0,0,0,0,0,0,0,0x8080000000000000,0,0,0,1,0,0,0,2015-03-22 14:38:16,1427035096.0,14,38
1311288,59017,a0c5c86f-a4d8-456d-a6a7-08791b82c210,2015-03-22 14:38:16,informant-PC, Service Control Manager ,System,0,0,1,0,0,0,0,None,452,System,7036,0,0,0,0,0,0,0,0,0,0,0x8080000000000000,0,0,0,1,0,0,0,2015-03-22 14:38:16,1427035096.0,14,38
1311289,59017,76ebb807-2db3-42c9-b2e4-603c6e381b9a,2015-03-22 14:38:16,informant-PC, Service Control Manager ,System,0,0,1,0,0,0,0,None,452,System,7036,0,0,0,0,0,0,0,0,0,0,0x8080000000000000,0,0,0,1,0,0,0,2015-03-22 14:38:16,1427035096.0,14,38
1311290,59017,cf896961-d8c4-4cd0-b6b4-edba39d8f6a5,2015-03-22 14:38:16,informant-PC, Microsoft-Windows-UserPnp ,System,0,0,1,0,0,0,0,None,584,System,20010,0,0,0,0,0,0,0,0,0,7010,0x8000000000000000,0,0,0,1,0,0,0,2015-03-22 14:38:16,1427035096.0,14,38
1311291,59017,6fe465ce-91bc-49b6-8385-d3bfa6439b69,2015-03-22 14:38:16,informant-PC, Service Control Manager ,System,0,0,1,0,0,0,0,None,452,System,7036,0,0,0,0,0,0,0,0,0,0,0x8080000000000000,0,0,0,1,0,0,0,2015-03-22 14:38:16,1427035096.0,14,38
1311292,59017,0f4dee50-0383-47a7-811e-a01267c1c002,2015-03-22 14:38:16,informant-PC, Service Control Manager ,System,0,0,1,0,0,0,0,None,452,System,7036,0,0,0,0,0,0,0,0,0,0,0x8080000000000000,0,0,0,1,0,0,0,2015-03-22 14:38:16,1427035096.0,14,38
1311293,59017,3a37734d-ce53-44cd-ae83-f723aef4a639,2015-03-22 14:38:16,informant-PC, Service Control Manager ,System,0,0,1,0,0,0,0,None,452,System,7036,0,0,0,0,0,0,0,0,0,0,0x8080000000000000,0,0,0,1,0,0,0,2015-03-22 14:38:16,1427035096.0,14,38
1311294,59017,99e1eb47-b1f4-4092-810d-0b153876830a,2015-03-22 14:38:16,informant-PC, Service Control Manager ,System,0,0,1,0,0,0,0,None,452,System,7036,0,0,0,0,0,0,0,0,0,0,0x8080000000000000,0,0,0,1,0,0,0,2015-03-22 14:38:16,1427035096.0,14,38
1311295,59018,1501ba8a-8bf9-4063-853b-84e7021e87d8,2015-03-22 14:38:16,informant-PC, Microsoft-Windows-User Profiles Service ,Application,0,1,0,0,0,0,0,None,904,Application,1532,0,0,0,0,0,0,0,0,0,0,0x8000000000000000,0,0,0,1,0,0,0,2015-03-22 14:38:16,1427035096.0,14,38
1311296,59017,e8afe0a3-3fec-4e8c-a0c9-52d326da0ec6,2015-03-22 14:38:16,informant-PC, Service Control Manager ,System,0,0,1,0,0,0,0,None,452,System,7036,0,0,0,0,0,0,0,0,0,0,0x8080000000000000,0,0,0,1,0,0,0,2015-03-22 14:38:16,1427035096.0,14,38
1311297,59018,50dbcecb-f143-4667-a02c-82b2e10e3040,2015-03-22 14:38:16,informant-PC, Microsoft-Windows-User Profiles Service ,Application,0,1,0,0,0,0,0,None,904,Application,1532,0,0,0,0,0,0,0,0,0,0,0x8000000000000000,0,0,0,1,0,0,0,2015-03-22 14:38:16,1427035096.0,14,38
1311298,59017,3be012ad-f5f6-428d-8726-e68774ab6487,2015-03-22 14:38:16,informant-PC, Service Control Manager ,System,0,0,1,0,0,0,0,None,452,System,7036,0,0,0,0,0,0,0,0,0,0,0x8080000000000000,0,0,0,1,0,0,0,2015-03-22 14:38:16,1427035096.0,14,38
1311299,59030,6742f7db-2138-40ec-b1f0-1ae41d9b15c7,2015-03-22 14:38:16,informant-PC, Microsoft-Windows-Windows Defender ,Other,0,0,0,0,0,1,0,None,1740,Microsoft-Windows-Windows Defender/WHC,101,0,0,0,0,0,0,0,0,0,0,0x4000000000000000,0,0,1,0,0,0,0,2015-03-22 14:38:16,1427035096.0,14,38
1311300,59030,6d74c17e-21af-4152-9d80-e461dfce28ea,2015-03-22 14:38:16,informant-PC, Microsoft-Windows-Windows Defender ,Other,0,0,0,0,0,1,0,None,1740,Microsoft-Windows-Windows Defender/WHC,101,0,0,0,0,0,0,0,0,0,0,0x4000000000000000,0,0,1,0,0,0,0,2015-03-22 14:38:16,1427035096.0,14,38
1311301,59017,6b93cb81-9845-49b9-9dec-18dca99440fe,2015-03-22 14:38:16,informant-PC, Service Control Manager ,System,0,0,1,0,0,0,0,None,452,System,7036,0,0,0,0,0,0,0,0,0,0,0x8080000000000000,0,0,0,1,0,0,0,2015-03-22 14:38:16,1427035096.0,14,38
1311302,59017,831ae2f8-4d51-40ac-9e1c-01d462aeda0b,2015-03-22 14:38:16,informant-PC, Service Control Manager ,System,0,0,1,0,0,0,0,None,452,System,7036,0,0,0,0,0,0,0,0,0,0,0x8080000000000000,0,0,0,1,0,0,0,2015-03-22 14:38:16,1427035096.0,14,38
1311303,59017,4b932a5f-0ba1-48dd-bb16-2c9d8fc29a7d,2015-03-22 14:38:16,informant-PC, Service Control Manager ,System,0,0,1,0,0,0,0,None,452,System,7036,0,0,0,0,0,0,0,0,0,0,0x8080000000000000,0,0,0,1,0,0,0,2015-03-22 14:38:16,1427035096.0,14,38
1311304,59017,44d01e4c-3012-4e9c-b7b1-d116183348d6,2015-03-22 14:38:16,informant-PC, Service Control Manager ,System,0,0,1,0,0,0,0,None,452,System,7036,0,0,0,0,0,0,0,0,0,0,0x8080000000000000,0,0,0,1,0,0,0,2015-03-22 14:38:16,1427035096.0,14,38
1311305,59017,cc06da77-814c-49b7-bf15-aeab1c5b22cd,2015-03-22 14:38:16,informant-PC, Service Control Manager ,System,0,0,1,0,0,0,0,None,452,System,7036,0,0,0,0,0,0,0,0,0,0,0x8080000000000000,0,0,0,1,0,0,0,2015-03-22 14:38:16,1427035096.0,14,38
1311306,59017,2f5500f4-be53-4d12-b668-a797d7da2ac2,2015-03-22 14:38:16,informant-PC, Service Control Manager ,System,0,0,1,0,0,0,0,None,452,System,7036,0,0,0,0,0,0,0,0,0,0,0x8080000000000000,0,0,0,1,0,0,0,2015-03-22 14:38:16,1427035096.0,14,38
1311327,59017,bfa82e2e-1d74-4efb-9660-33b01e40f0cf,2015-03-22 14:38:16,informant-PC, Service Control Manager ,System,0,0,1,0,0,0,0,None,452,System,7036,0,0,0,0,0,0,0,0,0,0,0x8080000000000000,0,0,0,1,0,0,0,2015-03-22 14:38:16,1427035096.0,14,38
1311328,59017,86234d4f-c1fa-42f9-acad-71201fc00d7d,2015-03-22 14:38:16,informant-PC, Service Control Manager ,System,0,0,1,0,0,0,0,None,452,System,7036,0,0,0,0,0,0,0,0,0,0,0x8080000000000000,0,0,0,1,0,0,0,2015-03-22 14:38:16,1427035096.0,14,38
1311329,59017,043a3499-4d73-4b81-ad02-a9ba97c95d37,2015-03-22 14:38:16,informant-PC, Service Control Manager ,System,0,0,1,0,0,0,0,None,452,System,7036,0,0,0,0,0,0,0,0,0,0,0x8080000000000000,0,0,0,1,0,0,0,2015-03-22 14:38:16,1427035096.0,14,38
1311330,59017,41cc3338-4290-4618-88dd-ae11fe4b0094,2015-03-22 14:38:16,informant-PC, Service Control Manager ,System,0,0,1,0,0,0,0,None,452,System,7036,0,0,0,0,0,0,0,0,0,0,0x8080000000000000,0,0,0,1,0,0,0,2015-03-22 14:38:16,1427035096.0,14,38
1311331,59017,f144891b-add2-4bc9-b8bb-ab138e5ef68d,2015-03-22 14:38:16,informant-PC, Service Control Manager ,System,0,0,1,0,0,0,0,None,452,System,7036,0,0,0,0,0,0,0,0,0,0,0x8080000000000000,0,0,0,1,0,0,0,2015-03-22 14:38:16,1427035096.0,14,38
1311332,59017,6d5b5b11-22ec-4adf-8acf-38733e57b695,2015-03-22 14:38:16,informant-PC, Service Control Manager ,System,0,0,1,0,0,0,0,None,452,System,7036,0,0,0,0,0,0,0,0,0,0,0x8080000000000000,0,0,0,1,0,0,0,2015-03-22 14:38:16,1427035096.0,14,38
1311333,59017,895be9df-6a20-4fc5-8e56-c5c1c79fa430,2015-03-22 14:38:16,informant-PC, Service Control Manager ,System,0,0,1,0,0,0,0,None,452,System,7036,0,0,0,0,0,0,0,0,0,0,0x8080000000000000,0,0,0,1,0,0,0,2015-03-22 14:38:16,1427035096.0,14,38
1311334,59017,eb0fe97a-8aef-42e2-9fb1-bca67e59886e,2015-03-22 14:38:16,informant-PC, Service Control Manager ,System,0,0,1,0,0,0,0,None,452,System,7036,0,0,0,0,0,0,0,0,0,0,0x8080000000000000,0,0,0,1,0,0,0,2015-03-22 14:38:16,1427035096.0,14,38
1311335,59017,5e0da323-000e-42d2-9707-c4b3fedbe741,2015-03-22 14:38:16,informant-PC, Service Control Manager ,System,0,0,1,0,0,0,0,None,452,System,7036,0,0,0,0,0,0,0,0,0,0,0x8080000000000000,0,0,0,1,0,0,0,2015-03-22 14:38:16,1427035096.0,14,38
1311336,59017,45578299-30f5-49ae-a935-7f99a44eebfc,2015-03-22 14:38:16,informant-PC, Service Control Manager ,System,0,0,1,0,0,0,0,None,452,System,7036,0,0,0,0,0,0,0,0,0,0,0x8080000000000000,0,0,0,1,0,0,0,2015-03-22 14:38:16,1427035096.0,14,38
1311337,59017,5f0f2184-dce5-4559-80c8-b8fcc7a29a13,2015-03-22 14:38:16,informant-PC, Service Control Manager ,System,0,0,1,0,0,0,0,None,452,System,7036,0,0,0,0,0,0,0,0,0,0,0x8080000000000000,0,0,0,1,0,0,0,2015-03-22 14:38:16,1427035096.0,14,38
1311338,59017,847b9472-377e-4c4e-bf40-cfd61ae78482,2015-03-22 14:38:16,informant-PC, Service Control Manager ,System,0,0,1,0,0,0,0,None,452,System,7036,0,0,0,0,0,0,0,0,0,0,0x8080000000000000,0,0,0,1,0,0,0,2015-03-22 14:38:16,1427035096.0,14,38
1311339,59017,efe29b9c-a356-4713-b2cc-310289e508ed,2015-03-22 14:38:17,informant-PC, Service Control Manager ,System,0,0,1,0,0,0,0,None,452,System,7036,0,0,0,0,0,0,0,0,0,0,0x8080000000000000,0,0,0,1,0,0,0,2015-03-22 14:38:17,1427035097.0,14,38
1311340,59017,59a51df0-0a08-4966-a9eb-ed600e3664bf,2015-03-22 14:38:17,informant-PC, Service Control Manager ,System,0,0,1,0,0,0,0,None,452,System,7036,0,0,0,0,0,0,0,0,0,0,0x8080000000000000,0,0,0,1,0,0,0,2015-03-22 14:38:17,1427035097.0,14,38
1311353,59017,ae9b32b9-c748-473b-a778-3291e721122a,2015-03-22 14:38:18,informant-PC, Service Control Manager ,System,0,0,1,0,0,0,0,None,452,System,7036,0,0,0,0,0,0,0,0,0,0,0x8080000000000000,0,0,0,1,0,0,0,2015-03-22 14:38:18,1427035098.0,14,38
1311354,59017,f3287542-bd84-4ae3-a61d-56b8467ed6a4,2015-03-22 14:38:18,informant-PC, Service Control Manager ,System,0,0,1,0,0,0,0,None,452,System,7036,0,0,0,0,0,0,0,0,0,0,0x8080000000000000,0,0,0,1,0,0,0,2015-03-22 14:38:18,1427035098.0,14,38
1311355,59017,255b2409-2345-4bce-ad16-b20e2683a38e,2015-03-22 14:38:18,informant-PC, Microsoft-Windows-Kernel-Power ,System,0,0,1,0,0,0,0,None,364,System,109,0,0,0,0,0,0,0,0,0,103,0x8000000000000004,0,0,0,1,0,0,0,2015-03-22 14:38:18,1427035098.0,14,38
1311356,59017,d7415c61-35b1-43b3-aa67-000e723470ba,2015-03-22 14:38:18,informant-PC, Microsoft-Windows-Kernel-Power ,System,0,0,1,0,0,0,0,None,364,System,109,0,0,0,0,0,0,0,0,0,103,0x8000000000000004,0,0,0,1,0,0,0,2015-03-22 14:38:18,1427035098.0,14,38
1311357,59017,f22d3407-6ec2-4774-926b-5180cf0f6ede,2015-03-22 14:38:19,informant-PC, Microsoft-Windows-Kernel-General ,System,0,0,1,0,0,0,0,None,4,System,13,0,0,0,0,0,0,0,0,0,0,0x8000000000000000,0,0,0,1,0,0,0,2015-03-22 14:38:19,1427035099.0,14,38
1311358,59017,ab253eff-f846-4ad8-9357-2870181ab9ea,2015-03-22 14:38:19,informant-PC, Microsoft-Windows-Kernel-General ,System,0,0,1,0,0,0,0,None,4,System,13,0,0,0,0,0,0,0,0,0,0,0x8000000000000000,0,0,0,1,0,0,0,2015-03-22 14:38:19,1427035099.0,14,38
1311387,59017,cae10af5-4fb8-40fd-acd7-a3f6ac4fd8d9,2015-03-22 14:50:59,informant-PC, Microsoft-Windows-Kernel-General ,System,0,0,1,0,0,0,0,None,4,System,12,0,0,0,0,0,0,0,0,0,0,0x8000000000000000,0,0,0,1,0,0,0,2015-03-22 14:50:59,1427035859.0,14,50
1311388,59017,368d6a69-bf62-438f-8b2a-84ffe98078fb,2015-03-22 14:50:59,informant-PC, Microsoft-Windows-Kernel-General ,System,0,0,1,0,0,0,0,None,4,System,12,0,0,0,0,0,0,0,0,0,0,0x8000000000000000,0,0,0,1,0,0,0,2015-03-22 14:50:59,1427035859.0,14,50
1311413,59017,a0553457-b07f-4052-8ef4-45c36c79e574,2015-03-22 14:51:04,informant-PC, Microsoft-Windows-FilterManager ,System,0,0,1,0,0,0,0,None,4,System,6,0,0,0,0,0,0,0,0,0,0,0x8000000000000000,0,0,0,1,0,0,0,2015-03-22 14:51:04,1427035864.0,14,51
1311414,59017,7bf4f9fd-b36a-4669-801a-98af22491755,2015-03-22 14:51:04,informant-PC, Microsoft-Windows-FilterManager ,System,0,0,1,0,0,0,0,None,4,System,6,0,0,0,0,0,0,0,0,0,0,0x8000000000000000,0,0,0,1,0,0,0,2015-03-22 14:51:04,1427035864.0,14,51
1311415,59039,b6f0ceeb-8e66-4931-84fb-6154e12971f1,2015-03-22 14:51:06,informant-PC, Microsoft-Windows-Kernel-WHEA ,Other,0,0,0,0,0,1,0,None,4,Microsoft-Windows-Kernel-WHEA/Operational,5,0,0,0,0,0,0,0,0,0,0,0x2000000000000000,0,1,0,0,0,0,0,2015-03-22 14:51:06,1427035866.0,14,51
1313084,59039,166dd6a1-9c72-47f9-bd4f-68f29c29b86a,2015-03-22 14:51:06,informant-PC, Microsoft-Windows-Kernel-WHEA ,Other,0,0,0,0,0,1,0,None,4,Microsoft-Windows-Kernel-WHEA/Operational,5,0,0,0,0,0,0,0,0,0,0,0x2000000000000000,0,1,0,0,0,0,0,2015-03-22 14:51:06,1427035866.0,14,51
1313093,59017,488cfb12-308f-4de8-abc8-ccdf3d95b4e3,2015-03-22 14:51:09,informant-PC, Microsoft-Windows-Kernel-Processor-Power ,System,0,0,1,0,0,0,0,None,4,System,26,0,0,0,0,0,0,0,0,0,4,0x8000000000000000,0,0,0,1,0,0,0,2015-03-22 14:51:09,1427035869.0,14,51
1313094,59017,f2c5e794-8c05-4cb5-80da-ab0462ece6a5,2015-03-22 14:51:09,informant-PC, Microsoft-Windows-Kernel-Processor-Power ,System,0,0,1,0,0,0,0,None,4,System,26,0,0,0,0,0,0,0,0,0,4,0x8000000000000000,0,0,0,1,0,0,0,2015-03-22 14:51:09,1427035869.0,14,51
1313095,59017,db071ac8-9c8f-4f63-9f6b-25eab47675d9,2015-03-22 14:51:09,informant-PC, Microsoft-Windows-Kernel-Processor-Power ,System,0,0,1,0,0,0,0,None,4,System,26,0,0,0,0,0,0,0,0,0,4,0x8000000000000000,0,0,0,1,0,0,0,2015-03-22 14:51:09,1427035869.0,14,51
1313096,59017,679b8f5d-df1d-4179-a058-08e9307f02c6,2015-03-22 14:51:09,informant-PC, Microsoft-Windows-Kernel-Processor-Power ,System,0,0,1,0,0,0,0,None,4,System,26,0,0,0,0,0,0,0,0,0,4,0x8000000000000000,0,0,0,1,0,0,0,2015-03-22 14:51:09,1427035869.0,14,51
1313097,59019,d60e77fd-3b6d-45fa-895d-da1229e896da,2015-03-22 14:51:14,informant-PC, Microsoft-Windows-Security-Auditing ,Security,1,0,0,0,0,0,0,None,456,Security,4608,0,0,0,0,0,0,0,0,1,12288,0x8020000000000000,0,0,0,1,0,0,0,2015-03-22 14:51:14,1427035874.0,14,51
1313098,59019,7b04b78e-a010-4865-a939-9ce7356a3efa,2015-03-22 14:51:14,informant-PC, Microsoft-Windows-Security-Auditing ,Security,1,0,0,0,0,0,0,None,456,Security,4608,0,0,0,0,0,0,0,0,1,12288,0x8020000000000000,0,0,0,1,0,0,0,2015-03-22 14:51:14,1427035874.0,14,51
1313099,59019,46c9aa85-6c85-43ec-8dde-df7f4f2106de,2015-03-22 14:51:14,informant-PC, Microsoft-Windows-Security-Auditing ,Security,1,0,0,0,0,0,0,S-1-5-18,456,Security,4624,0,0,0,1,0,0,0,0,0,12544,0x8020000000000000,0,0,0,1,0,0,0,2015-03-22 14:51:14,1427035874.0,14,51
1313100,59019,486017b2-34d9-48a0-bf44-3d9127d1eb60,2015-03-22 14:51:14,informant-PC, Microsoft-Windows-Security-Auditing ,Security,1,0,0,0,0,0,0,S-1-5-18,456,Security,4624,0,0,0,1,0,0,0,0,0,12544,0x8020000000000000,0,0,0,1,0,0,0,2015-03-22 14:51:14,1427035874.0,14,51
1313101,59019,9622f3e4-52d8-4666-8909-34d7dc5d64ed,2015-03-22 14:51:15,informant-PC, Microsoft-Windows-Security-Auditing ,Security,1,0,0,0,0,0,0,None,456,Security,4902,0,0,0,0,0,0,1,0,0,13568,0x8020000000000000,0,0,0,1,0,0,0,2015-03-22 14:51:15,1427035875.0,14,51
1313102,59019,501a3042-ee42-449e-8145-1e148bf4ce52,2015-03-22 14:51:15,informant-PC, Microsoft-Windows-Security-Auditing ,Security,1,0,0,0,0,0,0,None,456,Security,4902,0,0,0,0,0,0,1,0,0,13568,0x8020000000000000,0,0,0,1,0,0,0,2015-03-22 14:51:15,1427035875.0,14,51
1313103,59019,2376d532-9891-49c1-b50f-5c79ad456fff,2015-03-22 14:51:15,informant-PC, Microsoft-Windows-Security-Auditing ,Security,1,0,0,0,0,0,0,None,456,Security,4672,0,0,0,1,0,0,0,0,0,12548,0x8020000000000000,0,0,0,1,0,0,0,2015-03-22 14:51:15,1427035875.0,14,51
1313104,59019,7797989f-1433-4965-882c-f0dc19c2fc16,2015-03-22 14:51:15,informant-PC, Microsoft-Windows-Security-Auditing ,Security,1,0,0,0,0,0,0,None,456,Security,4672,0,0,0,1,0,0,0,0,0,12548,0x8020000000000000,0,0,0,1,0,0,0,2015-03-22 14:51:15,1427035875.0,14,51
1313105,59019,212bcf03-4134-48f1-859f-f09d71011738,2015-03-22 14:51:15,informant-PC, Microsoft-Windows-Security-Auditing ,Security,1,0,0,0,0,0,0,S-1-5-18,456,Security,4624,0,0,0,1,0,0,0,0,0,12544,0x8020000000000000,0,0,0,1,0,0,0,2015-03-22 14:51:15,1427035875.0,14,51
1313106,59019,75f6508d-c50d-4b92-88a8-17388b73fa09,2015-03-22 14:51:15,informant-PC, Microsoft-Windows-Security-Auditing ,Security,1,0,0,0,0,0,0,S-1-5-18,456,Security,4624,0,0,0,1,0,0,0,0,0,12544,0x8020000000000000,0,0,0,1,0,0,0,2015-03-22 14:51:15,1427035875.0,14,51
1313107,59017,717e9e1a-b9db-438e-8201-46573684dc46,2015-03-22 14:51:15,informant-PC, Service Control Manager ,System,0,0,1,0,0,0,0,None,448,System,7036,0,0,0,0,0,0,0,0,0,0,0x8080000000000000,0,0,0,1,0,0,0,2015-03-22 14:51:15,1427035875.0,14,51
1313108,59017,43af4602-f02e-46f6-acdf-7844b27cf2e3,2015-03-22 14:51:15,informant-PC, Service Control Manager ,System,0,0,1,0,0,0,0,None,448,System,7036,0,0,0,0,0,0,0,0,0,0,0x8080000000000000,0,0,0,1,0,0,0,2015-03-22 14:51:15,1427035875.0,14,51
1313109,59017,25e55c39-af23-4358-bbec-b91f31899045,2015-03-22 14:51:15,informant-PC, Microsoft-Windows-UserPnp ,System,0,0,1,0,0,0,0,None,560,System,20010,0,0,0,0,0,0,0,0,0,7010,0x8000000000000000,0,0,0,1,0,0,0,2015-03-22 14:51:15,1427035875.0,14,51
1313110,59017,91b1f352-41ea-463f-9001-6289c6f52274,2015-03-22 14:51:15,informant-PC, Microsoft-Windows-UserPnp ,System,0,0,1,0,0,0,0,None,560,System,20010,0,0,0,0,0,0,0,0,0,7010,0x8000000000000000,0,0,0,1,0,0,0,2015-03-22 14:51:15,1427035875.0,14,51
1313111,59017,c254a0d8-9a89-46af-85d3-8e069cb92965,2015-03-22 14:51:15,informant-PC, Service Control Manager ,System,0,0,1,0,0,0,0,None,448,System,7036,0,0,0,0,0,0,0,0,0,0,0x8080000000000000,0,0,0,1,0,0,0,2015-03-22 14:51:15,1427035875.0,14,51
1313112,59017,21a23513-e70b-4e26-8678-081911515647,2015-03-22 14:51:15,informant-PC, Service Control Manager ,System,0,0,1,0,0,0,0,None,448,System,7036,0,0,0,0,0,0,0,0,0,0,0x8080000000000000,0,0,0,1,0,0,0,2015-03-22 14:51:15,1427035875.0,14,51
1313113,59019,6b430d40-b34c-430a-8a21-a22d05fcfb12,2015-03-22 14:51:15,informant-PC, Microsoft-Windows-Security-Auditing ,Security,1,0,0,0,0,0,0,S-1-5-20,456,Security,4624,0,0,0,1,0,0,0,0,0,12544,0x8020000000000000,0,0,0,1,0,0,0,2015-03-22 14:51:15,1427035875.0,14,51
1313114,59019,429d7082-c8a2-49cd-956c-ab145a360eeb,2015-03-22 14:51:15,informant-PC, Microsoft-Windows-Security-Auditing ,Security,1,0,0,0,0,0,0,None,456,Security,4672,0,0,0,1,0,0,0,0,0,12548,0x8020000000000000,0,0,0,1,0,0,0,2015-03-22 14:51:15,1427035875.0,14,51
1313115,59019,4728cc49-eea5-486c-8380-c49d4c451bee,2015-03-22 14:51:15,informant-PC, Microsoft-Windows-Security-Auditing ,Security,1,0,0,0,0,0,0,S-1-5-20,456,Security,4624,0,0,0,1,0,0,0,0,0,12544,0x8020000000000000,0,0,0,1,0,0,0,2015-03-22 14:51:15,1427035875.0,14,51
1313116,59017,b82cdc18-8d06-4a79-a7c1-db1c118540ea,2015-03-22 14:51:15,informant-PC, Microsoft-Windows-FilterManager ,System,0,0,1,0,0,0,0,None,4,System,6,0,0,0,0,0,0,0,0,0,0,0x8000000000000000,0,0,0,1,0,0,0,2015-03-22 14:51:15,1427035875.0,14,51
1313117,59019,ca958fd1-3ab3-4af3-baa2-526a8509e607,2015-03-22 14:51:15,informant-PC, Microsoft-Windows-Security-Auditing ,Security,1,0,0,0,0,0,0,None,456,Security,4672,0,0,0,1,0,0,0,0,0,12548,0x8020000000000000,0,0,0,1,0,0,0,2015-03-22 14:51:15,1427035875.0,14,51
1313118,59017,028cf516-5d57-4ba1-b255-a6d18bef4f9b,2015-03-22 14:51:15,informant-PC, Microsoft-Windows-FilterManager ,System,0,0,1,0,0,0,0,None,4,System,6,0,0,0,0,0,0,0,0,0,0,0x8000000000000000,0,0,0,1,0,0,0,2015-03-22 14:51:15,1427035875.0,14,51
1313119,59017,d362142f-cfe4-4c7a-bc02-a399f47b25f0,2015-03-22 14:51:15,informant-PC, Service Control Manager ,System,0,0,1,0,0,0,0,None,448,System,7036,0,0,0,0,0,0,0,0,0,0,0x8080000000000000,0,0,0,1,0,0,0,2015-03-22 14:51:15,1427035875.0,14,51
1313120,59017,db37ba72-77d0-437b-8380-0d68f90535eb,2015-03-22 14:51:15,informant-PC, Service Control Manager ,System,0,0,1,0,0,0,0,None,448,System,7036,0,0,0,0,0,0,0,0,0,0,0x8080000000000000,0,0,0,1,0,0,0,2015-03-22 14:51:15,1427035875.0,14,51
1313121,59017,5986740d-1b76-44fa-b688-56d94cea128f,2015-03-22 14:51:15,informant-PC, Service Control Manager ,System,0,0,1,0,0,0,0,None,448,System,7036,0,0,0,0,0,0,0,0,0,0,0x8080000000000000,0,0,0,1,0,0,0,2015-03-22 14:51:15,1427035875.0,14,51
1313122,59017,4d753361-f990-413e-8996-916cc64de5d0,2015-03-22 14:51:15,informant-PC, Service Control Manager ,System,0,0,1,0,0,0,0,None,448,System,7036,0,0,0,0,0,0,0,0,0,0,0x8080000000000000,0,0,0,1,0,0,0,2015-03-22 14:51:15,1427035875.0,14,51
1313123,59017,f370a363-2656-4378-aafb-c3d474e3ff68,2015-03-22 14:51:16,informant-PC, EventLog ,System,0,0,1,0,0,0,0,None,None,System,6009,0,0,0,0,0,0,0,0,0,0,0x0080000000000000,0,0,0,0,0,0,0,2015-03-22 14:51:16,1427035876.0,14,51
1313124,59017,2514910d-a2bd-4b3c-a4c6-c8732868876b,2015-03-22 14:51:16,informant-PC, EventLog ,System,0,0,1,0,0,0,0,None,None,System,6005,0,0,0,0,0,0,0,0,0,0,0x0080000000000000,0,0,0,0,0,0,0,2015-03-22 14:51:16,1427035876.0,14,51
1313125,59017,9017da76-8c5a-4635-8aa0-2f6343c10cd8,2015-03-22 14:51:16,informant-PC, EventLog ,System,0,0,1,0,0,0,0,None,None,System,6009,0,0,0,0,0,0,0,0,0,0,0x0080000000000000,0,0,0,0,0,0,0,2015-03-22 14:51:16,1427035876.0,14,51
1313126,59017,6e6f5713-7a67-4a2b-905a-22cf281c3ee1,2015-03-22 14:51:16,informant-PC, EventLog ,System,0,0,1,0,0,0,0,None,None,System,6013,0,0,0,0,0,0,0,0,0,0,0x0080000000000000,0,0,0,0,0,0,0,2015-03-22 14:51:16,1427035876.0,14,51
1313127,59017,ae8d287c-046d-4e33-85a1-171c025e1f1e,2015-03-22 14:51:16,informant-PC, EventLog ,System,0,0,1,0,0,0,0,None,None,System,6013,0,0,0,0,0,0,0,0,0,0,0x0080000000000000,0,0,0,0,0,0,0,2015-03-22 14:51:16,1427035876.0,14,51
1313128,59017,f83c9a1d-20df-41fa-98ac-75b53c7de5a1,2015-03-22 14:51:16,informant-PC, EventLog ,System,0,0,1,0,0,0,0,None,None,System,6005,0,0,0,0,0,0,0,0,0,0,0x0080000000000000,0,0,0,0,0,0,0,2015-03-22 14:51:16,1427035876.0,14,51
1313129,59019,e8c0bcb7-2475-4fbe-a06f-df492b479a73,2015-03-22 14:51:16,informant-PC, Microsoft-Windows-Security-Auditing ,Security,1,0,0,0,0,0,0,S-1-5-19,456,Security,4624,0,0,0,1,0,0,0,0,0,12544,0x8020000000000000,0,0,0,1,0,0,0,2015-03-22 14:51:16,1427035876.0,14,51
1313130,59019,57390017-6a3c-4453-b1cd-10e0528e6714,2015-03-22 14:51:16,informant-PC, Microsoft-Windows-Security-Auditing ,Security,1,0,0,0,0,0,0,None,456,Security,4672,0,0,0,1,0,0,0,0,0,12548,0x8020000000000000,0,0,0,1,0,0,0,2015-03-22 14:51:16,1427035876.0,14,51
1313131,59017,a04c4b2a-eb94-49e0-9c68-9b240ac32d69,2015-03-22 14:51:16,informant-PC, Service Control Manager ,System,0,0,1,0,0,0,0,None,448,System,7036,0,0,0,0,0,0,0,0,0,0,0x8080000000000000,0,0,0,1,0,0,0,2015-03-22 14:51:16,1427035876.0,14,51
1313132,59019,e5abeab8-5aff-4662-86e1-782dec50c5cf,2015-03-22 14:51:16,informant-PC, Microsoft-Windows-Security-Auditing ,Security,1,0,0,0,0,0,0,None,456,Security,4672,0,0,0,1,0,0,0,0,0,12548,0x8020000000000000,0,0,0,1,0,0,0,2015-03-22 14:51:16,1427035876.0,14,51
1313133,59019,ea7a1263-138d-433d-b9ed-a36d275c970b,2015-03-22 14:51:16,informant-PC, Microsoft-Windows-Security-Auditing ,Security,1,0,0,0,0,0,0,S-1-5-19,456,Security,4624,0,0,0,1,0,0,0,0,0,12544,0x8020000000000000,0,0,0,1,0,0,0,2015-03-22 14:51:16,1427035876.0,14,51
1313134,59017,b08c6001-157d-42c8-b878-fa9f18ae2ff1,2015-03-22 14:51:16,informant-PC, Service Control Manager ,System,0,0,1,0,0,0,0,None,448,System,7036,0,0,0,0,0,0,0,0,0,0,0x8080000000000000,0,0,0,1,0,0,0,2015-03-22 14:51:16,1427035876.0,14,51
1313135,59017,e1864bb8-c74a-4342-a46f-b78958eedb99,2015-03-22 14:51:16,informant-PC, Service Control Manager ,System,0,0,1,0,0,0,0,None,448,System,7036,0,0,0,0,0,0,0,0,0,0,0x8080000000000000,0,0,0,1,0,0,0,2015-03-22 14:51:16,1427035876.0,14,51
1313136,59019,e886866a-419c-41a7-a064-10256a8f8a19,2015-03-22 14:51:16,informant-PC, Microsoft-Windows-Security-Auditing ,Security,1,0,0,0,0,0,0,None,456,Security,4672,0,0,0,1,0,0,0,0,0,12548,0x8020000000000000,0,0,0,1,0,0,0,2015-03-22 14:51:16,1427035876.0,14,51
1313137,59019,c905d8fd-2958-4da6-bc60-7c4b4740a88c,2015-03-22 14:51:16,informant-PC, Microsoft-Windows-Security-Auditing ,Security,1,0,0,0,0,0,0,S-1-5-18,456,Security,4624,0,0,0,1,0,0,0,0,0,12544,0x8020000000000000,0,0,0,1,0,0,0,2015-03-22 14:51:16,1427035876.0,14,51
1313138,59019,158433b5-31ec-4073-bb02-88dafa828b54,2015-03-22 14:51:16,informant-PC, Microsoft-Windows-Security-Auditing ,Security,1,0,0,0,0,0,0,S-1-5-18,456,Security,4624,0,0,0,1,0,0,0,0,0,12544,0x8020000000000000,0,0,0,1,0,0,0,2015-03-22 14:51:16,1427035876.0,14,51
1313139,59019,08e63fc9-3011-4c29-8a80-db3459214c87,2015-03-22 14:51:16,informant-PC, Microsoft-Windows-Security-Auditing ,Security,1,0,0,0,0,0,0,None,456,Security,4672,0,0,0,1,0,0,0,0,0,12548,0x8020000000000000,0,0,0,1,0,0,0,2015-03-22 14:51:16,1427035876.0,14,51
1313140,59017,2fac9e8d-8e33-426c-82a3-e223a095ab16,2015-03-22 14:51:16,informant-PC, Service Control Manager ,System,0,0,1,0,0,0,0,None,448,System,7036,0,0,0,0,0,0,0,0,0,0,0x8080000000000000,0,0,0,1,0,0,0,2015-03-22 14:51:16,1427035876.0,14,51
1313141,59019,d6253e8d-c487-4b4c-93c2-e91cc586fd40,2015-03-22 14:51:16,informant-PC, Microsoft-Windows-Security-Auditing ,Security,1,0,0,0,0,0,0,None,456,Security,4672,0,0,0,1,0,0,0,0,0,12548,0x8020000000000000,0,0,0,1,0,0,0,2015-03-22 14:51:16,1427035876.0,14,51
1313142,59019,2b3380f6-1f8e-462a-9132-a42cd50a2670,2015-03-22 14:51:16,informant-PC, Microsoft-Windows-Security-Auditing ,Security,1,0,0,0,0,0,0,S-1-5-18,456,Security,4624,0,0,0,1,0,0,0,0,0,12544,0x8020000000000000,0,0,0,1,0,0,0,2015-03-22 14:51:16,1427035876.0,14,51
1313143,59019,8fa7434a-9aac-4cbe-a5ab-77187626c97c,2015-03-22 14:51:16,informant-PC, Microsoft-Windows-Security-Auditing ,Security,1,0,0,0,0,0,0,None,456,Security,4672,0,0,0,1,0,0,0,0,0,12548,0x8020000000000000,0,0,0,1,0,0,0,2015-03-22 14:51:16,1427035876.0,14,51
1313144,59019,9cf36b88-ae4c-4364-887b-8738a214b765,2015-03-22 14:51:16,informant-PC, Microsoft-Windows-Security-Auditing ,Security,1,0,0,0,0,0,0,S-1-5-18,456,Security,4624,0,0,0,1,0,0,0,0,0,12544,0x8020000000000000,0,0,0,1,0,0,0,2015-03-22 14:51:16,1427035876.0,14,51
1313145,59017,1c9be045-f939-4ca1-958b-d0f7fe21980c,2015-03-22 14:51:16,informant-PC, Service Control Manager ,System,0,0,1,0,0,0,0,None,448,System,7036,0,0,0,0,0,0,0,0,0,0,0x8080000000000000,0,0,0,1,0,0,0,2015-03-22 14:51:16,1427035876.0,14,51
1313146,59017,2784c075-8c40-4fa8-9c7d-7a1f5232e906,2015-03-22 14:51:16,informant-PC, Service Control Manager ,System,0,0,1,0,0,0,0,None,448,System,7036,0,0,0,0,0,0,0,0,0,0,0x8080000000000000,0,0,0,1,0,0,0,2015-03-22 14:51:16,1427035876.0,14,51
1313147,59017,ac7270e2-8b83-49d5-aa90-53f18a1fda76,2015-03-22 14:51:17,informant-PC, Service Control Manager ,System,0,0,1,0,0,0,0,None,448,System,7036,0,0,0,0,0,0,0,0,0,0,0x8080000000000000,0,0,0,1,0,0,0,2015-03-22 14:51:17,1427035877.0,14,51
1313148,59017,5ad13d02-0ba9-489b-b7ce-de7c2babedb2,2015-03-22 14:51:17,informant-PC, Service Control Manager ,System,0,0,1,0,0,0,0,None,448,System,7036,0,0,0,0,0,0,0,0,0,0,0x8080000000000000,0,0,0,1,0,0,0,2015-03-22 14:51:17,1427035877.0,14,51
1313169,59017,947adb28-10f2-47c7-9323-8243786855b5,2015-03-22 14:51:17,informant-PC, Service Control Manager ,System,0,0,1,0,0,0,0,None,448,System,7036,0,0,0,0,0,0,0,0,0,0,0x8080000000000000,0,0,0,1,0,0,0,2015-03-22 14:51:17,1427035877.0,14,51
1313170,59017,2d6bc717-a8dc-48a8-b0b2-3cfd23dc2f2d,2015-03-22 14:51:17,informant-PC, Service Control Manager ,System,0,0,1,0,0,0,0,None,448,System,7036,0,0,0,0,0,0,0,0,0,0,0x8080000000000000,0,0,0,1,0,0,0,2015-03-22 14:51:17,1427035877.0,14,51
1313171,59017,32ea1063-5cfe-463d-8b77-d38232e6b157,2015-03-22 14:51:17,informant-PC, Service Control Manager ,System,0,0,1,0,0,0,0,None,448,System,7036,0,0,0,0,0,0,0,0,0,0,0x8080000000000000,0,0,0,1,0,0,0,2015-03-22 14:51:17,1427035877.0,14,51
1313172,59017,ea5ee8ca-3c3e-4adf-a830-1e3bc0781dc8,2015-03-22 14:51:17,informant-PC, Service Control Manager ,System,0,0,1,0,0,0,0,None,448,System,7036,0,0,0,0,0,0,0,0,0,0,0x8080000000000000,0,0,0,1,0,0,0,2015-03-22 14:51:17,1427035877.0,14,51
1313173,59018,bfcc05e4-98fc-4800-925d-84431e87db94,2015-03-22 14:51:17,informant-PC, Microsoft-Windows-User Profiles Service ,Application,0,1,0,0,0,0,0,None,784,Application,1531,0,0,0,0,0,0,0,0,0,0,0x8000000000000000,0,0,0,1,0,0,0,2015-03-22 14:51:17,1427035877.0,14,51
1313174,59042,34826644-dff1-4000-a8f7-9f55b170e19c,2015-03-22 14:51:17,informant-PC, Microsoft-Windows-GroupPolicy ,Other,0,0,0,0,0,1,0,None,784,Microsoft-Windows-GroupPolicy/Operational,5320,0,0,0,0,0,0,0,0,0,0,0x4000000000000000,0,0,1,0,0,0,0,2015-03-22 14:51:17,1427035877.0,14,51
1313175,59017,b18b37a2-1fcc-4604-9da4-77c91f247fde,2015-03-22 14:51:17,informant-PC, Service Control Manager ,System,0,0,1,0,0,0,0,None,448,System,7036,0,0,0,0,0,0,0,0,0,0,0x8080000000000000,0,0,0,1,0,0,0,2015-03-22 14:51:17,1427035877.0,14,51
1313176,59017,d8adfcdf-9ef5-49f4-b8ef-a888e3da7ff3,2015-03-22 14:51:17,informant-PC, Service Control Manager ,System,0,0,1,0,0,0,0,None,448,System,7036,0,0,0,0,0,0,0,0,0,0,0x8080000000000000,0,0,0,1,0,0,0,2015-03-22 14:51:17,1427035877.0,14,51
1313177,59042,4442e44b-3314-4f16-8e20-3e7f1913e94d,2015-03-22 14:51:17,informant-PC, Microsoft-Windows-GroupPolicy ,Other,0,0,0,0,0,1,0,None,784,Microsoft-Windows-GroupPolicy/Operational,5320,0,0,0,0,0,0,0,0,0,0,0x4000000000000000,0,0,1,0,0,0,0,2015-03-22 14:51:17,1427035877.0,14,51
1313178,59042,d8e9f275-a49c-49d8-9e5b-9286f8a694d5,2015-03-22 14:51:17,informant-PC, Microsoft-Windows-GroupPolicy ,Other,0,0,0,0,0,1,0,None,784,Microsoft-Windows-GroupPolicy/Operational,5320,0,0,0,0,0,0,0,0,0,0,0x4000000000000000,0,0,1,0,0,0,0,2015-03-22 14:51:17,1427035877.0,14,51
1313179,59042,0ea2f2c9-1fce-4335-95eb-cfd477bb425f,2015-03-22 14:51:17,informant-PC, Microsoft-Windows-GroupPolicy ,Other,0,0,0,0,0,1,0,None,784,Microsoft-Windows-GroupPolicy/Operational,5320,0,0,0,0,0,0,0,0,0,0,0x4000000000000000,0,0,1,0,0,0,0,2015-03-22 14:51:17,1427035877.0,14,51
1313180,59017,3a7ef495-8e7e-40d2-aa5a-ebde7e2ae150,2015-03-22 14:51:17,informant-PC, Service Control Manager ,System,0,0,1,0,0,0,0,None,448,System,7036,0,0,0,0,0,0,0,0,0,0,0x8080000000000000,0,0,0,1,0,0,0,2015-03-22 14:51:17,1427035877.0,14,51
1313181,59017,f63f5337-ae21-47a6-8914-4b92afa49085,2015-03-22 14:51:17,informant-PC, Service Control Manager ,System,0,0,1,0,0,0,0,None,448,System,7036,0,0,0,0,0,0,0,0,0,0,0x8080000000000000,0,0,0,1,0,0,0,2015-03-22 14:51:17,1427035877.0,14,51
1313182,59018,070a0b7a-c8ba-4c03-a43f-c73cae173547,2015-03-22 14:51:17,informant-PC, Microsoft-Windows-User Profiles Service ,Application,0,1,0,0,0,0,0,None,784,Application,1531,0,0,0,0,0,0,0,0,0,0,0x8000000000000000,0,0,0,1,0,0,0,2015-03-22 14:51:17,1427035877.0,14,51
1313183,59042,2f7b2506-b920-41f6-b7c0-760f74b52913,2015-03-22 14:51:17,informant-PC, Microsoft-Windows-GroupPolicy ,Other,0,0,0,0,0,1,0,None,784,Microsoft-Windows-GroupPolicy/Operational,5320,0,0,0,0,0,0,0,0,0,0,0x4000000000000000,0,0,1,0,0,0,0,2015-03-22 14:51:17,1427035877.0,14,51
1313184,59042,c28f1235-8705-4aae-bce3-e159e7e2be18,2015-03-22 14:51:17,informant-PC, Microsoft-Windows-GroupPolicy ,Other,0,0,0,0,0,1,0,None,784,Microsoft-Windows-GroupPolicy/Operational,5320,0,0,0,0,0,0,0,0,0,0,0x4000000000000000,0,0,1,0,0,0,0,2015-03-22 14:51:17,1427035877.0,14,51
1313185,59042,aa565775-a5a7-489f-96b8-951a8f85609b,2015-03-22 14:51:17,informant-PC, Microsoft-Windows-GroupPolicy ,Other,0,0,0,0,0,1,0,None,784,Microsoft-Windows-GroupPolicy/Operational,5321,0,0,0,0,0,0,0,0,0,0,0x4000000000000000,0,0,1,0,0,0,0,2015-03-22 14:51:17,1427035877.0,14,51
1313186,59042,4d3ba901-dd6e-48db-8bce-e46fbd4032b6,2015-03-22 14:51:17,informant-PC, Microsoft-Windows-GroupPolicy ,Other,0,0,0,0,0,1,0,None,784,Microsoft-Windows-GroupPolicy/Operational,5321,0,0,0,0,0,0,0,0,0,0,0x4000000000000000,0,0,1,0,0,0,0,2015-03-22 14:51:17,1427035877.0,14,51
1313187,59018,0a866b96-7419-4898-b3d2-f11420ba6bab,2015-03-22 14:51:18,informant-PC, EventSystem ,Application,0,1,0,0,0,0,0,None,0,Application,4625,0,0,0,1,0,0,0,0,0,0,0x0080000000000000,0,0,0,0,0,0,0,2015-03-22 14:51:18,1427035878.0,14,51
1313188,59018,11404747-5bbe-4d7f-9d7b-47f7488560b2,2015-03-22 14:51:18,informant-PC, EventSystem ,Application,0,1,0,0,0,0,0,None,0,Application,4625,0,0,0,1,0,0,0,0,0,0,0x0080000000000000,0,0,0,0,0,0,0,2015-03-22 14:51:18,1427035878.0,14,51
1313194,59040,11d165db-53eb-4107-b037-d67220e302a2,2015-03-22 14:51:18,informant-PC, Microsoft-Windows-OfflineFiles ,Other,0,0,0,0,0,1,0,None,760,Microsoft-Windows-OfflineFiles/Operational,1,0,0,0,0,0,0,0,0,0,0,0x4000000000000010,0,0,1,0,0,0,0,2015-03-22 14:51:18,1427035878.0,14,51
1313196,59040,a72b8059-ce44-4c44-ad75-6014252f4286,2015-03-22 14:51:18,informant-PC, Microsoft-Windows-OfflineFiles ,Other,0,0,0,0,0,1,0,None,760,Microsoft-Windows-OfflineFiles/Operational,1,0,0,0,0,0,0,0,0,0,0,0x4000000000000010,0,0,1,0,0,0,0,2015-03-22 14:51:18,1427035878.0,14,51
1313197,59017,933b2fa5-01b9-44e1-aa35-6894e9fc928e,2015-03-22 14:51:18,informant-PC, Service Control Manager ,System,0,0,1,0,0,0,0,None,448,System,7036,0,0,0,0,0,0,0,0,0,0,0x8080000000000000,0,0,0,1,0,0,0,2015-03-22 14:51:18,1427035878.0,14,51
1313208,59017,24cc8a65-358b-4b9f-a170-864259023d9c,2015-03-22 14:51:18,informant-PC, Service Control Manager ,System,0,0,1,0,0,0,0,None,448,System,7036,0,0,0,0,0,0,0,0,0,0,0x8080000000000000,0,0,0,1,0,0,0,2015-03-22 14:51:18,1427035878.0,14,51
1313213,59017,17e6f143-9ed7-4bad-851d-a3395a0d02c8,2015-03-22 14:51:18,informant-PC, Service Control Manager ,System,0,0,1,0,0,0,0,None,448,System,7036,0,0,0,0,0,0,0,0,0,0,0x8080000000000000,0,0,0,1,0,0,0,2015-03-22 14:51:18,1427035878.0,14,51
1313214,59041,ab6b9333-0627-40a3-84ac-206d2e2fd41e,2015-03-22 14:51:18,informant-PC, Microsoft-Windows-BranchCacheSMB ,Other,0,0,0,0,0,1,0,None,760,Microsoft-Windows-BranchCacheSMB/Operational,3005,0,0,0,0,0,0,0,0,0,0,0x8000000000000800,0,0,0,1,0,0,0,2015-03-22 14:51:18,1427035878.0,14,51
1313215,59017,7a778a5e-1058-4496-91a9-bbc949e66e52,2015-03-22 14:51:18,informant-PC, Service Control Manager ,System,0,0,1,0,0,0,0,None,448,System,7036,0,0,0,0,0,0,0,0,0,0,0x8080000000000000,0,0,0,1,0,0,0,2015-03-22 14:51:18,1427035878.0,14,51
1313216,59041,0e5cbea0-b412-44f1-81de-bc9bcd3d0773,2015-03-22 14:51:18,informant-PC, Microsoft-Windows-BranchCacheSMB ,Other,0,0,0,0,0,1,0,None,760,Microsoft-Windows-BranchCacheSMB/Operational,3005,0,0,0,0,0,0,0,0,0,0,0x8000000000000800,0,0,0,1,0,0,0,2015-03-22 14:51:18,1427035878.0,14,51
1313217,59017,7894ddc1-236f-41e5-bbf8-d847fb5e6904,2015-03-22 14:51:18,informant-PC, Service Control Manager ,System,0,0,1,0,0,0,0,None,448,System,7036,0,0,0,0,0,0,0,0,0,0,0x8080000000000000,0,0,0,1,0,0,0,2015-03-22 14:51:18,1427035878.0,14,51
1313218,59017,d7eb47c6-44b4-402a-9d44-e07817e19c60,2015-03-22 14:51:18,informant-PC, Service Control Manager ,System,0,0,1,0,0,0,0,None,448,System,7036,0,0,0,0,0,0,0,0,0,0,0x8080000000000000,0,0,0,1,0,0,0,2015-03-22 14:51:18,1427035878.0,14,51
1313219,59017,d71bef1c-ebf5-4f85-b1fa-ccf7814ae321,2015-03-22 14:51:18,informant-PC, Service Control Manager ,System,0,0,1,0,0,0,0,None,448,System,7036,0,0,0,0,0,0,0,0,0,0,0x8080000000000000,0,0,0,1,0,0,0,2015-03-22 14:51:18,1427035878.0,14,51
1313220,59017,fad46144-69bd-4f64-99a7-aa0c0ee5edf2,2015-03-22 14:51:18,informant-PC, Service Control Manager ,System,0,0,1,0,0,0,0,None,448,System,7036,0,0,0,0,0,0,0,0,0,0,0x8080000000000000,0,0,0,1,0,0,0,2015-03-22 14:51:18,1427035878.0,14,51
1313221,59017,c50f4076-8cd1-4514-9c59-e4748cccb828,2015-03-22 14:51:18,informant-PC, Service Control Manager ,System,0,0,1,0,0,0,0,None,448,System,7036,0,0,0,0,0,0,0,0,0,0,0x8080000000000000,0,0,0,1,0,0,0,2015-03-22 14:51:18,1427035878.0,14,51
1313222,59017,0c31ec67-9714-4fb5-95b9-76e973a4e65a,2015-03-22 14:51:18,informant-PC, Service Control Manager ,System,0,0,1,0,0,0,0,None,448,System,7036,0,0,0,0,0,0,0,0,0,0,0x8080000000000000,0,0,0,1,0,0,0,2015-03-22 14:51:18,1427035878.0,14,51
1313223,59017,f06b1a71-f496-475e-9958-b4ebea417d0c,2015-03-22 14:51:18,informant-PC, Service Control Manager ,System,0,0,1,0,0,0,0,None,448,System,7036,0,0,0,0,0,0,0,0,0,0,0x8080000000000000,0,0,0,1,0,0,0,2015-03-22 14:51:18,1427035878.0,14,51
1313224,59017,8b9e0a49-7398-468c-9d49-64831a8b7dca,2015-03-22 14:51:18,informant-PC, Service Control Manager ,System,0,0,1,0,0,0,0,None,448,System,7036,0,0,0,0,0,0,0,0,0,0,0x8080000000000000,0,0,0,1,0,0,0,2015-03-22 14:51:18,1427035878.0,14,51
1313225,59017,43e4d7e2-9146-419a-8168-2ff9020e9771,2015-03-22 14:51:18,informant-PC, Service Control Manager ,System,0,0,1,0,0,0,0,None,448,System,7036,0,0,0,0,0,0,0,0,0,0,0x8080000000000000,0,0,0,1,0,0,0,2015-03-22 14:51:18,1427035878.0,14,51
1313226,59017,d6b0f687-f6c7-4f40-8b0b-e1b5a5ede85b,2015-03-22 14:51:18,informant-PC, Service Control Manager ,System,0,0,1,0,0,0,0,None,448,System,7036,0,0,0,0,0,0,0,0,0,0,0x8080000000000000,0,0,0,1,0,0,0,2015-03-22 14:51:18,1427035878.0,14,51
1313227,59017,d96ab143-bd0d-465f-b713-9cc1d0eb5f3d,2015-03-22 14:51:18,informant-PC, Microsoft-Windows-Dhcp-Client ,System,0,0,1,0,0,0,0,None,728,System,50036,0,0,0,0,0,0,0,0,0,4,0x2000000000000000,0,1,0,0,0,0,0,2015-03-22 14:51:18,1427035878.0,14,51
1313228,59017,2c8b594b-a48b-4442-870e-be0b73c2f1a4,2015-03-22 14:51:18,informant-PC, Service Control Manager ,System,0,0,1,0,0,0,0,None,448,System,7036,0,0,0,0,0,0,0,0,0,0,0x8080000000000000,0,0,0,1,0,0,0,2015-03-22 14:51:18,1427035878.0,14,51
1313229,59017,9c648195-f476-4acc-8bf8-22a60df0a30e,2015-03-22 14:51:18,informant-PC, Microsoft-Windows-Dhcp-Client ,System,0,0,1,0,0,0,0,None,728,System,50036,0,0,0,0,0,0,0,0,0,4,0x2000000000000000,0,1,0,0,0,0,0,2015-03-22 14:51:18,1427035878.0,14,51
1313230,59017,3151cdce-9fbf-482d-b87f-3410586b8b79,2015-03-22 14:51:18,informant-PC, Service Control Manager ,System,0,0,1,0,0,0,0,None,448,System,7036,0,0,0,0,0,0,0,0,0,0,0x8080000000000000,0,0,0,1,0,0,0,2015-03-22 14:51:18,1427035878.0,14,51
1313231,59017,dbd5116e-6720-4514-864a-3a91af5eadd0,2015-03-22 14:51:18,informant-PC, Microsoft-Windows-DHCPv6-Client ,System,0,0,1,0,0,0,0,None,728,System,51046,0,0,0,0,0,0,0,0,0,4,0x2000000000000000,0,1,0,0,0,0,0,2015-03-22 14:51:18,1427035878.0,14,51
1313232,59017,e0a9da5b-97e3-41df-b9f8-3381f698d147,2015-03-22 14:51:18,informant-PC, Microsoft-Windows-DHCPv6-Client ,System,0,0,1,0,0,0,0,None,728,System,51046,0,0,0,0,0,0,0,0,0,4,0x2000000000000000,0,1,0,0,0,0,0,2015-03-22 14:51:18,1427035878.0,14,51
1313233,59017,d6c93e7e-7d13-49f3-8d1d-267b3fcbcd4e,2015-03-22 14:51:18,informant-PC, Service Control Manager ,System,0,0,1,0,0,0,0,None,448,System,7036,0,0,0,0,0,0,0,0,0,0,0x8080000000000000,0,0,0,1,0,0,0,2015-03-22 14:51:18,1427035878.0,14,51
1313234,59017,1f81b0c4-4a9b-419b-a507-5f65f3487f64,2015-03-22 14:51:18,informant-PC, Service Control Manager ,System,0,0,1,0,0,0,0,None,448,System,7036,0,0,0,0,0,0,0,0,0,0,0x8080000000000000,0,0,0,1,0,0,0,2015-03-22 14:51:18,1427035878.0,14,51
1313235,59017,75406975-0d3b-4917-bb90-3702e447ea96,2015-03-22 14:51:18,informant-PC, Service Control Manager ,System,0,0,1,0,0,0,0,None,448,System,7036,0,0,0,0,0,0,0,0,0,0,0x8080000000000000,0,0,0,1,0,0,0,2015-03-22 14:51:18,1427035878.0,14,51
1313236,59017,6410efd6-4b17-4266-b639-6ba6ab985b1a,2015-03-22 14:51:18,informant-PC, Service Control Manager ,System,0,0,1,0,0,0,0,None,448,System,7036,0,0,0,0,0,0,0,0,0,0,0x8080000000000000,0,0,0,1,0,0,0,2015-03-22 14:51:18,1427035878.0,14,51
1313237,59041,6d9929ab-ab27-4a35-93a5-25863a11808b,2015-03-22 14:51:19,informant-PC, Microsoft-Windows-BranchCacheSMB ,Other,0,0,0,0,0,1,0,None,760,Microsoft-Windows-BranchCacheSMB/Operational,3001,0,0,0,0,0,0,0,0,0,0,0x8000000000000800,0,0,0,1,0,0,0,2015-03-22 14:51:19,1427035879.0,14,51
1313238,59041,4a10dd85-4028-4cf0-b5a1-c0f33c70b8f8,2015-03-22 14:51:19,informant-PC, Microsoft-Windows-BranchCacheSMB ,Other,0,0,0,0,0,1,0,None,760,Microsoft-Windows-BranchCacheSMB/Operational,3001,0,0,0,0,0,0,0,0,0,0,0x8000000000000800,0,0,0,1,0,0,0,2015-03-22 14:51:19,1427035879.0,14,51
1313239,59017,021df593-ea8b-4023-9e13-eeebc63c9a0e,2015-03-22 14:51:20,informant-PC, Service Control Manager ,System,0,0,1,0,0,0,0,None,448,System,7036,0,0,0,0,0,0,0,0,0,0,0x8080000000000000,0,0,0,1,0,0,0,2015-03-22 14:51:20,1427035880.0,14,51
1313240,59017,42a1a700-a9ae-4bb8-b01a-034f190a6829,2015-03-22 14:51:20,informant-PC, Service Control Manager ,System,0,0,1,0,0,0,0,None,448,System,7036,0,0,0,0,0,0,0,0,0,0,0x8080000000000000,0,0,0,1,0,0,0,2015-03-22 14:51:20,1427035880.0,14,51
1313241,59019,69e81a9b-5b32-4bf1-a084-38c877c225fc,2015-03-22 14:51:20,informant-PC, Microsoft-Windows-Security-Auditing ,Security,1,0,0,0,0,0,0,None,456,Security,4672,0,0,0,1,0,0,0,0,0,12548,0x8020000000000000,0,0,0,1,0,0,0,2015-03-22 14:51:20,1427035880.0,14,51
1313242,59019,6c59e4db-4106-40ea-bb8a-29014b58e302,2015-03-22 14:51:20,informant-PC, Microsoft-Windows-Security-Auditing ,Security,1,0,0,0,0,0,0,None,456,Security,4672,0,0,0,1,0,0,0,0,0,12548,0x8020000000000000,0,0,0,1,0,0,0,2015-03-22 14:51:20,1427035880.0,14,51
1313243,59019,91f709bf-4352-434b-85fa-ff5754aa0199,2015-03-22 14:51:20,informant-PC, Microsoft-Windows-Security-Auditing ,Security,1,0,0,0,0,0,0,S-1-5-18,456,Security,4624,0,0,0,1,0,0,0,0,0,12544,0x8020000000000000,0,0,0,1,0,0,0,2015-03-22 14:51:20,1427035880.0,14,51
1313244,59019,330f7d21-e86d-4e0c-8967-c989a2588384,2015-03-22 14:51:20,informant-PC, Microsoft-Windows-Security-Auditing ,Security,1,0,0,0,0,0,0,S-1-5-18,456,Security,4624,0,0,0,1,0,0,0,0,0,12544,0x8020000000000000,0,0,0,1,0,0,0,2015-03-22 14:51:20,1427035880.0,14,51
1313245,59017,c2896011-3762-4496-a0aa-1d0cf27cf77f,2015-03-22 14:51:20,informant-PC, Service Control Manager ,System,0,0,1,0,0,0,0,None,448,System,7036,0,0,0,0,0,0,0,0,0,0,0x8080000000000000,0,0,0,1,0,0,0,2015-03-22 14:51:20,1427035880.0,14,51
1313246,59017,fb69fe9e-1676-45d3-990d-d260a8a7156f,2015-03-22 14:51:20,informant-PC, Service Control Manager ,System,0,0,1,0,0,0,0,None,448,System,7036,0,0,0,0,0,0,0,0,0,0,0x8080000000000000,0,0,0,1,0,0,0,2015-03-22 14:51:20,1427035880.0,14,51
1313255,59017,988684db-5e2a-40ed-895b-bf5ae2fc8de6,2015-03-22 14:51:21,informant-PC, Service Control Manager ,System,0,0,1,0,0,0,0,None,448,System,7036,0,0,0,0,0,0,0,0,0,0,0x8080000000000000,0,0,0,1,0,0,0,2015-03-22 14:51:21,1427035881.0,14,51
1313256,59017,23585695-413b-452c-b6f4-2a1e158e8fbc,2015-03-22 14:51:21,informant-PC, Service Control Manager ,System,0,0,1,0,0,0,0,None,448,System,7036,0,0,0,0,0,0,0,0,0,0,0x8080000000000000,0,0,0,1,0,0,0,2015-03-22 14:51:21,1427035881.0,14,51
1313261,59019,508d8c9a-21b4-4a8c-9975-18b79bf04cd4,2015-03-22 14:51:21,informant-PC, Microsoft-Windows-Security-Auditing ,Security,1,0,0,0,0,0,0,None,4,Security,5033,0,0,0,0,0,0,0,0,1,12292,0x8020000000000000,0,0,0,1,0,0,0,2015-03-22 14:51:21,1427035881.0,14,51
1313262,59019,c24862fe-548c-4000-832f-d39707094dde,2015-03-22 14:51:21,informant-PC, Microsoft-Windows-Security-Auditing ,Security,1,0,0,0,0,0,0,None,4,Security,5033,0,0,0,0,0,0,0,0,1,12292,0x8020000000000000,0,0,0,1,0,0,0,2015-03-22 14:51:21,1427035881.0,14,51
1313263,59017,9098b03d-8aaa-4dad-90f3-ef11c47492ce,2015-03-22 14:51:21,informant-PC, Service Control Manager ,System,0,0,1,0,0,0,0,None,448,System,7036,0,0,0,0,0,0,0,0,0,0,0x8080000000000000,0,0,0,1,0,0,0,2015-03-22 14:51:21,1427035881.0,14,51
1313264,59017,b5ba8d86-6b45-40ae-930b-3e1583120120,2015-03-22 14:51:21,informant-PC, Service Control Manager ,System,0,0,1,0,0,0,0,None,448,System,7036,0,0,0,0,0,0,0,0,0,0,0x8080000000000000,0,0,0,1,0,0,0,2015-03-22 14:51:21,1427035881.0,14,51
1313265,59017,c0d1563f-c4c0-4dde-8c43-825ea0229fd6,2015-03-22 14:51:22,informant-PC, Service Control Manager ,System,0,0,1,0,0,0,0,None,448,System,7036,0,0,0,0,0,0,0,0,0,0,0x8080000000000000,0,0,0,1,0,0,0,2015-03-22 14:51:22,1427035882.0,14,51
1313266,59017,48cb67a6-8e0d-4a63-b522-ce4d230bf12e,2015-03-22 14:51:22,informant-PC, Service Control Manager ,System,0,0,1,0,0,0,0,None,448,System,7036,0,0,0,0,0,0,0,0,0,0,0x8080000000000000,0,0,0,1,0,0,0,2015-03-22 14:51:22,1427035882.0,14,51
1313267,59017,29d6aa29-b3c9-4313-af7e-f3acc0c16432,2015-03-22 14:51:22,informant-PC, Service Control Manager ,System,0,0,1,0,0,0,0,None,448,System,7036,0,0,0,0,0,0,0,0,0,0,0x8080000000000000,0,0,0,1,0,0,0,2015-03-22 14:51:22,1427035882.0,14,51
1313268,59017,61720616-7870-4b9a-8c9f-b043b40494a7,2015-03-22 14:51:22,informant-PC, Service Control Manager ,System,0,0,1,0,0,0,0,None,448,System,7036,0,0,0,0,0,0,0,0,0,0,0x8080000000000000,0,0,0,1,0,0,0,2015-03-22 14:51:22,1427035882.0,14,51
1313269,59027,f40b966b-8450-4a4b-b558-2b248d87b947,2015-03-22 14:51:22,informant-PC, Microsoft-Windows-DHCPv6-Client ,Other,0,0,0,0,0,1,0,None,728,Microsoft-Windows-Dhcpv6-Client/Admin,1006,0,0,0,0,0,0,0,0,0,1,0x8000000000000000,0,0,0,1,0,0,0,2015-03-22 14:51:22,1427035882.0,14,51
1313270,59027,5a37b1a3-82ea-45cc-9308-588149c679ee,2015-03-22 14:51:22,informant-PC, Microsoft-Windows-DHCPv6-Client ,Other,0,0,0,0,0,1,0,None,728,Microsoft-Windows-Dhcpv6-Client/Admin,1006,0,0,0,0,0,0,0,0,0,1,0x8000000000000000,0,0,0,1,0,0,0,2015-03-22 14:51:22,1427035882.0,14,51
1313271,59042,2b8fb68c-817a-4635-88c3-bb2a37b11b88,2015-03-22 14:51:22,informant-PC, Microsoft-Windows-GroupPolicy ,Other,0,0,0,0,0,1,0,None,784,Microsoft-Windows-GroupPolicy/Operational,5324,0,0,0,0,0,0,0,0,0,0,0x4000000000000000,0,0,1,0,0,0,0,2015-03-22 14:51:22,1427035882.0,14,51
1313272,59042,a129c12f-76fa-461a-bc3a-afa05fbcaaed,2015-03-22 14:51:22,informant-PC, Microsoft-Windows-GroupPolicy ,Other,0,0,0,0,0,1,0,None,784,Microsoft-Windows-GroupPolicy/Operational,5324,0,0,0,0,0,0,0,0,0,0,0x4000000000000000,0,0,1,0,0,0,0,2015-03-22 14:51:22,1427035882.0,14,51
1313273,59042,1ff9948e-6620-4858-a072-1f989f8ec427,2015-03-22 14:51:22,informant-PC, Microsoft-Windows-GroupPolicy ,Other,0,0,0,0,0,1,0,None,784,Microsoft-Windows-GroupPolicy/Operational,4000,0,0,0,0,0,0,0,0,0,0,0x4000000000000000,0,0,1,0,0,0,0,2015-03-22 14:51:22,1427035882.0,14,51
1313274,59042,589b61ab-c395-495c-ac36-4af2c95ee4e9,2015-03-22 14:51:22,informant-PC, Microsoft-Windows-GroupPolicy ,Other,0,0,0,0,0,1,0,None,784,Microsoft-Windows-GroupPolicy/Operational,4000,0,0,0,0,0,0,0,0,0,0,0x4000000000000000,0,0,1,0,0,0,0,2015-03-22 14:51:22,1427035882.0,14,51
1313275,59042,dd1fe4a8-871f-4791-9db4-70845811eeb6,2015-03-22 14:51:22,informant-PC, Microsoft-Windows-GroupPolicy ,Other,0,0,0,0,0,1,0,None,784,Microsoft-Windows-GroupPolicy/Operational,5311,0,0,0,0,0,0,0,0,0,0,0x4000000000000000,0,0,1,0,0,0,0,2015-03-22 14:51:22,1427035882.0,14,51
1313276,59042,a391cd58-b769-4d5e-84d8-a5146e2b0546,2015-03-22 14:51:22,informant-PC, Microsoft-Windows-GroupPolicy ,Other,0,0,0,0,0,1,0,None,784,Microsoft-Windows-GroupPolicy/Operational,5311,0,0,0,0,0,0,0,0,0,0,0x4000000000000000,0,0,1,0,0,0,0,2015-03-22 14:51:22,1427035882.0,14,51
1313277,59042,6848bf1c-1ad1-4673-a85e-e5be7e5b9df9,2015-03-22 14:51:22,informant-PC, Microsoft-Windows-GroupPolicy ,Other,0,0,0,0,0,1,0,None,784,Microsoft-Windows-GroupPolicy/Operational,5313,0,0,0,0,0,0,0,0,0,0,0x4000000000000000,0,0,1,0,0,0,0,2015-03-22 14:51:22,1427035882.0,14,51
1313278,59042,92efec72-998a-4034-8547-a51a991bd0c4,2015-03-22 14:51:22,informant-PC, Microsoft-Windows-GroupPolicy ,Other,0,0,0,0,0,1,0,None,784,Microsoft-Windows-GroupPolicy/Operational,5312,0,0,0,0,0,0,0,0,0,0,0x4000000000000000,0,0,1,0,0,0,0,2015-03-22 14:51:22,1427035882.0,14,51
1313279,59042,10d0d8fe-926e-48f9-8f66-f862c934c9bf,2015-03-22 14:51:22,informant-PC, Microsoft-Windows-GroupPolicy ,Other,0,0,0,0,0,1,0,None,784,Microsoft-Windows-GroupPolicy/Operational,5320,0,0,0,0,0,0,0,0,0,0,0x4000000000000000,0,0,1,0,0,0,0,2015-03-22 14:51:22,1427035882.0,14,51
1313280,59042,a0d15a11-521a-4446-b0d6-5d7bb09b9312,2015-03-22 14:51:22,informant-PC, Microsoft-Windows-GroupPolicy ,Other,0,0,0,0,0,1,0,None,784,Microsoft-Windows-GroupPolicy/Operational,5312,0,0,0,0,0,0,0,0,0,0,0x4000000000000000,0,0,1,0,0,0,0,2015-03-22 14:51:22,1427035882.0,14,51
