1313618,46,0a1d40df-3fcc-4815-aa3a-109d92b7aac4,2015-03-22 14:54:27,informant-PC, Microsoft-Windows-WindowsUpdateClient ,Other,0,0,0,0,0,1,0,None,784,Microsoft-Windows-WindowsUpdateClient/Operational,30,0,0,0,0,0,0,0,0,0,1,0x4000000000000001,0,0,1,0,0,0,0,2015-03-22 14:54:27,1427036067.0,14,54
1313619,59018,516c141b-ce13-4c80-b83c-749ad6f39308,2015-03-22 14:54:48,informant-PC, Winlogon ,Application,0,1,0,0,0,0,0,None,0,Application,4104,0,0,0,0,0,0,0,0,0,0,0x0080000000000000,0,0,0,0,0,0,0,2015-03-22 14:54:48,1427036088.0,14,54
1313620,59018,3241b3b4-546b-4de3-b730-f688e820f03f,2015-03-22 14:54:48,informant-PC, Desktop Window Manager ,Application,0,1,0,0,0,0,0,None,None,Application,9007,0,0,0,0,0,0,0,0,0,0,0x0080000000000000,0,0,0,0,0,0,0,2015-03-22 14:54:48,1427036088.0,14,54
1313621,59018,8d1f7b3b-7519-4385-ac26-cfb609de0780,2015-03-22 14:54:48,informant-PC, Wlclntfy ,Application,0,1,0,0,0,0,0,None,0,Application,6000,0,0,0,0,0,0,0,0,0,0,0x0080000000000000,0,0,0,0,0,0,0,2015-03-22 14:54:48,1427036088.0,14,54
1313622,59018,f4e9fa9c-e5d3-4ff0-8e67-c263ef6319e4,2015-03-22 14:54:48,informant-PC, Winlogon ,Application,0,1,0,0,0,0,0,None,0,Application,4104,0,0,0,0,0,0,0,0,0,0,0x0080000000000000,0,0,0,0,0,0,0,2015-03-22 14:54:48,1427036088.0,14,54
1313623,59018,f23a1b51-8ef1-4a15-80f0-5e32566de96c,2015-03-22 14:54:48,informant-PC, Desktop Window Manager ,Application,0,1,0,0,0,0,0,None,None,Application,9007,0,0,0,0,0,0,0,0,0,0,0x0080000000000000,0,0,0,0,0,0,0,2015-03-22 14:54:48,1427036088.0,14,54
1313624,59018,92af281c-23f2-40be-b445-54fc727b422b,2015-03-22 14:54:48,informant-PC, Wlclntfy ,Application,0,1,0,0,0,0,0,None,0,Application,6000,0,0,0,0,0,0,0,0,0,0,0x0080000000000000,0,0,0,0,0,0,0,2015-03-22 14:54:48,1427036088.0,14,54
1313625,59042,56096e63-1656-43f0-bf8f-15a948a5ca4d,2015-03-22 14:54:48,informant-PC, Microsoft-Windows-GroupPolicy ,Other,0,0,0,0,0,1,0,None,784,Microsoft-Windows-GroupPolicy/Operational,5324,0,0,0,0,0,0,0,0,0,0,0x4000000000000000,0,0,1,0,0,0,0,2015-03-22 14:54:48,1427036088.0,14,54
1313626,13963,29673199-db5f-44cb-958c-cf422154ce0d,2015-03-22 14:54:48,informant-PC, Microsoft-Windows-TerminalServices-LocalSessionManager ,Other,0,0,0,0,0,1,0,None,464,Microsoft-Windows-TerminalServices-LocalSessionManager/Operational,22,0,0,0,0,0,0,0,0,0,0,0x1000000000000000,1,0,0,0,0,0,0,2015-03-22 14:54:48,1427036088.0,14,54
1313627,13963,e8c19cdf-be35-49ed-88c5-47e44c556912,2015-03-22 14:54:48,informant-PC, Microsoft-Windows-TerminalServices-LocalSessionManager ,Other,0,0,0,0,0,1,0,None,464,Microsoft-Windows-TerminalServices-LocalSessionManager/Operational,22,0,0,0,0,0,0,0,0,0,0,0x1000000000000000,1,0,0,0,0,0,0,2015-03-22 14:54:48,1427036088.0,14,54
1313628,59042,95281547-4167-4160-b339-605262576546,2015-03-22 14:54:48,informant-PC, Microsoft-Windows-GroupPolicy ,Other,0,0,0,0,0,1,0,None,784,Microsoft-Windows-GroupPolicy/Operational,5324,0,0,0,0,0,0,0,0,0,0,0x4000000000000000,0,0,1,0,0,0,0,2015-03-22 14:54:48,1427036088.0,14,54
1313631,59017,b18601ca-74f2-494e-96c9-afbcf5930d71,2015-03-22 14:54:58,informant-PC, Service Control Manager ,System,0,0,1,0,0,0,0,None,448,System,7036,0,0,0,0,0,0,0,0,0,0,0x8080000000000000,0,0,0,1,0,0,0,2015-03-22 14:54:58,1427036098.0,14,54
1313632,59017,462f2055-ec84-44cf-ab80-5e8eae25dba5,2015-03-22 14:54:58,informant-PC, Service Control Manager ,System,0,0,1,0,0,0,0,None,448,System,7036,0,0,0,0,0,0,0,0,0,0,0x8080000000000000,0,0,0,1,0,0,0,2015-03-22 14:54:58,1427036098.0,14,54
1313657,59018,69c0264d-499e-409a-be6d-c69e495274cf,2015-03-22 14:55:35,informant-PC, Microsoft-Windows-LoadPerf ,Application,0,1,0,0,0,0,0,None,2136,Application,1001,0,0,0,0,0,0,0,0,0,0,0x8000000000000000,0,0,0,1,0,0,0,2015-03-22 14:55:35,1427036135.0,14,55
1313658,59018,01693cdf-683b-4f96-be8f-a67f001090d5,2015-03-22 14:55:35,informant-PC, Microsoft-Windows-LoadPerf ,Application,0,1,0,0,0,0,0,None,2136,Application,1001,0,0,0,0,0,0,0,0,0,0,0x8000000000000000,0,0,0,1,0,0,0,2015-03-22 14:55:35,1427036135.0,14,55
1313659,59018,3cdcf650-7416-4c42-bae2-3d383e55744f,2015-03-22 14:55:35,informant-PC, Microsoft-Windows-LoadPerf ,Application,0,1,0,0,0,0,0,None,2136,Application,1000,0,0,0,0,0,0,0,0,0,0,0x8000000000000000,0,0,0,1,0,0,0,2015-03-22 14:55:35,1427036135.0,14,55
1313660,59018,cfc595c8-e1c9-46cb-8fad-aef9e0d98284,2015-03-22 14:55:35,informant-PC, Microsoft-Windows-LoadPerf ,Application,0,1,0,0,0,0,0,None,2136,Application,1000,0,0,0,0,0,0,0,0,0,0,0x8000000000000000,0,0,0,1,0,0,0,2015-03-22 14:55:35,1427036135.0,14,55
1313665,59017,84e79a3e-5af2-46a9-9600-af155dc4c780,2015-03-22 14:55:51,informant-PC, Service Control Manager ,System,0,0,1,0,0,0,0,None,448,System,7036,0,0,0,0,0,0,0,0,0,0,0x8080000000000000,0,0,0,1,0,0,0,2015-03-22 14:55:51,1427036151.0,14,55
1313666,59017,8e97aa6b-54c8-49a2-bd89-5083ff5c81f8,2015-03-22 14:55:51,informant-PC, Service Control Manager ,System,0,0,1,0,0,0,0,None,448,System,7036,0,0,0,0,0,0,0,0,0,0,0x8080000000000000,0,0,0,1,0,0,0,2015-03-22 14:55:51,1427036151.0,14,55
1313725,59061,740d039c-c9b9-4da8-a921-b40b8b139dcf,2015-03-22 14:56:21,informant-PC, Microsoft-Windows-Diagnosis-DPS ,Other,0,0,0,0,0,1,0,None,1044,Microsoft-Windows-Diagnosis-DPS/Operational,105,0,0,0,0,0,0,0,0,0,1,0x4000000800000000,0,0,1,0,0,0,0,2015-03-22 14:56:21,1427036181.0,14,56
1313726,59061,7f96801d-c23d-4c1f-9707-58ca0aa5af1c,2015-03-22 14:56:21,informant-PC, Microsoft-Windows-Diagnosis-DPS ,Other,0,0,0,0,0,1,0,None,1044,Microsoft-Windows-Diagnosis-DPS/Operational,105,0,0,0,0,0,0,0,0,0,1,0x4000000800000000,0,0,1,0,0,0,0,2015-03-22 14:56:21,1427036181.0,14,56
1313727,59061,999857db-660f-49ae-9eab-d9d7cd01e991,2015-03-22 14:56:21,informant-PC, Microsoft-Windows-Diagnosis-DPS ,Other,0,0,0,0,0,1,0,None,1044,Microsoft-Windows-Diagnosis-DPS/Operational,100,0,0,0,0,0,0,0,0,0,1,0x4000000800000000,0,0,1,0,0,0,0,2015-03-22 14:56:21,1427036181.0,14,56
1313728,59061,b8058297-ffb5-40d3-96ac-b8882e4cb57c,2015-03-22 14:56:21,informant-PC, Microsoft-Windows-Diagnosis-DPS ,Other,0,0,0,0,0,1,0,None,1044,Microsoft-Windows-Diagnosis-DPS/Operational,100,0,0,0,0,0,0,0,0,0,1,0x4000000800000000,0,0,1,0,0,0,0,2015-03-22 14:56:21,1427036181.0,14,56
1313751,22255,ab67d804-4594-4c53-93ee-501e72d8e8fa,2015-03-22 14:56:22,informant-PC, Microsoft-Windows-Diagnostics-Performance ,Other,0,0,0,0,0,1,0,None,1044,Microsoft-Windows-Diagnostics-Performance/Operational,109,0,0,0,0,0,0,0,0,0,4002,0x8000000000010000,0,0,0,1,0,0,0,2015-03-22 14:56:22,1427036182.0,14,56
1313752,22255,749bc4f1-b556-4bb0-9f02-ac1cb3e4a88f,2015-03-22 14:56:22,informant-PC, Microsoft-Windows-Diagnostics-Performance ,Other,0,0,0,0,0,1,0,None,1044,Microsoft-Windows-Diagnostics-Performance/Operational,100,0,0,0,0,0,0,0,0,0,4002,0x8000000000010000,0,0,0,1,0,0,0,2015-03-22 14:56:22,1427036182.0,14,56
1313753,22255,98b8b20d-5569-4cf2-8c5b-7c2bd8c801f5,2015-03-22 14:56:22,informant-PC, Microsoft-Windows-Diagnostics-Performance ,Other,0,0,0,0,0,1,0,None,1044,Microsoft-Windows-Diagnostics-Performance/Operational,100,0,0,0,0,0,0,0,0,0,4002,0x8000000000010000,0,0,0,1,0,0,0,2015-03-22 14:56:22,1427036182.0,14,56
1313754,22255,bea3fbb4-a515-45d8-9398-2bc8934599b3,2015-03-22 14:56:22,informant-PC, Microsoft-Windows-Diagnostics-Performance ,Other,0,0,0,0,0,1,0,None,1044,Microsoft-Windows-Diagnostics-Performance/Operational,109,0,0,0,0,0,0,0,0,0,4002,0x8000000000010000,0,0,0,1,0,0,0,2015-03-22 14:56:22,1427036182.0,14,56
1313755,59061,e7be4fb3-02e5-4604-b6ed-75e2d9125c60,2015-03-22 14:56:22,informant-PC, Microsoft-Windows-Diagnosis-DPS ,Other,0,0,0,0,0,1,0,None,1044,Microsoft-Windows-Diagnosis-DPS/Operational,110,0,0,0,0,0,0,0,0,0,1,0x4000000800000000,0,0,1,0,0,0,0,2015-03-22 14:56:22,1427036182.0,14,56
1313756,59061,7afedec3-3ea8-4f70-a076-e77930b686c3,2015-03-22 14:56:22,informant-PC, Microsoft-Windows-Diagnosis-DPS ,Other,0,0,0,0,0,1,0,None,1044,Microsoft-Windows-Diagnosis-DPS/Operational,110,0,0,0,0,0,0,0,0,0,1,0x4000000800000000,0,0,1,0,0,0,0,2015-03-22 14:56:22,1427036182.0,14,56
1313757,22255,153daceb-d571-4681-9ff7-20bd6cb9f5f8,2015-03-22 14:56:22,informant-PC, Microsoft-Windows-Diagnostics-Performance ,Other,0,0,0,0,0,1,0,None,1044,Microsoft-Windows-Diagnostics-Performance/Operational,109,0,0,0,0,0,0,0,0,0,4002,0x8000000000010000,0,0,0,1,0,0,0,2015-03-22 14:56:22,1427036182.0,14,56
1313758,22255,ddb69b5d-7ab2-4e31-80e9-c884f3ff3c19,2015-03-22 14:56:22,informant-PC, Microsoft-Windows-Diagnostics-Performance ,Other,0,0,0,0,0,1,0,None,1044,Microsoft-Windows-Diagnostics-Performance/Operational,109,0,0,0,0,0,0,0,0,0,4002,0x8000000000010000,0,0,0,1,0,0,0,2015-03-22 14:56:22,1427036182.0,14,56
1313759,59061,754e0dad-4cf0-4bc0-b03a-e3483ea177d9,2015-03-22 14:56:22,informant-PC, Microsoft-Windows-Diagnosis-DPS ,Other,0,0,0,0,0,1,0,None,1044,Microsoft-Windows-Diagnosis-DPS/Operational,110,0,0,0,0,0,0,0,0,0,1,0x4000000800000000,0,0,1,0,0,0,0,2015-03-22 14:56:22,1427036182.0,14,56
1313760,59061,daf12cea-eed6-4a35-b69f-3962ce9ddd66,2015-03-22 14:56:22,informant-PC, Microsoft-Windows-Diagnosis-DPS ,Other,0,0,0,0,0,1,0,None,1044,Microsoft-Windows-Diagnosis-DPS/Operational,110,0,0,0,0,0,0,0,0,0,1,0x4000000800000000,0,0,1,0,0,0,0,2015-03-22 14:56:22,1427036182.0,14,56
1313769,59078,cedde2c0-2c79-46fe-88ee-dbe388a7924f,2015-03-22 14:56:36,informant-PC, Microsoft-Windows-KnownFolders ,Other,0,0,0,0,0,1,0,None,1272,Microsoft-Windows-Known Folders API Service,1002,0,0,0,0,0,0,0,0,0,0,0x8000000000000000,0,0,0,1,0,0,0,2015-03-22 14:56:36,1427036196.0,14,56
1313770,59078,22e1391d-319d-4f05-b2bc-3c383f99016e,2015-03-22 14:56:36,informant-PC, Microsoft-Windows-KnownFolders ,Other,0,0,0,0,0,1,0,None,1272,Microsoft-Windows-Known Folders API Service,1002,0,0,0,0,0,0,0,0,0,0,0x8000000000000000,0,0,0,1,0,0,0,2015-03-22 14:56:36,1427036196.0,14,56
1313771,59078,5ea909cd-c332-488e-a72c-f6daf2587a03,2015-03-22 14:56:36,informant-PC, Microsoft-Windows-KnownFolders ,Other,0,0,0,0,0,1,0,None,1272,Microsoft-Windows-Known Folders API Service,1002,0,0,0,0,0,0,0,0,0,0,0x8000000000000000,0,0,0,1,0,0,0,2015-03-22 14:56:36,1427036196.0,14,56
1313772,59078,7746c517-d06e-4fd8-945e-f3f183d79ba9,2015-03-22 14:56:36,informant-PC, Microsoft-Windows-KnownFolders ,Other,0,0,0,0,0,1,0,None,1272,Microsoft-Windows-Known Folders API Service,1002,0,0,0,0,0,0,0,0,0,0,0x8000000000000000,0,0,0,1,0,0,0,2015-03-22 14:56:36,1427036196.0,14,56
1313773,59078,d7372a1b-d1d5-4ed1-a61b-60bdddba7031,2015-03-22 14:56:36,informant-PC, Microsoft-Windows-KnownFolders ,Other,0,0,0,0,0,1,0,None,1272,Microsoft-Windows-Known Folders API Service,1002,0,0,0,0,0,0,0,0,0,0,0x8000000000000000,0,0,0,1,0,0,0,2015-03-22 14:56:36,1427036196.0,14,56
1313774,59078,e7024a31-f599-4c5b-88f8-ea721f02485c,2015-03-22 14:56:36,informant-PC, Microsoft-Windows-KnownFolders ,Other,0,0,0,0,0,1,0,None,1272,Microsoft-Windows-Known Folders API Service,1002,0,0,0,0,0,0,0,0,0,0,0x8000000000000000,0,0,0,1,0,0,0,2015-03-22 14:56:36,1427036196.0,14,56
1313775,59078,904bae2a-9f0a-406b-8b5a-d9d8ef113909,2015-03-22 14:56:36,informant-PC, Microsoft-Windows-KnownFolders ,Other,0,0,0,0,0,1,0,None,1272,Microsoft-Windows-Known Folders API Service,1002,0,0,0,0,0,0,0,0,0,0,0x8000000000000000,0,0,0,1,0,0,0,2015-03-22 14:56:36,1427036196.0,14,56
1313776,59078,a7a0c87f-af78-4b1e-b63e-30653b3059f6,2015-03-22 14:56:36,informant-PC, Microsoft-Windows-KnownFolders ,Other,0,0,0,0,0,1,0,None,1272,Microsoft-Windows-Known Folders API Service,1002,0,0,0,0,0,0,0,0,0,0,0x8000000000000000,0,0,0,1,0,0,0,2015-03-22 14:56:36,1427036196.0,14,56
1313789,59017,7a0341d3-186c-4c16-a1f9-945574d4af09,2015-03-22 14:56:44,informant-PC, Service Control Manager ,System,0,0,1,0,0,0,0,None,448,System,7036,0,0,0,0,0,0,0,0,0,0,0x8080000000000000,0,0,0,1,0,0,0,2015-03-22 14:56:44,1427036204.0,14,56
1313790,59017,b1fc7c4a-1997-4cde-9035-81c19f001afc,2015-03-22 14:56:44,informant-PC, Service Control Manager ,System,0,0,1,0,0,0,0,None,448,System,7036,0,0,0,0,0,0,0,0,0,0,0x8080000000000000,0,0,0,1,0,0,0,2015-03-22 14:56:44,1427036204.0,14,56
1314196,59019,240ed0ce-5e88-49f4-b266-ebbbb069a15c,2015-03-22 15:00:08,informant-PC, Microsoft-Windows-Security-Auditing ,Security,1,0,0,0,0,0,0,None,456,Security,4672,0,0,0,1,0,0,0,0,0,12548,0x8020000000000000,0,0,0,1,0,0,0,2015-03-22 15:00:08,1427036408.0,15,0
1314197,59019,263b6dc5-b083-49b7-87b7-52a4d439f105,2015-03-22 15:00:08,informant-PC, Microsoft-Windows-Security-Auditing ,Security,1,0,0,0,0,0,0,None,456,Security,4672,0,0,0,1,0,0,0,0,0,12548,0x8020000000000000,0,0,0,1,0,0,0,2015-03-22 15:00:08,1427036408.0,15,0
1314198,59019,f46dc6b1-10cd-4bdc-b440-70500406bb87,2015-03-22 15:00:08,informant-PC, Microsoft-Windows-Security-Auditing ,Security,1,0,0,0,0,0,0,S-1-5-18,456,Security,4624,0,0,0,1,0,0,0,0,0,12544,0x8020000000000000,0,0,0,1,0,0,0,2015-03-22 15:00:08,1427036408.0,15,0
1314199,59019,feff850f-7924-42ed-9afa-999dbd01a891,2015-03-22 15:00:08,informant-PC, Microsoft-Windows-Security-Auditing ,Security,1,0,0,0,0,0,0,S-1-5-18,456,Security,4624,0,0,0,1,0,0,0,0,0,12544,0x8020000000000000,0,0,0,1,0,0,0,2015-03-22 15:00:08,1427036408.0,15,0
1314200,59017,24dd0801-4fd3-4dd2-9d81-9ee0b3e80fd6,2015-03-22 15:00:08,informant-PC, Service Control Manager ,System,0,0,1,0,0,0,0,None,448,System,7036,0,0,0,0,0,0,0,0,0,0,0x8080000000000000,0,0,0,1,0,0,0,2015-03-22 15:00:08,1427036408.0,15,0
1314201,59017,424e883a-651c-4cc7-9826-397690813ff6,2015-03-22 15:00:08,informant-PC, Service Control Manager ,System,0,0,1,0,0,0,0,None,448,System,7036,0,0,0,0,0,0,0,0,0,0,0x8080000000000000,0,0,0,1,0,0,0,2015-03-22 15:00:08,1427036408.0,15,0
1314202,59019,3c493d43-04c3-4c16-963e-84d15f3594d6,2015-03-22 15:00:08,informant-PC, Microsoft-Windows-Security-Auditing ,Security,1,0,0,0,0,0,0,S-1-5-18,456,Security,4624,0,0,0,1,0,0,0,0,0,12544,0x8020000000000000,0,0,0,1,0,0,0,2015-03-22 15:00:08,1427036408.0,15,0
1314203,59019,fa7bbd7d-6250-4c39-ab6e-1c908331e23a,2015-03-22 15:00:08,informant-PC, Microsoft-Windows-Security-Auditing ,Security,1,0,0,0,0,0,0,None,456,Security,4672,0,0,0,1,0,0,0,0,0,12548,0x8020000000000000,0,0,0,1,0,0,0,2015-03-22 15:00:08,1427036408.0,15,0
1314204,59019,c38c275a-ea81-4928-aba0-f72905cba6b9,2015-03-22 15:00:08,informant-PC, Microsoft-Windows-Security-Auditing ,Security,1,0,0,0,0,0,0,None,456,Security,4672,0,0,0,1,0,0,0,0,0,12548,0x8020000000000000,0,0,0,1,0,0,0,2015-03-22 15:00:08,1427036408.0,15,0
1314205,59019,2280bc7f-75ae-4bce-a535-b47ac1b22949,2015-03-22 15:00:08,informant-PC, Microsoft-Windows-Security-Auditing ,Security,1,0,0,0,0,0,0,S-1-5-18,456,Security,4624,0,0,0,1,0,0,0,0,0,12544,0x8020000000000000,0,0,0,1,0,0,0,2015-03-22 15:00:08,1427036408.0,15,0
1314206,59017,52d409c9-a334-4553-bbdb-81a82576b597,2015-03-22 15:00:08,informant-PC, Service Control Manager ,System,0,0,1,0,0,0,0,None,448,System,7036,0,0,0,0,0,0,0,0,0,0,0x8080000000000000,0,0,0,1,0,0,0,2015-03-22 15:00:08,1427036408.0,15,0
1314207,59017,f448e0a6-4df1-4b35-9f42-de62e012c140,2015-03-22 15:00:08,informant-PC, Service Control Manager ,System,0,0,1,0,0,0,0,None,448,System,7036,0,0,0,0,0,0,0,0,0,0,0x8080000000000000,0,0,0,1,0,0,0,2015-03-22 15:00:08,1427036408.0,15,0
1314482,59017,039727e1-130d-4343-b4bb-c971e2fa8794,2015-03-22 15:00:15,informant-PC, Microsoft-Windows-UserPnp ,System,0,0,1,0,0,0,0,None,2212,System,20001,0,0,0,0,0,0,0,0,0,7005,0x8000000000000000,0,0,0,1,0,0,0,2015-03-22 15:00:15,1427036415.0,15,0
1314490,59017,d5291fb4-dd5f-422d-b54c-08fc20be97c7,2015-03-22 15:00:15,informant-PC, Microsoft-Windows-UserPnp ,System,0,0,1,0,0,0,0,None,2212,System,20001,0,0,0,0,0,0,0,0,0,7005,0x8000000000000000,0,0,0,1,0,0,0,2015-03-22 15:00:15,1427036415.0,15,0
1314504,59018,b1cca3bb-7274-4327-80db-29404cdbe8c7,2015-03-22 15:00:16,informant-PC, System Restore ,Application,0,1,0,0,0,0,0,None,None,Application,8194,0,0,0,0,0,0,0,0,0,0,0x0080000000000000,0,0,0,0,0,0,0,2015-03-22 15:00:16,1427036416.0,15,0
1314505,59018,0bf9eb96-da44-470d-a2f0-c25e99cadf2c,2015-03-22 15:00:16,informant-PC, System Restore ,Application,0,1,0,0,0,0,0,None,None,Application,8194,0,0,0,0,0,0,0,0,0,0,0x0080000000000000,0,0,0,0,0,0,0,2015-03-22 15:00:16,1427036416.0,15,0
1314982,59019,eea67ae7-2eb9-45b1-a2e3-0ec17f21e8cd,2015-03-22 15:00:18,informant-PC, Microsoft-Windows-Security-Auditing ,Security,1,0,0,0,0,0,0,S-1-5-18,456,Security,4624,0,0,0,1,0,0,0,0,0,12544,0x8020000000000000,0,0,0,1,0,0,0,2015-03-22 15:00:18,1427036418.0,15,0
1314983,59019,687156d9-6d61-4f66-9111-d6e0d0548e20,2015-03-22 15:00:18,informant-PC, Microsoft-Windows-Security-Auditing ,Security,1,0,0,0,0,0,0,S-1-5-18,456,Security,4624,0,0,0,1,0,0,0,0,0,12544,0x8020000000000000,0,0,0,1,0,0,0,2015-03-22 15:00:18,1427036418.0,15,0
1314984,59019,6f529d2d-4b3b-43da-ba8f-34dfac08297d,2015-03-22 15:00:18,informant-PC, Microsoft-Windows-Security-Auditing ,Security,1,0,0,0,0,0,0,None,456,Security,4672,0,0,0,1,0,0,0,0,0,12548,0x8020000000000000,0,0,0,1,0,0,0,2015-03-22 15:00:18,1427036418.0,15,0
1314985,59019,7d9e97f6-93e8-4d8b-9d96-bd7bc8e0b66d,2015-03-22 15:00:18,informant-PC, Microsoft-Windows-Security-Auditing ,Security,1,0,0,0,0,0,0,None,456,Security,4672,0,0,0,1,0,0,0,0,0,12548,0x8020000000000000,0,0,0,1,0,0,0,2015-03-22 15:00:18,1427036418.0,15,0
1315208,59017,122ef5a1-0f02-4efd-a1d0-3e616e12baed,2015-03-22 15:00:19,informant-PC, Service Control Manager ,System,0,0,1,0,0,0,0,None,448,System,7036,0,0,0,0,0,0,0,0,0,0,0x8080000000000000,0,0,0,1,0,0,0,2015-03-22 15:00:19,1427036419.0,15,0
1315209,59017,16791699-1c9c-48af-83cc-8b34bf5636a8,2015-03-22 15:00:19,informant-PC, Service Control Manager ,System,0,0,1,0,0,0,0,None,448,System,7036,0,0,0,0,0,0,0,0,0,0,0x8080000000000000,0,0,0,1,0,0,0,2015-03-22 15:00:19,1427036419.0,15,0
1315428,59019,c4282398-6e9b-4616-b8f4-3727757733c0,2015-03-22 15:00:20,informant-PC, Microsoft-Windows-Security-Auditing ,Security,1,0,0,0,0,0,0,None,456,Security,4904,0,0,0,0,0,0,1,0,0,13568,0x8020000000000000,0,0,0,1,0,0,0,2015-03-22 15:00:20,1427036420.0,15,0
1315429,59019,afbc628a-690d-41dc-b3d7-39f35a494ab0,2015-03-22 15:00:20,informant-PC, Microsoft-Windows-Security-Auditing ,Security,1,0,0,0,0,0,0,None,456,Security,4904,0,0,0,0,0,0,1,0,0,13568,0x8020000000000000,0,0,0,1,0,0,0,2015-03-22 15:00:20,1427036420.0,15,0
1315430,59019,40482c26-21d0-42b3-9848-fab73d46ade2,2015-03-22 15:00:20,informant-PC, Microsoft-Windows-Security-Auditing ,Security,1,0,0,0,0,0,0,None,456,Security,4905,0,0,0,0,0,0,1,0,0,13568,0x8020000000000000,0,0,0,1,0,0,0,2015-03-22 15:00:20,1427036420.0,15,0
1315431,59019,897c6a3c-8525-40fd-aa1e-d521959c6680,2015-03-22 15:00:20,informant-PC, Microsoft-Windows-Security-Auditing ,Security,1,0,0,0,0,0,0,None,456,Security,4905,0,0,0,0,0,0,1,0,0,13568,0x8020000000000000,0,0,0,1,0,0,0,2015-03-22 15:00:20,1427036420.0,15,0
1316348,59017,e39108bd-74bb-4f7d-90c9-06f36f50b573,2015-03-22 15:00:25,informant-PC, Microsoft-Windows-UserPnp ,System,0,0,1,0,0,0,0,None,2568,System,20001,0,0,0,0,0,0,0,0,0,7005,0x8000000000000000,0,0,0,1,0,0,0,2015-03-22 15:00:25,1427036425.0,15,0
1316349,59017,1d69231b-13a6-49b0-8b2f-de702ab6c054,2015-03-22 15:00:25,informant-PC, Microsoft-Windows-UserPnp ,System,0,0,1,0,0,0,0,None,2568,System,20001,0,0,0,0,0,0,0,0,0,7005,0x8000000000000000,0,0,0,1,0,0,0,2015-03-22 15:00:25,1427036425.0,15,0
1316460,59018,9b24b8cc-3043-4489-b556-694eb4389d20,2015-03-22 15:00:31,informant-PC, MsiInstaller ,Application,0,1,0,0,0,0,0,None,None,Application,1040,0,0,0,0,0,0,0,0,0,0,0x0080000000000000,0,0,0,0,0,0,0,2015-03-22 15:00:31,1427036431.0,15,0
1316461,59018,8e81289b-806b-4007-8215-bed06c38d76c,2015-03-22 15:00:31,informant-PC, System Restore ,Application,0,1,0,0,0,0,0,None,None,Application,8194,0,0,0,0,0,0,0,0,0,0,0x0080000000000000,0,0,0,0,0,0,0,2015-03-22 15:00:31,1427036431.0,15,0
1316462,59018,d2a11a1a-0b90-4cb2-afc5-2e155adf7630,2015-03-22 15:00:31,informant-PC, MsiInstaller ,Application,0,1,0,0,0,0,0,None,None,Application,1040,0,0,0,0,0,0,0,0,0,0,0x0080000000000000,0,0,0,0,0,0,0,2015-03-22 15:00:31,1427036431.0,15,0
1316463,59018,ce4e0118-88cb-42ff-b2bf-66f241a4d0a1,2015-03-22 15:00:31,informant-PC, System Restore ,Application,0,1,0,0,0,0,0,None,None,Application,8194,0,0,0,0,0,0,0,0,0,0,0x0080000000000000,0,0,0,0,0,0,0,2015-03-22 15:00:31,1427036431.0,15,0
1316918,59019,193885e4-9610-4c4b-a663-734fa2944e5c,2015-03-22 15:00:36,informant-PC, Microsoft-Windows-Security-Auditing ,Security,1,0,0,0,0,0,0,None,456,Security,4905,0,0,0,0,0,0,1,0,0,13568,0x8020000000000000,0,0,0,1,0,0,0,2015-03-22 15:00:36,1427036436.0,15,0
1316919,59019,10ff9749-462f-4be4-a719-b9427bfa1f80,2015-03-22 15:00:36,informant-PC, Microsoft-Windows-Security-Auditing ,Security,1,0,0,0,0,0,0,None,456,Security,4904,0,0,0,0,0,0,1,0,0,13568,0x8020000000000000,0,0,0,1,0,0,0,2015-03-22 15:00:36,1427036436.0,15,0
1316920,59019,098faef4-3c69-4634-a6bb-b3b4abf4f21f,2015-03-22 15:00:36,informant-PC, Microsoft-Windows-Security-Auditing ,Security,1,0,0,0,0,0,0,None,456,Security,4905,0,0,0,0,0,0,1,0,0,13568,0x8020000000000000,0,0,0,1,0,0,0,2015-03-22 15:00:36,1427036436.0,15,0
1316921,59019,f4fa9d41-c1fb-4e9f-9109-c7bcc160a118,2015-03-22 15:00:36,informant-PC, Microsoft-Windows-Security-Auditing ,Security,1,0,0,0,0,0,0,None,456,Security,4904,0,0,0,0,0,0,1,0,0,13568,0x8020000000000000,0,0,0,1,0,0,0,2015-03-22 15:00:36,1427036436.0,15,0
1317461,59017,3c79a046-b24f-4a89-b6c1-f77c891d5eaf,2015-03-22 15:00:51,informant-PC, Service Control Manager ,System,0,0,1,0,0,0,0,None,448,System,7036,0,0,0,0,0,0,0,0,0,0,0x8080000000000000,0,0,0,1,0,0,0,2015-03-22 15:00:51,1427036451.0,15,0
1317464,59017,302f983c-b407-4426-9bbf-dad795ee1ba7,2015-03-22 15:00:51,informant-PC, Service Control Manager ,System,0,0,1,0,0,0,0,None,448,System,7036,0,0,0,0,0,0,0,0,0,0,0x8080000000000000,0,0,0,1,0,0,0,2015-03-22 15:00:51,1427036451.0,15,0
1319928,59017,877b8bbb-755c-4730-80a2-8215f96841a0,2015-03-22 15:00:58,informant-PC, Service Control Manager ,System,0,0,1,0,0,0,0,None,448,System,7045,0,0,0,0,0,0,0,0,0,0,0x8080000000000000,0,0,0,1,0,0,0,2015-03-22 15:00:58,1427036458.0,15,0
1319929,59017,154df212-549f-4f01-9bac-d28cc52a4557,2015-03-22 15:00:58,informant-PC, Service Control Manager ,System,0,0,1,0,0,0,0,None,448,System,7045,0,0,0,0,0,0,0,0,0,0,0x8080000000000000,0,0,0,1,0,0,0,2015-03-22 15:00:58,1427036458.0,15,0
1319946,59017,9bd68dd6-8de6-423e-a7cb-510a0f608aaa,2015-03-22 15:00:58,informant-PC, Service Control Manager ,System,0,0,1,0,0,0,0,None,448,System,7036,0,0,0,0,0,0,0,0,0,0,0x8080000000000000,0,0,0,1,0,0,0,2015-03-22 15:00:58,1427036458.0,15,0
1319947,59017,c136a827-9890-46cb-aede-9b8b36abfe38,2015-03-22 15:00:58,informant-PC, Service Control Manager ,System,0,0,1,0,0,0,0,None,448,System,7036,0,0,0,0,0,0,0,0,0,0,0x8080000000000000,0,0,0,1,0,0,0,2015-03-22 15:00:58,1427036458.0,15,0
1319948,59018,08aa0974-2185-4aed-a5a6-ec7658e14a3e,2015-03-22 15:00:59,informant-PC, MsiInstaller ,Application,0,1,0,0,0,0,0,None,None,Application,1033,0,0,0,0,0,0,0,0,0,0,0x0080000000000000,0,0,0,0,0,0,0,2015-03-22 15:00:59,1427036459.0,15,0
1319949,59018,c11bcc96-4413-4797-890b-29eb0d251868,2015-03-22 15:00:59,informant-PC, MsiInstaller ,Application,0,1,0,0,0,0,0,None,None,Application,11707,0,0,0,0,0,0,0,0,0,0,0x0080000000000000,0,0,0,0,0,0,0,2015-03-22 15:00:59,1427036459.0,15,0
1319950,59018,ac470052-437f-4ff2-b347-3c58f9900922,2015-03-22 15:00:59,informant-PC, MsiInstaller ,Application,0,1,0,0,0,0,0,None,None,Application,11707,0,0,0,0,0,0,0,0,0,0,0x0080000000000000,0,0,0,0,0,0,0,2015-03-22 15:00:59,1427036459.0,15,0
1319951,59018,6f79fec6-b29e-4f2c-af9a-8d47ef5fcba0,2015-03-22 15:00:59,informant-PC, MsiInstaller ,Application,0,1,0,0,0,0,0,None,None,Application,1033,0,0,0,0,0,0,0,0,0,0,0x0080000000000000,0,0,0,0,0,0,0,2015-03-22 15:00:59,1427036459.0,15,0
1320082,59018,88e9438b-fd2f-4fa7-b0b0-e5b28a436661,2015-03-22 15:01:01,informant-PC, MsiInstaller ,Application,0,1,0,0,0,0,0,None,None,Application,11707,0,0,0,0,0,0,0,0,0,0,0x0080000000000000,0,0,0,0,0,0,0,2015-03-22 15:01:01,1427036461.0,15,1
1320083,59018,2fd83bfc-dee7-4ca6-b191-3f1ef5cdf43f,2015-03-22 15:01:01,informant-PC, MsiInstaller ,Application,0,1,0,0,0,0,0,None,None,Application,11707,0,0,0,0,0,0,0,0,0,0,0x0080000000000000,0,0,0,0,0,0,0,2015-03-22 15:01:01,1427036461.0,15,1
1320084,59018,05562e47-6810-4159-afb2-20b64af7d384,2015-03-22 15:01:01,informant-PC, MsiInstaller ,Application,0,1,0,0,0,0,0,None,None,Application,1033,0,0,0,0,0,0,0,0,0,0,0x0080000000000000,0,0,0,0,0,0,0,2015-03-22 15:01:01,1427036461.0,15,1
1320085,59018,46b88277-18b6-46e5-b411-038f3d1d16aa,2015-03-22 15:01:01,informant-PC, MsiInstaller ,Application,0,1,0,0,0,0,0,None,None,Application,1033,0,0,0,0,0,0,0,0,0,0,0x0080000000000000,0,0,0,0,0,0,0,2015-03-22 15:01:01,1427036461.0,15,1
1320186,59018,b0917dd6-fb8d-465a-8b38-2b8d2af60140,2015-03-22 15:01:02,informant-PC, MsiInstaller ,Application,0,1,0,0,0,0,0,None,None,Application,11707,0,0,0,0,0,0,0,0,0,0,0x0080000000000000,0,0,0,0,0,0,0,2015-03-22 15:01:02,1427036462.0,15,1
1320187,59018,901a9781-e741-44ae-af72-b64ffd9be90d,2015-03-22 15:01:02,informant-PC, MsiInstaller ,Application,0,1,0,0,0,0,0,None,None,Application,11707,0,0,0,0,0,0,0,0,0,0,0x0080000000000000,0,0,0,0,0,0,0,2015-03-22 15:01:02,1427036462.0,15,1
1320188,59018,ae8f13f6-8858-46a2-a799-51e6785bddf7,2015-03-22 15:01:02,informant-PC, MsiInstaller ,Application,0,1,0,0,0,0,0,None,None,Application,1033,0,0,0,0,0,0,0,0,0,0,0x0080000000000000,0,0,0,0,0,0,0,2015-03-22 15:01:02,1427036462.0,15,1
1320189,59018,24791f29-2430-4eae-820a-3d9830938ee1,2015-03-22 15:01:02,informant-PC, MsiInstaller ,Application,0,1,0,0,0,0,0,None,None,Application,1033,0,0,0,0,0,0,0,0,0,0,0x0080000000000000,0,0,0,0,0,0,0,2015-03-22 15:01:02,1427036462.0,15,1
1320190,59018,bc8b2db0-e05d-4d9c-a676-15e1e5665f68,2015-03-22 15:01:02,informant-PC, MsiInstaller ,Application,0,1,0,0,0,0,0,None,None,Application,11707,0,0,0,0,0,0,0,0,0,0,0x0080000000000000,0,0,0,0,0,0,0,2015-03-22 15:01:02,1427036462.0,15,1
1320191,59018,7c11da4d-b4ae-4960-bb12-15407b54c45d,2015-03-22 15:01:02,informant-PC, MsiInstaller ,Application,0,1,0,0,0,0,0,None,None,Application,1033,0,0,0,0,0,0,0,0,0,0,0x0080000000000000,0,0,0,0,0,0,0,2015-03-22 15:01:02,1427036462.0,15,1
1320192,59018,f3489279-5e4f-4b1a-a059-787026f753c8,2015-03-22 15:01:02,informant-PC, MsiInstaller ,Application,0,1,0,0,0,0,0,None,None,Application,1033,0,0,0,0,0,0,0,0,0,0,0x0080000000000000,0,0,0,0,0,0,0,2015-03-22 15:01:02,1427036462.0,15,1
1320193,59018,4a84bc82-1210-43d9-94de-1eca17063732,2015-03-22 15:01:02,informant-PC, MsiInstaller ,Application,0,1,0,0,0,0,0,None,None,Application,11707,0,0,0,0,0,0,0,0,0,0,0x0080000000000000,0,0,0,0,0,0,0,2015-03-22 15:01:02,1427036462.0,15,1
1320388,59018,efe44e76-d46d-44d0-b73f-854631f0ae25,2015-03-22 15:01:03,informant-PC, MsiInstaller ,Application,0,1,0,0,0,0,0,None,None,Application,11707,0,0,0,0,0,0,0,0,0,0,0x0080000000000000,0,0,0,0,0,0,0,2015-03-22 15:01:03,1427036463.0,15,1
1320389,59018,700aa15e-6a6f-49af-bd67-82a6daeab53e,2015-03-22 15:01:03,informant-PC, MsiInstaller ,Application,0,1,0,0,0,0,0,None,None,Application,11707,0,0,0,0,0,0,0,0,0,0,0x0080000000000000,0,0,0,0,0,0,0,2015-03-22 15:01:03,1427036463.0,15,1
1320390,59018,aa1a144d-5f7c-4d9f-9e0c-317e88c1b7e3,2015-03-22 15:01:03,informant-PC, MsiInstaller ,Application,0,1,0,0,0,0,0,None,None,Application,1033,0,0,0,0,0,0,0,0,0,0,0x0080000000000000,0,0,0,0,0,0,0,2015-03-22 15:01:03,1427036463.0,15,1
1320391,59018,7737ae90-7006-409d-be87-4dfe5dcc063c,2015-03-22 15:01:03,informant-PC, MsiInstaller ,Application,0,1,0,0,0,0,0,None,None,Application,1033,0,0,0,0,0,0,0,0,0,0,0x0080000000000000,0,0,0,0,0,0,0,2015-03-22 15:01:03,1427036463.0,15,1
1320496,59018,f67cc75f-5a47-4145-b138-50d36082b121,2015-03-22 15:01:04,informant-PC, MsiInstaller ,Application,0,1,0,0,0,0,0,None,None,Application,11707,0,0,0,0,0,0,0,0,0,0,0x0080000000000000,0,0,0,0,0,0,0,2015-03-22 15:01:04,1427036464.0,15,1
1320497,59018,46ce5a07-c33b-4609-9b80-7528732fee5b,2015-03-22 15:01:04,informant-PC, MsiInstaller ,Application,0,1,0,0,0,0,0,None,None,Application,11707,0,0,0,0,0,0,0,0,0,0,0x0080000000000000,0,0,0,0,0,0,0,2015-03-22 15:01:04,1427036464.0,15,1
1320498,59018,b43c512c-80d1-4045-861a-322f4178d011,2015-03-22 15:01:04,informant-PC, MsiInstaller ,Application,0,1,0,0,0,0,0,None,None,Application,1033,0,0,0,0,0,0,0,0,0,0,0x0080000000000000,0,0,0,0,0,0,0,2015-03-22 15:01:04,1427036464.0,15,1
1320499,59018,492479da-8d38-42ef-83e1-b80b8d82a7da,2015-03-22 15:01:04,informant-PC, MsiInstaller ,Application,0,1,0,0,0,0,0,None,None,Application,1033,0,0,0,0,0,0,0,0,0,0,0x0080000000000000,0,0,0,0,0,0,0,2015-03-22 15:01:04,1427036464.0,15,1
1321210,59018,a96c0092-3e6c-4066-8025-c802fb93d3c3,2015-03-22 15:01:06,informant-PC, MsiInstaller ,Application,0,1,0,0,0,0,0,None,None,Application,11707,0,0,0,0,0,0,0,0,0,0,0x0080000000000000,0,0,0,0,0,0,0,2015-03-22 15:01:06,1427036466.0,15,1
1321211,59018,913d70a0-f820-438a-b35a-4f38a662e72a,2015-03-22 15:01:06,informant-PC, MsiInstaller ,Application,0,1,0,0,0,0,0,None,None,Application,11707,0,0,0,0,0,0,0,0,0,0,0x0080000000000000,0,0,0,0,0,0,0,2015-03-22 15:01:06,1427036466.0,15,1
1321212,59018,b0876d3e-4a2b-437b-a793-ca19f5be0ca8,2015-03-22 15:01:06,informant-PC, MsiInstaller ,Application,0,1,0,0,0,0,0,None,None,Application,1033,0,0,0,0,0,0,0,0,0,0,0x0080000000000000,0,0,0,0,0,0,0,2015-03-22 15:01:06,1427036466.0,15,1
1321213,59018,1e6cdab3-917c-4c16-ad97-659c5fedb173,2015-03-22 15:01:06,informant-PC, MsiInstaller ,Application,0,1,0,0,0,0,0,None,None,Application,1033,0,0,0,0,0,0,0,0,0,0,0x0080000000000000,0,0,0,0,0,0,0,2015-03-22 15:01:06,1427036466.0,15,1
1321698,59018,fbc80b79-a53a-4993-93aa-cfd86556c1da,2015-03-22 15:01:07,informant-PC, MsiInstaller ,Application,0,1,0,0,0,0,0,None,None,Application,11707,0,0,0,0,0,0,0,0,0,0,0x0080000000000000,0,0,0,0,0,0,0,2015-03-22 15:01:07,1427036467.0,15,1
1321699,59018,aeb83776-d4cd-4937-830b-132650edef1c,2015-03-22 15:01:07,informant-PC, MsiInstaller ,Application,0,1,0,0,0,0,0,None,None,Application,1033,0,0,0,0,0,0,0,0,0,0,0x0080000000000000,0,0,0,0,0,0,0,2015-03-22 15:01:07,1427036467.0,15,1
1321700,59018,0045a605-0b6b-4694-8c18-590b203fd045,2015-03-22 15:01:07,informant-PC, MsiInstaller ,Application,0,1,0,0,0,0,0,None,None,Application,11707,0,0,0,0,0,0,0,0,0,0,0x0080000000000000,0,0,0,0,0,0,0,2015-03-22 15:01:07,1427036467.0,15,1
1321701,59018,220fb979-e7b3-43cd-b29e-1f70d0d20d29,2015-03-22 15:01:07,informant-PC, MsiInstaller ,Application,0,1,0,0,0,0,0,None,None,Application,1033,0,0,0,0,0,0,0,0,0,0,0x0080000000000000,0,0,0,0,0,0,0,2015-03-22 15:01:07,1427036467.0,15,1
1322152,59018,0e958269-a9e9-4f7f-97a7-909d347fa9b5,2015-03-22 15:01:09,informant-PC, MsiInstaller ,Application,0,1,0,0,0,0,0,None,None,Application,1033,0,0,0,0,0,0,0,0,0,0,0x0080000000000000,0,0,0,0,0,0,0,2015-03-22 15:01:09,1427036469.0,15,1
1322153,59018,460708ba-0cb1-4684-b5ef-b6677015188a,2015-03-22 15:01:09,informant-PC, MsiInstaller ,Application,0,1,0,0,0,0,0,None,None,Application,11707,0,0,0,0,0,0,0,0,0,0,0x0080000000000000,0,0,0,0,0,0,0,2015-03-22 15:01:09,1427036469.0,15,1
1322154,59018,2a98df4e-63e9-4ffd-83e9-7ea818c2ebd8,2015-03-22 15:01:09,informant-PC, MsiInstaller ,Application,0,1,0,0,0,0,0,None,None,Application,11707,0,0,0,0,0,0,0,0,0,0,0x0080000000000000,0,0,0,0,0,0,0,2015-03-22 15:01:09,1427036469.0,15,1
1322155,59018,cd6b8936-1cb5-4b1e-a7c2-bfae0cb60d4d,2015-03-22 15:01:09,informant-PC, MsiInstaller ,Application,0,1,0,0,0,0,0,None,None,Application,1033,0,0,0,0,0,0,0,0,0,0,0x0080000000000000,0,0,0,0,0,0,0,2015-03-22 15:01:09,1427036469.0,15,1
1322254,59018,fcb3f85d-df92-4b5a-a25b-c7d814a48586,2015-03-22 15:01:10,informant-PC, MsiInstaller ,Application,0,1,0,0,0,0,0,None,None,Application,1033,0,0,0,0,0,0,0,0,0,0,0x0080000000000000,0,0,0,0,0,0,0,2015-03-22 15:01:10,1427036470.0,15,1
1322255,59018,344f023e-fb3b-4be4-b9fe-9900a9b03a3b,2015-03-22 15:01:10,informant-PC, MsiInstaller ,Application,0,1,0,0,0,0,0,None,None,Application,11707,0,0,0,0,0,0,0,0,0,0,0x0080000000000000,0,0,0,0,0,0,0,2015-03-22 15:01:10,1427036470.0,15,1
1322256,59018,5e7793b9-e9d0-4322-b20d-31a34371c9ca,2015-03-22 15:01:10,informant-PC, MsiInstaller ,Application,0,1,0,0,0,0,0,None,None,Application,11707,0,0,0,0,0,0,0,0,0,0,0x0080000000000000,0,0,0,0,0,0,0,2015-03-22 15:01:10,1427036470.0,15,1
1322257,59018,e2fffdf0-de7f-4ba9-ad6a-a0170b9e4634,2015-03-22 15:01:10,informant-PC, MsiInstaller ,Application,0,1,0,0,0,0,0,None,None,Application,1033,0,0,0,0,0,0,0,0,0,0,0x0080000000000000,0,0,0,0,0,0,0,2015-03-22 15:01:10,1427036470.0,15,1
1322350,59018,0728cc2c-fad1-476c-8752-67046d356a18,2015-03-22 15:01:11,informant-PC, MsiInstaller ,Application,0,1,0,0,0,0,0,None,None,Application,11707,0,0,0,0,0,0,0,0,0,0,0x0080000000000000,0,0,0,0,0,0,0,2015-03-22 15:01:11,1427036471.0,15,1
1322351,59018,7b2b6fc8-2f1e-41c4-b722-9d77927d3328,2015-03-22 15:01:11,informant-PC, MsiInstaller ,Application,0,1,0,0,0,0,0,None,None,Application,1033,0,0,0,0,0,0,0,0,0,0,0x0080000000000000,0,0,0,0,0,0,0,2015-03-22 15:01:11,1427036471.0,15,1
1322352,59018,b4e3cd80-2a81-4940-b8d3-7cb795750e16,2015-03-22 15:01:11,informant-PC, MsiInstaller ,Application,0,1,0,0,0,0,0,None,None,Application,1033,0,0,0,0,0,0,0,0,0,0,0x0080000000000000,0,0,0,0,0,0,0,2015-03-22 15:01:11,1427036471.0,15,1
1322353,59018,2382a576-5781-4ca9-b6fc-3c0f9a26786b,2015-03-22 15:01:11,informant-PC, MsiInstaller ,Application,0,1,0,0,0,0,0,None,None,Application,11707,0,0,0,0,0,0,0,0,0,0,0x0080000000000000,0,0,0,0,0,0,0,2015-03-22 15:01:11,1427036471.0,15,1
1322682,59018,6c1af098-efa8-417d-b32d-87cb056c66e1,2015-03-22 15:01:12,informant-PC, MsiInstaller ,Application,0,1,0,0,0,0,0,None,None,Application,1033,0,0,0,0,0,0,0,0,0,0,0x0080000000000000,0,0,0,0,0,0,0,2015-03-22 15:01:12,1427036472.0,15,1
1322683,59018,f380596d-ab8a-4ab0-abe5-25134160d7a9,2015-03-22 15:01:12,informant-PC, MsiInstaller ,Application,0,1,0,0,0,0,0,None,None,Application,11707,0,0,0,0,0,0,0,0,0,0,0x0080000000000000,0,0,0,0,0,0,0,2015-03-22 15:01:12,1427036472.0,15,1
1322684,59018,ec35af9b-273a-49d0-a0a7-27e39731563e,2015-03-22 15:01:12,informant-PC, MsiInstaller ,Application,0,1,0,0,0,0,0,None,None,Application,1033,0,0,0,0,0,0,0,0,0,0,0x0080000000000000,0,0,0,0,0,0,0,2015-03-22 15:01:12,1427036472.0,15,1
1322685,59018,11c98c88-8efd-4bc5-a03a-98a866589010,2015-03-22 15:01:12,informant-PC, MsiInstaller ,Application,0,1,0,0,0,0,0,None,None,Application,11707,0,0,0,0,0,0,0,0,0,0,0x0080000000000000,0,0,0,0,0,0,0,2015-03-22 15:01:12,1427036472.0,15,1
1322790,59018,152f14d0-a33d-48f0-b12f-08b466aa484c,2015-03-22 15:01:13,informant-PC, MsiInstaller ,Application,0,1,0,0,0,0,0,None,None,Application,1033,0,0,0,0,0,0,0,0,0,0,0x0080000000000000,0,0,0,0,0,0,0,2015-03-22 15:01:13,1427036473.0,15,1
1322791,59018,9f3f97e4-6d65-40ae-98c7-c9f6f89cdc27,2015-03-22 15:01:13,informant-PC, MsiInstaller ,Application,0,1,0,0,0,0,0,None,None,Application,11707,0,0,0,0,0,0,0,0,0,0,0x0080000000000000,0,0,0,0,0,0,0,2015-03-22 15:01:13,1427036473.0,15,1
1322792,59018,19703d84-2f8a-4478-ac3c-a1faa8929993,2015-03-22 15:01:13,informant-PC, MsiInstaller ,Application,0,1,0,0,0,0,0,None,None,Application,1033,0,0,0,0,0,0,0,0,0,0,0x0080000000000000,0,0,0,0,0,0,0,2015-03-22 15:01:13,1427036473.0,15,1
1322793,59018,e79dd005-6b7d-420b-a7c3-19ee5c5ac58f,2015-03-22 15:01:13,informant-PC, MsiInstaller ,Application,0,1,0,0,0,0,0,None,None,Application,11707,0,0,0,0,0,0,0,0,0,0,0x0080000000000000,0,0,0,0,0,0,0,2015-03-22 15:01:13,1427036473.0,15,1
1322902,59018,990c056d-ef96-44f0-83a6-1b9aec954f59,2015-03-22 15:01:14,informant-PC, MsiInstaller ,Application,0,1,0,0,0,0,0,None,None,Application,1033,0,0,0,0,0,0,0,0,0,0,0x0080000000000000,0,0,0,0,0,0,0,2015-03-22 15:01:14,1427036474.0,15,1
1322903,59018,4752f494-d7ed-4076-b50b-0edb1bfc6a93,2015-03-22 15:01:14,informant-PC, MsiInstaller ,Application,0,1,0,0,0,0,0,None,None,Application,11707,0,0,0,0,0,0,0,0,0,0,0x0080000000000000,0,0,0,0,0,0,0,2015-03-22 15:01:14,1427036474.0,15,1
1322904,59018,3c14f9f0-c9a6-46fc-98e3-ea080cf1fabf,2015-03-22 15:01:14,informant-PC, MsiInstaller ,Application,0,1,0,0,0,0,0,None,None,Application,11707,0,0,0,0,0,0,0,0,0,0,0x0080000000000000,0,0,0,0,0,0,0,2015-03-22 15:01:14,1427036474.0,15,1
1322905,59018,2dd8a5a8-4876-4f02-9d47-542996422edc,2015-03-22 15:01:14,informant-PC, MsiInstaller ,Application,0,1,0,0,0,0,0,None,None,Application,1033,0,0,0,0,0,0,0,0,0,0,0x0080000000000000,0,0,0,0,0,0,0,2015-03-22 15:01:14,1427036474.0,15,1
1323748,59018,ce793d79-bf51-49a5-9d14-c1d4e2b8ab45,2015-03-22 15:01:31,informant-PC, MsiInstaller ,Application,0,1,0,0,0,0,0,None,None,Application,1033,0,0,0,0,0,0,0,0,0,0,0x0080000000000000,0,0,0,0,0,0,0,2015-03-22 15:01:31,1427036491.0,15,1
1323749,59018,ab9309f7-4ced-4274-92c3-c969e7056c59,2015-03-22 15:01:31,informant-PC, MsiInstaller ,Application,0,1,0,0,0,0,0,None,None,Application,1033,0,0,0,0,0,0,0,0,0,0,0x0080000000000000,0,0,0,0,0,0,0,2015-03-22 15:01:31,1427036491.0,15,1
1323750,59018,d048432d-6e4b-4e83-8872-b5c15cb7dbb4,2015-03-22 15:01:31,informant-PC, MsiInstaller ,Application,0,1,0,0,0,0,0,None,None,Application,11707,0,0,0,0,0,0,0,0,0,0,0x0080000000000000,0,0,0,0,0,0,0,2015-03-22 15:01:31,1427036491.0,15,1
1323751,59018,881eabc2-25e9-405e-b52f-cf68f51fbbb8,2015-03-22 15:01:31,informant-PC, MsiInstaller ,Application,0,1,0,0,0,0,0,None,None,Application,11707,0,0,0,0,0,0,0,0,0,0,0x0080000000000000,0,0,0,0,0,0,0,2015-03-22 15:01:31,1427036491.0,15,1
1324090,59018,9729694d-8e13-4af1-ab17-f7699fa65285,2015-03-22 15:01:32,informant-PC, MsiInstaller ,Application,0,1,0,0,0,0,0,None,None,Application,11707,0,0,0,0,0,0,0,0,0,0,0x0080000000000000,0,0,0,0,0,0,0,2015-03-22 15:01:32,1427036492.0,15,1
1324091,59018,cae69a2b-952e-4687-9e2f-174e43e702d5,2015-03-22 15:01:32,informant-PC, MsiInstaller ,Application,0,1,0,0,0,0,0,None,None,Application,11707,0,0,0,0,0,0,0,0,0,0,0x0080000000000000,0,0,0,0,0,0,0,2015-03-22 15:01:32,1427036492.0,15,1
1324092,59018,91863c32-4de3-49c1-beeb-090fc91f64d4,2015-03-22 15:01:32,informant-PC, MsiInstaller ,Application,0,1,0,0,0,0,0,None,None,Application,11707,0,0,0,0,0,0,0,0,0,0,0x0080000000000000,0,0,0,0,0,0,0,2015-03-22 15:01:32,1427036492.0,15,1
1324093,59018,90d43175-9005-4b95-aa97-71425210a48b,2015-03-22 15:01:32,informant-PC, MsiInstaller ,Application,0,1,0,0,0,0,0,None,None,Application,1033,0,0,0,0,0,0,0,0,0,0,0x0080000000000000,0,0,0,0,0,0,0,2015-03-22 15:01:32,1427036492.0,15,1
1324094,59018,17441bd4-80f0-473a-bdc5-068f54db6b0f,2015-03-22 15:01:32,informant-PC, MsiInstaller ,Application,0,1,0,0,0,0,0,None,None,Application,11707,0,0,0,0,0,0,0,0,0,0,0x0080000000000000,0,0,0,0,0,0,0,2015-03-22 15:01:32,1427036492.0,15,1
1324095,59018,da1ef049-ce3e-4645-8851-485375afa6f8,2015-03-22 15:01:32,informant-PC, MsiInstaller ,Application,0,1,0,0,0,0,0,None,None,Application,1033,0,0,0,0,0,0,0,0,0,0,0x0080000000000000,0,0,0,0,0,0,0,2015-03-22 15:01:32,1427036492.0,15,1
1324096,59018,53610565-1800-4cc3-a721-b476fb753109,2015-03-22 15:01:32,informant-PC, MsiInstaller ,Application,0,1,0,0,0,0,0,None,None,Application,1033,0,0,0,0,0,0,0,0,0,0,0x0080000000000000,0,0,0,0,0,0,0,2015-03-22 15:01:32,1427036492.0,15,1
1324097,59018,43cc1448-f0cd-4023-8011-64c8f3308a1f,2015-03-22 15:01:32,informant-PC, MsiInstaller ,Application,0,1,0,0,0,0,0,None,None,Application,1033,0,0,0,0,0,0,0,0,0,0,0x0080000000000000,0,0,0,0,0,0,0,2015-03-22 15:01:32,1427036492.0,15,1
1324348,59018,2dc0de06-bef0-4af8-8759-0fb248b6f547,2015-03-22 15:01:34,informant-PC, MsiInstaller ,Application,0,1,0,0,0,0,0,None,None,Application,1033,0,0,0,0,0,0,0,0,0,0,0x0080000000000000,0,0,0,0,0,0,0,2015-03-22 15:01:34,1427036494.0,15,1
1324349,59018,a126672d-0d58-4261-a80e-4f54e149d8a3,2015-03-22 15:01:34,informant-PC, MsiInstaller ,Application,0,1,0,0,0,0,0,None,None,Application,11707,0,0,0,0,0,0,0,0,0,0,0x0080000000000000,0,0,0,0,0,0,0,2015-03-22 15:01:34,1427036494.0,15,1
1324350,59018,4d9affc7-a55e-47cb-a55e-1fc7f88859f1,2015-03-22 15:01:34,informant-PC, MsiInstaller ,Application,0,1,0,0,0,0,0,None,None,Application,11707,0,0,0,0,0,0,0,0,0,0,0x0080000000000000,0,0,0,0,0,0,0,2015-03-22 15:01:34,1427036494.0,15,1
1324351,59018,20ed5c48-1d7e-4619-bea5-8c011f8bbdf2,2015-03-22 15:01:34,informant-PC, MsiInstaller ,Application,0,1,0,0,0,0,0,None,None,Application,1033,0,0,0,0,0,0,0,0,0,0,0x0080000000000000,0,0,0,0,0,0,0,2015-03-22 15:01:34,1427036494.0,15,1
1324352,59018,7e6a9704-be60-4b46-bcf1-6cb95f95c610,2015-03-22 15:01:34,informant-PC, MsiInstaller ,Application,0,1,0,0,0,0,0,None,None,Application,1033,0,0,0,0,0,0,0,0,0,0,0x0080000000000000,0,0,0,0,0,0,0,2015-03-22 15:01:34,1427036494.0,15,1
1324353,59018,fe8920aa-8fdc-4b39-a9d1-dfc4b5bc648e,2015-03-22 15:01:34,informant-PC, MsiInstaller ,Application,0,1,0,0,0,0,0,None,None,Application,1033,0,0,0,0,0,0,0,0,0,0,0x0080000000000000,0,0,0,0,0,0,0,2015-03-22 15:01:34,1427036494.0,15,1
1324354,59018,4ec33188-516a-44fb-8371-1257fabac3c3,2015-03-22 15:01:34,informant-PC, MsiInstaller ,Application,0,1,0,0,0,0,0,None,None,Application,11707,0,0,0,0,0,0,0,0,0,0,0x0080000000000000,0,0,0,0,0,0,0,2015-03-22 15:01:34,1427036494.0,15,1
1324355,59018,dce8cd71-8dcc-425c-906e-6a3541b09efb,2015-03-22 15:01:34,informant-PC, MsiInstaller ,Application,0,1,0,0,0,0,0,None,None,Application,11707,0,0,0,0,0,0,0,0,0,0,0x0080000000000000,0,0,0,0,0,0,0,2015-03-22 15:01:34,1427036494.0,15,1
1326250,59018,c1bfbea0-2819-4585-a3a3-6be1163a74bf,2015-03-22 15:01:37,informant-PC, MsiInstaller ,Application,0,1,0,0,0,0,0,None,None,Application,11707,0,0,0,0,0,0,0,0,0,0,0x0080000000000000,0,0,0,0,0,0,0,2015-03-22 15:01:37,1427036497.0,15,1
1326251,59018,73ac3299-b293-4e2b-b6cd-addd5981e17c,2015-03-22 15:01:37,informant-PC, MsiInstaller ,Application,0,1,0,0,0,0,0,None,None,Application,1033,0,0,0,0,0,0,0,0,0,0,0x0080000000000000,0,0,0,0,0,0,0,2015-03-22 15:01:37,1427036497.0,15,1
1326252,59018,e547ca52-e76b-464d-800d-85001e5d736e,2015-03-22 15:01:37,informant-PC, MsiInstaller ,Application,0,1,0,0,0,0,0,None,None,Application,1033,0,0,0,0,0,0,0,0,0,0,0x0080000000000000,0,0,0,0,0,0,0,2015-03-22 15:01:37,1427036497.0,15,1
1326253,59018,ebaf80e1-edbd-463c-ba62-3002043587c4,2015-03-22 15:01:37,informant-PC, MsiInstaller ,Application,0,1,0,0,0,0,0,None,None,Application,11707,0,0,0,0,0,0,0,0,0,0,0x0080000000000000,0,0,0,0,0,0,0,2015-03-22 15:01:37,1427036497.0,15,1
1327188,59018,2b982d68-f264-4600-9873-54115b93f6d9,2015-03-22 15:01:39,informant-PC, MsiInstaller ,Application,0,1,0,0,0,0,0,None,None,Application,11707,0,0,0,0,0,0,0,0,0,0,0x0080000000000000,0,0,0,0,0,0,0,2015-03-22 15:01:39,1427036499.0,15,1
1327189,59018,0e5e507b-3c9d-4ad4-b4f0-6390db8e3f84,2015-03-22 15:01:39,informant-PC, MsiInstaller ,Application,0,1,0,0,0,0,0,None,None,Application,1033,0,0,0,0,0,0,0,0,0,0,0x0080000000000000,0,0,0,0,0,0,0,2015-03-22 15:01:39,1427036499.0,15,1
1327190,59018,f2f8772a-f190-48b6-97e4-21a812ed304f,2015-03-22 15:01:39,informant-PC, MsiInstaller ,Application,0,1,0,0,0,0,0,None,None,Application,1033,0,0,0,0,0,0,0,0,0,0,0x0080000000000000,0,0,0,0,0,0,0,2015-03-22 15:01:39,1427036499.0,15,1
1327191,59018,0abe5243-0507-4471-8bc1-cf84a58a7c75,2015-03-22 15:01:39,informant-PC, MsiInstaller ,Application,0,1,0,0,0,0,0,None,None,Application,11707,0,0,0,0,0,0,0,0,0,0,0x0080000000000000,0,0,0,0,0,0,0,2015-03-22 15:01:39,1427036499.0,15,1
1334868,59018,58ab7515-3aed-424b-a44a-6f46f587c175,2015-03-22 15:01:46,informant-PC, MsiInstaller ,Application,0,1,0,0,0,0,0,None,None,Application,11707,0,0,0,0,0,0,0,0,0,0,0x0080000000000000,0,0,0,0,0,0,0,2015-03-22 15:01:46,1427036506.0,15,1
1334869,59018,7e000219-b919-4d18-8cca-2fef14ab1042,2015-03-22 15:01:46,informant-PC, MsiInstaller ,Application,0,1,0,0,0,0,0,None,None,Application,11707,0,0,0,0,0,0,0,0,0,0,0x0080000000000000,0,0,0,0,0,0,0,2015-03-22 15:01:46,1427036506.0,15,1
1334870,59018,b8a843a8-e7f2-4069-a3ee-83983ef264c2,2015-03-22 15:01:46,informant-PC, MsiInstaller ,Application,0,1,0,0,0,0,0,None,None,Application,1033,0,0,0,0,0,0,0,0,0,0,0x0080000000000000,0,0,0,0,0,0,0,2015-03-22 15:01:46,1427036506.0,15,1
1334871,59018,34b13248-c28a-465b-bfe4-2eb8e37cdbf9,2015-03-22 15:01:46,informant-PC, MsiInstaller ,Application,0,1,0,0,0,0,0,None,None,Application,1033,0,0,0,0,0,0,0,0,0,0,0x0080000000000000,0,0,0,0,0,0,0,2015-03-22 15:01:46,1427036506.0,15,1
1335528,59017,c3ea18c5-7645-457c-b84e-307eabfe9552,2015-03-22 15:01:46,informant-PC, Service Control Manager ,System,0,0,1,0,0,0,0,None,448,System,7036,0,0,0,0,0,0,0,0,0,0,0x8080000000000000,0,0,0,1,0,0,0,2015-03-22 15:01:46,1427036506.0,15,1
1335534,59017,50ddce41-4add-4cee-b754-92aa520f9a06,2015-03-22 15:01:46,informant-PC, Service Control Manager ,System,0,0,1,0,0,0,0,None,448,System,7036,0,0,0,0,0,0,0,0,0,0,0x8080000000000000,0,0,0,1,0,0,0,2015-03-22 15:01:46,1427036506.0,15,1
1342145,59051,f8dad0ea-38b7-455e-b806-525f1f07c74b,2015-03-22 15:02:46,informant-PC, Microsoft-Windows-ReadyBoost ,Other,0,0,0,0,0,1,0,None,760,Microsoft-Windows-ReadyBoost/Operational,1016,0,0,0,0,0,0,0,0,0,1016,0x8000000000002000,0,0,0,1,0,0,0,2015-03-22 15:02:46,1427036566.0,15,2
1342161,59051,742f86d8-3e9d-4631-b55b-122ebcc3c597,2015-03-22 15:02:46,informant-PC, Microsoft-Windows-ReadyBoost ,Other,0,0,0,0,0,1,0,None,760,Microsoft-Windows-ReadyBoost/Operational,1016,0,0,0,0,0,0,0,0,0,1016,0x8000000000002000,0,0,0,1,0,0,0,2015-03-22 15:02:46,1427036566.0,15,2
1363446,59018,b0d675c8-ab55-4237-944c-83236261b8fc,2015-03-22 15:03:27,informant-PC, Microsoft-Windows-LoadPerf ,Application,0,1,0,0,0,0,0,None,1696,Application,1000,0,0,0,0,0,0,0,0,0,0,0x8000000000000000,0,0,0,1,0,0,0,2015-03-22 15:03:27,1427036607.0,15,3
1363453,59018,b7c2d15b-dd97-4c53-9b8a-1ba8d1040f81,2015-03-22 15:03:27,informant-PC, Microsoft-Windows-LoadPerf ,Application,0,1,0,0,0,0,0,None,1696,Application,1000,0,0,0,0,0,0,0,0,0,0,0x8000000000000000,0,0,0,1,0,0,0,2015-03-22 15:03:27,1427036607.0,15,3
1368238,59057,8a72e3ea-322a-4cf6-8a7e-37463d9c1557,2015-03-22 15:03:31,informant-PC, Microsoft-Windows-Windows Firewall With Advanced Security ,Other,0,0,0,0,0,1,0,None,1044,Microsoft-Windows-Windows Firewall With Advanced Security/Firewall,2004,0,0,0,0,0,0,0,0,0,0,0x8000020000000000,0,0,0,1,0,0,0,2015-03-22 15:03:31,1427036611.0,15,3
