2018600,59041,4d4a9e15-02e8-4be1-88eb-ed114826f035,2015-03-23 18:24:25,informant-PC, Microsoft-Windows-BranchCacheSMB ,Other,0,0,0,0,0,1,0,None,804,Microsoft-Windows-BranchCacheSMB/Operational,3005,0,0,0,0,0,0,0,0,0,0,0x8000000000000800,0,0,0,1,0,0,0,2015-03-23 18:24:25,1427135065.0,18,24
2019924,59017,41043d20-c09b-43a4-a9f7-7eab9d6031f9,2015-03-23 18:31:09,informant-PC, Service Control Manager ,System,0,0,1,0,0,0,0,None,484,System,7036,0,0,0,0,0,0,0,0,0,0,0x8080000000000000,0,0,0,1,0,0,0,2015-03-23 18:31:09,1427135469.0,18,31
2019926,59017,7f75c2ea-6609-4857-b1cc-eafd60a11cac,2015-03-23 18:31:09,informant-PC, Service Control Manager ,System,0,0,1,0,0,0,0,None,484,System,7036,0,0,0,0,0,0,0,0,0,0,0x8080000000000000,0,0,0,1,0,0,0,2015-03-23 18:31:09,1427135469.0,18,31
2021018,59017,2f8789e4-9260-4a0e-8abd-4a54a23a324a,2015-03-23 18:31:10,informant-PC, Microsoft-Windows-UserPnp ,System,0,0,1,0,0,0,0,None,2288,System,20003,0,0,0,0,0,0,0,0,0,7005,0x8000000000000000,0,0,0,1,0,0,0,2015-03-23 18:31:10,1427135470.0,18,31
2021020,59017,09eaaaac-7a65-4bdb-8522-6ce257634342,2015-03-23 18:31:10,informant-PC, Microsoft-Windows-UserPnp ,System,0,0,1,0,0,0,0,None,2288,System,20003,0,0,0,0,0,0,0,0,0,7005,0x8000000000000000,0,0,0,1,0,0,0,2015-03-23 18:31:10,1427135470.0,18,31
2021226,59017,96a97f9b-fd3e-4b3a-9e16-1b6763de5fda,2015-03-23 18:31:10,informant-PC, Microsoft-Windows-UserPnp ,System,0,0,1,0,0,0,0,None,2288,System,20001,0,0,0,0,0,0,0,0,0,7005,0x8000000000000000,0,0,0,1,0,0,0,2015-03-23 18:31:10,1427135470.0,18,31
2021233,59017,56f04de0-51bb-441e-956c-cfb6ca925268,2015-03-23 18:31:10,informant-PC, Microsoft-Windows-UserPnp ,System,0,0,1,0,0,0,0,None,2288,System,20001,0,0,0,0,0,0,0,0,0,7005,0x8000000000000000,0,0,0,1,0,0,0,2015-03-23 18:31:10,1427135470.0,18,31
2023017,59017,372b1f9e-6251-40d3-bdd3-1c4e92711b48,2015-03-23 18:31:11,informant-PC, Microsoft-Windows-UserPnp ,System,0,0,1,0,0,0,0,None,3480,System,20003,0,0,0,0,0,0,0,0,0,7005,0x8000000000000000,0,0,0,1,0,0,0,2015-03-23 18:31:11,1427135471.0,18,31
2023022,59017,1124aba9-d668-485c-a4c6-29217de64443,2015-03-23 18:31:11,informant-PC, Microsoft-Windows-UserPnp ,System,0,0,1,0,0,0,0,None,3480,System,20003,0,0,0,0,0,0,0,0,0,7005,0x8000000000000000,0,0,0,1,0,0,0,2015-03-23 18:31:11,1427135471.0,18,31
2023204,59017,1c7bf45b-6387-4ec4-acf2-cfc83c8e7a37,2015-03-23 18:31:11,informant-PC, Microsoft-Windows-UserPnp ,System,0,0,1,0,0,0,0,None,3480,System,20001,0,0,0,0,0,0,0,0,0,7005,0x8000000000000000,0,0,0,1,0,0,0,2015-03-23 18:31:11,1427135471.0,18,31
2023290,59017,a50e1cb5-881e-40d3-9112-33af588a6c8e,2015-03-23 18:31:11,informant-PC, Microsoft-Windows-UserPnp ,System,0,0,1,0,0,0,0,None,3480,System,20001,0,0,0,0,0,0,0,0,0,7005,0x8000000000000000,0,0,0,1,0,0,0,2015-03-23 18:31:11,1427135471.0,18,31
2024842,59017,52acfbea-5857-4d87-919e-38d251ae2080,2015-03-23 18:31:11,informant-PC, Microsoft-Windows-UserPnp ,System,0,0,1,0,0,0,0,None,1376,System,20003,0,0,0,0,0,0,0,0,0,7005,0x8000000000000000,0,0,0,1,0,0,0,2015-03-23 18:31:11,1427135471.0,18,31
2024896,59017,ad04e20c-d568-441e-9bb4-3bf56a7aaee7,2015-03-23 18:31:11,informant-PC, Microsoft-Windows-UserPnp ,System,0,0,1,0,0,0,0,None,1376,System,20003,0,0,0,0,0,0,0,0,0,7005,0x8000000000000000,0,0,0,1,0,0,0,2015-03-23 18:31:11,1427135471.0,18,31
2024913,59017,b9f36a2c-8924-42fe-bbf5-1173ad8e5a62,2015-03-23 18:31:11,informant-PC, Service Control Manager ,System,0,0,1,0,0,0,0,None,484,System,7036,0,0,0,0,0,0,0,0,0,0,0x8080000000000000,0,0,0,1,0,0,0,2015-03-23 18:31:11,1427135471.0,18,31
2024914,59017,3f3d2032-278b-4b5c-bbb4-b1570f70a8fe,2015-03-23 18:31:11,informant-PC, Service Control Manager ,System,0,0,1,0,0,0,0,None,484,System,7036,0,0,0,0,0,0,0,0,0,0,0x8080000000000000,0,0,0,1,0,0,0,2015-03-23 18:31:11,1427135471.0,18,31
2025054,59017,2335478d-ce88-4a1a-9112-f98da9dd4eb5,2015-03-23 18:31:11,informant-PC, Microsoft-Windows-UserPnp ,System,0,0,1,0,0,0,0,None,1376,System,20001,0,0,0,0,0,0,0,0,0,7005,0x8000000000000000,0,0,0,1,0,0,0,2015-03-23 18:31:11,1427135471.0,18,31
2025088,59017,ab5766c1-6149-4490-b836-0d6512021b6b,2015-03-23 18:31:11,informant-PC, Microsoft-Windows-UserPnp ,System,0,0,1,0,0,0,0,None,1376,System,20001,0,0,0,0,0,0,0,0,0,7005,0x8000000000000000,0,0,0,1,0,0,0,2015-03-23 18:31:11,1427135471.0,18,31
2025285,59018,120d5bcf-2b87-4323-a810-2f33a2087898,2015-03-23 18:32:18,informant-PC, Microsoft-Windows-LoadPerf ,Application,0,1,0,0,0,0,0,None,380,Application,1001,0,0,0,0,0,0,0,0,0,0,0x8000000000000000,0,0,0,1,0,0,0,2015-03-23 18:32:18,1427135538.0,18,32
2025299,59018,54bd514f-0650-4619-91d6-d7598e0b053a,2015-03-23 18:32:18,informant-PC, Microsoft-Windows-LoadPerf ,Application,0,1,0,0,0,0,0,None,380,Application,1001,0,0,0,0,0,0,0,0,0,0,0x8000000000000000,0,0,0,1,0,0,0,2015-03-23 18:32:18,1427135538.0,18,32
2025336,59018,75e87259-1eab-49df-b726-eefb654b13aa,2015-03-23 18:32:18,informant-PC, Microsoft-Windows-LoadPerf ,Application,0,1,0,0,0,0,0,None,380,Application,1000,0,0,0,0,0,0,0,0,0,0,0x8000000000000000,0,0,0,1,0,0,0,2015-03-23 18:32:18,1427135538.0,18,32
2025344,59018,0f22f7d3-2a0e-4bd4-a29f-e2ef3f256eb6,2015-03-23 18:32:18,informant-PC, Microsoft-Windows-LoadPerf ,Application,0,1,0,0,0,0,0,None,380,Application,1000,0,0,0,0,0,0,0,0,0,0,0x8000000000000000,0,0,0,1,0,0,0,2015-03-23 18:32:18,1427135538.0,18,32
2025357,59017,b5e97d54-2cdf-4f91-8019-19c96f017676,2015-03-23 18:32:33,informant-PC, Service Control Manager ,System,0,0,1,0,0,0,0,None,484,System,7036,0,0,0,0,0,0,0,0,0,0,0x8080000000000000,0,0,0,1,0,0,0,2015-03-23 18:32:33,1427135553.0,18,32
2025358,59017,0151069a-1089-4fcc-abc8-09c65674f00d,2015-03-23 18:32:33,informant-PC, Service Control Manager ,System,0,0,1,0,0,0,0,None,484,System,7036,0,0,0,0,0,0,0,0,0,0,0x8080000000000000,0,0,0,1,0,0,0,2015-03-23 18:32:33,1427135553.0,18,32
2025359,59017,7c74b159-5e2a-4df9-9ab9-7dd978bdbcdd,2015-03-23 18:33:37,informant-PC, Service Control Manager ,System,0,0,1,0,0,0,0,None,484,System,7036,0,0,0,0,0,0,0,0,0,0,0x8080000000000000,0,0,0,1,0,0,0,2015-03-23 18:33:37,1427135617.0,18,33
2025360,59017,ebd3cea4-f440-4774-849e-7e0a7851610d,2015-03-23 18:33:37,informant-PC, Service Control Manager ,System,0,0,1,0,0,0,0,None,484,System,7036,0,0,0,0,0,0,0,0,0,0,0x8080000000000000,0,0,0,1,0,0,0,2015-03-23 18:33:37,1427135617.0,18,33
2025361,59017,f9ab30c9-7b27-42c0-bc50-4d3e84179f6a,2015-03-23 18:34:49,informant-PC, Service Control Manager ,System,0,0,1,0,0,0,0,None,484,System,7036,0,0,0,0,0,0,0,0,0,0,0x8080000000000000,0,0,0,1,0,0,0,2015-03-23 18:34:49,1427135689.0,18,34
2025362,59017,71ad056c-e696-445d-a265-119bb3f67e08,2015-03-23 18:34:49,informant-PC, Service Control Manager ,System,0,0,1,0,0,0,0,None,484,System,7036,0,0,0,0,0,0,0,0,0,0,0x8080000000000000,0,0,0,1,0,0,0,2015-03-23 18:34:49,1427135689.0,18,34
2025410,59018,7dba466c-497d-4ab1-8f22-6cb82a4ffe21,2015-03-23 18:36:01,informant-PC, Microsoft-Windows-LoadPerf ,Application,0,1,0,0,0,0,0,None,2612,Application,1001,0,0,0,0,0,0,0,0,0,0,0x8000000000000000,0,0,0,1,0,0,0,2015-03-23 18:36:01,1427135761.0,18,36
2025415,59018,d0e1ff5f-22fc-459c-af9f-03df6e662f19,2015-03-23 18:36:01,informant-PC, Microsoft-Windows-LoadPerf ,Application,0,1,0,0,0,0,0,None,2612,Application,1001,0,0,0,0,0,0,0,0,0,0,0x8000000000000000,0,0,0,1,0,0,0,2015-03-23 18:36:01,1427135761.0,18,36
2025472,59018,19b790f0-d28d-485f-bf19-2eeef3aed836,2015-03-23 18:36:01,informant-PC, Microsoft-Windows-LoadPerf ,Application,0,1,0,0,0,0,0,None,2612,Application,1000,0,0,0,0,0,0,0,0,0,0,0x8000000000000000,0,0,0,1,0,0,0,2015-03-23 18:36:01,1427135761.0,18,36
2025478,59018,31ac5535-e256-49fe-b7ac-540a24c9ac32,2015-03-23 18:36:01,informant-PC, Microsoft-Windows-LoadPerf ,Application,0,1,0,0,0,0,0,None,2612,Application,1000,0,0,0,0,0,0,0,0,0,0,0x8000000000000000,0,0,0,1,0,0,0,2015-03-23 18:36:01,1427135761.0,18,36
2025494,59019,cd84d9fd-a426-4e29-ab7d-1ab89c03203e,2015-03-23 18:36:07,informant-PC, Microsoft-Windows-Security-Auditing ,Security,1,0,0,0,0,0,0,None,492,Security,4672,0,0,0,1,0,0,0,0,0,12548,0x8020000000000000,0,0,0,1,0,0,0,2015-03-23 18:36:07,1427135767.0,18,36
2025495,59019,785a1d9b-65ca-4199-baca-25cd77fcbacc,2015-03-23 18:36:07,informant-PC, Microsoft-Windows-Security-Auditing ,Security,1,0,0,0,0,0,0,None,492,Security,4672,0,0,0,1,0,0,0,0,0,12548,0x8020000000000000,0,0,0,1,0,0,0,2015-03-23 18:36:07,1427135767.0,18,36
2025496,59019,c842819b-e534-4fae-b605-bf2fbfc39c2a,2015-03-23 18:36:07,informant-PC, Microsoft-Windows-Security-Auditing ,Security,1,0,0,0,0,0,0,S-1-5-18,492,Security,4624,0,0,0,1,0,0,0,0,0,12544,0x8020000000000000,0,0,0,1,0,0,0,2015-03-23 18:36:07,1427135767.0,18,36
2025497,59019,6c471b13-4aa2-46a9-9bfa-666db9c88b98,2015-03-23 18:36:07,informant-PC, Microsoft-Windows-Security-Auditing ,Security,1,0,0,0,0,0,0,S-1-5-18,492,Security,4624,0,0,0,1,0,0,0,0,0,12544,0x8020000000000000,0,0,0,1,0,0,0,2015-03-23 18:36:07,1427135767.0,18,36
2025498,59017,09603f57-5b65-45f8-a811-17aab3bb502d,2015-03-23 18:36:07,informant-PC, Service Control Manager ,System,0,0,1,0,0,0,0,None,484,System,7036,0,0,0,0,0,0,0,0,0,0,0x8080000000000000,0,0,0,1,0,0,0,2015-03-23 18:36:07,1427135767.0,18,36
2025499,59017,90ec0ee8-2c26-4fb7-8a1a-1517dc80f49b,2015-03-23 18:36:07,informant-PC, Service Control Manager ,System,0,0,1,0,0,0,0,None,484,System,7036,0,0,0,0,0,0,0,0,0,0,0x8080000000000000,0,0,0,1,0,0,0,2015-03-23 18:36:07,1427135767.0,18,36
2025536,59017,c6d58b60-7384-4bc5-8ddc-138cdd0917af,2015-03-23 18:36:49,informant-PC, Service Control Manager ,System,0,0,1,0,0,0,0,None,484,System,7036,0,0,0,0,0,0,0,0,0,0,0x8080000000000000,0,0,0,1,0,0,0,2015-03-23 18:36:49,1427135809.0,18,36
2025537,59017,184f7f97-5c0d-48a4-9d8f-877e7788f955,2015-03-23 18:36:49,informant-PC, Service Control Manager ,System,0,0,1,0,0,0,0,None,484,System,7036,0,0,0,0,0,0,0,0,0,0,0x8080000000000000,0,0,0,1,0,0,0,2015-03-23 18:36:49,1427135809.0,18,36
2026212,59018,781df8d6-7fa6-4e70-9819-6dfa0c6f668c,2015-03-23 18:37:55,informant-PC, Office Software Protection Platform Service ,Application,0,1,0,0,0,0,0,None,None,Application,900,0,0,0,0,0,0,0,0,0,0,0x0080000000000000,0,0,0,0,0,0,0,2015-03-23 18:37:55,1427135875.0,18,37
2026213,59018,e1953190-9e28-4787-8a64-b37d7daf741a,2015-03-23 18:37:55,informant-PC, Office Software Protection Platform Service ,Application,0,1,0,0,0,0,0,None,None,Application,900,0,0,0,0,0,0,0,0,0,0,0x0080000000000000,0,0,0,0,0,0,0,2015-03-23 18:37:55,1427135875.0,18,37
2026226,59017,94565173-6ad6-4168-af51-e98ad94f60f4,2015-03-23 18:37:55,informant-PC, Service Control Manager ,System,0,0,1,0,0,0,0,None,484,System,7036,0,0,0,0,0,0,0,0,0,0,0x8080000000000000,0,0,0,1,0,0,0,2015-03-23 18:37:55,1427135875.0,18,37
2026227,59017,79dd4105-2b2e-4ec5-a603-a45a7bee3880,2015-03-23 18:37:55,informant-PC, Service Control Manager ,System,0,0,1,0,0,0,0,None,484,System,7036,0,0,0,0,0,0,0,0,0,0,0x8080000000000000,0,0,0,1,0,0,0,2015-03-23 18:37:55,1427135875.0,18,37
2026230,59018,6879b8a7-2640-4ce9-bb34-c3f97466853b,2015-03-23 18:37:56,informant-PC, Office Software Protection Platform Service ,Application,0,1,0,0,0,0,0,None,None,Application,1066,0,0,0,0,0,0,0,0,0,0,0x0080000000000000,0,0,0,0,0,0,0,2015-03-23 18:37:56,1427135876.0,18,37
2026231,59018,bf58c69a-e822-4f9a-9be8-479a2238615c,2015-03-23 18:37:56,informant-PC, Office Software Protection Platform Service ,Application,0,1,0,0,0,0,0,None,None,Application,1003,0,0,0,0,0,0,0,0,0,0,0x0080000000000000,0,0,0,0,0,0,0,2015-03-23 18:37:56,1427135876.0,18,37
2026232,59018,f5448a1e-fd16-460b-b561-33351ece5110,2015-03-23 18:37:56,informant-PC, Office Software Protection Platform Service ,Application,0,1,0,0,0,0,0,None,None,Application,1003,0,0,0,0,0,0,0,0,0,0,0x0080000000000000,0,0,0,0,0,0,0,2015-03-23 18:37:56,1427135876.0,18,37
2026235,59018,13700da8-2a2d-4b75-80ec-2b3b858c1a90,2015-03-23 18:37:56,informant-PC, Office Software Protection Platform Service ,Application,0,1,0,0,0,0,0,None,None,Application,902,0,0,0,0,0,0,0,0,0,0,0x0080000000000000,0,0,0,0,0,0,0,2015-03-23 18:37:56,1427135876.0,18,37
2026236,59018,986a4b50-ee36-4eda-9af7-2533401db04d,2015-03-23 18:37:56,informant-PC, Office Software Protection Platform Service ,Application,0,1,0,0,0,0,0,None,None,Application,1066,0,0,0,0,0,0,0,0,0,0,0x0080000000000000,0,0,0,0,0,0,0,2015-03-23 18:37:56,1427135876.0,18,37
2026237,59018,241f4a47-cf73-4bd5-8e7b-b1622359b6e2,2015-03-23 18:37:56,informant-PC, Office Software Protection Platform Service ,Application,0,1,0,0,0,0,0,None,None,Application,902,0,0,0,0,0,0,0,0,0,0,0x0080000000000000,0,0,0,0,0,0,0,2015-03-23 18:37:56,1427135876.0,18,37
2026290,59018,2adec657-ef32-4ee8-a42a-4b3ce617fef6,2015-03-23 18:37:59,informant-PC, Office Software Protection Platform Service ,Application,0,1,0,0,0,0,0,None,None,Application,1003,0,0,0,0,0,0,0,0,0,0,0x0080000000000000,0,0,0,0,0,0,0,2015-03-23 18:37:59,1427135879.0,18,37
2026291,59018,8dfb7e3a-2bd2-4326-ac03-f86a23b00632,2015-03-23 18:37:59,informant-PC, Office Software Protection Platform Service ,Application,0,1,0,0,0,0,0,None,None,Application,1003,0,0,0,0,0,0,0,0,0,0,0x0080000000000000,0,0,0,0,0,0,0,2015-03-23 18:37:59,1427135879.0,18,37
2026602,59017,4bbb783e-4559-46bd-924a-b995d80ec0f7,2015-03-23 18:38:07,informant-PC, Service Control Manager ,System,0,0,1,0,0,0,0,None,484,System,7036,0,0,0,0,0,0,0,0,0,0,0x8080000000000000,0,0,0,1,0,0,0,2015-03-23 18:38:07,1427135887.0,18,38
2026603,59017,6992b31c-4833-4357-8311-27521ff06d3e,2015-03-23 18:38:07,informant-PC, Service Control Manager ,System,0,0,1,0,0,0,0,None,484,System,7036,0,0,0,0,0,0,0,0,0,0,0x8080000000000000,0,0,0,1,0,0,0,2015-03-23 18:38:07,1427135887.0,18,38
2029958,59018,fd7e85cb-7213-420b-8a68-a44424de3c43,2015-03-23 18:38:24,informant-PC, Office Software Protection Platform Service ,Application,0,1,0,0,0,0,0,None,None,Application,1003,0,0,0,0,0,0,0,0,0,0,0x0080000000000000,0,0,0,0,0,0,0,2015-03-23 18:38:24,1427135904.0,18,38
2029959,59018,b1b0d4d0-a964-47e1-bfe4-f4701f14aca5,2015-03-23 18:38:24,informant-PC, Office Software Protection Platform Service ,Application,0,1,0,0,0,0,0,None,None,Application,1003,0,0,0,0,0,0,0,0,0,0,0x0080000000000000,0,0,0,0,0,0,0,2015-03-23 18:38:24,1427135904.0,18,38
2030000,59018,0459368c-04f3-4163-88b9-0991b3218d68,2015-03-23 18:38:35,informant-PC, Office Software Protection Platform Service ,Application,0,1,0,0,0,0,0,None,None,Application,1003,0,0,0,0,0,0,0,0,0,0,0x0080000000000000,0,0,0,0,0,0,0,2015-03-23 18:38:35,1427135915.0,18,38
2030001,59018,fec93119-d516-478f-8dd9-36e7beedabfa,2015-03-23 18:38:35,informant-PC, Office Software Protection Platform Service ,Application,0,1,0,0,0,0,0,None,None,Application,1003,0,0,0,0,0,0,0,0,0,0,0x0080000000000000,0,0,0,0,0,0,0,2015-03-23 18:38:35,1427135915.0,18,38
2030822,59081,0838ee20-efb4-425a-b03f-ecd2766b0625,2015-03-23 18:39:31,informant-PC, Microsoft-Windows-NetworkProfile ,Other,0,0,0,0,0,1,0,None,856,Microsoft-Windows-NetworkProfile/Operational,4001,0,0,0,0,0,0,0,0,0,1,0x4000200000000000,0,0,1,0,0,0,0,2015-03-23 18:39:31,1427135971.0,18,39
2030823,59081,c10bb5af-b1db-45b6-b8da-586a4ceac4d1,2015-03-23 18:39:31,informant-PC, Microsoft-Windows-NetworkProfile ,Other,0,0,0,0,0,1,0,None,856,Microsoft-Windows-NetworkProfile/Operational,4001,0,0,0,0,0,0,0,0,0,1,0x4000200000000000,0,0,1,0,0,0,0,2015-03-23 18:39:31,1427135971.0,18,39
2030824,59081,3793105d-4638-47d2-8647-3b832c97164c,2015-03-23 18:39:31,informant-PC, Microsoft-Windows-NetworkProfile ,Other,0,0,0,0,0,1,0,None,856,Microsoft-Windows-NetworkProfile/Operational,10001,0,0,0,0,0,0,0,0,0,0,0x4000200000000000,0,0,1,0,0,0,0,2015-03-23 18:39:31,1427135971.0,18,39
2030825,59081,d8d7e182-d5e8-4615-b57e-cb7c7f31eb83,2015-03-23 18:39:31,informant-PC, Microsoft-Windows-NetworkProfile ,Other,0,0,0,0,0,1,0,None,856,Microsoft-Windows-NetworkProfile/Operational,10001,0,0,0,0,0,0,0,0,0,0,0x4000200000000000,0,0,1,0,0,0,0,2015-03-23 18:39:31,1427135971.0,18,39
2030826,59057,835691bf-8f37-4774-b929-2772da685576,2015-03-23 18:39:31,informant-PC, Microsoft-Windows-Windows Firewall With Advanced Security ,Other,0,0,0,0,0,1,0,None,1148,Microsoft-Windows-Windows Firewall With Advanced Security/Firewall,2010,0,0,0,0,0,0,0,0,0,0,0x8000000000000000,0,0,0,1,0,0,0,2015-03-23 18:39:31,1427135971.0,18,39
2030827,59057,c7f24957-63cb-4e74-8c45-3395a4c76086,2015-03-23 18:39:31,informant-PC, Microsoft-Windows-Windows Firewall With Advanced Security ,Other,0,0,0,0,0,1,0,None,1148,Microsoft-Windows-Windows Firewall With Advanced Security/Firewall,2002,0,0,0,0,0,0,0,0,0,0,0x8000000000000000,0,0,0,1,0,0,0,2015-03-23 18:39:31,1427135971.0,18,39
2030828,59057,1f70f2e2-a78f-467f-9a43-01b640cfe603,2015-03-23 18:39:31,informant-PC, Microsoft-Windows-Windows Firewall With Advanced Security ,Other,0,0,0,0,0,1,0,None,1148,Microsoft-Windows-Windows Firewall With Advanced Security/Firewall,2002,0,0,0,0,0,0,0,0,0,0,0x8000000000000000,0,0,0,1,0,0,0,2015-03-23 18:39:31,1427135971.0,18,39
2030829,59057,003ec384-bea2-46d1-a53f-3c3ccd827836,2015-03-23 18:39:31,informant-PC, Microsoft-Windows-Windows Firewall With Advanced Security ,Other,0,0,0,0,0,1,0,None,1148,Microsoft-Windows-Windows Firewall With Advanced Security/Firewall,2010,0,0,0,0,0,0,0,0,0,0,0x8000000000000000,0,0,0,1,0,0,0,2015-03-23 18:39:31,1427135971.0,18,39
2030872,59081,a55cd1bf-557e-4de8-af87-b0e113f47c5b,2015-03-23 18:39:31,informant-PC, Microsoft-Windows-NetworkProfile ,Other,0,0,0,0,0,1,0,None,856,Microsoft-Windows-NetworkProfile/Operational,10000,0,0,0,0,0,0,0,0,0,0,0x4000200000000000,0,0,1,0,0,0,0,2015-03-23 18:39:31,1427135971.0,18,39
2030873,59081,622ca2df-040c-46dd-b89f-98a46c5eb6c6,2015-03-23 18:39:31,informant-PC, Microsoft-Windows-NetworkProfile ,Other,0,0,0,0,0,1,0,None,856,Microsoft-Windows-NetworkProfile/Operational,10000,0,0,0,0,0,0,0,0,0,0,0x4000200000000000,0,0,1,0,0,0,0,2015-03-23 18:39:31,1427135971.0,18,39
2030874,59081,7e875354-108f-4d52-8ff7-16f99cc3b897,2015-03-23 18:39:31,informant-PC, Microsoft-Windows-NetworkProfile ,Other,0,0,0,0,0,1,0,None,856,Microsoft-Windows-NetworkProfile/Operational,4002,0,0,0,0,0,0,0,0,0,1,0x4001200000000000,0,0,1,0,0,0,0,2015-03-23 18:39:31,1427135971.0,18,39
2030875,59081,a2a2f656-b51c-45d3-ae90-ab4d0b238347,2015-03-23 18:39:31,informant-PC, Microsoft-Windows-NetworkProfile ,Other,0,0,0,0,0,1,0,None,856,Microsoft-Windows-NetworkProfile/Operational,4002,0,0,0,0,0,0,0,0,0,1,0x4001200000000000,0,0,1,0,0,0,0,2015-03-23 18:39:31,1427135971.0,18,39
2030876,59081,538e0ce4-9598-4129-8162-5467d61ab4f1,2015-03-23 18:39:31,informant-PC, Microsoft-Windows-NetworkProfile ,Other,0,0,0,0,0,1,0,None,856,Microsoft-Windows-NetworkProfile/Operational,10000,0,0,0,0,0,0,0,0,0,0,0x4000200000000000,0,0,1,0,0,0,0,2015-03-23 18:39:31,1427135971.0,18,39
2030877,59081,c35b37f3-8b17-4f75-a0ac-080dcb92fafc,2015-03-23 18:39:31,informant-PC, Microsoft-Windows-NetworkProfile ,Other,0,0,0,0,0,1,0,None,856,Microsoft-Windows-NetworkProfile/Operational,10000,0,0,0,0,0,0,0,0,0,0,0x4000200000000000,0,0,1,0,0,0,0,2015-03-23 18:39:31,1427135971.0,18,39
2030878,59057,762beea8-55eb-4602-9e1f-b31dded631b6,2015-03-23 18:39:31,informant-PC, Microsoft-Windows-Windows Firewall With Advanced Security ,Other,0,0,0,0,0,1,0,None,1148,Microsoft-Windows-Windows Firewall With Advanced Security/Firewall,2002,0,0,0,0,0,0,0,0,0,0,0x8000000000000000,0,0,0,1,0,0,0,2015-03-23 18:39:31,1427135971.0,18,39
2030879,59057,dba7c1b5-6412-4d73-ac06-54d1c83045e1,2015-03-23 18:39:31,informant-PC, Microsoft-Windows-Windows Firewall With Advanced Security ,Other,0,0,0,0,0,1,0,None,1148,Microsoft-Windows-Windows Firewall With Advanced Security/Firewall,2002,0,0,0,0,0,0,0,0,0,0,0x8000000000000000,0,0,0,1,0,0,0,2015-03-23 18:39:31,1427135971.0,18,39
2030880,59057,fa48c6ee-051f-40ee-b5f4-a38a5809dab6,2015-03-23 18:39:31,informant-PC, Microsoft-Windows-Windows Firewall With Advanced Security ,Other,0,0,0,0,0,1,0,None,1148,Microsoft-Windows-Windows Firewall With Advanced Security/Firewall,2010,0,0,0,0,0,0,0,0,0,0,0x8000000000000000,0,0,0,1,0,0,0,2015-03-23 18:39:31,1427135971.0,18,39
2030881,59057,7983deca-fdae-4ca2-b0a7-7affefea89df,2015-03-23 18:39:31,informant-PC, Microsoft-Windows-Windows Firewall With Advanced Security ,Other,0,0,0,0,0,1,0,None,1148,Microsoft-Windows-Windows Firewall With Advanced Security/Firewall,2010,0,0,0,0,0,0,0,0,0,0,0x8000000000000000,0,0,0,1,0,0,0,2015-03-23 18:39:31,1427135971.0,18,39
2030882,59057,57397fca-88b3-4cb7-9d52-d514144b3fa3,2015-03-23 18:39:31,informant-PC, Microsoft-Windows-Windows Firewall With Advanced Security ,Other,0,0,0,0,0,1,0,None,1148,Microsoft-Windows-Windows Firewall With Advanced Security/Firewall,2010,0,0,0,0,0,0,0,0,0,0,0x8000000000000000,0,0,0,1,0,0,0,2015-03-23 18:39:31,1427135971.0,18,39
2030883,59057,c1601ae6-dd84-4ba7-9eb7-a0601edccbcc,2015-03-23 18:39:31,informant-PC, Microsoft-Windows-Windows Firewall With Advanced Security ,Other,0,0,0,0,0,1,0,None,1148,Microsoft-Windows-Windows Firewall With Advanced Security/Firewall,2002,0,0,0,0,0,0,0,0,0,0,0x8000000000000000,0,0,0,1,0,0,0,2015-03-23 18:39:31,1427135971.0,18,39
2030884,59057,60cf6b28-b90b-45b2-8602-ddfd080c49e0,2015-03-23 18:39:31,informant-PC, Microsoft-Windows-Windows Firewall With Advanced Security ,Other,0,0,0,0,0,1,0,None,1148,Microsoft-Windows-Windows Firewall With Advanced Security/Firewall,2002,0,0,0,0,0,0,0,0,0,0,0x8000000000000000,0,0,0,1,0,0,0,2015-03-23 18:39:31,1427135971.0,18,39
2030885,59057,019c6884-dbea-4aa8-9a33-16680c2117a7,2015-03-23 18:39:31,informant-PC, Microsoft-Windows-Windows Firewall With Advanced Security ,Other,0,0,0,0,0,1,0,None,1148,Microsoft-Windows-Windows Firewall With Advanced Security/Firewall,2010,0,0,0,0,0,0,0,0,0,0,0x8000000000000000,0,0,0,1,0,0,0,2015-03-23 18:39:31,1427135971.0,18,39
2030984,59017,fc7d0630-b8cc-4fad-8cab-27758e62831c,2015-03-23 18:39:33,informant-PC, Service Control Manager ,System,0,0,1,0,0,0,0,None,484,System,7036,0,0,0,0,0,0,0,0,0,0,0x8080000000000000,0,0,0,1,0,0,0,2015-03-23 18:39:33,1427135973.0,18,39
2030985,59017,67792a26-66eb-439c-aa9c-dec068caa25a,2015-03-23 18:39:33,informant-PC, Service Control Manager ,System,0,0,1,0,0,0,0,None,484,System,7036,0,0,0,0,0,0,0,0,0,0,0x8080000000000000,0,0,0,1,0,0,0,2015-03-23 18:39:33,1427135973.0,18,39
2031102,59017,d858385c-8882-43f1-96a7-891b41940011,2015-03-23 18:39:39,informant-PC, Service Control Manager ,System,0,0,1,0,0,0,0,None,484,System,7036,0,0,0,0,0,0,0,0,0,0,0x8080000000000000,0,0,0,1,0,0,0,2015-03-23 18:39:39,1427135979.0,18,39
2031103,59017,875418a8-5123-4e4c-a0c6-77d4054d172f,2015-03-23 18:39:39,informant-PC, Service Control Manager ,System,0,0,1,0,0,0,0,None,484,System,7036,0,0,0,0,0,0,0,0,0,0,0x8080000000000000,0,0,0,1,0,0,0,2015-03-23 18:39:39,1427135979.0,18,39
2031198,59018,f3cfb6ac-fd56-4ac0-a597-55704ce245d9,2015-03-23 18:43:36,informant-PC, Office Software Protection Platform Service ,Application,0,1,0,0,0,0,0,None,None,Application,903,0,0,0,0,0,0,0,0,0,0,0x0080000000000000,0,0,0,0,0,0,0,2015-03-23 18:43:36,1427136216.0,18,43
2031199,59018,81655819-8586-46bd-911d-dc9eb315fdda,2015-03-23 18:43:36,informant-PC, Office Software Protection Platform Service ,Application,0,1,0,0,0,0,0,None,None,Application,903,0,0,0,0,0,0,0,0,0,0,0x0080000000000000,0,0,0,0,0,0,0,2015-03-23 18:43:36,1427136216.0,18,43
2031200,59017,fe3f4e0e-8adc-440a-8871-9727d0eff61f,2015-03-23 18:43:36,informant-PC, Service Control Manager ,System,0,0,1,0,0,0,0,None,484,System,7036,0,0,0,0,0,0,0,0,0,0,0x8080000000000000,0,0,0,1,0,0,0,2015-03-23 18:43:36,1427136216.0,18,43
2031201,59017,9a0695d9-0613-4f59-a056-ab661d3b2930,2015-03-23 18:43:36,informant-PC, Service Control Manager ,System,0,0,1,0,0,0,0,None,484,System,7036,0,0,0,0,0,0,0,0,0,0,0x8080000000000000,0,0,0,1,0,0,0,2015-03-23 18:43:36,1427136216.0,18,43
2031232,62273,4e1a65ab-3f78-4e22-a028-38360a8068e3,2015-03-23 18:44:13,informant-PC, Microsoft Office 15 Alerts ,Other,0,0,0,0,0,1,0,None,None,OAlerts,300,0,0,0,0,0,0,0,0,0,0,0x0080000000000000,0,0,0,0,0,0,0,2015-03-23 18:44:13,1427136253.0,18,44
2031233,62273,f06bb8de-8ebd-4ae2-b70c-601a478272d8,2015-03-23 18:44:13,informant-PC, Microsoft Office 15 Alerts ,Other,0,0,0,0,0,1,0,None,None,OAlerts,300,0,0,0,0,0,0,0,0,0,0,0x0080000000000000,0,0,0,0,0,0,0,2015-03-23 18:44:13,1427136253.0,18,44
2031290,59017,79fe9024-eb4c-45ce-b6b7-859d49c1c4d7,2015-03-23 18:49:14,informant-PC, Service Control Manager ,System,0,0,1,0,0,0,0,None,484,System,7036,0,0,0,0,0,0,0,0,0,0,0x8080000000000000,0,0,0,1,0,0,0,2015-03-23 18:49:14,1427136554.0,18,49
2031291,59017,51d20213-edd9-45a3-8bc5-cf2eba276a0d,2015-03-23 18:49:14,informant-PC, Service Control Manager ,System,0,0,1,0,0,0,0,None,484,System,7036,0,0,0,0,0,0,0,0,0,0,0x8080000000000000,0,0,0,1,0,0,0,2015-03-23 18:49:14,1427136554.0,18,49
2031292,59017,49c9d332-1d8e-4d52-b0b9-cbb3f90fdb60,2015-03-23 18:51:40,informant-PC, Service Control Manager ,System,0,0,1,0,0,0,0,None,484,System,7036,0,0,0,0,0,0,0,0,0,0,0x8080000000000000,0,0,0,1,0,0,0,2015-03-23 18:51:40,1427136700.0,18,51
2031293,59017,b6037dae-cf41-4507-a12c-1590985e5f27,2015-03-23 18:51:40,informant-PC, Service Control Manager ,System,0,0,1,0,0,0,0,None,484,System,7036,0,0,0,0,0,0,0,0,0,0,0x8080000000000000,0,0,0,1,0,0,0,2015-03-23 18:51:40,1427136700.0,18,51
2031304,59081,b0776d09-cc0e-4967-8575-89005da8dcec,2015-03-23 18:55:50,informant-PC, Microsoft-Windows-NetworkProfile ,Other,0,0,0,0,0,1,0,None,856,Microsoft-Windows-NetworkProfile/Operational,10001,0,0,0,0,0,0,0,0,0,0,0x4000200000000000,0,0,1,0,0,0,0,2015-03-23 18:55:50,1427136950.0,18,55
2031305,59081,e944674d-ee84-4376-9190-d824023e738c,2015-03-23 18:55:50,informant-PC, Microsoft-Windows-NetworkProfile ,Other,0,0,0,0,0,1,0,None,856,Microsoft-Windows-NetworkProfile/Operational,4001,0,0,0,0,0,0,0,0,0,1,0x4000200000000000,0,0,1,0,0,0,0,2015-03-23 18:55:50,1427136950.0,18,55
2031306,59081,4220bc06-da50-41a8-92db-a0007c6ecf45,2015-03-23 18:55:50,informant-PC, Microsoft-Windows-NetworkProfile ,Other,0,0,0,0,0,1,0,None,856,Microsoft-Windows-NetworkProfile/Operational,4001,0,0,0,0,0,0,0,0,0,1,0x4000200000000000,0,0,1,0,0,0,0,2015-03-23 18:55:50,1427136950.0,18,55
2031307,59081,dc07fccd-a963-4650-b258-a67b4b5cec7f,2015-03-23 18:55:50,informant-PC, Microsoft-Windows-NetworkProfile ,Other,0,0,0,0,0,1,0,None,856,Microsoft-Windows-NetworkProfile/Operational,10001,0,0,0,0,0,0,0,0,0,0,0x4000200000000000,0,0,1,0,0,0,0,2015-03-23 18:55:50,1427136950.0,18,55
2031308,59057,68348955-8f5e-4f4c-b7ec-d2be5860400c,2015-03-23 18:55:50,informant-PC, Microsoft-Windows-Windows Firewall With Advanced Security ,Other,0,0,0,0,0,1,0,None,1148,Microsoft-Windows-Windows Firewall With Advanced Security/Firewall,2002,0,0,0,0,0,0,0,0,0,0,0x8000000000000000,0,0,0,1,0,0,0,2015-03-23 18:55:50,1427136950.0,18,55
2031309,59057,b6aafa0d-d013-48f6-83ae-318c1707880c,2015-03-23 18:55:50,informant-PC, Microsoft-Windows-Windows Firewall With Advanced Security ,Other,0,0,0,0,0,1,0,None,1148,Microsoft-Windows-Windows Firewall With Advanced Security/Firewall,2010,0,0,0,0,0,0,0,0,0,0,0x8000000000000000,0,0,0,1,0,0,0,2015-03-23 18:55:50,1427136950.0,18,55
2031310,59057,a1133f21-bfae-458f-a8f4-2417eccd9d3a,2015-03-23 18:55:50,informant-PC, Microsoft-Windows-Windows Firewall With Advanced Security ,Other,0,0,0,0,0,1,0,None,1148,Microsoft-Windows-Windows Firewall With Advanced Security/Firewall,2002,0,0,0,0,0,0,0,0,0,0,0x8000000000000000,0,0,0,1,0,0,0,2015-03-23 18:55:50,1427136950.0,18,55
2031311,59057,d79f6f5d-398f-43ec-9322-ac11bb1e104f,2015-03-23 18:55:50,informant-PC, Microsoft-Windows-Windows Firewall With Advanced Security ,Other,0,0,0,0,0,1,0,None,1148,Microsoft-Windows-Windows Firewall With Advanced Security/Firewall,2010,0,0,0,0,0,0,0,0,0,0,0x8000000000000000,0,0,0,1,0,0,0,2015-03-23 18:55:50,1427136950.0,18,55
2031339,59081,a81752b2-07ef-4398-8014-2805a2bc6678,2015-03-23 18:55:50,informant-PC, Microsoft-Windows-NetworkProfile ,Other,0,0,0,0,0,1,0,None,856,Microsoft-Windows-NetworkProfile/Operational,10000,0,0,0,0,0,0,0,0,0,0,0x4000200000000000,0,0,1,0,0,0,0,2015-03-23 18:55:50,1427136950.0,18,55
2031346,59081,c6fe813f-563a-4047-92df-aa3ee4bf8a09,2015-03-23 18:55:50,informant-PC, Microsoft-Windows-NetworkProfile ,Other,0,0,0,0,0,1,0,None,856,Microsoft-Windows-NetworkProfile/Operational,10000,0,0,0,0,0,0,0,0,0,0,0x4000200000000000,0,0,1,0,0,0,0,2015-03-23 18:55:50,1427136950.0,18,55
2031354,59081,ad0c220c-521f-4b62-9f66-d0dd30e74dba,2015-03-23 18:55:51,informant-PC, Microsoft-Windows-NetworkProfile ,Other,0,0,0,0,0,1,0,None,856,Microsoft-Windows-NetworkProfile/Operational,4002,0,0,0,0,0,0,0,0,0,1,0x4001200000000000,0,0,1,0,0,0,0,2015-03-23 18:55:51,1427136951.0,18,55
2031355,59081,c1cceb1b-618c-4670-be90-d8ad3a997e98,2015-03-23 18:55:51,informant-PC, Microsoft-Windows-NetworkProfile ,Other,0,0,0,0,0,1,0,None,856,Microsoft-Windows-NetworkProfile/Operational,4002,0,0,0,0,0,0,0,0,0,1,0x4001200000000000,0,0,1,0,0,0,0,2015-03-23 18:55:51,1427136951.0,18,55
2031356,59081,84451f0e-df4a-4a33-83c3-bbfb0a0ef35b,2015-03-23 18:55:51,informant-PC, Microsoft-Windows-NetworkProfile ,Other,0,0,0,0,0,1,0,None,856,Microsoft-Windows-NetworkProfile/Operational,10000,0,0,0,0,0,0,0,0,0,0,0x4000200000000000,0,0,1,0,0,0,0,2015-03-23 18:55:51,1427136951.0,18,55
2031357,59081,30b72e85-9d4d-40c3-98a0-a0fd09681d45,2015-03-23 18:55:51,informant-PC, Microsoft-Windows-NetworkProfile ,Other,0,0,0,0,0,1,0,None,856,Microsoft-Windows-NetworkProfile/Operational,10000,0,0,0,0,0,0,0,0,0,0,0x4000200000000000,0,0,1,0,0,0,0,2015-03-23 18:55:51,1427136951.0,18,55
2031358,59057,ee1f4750-76d2-4bac-8ef6-e2abb2faa837,2015-03-23 18:55:51,informant-PC, Microsoft-Windows-Windows Firewall With Advanced Security ,Other,0,0,0,0,0,1,0,None,1148,Microsoft-Windows-Windows Firewall With Advanced Security/Firewall,2002,0,0,0,0,0,0,0,0,0,0,0x8000000000000000,0,0,0,1,0,0,0,2015-03-23 18:55:51,1427136951.0,18,55
2031359,59057,94b993ad-c552-4efa-b017-a0183c0a4d25,2015-03-23 18:55:51,informant-PC, Microsoft-Windows-Windows Firewall With Advanced Security ,Other,0,0,0,0,0,1,0,None,1148,Microsoft-Windows-Windows Firewall With Advanced Security/Firewall,2010,0,0,0,0,0,0,0,0,0,0,0x8000000000000000,0,0,0,1,0,0,0,2015-03-23 18:55:51,1427136951.0,18,55
2031360,59057,cacc3c34-ca53-428d-b57e-7296ed2d0874,2015-03-23 18:55:51,informant-PC, Microsoft-Windows-Windows Firewall With Advanced Security ,Other,0,0,0,0,0,1,0,None,1148,Microsoft-Windows-Windows Firewall With Advanced Security/Firewall,2010,0,0,0,0,0,0,0,0,0,0,0x8000000000000000,0,0,0,1,0,0,0,2015-03-23 18:55:51,1427136951.0,18,55
2031361,59057,f87fee2b-62fc-447a-957c-783afc12d6c8,2015-03-23 18:55:51,informant-PC, Microsoft-Windows-Windows Firewall With Advanced Security ,Other,0,0,0,0,0,1,0,None,1148,Microsoft-Windows-Windows Firewall With Advanced Security/Firewall,2002,0,0,0,0,0,0,0,0,0,0,0x8000000000000000,0,0,0,1,0,0,0,2015-03-23 18:55:51,1427136951.0,18,55
2031364,59057,f02dc6b5-3441-4305-9208-6c169266ce2d,2015-03-23 18:55:51,informant-PC, Microsoft-Windows-Windows Firewall With Advanced Security ,Other,0,0,0,0,0,1,0,None,1148,Microsoft-Windows-Windows Firewall With Advanced Security/Firewall,2010,0,0,0,0,0,0,0,0,0,0,0x8000000000000000,0,0,0,1,0,0,0,2015-03-23 18:55:51,1427136951.0,18,55
2031365,59057,08a94a36-93e3-40a0-b56e-ed67608bf2cc,2015-03-23 18:55:51,informant-PC, Microsoft-Windows-Windows Firewall With Advanced Security ,Other,0,0,0,0,0,1,0,None,1148,Microsoft-Windows-Windows Firewall With Advanced Security/Firewall,2002,0,0,0,0,0,0,0,0,0,0,0x8000000000000000,0,0,0,1,0,0,0,2015-03-23 18:55:51,1427136951.0,18,55
2031366,59057,f0ffe4c5-60de-4e2a-a3a9-8d2ad19491ec,2015-03-23 18:55:51,informant-PC, Microsoft-Windows-Windows Firewall With Advanced Security ,Other,0,0,0,0,0,1,0,None,1148,Microsoft-Windows-Windows Firewall With Advanced Security/Firewall,2010,0,0,0,0,0,0,0,0,0,0,0x8000000000000000,0,0,0,1,0,0,0,2015-03-23 18:55:51,1427136951.0,18,55
2031367,59057,78924317-c87e-420f-9e7a-bf04e34b682d,2015-03-23 18:55:51,informant-PC, Microsoft-Windows-Windows Firewall With Advanced Security ,Other,0,0,0,0,0,1,0,None,1148,Microsoft-Windows-Windows Firewall With Advanced Security/Firewall,2002,0,0,0,0,0,0,0,0,0,0,0x8000000000000000,0,0,0,1,0,0,0,2015-03-23 18:55:51,1427136951.0,18,55
2031388,59017,d6af09ed-cf43-4e01-948a-513f29bbf0b5,2015-03-23 18:55:51,informant-PC, Service Control Manager ,System,0,0,1,0,0,0,0,None,484,System,7036,0,0,0,0,0,0,0,0,0,0,0x8080000000000000,0,0,0,1,0,0,0,2015-03-23 18:55:51,1427136951.0,18,55
2031401,59017,e20936d0-dce5-452e-a833-002fee158694,2015-03-23 18:55:51,informant-PC, Service Control Manager ,System,0,0,1,0,0,0,0,None,484,System,7036,0,0,0,0,0,0,0,0,0,0,0x8080000000000000,0,0,0,1,0,0,0,2015-03-23 18:55:51,1427136951.0,18,55
2031416,59017,d2e139a8-160e-4a21-b64d-60f2a7187418,2015-03-23 18:55:51,informant-PC, Service Control Manager ,System,0,0,1,0,0,0,0,None,484,System,7036,0,0,0,0,0,0,0,0,0,0,0x8080000000000000,0,0,0,1,0,0,0,2015-03-23 18:55:51,1427136951.0,18,55
2031417,59017,550199b9-3183-48d3-8c3e-94472da7761d,2015-03-23 18:55:51,informant-PC, Service Control Manager ,System,0,0,1,0,0,0,0,None,484,System,7036,0,0,0,0,0,0,0,0,0,0,0x8080000000000000,0,0,0,1,0,0,0,2015-03-23 18:55:51,1427136951.0,18,55
2031418,59017,0696e3e2-143e-4b0b-8328-8225d1612fb4,2015-03-23 18:55:51,informant-PC, Service Control Manager ,System,0,0,1,0,0,0,0,None,484,System,7042,0,0,0,0,0,0,0,0,0,0,0x8080000000000000,0,0,0,1,0,0,0,2015-03-23 18:55:51,1427136951.0,18,55
2031419,59017,5bb4bb29-9c5b-425b-96a1-04927d74cdca,2015-03-23 18:55:51,informant-PC, Service Control Manager ,System,0,0,1,0,0,0,0,None,484,System,7042,0,0,0,0,0,0,0,0,0,0,0x8080000000000000,0,0,0,1,0,0,0,2015-03-23 18:55:51,1427136951.0,18,55
2031420,59017,f2c53295-024c-4eff-a3b8-5aa796776e3c,2015-03-23 18:55:51,informant-PC, Service Control Manager ,System,0,0,1,0,0,0,0,None,484,System,7036,0,0,0,0,0,0,0,0,0,0,0x8080000000000000,0,0,0,1,0,0,0,2015-03-23 18:55:51,1427136951.0,18,55
2031421,59017,4a7db854-5e99-4d53-99f0-8a3f071a0e09,2015-03-23 18:55:51,informant-PC, Service Control Manager ,System,0,0,1,0,0,0,0,None,484,System,7036,0,0,0,0,0,0,0,0,0,0,0x8080000000000000,0,0,0,1,0,0,0,2015-03-23 18:55:51,1427136951.0,18,55
2031468,46,7a4e0a6e-e053-4c9a-a443-fb0447ed56e0,2015-03-23 18:55:55,informant-PC, Microsoft-Windows-WindowsUpdateClient ,Other,0,0,0,0,0,1,0,None,892,Microsoft-Windows-WindowsUpdateClient/Operational,29,0,0,0,0,0,0,0,0,0,1,0x4000000000000001,0,0,1,0,0,0,0,2015-03-23 18:55:55,1427136955.0,18,55
2031469,46,c3dd9fbd-0468-4404-9ecb-137c12927a45,2015-03-23 18:55:55,informant-PC, Microsoft-Windows-WindowsUpdateClient ,Other,0,0,0,0,0,1,0,None,892,Microsoft-Windows-WindowsUpdateClient/Operational,30,0,0,0,0,0,0,0,0,0,1,0x4000000000000001,0,0,1,0,0,0,0,2015-03-23 18:55:55,1427136955.0,18,55
2031470,46,76c9d4c3-e60f-4111-b077-e40074d85723,2015-03-23 18:55:55,informant-PC, Microsoft-Windows-WindowsUpdateClient ,Other,0,0,0,0,0,1,0,None,892,Microsoft-Windows-WindowsUpdateClient/Operational,30,0,0,0,0,0,0,0,0,0,1,0x4000000000000001,0,0,1,0,0,0,0,2015-03-23 18:55:55,1427136955.0,18,55
2031471,46,5b444e9e-d0e4-41e8-843a-49fae30c4164,2015-03-23 18:55:55,informant-PC, Microsoft-Windows-WindowsUpdateClient ,Other,0,0,0,0,0,1,0,None,892,Microsoft-Windows-WindowsUpdateClient/Operational,30,0,0,0,0,0,0,0,0,0,1,0x4000000000000001,0,0,1,0,0,0,0,2015-03-23 18:55:55,1427136955.0,18,55
2031472,46,a9e47548-6909-4250-bc9f-53b22e43ae68,2015-03-23 18:55:55,informant-PC, Microsoft-Windows-WindowsUpdateClient ,Other,0,0,0,0,0,1,0,None,892,Microsoft-Windows-WindowsUpdateClient/Operational,30,0,0,0,0,0,0,0,0,0,1,0x4000000000000001,0,0,1,0,0,0,0,2015-03-23 18:55:55,1427136955.0,18,55
2031473,46,5221f5ee-1b4c-4a17-87f4-01e07c74fa92,2015-03-23 18:55:55,informant-PC, Microsoft-Windows-WindowsUpdateClient ,Other,0,0,0,0,0,1,0,None,892,Microsoft-Windows-WindowsUpdateClient/Operational,29,0,0,0,0,0,0,0,0,0,1,0x4000000000000001,0,0,1,0,0,0,0,2015-03-23 18:55:55,1427136955.0,18,55
2031474,46,f0f8a43e-320c-42da-9dde-94541cae081e,2015-03-23 18:55:55,informant-PC, Microsoft-Windows-WindowsUpdateClient ,Other,0,0,0,0,0,1,0,None,892,Microsoft-Windows-WindowsUpdateClient/Operational,30,0,0,0,0,0,0,0,0,0,1,0x4000000000000001,0,0,1,0,0,0,0,2015-03-23 18:55:55,1427136955.0,18,55
2031475,46,7762f393-5098-4100-85ff-ae6c2ed8de19,2015-03-23 18:55:55,informant-PC, Microsoft-Windows-WindowsUpdateClient ,Other,0,0,0,0,0,1,0,None,892,Microsoft-Windows-WindowsUpdateClient/Operational,30,0,0,0,0,0,0,0,0,0,1,0x4000000000000001,0,0,1,0,0,0,0,2015-03-23 18:55:55,1427136955.0,18,55
2031476,46,b921a01d-4315-4000-9239-4dcce41a4aba,2015-03-23 18:55:55,informant-PC, Microsoft-Windows-WindowsUpdateClient ,Other,0,0,0,0,0,1,0,None,892,Microsoft-Windows-WindowsUpdateClient/Operational,30,0,0,0,0,0,0,0,0,0,1,0x4000000000000001,0,0,1,0,0,0,0,2015-03-23 18:55:55,1427136955.0,18,55
2031477,46,7ebbd27b-1e87-425f-8eaa-d2f51883b70f,2015-03-23 18:55:55,informant-PC, Microsoft-Windows-WindowsUpdateClient ,Other,0,0,0,0,0,1,0,None,892,Microsoft-Windows-WindowsUpdateClient/Operational,30,0,0,0,0,0,0,0,0,0,1,0x4000000000000001,0,0,1,0,0,0,0,2015-03-23 18:55:55,1427136955.0,18,55
2031478,46,3ec695fb-145b-4e44-beab-92e425f4a677,2015-03-23 18:55:55,informant-PC, Microsoft-Windows-WindowsUpdateClient ,Other,0,0,0,0,0,1,0,None,892,Microsoft-Windows-WindowsUpdateClient/Operational,30,0,0,0,0,0,0,0,0,0,1,0x4000000000000001,0,0,1,0,0,0,0,2015-03-23 18:55:55,1427136955.0,18,55
2031479,46,ae8da139-af1a-45ee-bd8c-892c0cc42022,2015-03-23 18:55:55,informant-PC, Microsoft-Windows-WindowsUpdateClient ,Other,0,0,0,0,0,1,0,None,892,Microsoft-Windows-WindowsUpdateClient/Operational,30,0,0,0,0,0,0,0,0,0,1,0x4000000000000001,0,0,1,0,0,0,0,2015-03-23 18:55:55,1427136955.0,18,55
2031480,46,0d94abae-649e-4c4d-b4f3-2e50efa7dce6,2015-03-23 18:55:55,informant-PC, Microsoft-Windows-WindowsUpdateClient ,Other,0,0,0,0,0,1,0,None,892,Microsoft-Windows-WindowsUpdateClient/Operational,30,0,0,0,0,0,0,0,0,0,1,0x4000000000000001,0,0,1,0,0,0,0,2015-03-23 18:55:55,1427136955.0,18,55
2031481,46,c6d3e15d-37c8-4f2d-9a6d-b0aad2288bdd,2015-03-23 18:55:55,informant-PC, Microsoft-Windows-WindowsUpdateClient ,Other,0,0,0,0,0,1,0,None,892,Microsoft-Windows-WindowsUpdateClient/Operational,30,0,0,0,0,0,0,0,0,0,1,0x4000000000000001,0,0,1,0,0,0,0,2015-03-23 18:55:55,1427136955.0,18,55
2031482,59017,5816692b-1e85-4d26-8584-00a8c6c30f34,2015-03-23 18:55:57,informant-PC, Service Control Manager ,System,0,0,1,0,0,0,0,None,484,System,7036,0,0,0,0,0,0,0,0,0,0,0x8080000000000000,0,0,0,1,0,0,0,2015-03-23 18:55:57,1427136957.0,18,55
2031483,59017,08c2d615-d1b1-41ad-aa6d-955c94526c68,2015-03-23 18:55:57,informant-PC, Service Control Manager ,System,0,0,1,0,0,0,0,None,484,System,7036,0,0,0,0,0,0,0,0,0,0,0x8080000000000000,0,0,0,1,0,0,0,2015-03-23 18:55:57,1427136957.0,18,55
2031490,59081,387de799-5cd9-402b-ae82-5170538e20d6,2015-03-23 18:56:21,informant-PC, Microsoft-Windows-NetworkProfile ,Other,0,0,0,0,0,1,0,None,856,Microsoft-Windows-NetworkProfile/Operational,4001,0,0,0,0,0,0,0,0,0,1,0x4000200000000000,0,0,1,0,0,0,0,2015-03-23 18:56:21,1427136981.0,18,56
2031491,59081,e37f68b2-0207-4b89-b4ac-e991681cc5d8,2015-03-23 18:56:21,informant-PC, Microsoft-Windows-NetworkProfile ,Other,0,0,0,0,0,1,0,None,856,Microsoft-Windows-NetworkProfile/Operational,10001,0,0,0,0,0,0,0,0,0,0,0x4000200000000000,0,0,1,0,0,0,0,2015-03-23 18:56:21,1427136981.0,18,56
2031492,59081,2d9211c5-8923-44b1-bd5d-3a8f281acdd6,2015-03-23 18:56:21,informant-PC, Microsoft-Windows-NetworkProfile ,Other,0,0,0,0,0,1,0,None,856,Microsoft-Windows-NetworkProfile/Operational,10001,0,0,0,0,0,0,0,0,0,0,0x4000200000000000,0,0,1,0,0,0,0,2015-03-23 18:56:21,1427136981.0,18,56
2031493,59081,e791d278-964c-4bba-97e4-b9936f011438,2015-03-23 18:56:21,informant-PC, Microsoft-Windows-NetworkProfile ,Other,0,0,0,0,0,1,0,None,856,Microsoft-Windows-NetworkProfile/Operational,4001,0,0,0,0,0,0,0,0,0,1,0x4000200000000000,0,0,1,0,0,0,0,2015-03-23 18:56:21,1427136981.0,18,56
2031494,59057,d5f85f13-2820-4f8d-9bbf-9f75bd4ef5a9,2015-03-23 18:56:21,informant-PC, Microsoft-Windows-Windows Firewall With Advanced Security ,Other,0,0,0,0,0,1,0,None,1148,Microsoft-Windows-Windows Firewall With Advanced Security/Firewall,2010,0,0,0,0,0,0,0,0,0,0,0x8000000000000000,0,0,0,1,0,0,0,2015-03-23 18:56:21,1427136981.0,18,56
2031495,59057,3d66add1-6dd8-4219-b868-420e95688dfd,2015-03-23 18:56:21,informant-PC, Microsoft-Windows-Windows Firewall With Advanced Security ,Other,0,0,0,0,0,1,0,None,1148,Microsoft-Windows-Windows Firewall With Advanced Security/Firewall,2002,0,0,0,0,0,0,0,0,0,0,0x8000000000000000,0,0,0,1,0,0,0,2015-03-23 18:56:21,1427136981.0,18,56
2031496,59057,9b8f126d-e0e6-46c9-8e1f-89dffcba9590,2015-03-23 18:56:21,informant-PC, Microsoft-Windows-Windows Firewall With Advanced Security ,Other,0,0,0,0,0,1,0,None,1148,Microsoft-Windows-Windows Firewall With Advanced Security/Firewall,2002,0,0,0,0,0,0,0,0,0,0,0x8000000000000000,0,0,0,1,0,0,0,2015-03-23 18:56:21,1427136981.0,18,56
2031497,59057,e0665833-5dab-4c9b-80c6-142a87468ce9,2015-03-23 18:56:21,informant-PC, Microsoft-Windows-Windows Firewall With Advanced Security ,Other,0,0,0,0,0,1,0,None,1148,Microsoft-Windows-Windows Firewall With Advanced Security/Firewall,2010,0,0,0,0,0,0,0,0,0,0,0x8000000000000000,0,0,0,1,0,0,0,2015-03-23 18:56:21,1427136981.0,18,56
2031538,59081,216f9658-5157-4670-b367-6b0e6bca5645,2015-03-23 18:56:21,informant-PC, Microsoft-Windows-NetworkProfile ,Other,0,0,0,0,0,1,0,None,856,Microsoft-Windows-NetworkProfile/Operational,10000,0,0,0,0,0,0,0,0,0,0,0x4000200000000000,0,0,1,0,0,0,0,2015-03-23 18:56:21,1427136981.0,18,56
2031539,59081,2e13fa1a-c636-4a47-9b9c-8ff2413f0b32,2015-03-23 18:56:21,informant-PC, Microsoft-Windows-NetworkProfile ,Other,0,0,0,0,0,1,0,None,856,Microsoft-Windows-NetworkProfile/Operational,10000,0,0,0,0,0,0,0,0,0,0,0x4000200000000000,0,0,1,0,0,0,0,2015-03-23 18:56:21,1427136981.0,18,56
2031540,59081,b4901637-49de-481c-9f64-ecc55b498af6,2015-03-23 18:56:21,informant-PC, Microsoft-Windows-NetworkProfile ,Other,0,0,0,0,0,1,0,None,856,Microsoft-Windows-NetworkProfile/Operational,4002,0,0,0,0,0,0,0,0,0,1,0x4001200000000000,0,0,1,0,0,0,0,2015-03-23 18:56:21,1427136981.0,18,56
2031541,59081,bc8f7db9-094e-4708-bac9-6aa00ba681d8,2015-03-23 18:56:21,informant-PC, Microsoft-Windows-NetworkProfile ,Other,0,0,0,0,0,1,0,None,856,Microsoft-Windows-NetworkProfile/Operational,4002,0,0,0,0,0,0,0,0,0,1,0x4001200000000000,0,0,1,0,0,0,0,2015-03-23 18:56:21,1427136981.0,18,56
2031542,59081,8692e95c-0ba7-4622-936d-dc8c6b4cb387,2015-03-23 18:56:21,informant-PC, Microsoft-Windows-NetworkProfile ,Other,0,0,0,0,0,1,0,None,856,Microsoft-Windows-NetworkProfile/Operational,10000,0,0,0,0,0,0,0,0,0,0,0x4000200000000000,0,0,1,0,0,0,0,2015-03-23 18:56:21,1427136981.0,18,56
2031543,59081,f204cd98-26bc-4273-8ba8-83cb4445e4cb,2015-03-23 18:56:21,informant-PC, Microsoft-Windows-NetworkProfile ,Other,0,0,0,0,0,1,0,None,856,Microsoft-Windows-NetworkProfile/Operational,10000,0,0,0,0,0,0,0,0,0,0,0x4000200000000000,0,0,1,0,0,0,0,2015-03-23 18:56:21,1427136981.0,18,56
2031544,59057,3b1811bf-ef50-4979-85a2-0246d3543641,2015-03-23 18:56:21,informant-PC, Microsoft-Windows-Windows Firewall With Advanced Security ,Other,0,0,0,0,0,1,0,None,1148,Microsoft-Windows-Windows Firewall With Advanced Security/Firewall,2002,0,0,0,0,0,0,0,0,0,0,0x8000000000000000,0,0,0,1,0,0,0,2015-03-23 18:56:21,1427136981.0,18,56
2031545,59057,2ba905ad-e90d-4d59-8b67-3d71f4b2c750,2015-03-23 18:56:21,informant-PC, Microsoft-Windows-Windows Firewall With Advanced Security ,Other,0,0,0,0,0,1,0,None,1148,Microsoft-Windows-Windows Firewall With Advanced Security/Firewall,2002,0,0,0,0,0,0,0,0,0,0,0x8000000000000000,0,0,0,1,0,0,0,2015-03-23 18:56:21,1427136981.0,18,56
2031546,59057,159183f0-5a34-43f5-bde7-6cb9e119de66,2015-03-23 18:56:21,informant-PC, Microsoft-Windows-Windows Firewall With Advanced Security ,Other,0,0,0,0,0,1,0,None,1148,Microsoft-Windows-Windows Firewall With Advanced Security/Firewall,2010,0,0,0,0,0,0,0,0,0,0,0x8000000000000000,0,0,0,1,0,0,0,2015-03-23 18:56:21,1427136981.0,18,56
2031547,59057,f8f7e6df-96cb-497d-96df-308b6fcfb746,2015-03-23 18:56:21,informant-PC, Microsoft-Windows-Windows Firewall With Advanced Security ,Other,0,0,0,0,0,1,0,None,1148,Microsoft-Windows-Windows Firewall With Advanced Security/Firewall,2010,0,0,0,0,0,0,0,0,0,0,0x8000000000000000,0,0,0,1,0,0,0,2015-03-23 18:56:21,1427136981.0,18,56
2031548,59017,d016ecf3-4fc2-431b-aa17-5dd976a6bf04,2015-03-23 18:56:22,informant-PC, Service Control Manager ,System,0,0,1,0,0,0,0,None,484,System,7042,0,0,0,0,0,0,0,0,0,0,0x8080000000000000,0,0,0,1,0,0,0,2015-03-23 18:56:22,1427136982.0,18,56
2031549,59017,28340dc2-689b-447f-b692-cdb57bbc1292,2015-03-23 18:56:22,informant-PC, Service Control Manager ,System,0,0,1,0,0,0,0,None,484,System,7042,0,0,0,0,0,0,0,0,0,0,0x8080000000000000,0,0,0,1,0,0,0,2015-03-23 18:56:22,1427136982.0,18,56
2031550,59017,08c700f8-19c8-4ff1-b407-da9921b76ec4,2015-03-23 18:56:22,informant-PC, Service Control Manager ,System,0,0,1,0,0,0,0,None,484,System,7036,0,0,0,0,0,0,0,0,0,0,0x8080000000000000,0,0,0,1,0,0,0,2015-03-23 18:56:22,1427136982.0,18,56
2031551,59017,a205a5e0-ab51-41cf-aab4-079859a1db31,2015-03-23 18:56:22,informant-PC, Service Control Manager ,System,0,0,1,0,0,0,0,None,484,System,7036,0,0,0,0,0,0,0,0,0,0,0x8080000000000000,0,0,0,1,0,0,0,2015-03-23 18:56:22,1427136982.0,18,56
2031552,59017,1c4eb1bf-d8f7-4b35-b9d4-7f2c5bb1f795,2015-03-23 18:56:22,informant-PC, Service Control Manager ,System,0,0,1,0,0,0,0,None,484,System,7036,0,0,0,0,0,0,0,0,0,0,0x8080000000000000,0,0,0,1,0,0,0,2015-03-23 18:56:22,1427136982.0,18,56
2031553,59017,562be91e-80d2-4977-9faa-494d5466da08,2015-03-23 18:56:22,informant-PC, Service Control Manager ,System,0,0,1,0,0,0,0,None,484,System,7036,0,0,0,0,0,0,0,0,0,0,0x8080000000000000,0,0,0,1,0,0,0,2015-03-23 18:56:22,1427136982.0,18,56
2031554,59017,72dcd905-248d-4bcb-9efe-bc11988bffdc,2015-03-23 18:56:22,informant-PC, Service Control Manager ,System,0,0,1,0,0,0,0,None,484,System,7036,0,0,0,0,0,0,0,0,0,0,0x8080000000000000,0,0,0,1,0,0,0,2015-03-23 18:56:22,1427136982.0,18,56
2031555,59017,d237ccf1-0024-44bd-85ec-da6703bbf10c,2015-03-23 18:56:22,informant-PC, Service Control Manager ,System,0,0,1,0,0,0,0,None,484,System,7036,0,0,0,0,0,0,0,0,0,0,0x8080000000000000,0,0,0,1,0,0,0,2015-03-23 18:56:22,1427136982.0,18,56
2031556,59057,7e077bb5-bb0f-43f7-9a38-c080ce5938af,2015-03-23 18:56:22,informant-PC, Microsoft-Windows-Windows Firewall With Advanced Security ,Other,0,0,0,0,0,1,0,None,1148,Microsoft-Windows-Windows Firewall With Advanced Security/Firewall,2002,0,0,0,0,0,0,0,0,0,0,0x8000000000000000,0,0,0,1,0,0,0,2015-03-23 18:56:22,1427136982.0,18,56
2031557,59057,ede5ba2e-7087-4967-8982-570d2e75a500,2015-03-23 18:56:22,informant-PC, Microsoft-Windows-Windows Firewall With Advanced Security ,Other,0,0,0,0,0,1,0,None,1148,Microsoft-Windows-Windows Firewall With Advanced Security/Firewall,2010,0,0,0,0,0,0,0,0,0,0,0x8000000000000000,0,0,0,1,0,0,0,2015-03-23 18:56:22,1427136982.0,18,56
2031558,59057,24671a8c-1f23-4eb4-bbaa-1b0ea1ca054d,2015-03-23 18:56:22,informant-PC, Microsoft-Windows-Windows Firewall With Advanced Security ,Other,0,0,0,0,0,1,0,None,1148,Microsoft-Windows-Windows Firewall With Advanced Security/Firewall,2002,0,0,0,0,0,0,0,0,0,0,0x8000000000000000,0,0,0,1,0,0,0,2015-03-23 18:56:22,1427136982.0,18,56
2031559,59057,c2c035bf-2cec-4921-afff-9267e7a27bea,2015-03-23 18:56:22,informant-PC, Microsoft-Windows-Windows Firewall With Advanced Security ,Other,0,0,0,0,0,1,0,None,1148,Microsoft-Windows-Windows Firewall With Advanced Security/Firewall,2010,0,0,0,0,0,0,0,0,0,0,0x8000000000000000,0,0,0,1,0,0,0,2015-03-23 18:56:22,1427136982.0,18,56
2031640,46,0d98587b-03d2-48bf-a0ad-5d88c0964b65,2015-03-23 18:56:24,informant-PC, Microsoft-Windows-WindowsUpdateClient ,Other,0,0,0,0,0,1,0,None,892,Microsoft-Windows-WindowsUpdateClient/Operational,30,0,0,0,0,0,0,0,0,0,1,0x4000000000000001,0,0,1,0,0,0,0,2015-03-23 18:56:24,1427136984.0,18,56
2031641,46,69b5357e-bace-4886-8fbd-4bd6818c2978,2015-03-23 18:56:24,informant-PC, Microsoft-Windows-WindowsUpdateClient ,Other,0,0,0,0,0,1,0,None,892,Microsoft-Windows-WindowsUpdateClient/Operational,30,0,0,0,0,0,0,0,0,0,1,0x4000000000000001,0,0,1,0,0,0,0,2015-03-23 18:56:24,1427136984.0,18,56
2031642,46,bf128807-4af3-4260-87e3-d3044f90842f,2015-03-23 18:56:24,informant-PC, Microsoft-Windows-WindowsUpdateClient ,Other,0,0,0,0,0,1,0,None,892,Microsoft-Windows-WindowsUpdateClient/Operational,30,0,0,0,0,0,0,0,0,0,1,0x4000000000000001,0,0,1,0,0,0,0,2015-03-23 18:56:24,1427136984.0,18,56
2031643,46,dd6209c1-ab98-426f-b5e5-47cf822c6d0f,2015-03-23 18:56:24,informant-PC, Microsoft-Windows-WindowsUpdateClient ,Other,0,0,0,0,0,1,0,None,892,Microsoft-Windows-WindowsUpdateClient/Operational,29,0,0,0,0,0,0,0,0,0,1,0x4000000000000001,0,0,1,0,0,0,0,2015-03-23 18:56:24,1427136984.0,18,56
2031644,46,1e730183-166d-49ca-9832-d716f8d480de,2015-03-23 18:56:24,informant-PC, Microsoft-Windows-WindowsUpdateClient ,Other,0,0,0,0,0,1,0,None,892,Microsoft-Windows-WindowsUpdateClient/Operational,30,0,0,0,0,0,0,0,0,0,1,0x4000000000000001,0,0,1,0,0,0,0,2015-03-23 18:56:24,1427136984.0,18,56
2031645,46,bfcc88db-3c61-47cc-9779-3bc5e88933b8,2015-03-23 18:56:24,informant-PC, Microsoft-Windows-WindowsUpdateClient ,Other,0,0,0,0,0,1,0,None,892,Microsoft-Windows-WindowsUpdateClient/Operational,30,0,0,0,0,0,0,0,0,0,1,0x4000000000000001,0,0,1,0,0,0,0,2015-03-23 18:56:24,1427136984.0,18,56
2031646,46,7e5a29ad-ef0d-4f59-9c59-5e79a29663f2,2015-03-23 18:56:24,informant-PC, Microsoft-Windows-WindowsUpdateClient ,Other,0,0,0,0,0,1,0,None,892,Microsoft-Windows-WindowsUpdateClient/Operational,30,0,0,0,0,0,0,0,0,0,1,0x4000000000000001,0,0,1,0,0,0,0,2015-03-23 18:56:24,1427136984.0,18,56
