1745036,59042,99431200-84f0-4602-859c-027f1c0be4e8,2015-03-22 15:53:45,informant-PC, Microsoft-Windows-GroupPolicy ,Other,0,0,0,0,0,1,0,None,904,Microsoft-Windows-GroupPolicy/Operational,8001,0,0,0,0,0,0,0,0,0,0,0x4000000000000000,0,0,1,0,0,0,0,2015-03-22 15:53:45,1427039625.0,15,53
1745037,59017,6bff4550-8db4-489a-88e8-50251c49f15f,2015-03-22 15:53:45,informant-PC, Microsoft-Windows-GroupPolicy ,System,0,0,1,0,0,0,0,None,904,System,1501,0,0,0,0,0,0,0,0,0,0,0x8000000000000000,0,0,0,1,0,0,0,2015-03-22 15:53:45,1427039625.0,15,53
1745038,13963,ba68c267-f65f-45d4-b5ea-df784fb9212a,2015-03-22 15:53:45,informant-PC, Microsoft-Windows-TerminalServices-LocalSessionManager ,Other,0,0,0,0,0,1,0,None,508,Microsoft-Windows-TerminalServices-LocalSessionManager/Operational,21,0,0,0,0,0,0,0,0,0,0,0x1000000000000000,1,0,0,0,0,0,0,2015-03-22 15:53:45,1427039625.0,15,53
1745042,59042,0d2e133a-0d57-44d9-b74a-7c637f8bb97d,2015-03-22 15:53:45,informant-PC, Microsoft-Windows-GroupPolicy ,Other,0,0,0,0,0,1,0,None,904,Microsoft-Windows-GroupPolicy/Operational,5315,0,0,0,0,0,0,0,0,0,0,0x4000000000000000,0,0,1,0,0,0,0,2015-03-22 15:53:45,1427039625.0,15,53
1745043,59040,ddcc27ac-b184-4a78-8546-6f855e6c19ea,2015-03-22 15:53:45,informant-PC, Microsoft-Windows-OfflineFiles ,Other,0,0,0,0,0,1,0,None,824,Microsoft-Windows-OfflineFiles/Operational,7,0,0,0,0,0,0,0,0,0,0,0x4000000000000008,0,0,1,0,0,0,0,2015-03-22 15:53:45,1427039625.0,15,53
1745044,59040,a6e1e7da-c777-4f20-b7e1-8fc4868061e1,2015-03-22 15:53:45,informant-PC, Microsoft-Windows-OfflineFiles ,Other,0,0,0,0,0,1,0,None,824,Microsoft-Windows-OfflineFiles/Operational,7,0,0,0,0,0,0,0,0,0,0,0x4000000000000008,0,0,1,0,0,0,0,2015-03-22 15:53:45,1427039625.0,15,53
1745045,13966,43aec5ac-7731-4060-a8c1-944ea1289348,2015-03-22 15:53:45,informant-PC, Microsoft-Windows-PrintService ,Other,0,0,0,0,0,1,0,None,1056,Microsoft-Windows-PrintService/Admin,823,0,0,0,0,0,0,0,0,0,49,0x8000000000020000,0,0,0,1,0,0,0,2015-03-22 15:53:45,1427039625.0,15,53
1745046,13966,331201f4-49f0-476e-87e4-f4c7632300b5,2015-03-22 15:53:45,informant-PC, Microsoft-Windows-PrintService ,Other,0,0,0,0,0,1,0,None,1056,Microsoft-Windows-PrintService/Admin,823,0,0,0,0,0,0,0,0,0,49,0x8000000000020000,0,0,0,1,0,0,0,2015-03-22 15:53:45,1427039625.0,15,53
1745051,59061,c32a3aef-644f-4178-9dfe-9c98a61c865d,2015-03-22 15:53:45,informant-PC, Microsoft-Windows-Diagnosis-DPS ,Other,0,0,0,0,0,1,0,None,1124,Microsoft-Windows-Diagnosis-DPS/Operational,105,0,0,0,0,0,0,0,0,0,1,0x4000000800000000,0,0,1,0,0,0,0,2015-03-22 15:53:45,1427039625.0,15,53
1745052,59061,eac6158c-ae94-4f0f-b3fa-d3a66a0d7ec1,2015-03-22 15:53:45,informant-PC, Microsoft-Windows-Diagnosis-DPS ,Other,0,0,0,0,0,1,0,None,1124,Microsoft-Windows-Diagnosis-DPS/Operational,105,0,0,0,0,0,0,0,0,0,1,0x4000000800000000,0,0,1,0,0,0,0,2015-03-22 15:53:45,1427039625.0,15,53
1745053,59061,ab8f4d34-3484-4c46-acd8-08236b2efb27,2015-03-22 15:53:45,informant-PC, Microsoft-Windows-Diagnosis-DPS ,Other,0,0,0,0,0,1,0,None,1124,Microsoft-Windows-Diagnosis-DPS/Operational,100,0,0,0,0,0,0,0,0,0,1,0x4000000800000000,0,0,1,0,0,0,0,2015-03-22 15:53:45,1427039625.0,15,53
1745054,59061,c61be88a-01fe-4b12-a38b-299625480449,2015-03-22 15:53:45,informant-PC, Microsoft-Windows-Diagnosis-DPS ,Other,0,0,0,0,0,1,0,None,1124,Microsoft-Windows-Diagnosis-DPS/Operational,100,0,0,0,0,0,0,0,0,0,1,0x4000000800000000,0,0,1,0,0,0,0,2015-03-22 15:53:45,1427039625.0,15,53
1745055,13963,c2e8becc-8c25-4d05-8c31-68f96d9ac5e1,2015-03-22 15:53:45,informant-PC, Microsoft-Windows-TerminalServices-LocalSessionManager ,Other,0,0,0,0,0,1,0,None,508,Microsoft-Windows-TerminalServices-LocalSessionManager/Operational,22,0,0,0,0,0,0,0,0,0,0,0x1000000000000000,1,0,0,0,0,0,0,2015-03-22 15:53:45,1427039625.0,15,53
1745056,59042,b2cb3a31-abb3-4202-a320-cd5788d26910,2015-03-22 15:53:45,informant-PC, Microsoft-Windows-GroupPolicy ,Other,0,0,0,0,0,1,0,None,904,Microsoft-Windows-GroupPolicy/Operational,5324,0,0,0,0,0,0,0,0,0,0,0x4000000000000000,0,0,1,0,0,0,0,2015-03-22 15:53:45,1427039625.0,15,53
1745057,13963,23010f20-7f7f-4d9a-947b-16593f6cd045,2015-03-22 15:53:45,informant-PC, Microsoft-Windows-TerminalServices-LocalSessionManager ,Other,0,0,0,0,0,1,0,None,508,Microsoft-Windows-TerminalServices-LocalSessionManager/Operational,22,0,0,0,0,0,0,0,0,0,0,0x1000000000000000,1,0,0,0,0,0,0,2015-03-22 15:53:45,1427039625.0,15,53
1745058,59042,64ef8a26-284f-485b-9014-d886219b775c,2015-03-22 15:53:45,informant-PC, Microsoft-Windows-GroupPolicy ,Other,0,0,0,0,0,1,0,None,904,Microsoft-Windows-GroupPolicy/Operational,5324,0,0,0,0,0,0,0,0,0,0,0x4000000000000000,0,0,1,0,0,0,0,2015-03-22 15:53:45,1427039625.0,15,53
1745063,59017,6d3c0e22-4c74-4d32-afdd-403f253e7684,2015-03-22 15:53:45,informant-PC, Service Control Manager ,System,0,0,1,0,0,0,0,None,484,System,7036,0,0,0,0,0,0,0,0,0,0,0x8080000000000000,0,0,0,1,0,0,0,2015-03-22 15:53:45,1427039625.0,15,53
1745064,59017,44e66db1-50e3-4b85-a0b6-d3767aa1afeb,2015-03-22 15:53:45,informant-PC, Service Control Manager ,System,0,0,1,0,0,0,0,None,484,System,7036,0,0,0,0,0,0,0,0,0,0,0x8080000000000000,0,0,0,1,0,0,0,2015-03-22 15:53:45,1427039625.0,15,53
1745182,59018,3c9e25e3-a74c-4d91-8d61-6037b9e2f160,2015-03-22 15:53:46,informant-PC, Desktop Window Manager ,Application,0,1,0,0,0,0,0,None,None,Application,9007,0,0,0,0,0,0,0,0,0,0,0x0080000000000000,0,0,0,0,0,0,0,2015-03-22 15:53:46,1427039626.0,15,53
1745187,59018,89cde06e-3849-46e6-b10b-691ff4ff9ec3,2015-03-22 15:53:46,informant-PC, Desktop Window Manager ,Application,0,1,0,0,0,0,0,None,None,Application,9007,0,0,0,0,0,0,0,0,0,0,0x0080000000000000,0,0,0,0,0,0,0,2015-03-22 15:53:46,1427039626.0,15,53
1745559,59018,1100c1d7-d92e-48ea-b91b-ef5ba0a9e610,2015-03-22 15:53:48,informant-PC, ESENT ,Application,0,1,0,0,0,0,0,None,None,Application,102,0,0,0,0,0,0,0,0,0,1,0x0080000000000000,0,0,0,0,0,0,0,2015-03-22 15:53:48,1427039628.0,15,53
1745560,59018,ef74de00-ba15-4096-bda6-875486f05edb,2015-03-22 15:53:48,informant-PC, ESENT ,Application,0,1,0,0,0,0,0,None,None,Application,102,0,0,0,0,0,0,0,0,0,1,0x0080000000000000,0,0,0,0,0,0,0,2015-03-22 15:53:48,1427039628.0,15,53
1745745,59018,e829e1d5-92e7-4c7c-af30-c7aad3ed0dce,2015-03-22 15:53:49,informant-PC, ESENT ,Application,0,1,0,0,0,0,0,None,None,Application,220,0,0,0,0,0,0,0,0,0,3,0x0080000000000000,0,0,0,0,0,0,0,2015-03-22 15:53:49,1427039629.0,15,53
1745746,59018,f7baf789-0037-440c-a673-c099631112ae,2015-03-22 15:53:49,informant-PC, ESENT ,Application,0,1,0,0,0,0,0,None,None,Application,220,0,0,0,0,0,0,0,0,0,3,0x0080000000000000,0,0,0,0,0,0,0,2015-03-22 15:53:49,1427039629.0,15,53
1745747,59018,1d45ecf9-a443-4576-9907-f22415cde45b,2015-03-22 15:53:49,informant-PC, ESENT ,Application,0,1,0,0,0,0,0,None,None,Application,221,0,0,0,0,0,0,0,0,0,3,0x0080000000000000,0,0,0,0,0,0,0,2015-03-22 15:53:49,1427039629.0,15,53
1745748,59018,48d73664-19da-4402-856a-2e432f6a3470,2015-03-22 15:53:49,informant-PC, ESENT ,Application,0,1,0,0,0,0,0,None,None,Application,221,0,0,0,0,0,0,0,0,0,3,0x0080000000000000,0,0,0,0,0,0,0,2015-03-22 15:53:49,1427039629.0,15,53
1745749,59018,12ff5b85-0360-4e3a-81ec-f2c0abf1e252,2015-03-22 15:53:49,informant-PC, ESENT ,Application,0,1,0,0,0,0,0,None,None,Application,223,0,0,0,0,0,0,0,0,0,3,0x0080000000000000,0,0,0,0,0,0,0,2015-03-22 15:53:49,1427039629.0,15,53
1745750,59018,0ef599f8-4786-41d9-99fb-6f5f786c8fcf,2015-03-22 15:53:49,informant-PC, ESENT ,Application,0,1,0,0,0,0,0,None,None,Application,210,0,0,0,0,0,0,0,0,0,3,0x0080000000000000,0,0,0,0,0,0,0,2015-03-22 15:53:49,1427039629.0,15,53
1745751,59018,86e71712-7c87-4272-b297-a00d71bcdee2,2015-03-22 15:53:49,informant-PC, ESENT ,Application,0,1,0,0,0,0,0,None,None,Application,223,0,0,0,0,0,0,0,0,0,3,0x0080000000000000,0,0,0,0,0,0,0,2015-03-22 15:53:49,1427039629.0,15,53
1745752,59018,5057d9d3-ff72-47db-9647-7ef2c5026e81,2015-03-22 15:53:49,informant-PC, ESENT ,Application,0,1,0,0,0,0,0,None,None,Application,210,0,0,0,0,0,0,0,0,0,3,0x0080000000000000,0,0,0,0,0,0,0,2015-03-22 15:53:49,1427039629.0,15,53
1746053,59018,2a416ac3-c3d9-48ee-92d0-0d553d0ecae6,2015-03-22 15:53:50,informant-PC, ESENT ,Application,0,1,0,0,0,0,0,None,None,Application,213,0,0,0,0,0,0,0,0,0,3,0x0080000000000000,0,0,0,0,0,0,0,2015-03-22 15:53:50,1427039630.0,15,53
1746054,59018,d386402b-a169-4b49-8c2e-a2fc994113f5,2015-03-22 15:53:50,informant-PC, ESENT ,Application,0,1,0,0,0,0,0,None,None,Application,225,0,0,0,0,0,0,0,0,0,3,0x0080000000000000,0,0,0,0,0,0,0,2015-03-22 15:53:50,1427039630.0,15,53
1746055,59018,5add2082-17cf-4193-95fb-7f2c65dbb4f8,2015-03-22 15:53:50,informant-PC, ESENT ,Application,0,1,0,0,0,0,0,None,None,Application,213,0,0,0,0,0,0,0,0,0,3,0x0080000000000000,0,0,0,0,0,0,0,2015-03-22 15:53:50,1427039630.0,15,53
1746056,59018,9e4ed554-ecc5-4a7f-86e0-a9ead709df6b,2015-03-22 15:53:50,informant-PC, ESENT ,Application,0,1,0,0,0,0,0,None,None,Application,225,0,0,0,0,0,0,0,0,0,3,0x0080000000000000,0,0,0,0,0,0,0,2015-03-22 15:53:50,1427039630.0,15,53
1746073,59017,535cef8e-b0b1-4be0-b503-4dec6cf17f42,2015-03-22 15:53:50,informant-PC, Service Control Manager ,System,0,0,1,0,0,0,0,None,484,System,7036,0,0,0,0,0,0,0,0,0,0,0x8080000000000000,0,0,0,1,0,0,0,2015-03-22 15:53:50,1427039630.0,15,53
1746075,59017,2d6bc3bb-435d-4f95-86ba-2f82c135c92f,2015-03-22 15:53:50,informant-PC, Service Control Manager ,System,0,0,1,0,0,0,0,None,484,System,7036,0,0,0,0,0,0,0,0,0,0,0x8080000000000000,0,0,0,1,0,0,0,2015-03-22 15:53:50,1427039630.0,15,53
1746149,59018,7b527960-046c-482a-876b-7ae02ee7024c,2015-03-22 15:53:55,informant-PC, ESENT ,Application,0,1,0,0,0,0,0,None,None,Application,103,0,0,0,0,0,0,0,0,0,1,0x0080000000000000,0,0,0,0,0,0,0,2015-03-22 15:53:55,1427039635.0,15,53
1746150,59018,0f215a7d-4302-45e2-963c-24d6c1d8dde1,2015-03-22 15:53:55,informant-PC, ESENT ,Application,0,1,0,0,0,0,0,None,None,Application,103,0,0,0,0,0,0,0,0,0,1,0x0080000000000000,0,0,0,0,0,0,0,2015-03-22 15:53:55,1427039635.0,15,53
1748629,59078,ebc734b6-9a37-44ad-9af6-1960830987d4,2015-03-22 15:53:57,informant-PC, Microsoft-Windows-KnownFolders ,Other,0,0,0,0,0,1,0,None,2708,Microsoft-Windows-Known Folders API Service,1002,0,0,0,0,0,0,0,0,0,0,0x8000000000000000,0,0,0,1,0,0,0,2015-03-22 15:53:57,1427039637.0,15,53
1748630,59078,4761dd1e-e470-4d89-a70b-d6d203d4d683,2015-03-22 15:53:57,informant-PC, Microsoft-Windows-KnownFolders ,Other,0,0,0,0,0,1,0,None,2708,Microsoft-Windows-Known Folders API Service,1002,0,0,0,0,0,0,0,0,0,0,0x8000000000000000,0,0,0,1,0,0,0,2015-03-22 15:53:57,1427039637.0,15,53
1748631,59078,d46a62cf-fb56-4348-b583-585555d03a87,2015-03-22 15:53:57,informant-PC, Microsoft-Windows-KnownFolders ,Other,0,0,0,0,0,1,0,None,2708,Microsoft-Windows-Known Folders API Service,1002,0,0,0,0,0,0,0,0,0,0,0x8000000000000000,0,0,0,1,0,0,0,2015-03-22 15:53:57,1427039637.0,15,53
1748632,59078,8408ef26-5b6a-44af-a60c-5b2de2f5ff92,2015-03-22 15:53:57,informant-PC, Microsoft-Windows-KnownFolders ,Other,0,0,0,0,0,1,0,None,2708,Microsoft-Windows-Known Folders API Service,1002,0,0,0,0,0,0,0,0,0,0,0x8000000000000000,0,0,0,1,0,0,0,2015-03-22 15:53:57,1427039637.0,15,53
1750131,59018,6452a1ec-986f-4745-921f-5289c529a8b9,2015-03-22 15:54:01,informant-PC, ESENT ,Application,0,1,0,0,0,0,0,None,None,Application,102,0,0,0,0,0,0,0,0,0,1,0x0080000000000000,0,0,0,0,0,0,0,2015-03-22 15:54:01,1427039641.0,15,54
1750132,59018,33c34f48-2f7e-48c0-a74e-91aeba1d1a11,2015-03-22 15:54:01,informant-PC, ESENT ,Application,0,1,0,0,0,0,0,None,None,Application,102,0,0,0,0,0,0,0,0,0,1,0x0080000000000000,0,0,0,0,0,0,0,2015-03-22 15:54:01,1427039641.0,15,54
1750495,59018,914c0ed2-47e3-43c3-b8a1-e51a3bba0e74,2015-03-22 15:54:02,informant-PC, ESENT ,Application,0,1,0,0,0,0,0,None,None,Application,103,0,0,0,0,0,0,0,0,0,1,0x0080000000000000,0,0,0,0,0,0,0,2015-03-22 15:54:02,1427039642.0,15,54
1750496,59018,dc3617dd-ba27-4da2-9f96-849df2f72991,2015-03-22 15:54:02,informant-PC, ESENT ,Application,0,1,0,0,0,0,0,None,None,Application,103,0,0,0,0,0,0,0,0,0,1,0x0080000000000000,0,0,0,0,0,0,0,2015-03-22 15:54:02,1427039642.0,15,54
1751507,59018,ef9e2abd-6946-4161-85ad-fedf29388352,2015-03-22 15:54:03,informant-PC, Office Software Protection Platform Service ,Application,0,1,0,0,0,0,0,None,None,Application,903,0,0,0,0,0,0,0,0,0,0,0x0080000000000000,0,0,0,0,0,0,0,2015-03-22 15:54:03,1427039643.0,15,54
1751508,59018,858bfd74-6019-45af-80e8-aa7cf6ea40f5,2015-03-22 15:54:03,informant-PC, Office Software Protection Platform Service ,Application,0,1,0,0,0,0,0,None,None,Application,903,0,0,0,0,0,0,0,0,0,0,0x0080000000000000,0,0,0,0,0,0,0,2015-03-22 15:54:03,1427039643.0,15,54
1751581,59017,cd02d7ae-4ee8-4150-b17e-0d8a259653f9,2015-03-22 15:54:03,informant-PC, Service Control Manager ,System,0,0,1,0,0,0,0,None,484,System,7036,0,0,0,0,0,0,0,0,0,0,0x8080000000000000,0,0,0,1,0,0,0,2015-03-22 15:54:03,1427039643.0,15,54
1751582,59017,8502ee3c-6ed3-44c4-b746-091b010107e6,2015-03-22 15:54:03,informant-PC, Service Control Manager ,System,0,0,1,0,0,0,0,None,484,System,7036,0,0,0,0,0,0,0,0,0,0,0x8080000000000000,0,0,0,1,0,0,0,2015-03-22 15:54:03,1427039643.0,15,54
1752481,59078,3c2c29a7-6fed-499d-a362-11df3977caea,2015-03-22 15:54:05,informant-PC, Microsoft-Windows-KnownFolders ,Other,0,0,0,0,0,1,0,None,2708,Microsoft-Windows-Known Folders API Service,1002,0,0,0,0,0,0,0,0,0,0,0x8000000000000000,0,0,0,1,0,0,0,2015-03-22 15:54:05,1427039645.0,15,54
1752488,59078,22183c89-7c7e-48ac-9ab4-7e5e9f4a2e65,2015-03-22 15:54:05,informant-PC, Microsoft-Windows-KnownFolders ,Other,0,0,0,0,0,1,0,None,2708,Microsoft-Windows-Known Folders API Service,1002,0,0,0,0,0,0,0,0,0,0,0x8000000000000000,0,0,0,1,0,0,0,2015-03-22 15:54:05,1427039645.0,15,54
1753025,59017,657e179e-e3df-4b72-9097-fd38738039d0,2015-03-22 15:55:21,informant-PC, Microsoft-Windows-Application-Experience ,System,0,0,1,0,0,0,0,None,824,System,206,0,0,0,0,0,0,0,0,0,0,0x8000000000000000,0,0,0,1,0,0,0,2015-03-22 15:55:21,1427039721.0,15,55
1753026,59017,0bfdc411-4188-4011-a6b5-06bed1444254,2015-03-22 15:55:21,informant-PC, Microsoft-Windows-Application-Experience ,System,0,0,1,0,0,0,0,None,824,System,206,0,0,0,0,0,0,0,0,0,0,0x8000000000000000,0,0,0,1,0,0,0,2015-03-22 15:55:21,1427039721.0,15,55
1781113,59017,9ccffa1a-82ef-46d6-9214-8eb057b4b7e8,2015-03-22 15:55:45,informant-PC, Service Control Manager ,System,0,0,1,0,0,0,0,None,484,System,7036,0,0,0,0,0,0,0,0,0,0,0x8080000000000000,0,0,0,1,0,0,0,2015-03-22 15:55:45,1427039745.0,15,55
1781114,59017,03f5fcd2-c90e-42f0-9a38-5645df40617e,2015-03-22 15:55:45,informant-PC, Service Control Manager ,System,0,0,1,0,0,0,0,None,484,System,7036,0,0,0,0,0,0,0,0,0,0,0x8080000000000000,0,0,0,1,0,0,0,2015-03-22 15:55:45,1427039745.0,15,55
1781879,59042,811181e8-3d62-47dd-8776-ecb2ad1e3c0f,2015-03-22 15:55:51,informant-PC, Microsoft-Windows-GroupPolicy ,Other,0,0,0,0,0,1,0,None,904,Microsoft-Windows-GroupPolicy/Operational,5324,0,0,0,0,0,0,0,0,0,0,0x4000000000000000,0,0,1,0,0,0,0,2015-03-22 15:55:51,1427039751.0,15,55
1781880,59042,5ec0d1fe-32c1-44d6-8b42-5f36edf13755,2015-03-22 15:55:51,informant-PC, Microsoft-Windows-GroupPolicy ,Other,0,0,0,0,0,1,0,None,904,Microsoft-Windows-GroupPolicy/Operational,5324,0,0,0,0,0,0,0,0,0,0,0x4000000000000000,0,0,1,0,0,0,0,2015-03-22 15:55:51,1427039751.0,15,55
1781881,59018,f81e7910-ccbd-48ad-84e3-46dfdbe7aa33,2015-03-22 15:55:52,informant-PC, Desktop Window Manager ,Application,0,1,0,0,0,0,0,None,None,Application,9009,0,0,0,0,0,0,0,0,0,0,0x0080000000000000,0,0,0,0,0,0,0,2015-03-22 15:55:52,1427039752.0,15,55
1781882,59018,08945aba-cb12-4a5a-a404-3715007f4604,2015-03-22 15:55:52,informant-PC, Wlclntfy ,Application,0,1,0,0,0,0,0,None,0,Application,6000,0,0,0,0,0,0,0,0,0,0,0x0080000000000000,0,0,0,0,0,0,0,2015-03-22 15:55:52,1427039752.0,15,55
1781883,59018,f983fbfc-fa3f-4ca0-8176-6049897f8c19,2015-03-22 15:55:52,informant-PC, Wlclntfy ,Application,0,1,0,0,0,0,0,None,0,Application,6000,0,0,0,0,0,0,0,0,0,0,0x0080000000000000,0,0,0,0,0,0,0,2015-03-22 15:55:52,1427039752.0,15,55
1781884,59018,9f8dbdae-75ab-4cc1-a58f-69b7dbf21eac,2015-03-22 15:55:52,informant-PC, Desktop Window Manager ,Application,0,1,0,0,0,0,0,None,None,Application,9009,0,0,0,0,0,0,0,0,0,0,0x0080000000000000,0,0,0,0,0,0,0,2015-03-22 15:55:52,1427039752.0,15,55
1781885,59019,73e35e20-ae8a-4eae-ad2f-ced91f6b3b2e,2015-03-22 15:55:52,informant-PC, Microsoft-Windows-Security-Auditing ,Security,1,0,0,0,0,0,0,S-1-5-21-2425377081-3129163575-2985601102-1001,500,Security,4647,0,0,0,1,0,0,0,0,0,12545,0x8020000000000000,0,0,0,1,0,0,0,2015-03-22 15:55:52,1427039752.0,15,55
1781886,59019,067a4ab4-52b7-4792-b7d2-d7b147e4c1b2,2015-03-22 15:55:52,informant-PC, Microsoft-Windows-Security-Auditing ,Security,1,0,0,0,0,0,0,S-1-5-21-2425377081-3129163575-2985601102-1001,500,Security,4647,0,0,0,1,0,0,0,0,0,12545,0x8020000000000000,0,0,0,1,0,0,0,2015-03-22 15:55:52,1427039752.0,15,55
1781887,13963,14478122-d6d7-46c0-a16e-73d1bc3a48b6,2015-03-22 15:55:52,informant-PC, Microsoft-Windows-TerminalServices-LocalSessionManager ,Other,0,0,0,0,0,1,0,None,508,Microsoft-Windows-TerminalServices-LocalSessionManager/Operational,23,0,0,0,0,0,0,0,0,0,0,0x1000000000000000,1,0,0,0,0,0,0,2015-03-22 15:55:52,1427039752.0,15,55
1781888,59040,d9bc40e4-0098-4852-b927-dd27f9bfb650,2015-03-22 15:55:52,informant-PC, Microsoft-Windows-OfflineFiles ,Other,0,0,0,0,0,1,0,None,824,Microsoft-Windows-OfflineFiles/Operational,8,0,0,0,0,0,0,0,0,0,0,0x4000000000000008,0,0,1,0,0,0,0,2015-03-22 15:55:52,1427039752.0,15,55
1781889,59040,8cebc49e-7825-46ce-93c7-65ffcb2fe0cd,2015-03-22 15:55:52,informant-PC, Microsoft-Windows-OfflineFiles ,Other,0,0,0,0,0,1,0,None,824,Microsoft-Windows-OfflineFiles/Operational,8,0,0,0,0,0,0,0,0,0,0,0x4000000000000008,0,0,1,0,0,0,0,2015-03-22 15:55:52,1427039752.0,15,55
1781890,59042,cdbe0e06-7172-4fcb-aeb3-61791357728e,2015-03-22 15:55:52,informant-PC, Microsoft-Windows-GroupPolicy ,Other,0,0,0,0,0,1,0,None,904,Microsoft-Windows-GroupPolicy/Operational,5324,0,0,0,0,0,0,0,0,0,0,0x4000000000000000,0,0,1,0,0,0,0,2015-03-22 15:55:52,1427039752.0,15,55
1781891,59021,5b0fbd3f-571b-4d79-8168-dba463758961,2015-03-22 15:55:52,informant-PC, Microsoft-Windows-User Profiles Service ,Other,0,0,0,0,0,1,0,None,904,Microsoft-Windows-User Profile Service/Operational,3,0,0,0,0,0,0,0,0,0,0,0x4000000000000000,0,0,1,0,0,0,0,2015-03-22 15:55:52,1427039752.0,15,55
1781892,59021,8f677b43-cf47-4d22-b6ad-b946ad553d4c,2015-03-22 15:55:52,informant-PC, Microsoft-Windows-User Profiles Service ,Other,0,0,0,0,0,1,0,None,904,Microsoft-Windows-User Profile Service/Operational,3,0,0,0,0,0,0,0,0,0,0,0x4000000000000000,0,0,1,0,0,0,0,2015-03-22 15:55:52,1427039752.0,15,55
1781893,13963,3faf0089-d34e-427e-9e7b-3cc484ff684c,2015-03-22 15:55:52,informant-PC, Microsoft-Windows-TerminalServices-LocalSessionManager ,Other,0,0,0,0,0,1,0,None,508,Microsoft-Windows-TerminalServices-LocalSessionManager/Operational,23,0,0,0,0,0,0,0,0,0,0,0x1000000000000000,1,0,0,0,0,0,0,2015-03-22 15:55:52,1427039752.0,15,55
1781894,59042,2d679bac-e178-4390-833a-1eaadb5b6b53,2015-03-22 15:55:52,informant-PC, Microsoft-Windows-GroupPolicy ,Other,0,0,0,0,0,1,0,None,904,Microsoft-Windows-GroupPolicy/Operational,5324,0,0,0,0,0,0,0,0,0,0,0x4000000000000000,0,0,1,0,0,0,0,2015-03-22 15:55:52,1427039752.0,15,55
1781895,59018,f246de0c-0e90-40e6-9a32-770ea2a78923,2015-03-22 15:55:52,informant-PC, Microsoft-Windows-User Profiles Service ,Application,0,1,0,0,0,0,0,None,904,Application,1530,0,0,0,0,0,0,0,0,0,0,0x8000000000000000,0,0,0,1,0,0,0,2015-03-22 15:55:52,1427039752.0,15,55
1781912,59018,774ff709-a4d7-4547-8f6f-982853e3ee04,2015-03-22 15:55:52,informant-PC, Microsoft-Windows-User Profiles Service ,Application,0,1,0,0,0,0,0,None,904,Application,1530,0,0,0,0,0,0,0,0,0,0,0x8000000000000000,0,0,0,1,0,0,0,2015-03-22 15:55:52,1427039752.0,15,55
1781924,59017,3d30717e-9b05-4571-af68-fb4b1efd3799,2015-03-22 15:55:52,informant-PC, Microsoft-Windows-Winlogon ,System,0,0,1,0,0,0,0,None,1952,System,7002,0,0,0,0,0,0,0,0,0,1102,0x2000000000000000,0,1,0,0,0,0,0,2015-03-22 15:55:52,1427039752.0,15,55
1781925,59021,8f59896c-bd9a-463d-80e4-e61d6e7b803c,2015-03-22 15:55:52,informant-PC, Microsoft-Windows-User Profiles Service ,Other,0,0,0,0,0,1,0,None,904,Microsoft-Windows-User Profile Service/Operational,4,0,0,0,0,0,0,0,0,0,0,0x4000000000000000,0,0,1,0,0,0,0,2015-03-22 15:55:52,1427039752.0,15,55
1781927,59021,1a781048-c1f6-4d06-97b6-9432adb15f36,2015-03-22 15:55:52,informant-PC, Microsoft-Windows-User Profiles Service ,Other,0,0,0,0,0,1,0,None,904,Microsoft-Windows-User Profile Service/Operational,4,0,0,0,0,0,0,0,0,0,0,0x4000000000000000,0,0,1,0,0,0,0,2015-03-22 15:55:52,1427039752.0,15,55
1781944,59017,655c834b-c0bd-482c-9f7e-07b2182728d7,2015-03-22 15:55:52,informant-PC, Microsoft-Windows-Winlogon ,System,0,0,1,0,0,0,0,None,1952,System,7002,0,0,0,0,0,0,0,0,0,1102,0x2000000000000000,0,1,0,0,0,0,0,2015-03-22 15:55:52,1427039752.0,15,55
1781951,13963,e2088b3a-ae9d-49ea-ab5b-a8dc090f9310,2015-03-22 15:55:52,informant-PC, Microsoft-Windows-TerminalServices-LocalSessionManager ,Other,0,0,0,0,0,1,0,None,508,Microsoft-Windows-TerminalServices-LocalSessionManager/Operational,24,0,0,0,0,0,0,0,0,0,0,0x1000000000000000,1,0,0,0,0,0,0,2015-03-22 15:55:52,1427039752.0,15,55
1781952,13963,b929682d-ca78-496c-87a7-46afebadddd8,2015-03-22 15:55:52,informant-PC, Microsoft-Windows-TerminalServices-LocalSessionManager ,Other,0,0,0,0,0,1,0,None,508,Microsoft-Windows-TerminalServices-LocalSessionManager/Operational,24,0,0,0,0,0,0,0,0,0,0,0x1000000000000000,1,0,0,0,0,0,0,2015-03-22 15:55:52,1427039752.0,15,55
1781963,59018,2ae30556-a8f7-4b49-bfae-cad5b5c670c4,2015-03-22 15:55:57,informant-PC, Wlclntfy ,Application,0,1,0,0,0,0,0,None,0,Application,6000,0,0,0,0,0,0,0,0,0,0,0x0080000000000000,0,0,0,0,0,0,0,2015-03-22 15:55:57,1427039757.0,15,55
1781964,59018,5c7b4d97-dc84-4a01-8106-85edbc43bc16,2015-03-22 15:55:57,informant-PC, Wlclntfy ,Application,0,1,0,0,0,0,0,None,0,Application,6000,0,0,0,0,0,0,0,0,0,0,0x0080000000000000,0,0,0,0,0,0,0,2015-03-22 15:55:57,1427039757.0,15,55
1781965,59018,d65525b1-3b02-4d32-8e47-23d8f767601c,2015-03-22 15:55:57,informant-PC, Desktop Window Manager ,Application,0,1,0,0,0,0,0,None,None,Application,9003,0,0,0,0,0,0,0,0,0,0,0x0080000000000000,0,0,0,0,0,0,0,2015-03-22 15:55:57,1427039757.0,15,55
1781966,59018,f931ec55-f850-4899-89c7-91dc0723a40a,2015-03-22 15:55:57,informant-PC, Desktop Window Manager ,Application,0,1,0,0,0,0,0,None,None,Application,9003,0,0,0,0,0,0,0,0,0,0,0x0080000000000000,0,0,0,0,0,0,0,2015-03-22 15:55:57,1427039757.0,15,55
1781967,59018,9fb8b1ca-781d-466b-8f97-cf526a541d74,2015-03-22 15:55:57,informant-PC, Winlogon ,Application,0,1,0,0,0,0,0,None,0,Application,4101,0,0,0,0,0,0,0,0,0,0,0x0080000000000000,0,0,0,0,0,0,0,2015-03-22 15:55:57,1427039757.0,15,55
1781968,59018,2af9ed01-1464-466e-9d7f-0a83da3292e1,2015-03-22 15:55:57,informant-PC, Winlogon ,Application,0,1,0,0,0,0,0,None,0,Application,4101,0,0,0,0,0,0,0,0,0,0,0x0080000000000000,0,0,0,0,0,0,0,2015-03-22 15:55:57,1427039757.0,15,55
1781971,59019,f51b8500-37dd-431c-b3af-a663f787108b,2015-03-22 15:55:57,informant-PC, Microsoft-Windows-Security-Auditing ,Security,1,0,0,0,0,0,0,S-1-5-21-2425377081-3129163575-2985601102-1003,500,Security,4624,0,0,0,1,0,0,0,0,0,12544,0x8020000000000000,0,0,0,1,0,0,0,2015-03-22 15:55:57,1427039757.0,15,55
1781972,59019,68f7a16d-c41b-4d91-9f21-2c77c7ff35ad,2015-03-22 15:55:57,informant-PC, Microsoft-Windows-Security-Auditing ,Security,1,0,0,0,0,0,0,None,500,Security,4648,0,0,0,1,0,0,0,0,0,12544,0x8020000000000000,0,0,0,1,0,0,0,2015-03-22 15:55:57,1427039757.0,15,55
1781973,59019,0171b746-f0e3-4888-896c-7ac49a422f3a,2015-03-22 15:55:57,informant-PC, Microsoft-Windows-Security-Auditing ,Security,1,0,0,0,0,0,0,None,500,Security,4648,0,0,0,1,0,0,0,0,0,12544,0x8020000000000000,0,0,0,1,0,0,0,2015-03-22 15:55:57,1427039757.0,15,55
1781974,59019,da8599ba-a733-4040-9574-30ef6eb160f8,2015-03-22 15:55:57,informant-PC, Microsoft-Windows-Security-Auditing ,Security,1,0,0,0,0,0,0,S-1-5-21-2425377081-3129163575-2985601102-1003,500,Security,4624,0,0,0,1,0,0,0,0,0,12544,0x8020000000000000,0,0,0,1,0,0,0,2015-03-22 15:55:57,1427039757.0,15,55
1781975,59017,210bf30a-90eb-441b-acc3-cf689ce5d59f,2015-03-22 15:55:57,informant-PC, Microsoft-Windows-Winlogon ,System,0,0,1,0,0,0,0,None,1836,System,7001,0,0,0,0,0,0,0,0,0,1101,0x2000000000000000,0,1,0,0,0,0,0,2015-03-22 15:55:57,1427039757.0,15,55
1781976,59017,56ccefb3-9f17-4db5-9ccb-dda96e3bcecf,2015-03-22 15:55:57,informant-PC, Microsoft-Windows-Winlogon ,System,0,0,1,0,0,0,0,None,1836,System,7001,0,0,0,0,0,0,0,0,0,1101,0x2000000000000000,0,1,0,0,0,0,0,2015-03-22 15:55:57,1427039757.0,15,55
1782110,59021,98ae49e1-2e69-43db-815c-9fd46aad0055,2015-03-22 15:55:57,informant-PC, Microsoft-Windows-User Profiles Service ,Other,0,0,0,0,0,1,0,None,904,Microsoft-Windows-User Profile Service/Operational,1,0,0,0,0,0,0,0,0,0,0,0x4000000000000000,0,0,1,0,0,0,0,2015-03-22 15:55:57,1427039757.0,15,55
1782189,59021,55a5ad72-6885-4ce8-942e-35a4797ddd2b,2015-03-22 15:55:57,informant-PC, Microsoft-Windows-User Profiles Service ,Other,0,0,0,0,0,1,0,None,904,Microsoft-Windows-User Profile Service/Operational,1,0,0,0,0,0,0,0,0,0,0,0x4000000000000000,0,0,1,0,0,0,0,2015-03-22 15:55:57,1427039757.0,15,55
1783846,59021,ffba7665-d83e-4d72-944f-596b974ad0cc,2015-03-22 15:55:57,informant-PC, Microsoft-Windows-User Profiles Service ,Other,0,0,0,0,0,1,0,None,904,Microsoft-Windows-User Profile Service/Operational,5,0,0,0,0,0,0,0,0,0,0,0x4000000000000000,0,0,1,0,0,0,0,2015-03-22 15:55:57,1427039757.0,15,55
1784655,59021,4e41f625-f3d3-4771-ba15-30039bb0a7aa,2015-03-22 15:55:57,informant-PC, Microsoft-Windows-User Profiles Service ,Other,0,0,0,0,0,1,0,None,904,Microsoft-Windows-User Profile Service/Operational,5,0,0,0,0,0,0,0,0,0,0,0x4000000000000000,0,0,1,0,0,0,0,2015-03-22 15:55:57,1427039757.0,15,55
1785523,59061,2d109d92-0213-4d36-83f4-16a59b666f8d,2015-03-22 15:55:57,informant-PC, Microsoft-Windows-Diagnosis-DPS ,Other,0,0,0,0,0,1,0,None,1124,Microsoft-Windows-Diagnosis-DPS/Operational,100,0,0,0,0,0,0,0,0,0,1,0x4000000800000000,0,0,1,0,0,0,0,2015-03-22 15:55:57,1427039757.0,15,55
1785571,59061,c1f945b3-8a81-41dc-8a9a-f369b820c96b,2015-03-22 15:55:57,informant-PC, Microsoft-Windows-Diagnosis-DPS ,Other,0,0,0,0,0,1,0,None,1124,Microsoft-Windows-Diagnosis-DPS/Operational,105,0,0,0,0,0,0,0,0,0,1,0x4000000800000000,0,0,1,0,0,0,0,2015-03-22 15:55:57,1427039757.0,15,55
1785584,59061,a636958e-1072-473c-a23f-dfdda08fe3e9,2015-03-22 15:55:57,informant-PC, Microsoft-Windows-Diagnosis-DPS ,Other,0,0,0,0,0,1,0,None,1124,Microsoft-Windows-Diagnosis-DPS/Operational,100,0,0,0,0,0,0,0,0,0,1,0x4000000800000000,0,0,1,0,0,0,0,2015-03-22 15:55:57,1427039757.0,15,55
1785598,59061,6f1f0b9b-b117-4177-9517-a7d30fb0c9bf,2015-03-22 15:55:57,informant-PC, Microsoft-Windows-Diagnosis-DPS ,Other,0,0,0,0,0,1,0,None,1124,Microsoft-Windows-Diagnosis-DPS/Operational,105,0,0,0,0,0,0,0,0,0,1,0x4000000800000000,0,0,1,0,0,0,0,2015-03-22 15:55:57,1427039757.0,15,55
1785630,59021,b0b4fd0f-b44b-42ec-81c4-68c8daf5053c,2015-03-22 15:55:57,informant-PC, Microsoft-Windows-User Profiles Service ,Other,0,0,0,0,0,1,0,None,904,Microsoft-Windows-User Profile Service/Operational,5,0,0,0,0,0,0,0,0,0,0,0x4000000000000000,0,0,1,0,0,0,0,2015-03-22 15:55:57,1427039757.0,15,55
1785632,59021,8d036161-cce6-4cd5-a99c-9132248f1b42,2015-03-22 15:55:57,informant-PC, Microsoft-Windows-User Profiles Service ,Other,0,0,0,0,0,1,0,None,904,Microsoft-Windows-User Profile Service/Operational,5,0,0,0,0,0,0,0,0,0,0,0x4000000000000000,0,0,1,0,0,0,0,2015-03-22 15:55:57,1427039757.0,15,55
1785637,59042,884b41bc-2626-4afb-8284-e7cdc334d4b6,2015-03-22 15:55:57,informant-PC, Microsoft-Windows-GroupPolicy ,Other,0,0,0,0,0,1,0,None,904,Microsoft-Windows-GroupPolicy/Operational,5324,0,0,0,0,0,0,0,0,0,0,0x4000000000000000,0,0,1,0,0,0,0,2015-03-22 15:55:57,1427039757.0,15,55
1785646,59042,1597f1de-6c16-4275-8f4b-5b4e0d8c1944,2015-03-22 15:55:57,informant-PC, Microsoft-Windows-GroupPolicy ,Other,0,0,0,0,0,1,0,None,904,Microsoft-Windows-GroupPolicy/Operational,5324,0,0,0,0,0,0,0,0,0,0,0x4000000000000000,0,0,1,0,0,0,0,2015-03-22 15:55:57,1427039757.0,15,55
1785661,59021,ca978f3c-5d0d-4125-85ac-f11964cb5fdd,2015-03-22 15:55:57,informant-PC, Microsoft-Windows-User Profiles Service ,Other,0,0,0,0,0,1,0,None,904,Microsoft-Windows-User Profile Service/Operational,2,0,0,0,0,0,0,0,0,0,0,0x4000000000000000,0,0,1,0,0,0,0,2015-03-22 15:55:57,1427039757.0,15,55
1785681,59021,98e5901b-572e-4544-801c-7605bccd61c1,2015-03-22 15:55:57,informant-PC, Microsoft-Windows-User Profiles Service ,Other,0,0,0,0,0,1,0,None,904,Microsoft-Windows-User Profile Service/Operational,2,0,0,0,0,0,0,0,0,0,0,0x4000000000000000,0,0,1,0,0,0,0,2015-03-22 15:55:57,1427039757.0,15,55
1785683,59042,a7fde044-273a-4a47-a015-2c39c52d295d,2015-03-22 15:55:57,informant-PC, Microsoft-Windows-GroupPolicy ,Other,0,0,0,0,0,1,0,None,904,Microsoft-Windows-GroupPolicy/Operational,4001,0,0,0,0,0,0,0,0,0,0,0x4000000000000000,0,0,1,0,0,0,0,2015-03-22 15:55:57,1427039757.0,15,55
1785690,59042,400e9bfd-a6ee-41f9-82fb-6a486ccac27d,2015-03-22 15:55:57,informant-PC, Microsoft-Windows-GroupPolicy ,Other,0,0,0,0,0,1,0,None,904,Microsoft-Windows-GroupPolicy/Operational,4001,0,0,0,0,0,0,0,0,0,0,0x4000000000000000,0,0,1,0,0,0,0,2015-03-22 15:55:57,1427039757.0,15,55
1785700,59042,868c3e9d-3951-4771-be57-c87d5839a335,2015-03-22 15:55:57,informant-PC, Microsoft-Windows-GroupPolicy ,Other,0,0,0,0,0,1,0,None,904,Microsoft-Windows-GroupPolicy/Operational,5312,0,0,0,0,0,0,0,0,0,0,0x4000000000000000,0,0,1,0,0,0,0,2015-03-22 15:55:57,1427039757.0,15,55
1785702,59042,f32b6ed2-b0ab-4051-92e1-2405be40efd9,2015-03-22 15:55:57,informant-PC, Microsoft-Windows-GroupPolicy ,Other,0,0,0,0,0,1,0,None,904,Microsoft-Windows-GroupPolicy/Operational,5313,0,0,0,0,0,0,0,0,0,0,0x4000000000000000,0,0,1,0,0,0,0,2015-03-22 15:55:57,1427039757.0,15,55
1785707,59042,c530c460-7f83-439d-9110-e50921edaa01,2015-03-22 15:55:57,informant-PC, Microsoft-Windows-GroupPolicy ,Other,0,0,0,0,0,1,0,None,904,Microsoft-Windows-GroupPolicy/Operational,5313,0,0,0,0,0,0,0,0,0,0,0x4000000000000000,0,0,1,0,0,0,0,2015-03-22 15:55:57,1427039757.0,15,55
1785708,59042,fe1773c3-fad2-4ef9-857a-2542e5a3e3cd,2015-03-22 15:55:57,informant-PC, Microsoft-Windows-GroupPolicy ,Other,0,0,0,0,0,1,0,None,904,Microsoft-Windows-GroupPolicy/Operational,5311,0,0,0,0,0,0,0,0,0,0,0x4000000000000000,0,0,1,0,0,0,0,2015-03-22 15:55:57,1427039757.0,15,55
1785710,59042,9d7e6b2c-a309-4fff-9f0e-90624a1c5ff3,2015-03-22 15:55:57,informant-PC, Microsoft-Windows-GroupPolicy ,Other,0,0,0,0,0,1,0,None,904,Microsoft-Windows-GroupPolicy/Operational,5312,0,0,0,0,0,0,0,0,0,0,0x4000000000000000,0,0,1,0,0,0,0,2015-03-22 15:55:57,1427039757.0,15,55
1785712,59042,555d1b8f-ed99-45d3-8991-b62a5d8aed9d,2015-03-22 15:55:57,informant-PC, Microsoft-Windows-GroupPolicy ,Other,0,0,0,0,0,1,0,None,904,Microsoft-Windows-GroupPolicy/Operational,5311,0,0,0,0,0,0,0,0,0,0,0x4000000000000000,0,0,1,0,0,0,0,2015-03-22 15:55:57,1427039757.0,15,55
1785732,59042,e447464f-70ff-4642-b471-cd784be99653,2015-03-22 15:55:57,informant-PC, Microsoft-Windows-GroupPolicy ,Other,0,0,0,0,0,1,0,None,904,Microsoft-Windows-GroupPolicy/Operational,5320,0,0,0,0,0,0,0,0,0,0,0x4000000000000000,0,0,1,0,0,0,0,2015-03-22 15:55:57,1427039757.0,15,55
1785733,59042,1f1c9daa-ad23-494a-944f-939070a03b26,2015-03-22 15:55:57,informant-PC, Microsoft-Windows-GroupPolicy ,Other,0,0,0,0,0,1,0,None,904,Microsoft-Windows-GroupPolicy/Operational,5320,0,0,0,0,0,0,0,0,0,0,0x4000000000000000,0,0,1,0,0,0,0,2015-03-22 15:55:57,1427039757.0,15,55
1785740,59017,247f36bf-1887-4180-975c-702d302625c4,2015-03-22 15:55:57,informant-PC, Microsoft-Windows-GroupPolicy ,System,0,0,1,0,0,0,0,None,904,System,1501,0,0,0,0,0,0,0,0,0,0,0x8000000000000000,0,0,0,1,0,0,0,2015-03-22 15:55:57,1427039757.0,15,55
1785741,59042,9c1cb97d-cf83-4adc-9a52-87cd83d844df,2015-03-22 15:55:57,informant-PC, Microsoft-Windows-GroupPolicy ,Other,0,0,0,0,0,1,0,None,904,Microsoft-Windows-GroupPolicy/Operational,5320,0,0,0,0,0,0,0,0,0,0,0x4000000000000000,0,0,1,0,0,0,0,2015-03-22 15:55:57,1427039757.0,15,55
1785742,59042,292929d9-f5ad-4839-a95a-795ddc2b648d,2015-03-22 15:55:57,informant-PC, Microsoft-Windows-GroupPolicy ,Other,0,0,0,0,0,1,0,None,904,Microsoft-Windows-GroupPolicy/Operational,5320,0,0,0,0,0,0,0,0,0,0,0x4000000000000000,0,0,1,0,0,0,0,2015-03-22 15:55:57,1427039757.0,15,55
1785744,59042,e0cff3b8-dc90-4873-bbb4-8db3a4edba20,2015-03-22 15:55:57,informant-PC, Microsoft-Windows-GroupPolicy ,Other,0,0,0,0,0,1,0,None,904,Microsoft-Windows-GroupPolicy/Operational,5320,0,0,0,0,0,0,0,0,0,0,0x4000000000000000,0,0,1,0,0,0,0,2015-03-22 15:55:57,1427039757.0,15,55
1785747,59017,00039412-ed90-420f-9944-72f7c42989fa,2015-03-22 15:55:57,informant-PC, Microsoft-Windows-GroupPolicy ,System,0,0,1,0,0,0,0,None,904,System,1501,0,0,0,0,0,0,0,0,0,0,0x8000000000000000,0,0,0,1,0,0,0,2015-03-22 15:55:57,1427039757.0,15,55
1785752,59042,fab2ef7d-b003-4efd-be11-f19a6d0e1793,2015-03-22 15:55:57,informant-PC, Microsoft-Windows-GroupPolicy ,Other,0,0,0,0,0,1,0,None,904,Microsoft-Windows-GroupPolicy/Operational,5320,0,0,0,0,0,0,0,0,0,0,0x4000000000000000,0,0,1,0,0,0,0,2015-03-22 15:55:57,1427039757.0,15,55
1785760,59042,8a58be52-0e42-4253-9276-8a17ba13d128,2015-03-22 15:55:57,informant-PC, Microsoft-Windows-GroupPolicy ,Other,0,0,0,0,0,1,0,None,904,Microsoft-Windows-GroupPolicy/Operational,5315,0,0,0,0,0,0,0,0,0,0,0x4000000000000000,0,0,1,0,0,0,0,2015-03-22 15:55:57,1427039757.0,15,55
1785762,59040,0ecba09b-ac36-42a1-90d9-6ff2a679a249,2015-03-22 15:55:57,informant-PC, Microsoft-Windows-OfflineFiles ,Other,0,0,0,0,0,1,0,None,824,Microsoft-Windows-OfflineFiles/Operational,7,0,0,0,0,0,0,0,0,0,0,0x4000000000000008,0,0,1,0,0,0,0,2015-03-22 15:55:57,1427039757.0,15,55
1785763,59040,04fcdce0-bec6-4a2a-9753-5ec0ba29c80f,2015-03-22 15:55:57,informant-PC, Microsoft-Windows-OfflineFiles ,Other,0,0,0,0,0,1,0,None,824,Microsoft-Windows-OfflineFiles/Operational,7,0,0,0,0,0,0,0,0,0,0,0x4000000000000008,0,0,1,0,0,0,0,2015-03-22 15:55:57,1427039757.0,15,55
1785764,13963,070293e6-f889-47f0-892a-80aeeb8fe44e,2015-03-22 15:55:57,informant-PC, Microsoft-Windows-TerminalServices-LocalSessionManager ,Other,0,0,0,0,0,1,0,None,508,Microsoft-Windows-TerminalServices-LocalSessionManager/Operational,21,0,0,0,0,0,0,0,0,0,0,0x1000000000000000,1,0,0,0,0,0,0,2015-03-22 15:55:57,1427039757.0,15,55
1785766,59042,4126ab13-bcfe-4243-8291-ee367860fff2,2015-03-22 15:55:57,informant-PC, Microsoft-Windows-GroupPolicy ,Other,0,0,0,0,0,1,0,None,904,Microsoft-Windows-GroupPolicy/Operational,5315,0,0,0,0,0,0,0,0,0,0,0x4000000000000000,0,0,1,0,0,0,0,2015-03-22 15:55:57,1427039757.0,15,55
1785767,13963,86288ec7-c2db-41f1-a50d-90cb45c709d4,2015-03-22 15:55:57,informant-PC, Microsoft-Windows-TerminalServices-LocalSessionManager ,Other,0,0,0,0,0,1,0,None,508,Microsoft-Windows-TerminalServices-LocalSessionManager/Operational,21,0,0,0,0,0,0,0,0,0,0,0x1000000000000000,1,0,0,0,0,0,0,2015-03-22 15:55:57,1427039757.0,15,55
1785769,59042,532761e9-76ee-4d8a-b919-9809987ffea6,2015-03-22 15:55:57,informant-PC, Microsoft-Windows-GroupPolicy ,Other,0,0,0,0,0,1,0,None,904,Microsoft-Windows-GroupPolicy/Operational,8001,0,0,0,0,0,0,0,0,0,0,0x4000000000000000,0,0,1,0,0,0,0,2015-03-22 15:55:57,1427039757.0,15,55
1785771,59042,1ad56b4e-45ed-4b84-a6cf-bdac0336e251,2015-03-22 15:55:57,informant-PC, Microsoft-Windows-GroupPolicy ,Other,0,0,0,0,0,1,0,None,904,Microsoft-Windows-GroupPolicy/Operational,8001,0,0,0,0,0,0,0,0,0,0,0x4000000000000000,0,0,1,0,0,0,0,2015-03-22 15:55:57,1427039757.0,15,55
1785788,59042,10634643-f2e0-4d24-aa35-5ec838e7291f,2015-03-22 15:55:57,informant-PC, Microsoft-Windows-GroupPolicy ,Other,0,0,0,0,0,1,0,None,904,Microsoft-Windows-GroupPolicy/Operational,5324,0,0,0,0,0,0,0,0,0,0,0x4000000000000000,0,0,1,0,0,0,0,2015-03-22 15:55:57,1427039757.0,15,55
1785789,13966,4a411c5b-ea47-40c6-bb81-74fb884bbfd8,2015-03-22 15:55:57,informant-PC, Microsoft-Windows-PrintService ,Other,0,0,0,0,0,1,0,None,1056,Microsoft-Windows-PrintService/Admin,823,0,0,0,0,0,0,0,0,0,49,0x8000000000020000,0,0,0,1,0,0,0,2015-03-22 15:55:57,1427039757.0,15,55
1785792,13966,af669a4e-0bd1-4c68-9d44-fa2eb59e7b86,2015-03-22 15:55:57,informant-PC, Microsoft-Windows-PrintService ,Other,0,0,0,0,0,1,0,None,1056,Microsoft-Windows-PrintService/Admin,823,0,0,0,0,0,0,0,0,0,49,0x8000000000020000,0,0,0,1,0,0,0,2015-03-22 15:55:57,1427039757.0,15,55
1785800,59042,76fa0b63-6855-475a-97fc-7ef14b793041,2015-03-22 15:55:57,informant-PC, Microsoft-Windows-GroupPolicy ,Other,0,0,0,0,0,1,0,None,904,Microsoft-Windows-GroupPolicy/Operational,5324,0,0,0,0,0,0,0,0,0,0,0x4000000000000000,0,0,1,0,0,0,0,2015-03-22 15:55:57,1427039757.0,15,55
1785807,13963,ba09e17f-6ea5-4ccf-b93b-64cfe1ae476f,2015-03-22 15:55:57,informant-PC, Microsoft-Windows-TerminalServices-LocalSessionManager ,Other,0,0,0,0,0,1,0,None,508,Microsoft-Windows-TerminalServices-LocalSessionManager/Operational,22,0,0,0,0,0,0,0,0,0,0,0x1000000000000000,1,0,0,0,0,0,0,2015-03-22 15:55:57,1427039757.0,15,55
1785810,13963,92154527-8bc6-4997-84f7-b710b4503220,2015-03-22 15:55:57,informant-PC, Microsoft-Windows-TerminalServices-LocalSessionManager ,Other,0,0,0,0,0,1,0,None,508,Microsoft-Windows-TerminalServices-LocalSessionManager/Operational,22,0,0,0,0,0,0,0,0,0,0,0x1000000000000000,1,0,0,0,0,0,0,2015-03-22 15:55:57,1427039757.0,15,55
1785974,59018,4015f051-c6f7-486b-bda0-9ce6038fee0f,2015-03-22 15:55:58,informant-PC, Desktop Window Manager ,Application,0,1,0,0,0,0,0,None,None,Application,9007,0,0,0,0,0,0,0,0,0,0,0x0080000000000000,0,0,0,0,0,0,0,2015-03-22 15:55:58,1427039758.0,15,55
1785992,59018,145bb44e-9d1b-4af9-acdd-5f490eefb3bb,2015-03-22 15:55:58,informant-PC, Desktop Window Manager ,Application,0,1,0,0,0,0,0,None,None,Application,9007,0,0,0,0,0,0,0,0,0,0,0x0080000000000000,0,0,0,0,0,0,0,2015-03-22 15:55:58,1427039758.0,15,55
1786220,59017,4860a902-dd6b-4320-913e-bff80449cab5,2015-03-22 15:55:59,informant-PC, Service Control Manager ,System,0,0,1,0,0,0,0,None,484,System,7036,0,0,0,0,0,0,0,0,0,0,0x8080000000000000,0,0,0,1,0,0,0,2015-03-22 15:55:59,1427039759.0,15,55
1786221,59017,11bc47ed-c74c-4dc6-be43-38e718c14fe7,2015-03-22 15:55:59,informant-PC, Service Control Manager ,System,0,0,1,0,0,0,0,None,484,System,7036,0,0,0,0,0,0,0,0,0,0,0x8080000000000000,0,0,0,1,0,0,0,2015-03-22 15:55:59,1427039759.0,15,55
1786268,59018,c02c02f9-3a3c-4a0b-97d6-fd4709ec2e87,2015-03-22 15:56:00,informant-PC, ESENT ,Application,0,1,0,0,0,0,0,None,None,Application,225,0,0,0,0,0,0,0,0,0,3,0x0080000000000000,0,0,0,0,0,0,0,2015-03-22 15:56:00,1427039760.0,15,56
1786269,59018,614bd7e4-0de8-4ccb-9892-5e06d7bb8359,2015-03-22 15:56:00,informant-PC, ESENT ,Application,0,1,0,0,0,0,0,None,None,Application,220,0,0,0,0,0,0,0,0,0,3,0x0080000000000000,0,0,0,0,0,0,0,2015-03-22 15:56:00,1427039760.0,15,56
1786270,59018,716941c6-3037-461a-a786-78ca2556e552,2015-03-22 15:56:00,informant-PC, ESENT ,Application,0,1,0,0,0,0,0,None,None,Application,221,0,0,0,0,0,0,0,0,0,3,0x0080000000000000,0,0,0,0,0,0,0,2015-03-22 15:56:00,1427039760.0,15,56
1786271,59018,ecfd4686-0a88-4998-b460-857646de57cb,2015-03-22 15:56:00,informant-PC, ESENT ,Application,0,1,0,0,0,0,0,None,None,Application,102,0,0,0,0,0,0,0,0,0,1,0x0080000000000000,0,0,0,0,0,0,0,2015-03-22 15:56:00,1427039760.0,15,56
1786272,59018,7e50b0d1-ea09-47a7-8e42-3f47c3d7ba05,2015-03-22 15:56:00,informant-PC, ESENT ,Application,0,1,0,0,0,0,0,None,None,Application,223,0,0,0,0,0,0,0,0,0,3,0x0080000000000000,0,0,0,0,0,0,0,2015-03-22 15:56:00,1427039760.0,15,56
1786273,59018,42ca23d8-7990-478b-b1c1-d8ab8087d5e2,2015-03-22 15:56:00,informant-PC, ESENT ,Application,0,1,0,0,0,0,0,None,None,Application,102,0,0,0,0,0,0,0,0,0,1,0x0080000000000000,0,0,0,0,0,0,0,2015-03-22 15:56:00,1427039760.0,15,56
1786274,59018,574f297a-558e-4724-b1ee-90c83ab7b24c,2015-03-22 15:56:00,informant-PC, ESENT ,Application,0,1,0,0,0,0,0,None,None,Application,213,0,0,0,0,0,0,0,0,0,3,0x0080000000000000,0,0,0,0,0,0,0,2015-03-22 15:56:00,1427039760.0,15,56
1786275,59018,686eff1f-85ba-449f-9dcf-1e64fe62b3da,2015-03-22 15:56:00,informant-PC, ESENT ,Application,0,1,0,0,0,0,0,None,None,Application,210,0,0,0,0,0,0,0,0,0,3,0x0080000000000000,0,0,0,0,0,0,0,2015-03-22 15:56:00,1427039760.0,15,56
1786276,59018,48898aa9-4823-4a32-994f-8e7d666daa4e,2015-03-22 15:56:00,informant-PC, ESENT ,Application,0,1,0,0,0,0,0,None,None,Application,225,0,0,0,0,0,0,0,0,0,3,0x0080000000000000,0,0,0,0,0,0,0,2015-03-22 15:56:00,1427039760.0,15,56
1786277,59018,83ff73eb-d77c-4def-bcd6-b08830cb901f,2015-03-22 15:56:00,informant-PC, ESENT ,Application,0,1,0,0,0,0,0,None,None,Application,210,0,0,0,0,0,0,0,0,0,3,0x0080000000000000,0,0,0,0,0,0,0,2015-03-22 15:56:00,1427039760.0,15,56
1786278,59018,95ec3c3c-36b0-4c6f-9c1c-e2f70123d1c3,2015-03-22 15:56:00,informant-PC, ESENT ,Application,0,1,0,0,0,0,0,None,None,Application,223,0,0,0,0,0,0,0,0,0,3,0x0080000000000000,0,0,0,0,0,0,0,2015-03-22 15:56:00,1427039760.0,15,56
1786279,59018,9490ca28-9c74-48a7-8984-8e2c7022393f,2015-03-22 15:56:00,informant-PC, ESENT ,Application,0,1,0,0,0,0,0,None,None,Application,221,0,0,0,0,0,0,0,0,0,3,0x0080000000000000,0,0,0,0,0,0,0,2015-03-22 15:56:00,1427039760.0,15,56
1786280,59018,55da6975-9e5b-4ab3-b3c1-296cc609f7bb,2015-03-22 15:56:00,informant-PC, ESENT ,Application,0,1,0,0,0,0,0,None,None,Application,220,0,0,0,0,0,0,0,0,0,3,0x0080000000000000,0,0,0,0,0,0,0,2015-03-22 15:56:00,1427039760.0,15,56
1786281,59018,58095251-c8ba-4acc-9005-95394e04b47f,2015-03-22 15:56:00,informant-PC, ESENT ,Application,0,1,0,0,0,0,0,None,None,Application,213,0,0,0,0,0,0,0,0,0,3,0x0080000000000000,0,0,0,0,0,0,0,2015-03-22 15:56:00,1427039760.0,15,56
1787472,59018,748d8fa5-fa3e-4634-bc3c-7bef71a15f4e,2015-03-22 15:56:01,informant-PC, ESENT ,Application,0,1,0,0,0,0,0,None,None,Application,103,0,0,0,0,0,0,0,0,0,1,0x0080000000000000,0,0,0,0,0,0,0,2015-03-22 15:56:01,1427039761.0,15,56
1787473,59018,5d741169-3a27-4ca2-b0c6-3787da2e5f31,2015-03-22 15:56:01,informant-PC, ESENT ,Application,0,1,0,0,0,0,0,None,None,Application,103,0,0,0,0,0,0,0,0,0,1,0x0080000000000000,0,0,0,0,0,0,0,2015-03-22 15:56:01,1427039761.0,15,56
1789416,59078,eb5e349c-0911-40e2-a742-ce64e4cc529f,2015-03-22 15:56:03,informant-PC, Microsoft-Windows-KnownFolders ,Other,0,0,0,0,0,1,0,None,4072,Microsoft-Windows-Known Folders API Service,1002,0,0,0,0,0,0,0,0,0,0,0x8000000000000000,0,0,0,1,0,0,0,2015-03-22 15:56:03,1427039763.0,15,56
1789417,59078,d9157084-db03-401d-834b-91d6cc70e0c3,2015-03-22 15:56:03,informant-PC, Microsoft-Windows-KnownFolders ,Other,0,0,0,0,0,1,0,None,4072,Microsoft-Windows-Known Folders API Service,1002,0,0,0,0,0,0,0,0,0,0,0x8000000000000000,0,0,0,1,0,0,0,2015-03-22 15:56:03,1427039763.0,15,56
1789419,59078,d4098734-70fb-47ce-8b19-c5a07e9d6597,2015-03-22 15:56:03,informant-PC, Microsoft-Windows-KnownFolders ,Other,0,0,0,0,0,1,0,None,4072,Microsoft-Windows-Known Folders API Service,1002,0,0,0,0,0,0,0,0,0,0,0x8000000000000000,0,0,0,1,0,0,0,2015-03-22 15:56:03,1427039763.0,15,56
1789424,59078,bf18b83d-45d1-4c89-b46b-a48181783f36,2015-03-22 15:56:03,informant-PC, Microsoft-Windows-KnownFolders ,Other,0,0,0,0,0,1,0,None,4072,Microsoft-Windows-Known Folders API Service,1002,0,0,0,0,0,0,0,0,0,0,0x8000000000000000,0,0,0,1,0,0,0,2015-03-22 15:56:03,1427039763.0,15,56
1791236,59018,663eddd7-fc01-4762-b553-8585b772a179,2015-03-22 15:56:05,informant-PC, ESENT ,Application,0,1,0,0,0,0,0,None,None,Application,103,0,0,0,0,0,0,0,0,0,1,0x0080000000000000,0,0,0,0,0,0,0,2015-03-22 15:56:05,1427039765.0,15,56
1791237,59018,14c028ce-f91a-4d3a-b030-87320ae7590b,2015-03-22 15:56:05,informant-PC, ESENT ,Application,0,1,0,0,0,0,0,None,None,Application,102,0,0,0,0,0,0,0,0,0,1,0x0080000000000000,0,0,0,0,0,0,0,2015-03-22 15:56:05,1427039765.0,15,56
1791238,59018,e7bc3659-c320-4544-89f6-a226824dfe1f,2015-03-22 15:56:05,informant-PC, ESENT ,Application,0,1,0,0,0,0,0,None,None,Application,102,0,0,0,0,0,0,0,0,0,1,0x0080000000000000,0,0,0,0,0,0,0,2015-03-22 15:56:05,1427039765.0,15,56
1791239,59018,2e1ba67a-9257-4b88-b89c-f3dfeae2ba37,2015-03-22 15:56:05,informant-PC, ESENT ,Application,0,1,0,0,0,0,0,None,None,Application,103,0,0,0,0,0,0,0,0,0,1,0x0080000000000000,0,0,0,0,0,0,0,2015-03-22 15:56:05,1427039765.0,15,56
1795102,59019,092a01f0-114a-44aa-a21b-0abae06a8e44,2015-03-22 15:56:45,informant-PC, Microsoft-Windows-Security-Auditing ,Security,1,0,0,0,0,0,0,S-1-5-21-2425377081-3129163575-2985601102-1001,500,Security,4634,0,0,0,1,0,0,0,0,0,12545,0x8020000000000000,0,0,0,1,0,0,0,2015-03-22 15:56:45,1427039805.0,15,56
1795103,59019,a77621fa-a093-417b-8506-55b2b2ddf796,2015-03-22 15:56:45,informant-PC, Microsoft-Windows-Security-Auditing ,Security,1,0,0,0,0,0,0,S-1-5-21-2425377081-3129163575-2985601102-1001,500,Security,4634,0,0,0,1,0,0,0,0,0,12545,0x8020000000000000,0,0,0,1,0,0,0,2015-03-22 15:56:45,1427039805.0,15,56
1795104,59019,54d1c268-7341-4e5d-8b09-f94c3b9e168e,2015-03-22 15:56:45,informant-PC, Microsoft-Windows-Security-Auditing ,Security,1,0,0,0,0,0,0,S-1-5-21-2425377081-3129163575-2985601102-1001,500,Security,4634,0,0,0,1,0,0,0,0,0,12545,0x8020000000000000,0,0,0,1,0,0,0,2015-03-22 15:56:45,1427039805.0,15,56
1795105,59019,5e341a96-92e2-4200-8936-8af7f912e71d,2015-03-22 15:56:45,informant-PC, Microsoft-Windows-Security-Auditing ,Security,1,0,0,0,0,0,0,S-1-5-21-2425377081-3129163575-2985601102-1001,500,Security,4634,0,0,0,1,0,0,0,0,0,12545,0x8020000000000000,0,0,0,1,0,0,0,2015-03-22 15:56:45,1427039805.0,15,56
1795254,59042,d90861ea-ca6f-47c1-bf5b-5072e4cf7e4f,2015-03-22 15:56:57,informant-PC, Microsoft-Windows-GroupPolicy ,Other,0,0,0,0,0,1,0,None,904,Microsoft-Windows-GroupPolicy/Operational,5324,0,0,0,0,0,0,0,0,0,0,0x4000000000000000,0,0,1,0,0,0,0,2015-03-22 15:56:57,1427039817.0,15,56
1795255,59042,86a18a24-cd89-4ba2-a81d-786e0de8e50a,2015-03-22 15:56:57,informant-PC, Microsoft-Windows-GroupPolicy ,Other,0,0,0,0,0,1,0,None,904,Microsoft-Windows-GroupPolicy/Operational,5324,0,0,0,0,0,0,0,0,0,0,0x4000000000000000,0,0,1,0,0,0,0,2015-03-22 15:56:57,1427039817.0,15,56
1795256,59018,29fcb4d8-66e0-41d6-b2f3-d1afa12ac4ac,2015-03-22 15:56:58,informant-PC, Desktop Window Manager ,Application,0,1,0,0,0,0,0,None,None,Application,9009,0,0,0,0,0,0,0,0,0,0,0x0080000000000000,0,0,0,0,0,0,0,2015-03-22 15:56:58,1427039818.0,15,56
1795257,59018,e3734fc6-a1eb-4485-9830-4fdde05aebcd,2015-03-22 15:56:58,informant-PC, Wlclntfy ,Application,0,1,0,0,0,0,0,None,0,Application,6000,0,0,0,0,0,0,0,0,0,0,0x0080000000000000,0,0,0,0,0,0,0,2015-03-22 15:56:58,1427039818.0,15,56
1795258,59018,f39e7d61-b147-4821-9865-c7cd17527554,2015-03-22 15:56:58,informant-PC, Wlclntfy ,Application,0,1,0,0,0,0,0,None,0,Application,6000,0,0,0,0,0,0,0,0,0,0,0x0080000000000000,0,0,0,0,0,0,0,2015-03-22 15:56:58,1427039818.0,15,56
1795259,59018,b707a8d7-debb-4da3-bde2-dd6748c04422,2015-03-22 15:56:58,informant-PC, Desktop Window Manager ,Application,0,1,0,0,0,0,0,None,None,Application,9009,0,0,0,0,0,0,0,0,0,0,0x0080000000000000,0,0,0,0,0,0,0,2015-03-22 15:56:58,1427039818.0,15,56
1795260,59019,2d55e098-bca7-4c91-9f21-59d0e2476c60,2015-03-22 15:56:58,informant-PC, Microsoft-Windows-Security-Auditing ,Security,1,0,0,0,0,0,0,S-1-5-21-2425377081-3129163575-2985601102-1003,500,Security,4647,0,0,0,1,0,0,0,0,0,12545,0x8020000000000000,0,0,0,1,0,0,0,2015-03-22 15:56:58,1427039818.0,15,56
1795261,59019,f1785d89-abf8-4145-8528-a78ade3b5c06,2015-03-22 15:56:58,informant-PC, Microsoft-Windows-Security-Auditing ,Security,1,0,0,0,0,0,0,S-1-5-21-2425377081-3129163575-2985601102-1003,500,Security,4647,0,0,0,1,0,0,0,0,0,12545,0x8020000000000000,0,0,0,1,0,0,0,2015-03-22 15:56:58,1427039818.0,15,56
1795262,59018,24ad227b-63e2-4cd3-bf7d-b598dbfc189e,2015-03-22 15:56:58,informant-PC, Microsoft-Windows-User Profiles Service ,Application,0,1,0,0,0,0,0,None,904,Application,1530,0,0,0,0,0,0,0,0,0,0,0x8000000000000000,0,0,0,1,0,0,0,2015-03-22 15:56:58,1427039818.0,15,56
1795263,59018,e5f46123-cbf3-41c4-8d76-cc412f71826f,2015-03-22 15:56:58,informant-PC, Microsoft-Windows-User Profiles Service ,Application,0,1,0,0,0,0,0,None,904,Application,1530,0,0,0,0,0,0,0,0,0,0,0x8000000000000000,0,0,0,1,0,0,0,2015-03-22 15:56:58,1427039818.0,15,56
1795264,59040,34827bd1-df20-4415-ab63-1d85db9c773f,2015-03-22 15:56:58,informant-PC, Microsoft-Windows-OfflineFiles ,Other,0,0,0,0,0,1,0,None,824,Microsoft-Windows-OfflineFiles/Operational,8,0,0,0,0,0,0,0,0,0,0,0x4000000000000008,0,0,1,0,0,0,0,2015-03-22 15:56:58,1427039818.0,15,56
1795268,13963,504891d0-e5e3-4229-8460-dce4b0bf957e,2015-03-22 15:56:58,informant-PC, Microsoft-Windows-TerminalServices-LocalSessionManager ,Other,0,0,0,0,0,1,0,None,508,Microsoft-Windows-TerminalServices-LocalSessionManager/Operational,23,0,0,0,0,0,0,0,0,0,0,0x1000000000000000,1,0,0,0,0,0,0,2015-03-22 15:56:58,1427039818.0,15,56
1795270,59040,e7120ff1-b6d7-45ca-a86b-a582b9c7251c,2015-03-22 15:56:58,informant-PC, Microsoft-Windows-OfflineFiles ,Other,0,0,0,0,0,1,0,None,824,Microsoft-Windows-OfflineFiles/Operational,8,0,0,0,0,0,0,0,0,0,0,0x4000000000000008,0,0,1,0,0,0,0,2015-03-22 15:56:58,1427039818.0,15,56
1795271,59021,f55affeb-a4ac-4a96-b99a-93ffbacb62b9,2015-03-22 15:56:58,informant-PC, Microsoft-Windows-User Profiles Service ,Other,0,0,0,0,0,1,0,None,904,Microsoft-Windows-User Profile Service/Operational,3,0,0,0,0,0,0,0,0,0,0,0x4000000000000000,0,0,1,0,0,0,0,2015-03-22 15:56:58,1427039818.0,15,56
1795272,59042,a16d0546-959f-4be3-8cec-aef00a68982b,2015-03-22 15:56:58,informant-PC, Microsoft-Windows-GroupPolicy ,Other,0,0,0,0,0,1,0,None,904,Microsoft-Windows-GroupPolicy/Operational,5324,0,0,0,0,0,0,0,0,0,0,0x4000000000000000,0,0,1,0,0,0,0,2015-03-22 15:56:58,1427039818.0,15,56
