1735808,59042,9e54b585-7b3c-41d3-844f-851b788cc983,2015-03-22 15:45:17,informant-PC, Microsoft-Windows-GroupPolicy ,Other,0,0,0,0,0,1,0,None,904,Microsoft-Windows-GroupPolicy/Operational,5320,0,0,0,0,0,0,0,0,0,0,0x4000000000000000,0,0,1,0,0,0,0,2015-03-22 15:45:17,1427039117.0,15,45
1735809,59021,07eaada2-b357-4b83-b5f8-3710e9223b42,2015-03-22 15:45:17,informant-PC, Microsoft-Windows-User Profiles Service ,Other,0,0,0,0,0,1,0,None,904,Microsoft-Windows-User Profile Service/Operational,2,0,0,0,0,0,0,0,0,0,0,0x4000000000000000,0,0,1,0,0,0,0,2015-03-22 15:45:17,1427039117.0,15,45
1735810,59042,62616d54-858b-438b-b522-64258815111a,2015-03-22 15:45:17,informant-PC, Microsoft-Windows-GroupPolicy ,Other,0,0,0,0,0,1,0,None,904,Microsoft-Windows-GroupPolicy/Operational,5324,0,0,0,0,0,0,0,0,0,0,0x4000000000000000,0,0,1,0,0,0,0,2015-03-22 15:45:17,1427039117.0,15,45
1735811,59042,bcec630a-7c0d-4770-8d19-f35701fefe6c,2015-03-22 15:45:17,informant-PC, Microsoft-Windows-GroupPolicy ,Other,0,0,0,0,0,1,0,None,904,Microsoft-Windows-GroupPolicy/Operational,4001,0,0,0,0,0,0,0,0,0,0,0x4000000000000000,0,0,1,0,0,0,0,2015-03-22 15:45:17,1427039117.0,15,45
1735818,13963,375c0b28-3f7f-4019-906d-6dd5b6454670,2015-03-22 15:45:17,informant-PC, Microsoft-Windows-TerminalServices-LocalSessionManager ,Other,0,0,0,0,0,1,0,None,508,Microsoft-Windows-TerminalServices-LocalSessionManager/Operational,21,0,0,0,0,0,0,0,0,0,0,0x1000000000000000,1,0,0,0,0,0,0,2015-03-22 15:45:17,1427039117.0,15,45
1735819,13963,b39d5b4d-0512-4a92-be61-7ab94fe4b315,2015-03-22 15:45:17,informant-PC, Microsoft-Windows-TerminalServices-LocalSessionManager ,Other,0,0,0,0,0,1,0,None,508,Microsoft-Windows-TerminalServices-LocalSessionManager/Operational,21,0,0,0,0,0,0,0,0,0,0,0x1000000000000000,1,0,0,0,0,0,0,2015-03-22 15:45:17,1427039117.0,15,45
1735844,59026,8138950e-aac7-42fa-a939-a4e33244f2ae,2015-03-22 15:45:17,informant-PC, Microsoft-Windows-Resource-Exhaustion-Detector ,Other,0,0,0,0,0,1,0,None,1124,Microsoft-Windows-Resource-Exhaustion-Detector/Operational,1001,0,0,0,0,0,0,0,0,0,1,0x4000000010000000,0,0,1,0,0,0,0,2015-03-22 15:45:17,1427039117.0,15,45
1735845,59026,7d90c37e-edcc-4168-927c-644859604530,2015-03-22 15:45:17,informant-PC, Microsoft-Windows-Resource-Exhaustion-Detector ,Other,0,0,0,0,0,1,0,None,1124,Microsoft-Windows-Resource-Exhaustion-Detector/Operational,1001,0,0,0,0,0,0,0,0,0,1,0x4000000010000000,0,0,1,0,0,0,0,2015-03-22 15:45:17,1427039117.0,15,45
1735850,59018,bfff1ca7-8f2a-4571-bdc7-e269ef40e98e,2015-03-22 15:45:18,informant-PC, Software Protection Platform Service ,Application,0,1,0,0,0,0,0,None,0,Application,900,0,0,0,0,0,0,0,0,0,0,0x0080000000000000,0,0,0,0,0,0,0,2015-03-22 15:45:18,1427039118.0,15,45
1735851,59018,765c08ba-5096-49c1-ac4b-f4455d4877db,2015-03-22 15:45:18,informant-PC, Software Protection Platform Service ,Application,0,1,0,0,0,0,0,None,0,Application,900,0,0,0,0,0,0,0,0,0,0,0x0080000000000000,0,0,0,0,0,0,0,2015-03-22 15:45:18,1427039118.0,15,45
1735854,59017,b4271fa3-dc3c-4871-9c69-78176786644b,2015-03-22 15:45:18,informant-PC, Service Control Manager ,System,0,0,1,0,0,0,0,None,484,System,7036,0,0,0,0,0,0,0,0,0,0,0x8080000000000000,0,0,0,1,0,0,0,2015-03-22 15:45:18,1427039118.0,15,45
1735855,59017,e50b371a-3287-40f6-a5d6-96e5e06bb661,2015-03-22 15:45:18,informant-PC, Service Control Manager ,System,0,0,1,0,0,0,0,None,484,System,7036,0,0,0,0,0,0,0,0,0,0,0x8080000000000000,0,0,0,1,0,0,0,2015-03-22 15:45:18,1427039118.0,15,45
1735876,59018,fa5ee683-280a-4bd2-9410-fc4d524f1e6e,2015-03-22 15:45:20,informant-PC, Software Protection Platform Service ,Application,0,1,0,0,0,0,0,None,0,Application,1066,0,0,0,0,0,0,0,0,0,0,0x0080000000000000,0,0,0,0,0,0,0,2015-03-22 15:45:20,1427039120.0,15,45
1735877,59018,28962d26-317e-4774-8b4c-018f39b4584f,2015-03-22 15:45:20,informant-PC, Software Protection Platform Service ,Application,0,1,0,0,0,0,0,None,0,Application,1066,0,0,0,0,0,0,0,0,0,0,0x0080000000000000,0,0,0,0,0,0,0,2015-03-22 15:45:20,1427039120.0,15,45
1735890,59018,c2dac5e8-0787-4c7a-a3ba-462c2c0361c8,2015-03-22 15:45:22,informant-PC, Software Protection Platform Service ,Application,0,1,0,0,0,0,0,None,0,Application,902,0,0,0,0,0,0,0,0,0,0,0x0080000000000000,0,0,0,0,0,0,0,2015-03-22 15:45:22,1427039122.0,15,45
1735891,59018,5dac6e21-19c0-4a15-bd48-f5c6530f6a29,2015-03-22 15:45:22,informant-PC, Software Protection Platform Service ,Application,0,1,0,0,0,0,0,None,0,Application,1033,0,0,0,0,0,0,0,0,0,0,0x0080000000000000,0,0,0,0,0,0,0,2015-03-22 15:45:22,1427039122.0,15,45
1735892,59018,d41cd73d-8dea-4133-b095-580e98f1d1cf,2015-03-22 15:45:22,informant-PC, Desktop Window Manager ,Application,0,1,0,0,0,0,0,None,None,Application,9007,0,0,0,0,0,0,0,0,0,0,0x0080000000000000,0,0,0,0,0,0,0,2015-03-22 15:45:22,1427039122.0,15,45
1735893,59018,4df9ca5d-af51-46a2-b51f-127c098ed243,2015-03-22 15:45:22,informant-PC, Winlogon ,Application,0,1,0,0,0,0,0,None,0,Application,4101,0,0,0,0,0,0,0,0,0,0,0x0080000000000000,0,0,0,0,0,0,0,2015-03-22 15:45:22,1427039122.0,15,45
1735894,59018,05dfc672-f2d7-421b-9dd7-49ea0394ee76,2015-03-22 15:45:22,informant-PC, Software Protection Platform Service ,Application,0,1,0,0,0,0,0,None,0,Application,902,0,0,0,0,0,0,0,0,0,0,0x0080000000000000,0,0,0,0,0,0,0,2015-03-22 15:45:22,1427039122.0,15,45
1735895,59018,cdb5b1c6-35c1-41d8-87aa-0bf982d02da6,2015-03-22 15:45:22,informant-PC, Desktop Window Manager ,Application,0,1,0,0,0,0,0,None,None,Application,9007,0,0,0,0,0,0,0,0,0,0,0x0080000000000000,0,0,0,0,0,0,0,2015-03-22 15:45:22,1427039122.0,15,45
1735896,59018,bc565479-6cf3-4913-87d5-1b98c125a94f,2015-03-22 15:45:22,informant-PC, Software Protection Platform Service ,Application,0,1,0,0,0,0,0,None,0,Application,1025,0,0,0,0,0,0,0,0,0,0,0x0080000000000000,0,0,0,0,0,0,0,2015-03-22 15:45:22,1427039122.0,15,45
1735897,59018,053f0208-23ab-40b9-af8a-7c853022acb0,2015-03-22 15:45:22,informant-PC, Wlclntfy ,Application,0,1,0,0,0,0,0,None,0,Application,6000,0,0,0,0,0,0,0,0,0,0,0x0080000000000000,0,0,0,0,0,0,0,2015-03-22 15:45:22,1427039122.0,15,45
1735898,59018,39940f21-695c-40d4-9241-822e30c2dd39,2015-03-22 15:45:22,informant-PC, Software Protection Platform Service ,Application,0,1,0,0,0,0,0,None,0,Application,1025,0,0,0,0,0,0,0,0,0,0,0x0080000000000000,0,0,0,0,0,0,0,2015-03-22 15:45:22,1427039122.0,15,45
1735899,59018,a08842a7-8f3b-4234-8e48-4bf330cd0dbf,2015-03-22 15:45:22,informant-PC, Software Protection Platform Service ,Application,0,1,0,0,0,0,0,None,0,Application,1003,0,0,0,0,0,0,0,0,0,0,0x0080000000000000,0,0,0,0,0,0,0,2015-03-22 15:45:22,1427039122.0,15,45
1735900,59018,eef64d7c-fcc7-4337-bf38-4356f77273dc,2015-03-22 15:45:22,informant-PC, Software Protection Platform Service ,Application,0,1,0,0,0,0,0,None,0,Application,1033,0,0,0,0,0,0,0,0,0,0,0x0080000000000000,0,0,0,0,0,0,0,2015-03-22 15:45:22,1427039122.0,15,45
1735901,59018,6c0988c4-745c-4f17-9889-d45f6776d705,2015-03-22 15:45:22,informant-PC, Winlogon ,Application,0,1,0,0,0,0,0,None,0,Application,4101,0,0,0,0,0,0,0,0,0,0,0x0080000000000000,0,0,0,0,0,0,0,2015-03-22 15:45:22,1427039122.0,15,45
1735902,59018,1577c1d9-87a9-43b6-8fdb-2725b51441b9,2015-03-22 15:45:22,informant-PC, Software Protection Platform Service ,Application,0,1,0,0,0,0,0,None,0,Application,1003,0,0,0,0,0,0,0,0,0,0,0x0080000000000000,0,0,0,0,0,0,0,2015-03-22 15:45:22,1427039122.0,15,45
1735903,59018,a86e5d2a-ddcc-407e-90c0-374939e7fe90,2015-03-22 15:45:22,informant-PC, Wlclntfy ,Application,0,1,0,0,0,0,0,None,0,Application,6000,0,0,0,0,0,0,0,0,0,0,0x0080000000000000,0,0,0,0,0,0,0,2015-03-22 15:45:22,1427039122.0,15,45
1735924,13963,0b0c206b-d2be-4fe4-9cd0-b9ea1e06c7a4,2015-03-22 15:45:22,informant-PC, Microsoft-Windows-TerminalServices-LocalSessionManager ,Other,0,0,0,0,0,1,0,None,508,Microsoft-Windows-TerminalServices-LocalSessionManager/Operational,22,0,0,0,0,0,0,0,0,0,0,0x1000000000000000,1,0,0,0,0,0,0,2015-03-22 15:45:22,1427039122.0,15,45
1735925,59042,5c10f7a1-f003-434e-95a4-458c81ead951,2015-03-22 15:45:22,informant-PC, Microsoft-Windows-GroupPolicy ,Other,0,0,0,0,0,1,0,None,904,Microsoft-Windows-GroupPolicy/Operational,5324,0,0,0,0,0,0,0,0,0,0,0x4000000000000000,0,0,1,0,0,0,0,2015-03-22 15:45:22,1427039122.0,15,45
1735926,59042,2b0062af-26ac-4afe-bc71-64679f232f7e,2015-03-22 15:45:22,informant-PC, Microsoft-Windows-GroupPolicy ,Other,0,0,0,0,0,1,0,None,904,Microsoft-Windows-GroupPolicy/Operational,5324,0,0,0,0,0,0,0,0,0,0,0x4000000000000000,0,0,1,0,0,0,0,2015-03-22 15:45:22,1427039122.0,15,45
1735927,13963,6077d407-4476-4051-bc2d-803801327a77,2015-03-22 15:45:22,informant-PC, Microsoft-Windows-TerminalServices-LocalSessionManager ,Other,0,0,0,0,0,1,0,None,508,Microsoft-Windows-TerminalServices-LocalSessionManager/Operational,22,0,0,0,0,0,0,0,0,0,0,0x1000000000000000,1,0,0,0,0,0,0,2015-03-22 15:45:22,1427039122.0,15,45
1735958,59018,0dca32f1-1818-4fa6-8f06-a77bed668d46,2015-03-22 15:45:31,informant-PC, ESENT ,Application,0,1,0,0,0,0,0,None,None,Application,301,0,0,0,0,0,0,0,0,0,3,0x0080000000000000,0,0,0,0,0,0,0,2015-03-22 15:45:31,1427039131.0,15,45
1735959,59018,0c096119-3557-4291-84b0-a116e400ff78,2015-03-22 15:45:31,informant-PC, ESENT ,Application,0,1,0,0,0,0,0,None,None,Application,300,0,0,0,0,0,0,0,0,0,3,0x0080000000000000,0,0,0,0,0,0,0,2015-03-22 15:45:31,1427039131.0,15,45
1735960,59018,46413592-6329-496e-8f94-510bd233d630,2015-03-22 15:45:31,informant-PC, ESENT ,Application,0,1,0,0,0,0,0,None,None,Application,301,0,0,0,0,0,0,0,0,0,3,0x0080000000000000,0,0,0,0,0,0,0,2015-03-22 15:45:31,1427039131.0,15,45
1735961,59018,ecc55579-992e-42fc-9361-64c37f7c7b7f,2015-03-22 15:45:31,informant-PC, ESENT ,Application,0,1,0,0,0,0,0,None,None,Application,300,0,0,0,0,0,0,0,0,0,3,0x0080000000000000,0,0,0,0,0,0,0,2015-03-22 15:45:31,1427039131.0,15,45
1735962,59018,a0d7fe2d-ad4b-4211-86b2-262e2eb6ce71,2015-03-22 15:45:31,informant-PC, ESENT ,Application,0,1,0,0,0,0,0,None,None,Application,102,0,0,0,0,0,0,0,0,0,1,0x0080000000000000,0,0,0,0,0,0,0,2015-03-22 15:45:31,1427039131.0,15,45
1735963,59018,b5bb84d2-1c51-481b-9f87-59317f33fb4d,2015-03-22 15:45:31,informant-PC, ESENT ,Application,0,1,0,0,0,0,0,None,None,Application,102,0,0,0,0,0,0,0,0,0,1,0x0080000000000000,0,0,0,0,0,0,0,2015-03-22 15:45:31,1427039131.0,15,45
1735970,59019,21d99db4-59c0-42ff-8066-efe9a7c32341,2015-03-22 15:45:31,informant-PC, Microsoft-Windows-Security-Auditing ,Security,1,0,0,0,0,0,0,None,500,Security,4672,0,0,0,1,0,0,0,0,0,12548,0x8020000000000000,0,0,0,1,0,0,0,2015-03-22 15:45:31,1427039131.0,15,45
1735971,59019,ad00f9b1-55ba-4a6f-be65-6829e1c594d9,2015-03-22 15:45:31,informant-PC, Microsoft-Windows-Security-Auditing ,Security,1,0,0,0,0,0,0,S-1-5-18,500,Security,4624,0,0,0,1,0,0,0,0,0,12544,0x8020000000000000,0,0,0,1,0,0,0,2015-03-22 15:45:31,1427039131.0,15,45
1735972,59019,b5b9d84d-c66a-4345-b4d6-3f2dc6e205ed,2015-03-22 15:45:31,informant-PC, Microsoft-Windows-Security-Auditing ,Security,1,0,0,0,0,0,0,None,500,Security,4672,0,0,0,1,0,0,0,0,0,12548,0x8020000000000000,0,0,0,1,0,0,0,2015-03-22 15:45:31,1427039131.0,15,45
1735973,59019,656313ee-68e9-4bc0-8188-b211070f3823,2015-03-22 15:45:31,informant-PC, Microsoft-Windows-Security-Auditing ,Security,1,0,0,0,0,0,0,S-1-5-18,500,Security,4624,0,0,0,1,0,0,0,0,0,12544,0x8020000000000000,0,0,0,1,0,0,0,2015-03-22 15:45:31,1427039131.0,15,45
1735978,59017,4f79e25c-233d-4de2-90e2-3544d9f75db4,2015-03-22 15:45:31,informant-PC, Service Control Manager ,System,0,0,1,0,0,0,0,None,484,System,7036,0,0,0,0,0,0,0,0,0,0,0x8080000000000000,0,0,0,1,0,0,0,2015-03-22 15:45:31,1427039131.0,15,45
1735979,59017,7236d422-eec2-44ca-a741-75830e08086d,2015-03-22 15:45:31,informant-PC, Service Control Manager ,System,0,0,1,0,0,0,0,None,484,System,7036,0,0,0,0,0,0,0,0,0,0,0x8080000000000000,0,0,0,1,0,0,0,2015-03-22 15:45:31,1427039131.0,15,45
1736022,59018,38aa6414-f78d-4959-9b9f-d5655946fe04,2015-03-22 15:45:32,informant-PC, Windows Search Service ,Application,0,1,0,0,0,0,0,None,0,Application,1003,0,0,0,0,0,0,0,0,0,1,0x0080000000000000,0,0,0,0,0,0,0,2015-03-22 15:45:32,1427039132.0,15,45
1736023,59018,10520290-413e-47fc-a527-b3e4df33dfb9,2015-03-22 15:45:32,informant-PC, ESENT ,Application,0,1,0,0,0,0,0,None,None,Application,302,0,0,0,0,0,0,0,0,0,3,0x0080000000000000,0,0,0,0,0,0,0,2015-03-22 15:45:32,1427039132.0,15,45
1736024,59018,ad6bac8f-1ffc-421f-8bef-d5f6497b255a,2015-03-22 15:45:32,informant-PC, Windows Search Service ,Application,0,1,0,0,0,0,0,None,0,Application,1003,0,0,0,0,0,0,0,0,0,1,0x0080000000000000,0,0,0,0,0,0,0,2015-03-22 15:45:32,1427039132.0,15,45
1736025,59018,b40bd929-2a93-4940-94c2-c8f32fd65d81,2015-03-22 15:45:32,informant-PC, ESENT ,Application,0,1,0,0,0,0,0,None,None,Application,302,0,0,0,0,0,0,0,0,0,3,0x0080000000000000,0,0,0,0,0,0,0,2015-03-22 15:45:32,1427039132.0,15,45
1736070,59017,c78df96b-59cd-4d53-a735-350466eaa988,2015-03-22 15:45:32,informant-PC, Service Control Manager ,System,0,0,1,0,0,0,0,None,484,System,7036,0,0,0,0,0,0,0,0,0,0,0x8080000000000000,0,0,0,1,0,0,0,2015-03-22 15:45:32,1427039132.0,15,45
1736071,59017,8e35c5c2-9e79-4bf0-bbd6-90d813aaa736,2015-03-22 15:45:32,informant-PC, Service Control Manager ,System,0,0,1,0,0,0,0,None,484,System,7036,0,0,0,0,0,0,0,0,0,0,0x8080000000000000,0,0,0,1,0,0,0,2015-03-22 15:45:32,1427039132.0,15,45
1736076,59017,663d5ac0-a649-46bf-a6e5-e538bc4eb2bd,2015-03-22 15:45:34,informant-PC, WMPNetworkSvc ,System,0,0,1,0,0,0,0,None,0,System,14204,0,0,0,0,0,0,0,0,0,0,0x0080000000000000,0,0,0,0,0,0,0,2015-03-22 15:45:34,1427039134.0,15,45
1736077,59017,dd240bf6-d89e-455f-a5d6-d2838d9b1507,2015-03-22 15:45:34,informant-PC, WMPNetworkSvc ,System,0,0,1,0,0,0,0,None,0,System,14204,0,0,0,0,0,0,0,0,0,0,0x0080000000000000,0,0,0,0,0,0,0,2015-03-22 15:45:34,1427039134.0,15,45
1736078,59017,1e6e383c-a156-4d0a-8c81-0d5e9adb3fd9,2015-03-22 15:45:34,informant-PC, Service Control Manager ,System,0,0,1,0,0,0,0,None,484,System,7036,0,0,0,0,0,0,0,0,0,0,0x8080000000000000,0,0,0,1,0,0,0,2015-03-22 15:45:34,1427039134.0,15,45
1736079,59017,45b41bf1-dc2c-49c2-b1a2-68e0007fe935,2015-03-22 15:45:34,informant-PC, Service Control Manager ,System,0,0,1,0,0,0,0,None,484,System,7036,0,0,0,0,0,0,0,0,0,0,0x8080000000000000,0,0,0,1,0,0,0,2015-03-22 15:45:34,1427039134.0,15,45
1736172,59017,c4059124-8086-4ee3-9fd7-550b048db3f2,2015-03-22 15:45:35,informant-PC, Service Control Manager ,System,0,0,1,0,0,0,0,None,484,System,7036,0,0,0,0,0,0,0,0,0,0,0x8080000000000000,0,0,0,1,0,0,0,2015-03-22 15:45:35,1427039135.0,15,45
1736173,59017,54dd11f2-e380-440a-97a2-786d72a8c940,2015-03-22 15:45:35,informant-PC, Service Control Manager ,System,0,0,1,0,0,0,0,None,484,System,7036,0,0,0,0,0,0,0,0,0,0,0x8080000000000000,0,0,0,1,0,0,0,2015-03-22 15:45:35,1427039135.0,15,45
1736380,59017,2837cb5b-b913-4e16-bb64-645b6e48da0d,2015-03-22 15:45:43,informant-PC, Service Control Manager ,System,0,0,1,0,0,0,0,None,484,System,7036,0,0,0,0,0,0,0,0,0,0,0x8080000000000000,0,0,0,1,0,0,0,2015-03-22 15:45:43,1427039143.0,15,45
1736381,59017,9ea06a21-d958-4210-9097-717a0a2699b0,2015-03-22 15:45:43,informant-PC, Service Control Manager ,System,0,0,1,0,0,0,0,None,484,System,7036,0,0,0,0,0,0,0,0,0,0,0x8080000000000000,0,0,0,1,0,0,0,2015-03-22 15:45:43,1427039143.0,15,45
1736382,59112,db94c1b4-54f1-4d43-878c-91a921d0911b,2015-03-22 15:45:44,informant-PC, Microsoft-Windows-Bits-Client ,Other,0,0,0,0,0,1,0,None,904,Microsoft-Windows-Bits-Client/Operational,306,0,0,0,0,0,0,0,0,0,0,0x4000000000000000,0,0,1,0,0,0,0,2015-03-22 15:45:44,1427039144.0,15,45
1736383,59112,e73b787f-31e6-42f9-8973-b58e224f842a,2015-03-22 15:45:44,informant-PC, Microsoft-Windows-Bits-Client ,Other,0,0,0,0,0,1,0,None,904,Microsoft-Windows-Bits-Client/Operational,306,0,0,0,0,0,0,0,0,0,0,0x4000000000000000,0,0,1,0,0,0,0,2015-03-22 15:45:44,1427039144.0,15,45
1736392,59017,2cbcebe9-baf6-497f-b794-c892420447a7,2015-03-22 15:45:44,informant-PC, Service Control Manager ,System,0,0,1,0,0,0,0,None,484,System,7036,0,0,0,0,0,0,0,0,0,0,0x8080000000000000,0,0,0,1,0,0,0,2015-03-22 15:45:44,1427039144.0,15,45
1736406,59017,1d7a5a78-5cf4-4a36-808e-9045cd5dd710,2015-03-22 15:45:44,informant-PC, Service Control Manager ,System,0,0,1,0,0,0,0,None,484,System,7036,0,0,0,0,0,0,0,0,0,0,0x8080000000000000,0,0,0,1,0,0,0,2015-03-22 15:45:44,1427039144.0,15,45
1736447,59017,008a16ed-e3c1-4a4e-bd26-eb87ce557359,2015-03-22 15:45:44,informant-PC, Service Control Manager ,System,0,0,1,0,0,0,0,None,484,System,7036,0,0,0,0,0,0,0,0,0,0,0x8080000000000000,0,0,0,1,0,0,0,2015-03-22 15:45:44,1427039144.0,15,45
1736449,59017,900923b0-b0c3-4cf2-8324-87b0b099f1b6,2015-03-22 15:45:44,informant-PC, Service Control Manager ,System,0,0,1,0,0,0,0,None,484,System,7036,0,0,0,0,0,0,0,0,0,0,0x8080000000000000,0,0,0,1,0,0,0,2015-03-22 15:45:44,1427039144.0,15,45
1736460,59018,26d77d38-388b-4609-b3f2-7ad5e82985b2,2015-03-22 15:45:45,informant-PC, gupdate ,Application,0,1,0,0,0,0,0,None,None,Application,0,0,0,0,0,0,0,0,0,0,0,0x0080000000000000,0,0,0,0,0,0,0,2015-03-22 15:45:45,1427039145.0,15,45
1736461,59018,d683ba71-6d4b-4c4f-9b00-6bbc34d216dc,2015-03-22 15:45:45,informant-PC, gupdate ,Application,0,1,0,0,0,0,0,None,None,Application,0,0,0,0,0,0,0,0,0,0,0,0x0080000000000000,0,0,0,0,0,0,0,2015-03-22 15:45:45,1427039145.0,15,45
1736470,59017,7e24fa8e-c4ae-40a7-b5e2-330baca18ae6,2015-03-22 15:45:45,informant-PC, Service Control Manager ,System,0,0,1,0,0,0,0,None,484,System,7036,0,0,0,0,0,0,0,0,0,0,0x8080000000000000,0,0,0,1,0,0,0,2015-03-22 15:45:45,1427039145.0,15,45
1736471,59017,617ef41e-aacc-4077-b85d-fcdf57755302,2015-03-22 15:45:45,informant-PC, Service Control Manager ,System,0,0,1,0,0,0,0,None,484,System,7036,0,0,0,0,0,0,0,0,0,0,0x8080000000000000,0,0,0,1,0,0,0,2015-03-22 15:45:45,1427039145.0,15,45
1736472,59019,0a8c8dd3-9e25-4074-8ddc-fbd6cd057f99,2015-03-22 15:45:45,informant-PC, Microsoft-Windows-Security-Auditing ,Security,1,0,0,0,0,0,0,None,500,Security,4672,0,0,0,1,0,0,0,0,0,12548,0x8020000000000000,0,0,0,1,0,0,0,2015-03-22 15:45:45,1427039145.0,15,45
1736473,59019,08cd213e-fc4e-4379-bef3-e37cb21aa9c5,2015-03-22 15:45:45,informant-PC, Microsoft-Windows-Security-Auditing ,Security,1,0,0,0,0,0,0,S-1-5-18,500,Security,4624,0,0,0,1,0,0,0,0,0,12544,0x8020000000000000,0,0,0,1,0,0,0,2015-03-22 15:45:45,1427039145.0,15,45
1736474,59019,54a2a988-d7e4-463f-87e5-3206b87d1ad5,2015-03-22 15:45:45,informant-PC, Microsoft-Windows-Security-Auditing ,Security,1,0,0,0,0,0,0,S-1-5-18,500,Security,4624,0,0,0,1,0,0,0,0,0,12544,0x8020000000000000,0,0,0,1,0,0,0,2015-03-22 15:45:45,1427039145.0,15,45
1736475,59019,20f5796a-fda9-46ec-a894-44a3075e7fe8,2015-03-22 15:45:45,informant-PC, Microsoft-Windows-Security-Auditing ,Security,1,0,0,0,0,0,0,None,500,Security,4672,0,0,0,1,0,0,0,0,0,12548,0x8020000000000000,0,0,0,1,0,0,0,2015-03-22 15:45:45,1427039145.0,15,45
1736476,59017,62704d88-6f4f-4287-a0e6-ac4e889d7e5d,2015-03-22 15:45:45,informant-PC, Service Control Manager ,System,0,0,1,0,0,0,0,None,484,System,7036,0,0,0,0,0,0,0,0,0,0,0x8080000000000000,0,0,0,1,0,0,0,2015-03-22 15:45:45,1427039145.0,15,45
1736479,59017,5c746a03-4e90-42e1-b93d-91be08b45eee,2015-03-22 15:45:45,informant-PC, Service Control Manager ,System,0,0,1,0,0,0,0,None,484,System,7036,0,0,0,0,0,0,0,0,0,0,0x8080000000000000,0,0,0,1,0,0,0,2015-03-22 15:45:45,1427039145.0,15,45
1736506,59018,1b9e809e-a8e3-4357-9878-59ef874c997a,2015-03-22 15:45:46,informant-PC, SecurityCenter ,Application,0,1,0,0,0,0,0,None,None,Application,1,0,0,0,0,0,0,0,0,0,0,0x0080000000000000,0,0,0,0,0,0,0,2015-03-22 15:45:46,1427039146.0,15,45
1736507,59018,f4edfec9-e8ef-4673-a48c-f8eaa47e26c1,2015-03-22 15:45:46,informant-PC, SecurityCenter ,Application,0,1,0,0,0,0,0,None,None,Application,1,0,0,0,0,0,0,0,0,0,0,0x0080000000000000,0,0,0,0,0,0,0,2015-03-22 15:45:46,1427039146.0,15,45
1736510,59017,e6ac023b-e35f-4d29-ada7-a82102936471,2015-03-22 15:45:46,informant-PC, Service Control Manager ,System,0,0,1,0,0,0,0,None,484,System,7036,0,0,0,0,0,0,0,0,0,0,0x8080000000000000,0,0,0,1,0,0,0,2015-03-22 15:45:46,1427039146.0,15,45
1736511,59017,4b5d138f-9440-4301-90b8-caa6a6e5321d,2015-03-22 15:45:46,informant-PC, Service Control Manager ,System,0,0,1,0,0,0,0,None,484,System,7036,0,0,0,0,0,0,0,0,0,0,0x8080000000000000,0,0,0,1,0,0,0,2015-03-22 15:45:46,1427039146.0,15,45
1736512,59017,cf33535d-2c26-4cf4-9b68-d666bf075240,2015-03-22 15:45:46,informant-PC, Service Control Manager ,System,0,0,1,0,0,0,0,None,484,System,7036,0,0,0,0,0,0,0,0,0,0,0x8080000000000000,0,0,0,1,0,0,0,2015-03-22 15:45:46,1427039146.0,15,45
1736513,59017,36e09933-d858-4e59-b595-cf3d83687148,2015-03-22 15:45:46,informant-PC, Service Control Manager ,System,0,0,1,0,0,0,0,None,484,System,7036,0,0,0,0,0,0,0,0,0,0,0x8080000000000000,0,0,0,1,0,0,0,2015-03-22 15:45:46,1427039146.0,15,45
1736514,59030,3e30b253-d2eb-47c1-9e9e-198dac574df1,2015-03-22 15:45:46,informant-PC, Microsoft-Windows-Windows Defender ,Other,0,0,0,0,0,1,0,None,2200,Microsoft-Windows-Windows Defender/WHC,101,0,0,0,0,0,0,0,0,0,0,0x4000000000000000,0,0,1,0,0,0,0,2015-03-22 15:45:46,1427039146.0,15,45
1736515,59030,4ffc2653-a14a-4994-9a55-124267ec4c9e,2015-03-22 15:45:46,informant-PC, Microsoft-Windows-Windows Defender ,Other,0,0,0,0,0,1,0,None,2200,Microsoft-Windows-Windows Defender/WHC,101,0,0,0,0,0,0,0,0,0,0,0x4000000000000000,0,0,1,0,0,0,0,2015-03-22 15:45:46,1427039146.0,15,45
1736542,59017,484e9e2b-3217-4349-9b98-b9e31aa7946f,2015-03-22 15:45:48,informant-PC, Service Control Manager ,System,0,0,1,0,0,0,0,None,484,System,7036,0,0,0,0,0,0,0,0,0,0,0x8080000000000000,0,0,0,1,0,0,0,2015-03-22 15:45:48,1427039148.0,15,45
1736543,59017,fc606374-3619-44ef-86bc-29802e93c5a8,2015-03-22 15:45:48,informant-PC, Service Control Manager ,System,0,0,1,0,0,0,0,None,484,System,7036,0,0,0,0,0,0,0,0,0,0,0x8080000000000000,0,0,0,1,0,0,0,2015-03-22 15:45:48,1427039148.0,15,45
1736545,59030,fc817aeb-0a10-430d-abd6-ec0e6bd882bf,2015-03-22 15:45:49,informant-PC, Microsoft-Windows-Windows Defender ,Other,0,0,0,0,0,1,0,None,2200,Microsoft-Windows-Windows Defender/WHC,101,0,0,0,0,0,0,0,0,0,0,0x4000000000000000,0,0,1,0,0,0,0,2015-03-22 15:45:49,1427039149.0,15,45
1736547,59030,f3190ee0-5184-4a27-89cd-c458f4aa19c2,2015-03-22 15:45:49,informant-PC, Microsoft-Windows-Windows Defender ,Other,0,0,0,0,0,1,0,None,2200,Microsoft-Windows-Windows Defender/WHC,101,0,0,0,0,0,0,0,0,0,0,0x4000000000000000,0,0,1,0,0,0,0,2015-03-22 15:45:49,1427039149.0,15,45
1736856,59017,1d67533c-094e-4848-82f5-b4eb2c210b0a,2015-03-22 15:45:59,informant-PC, Service Control Manager ,System,0,0,1,0,0,0,0,None,484,System,7036,0,0,0,0,0,0,0,0,0,0,0x8080000000000000,0,0,0,1,0,0,0,2015-03-22 15:45:59,1427039159.0,15,45
1736857,59017,49584263-d8c5-4cbd-a0ec-a41a7fba25ca,2015-03-22 15:45:59,informant-PC, Service Control Manager ,System,0,0,1,0,0,0,0,None,484,System,7036,0,0,0,0,0,0,0,0,0,0,0x8080000000000000,0,0,0,1,0,0,0,2015-03-22 15:45:59,1427039159.0,15,45
1737632,46,b45cd3f9-2b2b-4c6f-9afb-290e0c22231e,2015-03-22 15:46:38,informant-PC, Microsoft-Windows-WindowsUpdateClient ,Other,0,0,0,0,0,1,0,None,904,Microsoft-Windows-WindowsUpdateClient/Operational,42,0,0,0,0,0,0,0,0,0,2,0x4000000000000480,0,0,1,0,0,0,0,2015-03-22 15:46:38,1427039198.0,15,46
1737633,46,1fbad8fd-b987-42e4-ba3b-d2a2282961d5,2015-03-22 15:46:38,informant-PC, Microsoft-Windows-WindowsUpdateClient ,Other,0,0,0,0,0,1,0,None,904,Microsoft-Windows-WindowsUpdateClient/Operational,30,0,0,0,0,0,0,0,0,0,1,0x4000000000000001,0,0,1,0,0,0,0,2015-03-22 15:46:38,1427039198.0,15,46
1737634,46,3f4694fd-357e-4a99-b418-d3db8ae1a866,2015-03-22 15:46:38,informant-PC, Microsoft-Windows-WindowsUpdateClient ,Other,0,0,0,0,0,1,0,None,904,Microsoft-Windows-WindowsUpdateClient/Operational,42,0,0,0,0,0,0,0,0,0,2,0x4000000000000480,0,0,1,0,0,0,0,2015-03-22 15:46:38,1427039198.0,15,46
1737635,46,f2c24ad5-7d8c-4ce1-97b6-1123cee74632,2015-03-22 15:46:38,informant-PC, Microsoft-Windows-WindowsUpdateClient ,Other,0,0,0,0,0,1,0,None,904,Microsoft-Windows-WindowsUpdateClient/Operational,42,0,0,0,0,0,0,0,0,0,2,0x4000000000000480,0,0,1,0,0,0,0,2015-03-22 15:46:38,1427039198.0,15,46
1737636,46,730f1ba1-f968-4d89-9b1d-6aecd93db3c1,2015-03-22 15:46:38,informant-PC, Microsoft-Windows-WindowsUpdateClient ,Other,0,0,0,0,0,1,0,None,904,Microsoft-Windows-WindowsUpdateClient/Operational,30,0,0,0,0,0,0,0,0,0,1,0x4000000000000001,0,0,1,0,0,0,0,2015-03-22 15:46:38,1427039198.0,15,46
1737637,46,a05e24b4-99be-4916-b118-8bdc178f3ac1,2015-03-22 15:46:38,informant-PC, Microsoft-Windows-WindowsUpdateClient ,Other,0,0,0,0,0,1,0,None,904,Microsoft-Windows-WindowsUpdateClient/Operational,42,0,0,0,0,0,0,0,0,0,2,0x4000000000000480,0,0,1,0,0,0,0,2015-03-22 15:46:38,1427039198.0,15,46
1737648,59061,fafbf3a3-1d71-439d-adf6-4cb373c14a4e,2015-03-22 15:46:55,informant-PC, Microsoft-Windows-Diagnosis-DPS ,Other,0,0,0,0,0,1,0,None,1124,Microsoft-Windows-Diagnosis-DPS/Operational,105,0,0,0,0,0,0,0,0,0,1,0x4000000800000000,0,0,1,0,0,0,0,2015-03-22 15:46:55,1427039215.0,15,46
1737649,59061,37629564-b004-4bc3-82de-cd34d1f4e4c6,2015-03-22 15:46:55,informant-PC, Microsoft-Windows-Diagnosis-DPS ,Other,0,0,0,0,0,1,0,None,1124,Microsoft-Windows-Diagnosis-DPS/Operational,100,0,0,0,0,0,0,0,0,0,1,0x4000000800000000,0,0,1,0,0,0,0,2015-03-22 15:46:55,1427039215.0,15,46
1737650,59061,50d22309-26eb-44b2-83c9-7420c6222577,2015-03-22 15:46:55,informant-PC, Microsoft-Windows-Diagnosis-DPS ,Other,0,0,0,0,0,1,0,None,1124,Microsoft-Windows-Diagnosis-DPS/Operational,100,0,0,0,0,0,0,0,0,0,1,0x4000000800000000,0,0,1,0,0,0,0,2015-03-22 15:46:55,1427039215.0,15,46
1737651,59061,b9c41359-a412-4d23-9c0a-d17a81da5de6,2015-03-22 15:46:55,informant-PC, Microsoft-Windows-Diagnosis-DPS ,Other,0,0,0,0,0,1,0,None,1124,Microsoft-Windows-Diagnosis-DPS/Operational,105,0,0,0,0,0,0,0,0,0,1,0x4000000800000000,0,0,1,0,0,0,0,2015-03-22 15:46:55,1427039215.0,15,46
1737680,59061,9b4c5010-b8f8-4abc-accb-1a0fe30ccc92,2015-03-22 15:46:55,informant-PC, Microsoft-Windows-Diagnosis-DPS ,Other,0,0,0,0,0,1,0,None,1124,Microsoft-Windows-Diagnosis-DPS/Operational,110,0,0,0,0,0,0,0,0,0,1,0x4000000800000000,0,0,1,0,0,0,0,2015-03-22 15:46:55,1427039215.0,15,46
1737682,22255,e668bc70-1f61-4f0b-acbf-8a7e38f94e8f,2015-03-22 15:46:55,informant-PC, Microsoft-Windows-Diagnostics-Performance ,Other,0,0,0,0,0,1,0,None,1124,Microsoft-Windows-Diagnostics-Performance/Operational,200,0,0,0,0,0,0,0,0,0,4007,0x8000000000010000,0,0,0,1,0,0,0,2015-03-22 15:46:55,1427039215.0,15,46
1737684,22255,88280e11-d494-402e-9eb1-fd37e2efca68,2015-03-22 15:46:55,informant-PC, Microsoft-Windows-Diagnostics-Performance ,Other,0,0,0,0,0,1,0,None,1124,Microsoft-Windows-Diagnostics-Performance/Operational,200,0,0,0,0,0,0,0,0,0,4007,0x8000000000010000,0,0,0,1,0,0,0,2015-03-22 15:46:55,1427039215.0,15,46
1737688,59061,f63fdd92-9f24-408b-846e-81f993fc15ad,2015-03-22 15:46:55,informant-PC, Microsoft-Windows-Diagnosis-DPS ,Other,0,0,0,0,0,1,0,None,1124,Microsoft-Windows-Diagnosis-DPS/Operational,110,0,0,0,0,0,0,0,0,0,1,0x4000000800000000,0,0,1,0,0,0,0,2015-03-22 15:46:55,1427039215.0,15,46
1737696,22255,f07f9299-41f3-48a2-9d3d-5301274a1d16,2015-03-22 15:46:56,informant-PC, Microsoft-Windows-Diagnostics-Performance ,Other,0,0,0,0,0,1,0,None,1124,Microsoft-Windows-Diagnostics-Performance/Operational,101,0,0,0,0,0,0,0,0,0,4002,0x8000000000010000,0,0,0,1,0,0,0,2015-03-22 15:46:56,1427039216.0,15,46
1737697,22255,67dc229c-209a-474c-9579-5b48ab366a64,2015-03-22 15:46:56,informant-PC, Microsoft-Windows-Diagnostics-Performance ,Other,0,0,0,0,0,1,0,None,1124,Microsoft-Windows-Diagnostics-Performance/Operational,109,0,0,0,0,0,0,0,0,0,4002,0x8000000000010000,0,0,0,1,0,0,0,2015-03-22 15:46:56,1427039216.0,15,46
1737699,22255,24718ce2-7686-4253-9516-85d884a19b9b,2015-03-22 15:46:56,informant-PC, Microsoft-Windows-Diagnostics-Performance ,Other,0,0,0,0,0,1,0,None,1124,Microsoft-Windows-Diagnostics-Performance/Operational,100,0,0,0,0,0,0,0,0,0,4002,0x8000000000010000,0,0,0,1,0,0,0,2015-03-22 15:46:56,1427039216.0,15,46
1737700,22255,edf5cb35-4eb3-41a2-b9ae-608e4d3315a9,2015-03-22 15:46:56,informant-PC, Microsoft-Windows-Diagnostics-Performance ,Other,0,0,0,0,0,1,0,None,1124,Microsoft-Windows-Diagnostics-Performance/Operational,101,0,0,0,0,0,0,0,0,0,4002,0x8000000000010000,0,0,0,1,0,0,0,2015-03-22 15:46:56,1427039216.0,15,46
1737701,22255,120fc205-1a90-42f3-85e7-63126df5df2b,2015-03-22 15:46:56,informant-PC, Microsoft-Windows-Diagnostics-Performance ,Other,0,0,0,0,0,1,0,None,1124,Microsoft-Windows-Diagnostics-Performance/Operational,101,0,0,0,0,0,0,0,0,0,4002,0x8000000000010000,0,0,0,1,0,0,0,2015-03-22 15:46:56,1427039216.0,15,46
1737704,22255,135d99c2-d708-40b9-8a61-67f4eea2b913,2015-03-22 15:46:56,informant-PC, Microsoft-Windows-Diagnostics-Performance ,Other,0,0,0,0,0,1,0,None,1124,Microsoft-Windows-Diagnostics-Performance/Operational,108,0,0,0,0,0,0,0,0,0,4002,0x8000000000010000,0,0,0,1,0,0,0,2015-03-22 15:46:56,1427039216.0,15,46
1737705,22255,5afaca19-3ef9-4b3d-860a-91804600c2b2,2015-03-22 15:46:56,informant-PC, Microsoft-Windows-Diagnostics-Performance ,Other,0,0,0,0,0,1,0,None,1124,Microsoft-Windows-Diagnostics-Performance/Operational,109,0,0,0,0,0,0,0,0,0,4002,0x8000000000010000,0,0,0,1,0,0,0,2015-03-22 15:46:56,1427039216.0,15,46
1737706,22255,09f488c6-76a3-42d5-a4f1-b0fa6e8a33ca,2015-03-22 15:46:56,informant-PC, Microsoft-Windows-Diagnostics-Performance ,Other,0,0,0,0,0,1,0,None,1124,Microsoft-Windows-Diagnostics-Performance/Operational,100,0,0,0,0,0,0,0,0,0,4002,0x8000000000010000,0,0,0,1,0,0,0,2015-03-22 15:46:56,1427039216.0,15,46
1737707,22255,00f75392-00b3-49e0-974f-81c22a14b298,2015-03-22 15:46:56,informant-PC, Microsoft-Windows-Diagnostics-Performance ,Other,0,0,0,0,0,1,0,None,1124,Microsoft-Windows-Diagnostics-Performance/Operational,108,0,0,0,0,0,0,0,0,0,4002,0x8000000000010000,0,0,0,1,0,0,0,2015-03-22 15:46:56,1427039216.0,15,46
1737711,22255,1ab45f20-97ab-4bab-a196-eb90739ae89c,2015-03-22 15:46:56,informant-PC, Microsoft-Windows-Diagnostics-Performance ,Other,0,0,0,0,0,1,0,None,1124,Microsoft-Windows-Diagnostics-Performance/Operational,101,0,0,0,0,0,0,0,0,0,4002,0x8000000000010000,0,0,0,1,0,0,0,2015-03-22 15:46:56,1427039216.0,15,46
1737712,59061,def938c6-7a8b-4d54-bed4-06c34aa7faef,2015-03-22 15:46:56,informant-PC, Microsoft-Windows-Diagnosis-DPS ,Other,0,0,0,0,0,1,0,None,1124,Microsoft-Windows-Diagnosis-DPS/Operational,110,0,0,0,0,0,0,0,0,0,1,0x4000000800000000,0,0,1,0,0,0,0,2015-03-22 15:46:56,1427039216.0,15,46
1737713,59061,693762b1-5530-45e9-a5c5-3d1cb14552b6,2015-03-22 15:46:56,informant-PC, Microsoft-Windows-Diagnosis-DPS ,Other,0,0,0,0,0,1,0,None,1124,Microsoft-Windows-Diagnosis-DPS/Operational,110,0,0,0,0,0,0,0,0,0,1,0x4000000800000000,0,0,1,0,0,0,0,2015-03-22 15:46:56,1427039216.0,15,46
1737738,59017,66478762-ea82-4aeb-b4a5-256276697979,2015-03-22 15:47:17,informant-PC, Service Control Manager ,System,0,0,1,0,0,0,0,None,484,System,7036,0,0,0,0,0,0,0,0,0,0,0x8080000000000000,0,0,0,1,0,0,0,2015-03-22 15:47:17,1427039237.0,15,47
1737739,59017,5ca1b84d-2752-4639-ad11-d498b0f38eda,2015-03-22 15:47:17,informant-PC, Service Control Manager ,System,0,0,1,0,0,0,0,None,484,System,7036,0,0,0,0,0,0,0,0,0,0,0x8080000000000000,0,0,0,1,0,0,0,2015-03-22 15:47:17,1427039237.0,15,47
1737740,59017,0c59cf7d-6f54-4c7a-866c-a802a78dd646,2015-03-22 15:47:20,informant-PC, Schannel ,System,0,0,1,0,0,0,0,None,500,System,36888,0,0,0,0,0,0,0,0,0,0,0x8000000000000000,0,0,0,1,0,0,0,2015-03-22 15:47:20,1427039240.0,15,47
1737741,59017,68394277-6878-4155-bbde-1b6f5867a601,2015-03-22 15:47:20,informant-PC, Schannel ,System,0,0,1,0,0,0,0,None,500,System,36888,0,0,0,0,0,0,0,0,0,0,0x8000000000000000,0,0,0,1,0,0,0,2015-03-22 15:47:20,1427039240.0,15,47
1737742,59017,eceeb059-59b7-4e11-abf7-1e03dcdae97a,2015-03-22 15:47:20,informant-PC, Schannel ,System,0,0,1,0,0,0,0,None,500,System,36888,0,0,0,0,0,0,0,0,0,0,0x8000000000000000,0,0,0,1,0,0,0,2015-03-22 15:47:20,1427039240.0,15,47
1737743,59017,0cf49027-c4d8-4411-b2ea-00a4dab89155,2015-03-22 15:47:20,informant-PC, Schannel ,System,0,0,1,0,0,0,0,None,500,System,36888,0,0,0,0,0,0,0,0,0,0,0x8000000000000000,0,0,0,1,0,0,0,2015-03-22 15:47:20,1427039240.0,15,47
1737774,59019,7008f585-0d1c-481b-8d47-0e4b8c4f5351,2015-03-22 15:47:37,informant-PC, Microsoft-Windows-Security-Auditing ,Security,1,0,0,0,0,0,0,S-1-5-18,500,Security,4624,0,0,0,1,0,0,0,0,0,12544,0x8020000000000000,0,0,0,1,0,0,0,2015-03-22 15:47:37,1427039257.0,15,47
1737775,59019,95e9192a-f9bd-4a6b-b8c3-66f802b61525,2015-03-22 15:47:37,informant-PC, Microsoft-Windows-Security-Auditing ,Security,1,0,0,0,0,0,0,None,500,Security,4672,0,0,0,1,0,0,0,0,0,12548,0x8020000000000000,0,0,0,1,0,0,0,2015-03-22 15:47:37,1427039257.0,15,47
1737776,59019,8f4d168a-7248-4c7c-abeb-cf6ebd2297b1,2015-03-22 15:47:37,informant-PC, Microsoft-Windows-Security-Auditing ,Security,1,0,0,0,0,0,0,None,500,Security,4672,0,0,0,1,0,0,0,0,0,12548,0x8020000000000000,0,0,0,1,0,0,0,2015-03-22 15:47:37,1427039257.0,15,47
1737777,59019,b2841610-5fa6-4ee0-b937-d14d01b937ec,2015-03-22 15:47:37,informant-PC, Microsoft-Windows-Security-Auditing ,Security,1,0,0,0,0,0,0,S-1-5-18,500,Security,4624,0,0,0,1,0,0,0,0,0,12544,0x8020000000000000,0,0,0,1,0,0,0,2015-03-22 15:47:37,1427039257.0,15,47
1737778,59017,fc40a5a6-cd6d-4303-9220-c78d1a9befc3,2015-03-22 15:47:37,informant-PC, Service Control Manager ,System,0,0,1,0,0,0,0,None,484,System,7036,0,0,0,0,0,0,0,0,0,0,0x8080000000000000,0,0,0,1,0,0,0,2015-03-22 15:47:37,1427039257.0,15,47
1737779,59017,2973b672-b6be-4b96-abb6-4457021c2f45,2015-03-22 15:47:37,informant-PC, Service Control Manager ,System,0,0,1,0,0,0,0,None,484,System,7036,0,0,0,0,0,0,0,0,0,0,0x8080000000000000,0,0,0,1,0,0,0,2015-03-22 15:47:37,1427039257.0,15,47
1737862,59018,12a56140-3186-41de-a6a4-07024039d21e,2015-03-22 15:47:51,informant-PC, Microsoft-Windows-LoadPerf ,Application,0,1,0,0,0,0,0,None,3060,Application,1001,0,0,0,0,0,0,0,0,0,0,0x8000000000000000,0,0,0,1,0,0,0,2015-03-22 15:47:51,1427039271.0,15,47
1737870,59018,6bbe593b-7170-4769-afc5-599ed9072b5c,2015-03-22 15:47:51,informant-PC, Microsoft-Windows-LoadPerf ,Application,0,1,0,0,0,0,0,None,3060,Application,1001,0,0,0,0,0,0,0,0,0,0,0x8000000000000000,0,0,0,1,0,0,0,2015-03-22 15:47:51,1427039271.0,15,47
1737936,59018,73a24866-8bc6-4ff5-b259-cad34b3a51b5,2015-03-22 15:47:51,informant-PC, Microsoft-Windows-LoadPerf ,Application,0,1,0,0,0,0,0,None,3060,Application,1000,0,0,0,0,0,0,0,0,0,0,0x8000000000000000,0,0,0,1,0,0,0,2015-03-22 15:47:51,1427039271.0,15,47
1737947,59018,51e96be8-9086-4f45-8934-1dd92c58de21,2015-03-22 15:47:51,informant-PC, Microsoft-Windows-LoadPerf ,Application,0,1,0,0,0,0,0,None,3060,Application,1000,0,0,0,0,0,0,0,0,0,0,0x8000000000000000,0,0,0,1,0,0,0,2015-03-22 15:47:51,1427039271.0,15,47
1737990,59018,594769fd-532a-43e5-90d3-bb96aa12e20c,2015-03-22 15:48:21,informant-PC, Outlook ,Application,0,1,0,0,0,0,0,None,None,Application,29,0,0,0,0,0,0,0,0,0,0,0x0080000000000000,0,0,0,0,0,0,0,2015-03-22 15:48:21,1427039301.0,15,48
1737991,59018,c3514959-bc0a-4c0f-8ab0-843c1bb0cc08,2015-03-22 15:48:21,informant-PC, Outlook ,Application,0,1,0,0,0,0,0,None,None,Application,29,0,0,0,0,0,0,0,0,0,0,0x0080000000000000,0,0,0,0,0,0,0,2015-03-22 15:48:21,1427039301.0,15,48
1738057,59018,3b840108-c5ca-4d07-974e-5aca7adceb02,2015-03-22 15:48:24,informant-PC, Outlook ,Application,0,1,0,0,0,0,0,None,None,Application,55,0,0,0,0,0,0,0,0,0,0,0x0080000000000000,0,0,0,0,0,0,0,2015-03-22 15:48:24,1427039304.0,15,48
1738058,59018,402a2fb4-8569-4da9-94f8-1d867a012e6f,2015-03-22 15:48:24,informant-PC, Outlook ,Application,0,1,0,0,0,0,0,None,None,Application,55,0,0,0,0,0,0,0,0,0,0,0x0080000000000000,0,0,0,0,0,0,0,2015-03-22 15:48:24,1427039304.0,15,48
1738071,59018,e62046fa-757b-42e5-b4c4-b950b4df5042,2015-03-22 15:48:35,informant-PC, Windows Search Service ,Application,0,1,0,0,0,0,0,None,0,Application,3036,0,0,0,0,0,0,0,0,0,3,0x0080000000000000,0,0,0,0,0,0,0,2015-03-22 15:48:35,1427039315.0,15,48
1738072,59018,9ea7025d-4139-4848-9e84-769896a2fb23,2015-03-22 15:48:35,informant-PC, Windows Search Service ,Application,0,1,0,0,0,0,0,None,0,Application,3036,0,0,0,0,0,0,0,0,0,3,0x0080000000000000,0,0,0,0,0,0,0,2015-03-22 15:48:35,1427039315.0,15,48
1738073,59078,d4777608-5f6d-488f-97a8-f5e64878195c,2015-03-22 15:48:35,informant-PC, Microsoft-Windows-KnownFolders ,Other,0,0,0,0,0,1,0,None,356,Microsoft-Windows-Known Folders API Service,1002,0,0,0,0,0,0,0,0,0,0,0x8000000000000000,0,0,0,1,0,0,0,2015-03-22 15:48:35,1427039315.0,15,48
1738074,59078,1213e06a-f09f-48c0-b416-ff7c214e9571,2015-03-22 15:48:35,informant-PC, Microsoft-Windows-KnownFolders ,Other,0,0,0,0,0,1,0,None,356,Microsoft-Windows-Known Folders API Service,1002,0,0,0,0,0,0,0,0,0,0,0x8000000000000000,0,0,0,1,0,0,0,2015-03-22 15:48:35,1427039315.0,15,48
1738075,59078,d0474f29-7c39-4603-ba0f-49ac0d7c9332,2015-03-22 15:48:35,informant-PC, Microsoft-Windows-KnownFolders ,Other,0,0,0,0,0,1,0,None,356,Microsoft-Windows-Known Folders API Service,1002,0,0,0,0,0,0,0,0,0,0,0x8000000000000000,0,0,0,1,0,0,0,2015-03-22 15:48:35,1427039315.0,15,48
1738076,59078,688cee39-1560-45ac-a327-147ea1cb3c21,2015-03-22 15:48:35,informant-PC, Microsoft-Windows-KnownFolders ,Other,0,0,0,0,0,1,0,None,356,Microsoft-Windows-Known Folders API Service,1002,0,0,0,0,0,0,0,0,0,0,0x8000000000000000,0,0,0,1,0,0,0,2015-03-22 15:48:35,1427039315.0,15,48
1738077,59078,2ce0a42d-4632-409a-bd7a-a62c7f1bc6f2,2015-03-22 15:48:35,informant-PC, Microsoft-Windows-KnownFolders ,Other,0,0,0,0,0,1,0,None,356,Microsoft-Windows-Known Folders API Service,1002,0,0,0,0,0,0,0,0,0,0,0x8000000000000000,0,0,0,1,0,0,0,2015-03-22 15:48:35,1427039315.0,15,48
1738078,59078,b9239d04-111d-466c-977e-e5c5dc21800c,2015-03-22 15:48:35,informant-PC, Microsoft-Windows-KnownFolders ,Other,0,0,0,0,0,1,0,None,356,Microsoft-Windows-Known Folders API Service,1002,0,0,0,0,0,0,0,0,0,0,0x8000000000000000,0,0,0,1,0,0,0,2015-03-22 15:48:35,1427039315.0,15,48
1738079,59078,3b3115d6-a905-4ada-8737-e6686b15e5e1,2015-03-22 15:48:35,informant-PC, Microsoft-Windows-KnownFolders ,Other,0,0,0,0,0,1,0,None,356,Microsoft-Windows-Known Folders API Service,1002,0,0,0,0,0,0,0,0,0,0,0x8000000000000000,0,0,0,1,0,0,0,2015-03-22 15:48:35,1427039315.0,15,48
1738080,59078,91c9b969-71f2-4385-ac0a-80923ecc74b0,2015-03-22 15:48:35,informant-PC, Microsoft-Windows-KnownFolders ,Other,0,0,0,0,0,1,0,None,356,Microsoft-Windows-Known Folders API Service,1002,0,0,0,0,0,0,0,0,0,0,0x8000000000000000,0,0,0,1,0,0,0,2015-03-22 15:48:35,1427039315.0,15,48
1738363,59018,c8b058e0-bfe7-4c36-951a-f88712c67cc7,2015-03-22 15:48:39,informant-PC, Microsoft-Windows-CAPI2 ,Application,0,1,0,0,0,0,0,None,328,Application,4097,0,0,0,0,0,0,0,0,0,0,0x8080000000000000,0,0,0,1,0,0,0,2015-03-22 15:48:39,1427039319.0,15,48
1738364,59018,3f7f4e3a-5fa5-4ac6-8be3-b43df3cd106d,2015-03-22 15:48:39,informant-PC, Microsoft-Windows-CAPI2 ,Application,0,1,0,0,0,0,0,None,328,Application,4097,0,0,0,0,0,0,0,0,0,0,0x8080000000000000,0,0,0,1,0,0,0,2015-03-22 15:48:39,1427039319.0,15,48
1738397,59018,eabd5a0d-c9de-44f8-a587-7ebc3629e8b9,2015-03-22 15:48:40,informant-PC, Outlook ,Application,0,1,0,0,0,0,0,None,None,Application,45,0,0,0,0,0,0,0,0,0,0,0x0080000000000000,0,0,0,0,0,0,0,2015-03-22 15:48:40,1427039320.0,15,48
1738398,59018,a39a122f-9bf9-426a-b9fa-303bdc14275b,2015-03-22 15:48:40,informant-PC, Outlook ,Application,0,1,0,0,0,0,0,None,None,Application,45,0,0,0,0,0,0,0,0,0,0,0x0080000000000000,0,0,0,0,0,0,0,2015-03-22 15:48:40,1427039320.0,15,48
1738701,59018,a7a77ec3-71d3-46cb-9bd1-45be940b57bf,2015-03-22 15:48:41,informant-PC, Outlook ,Application,0,1,0,0,0,0,0,None,None,Application,29,0,0,0,0,0,0,0,0,0,0,0x0080000000000000,0,0,0,0,0,0,0,2015-03-22 15:48:41,1427039321.0,15,48
1738702,59018,1b5944bc-5845-4677-bc40-661820a94cce,2015-03-22 15:48:41,informant-PC, Outlook ,Application,0,1,0,0,0,0,0,None,None,Application,29,0,0,0,0,0,0,0,0,0,0,0x0080000000000000,0,0,0,0,0,0,0,2015-03-22 15:48:41,1427039321.0,15,48
1738703,59018,00541340-a6f7-4cbb-a423-9e3c34add229,2015-03-22 15:48:41,informant-PC, Office Software Protection Platform Service ,Application,0,1,0,0,0,0,0,None,None,Application,1066,0,0,0,0,0,0,0,0,0,0,0x0080000000000000,0,0,0,0,0,0,0,2015-03-22 15:48:41,1427039321.0,15,48
1738704,59018,9147a09e-52ee-4f10-bc50-51367c569d88,2015-03-22 15:48:41,informant-PC, Outlook ,Application,0,1,0,0,0,0,0,None,None,Application,31,0,0,0,0,0,0,0,0,0,0,0x0080000000000000,0,0,0,0,0,0,0,2015-03-22 15:48:41,1427039321.0,15,48
1738705,59018,4a413db5-d9bc-4d4a-b47e-191b0dfbf765,2015-03-22 15:48:41,informant-PC, Outlook ,Application,0,1,0,0,0,0,0,None,None,Application,29,0,0,0,0,0,0,0,0,0,0,0x0080000000000000,0,0,0,0,0,0,0,2015-03-22 15:48:41,1427039321.0,15,48
1738706,59018,82a5d1b7-16a1-4ba8-9925-8ea8718b1090,2015-03-22 15:48:41,informant-PC, Office Software Protection Platform Service ,Application,0,1,0,0,0,0,0,None,None,Application,900,0,0,0,0,0,0,0,0,0,0,0x0080000000000000,0,0,0,0,0,0,0,2015-03-22 15:48:41,1427039321.0,15,48
1738707,59018,8b8f9afa-a329-4102-a7dd-58095ab7af14,2015-03-22 15:48:41,informant-PC, Office Software Protection Platform Service ,Application,0,1,0,0,0,0,0,None,None,Application,1066,0,0,0,0,0,0,0,0,0,0,0x0080000000000000,0,0,0,0,0,0,0,2015-03-22 15:48:41,1427039321.0,15,48
1738708,59018,aef857e4-e816-4408-8c1a-17e398ce5ed4,2015-03-22 15:48:41,informant-PC, Office Software Protection Platform Service ,Application,0,1,0,0,0,0,0,None,None,Application,902,0,0,0,0,0,0,0,0,0,0,0x0080000000000000,0,0,0,0,0,0,0,2015-03-22 15:48:41,1427039321.0,15,48
1738709,59018,46e1bf90-185c-4c92-897f-34723d82ab35,2015-03-22 15:48:41,informant-PC, Office Software Protection Platform Service ,Application,0,1,0,0,0,0,0,None,None,Application,900,0,0,0,0,0,0,0,0,0,0,0x0080000000000000,0,0,0,0,0,0,0,2015-03-22 15:48:41,1427039321.0,15,48
1738710,59018,fd6b1096-d0d2-49aa-b062-867fd1fd4f35,2015-03-22 15:48:41,informant-PC, Office Software Protection Platform Service ,Application,0,1,0,0,0,0,0,None,None,Application,902,0,0,0,0,0,0,0,0,0,0,0x0080000000000000,0,0,0,0,0,0,0,2015-03-22 15:48:41,1427039321.0,15,48
1738711,59018,a32f5708-b8f9-4413-869f-cc38f1148259,2015-03-22 15:48:41,informant-PC, Outlook ,Application,0,1,0,0,0,0,0,None,None,Application,29,0,0,0,0,0,0,0,0,0,0,0x0080000000000000,0,0,0,0,0,0,0,2015-03-22 15:48:41,1427039321.0,15,48
1738712,59018,502925ac-7b50-4b3d-96a8-3fcaae50a8e4,2015-03-22 15:48:41,informant-PC, Outlook ,Application,0,1,0,0,0,0,0,None,None,Application,31,0,0,0,0,0,0,0,0,0,0,0x0080000000000000,0,0,0,0,0,0,0,2015-03-22 15:48:41,1427039321.0,15,48
1738713,59017,01c5afb1-60f7-4f1f-9955-1e94d39206a8,2015-03-22 15:48:41,informant-PC, Service Control Manager ,System,0,0,1,0,0,0,0,None,484,System,7036,0,0,0,0,0,0,0,0,0,0,0x8080000000000000,0,0,0,1,0,0,0,2015-03-22 15:48:41,1427039321.0,15,48
1738714,59017,e6203a4e-a383-4816-8433-f1da7f18d637,2015-03-22 15:48:41,informant-PC, Service Control Manager ,System,0,0,1,0,0,0,0,None,484,System,7036,0,0,0,0,0,0,0,0,0,0,0x8080000000000000,0,0,0,1,0,0,0,2015-03-22 15:48:41,1427039321.0,15,48
1738753,59018,722ce0cc-90ed-482c-856c-b6ae216a4392,2015-03-22 15:48:42,informant-PC, Office Software Protection Platform Service ,Application,0,1,0,0,0,0,0,None,None,Application,1003,0,0,0,0,0,0,0,0,0,0,0x0080000000000000,0,0,0,0,0,0,0,2015-03-22 15:48:42,1427039322.0,15,48
1738754,59018,6c47869e-eec9-4eda-8f85-38d5a1527a42,2015-03-22 15:48:42,informant-PC, Office Software Protection Platform Service ,Application,0,1,0,0,0,0,0,None,None,Application,1003,0,0,0,0,0,0,0,0,0,0,0x0080000000000000,0,0,0,0,0,0,0,2015-03-22 15:48:42,1427039322.0,15,48
1738781,59018,4dac312b-f1a3-479d-8e96-a8b3f5d7a6cd,2015-03-22 15:48:43,informant-PC, Outlook ,Application,0,1,0,0,0,0,0,None,None,Application,25,0,0,0,0,0,0,0,0,0,0,0x0080000000000000,0,0,0,0,0,0,0,2015-03-22 15:48:43,1427039323.0,15,48
1738782,59018,eceffd3b-76e8-4035-9596-a3de1837849e,2015-03-22 15:48:43,informant-PC, Outlook ,Application,0,1,0,0,0,0,0,None,None,Application,25,0,0,0,0,0,0,0,0,0,0,0x0080000000000000,0,0,0,0,0,0,0,2015-03-22 15:48:43,1427039323.0,15,48
1739535,59018,27f26b0b-1f6d-49f7-ac5b-4aaf520ad467,2015-03-22 15:49:00,informant-PC, Office Software Protection Platform Service ,Application,0,1,0,0,0,0,0,None,None,Application,1003,0,0,0,0,0,0,0,0,0,0,0x0080000000000000,0,0,0,0,0,0,0,2015-03-22 15:49:00,1427039340.0,15,49
1739536,59018,19a2754c-7c9e-4541-b819-d8fbcdec116a,2015-03-22 15:49:00,informant-PC, Office Software Protection Platform Service ,Application,0,1,0,0,0,0,0,None,None,Application,1003,0,0,0,0,0,0,0,0,0,0,0x0080000000000000,0,0,0,0,0,0,0,2015-03-22 15:49:00,1427039340.0,15,49
1739547,59112,f64ed634-dee8-4b6e-acf1-7a227aaf218c,2015-03-22 15:49:07,informant-PC, Microsoft-Windows-Bits-Client ,Other,0,0,0,0,0,1,0,None,904,Microsoft-Windows-Bits-Client/Operational,3,0,0,0,0,0,0,0,0,0,0,0x4000000000000000,0,0,1,0,0,0,0,2015-03-22 15:49:07,1427039347.0,15,49
1739549,59112,229dc315-9912-4a57-b25d-975069447eba,2015-03-22 15:49:07,informant-PC, Microsoft-Windows-Bits-Client ,Other,0,0,0,0,0,1,0,None,904,Microsoft-Windows-Bits-Client/Operational,3,0,0,0,0,0,0,0,0,0,0,0x4000000000000000,0,0,1,0,0,0,0,2015-03-22 15:49:07,1427039347.0,15,49
1739565,59112,6ef6595d-788c-4d40-9693-b2dc902f3e66,2015-03-22 15:49:07,informant-PC, Microsoft-Windows-Bits-Client ,Other,0,0,0,0,0,1,0,None,904,Microsoft-Windows-Bits-Client/Operational,204,0,0,0,0,0,0,0,0,0,0,0x4000000000000000,0,0,1,0,0,0,0,2015-03-22 15:49:07,1427039347.0,15,49
1739566,59112,51f40958-2932-489e-9c7f-36d350a73a51,2015-03-22 15:49:07,informant-PC, Microsoft-Windows-Bits-Client ,Other,0,0,0,0,0,1,0,None,904,Microsoft-Windows-Bits-Client/Operational,204,0,0,0,0,0,0,0,0,0,0,0x4000000000000000,0,0,1,0,0,0,0,2015-03-22 15:49:07,1427039347.0,15,49
1739567,59112,e72edb37-0a37-4c8c-8c6a-94aa9e5b0ff1,2015-03-22 15:49:09,informant-PC, Microsoft-Windows-Bits-Client ,Other,0,0,0,0,0,1,0,None,904,Microsoft-Windows-Bits-Client/Operational,204,0,0,0,0,0,0,0,0,0,0,0x4000000000000000,0,0,1,0,0,0,0,2015-03-22 15:49:09,1427039349.0,15,49
1739568,59112,266e70c3-ce0e-41fb-aa4d-eb73cad35168,2015-03-22 15:49:09,informant-PC, Microsoft-Windows-Bits-Client ,Other,0,0,0,0,0,1,0,None,904,Microsoft-Windows-Bits-Client/Operational,204,0,0,0,0,0,0,0,0,0,0,0x4000000000000000,0,0,1,0,0,0,0,2015-03-22 15:49:09,1427039349.0,15,49
1739569,59112,179af8f6-55dd-4cce-90cb-9d91238ee4fe,2015-03-22 15:49:11,informant-PC, Microsoft-Windows-Bits-Client ,Other,0,0,0,0,0,1,0,None,904,Microsoft-Windows-Bits-Client/Operational,204,0,0,0,0,0,0,0,0,0,0,0x4000000000000000,0,0,1,0,0,0,0,2015-03-22 15:49:11,1427039351.0,15,49
1739570,59112,9e5ee1ba-5141-4995-80c3-4ef7201f726a,2015-03-22 15:49:11,informant-PC, Microsoft-Windows-Bits-Client ,Other,0,0,0,0,0,1,0,None,904,Microsoft-Windows-Bits-Client/Operational,204,0,0,0,0,0,0,0,0,0,0,0x4000000000000000,0,0,1,0,0,0,0,2015-03-22 15:49:11,1427039351.0,15,49
1739581,59112,637c741b-f2ac-4e03-b4d8-273014ce6489,2015-03-22 15:49:13,informant-PC, Microsoft-Windows-Bits-Client ,Other,0,0,0,0,0,1,0,None,904,Microsoft-Windows-Bits-Client/Operational,203,0,0,0,0,0,0,0,0,0,0,0x4000000000000000,0,0,1,0,0,0,0,2015-03-22 15:49:13,1427039353.0,15,49
1739582,59112,d16b1aee-5ffa-4f17-b610-95cf9b3ca40a,2015-03-22 15:49:13,informant-PC, Microsoft-Windows-Bits-Client ,Other,0,0,0,0,0,1,0,None,904,Microsoft-Windows-Bits-Client/Operational,203,0,0,0,0,0,0,0,0,0,0,0x4000000000000000,0,0,1,0,0,0,0,2015-03-22 15:49:13,1427039353.0,15,49
1739583,59112,02c1dcf8-1dcf-45d4-987b-1a20c4b1cdcc,2015-03-22 15:49:15,informant-PC, Microsoft-Windows-Bits-Client ,Other,0,0,0,0,0,1,0,None,904,Microsoft-Windows-Bits-Client/Operational,310,0,0,0,0,0,0,0,0,0,0,0x4000000000000000,0,0,1,0,0,0,0,2015-03-22 15:49:15,1427039355.0,15,49
1739584,59112,a8bacd52-50fa-475f-96fa-4f3847223263,2015-03-22 15:49:15,informant-PC, Microsoft-Windows-Bits-Client ,Other,0,0,0,0,0,1,0,None,904,Microsoft-Windows-Bits-Client/Operational,310,0,0,0,0,0,0,0,0,0,0,0x4000000000000000,0,0,1,0,0,0,0,2015-03-22 15:49:15,1427039355.0,15,49
1739585,59112,36b88131-aa39-415e-b3ba-4dc8beb883ff,2015-03-22 15:49:15,informant-PC, Microsoft-Windows-Bits-Client ,Other,0,0,0,0,0,1,0,None,904,Microsoft-Windows-Bits-Client/Operational,59,0,0,0,0,0,0,0,0,0,0,0x4000000000000000,0,0,1,0,0,0,0,2015-03-22 15:49:15,1427039355.0,15,49
1739586,59112,279a3f40-a6f7-4487-921d-c420ac582ea2,2015-03-22 15:49:15,informant-PC, Microsoft-Windows-Bits-Client ,Other,0,0,0,0,0,1,0,None,904,Microsoft-Windows-Bits-Client/Operational,59,0,0,0,0,0,0,0,0,0,0,0x4000000000000000,0,0,1,0,0,0,0,2015-03-22 15:49:15,1427039355.0,15,49
1739591,59112,19818bd9-6494-43b8-b512-83f199c392b7,2015-03-22 15:49:24,informant-PC, Microsoft-Windows-Bits-Client ,Other,0,0,0,0,0,1,0,None,904,Microsoft-Windows-Bits-Client/Operational,203,0,0,0,0,0,0,0,0,0,0,0x4000000000000000,0,0,1,0,0,0,0,2015-03-22 15:49:24,1427039364.0,15,49
1739592,59112,acf8e545-5fad-40b3-b0e8-4029907db1f6,2015-03-22 15:49:24,informant-PC, Microsoft-Windows-Bits-Client ,Other,0,0,0,0,0,1,0,None,904,Microsoft-Windows-Bits-Client/Operational,203,0,0,0,0,0,0,0,0,0,0,0x4000000000000000,0,0,1,0,0,0,0,2015-03-22 15:49:24,1427039364.0,15,49
1739595,59017,f9e54bff-d272-47fb-91d8-427ddd274b8b,2015-03-22 15:49:37,informant-PC, Service Control Manager ,System,0,0,1,0,0,0,0,None,484,System,7036,0,0,0,0,0,0,0,0,0,0,0x8080000000000000,0,0,0,1,0,0,0,2015-03-22 15:49:37,1427039377.0,15,49
1739596,59017,434e2829-16f9-45aa-a685-c4606f6e9e9c,2015-03-22 15:49:37,informant-PC, Service Control Manager ,System,0,0,1,0,0,0,0,None,484,System,7036,0,0,0,0,0,0,0,0,0,0,0x8080000000000000,0,0,0,1,0,0,0,2015-03-22 15:49:37,1427039377.0,15,49
1739601,59112,73808f6f-508f-4376-bb0b-11243ab29758,2015-03-22 15:49:37,informant-PC, Microsoft-Windows-Bits-Client ,Other,0,0,0,0,0,1,0,None,904,Microsoft-Windows-Bits-Client/Operational,60,0,0,0,0,0,0,0,0,0,0,0x4000000000000000,0,0,1,0,0,0,0,2015-03-22 15:49:37,1427039377.0,15,49
