2179549,59047,143e0e7f-4834-432c-92d7-4edc8452275f,2015-03-24 15:16:34,informant-PC, Microsoft-Windows-Application-Experience ,Other,0,0,0,0,0,1,0,None,2704,Microsoft-Windows-Application-Experience/Program-Inventory,900,0,0,0,0,0,0,0,0,0,0,0x0800000000000000,0,0,0,0,1,0,0,2015-03-24 15:16:34,1427210194.0,15,16
2179550,59047,19aaee58-2fa0-4b15-a8f5-49fa6df83596,2015-03-24 15:16:34,informant-PC, Microsoft-Windows-Application-Experience ,Other,0,0,0,0,0,1,0,None,2704,Microsoft-Windows-Application-Experience/Program-Inventory,900,0,0,0,0,0,0,0,0,0,0,0x0800000000000000,0,0,0,0,1,0,0,2015-03-24 15:16:34,1427210194.0,15,16
2179551,59047,c94f8f4a-1dc9-44c8-8478-e0818d1524cc,2015-03-24 15:16:34,informant-PC, Microsoft-Windows-Application-Experience ,Other,0,0,0,0,0,1,0,None,2704,Microsoft-Windows-Application-Experience/Program-Inventory,900,0,0,0,0,0,0,0,0,0,0,0x0800000000000000,0,0,0,0,1,0,0,2015-03-24 15:16:34,1427210194.0,15,16
2179552,59047,bf48a60f-9310-49c9-ba30-1f110358e4b7,2015-03-24 15:16:34,informant-PC, Microsoft-Windows-Application-Experience ,Other,0,0,0,0,0,1,0,None,2704,Microsoft-Windows-Application-Experience/Program-Inventory,900,0,0,0,0,0,0,0,0,0,0,0x0800000000000000,0,0,0,0,1,0,0,2015-03-24 15:16:34,1427210194.0,15,16
2179553,59047,7d068b4d-6826-4d9c-ab57-3622f0a67564,2015-03-24 15:16:34,informant-PC, Microsoft-Windows-Application-Experience ,Other,0,0,0,0,0,1,0,None,2704,Microsoft-Windows-Application-Experience/Program-Inventory,900,0,0,0,0,0,0,0,0,0,0,0x0800000000000000,0,0,0,0,1,0,0,2015-03-24 15:16:34,1427210194.0,15,16
2179554,59047,202367e0-1cde-47f3-992c-d2bcb9b8be31,2015-03-24 15:16:34,informant-PC, Microsoft-Windows-Application-Experience ,Other,0,0,0,0,0,1,0,None,2704,Microsoft-Windows-Application-Experience/Program-Inventory,900,0,0,0,0,0,0,0,0,0,0,0x0800000000000000,0,0,0,0,1,0,0,2015-03-24 15:16:34,1427210194.0,15,16
2179555,59047,3a9d698a-a911-4f7a-9027-f3d32a2f4587,2015-03-24 15:16:34,informant-PC, Microsoft-Windows-Application-Experience ,Other,0,0,0,0,0,1,0,None,2704,Microsoft-Windows-Application-Experience/Program-Inventory,900,0,0,0,0,0,0,0,0,0,0,0x0800000000000000,0,0,0,0,1,0,0,2015-03-24 15:16:34,1427210194.0,15,16
2179556,59047,c96a2cdb-5ed9-45e5-93e0-1b665fe9bfad,2015-03-24 15:16:34,informant-PC, Microsoft-Windows-Application-Experience ,Other,0,0,0,0,0,1,0,None,2704,Microsoft-Windows-Application-Experience/Program-Inventory,900,0,0,0,0,0,0,0,0,0,0,0x0800000000000000,0,0,0,0,1,0,0,2015-03-24 15:16:34,1427210194.0,15,16
2179557,59047,5d1ed0b4-4a53-4166-927a-e48a9164aef4,2015-03-24 15:16:34,informant-PC, Microsoft-Windows-Application-Experience ,Other,0,0,0,0,0,1,0,None,2704,Microsoft-Windows-Application-Experience/Program-Inventory,900,0,0,0,0,0,0,0,0,0,0,0x0800000000000000,0,0,0,0,1,0,0,2015-03-24 15:16:34,1427210194.0,15,16
2179558,59047,0f0d948e-acb6-4150-a6a4-1968cfa5b98e,2015-03-24 15:16:34,informant-PC, Microsoft-Windows-Application-Experience ,Other,0,0,0,0,0,1,0,None,2704,Microsoft-Windows-Application-Experience/Program-Inventory,900,0,0,0,0,0,0,0,0,0,0,0x0800000000000000,0,0,0,0,1,0,0,2015-03-24 15:16:34,1427210194.0,15,16
2179559,59047,4ef96963-d807-434b-95c1-fb4d364fbdcb,2015-03-24 15:16:34,informant-PC, Microsoft-Windows-Application-Experience ,Other,0,0,0,0,0,1,0,None,2704,Microsoft-Windows-Application-Experience/Program-Inventory,900,0,0,0,0,0,0,0,0,0,0,0x0800000000000000,0,0,0,0,1,0,0,2015-03-24 15:16:34,1427210194.0,15,16
2179560,59047,f7462234-a146-4bc0-a869-b666be5b2971,2015-03-24 15:16:34,informant-PC, Microsoft-Windows-Application-Experience ,Other,0,0,0,0,0,1,0,None,2704,Microsoft-Windows-Application-Experience/Program-Inventory,900,0,0,0,0,0,0,0,0,0,0,0x0800000000000000,0,0,0,0,1,0,0,2015-03-24 15:16:34,1427210194.0,15,16
2179561,59047,b192ef3f-0f5c-42f6-bd98-fcd6220ce029,2015-03-24 15:16:34,informant-PC, Microsoft-Windows-Application-Experience ,Other,0,0,0,0,0,1,0,None,2704,Microsoft-Windows-Application-Experience/Program-Inventory,900,0,0,0,0,0,0,0,0,0,0,0x0800000000000000,0,0,0,0,1,0,0,2015-03-24 15:16:34,1427210194.0,15,16
2179562,59047,1b40fbde-491b-4bae-9de4-778c11f7f64d,2015-03-24 15:16:34,informant-PC, Microsoft-Windows-Application-Experience ,Other,0,0,0,0,0,1,0,None,2704,Microsoft-Windows-Application-Experience/Program-Inventory,900,0,0,0,0,0,0,0,0,0,0,0x0800000000000000,0,0,0,0,1,0,0,2015-03-24 15:16:34,1427210194.0,15,16
2179563,59047,85c54e95-1bd9-4428-9c07-e1614f3e7b08,2015-03-24 15:16:34,informant-PC, Microsoft-Windows-Application-Experience ,Other,0,0,0,0,0,1,0,None,2704,Microsoft-Windows-Application-Experience/Program-Inventory,900,0,0,0,0,0,0,0,0,0,0,0x0800000000000000,0,0,0,0,1,0,0,2015-03-24 15:16:34,1427210194.0,15,16
2179564,59047,0b640143-1cdc-4702-9e5a-bddb4cbc1850,2015-03-24 15:16:34,informant-PC, Microsoft-Windows-Application-Experience ,Other,0,0,0,0,0,1,0,None,2704,Microsoft-Windows-Application-Experience/Program-Inventory,900,0,0,0,0,0,0,0,0,0,0,0x0800000000000000,0,0,0,0,1,0,0,2015-03-24 15:16:34,1427210194.0,15,16
2179565,59047,507cb189-dc09-4784-95c0-2f864f5aede8,2015-03-24 15:16:34,informant-PC, Microsoft-Windows-Application-Experience ,Other,0,0,0,0,0,1,0,None,2704,Microsoft-Windows-Application-Experience/Program-Inventory,900,0,0,0,0,0,0,0,0,0,0,0x0800000000000000,0,0,0,0,1,0,0,2015-03-24 15:16:34,1427210194.0,15,16
2179566,59047,fa7d9260-1db0-463e-9828-a2fa2558ecd0,2015-03-24 15:16:34,informant-PC, Microsoft-Windows-Application-Experience ,Other,0,0,0,0,0,1,0,None,2704,Microsoft-Windows-Application-Experience/Program-Inventory,900,0,0,0,0,0,0,0,0,0,0,0x0800000000000000,0,0,0,0,1,0,0,2015-03-24 15:16:34,1427210194.0,15,16
2179567,59047,3656a19d-01ce-4bd5-9ab6-98d577fd6d51,2015-03-24 15:16:34,informant-PC, Microsoft-Windows-Application-Experience ,Other,0,0,0,0,0,1,0,None,2704,Microsoft-Windows-Application-Experience/Program-Inventory,900,0,0,0,0,0,0,0,0,0,0,0x0800000000000000,0,0,0,0,1,0,0,2015-03-24 15:16:34,1427210194.0,15,16
2179568,59047,a18810aa-4f3c-4ac7-9061-c21f4922f665,2015-03-24 15:16:34,informant-PC, Microsoft-Windows-Application-Experience ,Other,0,0,0,0,0,1,0,None,2704,Microsoft-Windows-Application-Experience/Program-Inventory,900,0,0,0,0,0,0,0,0,0,0,0x0800000000000000,0,0,0,0,1,0,0,2015-03-24 15:16:34,1427210194.0,15,16
2179569,59047,fb4fce09-60ac-4fdb-aaf9-3735d96c6df9,2015-03-24 15:16:34,informant-PC, Microsoft-Windows-Application-Experience ,Other,0,0,0,0,0,1,0,None,2704,Microsoft-Windows-Application-Experience/Program-Inventory,900,0,0,0,0,0,0,0,0,0,0,0x0800000000000000,0,0,0,0,1,0,0,2015-03-24 15:16:34,1427210194.0,15,16
2179570,59047,59d29cff-e8bc-47a1-8aa3-5d4e7918a048,2015-03-24 15:16:34,informant-PC, Microsoft-Windows-Application-Experience ,Other,0,0,0,0,0,1,0,None,2704,Microsoft-Windows-Application-Experience/Program-Inventory,900,0,0,0,0,0,0,0,0,0,0,0x0800000000000000,0,0,0,0,1,0,0,2015-03-24 15:16:34,1427210194.0,15,16
2179571,59047,94eaa550-89ea-4185-95a5-eb0425805676,2015-03-24 15:16:34,informant-PC, Microsoft-Windows-Application-Experience ,Other,0,0,0,0,0,1,0,None,2704,Microsoft-Windows-Application-Experience/Program-Inventory,900,0,0,0,0,0,0,0,0,0,0,0x0800000000000000,0,0,0,0,1,0,0,2015-03-24 15:16:34,1427210194.0,15,16
2179572,59047,c95cdf2b-6aa1-4d8f-afbc-9e79e0565dfb,2015-03-24 15:16:34,informant-PC, Microsoft-Windows-Application-Experience ,Other,0,0,0,0,0,1,0,None,2704,Microsoft-Windows-Application-Experience/Program-Inventory,900,0,0,0,0,0,0,0,0,0,0,0x0800000000000000,0,0,0,0,1,0,0,2015-03-24 15:16:34,1427210194.0,15,16
2179573,59047,dbfbb59c-e636-4c73-b76b-855b49a7b659,2015-03-24 15:16:34,informant-PC, Microsoft-Windows-Application-Experience ,Other,0,0,0,0,0,1,0,None,2704,Microsoft-Windows-Application-Experience/Program-Inventory,900,0,0,0,0,0,0,0,0,0,0,0x0800000000000000,0,0,0,0,1,0,0,2015-03-24 15:16:34,1427210194.0,15,16
2179574,59047,c3c5adec-1225-48e0-82fe-1807797e2142,2015-03-24 15:16:34,informant-PC, Microsoft-Windows-Application-Experience ,Other,0,0,0,0,0,1,0,None,2704,Microsoft-Windows-Application-Experience/Program-Inventory,900,0,0,0,0,0,0,0,0,0,0,0x0800000000000000,0,0,0,0,1,0,0,2015-03-24 15:16:34,1427210194.0,15,16
2179575,59047,3797f08b-ebdd-4946-8ce6-ccc836966310,2015-03-24 15:16:34,informant-PC, Microsoft-Windows-Application-Experience ,Other,0,0,0,0,0,1,0,None,2704,Microsoft-Windows-Application-Experience/Program-Inventory,900,0,0,0,0,0,0,0,0,0,0,0x0800000000000000,0,0,0,0,1,0,0,2015-03-24 15:16:34,1427210194.0,15,16
2179576,59047,4754fdbe-7113-46f5-b36d-1d341cf42949,2015-03-24 15:16:34,informant-PC, Microsoft-Windows-Application-Experience ,Other,0,0,0,0,0,1,0,None,2704,Microsoft-Windows-Application-Experience/Program-Inventory,904,0,0,0,0,0,0,0,0,0,0,0x0800000000000000,0,0,0,0,1,0,0,2015-03-24 15:16:34,1427210194.0,15,16
2179577,59047,1e7f1c8e-1011-433f-8f90-788b7ba28a20,2015-03-24 15:16:34,informant-PC, Microsoft-Windows-Application-Experience ,Other,0,0,0,0,0,1,0,None,2704,Microsoft-Windows-Application-Experience/Program-Inventory,900,0,0,0,0,0,0,0,0,0,0,0x0800000000000000,0,0,0,0,1,0,0,2015-03-24 15:16:34,1427210194.0,15,16
2179578,59047,b2ab6f70-f456-4a70-b9e3-0ab1e9bca977,2015-03-24 15:16:34,informant-PC, Microsoft-Windows-Application-Experience ,Other,0,0,0,0,0,1,0,None,2704,Microsoft-Windows-Application-Experience/Program-Inventory,900,0,0,0,0,0,0,0,0,0,0,0x0800000000000000,0,0,0,0,1,0,0,2015-03-24 15:16:34,1427210194.0,15,16
2179579,59047,e83a06ae-fbc4-4c9b-8e6f-369cd2b8b18b,2015-03-24 15:16:34,informant-PC, Microsoft-Windows-Application-Experience ,Other,0,0,0,0,0,1,0,None,2704,Microsoft-Windows-Application-Experience/Program-Inventory,904,0,0,0,0,0,0,0,0,0,0,0x0800000000000000,0,0,0,0,1,0,0,2015-03-24 15:16:34,1427210194.0,15,16
2179580,59047,78f5d449-e460-4589-8e90-cf615074240b,2015-03-24 15:16:34,informant-PC, Microsoft-Windows-Application-Experience ,Other,0,0,0,0,0,1,0,None,2704,Microsoft-Windows-Application-Experience/Program-Inventory,900,0,0,0,0,0,0,0,0,0,0,0x0800000000000000,0,0,0,0,1,0,0,2015-03-24 15:16:34,1427210194.0,15,16
2179581,59047,81807c2c-9423-4227-bf07-e6fee970ecc8,2015-03-24 15:16:34,informant-PC, Microsoft-Windows-Application-Experience ,Other,0,0,0,0,0,1,0,None,2704,Microsoft-Windows-Application-Experience/Program-Inventory,900,0,0,0,0,0,0,0,0,0,0,0x0800000000000000,0,0,0,0,1,0,0,2015-03-24 15:16:34,1427210194.0,15,16
2179582,59047,8d0b16aa-4748-4363-a944-6e2d0f27f245,2015-03-24 15:16:34,informant-PC, Microsoft-Windows-Application-Experience ,Other,0,0,0,0,0,1,0,None,2704,Microsoft-Windows-Application-Experience/Program-Inventory,904,0,0,0,0,0,0,0,0,0,0,0x0800000000000000,0,0,0,0,1,0,0,2015-03-24 15:16:34,1427210194.0,15,16
2179583,59047,605ec79f-2527-484b-8e73-f4e07ec196b6,2015-03-24 15:16:34,informant-PC, Microsoft-Windows-Application-Experience ,Other,0,0,0,0,0,1,0,None,2704,Microsoft-Windows-Application-Experience/Program-Inventory,900,0,0,0,0,0,0,0,0,0,0,0x0800000000000000,0,0,0,0,1,0,0,2015-03-24 15:16:34,1427210194.0,15,16
2179584,59047,cb02343f-fad7-4e6d-9351-79711709ef83,2015-03-24 15:16:34,informant-PC, Microsoft-Windows-Application-Experience ,Other,0,0,0,0,0,1,0,None,2704,Microsoft-Windows-Application-Experience/Program-Inventory,900,0,0,0,0,0,0,0,0,0,0,0x0800000000000000,0,0,0,0,1,0,0,2015-03-24 15:16:34,1427210194.0,15,16
2179585,59047,15ff0c82-9115-4110-9e45-612958842175,2015-03-24 15:16:34,informant-PC, Microsoft-Windows-Application-Experience ,Other,0,0,0,0,0,1,0,None,2704,Microsoft-Windows-Application-Experience/Program-Inventory,900,0,0,0,0,0,0,0,0,0,0,0x0800000000000000,0,0,0,0,1,0,0,2015-03-24 15:16:34,1427210194.0,15,16
2179586,59047,728dcfbd-5a48-423f-b4d3-c0adff7b278e,2015-03-24 15:16:34,informant-PC, Microsoft-Windows-Application-Experience ,Other,0,0,0,0,0,1,0,None,2704,Microsoft-Windows-Application-Experience/Program-Inventory,900,0,0,0,0,0,0,0,0,0,0,0x0800000000000000,0,0,0,0,1,0,0,2015-03-24 15:16:34,1427210194.0,15,16
2179587,59047,c054f3c5-e9ab-4d62-923b-434abcfab5c9,2015-03-24 15:16:34,informant-PC, Microsoft-Windows-Application-Experience ,Other,0,0,0,0,0,1,0,None,2704,Microsoft-Windows-Application-Experience/Program-Inventory,900,0,0,0,0,0,0,0,0,0,0,0x0800000000000000,0,0,0,0,1,0,0,2015-03-24 15:16:34,1427210194.0,15,16
2179588,59047,446a4dfe-5c88-4225-bc15-7abc6cfe4323,2015-03-24 15:16:34,informant-PC, Microsoft-Windows-Application-Experience ,Other,0,0,0,0,0,1,0,None,2704,Microsoft-Windows-Application-Experience/Program-Inventory,900,0,0,0,0,0,0,0,0,0,0,0x0800000000000000,0,0,0,0,1,0,0,2015-03-24 15:16:34,1427210194.0,15,16
2179589,59047,d02638a7-2c85-4b16-8896-0a48ac783d99,2015-03-24 15:16:34,informant-PC, Microsoft-Windows-Application-Experience ,Other,0,0,0,0,0,1,0,None,2704,Microsoft-Windows-Application-Experience/Program-Inventory,900,0,0,0,0,0,0,0,0,0,0,0x0800000000000000,0,0,0,0,1,0,0,2015-03-24 15:16:34,1427210194.0,15,16
2179590,59047,474cb3af-9bb0-4e5c-87f7-6d76df1abb26,2015-03-24 15:16:34,informant-PC, Microsoft-Windows-Application-Experience ,Other,0,0,0,0,0,1,0,None,2704,Microsoft-Windows-Application-Experience/Program-Inventory,900,0,0,0,0,0,0,0,0,0,0,0x0800000000000000,0,0,0,0,1,0,0,2015-03-24 15:16:34,1427210194.0,15,16
2179591,59047,7d1289f3-51ce-4882-b3aa-b59d9f7b6724,2015-03-24 15:16:34,informant-PC, Microsoft-Windows-Application-Experience ,Other,0,0,0,0,0,1,0,None,2704,Microsoft-Windows-Application-Experience/Program-Inventory,900,0,0,0,0,0,0,0,0,0,0,0x0800000000000000,0,0,0,0,1,0,0,2015-03-24 15:16:34,1427210194.0,15,16
2179592,59047,e8bf2ce9-02a5-4239-a7da-8ce3bf358004,2015-03-24 15:16:34,informant-PC, Microsoft-Windows-Application-Experience ,Other,0,0,0,0,0,1,0,None,2704,Microsoft-Windows-Application-Experience/Program-Inventory,900,0,0,0,0,0,0,0,0,0,0,0x0800000000000000,0,0,0,0,1,0,0,2015-03-24 15:16:34,1427210194.0,15,16
2179593,59047,cfab311a-c772-4535-be20-54d865b1ec78,2015-03-24 15:16:34,informant-PC, Microsoft-Windows-Application-Experience ,Other,0,0,0,0,0,1,0,None,2704,Microsoft-Windows-Application-Experience/Program-Inventory,900,0,0,0,0,0,0,0,0,0,0,0x0800000000000000,0,0,0,0,1,0,0,2015-03-24 15:16:34,1427210194.0,15,16
2179594,59047,c33224c5-9eb8-4efd-8d47-1205a2d3934b,2015-03-24 15:16:34,informant-PC, Microsoft-Windows-Application-Experience ,Other,0,0,0,0,0,1,0,None,2704,Microsoft-Windows-Application-Experience/Program-Inventory,900,0,0,0,0,0,0,0,0,0,0,0x0800000000000000,0,0,0,0,1,0,0,2015-03-24 15:16:34,1427210194.0,15,16
2179595,59047,34b93b18-eab3-44f8-b8de-eddd3364e0ee,2015-03-24 15:16:34,informant-PC, Microsoft-Windows-Application-Experience ,Other,0,0,0,0,0,1,0,None,2704,Microsoft-Windows-Application-Experience/Program-Inventory,900,0,0,0,0,0,0,0,0,0,0,0x0800000000000000,0,0,0,0,1,0,0,2015-03-24 15:16:34,1427210194.0,15,16
2179596,59047,5c7b5e75-9c20-4146-b662-6b6d6d3acc3e,2015-03-24 15:16:34,informant-PC, Microsoft-Windows-Application-Experience ,Other,0,0,0,0,0,1,0,None,2704,Microsoft-Windows-Application-Experience/Program-Inventory,904,0,0,0,0,0,0,0,0,0,0,0x0800000000000000,0,0,0,0,1,0,0,2015-03-24 15:16:34,1427210194.0,15,16
2179597,59047,f43b3d72-91cf-4a98-980f-107d423c685e,2015-03-24 15:16:34,informant-PC, Microsoft-Windows-Application-Experience ,Other,0,0,0,0,0,1,0,None,2704,Microsoft-Windows-Application-Experience/Program-Inventory,900,0,0,0,0,0,0,0,0,0,0,0x0800000000000000,0,0,0,0,1,0,0,2015-03-24 15:16:34,1427210194.0,15,16
2179598,59047,ce64ebb4-0069-4e8f-aed5-aecdadff7bea,2015-03-24 15:16:34,informant-PC, Microsoft-Windows-Application-Experience ,Other,0,0,0,0,0,1,0,None,2704,Microsoft-Windows-Application-Experience/Program-Inventory,903,0,0,0,0,0,0,0,0,0,0,0x0800000000000000,0,0,0,0,1,0,0,2015-03-24 15:16:34,1427210194.0,15,16
2179599,59047,075a5ee2-77c4-416a-9b69-7621bd2aacef,2015-03-24 15:16:34,informant-PC, Microsoft-Windows-Application-Experience ,Other,0,0,0,0,0,1,0,None,2704,Microsoft-Windows-Application-Experience/Program-Inventory,900,0,0,0,0,0,0,0,0,0,0,0x0800000000000000,0,0,0,0,1,0,0,2015-03-24 15:16:34,1427210194.0,15,16
2179600,59047,76b3e588-2595-4253-a02d-6a119e864e09,2015-03-24 15:16:34,informant-PC, Microsoft-Windows-Application-Experience ,Other,0,0,0,0,0,1,0,None,2704,Microsoft-Windows-Application-Experience/Program-Inventory,903,0,0,0,0,0,0,0,0,0,0,0x0800000000000000,0,0,0,0,1,0,0,2015-03-24 15:16:34,1427210194.0,15,16
2179601,59047,25ff72ac-ccaf-446c-a31e-5b3f070a54c0,2015-03-24 15:16:34,informant-PC, Microsoft-Windows-Application-Experience ,Other,0,0,0,0,0,1,0,None,2704,Microsoft-Windows-Application-Experience/Program-Inventory,900,0,0,0,0,0,0,0,0,0,0,0x0800000000000000,0,0,0,0,1,0,0,2015-03-24 15:16:34,1427210194.0,15,16
2179602,59047,934f4b65-9b1c-448d-83bd-fc18a3a41ffa,2015-03-24 15:16:34,informant-PC, Microsoft-Windows-Application-Experience ,Other,0,0,0,0,0,1,0,None,2704,Microsoft-Windows-Application-Experience/Program-Inventory,900,0,0,0,0,0,0,0,0,0,0,0x0800000000000000,0,0,0,0,1,0,0,2015-03-24 15:16:34,1427210194.0,15,16
2179603,59047,1abcfc98-a77c-439e-a2aa-d2a1454a2754,2015-03-24 15:16:34,informant-PC, Microsoft-Windows-Application-Experience ,Other,0,0,0,0,0,1,0,None,2704,Microsoft-Windows-Application-Experience/Program-Inventory,900,0,0,0,0,0,0,0,0,0,0,0x0800000000000000,0,0,0,0,1,0,0,2015-03-24 15:16:34,1427210194.0,15,16
2179604,59047,b0f941a9-86ec-43ca-81a4-1d937e58914c,2015-03-24 15:16:34,informant-PC, Microsoft-Windows-Application-Experience ,Other,0,0,0,0,0,1,0,None,2704,Microsoft-Windows-Application-Experience/Program-Inventory,904,0,0,0,0,0,0,0,0,0,0,0x0800000000000000,0,0,0,0,1,0,0,2015-03-24 15:16:34,1427210194.0,15,16
2179605,59047,adbf3819-e5fe-4bc3-a92f-7ae1c7b3fbe8,2015-03-24 15:16:34,informant-PC, Microsoft-Windows-Application-Experience ,Other,0,0,0,0,0,1,0,None,2704,Microsoft-Windows-Application-Experience/Program-Inventory,900,0,0,0,0,0,0,0,0,0,0,0x0800000000000000,0,0,0,0,1,0,0,2015-03-24 15:16:34,1427210194.0,15,16
2179606,59047,17675f76-2e57-43ff-822d-f158c1d74cfa,2015-03-24 15:16:34,informant-PC, Microsoft-Windows-Application-Experience ,Other,0,0,0,0,0,1,0,None,2704,Microsoft-Windows-Application-Experience/Program-Inventory,900,0,0,0,0,0,0,0,0,0,0,0x0800000000000000,0,0,0,0,1,0,0,2015-03-24 15:16:34,1427210194.0,15,16
2179607,59047,a93b712f-24f4-4644-81b8-c3d7667de30f,2015-03-24 15:16:34,informant-PC, Microsoft-Windows-Application-Experience ,Other,0,0,0,0,0,1,0,None,2704,Microsoft-Windows-Application-Experience/Program-Inventory,900,0,0,0,0,0,0,0,0,0,0,0x0800000000000000,0,0,0,0,1,0,0,2015-03-24 15:16:34,1427210194.0,15,16
2179608,59047,4ec944f9-3912-48b8-ad1f-bf1783cce22e,2015-03-24 15:16:34,informant-PC, Microsoft-Windows-Application-Experience ,Other,0,0,0,0,0,1,0,None,2704,Microsoft-Windows-Application-Experience/Program-Inventory,900,0,0,0,0,0,0,0,0,0,0,0x0800000000000000,0,0,0,0,1,0,0,2015-03-24 15:16:34,1427210194.0,15,16
2179609,59047,08cae285-5ed9-448f-ad40-f798758cdde9,2015-03-24 15:16:34,informant-PC, Microsoft-Windows-Application-Experience ,Other,0,0,0,0,0,1,0,None,2704,Microsoft-Windows-Application-Experience/Program-Inventory,900,0,0,0,0,0,0,0,0,0,0,0x0800000000000000,0,0,0,0,1,0,0,2015-03-24 15:16:34,1427210194.0,15,16
2179610,59047,011e1406-0a2b-4d01-af49-541758bac972,2015-03-24 15:16:34,informant-PC, Microsoft-Windows-Application-Experience ,Other,0,0,0,0,0,1,0,None,2704,Microsoft-Windows-Application-Experience/Program-Inventory,900,0,0,0,0,0,0,0,0,0,0,0x0800000000000000,0,0,0,0,1,0,0,2015-03-24 15:16:34,1427210194.0,15,16
2179611,59047,4c0c29dc-785d-459b-8045-7b0c3a50c5e4,2015-03-24 15:16:34,informant-PC, Microsoft-Windows-Application-Experience ,Other,0,0,0,0,0,1,0,None,2704,Microsoft-Windows-Application-Experience/Program-Inventory,900,0,0,0,0,0,0,0,0,0,0,0x0800000000000000,0,0,0,0,1,0,0,2015-03-24 15:16:34,1427210194.0,15,16
2179612,59047,6bf636a0-534f-40d8-80d4-1b18be065a2e,2015-03-24 15:16:34,informant-PC, Microsoft-Windows-Application-Experience ,Other,0,0,0,0,0,1,0,None,2704,Microsoft-Windows-Application-Experience/Program-Inventory,900,0,0,0,0,0,0,0,0,0,0,0x0800000000000000,0,0,0,0,1,0,0,2015-03-24 15:16:34,1427210194.0,15,16
2179613,59047,ccf57cda-4586-4dd3-8150-3051d295ab39,2015-03-24 15:16:34,informant-PC, Microsoft-Windows-Application-Experience ,Other,0,0,0,0,0,1,0,None,2704,Microsoft-Windows-Application-Experience/Program-Inventory,900,0,0,0,0,0,0,0,0,0,0,0x0800000000000000,0,0,0,0,1,0,0,2015-03-24 15:16:34,1427210194.0,15,16
2179614,59047,d521fd40-91aa-45ee-a9f5-29de037cbea0,2015-03-24 15:16:34,informant-PC, Microsoft-Windows-Application-Experience ,Other,0,0,0,0,0,1,0,None,2704,Microsoft-Windows-Application-Experience/Program-Inventory,900,0,0,0,0,0,0,0,0,0,0,0x0800000000000000,0,0,0,0,1,0,0,2015-03-24 15:16:34,1427210194.0,15,16
2179615,59047,7556c441-9e4a-4743-9b87-a7ca56fe901c,2015-03-24 15:16:34,informant-PC, Microsoft-Windows-Application-Experience ,Other,0,0,0,0,0,1,0,None,2704,Microsoft-Windows-Application-Experience/Program-Inventory,900,0,0,0,0,0,0,0,0,0,0,0x0800000000000000,0,0,0,0,1,0,0,2015-03-24 15:16:34,1427210194.0,15,16
2179616,59047,d36eba4c-4f18-4557-858e-dc4a6211482c,2015-03-24 15:16:34,informant-PC, Microsoft-Windows-Application-Experience ,Other,0,0,0,0,0,1,0,None,2704,Microsoft-Windows-Application-Experience/Program-Inventory,900,0,0,0,0,0,0,0,0,0,0,0x0800000000000000,0,0,0,0,1,0,0,2015-03-24 15:16:34,1427210194.0,15,16
2179617,59047,9aec7b78-93d8-4183-bc62-3369eba1b011,2015-03-24 15:16:34,informant-PC, Microsoft-Windows-Application-Experience ,Other,0,0,0,0,0,1,0,None,2704,Microsoft-Windows-Application-Experience/Program-Inventory,900,0,0,0,0,0,0,0,0,0,0,0x0800000000000000,0,0,0,0,1,0,0,2015-03-24 15:16:34,1427210194.0,15,16
2179618,59047,79a27b21-0fcc-45f9-9186-3cce9218099f,2015-03-24 15:16:34,informant-PC, Microsoft-Windows-Application-Experience ,Other,0,0,0,0,0,1,0,None,2704,Microsoft-Windows-Application-Experience/Program-Inventory,904,0,0,0,0,0,0,0,0,0,0,0x0800000000000000,0,0,0,0,1,0,0,2015-03-24 15:16:34,1427210194.0,15,16
2179619,59047,e56d1dab-489d-47c0-8eac-dd1fb9bf043f,2015-03-24 15:16:34,informant-PC, Microsoft-Windows-Application-Experience ,Other,0,0,0,0,0,1,0,None,2704,Microsoft-Windows-Application-Experience/Program-Inventory,900,0,0,0,0,0,0,0,0,0,0,0x0800000000000000,0,0,0,0,1,0,0,2015-03-24 15:16:34,1427210194.0,15,16
2179620,59047,51a5f9e7-3843-4354-bfd2-eaa46c997f25,2015-03-24 15:16:34,informant-PC, Microsoft-Windows-Application-Experience ,Other,0,0,0,0,0,1,0,None,2704,Microsoft-Windows-Application-Experience/Program-Inventory,900,0,0,0,0,0,0,0,0,0,0,0x0800000000000000,0,0,0,0,1,0,0,2015-03-24 15:16:34,1427210194.0,15,16
2179621,59047,79917268-6a00-4e0b-baf0-91640e95a943,2015-03-24 15:16:34,informant-PC, Microsoft-Windows-Application-Experience ,Other,0,0,0,0,0,1,0,None,2704,Microsoft-Windows-Application-Experience/Program-Inventory,900,0,0,0,0,0,0,0,0,0,0,0x0800000000000000,0,0,0,0,1,0,0,2015-03-24 15:16:34,1427210194.0,15,16
2179622,59047,a6197edf-b912-48c5-9e94-360cd33e4e9b,2015-03-24 15:16:34,informant-PC, Microsoft-Windows-Application-Experience ,Other,0,0,0,0,0,1,0,None,2704,Microsoft-Windows-Application-Experience/Program-Inventory,904,0,0,0,0,0,0,0,0,0,0,0x0800000000000000,0,0,0,0,1,0,0,2015-03-24 15:16:34,1427210194.0,15,16
2179623,59047,00c1a37f-aab6-4c5f-89bf-581a3fae4cc7,2015-03-24 15:16:34,informant-PC, Microsoft-Windows-Application-Experience ,Other,0,0,0,0,0,1,0,None,2704,Microsoft-Windows-Application-Experience/Program-Inventory,900,0,0,0,0,0,0,0,0,0,0,0x0800000000000000,0,0,0,0,1,0,0,2015-03-24 15:16:34,1427210194.0,15,16
2179624,59047,9b480f62-5273-4248-b0a6-3cb9bb886342,2015-03-24 15:16:34,informant-PC, Microsoft-Windows-Application-Experience ,Other,0,0,0,0,0,1,0,None,2704,Microsoft-Windows-Application-Experience/Program-Inventory,900,0,0,0,0,0,0,0,0,0,0,0x0800000000000000,0,0,0,0,1,0,0,2015-03-24 15:16:34,1427210194.0,15,16
2179625,59047,35903b42-2df7-4af4-929e-b3dae92a3087,2015-03-24 15:16:34,informant-PC, Microsoft-Windows-Application-Experience ,Other,0,0,0,0,0,1,0,None,2704,Microsoft-Windows-Application-Experience/Program-Inventory,900,0,0,0,0,0,0,0,0,0,0,0x0800000000000000,0,0,0,0,1,0,0,2015-03-24 15:16:34,1427210194.0,15,16
2179626,59047,8e56b418-3521-4aaa-9f51-00d6fd53ab36,2015-03-24 15:16:34,informant-PC, Microsoft-Windows-Application-Experience ,Other,0,0,0,0,0,1,0,None,2704,Microsoft-Windows-Application-Experience/Program-Inventory,900,0,0,0,0,0,0,0,0,0,0,0x0800000000000000,0,0,0,0,1,0,0,2015-03-24 15:16:34,1427210194.0,15,16
2179627,59047,aa65cd35-6fe5-4aad-b2f8-31469c597dd1,2015-03-24 15:16:34,informant-PC, Microsoft-Windows-Application-Experience ,Other,0,0,0,0,0,1,0,None,2704,Microsoft-Windows-Application-Experience/Program-Inventory,900,0,0,0,0,0,0,0,0,0,0,0x0800000000000000,0,0,0,0,1,0,0,2015-03-24 15:16:34,1427210194.0,15,16
2179628,59047,60efdaeb-45af-4546-9972-de7add53776a,2015-03-24 15:16:34,informant-PC, Microsoft-Windows-Application-Experience ,Other,0,0,0,0,0,1,0,None,2704,Microsoft-Windows-Application-Experience/Program-Inventory,900,0,0,0,0,0,0,0,0,0,0,0x0800000000000000,0,0,0,0,1,0,0,2015-03-24 15:16:34,1427210194.0,15,16
2179629,59047,52f5adce-18cb-46a5-8968-e3bc6f984648,2015-03-24 15:16:34,informant-PC, Microsoft-Windows-Application-Experience ,Other,0,0,0,0,0,1,0,None,2704,Microsoft-Windows-Application-Experience/Program-Inventory,900,0,0,0,0,0,0,0,0,0,0,0x0800000000000000,0,0,0,0,1,0,0,2015-03-24 15:16:34,1427210194.0,15,16
2179630,59047,90d70009-2e34-45f3-afd7-4fbc6afd0d57,2015-03-24 15:16:34,informant-PC, Microsoft-Windows-Application-Experience ,Other,0,0,0,0,0,1,0,None,2704,Microsoft-Windows-Application-Experience/Program-Inventory,900,0,0,0,0,0,0,0,0,0,0,0x0800000000000000,0,0,0,0,1,0,0,2015-03-24 15:16:34,1427210194.0,15,16
2179631,59047,c7d2a4c7-e5cf-4207-afe5-43507dbb31ba,2015-03-24 15:16:34,informant-PC, Microsoft-Windows-Application-Experience ,Other,0,0,0,0,0,1,0,None,2704,Microsoft-Windows-Application-Experience/Program-Inventory,900,0,0,0,0,0,0,0,0,0,0,0x0800000000000000,0,0,0,0,1,0,0,2015-03-24 15:16:34,1427210194.0,15,16
2179632,59047,74af3fe2-bd2f-4d89-8f51-91b6af4e7ef0,2015-03-24 15:16:34,informant-PC, Microsoft-Windows-Application-Experience ,Other,0,0,0,0,0,1,0,None,2704,Microsoft-Windows-Application-Experience/Program-Inventory,900,0,0,0,0,0,0,0,0,0,0,0x0800000000000000,0,0,0,0,1,0,0,2015-03-24 15:16:34,1427210194.0,15,16
2179633,59047,a2eee618-1223-420c-aebc-ebd6d498678e,2015-03-24 15:16:34,informant-PC, Microsoft-Windows-Application-Experience ,Other,0,0,0,0,0,1,0,None,2704,Microsoft-Windows-Application-Experience/Program-Inventory,900,0,0,0,0,0,0,0,0,0,0,0x0800000000000000,0,0,0,0,1,0,0,2015-03-24 15:16:34,1427210194.0,15,16
2179634,59047,02c92167-03c8-465a-b486-48266aeb5d77,2015-03-24 15:16:34,informant-PC, Microsoft-Windows-Application-Experience ,Other,0,0,0,0,0,1,0,None,2704,Microsoft-Windows-Application-Experience/Program-Inventory,900,0,0,0,0,0,0,0,0,0,0,0x0800000000000000,0,0,0,0,1,0,0,2015-03-24 15:16:34,1427210194.0,15,16
2179635,59047,4a81f733-e102-4fe0-9b19-f38457441d61,2015-03-24 15:16:34,informant-PC, Microsoft-Windows-Application-Experience ,Other,0,0,0,0,0,1,0,None,2704,Microsoft-Windows-Application-Experience/Program-Inventory,904,0,0,0,0,0,0,0,0,0,0,0x0800000000000000,0,0,0,0,1,0,0,2015-03-24 15:16:34,1427210194.0,15,16
2179636,59047,a464ac81-994e-41f5-a24f-737ec5fcc63c,2015-03-24 15:16:34,informant-PC, Microsoft-Windows-Application-Experience ,Other,0,0,0,0,0,1,0,None,2704,Microsoft-Windows-Application-Experience/Program-Inventory,900,0,0,0,0,0,0,0,0,0,0,0x0800000000000000,0,0,0,0,1,0,0,2015-03-24 15:16:34,1427210194.0,15,16
2179637,59047,79a17cbd-d7f6-437b-b7c9-f3d8ba597e70,2015-03-24 15:16:34,informant-PC, Microsoft-Windows-Application-Experience ,Other,0,0,0,0,0,1,0,None,2704,Microsoft-Windows-Application-Experience/Program-Inventory,900,0,0,0,0,0,0,0,0,0,0,0x0800000000000000,0,0,0,0,1,0,0,2015-03-24 15:16:34,1427210194.0,15,16
2179638,59047,cbce0aa0-cd99-434a-8599-ad97b2a19ae1,2015-03-24 15:16:34,informant-PC, Microsoft-Windows-Application-Experience ,Other,0,0,0,0,0,1,0,None,2704,Microsoft-Windows-Application-Experience/Program-Inventory,900,0,0,0,0,0,0,0,0,0,0,0x0800000000000000,0,0,0,0,1,0,0,2015-03-24 15:16:34,1427210194.0,15,16
2179639,59047,a0c329de-995e-4ad5-9a22-bed399301665,2015-03-24 15:16:34,informant-PC, Microsoft-Windows-Application-Experience ,Other,0,0,0,0,0,1,0,None,2704,Microsoft-Windows-Application-Experience/Program-Inventory,900,0,0,0,0,0,0,0,0,0,0,0x0800000000000000,0,0,0,0,1,0,0,2015-03-24 15:16:34,1427210194.0,15,16
2179640,59047,bba36ac8-034d-4a24-a838-3c1a6f664eb0,2015-03-24 15:16:34,informant-PC, Microsoft-Windows-Application-Experience ,Other,0,0,0,0,0,1,0,None,2704,Microsoft-Windows-Application-Experience/Program-Inventory,900,0,0,0,0,0,0,0,0,0,0,0x0800000000000000,0,0,0,0,1,0,0,2015-03-24 15:16:34,1427210194.0,15,16
2179641,59047,3a91fe4e-9f7a-423d-ad7a-1f4bddbf66e2,2015-03-24 15:16:34,informant-PC, Microsoft-Windows-Application-Experience ,Other,0,0,0,0,0,1,0,None,2704,Microsoft-Windows-Application-Experience/Program-Inventory,900,0,0,0,0,0,0,0,0,0,0,0x0800000000000000,0,0,0,0,1,0,0,2015-03-24 15:16:34,1427210194.0,15,16
2179642,59047,38a70b11-8629-4084-97bc-556d4933c56b,2015-03-24 15:16:34,informant-PC, Microsoft-Windows-Application-Experience ,Other,0,0,0,0,0,1,0,None,2704,Microsoft-Windows-Application-Experience/Program-Inventory,900,0,0,0,0,0,0,0,0,0,0,0x0800000000000000,0,0,0,0,1,0,0,2015-03-24 15:16:34,1427210194.0,15,16
2179643,59047,2dcd415b-aa47-4208-b0af-fb29058f5ee7,2015-03-24 15:16:34,informant-PC, Microsoft-Windows-Application-Experience ,Other,0,0,0,0,0,1,0,None,2704,Microsoft-Windows-Application-Experience/Program-Inventory,900,0,0,0,0,0,0,0,0,0,0,0x0800000000000000,0,0,0,0,1,0,0,2015-03-24 15:16:34,1427210194.0,15,16
2179644,59047,bf7befeb-6cb4-4bfb-912e-3af94686c038,2015-03-24 15:16:34,informant-PC, Microsoft-Windows-Application-Experience ,Other,0,0,0,0,0,1,0,None,2704,Microsoft-Windows-Application-Experience/Program-Inventory,900,0,0,0,0,0,0,0,0,0,0,0x0800000000000000,0,0,0,0,1,0,0,2015-03-24 15:16:34,1427210194.0,15,16
2179645,59047,e4b260a0-7dc7-4cef-aa59-c55843796bd7,2015-03-24 15:16:34,informant-PC, Microsoft-Windows-Application-Experience ,Other,0,0,0,0,0,1,0,None,2704,Microsoft-Windows-Application-Experience/Program-Inventory,900,0,0,0,0,0,0,0,0,0,0,0x0800000000000000,0,0,0,0,1,0,0,2015-03-24 15:16:34,1427210194.0,15,16
2179646,59047,c11d1d8b-bc77-4e5a-add2-2c9b4b7c9417,2015-03-24 15:16:34,informant-PC, Microsoft-Windows-Application-Experience ,Other,0,0,0,0,0,1,0,None,2704,Microsoft-Windows-Application-Experience/Program-Inventory,900,0,0,0,0,0,0,0,0,0,0,0x0800000000000000,0,0,0,0,1,0,0,2015-03-24 15:16:34,1427210194.0,15,16
2179647,59047,406398ca-34c4-4f72-8268-4bbe321db135,2015-03-24 15:16:34,informant-PC, Microsoft-Windows-Application-Experience ,Other,0,0,0,0,0,1,0,None,2704,Microsoft-Windows-Application-Experience/Program-Inventory,900,0,0,0,0,0,0,0,0,0,0,0x0800000000000000,0,0,0,0,1,0,0,2015-03-24 15:16:34,1427210194.0,15,16
2179648,59047,ed480968-6a5d-4378-8dd5-46dc41d4c8c6,2015-03-24 15:16:34,informant-PC, Microsoft-Windows-Application-Experience ,Other,0,0,0,0,0,1,0,None,2704,Microsoft-Windows-Application-Experience/Program-Inventory,900,0,0,0,0,0,0,0,0,0,0,0x0800000000000000,0,0,0,0,1,0,0,2015-03-24 15:16:34,1427210194.0,15,16
2179649,59047,70e0b932-c9fa-4194-b76a-e5e4768f09f4,2015-03-24 15:16:34,informant-PC, Microsoft-Windows-Application-Experience ,Other,0,0,0,0,0,1,0,None,2704,Microsoft-Windows-Application-Experience/Program-Inventory,903,0,0,0,0,0,0,0,0,0,0,0x0800000000000000,0,0,0,0,1,0,0,2015-03-24 15:16:34,1427210194.0,15,16
2179650,59047,afe3ede4-7cb0-4074-9e51-d849b0884d3e,2015-03-24 15:16:34,informant-PC, Microsoft-Windows-Application-Experience ,Other,0,0,0,0,0,1,0,None,2704,Microsoft-Windows-Application-Experience/Program-Inventory,900,0,0,0,0,0,0,0,0,0,0,0x0800000000000000,0,0,0,0,1,0,0,2015-03-24 15:16:34,1427210194.0,15,16
2179651,59047,739d4ecb-ca37-4fcc-9289-98028fee6dec,2015-03-24 15:16:34,informant-PC, Microsoft-Windows-Application-Experience ,Other,0,0,0,0,0,1,0,None,2704,Microsoft-Windows-Application-Experience/Program-Inventory,900,0,0,0,0,0,0,0,0,0,0,0x0800000000000000,0,0,0,0,1,0,0,2015-03-24 15:16:34,1427210194.0,15,16
2180932,59017,40622aca-4907-4a05-8aa8-8dabed7b27b7,2015-03-24 15:16:42,informant-PC, Service Control Manager ,System,0,0,1,0,0,0,0,None,488,System,7036,0,0,0,0,0,0,0,0,0,0,0x8080000000000000,0,0,0,1,0,0,0,2015-03-24 15:16:42,1427210202.0,15,16
2180933,59017,5a7cd512-bd20-4b95-a841-9d9684e59207,2015-03-24 15:16:42,informant-PC, Service Control Manager ,System,0,0,1,0,0,0,0,None,488,System,7036,0,0,0,0,0,0,0,0,0,0,0x8080000000000000,0,0,0,1,0,0,0,2015-03-24 15:16:42,1427210202.0,15,16
2181416,59047,b3d57e80-4034-42f2-827c-2fd67f7d0e86,2015-03-24 15:16:45,informant-PC, Microsoft-Windows-Application-Experience ,Other,0,0,0,0,0,1,0,None,2704,Microsoft-Windows-Application-Experience/Program-Inventory,800,0,0,0,0,0,0,0,0,0,0,0x0800000000000000,0,0,0,0,1,0,0,2015-03-24 15:16:45,1427210205.0,15,16
2181420,59047,61d71806-5e09-4101-8858-688ecdcedc99,2015-03-24 15:16:45,informant-PC, Microsoft-Windows-Application-Experience ,Other,0,0,0,0,0,1,0,None,2704,Microsoft-Windows-Application-Experience/Program-Inventory,800,0,0,0,0,0,0,0,0,0,0,0x0800000000000000,0,0,0,0,1,0,0,2015-03-24 15:16:45,1427210205.0,15,16
2182136,59078,d0f7b533-3c55-4b10-8818-a21c09b6ca64,2015-03-24 15:17:00,informant-PC, Microsoft-Windows-KnownFolders ,Other,0,0,0,0,0,1,0,None,2920,Microsoft-Windows-Known Folders API Service,1002,0,0,0,0,0,0,0,0,0,0,0x8000000000000000,0,0,0,1,0,0,0,2015-03-24 15:17:00,1427210220.0,15,17
2182137,59078,d465161d-e254-45f4-897c-611afbd07dac,2015-03-24 15:17:00,informant-PC, Microsoft-Windows-KnownFolders ,Other,0,0,0,0,0,1,0,None,2920,Microsoft-Windows-Known Folders API Service,1002,0,0,0,0,0,0,0,0,0,0,0x8000000000000000,0,0,0,1,0,0,0,2015-03-24 15:17:00,1427210220.0,15,17
2186650,59042,5830b500-af01-4bd5-97fa-668fea619582,2015-03-24 15:18:45,informant-PC, Microsoft-Windows-GroupPolicy ,Other,0,0,0,0,0,1,0,None,888,Microsoft-Windows-GroupPolicy/Operational,5312,0,0,0,0,0,0,0,0,0,0,0x4000000000000000,0,0,1,0,0,0,0,2015-03-24 15:18:45,1427210325.0,15,18
2186651,59042,dad5147a-df67-4653-bd87-6a0b192e477f,2015-03-24 15:18:45,informant-PC, Microsoft-Windows-GroupPolicy ,Other,0,0,0,0,0,1,0,None,888,Microsoft-Windows-GroupPolicy/Operational,5313,0,0,0,0,0,0,0,0,0,0,0x4000000000000000,0,0,1,0,0,0,0,2015-03-24 15:18:45,1427210325.0,15,18
2186652,59042,946c5875-ec65-4798-b5c5-bdc946f132d2,2015-03-24 15:18:45,informant-PC, Microsoft-Windows-GroupPolicy ,Other,0,0,0,0,0,1,0,None,888,Microsoft-Windows-GroupPolicy/Operational,5311,0,0,0,0,0,0,0,0,0,0,0x4000000000000000,0,0,1,0,0,0,0,2015-03-24 15:18:45,1427210325.0,15,18
2186653,59042,f6ad9929-04ec-4d91-9481-a35c3e61d254,2015-03-24 15:18:45,informant-PC, Microsoft-Windows-GroupPolicy ,Other,0,0,0,0,0,1,0,None,888,Microsoft-Windows-GroupPolicy/Operational,5315,0,0,0,0,0,0,0,0,0,0,0x4000000000000000,0,0,1,0,0,0,0,2015-03-24 15:18:45,1427210325.0,15,18
2186654,59042,8882e559-4c9e-45ad-8275-9a2c6cf6c60b,2015-03-24 15:18:45,informant-PC, Microsoft-Windows-GroupPolicy ,Other,0,0,0,0,0,1,0,None,888,Microsoft-Windows-GroupPolicy/Operational,5320,0,0,0,0,0,0,0,0,0,0,0x4000000000000000,0,0,1,0,0,0,0,2015-03-24 15:18:45,1427210325.0,15,18
2186655,59042,e21b62cb-cdbf-432b-923c-e62ac947e240,2015-03-24 15:18:45,informant-PC, Microsoft-Windows-GroupPolicy ,Other,0,0,0,0,0,1,0,None,888,Microsoft-Windows-GroupPolicy/Operational,5313,0,0,0,0,0,0,0,0,0,0,0x4000000000000000,0,0,1,0,0,0,0,2015-03-24 15:18:45,1427210325.0,15,18
2186656,59042,3b8fe542-c169-4aad-bc27-4539a6fd08f0,2015-03-24 15:18:45,informant-PC, Microsoft-Windows-GroupPolicy ,Other,0,0,0,0,0,1,0,None,888,Microsoft-Windows-GroupPolicy/Operational,5320,0,0,0,0,0,0,0,0,0,0,0x4000000000000000,0,0,1,0,0,0,0,2015-03-24 15:18:45,1427210325.0,15,18
2186657,59042,76acb41c-3e4c-4188-9fb3-59e55ddaf21b,2015-03-24 15:18:45,informant-PC, Microsoft-Windows-GroupPolicy ,Other,0,0,0,0,0,1,0,None,888,Microsoft-Windows-GroupPolicy/Operational,8007,0,0,0,0,0,0,0,0,0,0,0x4000000000000000,0,0,1,0,0,0,0,2015-03-24 15:18:45,1427210325.0,15,18
2186658,59042,5a641b3d-a275-4b74-8093-9b806d788c6c,2015-03-24 15:18:45,informant-PC, Microsoft-Windows-GroupPolicy ,Other,0,0,0,0,0,1,0,None,888,Microsoft-Windows-GroupPolicy/Operational,8007,0,0,0,0,0,0,0,0,0,0,0x4000000000000000,0,0,1,0,0,0,0,2015-03-24 15:18:45,1427210325.0,15,18
2186659,59042,b6bd809f-26ba-4879-910e-81f97bea1aca,2015-03-24 15:18:45,informant-PC, Microsoft-Windows-GroupPolicy ,Other,0,0,0,0,0,1,0,None,888,Microsoft-Windows-GroupPolicy/Operational,4007,0,0,0,0,0,0,0,0,0,0,0x4000000000000000,0,0,1,0,0,0,0,2015-03-24 15:18:45,1427210325.0,15,18
2186660,59042,f2b7e1ab-3c5f-40de-af85-8312684a3b91,2015-03-24 15:18:45,informant-PC, Microsoft-Windows-GroupPolicy ,Other,0,0,0,0,0,1,0,None,888,Microsoft-Windows-GroupPolicy/Operational,5320,0,0,0,0,0,0,0,0,0,0,0x4000000000000000,0,0,1,0,0,0,0,2015-03-24 15:18:45,1427210325.0,15,18
2186661,59042,ab0ce7b2-060d-48b7-af69-b0df0498b2d9,2015-03-24 15:18:45,informant-PC, Microsoft-Windows-GroupPolicy ,Other,0,0,0,0,0,1,0,None,888,Microsoft-Windows-GroupPolicy/Operational,5315,0,0,0,0,0,0,0,0,0,0,0x4000000000000000,0,0,1,0,0,0,0,2015-03-24 15:18:45,1427210325.0,15,18
2186662,59042,762adeb8-7b92-4a81-bc03-f1bb24f2eea2,2015-03-24 15:18:45,informant-PC, Microsoft-Windows-GroupPolicy ,Other,0,0,0,0,0,1,0,None,888,Microsoft-Windows-GroupPolicy/Operational,5320,0,0,0,0,0,0,0,0,0,0,0x4000000000000000,0,0,1,0,0,0,0,2015-03-24 15:18:45,1427210325.0,15,18
2186663,59042,618885eb-ea6e-4ab9-908b-c47e62a0223a,2015-03-24 15:18:45,informant-PC, Microsoft-Windows-GroupPolicy ,Other,0,0,0,0,0,1,0,None,888,Microsoft-Windows-GroupPolicy/Operational,5320,0,0,0,0,0,0,0,0,0,0,0x4000000000000000,0,0,1,0,0,0,0,2015-03-24 15:18:45,1427210325.0,15,18
2186664,59042,8c3b11b4-6bf3-4c1b-abbe-05ecb318e2cb,2015-03-24 15:18:45,informant-PC, Microsoft-Windows-GroupPolicy ,Other,0,0,0,0,0,1,0,None,888,Microsoft-Windows-GroupPolicy/Operational,5312,0,0,0,0,0,0,0,0,0,0,0x4000000000000000,0,0,1,0,0,0,0,2015-03-24 15:18:45,1427210325.0,15,18
2186665,59042,d1f9fa62-5aa0-4499-9a2d-30653100d2d0,2015-03-24 15:18:45,informant-PC, Microsoft-Windows-GroupPolicy ,Other,0,0,0,0,0,1,0,None,888,Microsoft-Windows-GroupPolicy/Operational,5320,0,0,0,0,0,0,0,0,0,0,0x4000000000000000,0,0,1,0,0,0,0,2015-03-24 15:18:45,1427210325.0,15,18
2186666,59042,16d441a4-0cf9-4439-a3f8-898108b04f2c,2015-03-24 15:18:45,informant-PC, Microsoft-Windows-GroupPolicy ,Other,0,0,0,0,0,1,0,None,888,Microsoft-Windows-GroupPolicy/Operational,5311,0,0,0,0,0,0,0,0,0,0,0x4000000000000000,0,0,1,0,0,0,0,2015-03-24 15:18:45,1427210325.0,15,18
2186667,59042,abdfb21b-9770-4b5e-a9c1-074479ab1600,2015-03-24 15:18:45,informant-PC, Microsoft-Windows-GroupPolicy ,Other,0,0,0,0,0,1,0,None,888,Microsoft-Windows-GroupPolicy/Operational,4007,0,0,0,0,0,0,0,0,0,0,0x4000000000000000,0,0,1,0,0,0,0,2015-03-24 15:18:45,1427210325.0,15,18
2205972,59051,8f714fac-1294-47c0-9439-7e509136fd58,2015-03-24 15:21:15,informant-PC, Microsoft-Windows-ReadyBoost ,Other,0,0,0,0,0,1,0,None,820,Microsoft-Windows-ReadyBoost/Operational,1016,0,0,0,0,0,0,0,0,0,1016,0x8000000000002000,0,0,0,1,0,0,0,2015-03-24 15:21:15,1427210475.0,15,21
2205975,59051,a7bb84d2-5d29-4b23-ae65-0077e518a830,2015-03-24 15:21:15,informant-PC, Microsoft-Windows-ReadyBoost ,Other,0,0,0,0,0,1,0,None,820,Microsoft-Windows-ReadyBoost/Operational,1016,0,0,0,0,0,0,0,0,0,1016,0x8000000000002000,0,0,0,1,0,0,0,2015-03-24 15:21:15,1427210475.0,15,21
2207834,74593,c7de9ad0-6a13-43b7-999f-6dddf2b0c478,2015-03-24 15:21:25,informant-PC, Microsoft-Windows-LanguagePackSetup ,Other,0,0,0,0,0,1,0,None,1832,Microsoft-Windows-LanguagePackSetup/Operational,4001,0,0,0,0,0,0,0,0,0,35,0x4000000000000000,0,0,1,0,0,0,0,2015-03-24 15:21:25,1427210485.0,15,21
2207842,74593,3664e604-d79f-4115-b444-fd3d7b4f7929,2015-03-24 15:21:25,informant-PC, Microsoft-Windows-LanguagePackSetup ,Other,0,0,0,0,0,1,0,None,1832,Microsoft-Windows-LanguagePackSetup/Operational,4001,0,0,0,0,0,0,0,0,0,35,0x4000000000000000,0,0,1,0,0,0,0,2015-03-24 15:21:25,1427210485.0,15,21
2207845,22203,2c353b11-3aa0-4776-9a38-7aa3ff2e5848,2015-03-24 15:21:25,informant-PC, Microsoft-Windows-Diagnosis-Scheduled ,Other,0,0,0,0,0,1,0,None,2252,Microsoft-Windows-Diagnosis-Scheduled/Operational,5,0,0,0,0,0,0,0,0,0,0,0x8000000800000000,0,0,0,1,0,0,0,2015-03-24 15:21:25,1427210485.0,15,21
2207847,22203,5af4de85-6673-4896-82e5-26aa62e14c8d,2015-03-24 15:21:25,informant-PC, Microsoft-Windows-Diagnosis-Scheduled ,Other,0,0,0,0,0,1,0,None,2252,Microsoft-Windows-Diagnosis-Scheduled/Operational,2,0,0,0,0,0,0,0,0,0,0,0x8000000800000000,0,0,0,1,0,0,0,2015-03-24 15:21:25,1427210485.0,15,21
2207848,22203,557c9900-7820-41d2-938d-adf0a45adb75,2015-03-24 15:21:25,informant-PC, Microsoft-Windows-Diagnosis-Scheduled ,Other,0,0,0,0,0,1,0,None,2252,Microsoft-Windows-Diagnosis-Scheduled/Operational,5,0,0,0,0,0,0,0,0,0,0,0x8000000800000000,0,0,0,1,0,0,0,2015-03-24 15:21:25,1427210485.0,15,21
2207853,74593,cc45e4cc-1650-4755-8566-38b5e66a563c,2015-03-24 15:21:25,informant-PC, Microsoft-Windows-LanguagePackSetup ,Other,0,0,0,0,0,1,0,None,1832,Microsoft-Windows-LanguagePackSetup/Operational,4000,0,0,0,0,0,0,0,0,0,35,0x4000000000000000,0,0,1,0,0,0,0,2015-03-24 15:21:25,1427210485.0,15,21
2207855,22203,e58db6b6-eb0b-4ca4-bd57-6efd14572915,2015-03-24 15:21:25,informant-PC, Microsoft-Windows-Diagnosis-Scheduled ,Other,0,0,0,0,0,1,0,None,2252,Microsoft-Windows-Diagnosis-Scheduled/Operational,2,0,0,0,0,0,0,0,0,0,0,0x8000000800000000,0,0,0,1,0,0,0,2015-03-24 15:21:25,1427210485.0,15,21
2207858,74593,23331632-b255-479b-bc19-44114ef4bea5,2015-03-24 15:21:25,informant-PC, Microsoft-Windows-LanguagePackSetup ,Other,0,0,0,0,0,1,0,None,1832,Microsoft-Windows-LanguagePackSetup/Operational,4000,0,0,0,0,0,0,0,0,0,35,0x4000000000000000,0,0,1,0,0,0,0,2015-03-24 15:21:25,1427210485.0,15,21
2207860,74572,f19c2cbd-e1c6-43ce-9bc8-a4ae96eac06d,2015-03-24 15:21:25,informant-PC, Microsoft-Windows-Diagnosis-Scripted ,Other,0,0,0,0,0,1,0,None,2252,Microsoft-Windows-Diagnosis-Scripted/Operational,101,0,0,0,0,0,0,0,0,0,0,0x4000000800000000,0,0,1,0,0,0,0,2015-03-24 15:21:25,1427210485.0,15,21
2207869,74572,0631190b-b346-4bdb-af21-0c6921977573,2015-03-24 15:21:25,informant-PC, Microsoft-Windows-Diagnosis-Scripted ,Other,0,0,0,0,0,1,0,None,2252,Microsoft-Windows-Diagnosis-Scripted/Operational,101,0,0,0,0,0,0,0,0,0,0,0x4000000800000000,0,0,1,0,0,0,0,2015-03-24 15:21:25,1427210485.0,15,21
2208255,74613,a1798ef9-f250-4122-a1aa-c3539a45aaa4,2015-03-24 15:21:25,informant-PC, Microsoft-Windows-Diagnosis-Scripted ,Other,0,0,0,0,0,1,0,None,2252,Microsoft-Windows-Diagnosis-Scripted/Admin,1,0,0,0,0,0,0,0,0,0,0,0x8000000400000000,0,0,0,1,0,0,0,2015-03-24 15:21:25,1427210485.0,15,21
2208256,74613,3c7bd19a-4a83-4755-8f18-e1dc3391f598,2015-03-24 15:21:25,informant-PC, Microsoft-Windows-Diagnosis-Scripted ,Other,0,0,0,0,0,1,0,None,2252,Microsoft-Windows-Diagnosis-Scripted/Admin,1,0,0,0,0,0,0,0,0,0,0,0x8000000400000000,0,0,0,1,0,0,0,2015-03-24 15:21:25,1427210485.0,15,21
2208257,74572,288c7a5c-f1ac-475c-acf5-33b19ba37916,2015-03-24 15:21:25,informant-PC, Microsoft-Windows-Diagnosis-Scripted ,Other,0,0,0,0,0,1,0,None,2252,Microsoft-Windows-Diagnosis-Scripted/Operational,102,0,0,0,0,0,0,0,0,0,0,0x4000000800000000,0,0,1,0,0,0,0,2015-03-24 15:21:25,1427210485.0,15,21
2208259,74572,1de8cf3c-bdc3-4770-ab1c-7b0561ff6a6c,2015-03-24 15:21:25,informant-PC, Microsoft-Windows-Diagnosis-Scripted ,Other,0,0,0,0,0,1,0,None,2252,Microsoft-Windows-Diagnosis-Scripted/Operational,102,0,0,0,0,0,0,0,0,0,0,0x4000000800000000,0,0,1,0,0,0,0,2015-03-24 15:21:25,1427210485.0,15,21
2208264,22203,a39235f4-3682-4ecb-a033-cf0ac4fa0060,2015-03-24 15:21:25,informant-PC, Microsoft-Windows-Diagnosis-Scheduled ,Other,0,0,0,0,0,1,0,None,2252,Microsoft-Windows-Diagnosis-Scheduled/Operational,7,0,0,0,0,0,0,0,0,0,0,0x8000000800000000,0,0,0,1,0,0,0,2015-03-24 15:21:25,1427210485.0,15,21
2208265,22203,97366482-9287-43ed-bd0c-2626a19df80b,2015-03-24 15:21:25,informant-PC, Microsoft-Windows-Diagnosis-Scheduled ,Other,0,0,0,0,0,1,0,None,2252,Microsoft-Windows-Diagnosis-Scheduled/Operational,6,0,0,0,0,0,0,0,0,0,0,0x8000000800000000,0,0,0,1,0,0,0,2015-03-24 15:21:25,1427210485.0,15,21
2208268,22203,615be9f1-f203-4a3a-b6bd-1b697aba8468,2015-03-24 15:21:25,informant-PC, Microsoft-Windows-Diagnosis-Scheduled ,Other,0,0,0,0,0,1,0,None,2252,Microsoft-Windows-Diagnosis-Scheduled/Operational,6,0,0,0,0,0,0,0,0,0,0,0x8000000800000000,0,0,0,1,0,0,0,2015-03-24 15:21:25,1427210485.0,15,21
2208271,74572,174970cb-e880-42c3-860b-018581663dbd,2015-03-24 15:21:25,informant-PC, Microsoft-Windows-Diagnosis-Scripted ,Other,0,0,0,0,0,1,0,None,2252,Microsoft-Windows-Diagnosis-Scripted/Operational,103,0,0,0,0,0,0,0,0,0,0,0x4000000800000000,0,0,1,0,0,0,0,2015-03-24 15:21:25,1427210485.0,15,21
2208273,74572,d24b754a-0496-4995-b89e-11c989c4a735,2015-03-24 15:21:25,informant-PC, Microsoft-Windows-Diagnosis-Scripted ,Other,0,0,0,0,0,1,0,None,2252,Microsoft-Windows-Diagnosis-Scripted/Operational,103,0,0,0,0,0,0,0,0,0,0,0x4000000800000000,0,0,1,0,0,0,0,2015-03-24 15:21:25,1427210485.0,15,21
2208275,22203,6d413f87-350b-46a8-9806-3e630d02f395,2015-03-24 15:21:25,informant-PC, Microsoft-Windows-Diagnosis-Scheduled ,Other,0,0,0,0,0,1,0,None,2252,Microsoft-Windows-Diagnosis-Scheduled/Operational,7,0,0,0,0,0,0,0,0,0,0,0x8000000800000000,0,0,0,1,0,0,0,2015-03-24 15:21:25,1427210485.0,15,21
2210680,22051,afff29e4-4aa2-4cb7-af33-d44397852c11,2015-03-24 15:21:33,informant-PC, Microsoft-Windows-MUI ,Other,0,0,0,0,0,1,0,None,1408,Microsoft-Windows-MUI/Operational,3003,0,0,0,0,0,0,0,0,0,31,0x8000000000000000,0,0,0,1,0,0,0,2015-03-24 15:21:33,1427210493.0,15,21
2210698,22051,7b9743ec-de11-4a73-bdae-8a9af271c6f7,2015-03-24 15:21:33,informant-PC, Microsoft-Windows-MUI ,Other,0,0,0,0,0,1,0,None,1408,Microsoft-Windows-MUI/Operational,3003,0,0,0,0,0,0,0,0,0,31,0x8000000000000000,0,0,0,1,0,0,0,2015-03-24 15:21:33,1427210493.0,15,21
2211068,59017,956619cc-c30a-42ee-9d95-8b94f037788a,2015-03-24 15:21:36,informant-PC, Service Control Manager ,System,0,0,1,0,0,0,0,None,488,System,7036,0,0,0,0,0,0,0,0,0,0,0x8080000000000000,0,0,0,1,0,0,0,2015-03-24 15:21:36,1427210496.0,15,21
2211069,59017,3ff5826a-4001-4ae1-b9d4-b762561aad5d,2015-03-24 15:21:36,informant-PC, Service Control Manager ,System,0,0,1,0,0,0,0,None,488,System,7036,0,0,0,0,0,0,0,0,0,0,0x8080000000000000,0,0,0,1,0,0,0,2015-03-24 15:21:36,1427210496.0,15,21
2211070,59041,c4b90d1f-a7b5-45bc-9053-cc5152d1d6e7,2015-03-24 15:21:37,informant-PC, Microsoft-Windows-BranchCacheSMB ,Other,0,0,0,0,0,1,0,None,820,Microsoft-Windows-BranchCacheSMB/Operational,3005,0,0,0,0,0,0,0,0,0,0,0x8000000000000800,0,0,0,1,0,0,0,2015-03-24 15:21:37,1427210497.0,15,21
2211071,59041,e3f25fb4-d555-4ac7-b085-92deb8e31a58,2015-03-24 15:21:37,informant-PC, Microsoft-Windows-BranchCacheSMB ,Other,0,0,0,0,0,1,0,None,820,Microsoft-Windows-BranchCacheSMB/Operational,3005,0,0,0,0,0,0,0,0,0,0,0x8000000000000800,0,0,0,1,0,0,0,2015-03-24 15:21:37,1427210497.0,15,21
2211091,74572,db7e39fb-13ca-457f-a306-d00b8a44d83f,2015-03-24 15:21:37,informant-PC, Microsoft-Windows-Diagnosis-Scripted ,Other,0,0,0,0,0,1,0,None,2252,Microsoft-Windows-Diagnosis-Scripted/Operational,104,0,0,0,0,0,0,0,0,0,0,0x4000000800000000,0,0,1,0,0,0,0,2015-03-24 15:21:37,1427210497.0,15,21
2211096,22203,8843f17e-260b-43fc-bc90-162db460b2d0,2015-03-24 15:21:37,informant-PC, Microsoft-Windows-Diagnosis-Scheduled ,Other,0,0,0,0,0,1,0,None,2252,Microsoft-Windows-Diagnosis-Scheduled/Operational,8,0,0,0,0,0,0,0,0,0,0,0x8000000800000000,0,0,0,1,0,0,0,2015-03-24 15:21:37,1427210497.0,15,21
2211097,74572,01a6e9bf-3ce8-4d42-b5da-7e9badeae70b,2015-03-24 15:21:37,informant-PC, Microsoft-Windows-Diagnosis-Scripted ,Other,0,0,0,0,0,1,0,None,2252,Microsoft-Windows-Diagnosis-Scripted/Operational,104,0,0,0,0,0,0,0,0,0,0,0x4000000800000000,0,0,1,0,0,0,0,2015-03-24 15:21:37,1427210497.0,15,21
2211112,22203,272847c8-3500-4a6a-89b4-20bf15f650fc,2015-03-24 15:21:37,informant-PC, Microsoft-Windows-Diagnosis-Scheduled ,Other,0,0,0,0,0,1,0,None,2252,Microsoft-Windows-Diagnosis-Scheduled/Operational,8,0,0,0,0,0,0,0,0,0,0,0x8000000800000000,0,0,0,1,0,0,0,2015-03-24 15:21:37,1427210497.0,15,21
2211118,22203,2ebee7f7-7cec-4a45-bab1-70d0fa2f2c92,2015-03-24 15:21:37,informant-PC, Microsoft-Windows-Diagnosis-Scheduled ,Other,0,0,0,0,0,1,0,None,2252,Microsoft-Windows-Diagnosis-Scheduled/Operational,3,0,0,0,0,0,0,0,0,0,0,0x8000000800000000,0,0,0,1,0,0,0,2015-03-24 15:21:37,1427210497.0,15,21
