2031647,46,fd0d0e45-b203-469e-be85-fa58d920f740,2015-03-23 18:56:24,informant-PC, Microsoft-Windows-WindowsUpdateClient ,Other,0,0,0,0,0,1,0,None,892,Microsoft-Windows-WindowsUpdateClient/Operational,30,0,0,0,0,0,0,0,0,0,1,0x4000000000000001,0,0,1,0,0,0,0,2015-03-23 18:56:24,1427136984.0,18,56
2031648,46,1c0c7a54-ee89-4bc0-a07b-4d3b7d71318c,2015-03-23 18:56:24,informant-PC, Microsoft-Windows-WindowsUpdateClient ,Other,0,0,0,0,0,1,0,None,892,Microsoft-Windows-WindowsUpdateClient/Operational,30,0,0,0,0,0,0,0,0,0,1,0x4000000000000001,0,0,1,0,0,0,0,2015-03-23 18:56:24,1427136984.0,18,56
2031649,46,4e7a69b7-74bf-4876-a63b-6f5d8aa18924,2015-03-23 18:56:24,informant-PC, Microsoft-Windows-WindowsUpdateClient ,Other,0,0,0,0,0,1,0,None,892,Microsoft-Windows-WindowsUpdateClient/Operational,30,0,0,0,0,0,0,0,0,0,1,0x4000000000000001,0,0,1,0,0,0,0,2015-03-23 18:56:24,1427136984.0,18,56
2031650,46,96466557-69e0-49c7-a7b1-678a2aa0aaf6,2015-03-23 18:56:24,informant-PC, Microsoft-Windows-WindowsUpdateClient ,Other,0,0,0,0,0,1,0,None,892,Microsoft-Windows-WindowsUpdateClient/Operational,30,0,0,0,0,0,0,0,0,0,1,0x4000000000000001,0,0,1,0,0,0,0,2015-03-23 18:56:24,1427136984.0,18,56
2031651,46,bce52863-42f4-47b3-8f63-56229fd37871,2015-03-23 18:56:24,informant-PC, Microsoft-Windows-WindowsUpdateClient ,Other,0,0,0,0,0,1,0,None,892,Microsoft-Windows-WindowsUpdateClient/Operational,29,0,0,0,0,0,0,0,0,0,1,0x4000000000000001,0,0,1,0,0,0,0,2015-03-23 18:56:24,1427136984.0,18,56
2031652,46,d6967a82-ef32-4273-83b6-1bf4197d57af,2015-03-23 18:56:24,informant-PC, Microsoft-Windows-WindowsUpdateClient ,Other,0,0,0,0,0,1,0,None,892,Microsoft-Windows-WindowsUpdateClient/Operational,30,0,0,0,0,0,0,0,0,0,1,0x4000000000000001,0,0,1,0,0,0,0,2015-03-23 18:56:24,1427136984.0,18,56
2031653,46,3ef56ae3-35ea-4d79-96f2-70c9e32c6846,2015-03-23 18:56:24,informant-PC, Microsoft-Windows-WindowsUpdateClient ,Other,0,0,0,0,0,1,0,None,892,Microsoft-Windows-WindowsUpdateClient/Operational,30,0,0,0,0,0,0,0,0,0,1,0x4000000000000001,0,0,1,0,0,0,0,2015-03-23 18:56:24,1427136984.0,18,56
2031654,46,179fff4f-2404-42f1-b491-0bcec0313d1f,2015-03-23 18:56:24,informant-PC, Microsoft-Windows-WindowsUpdateClient ,Other,0,0,0,0,0,1,0,None,892,Microsoft-Windows-WindowsUpdateClient/Operational,30,0,0,0,0,0,0,0,0,0,1,0x4000000000000001,0,0,1,0,0,0,0,2015-03-23 18:56:24,1427136984.0,18,56
2031655,46,eb6bd84c-3cc6-4e85-a7a0-ff4e8e645569,2015-03-23 18:56:24,informant-PC, Microsoft-Windows-WindowsUpdateClient ,Other,0,0,0,0,0,1,0,None,892,Microsoft-Windows-WindowsUpdateClient/Operational,30,0,0,0,0,0,0,0,0,0,1,0x4000000000000001,0,0,1,0,0,0,0,2015-03-23 18:56:24,1427136984.0,18,56
2031656,59017,1526d1c6-3986-42e1-a7d2-67014e27d569,2015-03-23 18:56:28,informant-PC, Service Control Manager ,System,0,0,1,0,0,0,0,None,484,System,7036,0,0,0,0,0,0,0,0,0,0,0x8080000000000000,0,0,0,1,0,0,0,2015-03-23 18:56:28,1427136988.0,18,56
2031657,59017,ca57248d-06e3-4d97-ad29-29a21b06ecc4,2015-03-23 18:56:28,informant-PC, Service Control Manager ,System,0,0,1,0,0,0,0,None,484,System,7036,0,0,0,0,0,0,0,0,0,0,0x8080000000000000,0,0,0,1,0,0,0,2015-03-23 18:56:28,1427136988.0,18,56
2031674,59018,e6566101-30a2-424b-8073-80af6bfed685,2015-03-23 18:56:43,informant-PC, Outlook ,Application,0,1,0,0,0,0,0,None,None,Application,26,0,0,0,0,0,0,0,0,0,0,0x0080000000000000,0,0,0,0,0,0,0,2015-03-23 18:56:43,1427137003.0,18,56
2031675,59018,6a6ece2f-d73a-40bb-a63e-b3ed0c987893,2015-03-23 18:56:43,informant-PC, Outlook ,Application,0,1,0,0,0,0,0,None,None,Application,26,0,0,0,0,0,0,0,0,0,0,0x0080000000000000,0,0,0,0,0,0,0,2015-03-23 18:56:43,1427137003.0,18,56
2031700,59018,5005e8fd-02fc-400d-8bc4-df43f9edd708,2015-03-23 18:56:49,informant-PC, Outlook ,Application,0,1,0,0,0,0,0,None,None,Application,26,0,0,0,0,0,0,0,0,0,0,0x0080000000000000,0,0,0,0,0,0,0,2015-03-23 18:56:49,1427137009.0,18,56
2031701,59018,f15fb717-3315-4e7d-a88b-92fc05a39d18,2015-03-23 18:56:49,informant-PC, Outlook ,Application,0,1,0,0,0,0,0,None,None,Application,26,0,0,0,0,0,0,0,0,0,0,0x0080000000000000,0,0,0,0,0,0,0,2015-03-23 18:56:49,1427137009.0,18,56
2031726,59017,f0546b62-06a6-4416-bf12-c5d0b91e6efb,2015-03-23 18:57:00,informant-PC, Service Control Manager ,System,0,0,1,0,0,0,0,None,484,System,7040,0,0,0,0,0,0,0,0,0,0,0x8080000000000000,0,0,0,1,0,0,0,2015-03-23 18:57:00,1427137020.0,18,57
2031727,59017,6ae26f9f-e83a-4e60-b57d-5252c6b20d2d,2015-03-23 18:57:00,informant-PC, Service Control Manager ,System,0,0,1,0,0,0,0,None,484,System,7040,0,0,0,0,0,0,0,0,0,0,0x8080000000000000,0,0,0,1,0,0,0,2015-03-23 18:57:00,1427137020.0,18,57
2031728,59017,d75016bc-008b-46ca-9a98-3a5f4381b3f1,2015-03-23 18:57:01,informant-PC, Service Control Manager ,System,0,0,1,0,0,0,0,None,484,System,7036,0,0,0,0,0,0,0,0,0,0,0x8080000000000000,0,0,0,1,0,0,0,2015-03-23 18:57:01,1427137021.0,18,57
2031729,59017,54faa13e-c6a7-4c45-82f5-1724c3cc01e6,2015-03-23 18:57:01,informant-PC, Service Control Manager ,System,0,0,1,0,0,0,0,None,484,System,7036,0,0,0,0,0,0,0,0,0,0,0x8080000000000000,0,0,0,1,0,0,0,2015-03-23 18:57:01,1427137021.0,18,57
2031730,59017,ece9a8af-bdc4-4c96-8b21-a3eaedd51e2b,2015-03-23 18:57:01,informant-PC, Microsoft-Windows-Time-Service ,System,0,0,1,0,0,0,0,None,856,System,37,0,0,0,0,0,0,0,0,0,0,0x8000000000000000,0,0,0,1,0,0,0,2015-03-23 18:57:01,1427137021.0,18,57
2031731,59017,1c679d8f-dc2e-4b99-92b6-38b1e3f3bdcf,2015-03-23 18:57:01,informant-PC, Microsoft-Windows-Time-Service ,System,0,0,1,0,0,0,0,None,856,System,37,0,0,0,0,0,0,0,0,0,0,0x8000000000000000,0,0,0,1,0,0,0,2015-03-23 18:57:01,1427137021.0,18,57
2031732,59017,326d04d6-eea8-4d4a-be54-70f2cc4810a3,2015-03-23 19:08:15,informant-PC, Microsoft-Windows-Time-Service ,System,0,0,1,0,0,0,0,None,856,System,35,0,0,0,0,0,0,0,0,0,0,0x8000000000000000,0,0,0,1,0,0,0,2015-03-23 19:08:15,1427137695.0,19,8
2031733,59017,9bb3ff30-d6df-4eb7-89ad-7608b55e924f,2015-03-23 19:08:15,informant-PC, Microsoft-Windows-Time-Service ,System,0,0,1,0,0,0,0,None,856,System,35,0,0,0,0,0,0,0,0,0,0,0x8000000000000000,0,0,0,1,0,0,0,2015-03-23 19:08:15,1427137695.0,19,8
2031734,59019,27c5dcfa-a394-45e2-9812-e593150d9328,2015-03-23 19:08:15,informant-PC, Microsoft-Windows-Security-Auditing ,Security,1,0,0,0,0,0,0,None,4,Security,4616,0,0,0,0,0,0,0,0,1,12288,0x8020000000000000,0,0,0,1,0,0,0,2015-03-23 19:08:15,1427137695.0,19,8
2031735,59017,1ea60dc2-a6f5-47f0-95a7-f1a9064f6bb4,2015-03-23 19:08:15,informant-PC, Microsoft-Windows-Kernel-General ,System,0,0,1,0,0,0,0,None,856,System,1,0,0,0,0,0,0,0,0,0,0,0x8000000000000010,0,0,0,1,0,0,0,2015-03-23 19:08:15,1427137695.0,19,8
2031736,59017,b943f896-6a57-4cce-b0c5-495d183a0ca5,2015-03-23 19:08:15,informant-PC, Microsoft-Windows-Kernel-General ,System,0,0,1,0,0,0,0,None,856,System,1,0,0,0,0,0,0,0,0,0,0,0x8000000000000010,0,0,0,1,0,0,0,2015-03-23 19:08:15,1427137695.0,19,8
2031737,59019,5822e788-3a80-499f-b17c-df67e25ad5a9,2015-03-23 19:08:15,informant-PC, Microsoft-Windows-Security-Auditing ,Security,1,0,0,0,0,0,0,None,4,Security,4616,0,0,0,0,0,0,0,0,1,12288,0x8020000000000000,0,0,0,1,0,0,0,2015-03-23 19:08:15,1427137695.0,19,8
2031738,59017,7324a5e3-2ed1-41d3-bf40-9980bc41fb64,2015-03-23 19:08:15,informant-PC, Microsoft-Windows-Kernel-General ,System,0,0,1,0,0,0,0,None,856,System,1,0,0,0,0,0,0,0,0,0,0,0x8000000000000010,0,0,0,1,0,0,0,2015-03-23 19:08:15,1427137695.0,19,8
2031739,59017,62b9d206-d830-4ff2-b0ea-f6592c117dcd,2015-03-23 19:08:15,informant-PC, Microsoft-Windows-Kernel-General ,System,0,0,1,0,0,0,0,None,856,System,1,0,0,0,0,0,0,0,0,0,0,0x8000000000000010,0,0,0,1,0,0,0,2015-03-23 19:08:15,1427137695.0,19,8
2031740,59019,31ddeaa9-cee7-48cb-a991-87554ad82aa6,2015-03-23 19:08:15,informant-PC, Microsoft-Windows-Security-Auditing ,Security,1,0,0,0,0,0,0,None,4,Security,4616,0,0,0,0,0,0,0,0,1,12288,0x8020000000000000,0,0,0,1,0,0,0,2015-03-23 19:08:15,1427137695.0,19,8
2031741,59019,f7a7aaea-bccf-44e7-b2f7-76ffbe2c0f9b,2015-03-23 19:08:15,informant-PC, Microsoft-Windows-Security-Auditing ,Security,1,0,0,0,0,0,0,None,4,Security,4616,0,0,0,0,0,0,0,0,1,12288,0x8020000000000000,0,0,0,1,0,0,0,2015-03-23 19:08:15,1427137695.0,19,8
2031806,59042,665c15e8-7dd0-4b25-848f-51d4d3ddd2fc,2015-03-23 19:08:40,informant-PC, Microsoft-Windows-GroupPolicy ,Other,0,0,0,0,0,1,0,None,892,Microsoft-Windows-GroupPolicy/Operational,4006,0,0,0,0,0,0,0,0,0,0,0x4000000000000000,0,0,1,0,0,0,0,2015-03-23 19:08:40,1427137720.0,19,8
2031807,59042,8b90b907-d7c0-4329-a4e9-b13dfa8c430c,2015-03-23 19:08:40,informant-PC, Microsoft-Windows-GroupPolicy ,Other,0,0,0,0,0,1,0,None,892,Microsoft-Windows-GroupPolicy/Operational,4006,0,0,0,0,0,0,0,0,0,0,0x4000000000000000,0,0,1,0,0,0,0,2015-03-23 19:08:40,1427137720.0,19,8
2031808,59042,8693ea64-5223-4967-ae0e-6181c74c001e,2015-03-23 19:08:40,informant-PC, Microsoft-Windows-GroupPolicy ,Other,0,0,0,0,0,1,0,None,892,Microsoft-Windows-GroupPolicy/Operational,5313,0,0,0,0,0,0,0,0,0,0,0x4000000000000000,0,0,1,0,0,0,0,2015-03-23 19:08:40,1427137720.0,19,8
2031809,59042,b9f35e45-4ff8-480e-be3e-0ddfd412018d,2015-03-23 19:08:40,informant-PC, Microsoft-Windows-GroupPolicy ,Other,0,0,0,0,0,1,0,None,892,Microsoft-Windows-GroupPolicy/Operational,5311,0,0,0,0,0,0,0,0,0,0,0x4000000000000000,0,0,1,0,0,0,0,2015-03-23 19:08:40,1427137720.0,19,8
2031810,59042,8c98d3a1-5ba7-4d3d-996d-078758e9e8e7,2015-03-23 19:08:40,informant-PC, Microsoft-Windows-GroupPolicy ,Other,0,0,0,0,0,1,0,None,892,Microsoft-Windows-GroupPolicy/Operational,5312,0,0,0,0,0,0,0,0,0,0,0x4000000000000000,0,0,1,0,0,0,0,2015-03-23 19:08:40,1427137720.0,19,8
2031811,59042,a0cd0ac5-d921-41ca-853d-574f5790d51c,2015-03-23 19:08:40,informant-PC, Microsoft-Windows-GroupPolicy ,Other,0,0,0,0,0,1,0,None,892,Microsoft-Windows-GroupPolicy/Operational,5312,0,0,0,0,0,0,0,0,0,0,0x4000000000000000,0,0,1,0,0,0,0,2015-03-23 19:08:40,1427137720.0,19,8
2031812,59042,1583b6a0-7b2a-4a2a-a56f-1de6c15d17a8,2015-03-23 19:08:40,informant-PC, Microsoft-Windows-GroupPolicy ,Other,0,0,0,0,0,1,0,None,892,Microsoft-Windows-GroupPolicy/Operational,5313,0,0,0,0,0,0,0,0,0,0,0x4000000000000000,0,0,1,0,0,0,0,2015-03-23 19:08:40,1427137720.0,19,8
2031813,59042,92e2985e-c853-4044-bd5c-00d374eb768c,2015-03-23 19:08:40,informant-PC, Microsoft-Windows-GroupPolicy ,Other,0,0,0,0,0,1,0,None,892,Microsoft-Windows-GroupPolicy/Operational,5311,0,0,0,0,0,0,0,0,0,0,0x4000000000000000,0,0,1,0,0,0,0,2015-03-23 19:08:40,1427137720.0,19,8
2031814,59042,f69533b1-e5a3-4f28-8eed-0a569d68c36e,2015-03-23 19:08:40,informant-PC, Microsoft-Windows-GroupPolicy ,Other,0,0,0,0,0,1,0,None,892,Microsoft-Windows-GroupPolicy/Operational,5320,0,0,0,0,0,0,0,0,0,0,0x4000000000000000,0,0,1,0,0,0,0,2015-03-23 19:08:40,1427137720.0,19,8
2031815,59042,551a7c1b-ffe1-4eb4-a1ef-b72c3b1e5380,2015-03-23 19:08:40,informant-PC, Microsoft-Windows-GroupPolicy ,Other,0,0,0,0,0,1,0,None,892,Microsoft-Windows-GroupPolicy/Operational,5320,0,0,0,0,0,0,0,0,0,0,0x4000000000000000,0,0,1,0,0,0,0,2015-03-23 19:08:40,1427137720.0,19,8
2031816,59042,d6faac45-a16c-4505-a059-ded3572561f1,2015-03-23 19:08:40,informant-PC, Microsoft-Windows-GroupPolicy ,Other,0,0,0,0,0,1,0,None,892,Microsoft-Windows-GroupPolicy/Operational,5320,0,0,0,0,0,0,0,0,0,0,0x4000000000000000,0,0,1,0,0,0,0,2015-03-23 19:08:40,1427137720.0,19,8
2031817,59042,e94d29cb-2add-4801-98af-70df92eed59e,2015-03-23 19:08:40,informant-PC, Microsoft-Windows-GroupPolicy ,Other,0,0,0,0,0,1,0,None,892,Microsoft-Windows-GroupPolicy/Operational,8006,0,0,0,0,0,0,0,0,0,0,0x4000000000000000,0,0,1,0,0,0,0,2015-03-23 19:08:40,1427137720.0,19,8
2031818,59042,2e3a97d3-f57a-4cbd-8907-def6dc498fe4,2015-03-23 19:08:40,informant-PC, Microsoft-Windows-GroupPolicy ,Other,0,0,0,0,0,1,0,None,892,Microsoft-Windows-GroupPolicy/Operational,5320,0,0,0,0,0,0,0,0,0,0,0x4000000000000000,0,0,1,0,0,0,0,2015-03-23 19:08:40,1427137720.0,19,8
2031819,59042,fb8e1dce-3ac9-4f57-819b-e6bb4d274969,2015-03-23 19:08:40,informant-PC, Microsoft-Windows-GroupPolicy ,Other,0,0,0,0,0,1,0,None,892,Microsoft-Windows-GroupPolicy/Operational,5320,0,0,0,0,0,0,0,0,0,0,0x4000000000000000,0,0,1,0,0,0,0,2015-03-23 19:08:40,1427137720.0,19,8
2031820,59042,eec13d92-d451-49e6-b92a-f44c01b3f695,2015-03-23 19:08:40,informant-PC, Microsoft-Windows-GroupPolicy ,Other,0,0,0,0,0,1,0,None,892,Microsoft-Windows-GroupPolicy/Operational,5320,0,0,0,0,0,0,0,0,0,0,0x4000000000000000,0,0,1,0,0,0,0,2015-03-23 19:08:40,1427137720.0,19,8
2031821,59042,2f666056-d1b8-4315-8b8b-98faa8456fbf,2015-03-23 19:08:40,informant-PC, Microsoft-Windows-GroupPolicy ,Other,0,0,0,0,0,1,0,None,892,Microsoft-Windows-GroupPolicy/Operational,8006,0,0,0,0,0,0,0,0,0,0,0x4000000000000000,0,0,1,0,0,0,0,2015-03-23 19:08:40,1427137720.0,19,8
2031822,59042,2af0e56f-fd3f-4dda-8616-6341c5149cfd,2015-03-23 19:08:40,informant-PC, Microsoft-Windows-GroupPolicy ,Other,0,0,0,0,0,1,0,None,892,Microsoft-Windows-GroupPolicy/Operational,5315,0,0,0,0,0,0,0,0,0,0,0x4000000000000000,0,0,1,0,0,0,0,2015-03-23 19:08:40,1427137720.0,19,8
2031823,59042,7b712870-5a6e-43b7-98a7-24b506098356,2015-03-23 19:08:40,informant-PC, Microsoft-Windows-GroupPolicy ,Other,0,0,0,0,0,1,0,None,892,Microsoft-Windows-GroupPolicy/Operational,5315,0,0,0,0,0,0,0,0,0,0,0x4000000000000000,0,0,1,0,0,0,0,2015-03-23 19:08:40,1427137720.0,19,8
2031837,59017,34e0bd9d-195e-4cbf-92dc-59777098a61e,2015-03-23 19:08:46,informant-PC, Service Control Manager ,System,0,0,1,0,0,0,0,None,484,System,7040,0,0,0,0,0,0,0,0,0,0,0x8080000000000000,0,0,0,1,0,0,0,2015-03-23 19:08:46,1427137726.0,19,8
2031845,59017,4093a5c3-1a26-43b1-b978-5a45285f02f7,2015-03-23 19:08:46,informant-PC, Service Control Manager ,System,0,0,1,0,0,0,0,None,484,System,7040,0,0,0,0,0,0,0,0,0,0,0x8080000000000000,0,0,0,1,0,0,0,2015-03-23 19:08:46,1427137726.0,19,8
2031851,59017,378e2fd9-768e-47fa-aa00-a6c89760b165,2015-03-23 19:08:46,informant-PC, Microsoft-Windows-Kernel-General ,System,0,0,1,0,0,0,0,None,856,System,1,0,0,0,0,0,0,0,0,0,0,0x8000000000000010,0,0,0,1,0,0,0,2015-03-23 19:08:46,1427137726.0,19,8
2031852,59017,353481f5-8d84-4549-bb3f-1a93f1123095,2015-03-23 19:08:46,informant-PC, Service Control Manager ,System,0,0,1,0,0,0,0,None,484,System,7036,0,0,0,0,0,0,0,0,0,0,0x8080000000000000,0,0,0,1,0,0,0,2015-03-23 19:08:46,1427137726.0,19,8
2031853,59017,92bced4b-df30-4ee8-a842-8f581f4f0ddc,2015-03-23 19:08:46,informant-PC, Service Control Manager ,System,0,0,1,0,0,0,0,None,484,System,7036,0,0,0,0,0,0,0,0,0,0,0x8080000000000000,0,0,0,1,0,0,0,2015-03-23 19:08:46,1427137726.0,19,8
2031858,59019,0f8f8a25-1dcb-4801-9cb6-529393d37a6f,2015-03-23 19:08:46,informant-PC, Microsoft-Windows-Security-Auditing ,Security,1,0,0,0,0,0,0,None,4,Security,4616,0,0,0,0,0,0,0,0,1,12288,0x8020000000000000,0,0,0,1,0,0,0,2015-03-23 19:08:46,1427137726.0,19,8
2031860,59019,09fdf6dc-b6d7-4da1-afd6-72d171b4f58d,2015-03-23 19:08:46,informant-PC, Microsoft-Windows-Security-Auditing ,Security,1,0,0,0,0,0,0,None,4,Security,4616,0,0,0,0,0,0,0,0,1,12288,0x8020000000000000,0,0,0,1,0,0,0,2015-03-23 19:08:46,1427137726.0,19,8
2031861,59017,66eddb4f-1801-43cc-b9d4-688aa78552f5,2015-03-23 19:08:46,informant-PC, Microsoft-Windows-Kernel-General ,System,0,0,1,0,0,0,0,None,856,System,1,0,0,0,0,0,0,0,0,0,0,0x8000000000000010,0,0,0,1,0,0,0,2015-03-23 19:08:46,1427137726.0,19,8
2031947,59017,2a033073-961a-4060-9819-be63a0a09d61,2015-03-23 19:16:05,informant-PC, Service Control Manager ,System,0,0,1,0,0,0,0,None,484,System,7036,0,0,0,0,0,0,0,0,0,0,0x8080000000000000,0,0,0,1,0,0,0,2015-03-23 19:16:05,1427138165.0,19,16
2031948,59017,a4d35ec4-539c-4edb-968c-1f9215c5d38c,2015-03-23 19:16:05,informant-PC, Service Control Manager ,System,0,0,1,0,0,0,0,None,484,System,7036,0,0,0,0,0,0,0,0,0,0,0x8080000000000000,0,0,0,1,0,0,0,2015-03-23 19:16:05,1427138165.0,19,16
2031973,59017,e77923ee-accb-4d90-99e5-001f411c022f,2015-03-23 19:17:00,informant-PC, Service Control Manager ,System,0,0,1,0,0,0,0,None,484,System,7036,0,0,0,0,0,0,0,0,0,0,0x8080000000000000,0,0,0,1,0,0,0,2015-03-23 19:17:00,1427138220.0,19,17
2031974,59017,336643ba-df65-40e8-b049-bb18b8b94a95,2015-03-23 19:17:00,informant-PC, Service Control Manager ,System,0,0,1,0,0,0,0,None,484,System,7036,0,0,0,0,0,0,0,0,0,0,0x8080000000000000,0,0,0,1,0,0,0,2015-03-23 19:17:00,1427138220.0,19,17
2032072,59017,e82e72c4-81e7-41a8-bc69-d2feed39bce9,2015-03-23 19:20:06,informant-PC, Service Control Manager ,System,0,0,1,0,0,0,0,None,484,System,7040,0,0,0,0,0,0,0,0,0,0,0x8080000000000000,0,0,0,1,0,0,0,2015-03-23 19:20:06,1427138406.0,19,20
2032073,59017,e638b725-f3d6-4a78-991d-33fdfe6d5ee0,2015-03-23 19:20:06,informant-PC, Service Control Manager ,System,0,0,1,0,0,0,0,None,484,System,7040,0,0,0,0,0,0,0,0,0,0,0x8080000000000000,0,0,0,1,0,0,0,2015-03-23 19:20:06,1427138406.0,19,20
2032076,59017,ed8c910b-f967-48fb-9e3c-ff344184bdeb,2015-03-23 19:21:07,informant-PC, Service Control Manager ,System,0,0,1,0,0,0,0,None,484,System,7036,0,0,0,0,0,0,0,0,0,0,0x8080000000000000,0,0,0,1,0,0,0,2015-03-23 19:21:07,1427138467.0,19,21
2032077,59017,e8b38821-b143-4083-a6d0-884c98a9e31a,2015-03-23 19:21:07,informant-PC, Service Control Manager ,System,0,0,1,0,0,0,0,None,484,System,7036,0,0,0,0,0,0,0,0,0,0,0x8080000000000000,0,0,0,1,0,0,0,2015-03-23 19:21:07,1427138467.0,19,21
2032085,59017,f5f79cb8-e77b-4197-9d88-4dda56df48a6,2015-03-23 19:22:01,informant-PC, Service Control Manager ,System,0,0,1,0,0,0,0,None,484,System,7036,0,0,0,0,0,0,0,0,0,0,0x8080000000000000,0,0,0,1,0,0,0,2015-03-23 19:22:01,1427138521.0,19,22
2032086,59017,5a23d412-fb78-4f0c-a4ed-338351d56e7b,2015-03-23 19:22:01,informant-PC, Service Control Manager ,System,0,0,1,0,0,0,0,None,484,System,7036,0,0,0,0,0,0,0,0,0,0,0x8080000000000000,0,0,0,1,0,0,0,2015-03-23 19:22:01,1427138521.0,19,22
2032119,59017,aa9a187f-68f3-435d-a9a8-1edd5e2ea76c,2015-03-23 19:27:00,informant-PC, Service Control Manager ,System,0,0,1,0,0,0,0,None,484,System,7036,0,0,0,0,0,0,0,0,0,0,0x8080000000000000,0,0,0,1,0,0,0,2015-03-23 19:27:00,1427138820.0,19,27
2032120,59017,ee056a2f-8c26-44b3-9696-0f369a4fd096,2015-03-23 19:27:00,informant-PC, Service Control Manager ,System,0,0,1,0,0,0,0,None,484,System,7036,0,0,0,0,0,0,0,0,0,0,0x8080000000000000,0,0,0,1,0,0,0,2015-03-23 19:27:00,1427138820.0,19,27
2032121,59017,971347a4-f9e9-4447-a26f-4a24a1be1eb8,2015-03-23 19:27:02,informant-PC, Service Control Manager ,System,0,0,1,0,0,0,0,None,484,System,7036,0,0,0,0,0,0,0,0,0,0,0x8080000000000000,0,0,0,1,0,0,0,2015-03-23 19:27:02,1427138822.0,19,27
2032122,59017,d1d5faae-6b8b-4ad4-9f0e-24254fb4bb11,2015-03-23 19:27:02,informant-PC, Service Control Manager ,System,0,0,1,0,0,0,0,None,484,System,7036,0,0,0,0,0,0,0,0,0,0,0x8080000000000000,0,0,0,1,0,0,0,2015-03-23 19:27:02,1427138822.0,19,27
2032185,59042,76f04631-591e-47b0-bfbd-41a8aa3d8242,2015-03-23 19:34:56,informant-PC, Microsoft-Windows-GroupPolicy ,Other,0,0,0,0,0,1,0,None,892,Microsoft-Windows-GroupPolicy/Operational,5311,0,0,0,0,0,0,0,0,0,0,0x4000000000000000,0,0,1,0,0,0,0,2015-03-23 19:34:56,1427139296.0,19,34
2032186,59042,bf9193b3-6a09-4d75-817a-22ee3b9e497b,2015-03-23 19:34:56,informant-PC, Microsoft-Windows-GroupPolicy ,Other,0,0,0,0,0,1,0,None,892,Microsoft-Windows-GroupPolicy/Operational,4007,0,0,0,0,0,0,0,0,0,0,0x4000000000000000,0,0,1,0,0,0,0,2015-03-23 19:34:56,1427139296.0,19,34
2032187,59042,40b7ba96-6e8f-494f-8b23-942870d6c5af,2015-03-23 19:34:56,informant-PC, Microsoft-Windows-GroupPolicy ,Other,0,0,0,0,0,1,0,None,892,Microsoft-Windows-GroupPolicy/Operational,5311,0,0,0,0,0,0,0,0,0,0,0x4000000000000000,0,0,1,0,0,0,0,2015-03-23 19:34:56,1427139296.0,19,34
2032188,59042,d29155ba-6cc7-4aa8-90ed-9e25051cdfba,2015-03-23 19:34:56,informant-PC, Microsoft-Windows-GroupPolicy ,Other,0,0,0,0,0,1,0,None,892,Microsoft-Windows-GroupPolicy/Operational,4007,0,0,0,0,0,0,0,0,0,0,0x4000000000000000,0,0,1,0,0,0,0,2015-03-23 19:34:56,1427139296.0,19,34
2032189,59042,8a585fdc-91a4-40b6-822f-256260e90898,2015-03-23 19:34:56,informant-PC, Microsoft-Windows-GroupPolicy ,Other,0,0,0,0,0,1,0,None,892,Microsoft-Windows-GroupPolicy/Operational,5315,0,0,0,0,0,0,0,0,0,0,0x4000000000000000,0,0,1,0,0,0,0,2015-03-23 19:34:56,1427139296.0,19,34
2032190,59042,7bcc20d4-1039-419a-ac7d-d100c3895c30,2015-03-23 19:34:56,informant-PC, Microsoft-Windows-GroupPolicy ,Other,0,0,0,0,0,1,0,None,892,Microsoft-Windows-GroupPolicy/Operational,5313,0,0,0,0,0,0,0,0,0,0,0x4000000000000000,0,0,1,0,0,0,0,2015-03-23 19:34:56,1427139296.0,19,34
2032191,59042,8b0cbda5-c708-4044-92a7-1c43137e59fd,2015-03-23 19:34:56,informant-PC, Microsoft-Windows-GroupPolicy ,Other,0,0,0,0,0,1,0,None,892,Microsoft-Windows-GroupPolicy/Operational,8007,0,0,0,0,0,0,0,0,0,0,0x4000000000000000,0,0,1,0,0,0,0,2015-03-23 19:34:56,1427139296.0,19,34
2032192,59042,81a269d1-a2f3-4232-9f3c-89670d932f53,2015-03-23 19:34:56,informant-PC, Microsoft-Windows-GroupPolicy ,Other,0,0,0,0,0,1,0,None,892,Microsoft-Windows-GroupPolicy/Operational,5320,0,0,0,0,0,0,0,0,0,0,0x4000000000000000,0,0,1,0,0,0,0,2015-03-23 19:34:56,1427139296.0,19,34
2032193,59042,a0ef0eff-7346-42c6-8103-d884fc9456a0,2015-03-23 19:34:56,informant-PC, Microsoft-Windows-GroupPolicy ,Other,0,0,0,0,0,1,0,None,892,Microsoft-Windows-GroupPolicy/Operational,5320,0,0,0,0,0,0,0,0,0,0,0x4000000000000000,0,0,1,0,0,0,0,2015-03-23 19:34:56,1427139296.0,19,34
2032194,59042,3944b3b6-39d2-4aa9-853e-7ba096c4db3d,2015-03-23 19:34:56,informant-PC, Microsoft-Windows-GroupPolicy ,Other,0,0,0,0,0,1,0,None,892,Microsoft-Windows-GroupPolicy/Operational,5320,0,0,0,0,0,0,0,0,0,0,0x4000000000000000,0,0,1,0,0,0,0,2015-03-23 19:34:56,1427139296.0,19,34
2032195,59042,04dfc098-d615-4b7f-ba11-c3588e330c3f,2015-03-23 19:34:56,informant-PC, Microsoft-Windows-GroupPolicy ,Other,0,0,0,0,0,1,0,None,892,Microsoft-Windows-GroupPolicy/Operational,5313,0,0,0,0,0,0,0,0,0,0,0x4000000000000000,0,0,1,0,0,0,0,2015-03-23 19:34:56,1427139296.0,19,34
2032196,59042,5f335114-e619-4554-acc1-28ab40757718,2015-03-23 19:34:56,informant-PC, Microsoft-Windows-GroupPolicy ,Other,0,0,0,0,0,1,0,None,892,Microsoft-Windows-GroupPolicy/Operational,5320,0,0,0,0,0,0,0,0,0,0,0x4000000000000000,0,0,1,0,0,0,0,2015-03-23 19:34:56,1427139296.0,19,34
2032197,59042,f1a24fe8-9408-43ff-bc6d-7c509c13882d,2015-03-23 19:34:56,informant-PC, Microsoft-Windows-GroupPolicy ,Other,0,0,0,0,0,1,0,None,892,Microsoft-Windows-GroupPolicy/Operational,5312,0,0,0,0,0,0,0,0,0,0,0x4000000000000000,0,0,1,0,0,0,0,2015-03-23 19:34:56,1427139296.0,19,34
2032198,59042,fb92c445-3782-4876-82dd-9c943e10b650,2015-03-23 19:34:56,informant-PC, Microsoft-Windows-GroupPolicy ,Other,0,0,0,0,0,1,0,None,892,Microsoft-Windows-GroupPolicy/Operational,5312,0,0,0,0,0,0,0,0,0,0,0x4000000000000000,0,0,1,0,0,0,0,2015-03-23 19:34:56,1427139296.0,19,34
2032199,59042,22453a6d-7f13-43bd-b7ff-fdc447c011a5,2015-03-23 19:34:56,informant-PC, Microsoft-Windows-GroupPolicy ,Other,0,0,0,0,0,1,0,None,892,Microsoft-Windows-GroupPolicy/Operational,5320,0,0,0,0,0,0,0,0,0,0,0x4000000000000000,0,0,1,0,0,0,0,2015-03-23 19:34:56,1427139296.0,19,34
2032200,59042,6dac3e30-45fd-4072-8ef4-505f95e07d29,2015-03-23 19:34:56,informant-PC, Microsoft-Windows-GroupPolicy ,Other,0,0,0,0,0,1,0,None,892,Microsoft-Windows-GroupPolicy/Operational,5320,0,0,0,0,0,0,0,0,0,0,0x4000000000000000,0,0,1,0,0,0,0,2015-03-23 19:34:56,1427139296.0,19,34
2032201,59042,80a0e565-9b7d-4163-958b-04b2241b3fed,2015-03-23 19:34:56,informant-PC, Microsoft-Windows-GroupPolicy ,Other,0,0,0,0,0,1,0,None,892,Microsoft-Windows-GroupPolicy/Operational,8007,0,0,0,0,0,0,0,0,0,0,0x4000000000000000,0,0,1,0,0,0,0,2015-03-23 19:34:56,1427139296.0,19,34
2032202,59042,dd3b32ce-2fe5-4588-a566-3bb1efee1475,2015-03-23 19:34:56,informant-PC, Microsoft-Windows-GroupPolicy ,Other,0,0,0,0,0,1,0,None,892,Microsoft-Windows-GroupPolicy/Operational,5315,0,0,0,0,0,0,0,0,0,0,0x4000000000000000,0,0,1,0,0,0,0,2015-03-23 19:34:56,1427139296.0,19,34
2032203,59041,46288778-df17-4959-8aee-bd4e6a0e6644,2015-03-23 19:35:39,informant-PC, Microsoft-Windows-BranchCacheSMB ,Other,0,0,0,0,0,1,0,None,804,Microsoft-Windows-BranchCacheSMB/Operational,3005,0,0,0,0,0,0,0,0,0,0,0x8000000000000800,0,0,0,1,0,0,0,2015-03-23 19:35:39,1427139339.0,19,35
2032204,59041,9fec687a-d209-43f6-9581-455a61f9ae8a,2015-03-23 19:35:39,informant-PC, Microsoft-Windows-BranchCacheSMB ,Other,0,0,0,0,0,1,0,None,804,Microsoft-Windows-BranchCacheSMB/Operational,3005,0,0,0,0,0,0,0,0,0,0,0x8000000000000800,0,0,0,1,0,0,0,2015-03-23 19:35:39,1427139339.0,19,35
2033137,59017,30e0f29d-0019-49bd-aa41-aa3e135bddfa,2015-03-23 19:47:58,informant-PC, Service Control Manager ,System,0,0,1,0,0,0,0,None,484,System,7036,0,0,0,0,0,0,0,0,0,0,0x8080000000000000,0,0,0,1,0,0,0,2015-03-23 19:47:58,1427140078.0,19,47
2033138,59017,133605cb-64ab-4ae9-9bcf-e35fba0202a6,2015-03-23 19:47:58,informant-PC, Service Control Manager ,System,0,0,1,0,0,0,0,None,484,System,7036,0,0,0,0,0,0,0,0,0,0,0x8080000000000000,0,0,0,1,0,0,0,2015-03-23 19:47:58,1427140078.0,19,47
2033727,59018,5529272c-ea7b-4eb7-833a-cdd61a3c8864,2015-03-23 19:55:13,informant-PC, Microsoft-Windows-CAPI2 ,Application,0,1,0,0,0,0,0,None,940,Application,4097,0,0,0,0,0,0,0,0,0,0,0x8080000000000000,0,0,0,1,0,0,0,2015-03-23 19:55:13,1427140513.0,19,55
2033728,59018,89c94238-59eb-4e0b-8e32-16369e582400,2015-03-23 19:55:13,informant-PC, Microsoft-Windows-CAPI2 ,Application,0,1,0,0,0,0,0,None,940,Application,4097,0,0,0,0,0,0,0,0,0,0,0x8080000000000000,0,0,0,1,0,0,0,2015-03-23 19:55:13,1427140513.0,19,55
2035976,59018,0e8c6897-7084-4496-ab98-493e50a7729e,2015-03-23 20:00:21,informant-PC, MsiInstaller ,Application,0,1,0,0,0,0,0,None,None,Application,1015,0,0,0,0,0,0,0,0,0,0,0x0080000000000000,0,0,0,0,0,0,0,2015-03-23 20:00:21,1427140821.0,20,0
2035977,59018,a31d1728-11d9-4725-bc72-8c799ea58b61,2015-03-23 20:00:21,informant-PC, MsiInstaller ,Application,0,1,0,0,0,0,0,None,None,Application,1033,0,0,0,0,0,0,0,0,0,0,0x0080000000000000,0,0,0,0,0,0,0,2015-03-23 20:00:21,1427140821.0,20,0
2035978,59018,9df346df-6c3b-41aa-8c30-5ebbeb31cfd5,2015-03-23 20:00:21,informant-PC, MsiInstaller ,Application,0,1,0,0,0,0,0,None,None,Application,1033,0,0,0,0,0,0,0,0,0,0,0x0080000000000000,0,0,0,0,0,0,0,2015-03-23 20:00:21,1427140821.0,20,0
2035979,59018,2f712594-6cfc-434a-9b42-e4ed409cf558,2015-03-23 20:00:21,informant-PC, MsiInstaller ,Application,0,1,0,0,0,0,0,None,None,Application,1015,0,0,0,0,0,0,0,0,0,0,0x0080000000000000,0,0,0,0,0,0,0,2015-03-23 20:00:21,1427140821.0,20,0
2036010,59018,f5397330-9d99-48cb-8ca9-ea07af66ff9a,2015-03-23 20:00:22,informant-PC, MsiInstaller ,Application,0,1,0,0,0,0,0,None,None,Application,1033,0,0,0,0,0,0,0,0,0,0,0x0080000000000000,0,0,0,0,0,0,0,2015-03-23 20:00:22,1427140822.0,20,0
2036011,59018,05e8ad39-2605-4bfb-a572-e050f40eb630,2015-03-23 20:00:22,informant-PC, MsiInstaller ,Application,0,1,0,0,0,0,0,None,None,Application,1015,0,0,0,0,0,0,0,0,0,0,0x0080000000000000,0,0,0,0,0,0,0,2015-03-23 20:00:22,1427140822.0,20,0
2036012,59018,ccbb15e6-815b-4453-8c2e-ae09ef3443d2,2015-03-23 20:00:22,informant-PC, MsiInstaller ,Application,0,1,0,0,0,0,0,None,None,Application,1033,0,0,0,0,0,0,0,0,0,0,0x0080000000000000,0,0,0,0,0,0,0,2015-03-23 20:00:22,1427140822.0,20,0
2036013,59018,15ed948c-1122-456e-81f2-d0815a9fbf1b,2015-03-23 20:00:22,informant-PC, MsiInstaller ,Application,0,1,0,0,0,0,0,None,None,Application,1015,0,0,0,0,0,0,0,0,0,0,0x0080000000000000,0,0,0,0,0,0,0,2015-03-23 20:00:22,1427140822.0,20,0
2036040,59019,a1f3aaa7-5765-4a00-9553-fd84b986c7b5,2015-03-23 20:00:22,informant-PC, Microsoft-Windows-Security-Auditing ,Security,1,0,0,0,0,0,0,S-1-5-18,492,Security,4624,0,0,0,1,0,0,0,0,0,12544,0x8020000000000000,0,0,0,1,0,0,0,2015-03-23 20:00:22,1427140822.0,20,0
2036041,59019,05c65b72-7c9e-4a29-9d6b-cf157b161144,2015-03-23 20:00:22,informant-PC, Microsoft-Windows-Security-Auditing ,Security,1,0,0,0,0,0,0,None,492,Security,4672,0,0,0,1,0,0,0,0,0,12548,0x8020000000000000,0,0,0,1,0,0,0,2015-03-23 20:00:22,1427140822.0,20,0
2036042,59019,ea2ca1e1-7eea-420e-b7bc-b48001b134fd,2015-03-23 20:00:22,informant-PC, Microsoft-Windows-Security-Auditing ,Security,1,0,0,0,0,0,0,S-1-5-18,492,Security,4624,0,0,0,1,0,0,0,0,0,12544,0x8020000000000000,0,0,0,1,0,0,0,2015-03-23 20:00:22,1427140822.0,20,0
2036043,59019,55209c5e-61be-4c4d-bceb-e2e52124d206,2015-03-23 20:00:22,informant-PC, Microsoft-Windows-Security-Auditing ,Security,1,0,0,0,0,0,0,None,492,Security,4672,0,0,0,1,0,0,0,0,0,12548,0x8020000000000000,0,0,0,1,0,0,0,2015-03-23 20:00:22,1427140822.0,20,0
2036044,59017,47424aac-63c3-4320-a2a3-60e33c862594,2015-03-23 20:00:23,informant-PC, Service Control Manager ,System,0,0,1,0,0,0,0,None,484,System,7036,0,0,0,0,0,0,0,0,0,0,0x8080000000000000,0,0,0,1,0,0,0,2015-03-23 20:00:23,1427140823.0,20,0
2036045,59017,0148d952-77ca-4ebc-b4a1-d0734fca1676,2015-03-23 20:00:23,informant-PC, Service Control Manager ,System,0,0,1,0,0,0,0,None,484,System,7036,0,0,0,0,0,0,0,0,0,0,0x8080000000000000,0,0,0,1,0,0,0,2015-03-23 20:00:23,1427140823.0,20,0
2036166,59017,53ce1b67-3843-4c10-b5a0-e7591115bb3f,2015-03-23 20:00:30,informant-PC, Service Control Manager ,System,0,0,1,0,0,0,0,None,484,System,7036,0,0,0,0,0,0,0,0,0,0,0x8080000000000000,0,0,0,1,0,0,0,2015-03-23 20:00:30,1427140830.0,20,0
2036167,59017,abfa1085-1cba-426e-bb3c-cd22035e9b7a,2015-03-23 20:00:30,informant-PC, Service Control Manager ,System,0,0,1,0,0,0,0,None,484,System,7036,0,0,0,0,0,0,0,0,0,0,0x8080000000000000,0,0,0,1,0,0,0,2015-03-23 20:00:30,1427140830.0,20,0
2036168,59018,6669c83f-b1ad-4d7c-89af-3a9a5e50f722,2015-03-23 20:00:31,informant-PC, MsiInstaller ,Application,0,1,0,0,0,0,0,None,None,Application,1040,0,0,0,0,0,0,0,0,0,0,0x0080000000000000,0,0,0,0,0,0,0,2015-03-23 20:00:31,1427140831.0,20,0
2036169,59018,93d5ec28-e81c-44bb-888a-bccdcfe96e19,2015-03-23 20:00:31,informant-PC, MsiInstaller ,Application,0,1,0,0,0,0,0,None,None,Application,1040,0,0,0,0,0,0,0,0,0,0,0x0080000000000000,0,0,0,0,0,0,0,2015-03-23 20:00:31,1427140831.0,20,0
2036240,59018,c331d475-b4e5-45aa-bebd-be45e1f38e35,2015-03-23 20:00:32,informant-PC, Microsoft-Windows-RestartManager ,Application,0,1,0,0,0,0,0,None,3756,Application,10000,0,0,0,0,0,0,0,0,0,0,0x8000000000000000,0,0,0,1,0,0,0,2015-03-23 20:00:32,1427140832.0,20,0
2036241,59018,d6d596b8-8a4f-470a-b679-03bd9ef4729e,2015-03-23 20:00:32,informant-PC, Microsoft-Windows-RestartManager ,Application,0,1,0,0,0,0,0,None,3756,Application,10000,0,0,0,0,0,0,0,0,0,0,0x8000000000000000,0,0,0,1,0,0,0,2015-03-23 20:00:32,1427140832.0,20,0
2056168,59019,73ae7f8f-af2c-4fa1-a916-0e9aa596a88e,2015-03-23 20:00:45,informant-PC, Microsoft-Windows-Security-Auditing ,Security,1,0,0,0,0,0,0,S-1-5-18,492,Security,4624,0,0,0,1,0,0,0,0,0,12544,0x8020000000000000,0,0,0,1,0,0,0,2015-03-23 20:00:45,1427140845.0,20,0
2056169,59019,f3881118-cfc8-41e6-94b1-77b4ba6fd05d,2015-03-23 20:00:45,informant-PC, Microsoft-Windows-Security-Auditing ,Security,1,0,0,0,0,0,0,None,492,Security,4672,0,0,0,1,0,0,0,0,0,12548,0x8020000000000000,0,0,0,1,0,0,0,2015-03-23 20:00:45,1427140845.0,20,0
2056170,59019,3d54c90d-84d0-4749-a917-cea94dedbedb,2015-03-23 20:00:45,informant-PC, Microsoft-Windows-Security-Auditing ,Security,1,0,0,0,0,0,0,None,492,Security,4672,0,0,0,1,0,0,0,0,0,12548,0x8020000000000000,0,0,0,1,0,0,0,2015-03-23 20:00:45,1427140845.0,20,0
2056171,59019,6bc2fdcf-762e-41fe-84a4-fab357b362c3,2015-03-23 20:00:45,informant-PC, Microsoft-Windows-Security-Auditing ,Security,1,0,0,0,0,0,0,S-1-5-18,492,Security,4624,0,0,0,1,0,0,0,0,0,12544,0x8020000000000000,0,0,0,1,0,0,0,2015-03-23 20:00:45,1427140845.0,20,0
2056208,59017,93c39935-45c5-4caf-aebf-c4a2f12a959a,2015-03-23 20:00:48,informant-PC, Service Control Manager ,System,0,0,1,0,0,0,0,None,484,System,7036,0,0,0,0,0,0,0,0,0,0,0x8080000000000000,0,0,0,1,0,0,0,2015-03-23 20:00:48,1427140848.0,20,0
2056209,59017,2677e014-8a72-4a24-953e-c5608e215af9,2015-03-23 20:00:48,informant-PC, Service Control Manager ,System,0,0,1,0,0,0,0,None,484,System,7036,0,0,0,0,0,0,0,0,0,0,0x8080000000000000,0,0,0,1,0,0,0,2015-03-23 20:00:48,1427140848.0,20,0
2056568,59018,b24d4d3f-1850-479f-964b-2bb0e16a4c47,2015-03-23 20:00:52,informant-PC, MsiInstaller ,Application,0,1,0,0,0,0,0,None,None,Application,11707,0,0,0,0,0,0,0,0,0,0,0x0080000000000000,0,0,0,0,0,0,0,2015-03-23 20:00:52,1427140852.0,20,0
2056569,59018,2d6a128f-3080-42bb-808f-d5062df11abf,2015-03-23 20:00:52,informant-PC, MsiInstaller ,Application,0,1,0,0,0,0,0,None,None,Application,1042,0,0,0,0,0,0,0,0,0,0,0x0080000000000000,0,0,0,0,0,0,0,2015-03-23 20:00:52,1427140852.0,20,0
2056570,59018,a9a35309-712d-46bc-89a7-f8bd3305a6fd,2015-03-23 20:00:52,informant-PC, MsiInstaller ,Application,0,1,0,0,0,0,0,None,None,Application,1033,0,0,0,0,0,0,0,0,0,0,0x0080000000000000,0,0,0,0,0,0,0,2015-03-23 20:00:52,1427140852.0,20,0
2056571,59018,5afb97b2-49c0-4bd0-83eb-f61e202aef2a,2015-03-23 20:00:52,informant-PC, MsiInstaller ,Application,0,1,0,0,0,0,0,None,None,Application,1040,0,0,0,0,0,0,0,0,0,0,0x0080000000000000,0,0,0,0,0,0,0,2015-03-23 20:00:52,1427140852.0,20,0
2056572,59018,71ed6d27-7533-411a-8a8c-a19742e42124,2015-03-23 20:00:52,informant-PC, MsiInstaller ,Application,0,1,0,0,0,0,0,None,None,Application,1040,0,0,0,0,0,0,0,0,0,0,0x0080000000000000,0,0,0,0,0,0,0,2015-03-23 20:00:52,1427140852.0,20,0
2056573,59018,d34a332b-500b-4158-bd4b-7e4ece631c93,2015-03-23 20:00:52,informant-PC, MsiInstaller ,Application,0,1,0,0,0,0,0,None,None,Application,1042,0,0,0,0,0,0,0,0,0,0,0x0080000000000000,0,0,0,0,0,0,0,2015-03-23 20:00:52,1427140852.0,20,0
2056574,59018,d3dc37df-39f1-4afe-83b6-e8313e8eb566,2015-03-23 20:00:52,informant-PC, MsiInstaller ,Application,0,1,0,0,0,0,0,None,None,Application,1033,0,0,0,0,0,0,0,0,0,0,0x0080000000000000,0,0,0,0,0,0,0,2015-03-23 20:00:52,1427140852.0,20,0
2056575,59018,3415b51a-5a2b-48f4-ba57-09b9b82baec1,2015-03-23 20:00:52,informant-PC, MsiInstaller ,Application,0,1,0,0,0,0,0,None,None,Application,11707,0,0,0,0,0,0,0,0,0,0,0x0080000000000000,0,0,0,0,0,0,0,2015-03-23 20:00:52,1427140852.0,20,0
2056578,59018,a29e87cf-7bb4-43b0-8181-c46ed383d2cb,2015-03-23 20:00:52,informant-PC, Microsoft-Windows-RestartManager ,Application,0,1,0,0,0,0,0,None,3756,Application,10001,0,0,0,0,0,0,0,0,0,0,0x8000000000000000,0,0,0,1,0,0,0,2015-03-23 20:00:52,1427140852.0,20,0
2056579,59018,9385e10f-2dc1-4330-893f-8046c89720c0,2015-03-23 20:00:52,informant-PC, Microsoft-Windows-RestartManager ,Application,0,1,0,0,0,0,0,None,3756,Application,10001,0,0,0,0,0,0,0,0,0,0,0x8000000000000000,0,0,0,1,0,0,0,2015-03-23 20:00:52,1427140852.0,20,0
2057878,59057,1d84a3b2-bc91-4f4f-b3c1-f981c066f9e6,2015-03-23 20:00:55,informant-PC, Microsoft-Windows-Windows Firewall With Advanced Security ,Other,0,0,0,0,0,1,0,None,1148,Microsoft-Windows-Windows Firewall With Advanced Security/Firewall,2004,0,0,0,0,0,0,0,0,0,0,0x8000020000000000,0,0,0,1,0,0,0,2015-03-23 20:00:55,1427140855.0,20,0
2057879,59057,93fe5a3b-e14e-4a69-96ff-503895e841fa,2015-03-23 20:00:55,informant-PC, Microsoft-Windows-Windows Firewall With Advanced Security ,Other,0,0,0,0,0,1,0,None,1148,Microsoft-Windows-Windows Firewall With Advanced Security/Firewall,2004,0,0,0,0,0,0,0,0,0,0,0x8000020000000000,0,0,0,1,0,0,0,2015-03-23 20:00:55,1427140855.0,20,0
2057880,59057,2531fe81-8b47-44e8-a176-ecf1df744bcc,2015-03-23 20:00:55,informant-PC, Microsoft-Windows-Windows Firewall With Advanced Security ,Other,0,0,0,0,0,1,0,None,1148,Microsoft-Windows-Windows Firewall With Advanced Security/Firewall,2004,0,0,0,0,0,0,0,0,0,0,0x8000020000000000,0,0,0,1,0,0,0,2015-03-23 20:00:55,1427140855.0,20,0
2057881,59057,8cd87ac8-e0b3-4e8f-9026-c01deeee1b25,2015-03-23 20:00:55,informant-PC, Microsoft-Windows-Windows Firewall With Advanced Security ,Other,0,0,0,0,0,1,0,None,1148,Microsoft-Windows-Windows Firewall With Advanced Security/Firewall,2004,0,0,0,0,0,0,0,0,0,0,0x8000020000000000,0,0,0,1,0,0,0,2015-03-23 20:00:55,1427140855.0,20,0
2057882,59057,de2b1bb8-0732-4181-bd7a-f9622254703b,2015-03-23 20:00:55,informant-PC, Microsoft-Windows-Windows Firewall With Advanced Security ,Other,0,0,0,0,0,1,0,None,1148,Microsoft-Windows-Windows Firewall With Advanced Security/Firewall,2004,0,0,0,0,0,0,0,0,0,0,0x8000020000000000,0,0,0,1,0,0,0,2015-03-23 20:00:55,1427140855.0,20,0
2057883,59017,85101b41-283c-46a6-86c1-7eed1f95c102,2015-03-23 20:00:55,informant-PC, Service Control Manager ,System,0,0,1,0,0,0,0,None,484,System,7036,0,0,0,0,0,0,0,0,0,0,0x8080000000000000,0,0,0,1,0,0,0,2015-03-23 20:00:55,1427140855.0,20,0
2057884,59057,238d8ca8-ab36-4525-a655-6eeafed27bdf,2015-03-23 20:00:55,informant-PC, Microsoft-Windows-Windows Firewall With Advanced Security ,Other,0,0,0,0,0,1,0,None,1148,Microsoft-Windows-Windows Firewall With Advanced Security/Firewall,2004,0,0,0,0,0,0,0,0,0,0,0x8000020000000000,0,0,0,1,0,0,0,2015-03-23 20:00:55,1427140855.0,20,0
2057885,59057,6844a235-0952-41d6-9778-33231d9d7f22,2015-03-23 20:00:55,informant-PC, Microsoft-Windows-Windows Firewall With Advanced Security ,Other,0,0,0,0,0,1,0,None,1148,Microsoft-Windows-Windows Firewall With Advanced Security/Firewall,2004,0,0,0,0,0,0,0,0,0,0,0x8000020000000000,0,0,0,1,0,0,0,2015-03-23 20:00:55,1427140855.0,20,0
2057886,59017,52ed1a91-3388-4639-a01d-fc8b37196936,2015-03-23 20:00:55,informant-PC, Service Control Manager ,System,0,0,1,0,0,0,0,None,484,System,7036,0,0,0,0,0,0,0,0,0,0,0x8080000000000000,0,0,0,1,0,0,0,2015-03-23 20:00:55,1427140855.0,20,0
