1730971,46,0895b525-73a4-45da-bf21-26d7c595bc25,2015-03-22 15:26:31,informant-PC, Microsoft-Windows-WindowsUpdateClient ,Other,0,0,0,0,0,1,0,None,888,Microsoft-Windows-WindowsUpdateClient/Operational,30,0,0,0,0,0,0,0,0,0,1,0x4000000000000001,0,0,1,0,0,0,0,2015-03-22 15:26:31,1427037991.0,15,26
1730972,59017,7c41079d-6dec-4d06-a15c-8a4bf60fb0e5,2015-03-22 15:26:34,informant-PC, Service Control Manager ,System,0,0,1,0,0,0,0,None,484,System,7036,0,0,0,0,0,0,0,0,0,0,0x8080000000000000,0,0,0,1,0,0,0,2015-03-22 15:26:34,1427037994.0,15,26
1730973,59017,8549e6f0-0495-4560-9c0a-1af0b27d6afa,2015-03-22 15:26:34,informant-PC, Service Control Manager ,System,0,0,1,0,0,0,0,None,484,System,7036,0,0,0,0,0,0,0,0,0,0,0x8080000000000000,0,0,0,1,0,0,0,2015-03-22 15:26:34,1427037994.0,15,26
1731168,59018,047645c4-9b2b-4a32-b1d6-f9b172a7df62,2015-03-22 15:27:20,informant-PC, Software Protection Platform Service ,Application,0,1,0,0,0,0,0,None,0,Application,12306,0,0,0,0,0,0,0,0,0,0,0x0080000000000000,0,0,0,0,0,0,0,2015-03-22 15:27:20,1427038040.0,15,27
1731169,59018,481f8570-8fdb-441d-99fc-aefc4e436073,2015-03-22 15:27:20,informant-PC, Software Protection Platform Service ,Application,0,1,0,0,0,0,0,None,0,Application,12306,0,0,0,0,0,0,0,0,0,0,0x0080000000000000,0,0,0,0,0,0,0,2015-03-22 15:27:20,1427038040.0,15,27
1731195,59018,bcc08e08-4bd9-4852-813b-617ff6918fb0,2015-03-22 15:27:23,informant-PC, Microsoft-Windows-LoadPerf ,Application,0,1,0,0,0,0,0,None,1080,Application,1001,0,0,0,0,0,0,0,0,0,0,0x8000000000000000,0,0,0,1,0,0,0,2015-03-22 15:27:23,1427038043.0,15,27
1731206,59018,cf0a1589-68b8-48bd-a534-e7d864c0f990,2015-03-22 15:27:23,informant-PC, Microsoft-Windows-LoadPerf ,Application,0,1,0,0,0,0,0,None,1080,Application,1001,0,0,0,0,0,0,0,0,0,0,0x8000000000000000,0,0,0,1,0,0,0,2015-03-22 15:27:23,1427038043.0,15,27
1731259,59018,f757875c-6cda-45d2-9f38-79f5917aedfe,2015-03-22 15:27:23,informant-PC, Microsoft-Windows-LoadPerf ,Application,0,1,0,0,0,0,0,None,1080,Application,1000,0,0,0,0,0,0,0,0,0,0,0x8000000000000000,0,0,0,1,0,0,0,2015-03-22 15:27:23,1427038043.0,15,27
1731266,59018,76aeb264-305c-4a9d-8e95-488567aeff04,2015-03-22 15:27:23,informant-PC, Microsoft-Windows-LoadPerf ,Application,0,1,0,0,0,0,0,None,1080,Application,1000,0,0,0,0,0,0,0,0,0,0,0x8000000000000000,0,0,0,1,0,0,0,2015-03-22 15:27:23,1427038043.0,15,27
1731282,59017,e00fa696-6739-4ed7-aceb-d9ebabb657cd,2015-03-22 15:27:25,informant-PC, Microsoft-Windows-Application-Experience ,System,0,0,1,0,0,0,0,None,816,System,206,0,0,0,0,0,0,0,0,0,0,0x8000000000000000,0,0,0,1,0,0,0,2015-03-22 15:27:25,1427038045.0,15,27
1731283,59017,e3cf959f-d3f7-4ecf-be16-95b6c05f6025,2015-03-22 15:27:25,informant-PC, Microsoft-Windows-Application-Experience ,System,0,0,1,0,0,0,0,None,816,System,206,0,0,0,0,0,0,0,0,0,0,0x8000000000000000,0,0,0,1,0,0,0,2015-03-22 15:27:25,1427038045.0,15,27
1733094,59018,e19d8d15-f558-48fc-806a-e38f828b719b,2015-03-22 15:28:15,informant-PC, Microsoft-Windows-CAPI2 ,Application,0,1,0,0,0,0,0,None,940,Application,4097,0,0,0,0,0,0,0,0,0,0,0x8080000000000000,0,0,0,1,0,0,0,2015-03-22 15:28:15,1427038095.0,15,28
1733095,59018,1fa1b0e4-10c4-49c2-bba5-3faf48202c63,2015-03-22 15:28:15,informant-PC, Microsoft-Windows-CAPI2 ,Application,0,1,0,0,0,0,0,None,940,Application,4097,0,0,0,0,0,0,0,0,0,0,0x8080000000000000,0,0,0,1,0,0,0,2015-03-22 15:28:15,1427038095.0,15,28
1733526,59017,15e3fded-7023-4203-99c0-eaf9c4a799be,2015-03-22 15:28:26,informant-PC, USER32 ,System,0,0,1,0,0,0,0,None,None,System,1074,0,0,0,0,0,0,0,0,0,0,0x0080000000000000,0,0,0,0,0,0,0,2015-03-22 15:28:26,1427038106.0,15,28
1733527,59017,f977e35e-5247-4efd-8a3b-ffdf71328f1f,2015-03-22 15:28:26,informant-PC, USER32 ,System,0,0,1,0,0,0,0,None,None,System,1074,0,0,0,0,0,0,0,0,0,0,0x0080000000000000,0,0,0,0,0,0,0,2015-03-22 15:28:26,1427038106.0,15,28
1733566,59042,1d8e6108-d5ac-4cc6-a08d-d156d1ec437e,2015-03-22 15:28:27,informant-PC, Microsoft-Windows-GroupPolicy ,Other,0,0,0,0,0,1,0,None,888,Microsoft-Windows-GroupPolicy/Operational,5324,0,0,0,0,0,0,0,0,0,0,0x4000000000000000,0,0,1,0,0,0,0,2015-03-22 15:28:27,1427038107.0,15,28
1733567,59042,0b59d38a-c853-41b5-ac99-095099734cc9,2015-03-22 15:28:27,informant-PC, Microsoft-Windows-GroupPolicy ,Other,0,0,0,0,0,1,0,None,888,Microsoft-Windows-GroupPolicy/Operational,5324,0,0,0,0,0,0,0,0,0,0,0x4000000000000000,0,0,1,0,0,0,0,2015-03-22 15:28:27,1427038107.0,15,28
1733568,59017,744e027a-3e04-4623-9c49-819dc59f0f3c,2015-03-22 15:28:28,informant-PC, EventLog ,System,0,0,1,0,0,0,0,None,None,System,6006,0,0,0,0,0,0,0,0,0,0,0x0080000000000000,0,0,0,0,0,0,0,2015-03-22 15:28:28,1427038108.0,15,28
1733569,59018,5c663514-72d3-4586-ba94-1e2edaead8ec,2015-03-22 15:28:28,informant-PC, Wlclntfy ,Application,0,1,0,0,0,0,0,None,0,Application,6000,0,0,0,0,0,0,0,0,0,0,0x0080000000000000,0,0,0,0,0,0,0,2015-03-22 15:28:28,1427038108.0,15,28
1733570,59017,3595d1e4-718b-4c3a-a48d-12df3c4c440e,2015-03-22 15:28:28,informant-PC, EventLog ,System,0,0,1,0,0,0,0,None,None,System,6006,0,0,0,0,0,0,0,0,0,0,0x0080000000000000,0,0,0,0,0,0,0,2015-03-22 15:28:28,1427038108.0,15,28
1733571,59018,0f5a1f95-fcdb-4660-ab8e-ec57d0e33b5e,2015-03-22 15:28:28,informant-PC, Wlclntfy ,Application,0,1,0,0,0,0,0,None,0,Application,6000,0,0,0,0,0,0,0,0,0,0,0x0080000000000000,0,0,0,0,0,0,0,2015-03-22 15:28:28,1427038108.0,15,28
1733572,59018,f1b8b9be-cfcd-4b41-966d-393b365167a5,2015-03-22 15:28:28,informant-PC, Desktop Window Manager ,Application,0,1,0,0,0,0,0,None,None,Application,9009,0,0,0,0,0,0,0,0,0,0,0x0080000000000000,0,0,0,0,0,0,0,2015-03-22 15:28:28,1427038108.0,15,28
1733573,59018,e3f2724c-010a-4037-b332-a9ceffa68cad,2015-03-22 15:28:28,informant-PC, Desktop Window Manager ,Application,0,1,0,0,0,0,0,None,None,Application,9009,0,0,0,0,0,0,0,0,0,0,0x0080000000000000,0,0,0,0,0,0,0,2015-03-22 15:28:28,1427038108.0,15,28
1733574,59017,f2d645d5-18ca-415d-9971-efd6ec6315d6,2015-03-22 15:28:28,informant-PC, USER32 ,System,0,0,1,0,0,0,0,None,None,System,1074,0,0,0,0,0,0,0,0,0,0,0x0080000000000000,0,0,0,0,0,0,0,2015-03-22 15:28:28,1427038108.0,15,28
1733575,59017,00cab4f1-54c4-46cb-ae31-4157af4618fe,2015-03-22 15:28:28,informant-PC, USER32 ,System,0,0,1,0,0,0,0,None,None,System,1074,0,0,0,0,0,0,0,0,0,0,0x0080000000000000,0,0,0,0,0,0,0,2015-03-22 15:28:28,1427038108.0,15,28
1733576,59019,cc5ac740-a40d-4efd-9de8-96f4f495682a,2015-03-22 15:28:28,informant-PC, Microsoft-Windows-Security-Auditing ,Security,1,0,0,0,0,0,0,S-1-5-21-2425377081-3129163575-2985601102-1000,500,Security,4647,0,0,0,1,0,0,0,0,0,12545,0x8020000000000000,0,0,0,1,0,0,0,2015-03-22 15:28:28,1427038108.0,15,28
1733577,59019,4964aec7-ddd9-442f-9f42-3f0a8585c2f5,2015-03-22 15:28:28,informant-PC, Microsoft-Windows-Security-Auditing ,Security,1,0,0,0,0,0,0,S-1-5-21-2425377081-3129163575-2985601102-1000,500,Security,4647,0,0,0,1,0,0,0,0,0,12545,0x8020000000000000,0,0,0,1,0,0,0,2015-03-22 15:28:28,1427038108.0,15,28
1733579,13963,d894ed5e-ca37-4f55-9181-1987b6b0a0b0,2015-03-22 15:28:28,informant-PC, Microsoft-Windows-TerminalServices-LocalSessionManager ,Other,0,0,0,0,0,1,0,None,508,Microsoft-Windows-TerminalServices-LocalSessionManager/Operational,23,0,0,0,0,0,0,0,0,0,0,0x1000000000000000,1,0,0,0,0,0,0,2015-03-22 15:28:28,1427038108.0,15,28
1733582,59021,8936a612-f0b8-4254-a54c-2171a8869dae,2015-03-22 15:28:28,informant-PC, Microsoft-Windows-User Profiles Service ,Other,0,0,0,0,0,1,0,None,888,Microsoft-Windows-User Profile Service/Operational,3,0,0,0,0,0,0,0,0,0,0,0x4000000000000000,0,0,1,0,0,0,0,2015-03-22 15:28:28,1427038108.0,15,28
1733583,59042,e7f77d97-873c-4b4d-8366-dcab2e6c6292,2015-03-22 15:28:28,informant-PC, Microsoft-Windows-GroupPolicy ,Other,0,0,0,0,0,1,0,None,888,Microsoft-Windows-GroupPolicy/Operational,5324,0,0,0,0,0,0,0,0,0,0,0x4000000000000000,0,0,1,0,0,0,0,2015-03-22 15:28:28,1427038108.0,15,28
1733584,13963,77f1265c-15ed-4b15-abe9-7c866bdd6d7f,2015-03-22 15:28:28,informant-PC, Microsoft-Windows-TerminalServices-LocalSessionManager ,Other,0,0,0,0,0,1,0,None,508,Microsoft-Windows-TerminalServices-LocalSessionManager/Operational,23,0,0,0,0,0,0,0,0,0,0,0x1000000000000000,1,0,0,0,0,0,0,2015-03-22 15:28:28,1427038108.0,15,28
1733586,59042,50d8b531-eb7d-4198-8769-1379fd3e3ea0,2015-03-22 15:28:28,informant-PC, Microsoft-Windows-GroupPolicy ,Other,0,0,0,0,0,1,0,None,888,Microsoft-Windows-GroupPolicy/Operational,5324,0,0,0,0,0,0,0,0,0,0,0x4000000000000000,0,0,1,0,0,0,0,2015-03-22 15:28:28,1427038108.0,15,28
1733587,59021,8593f8c9-d576-4c3a-9db9-477388bf78ec,2015-03-22 15:28:28,informant-PC, Microsoft-Windows-User Profiles Service ,Other,0,0,0,0,0,1,0,None,888,Microsoft-Windows-User Profile Service/Operational,3,0,0,0,0,0,0,0,0,0,0,0x4000000000000000,0,0,1,0,0,0,0,2015-03-22 15:28:28,1427038108.0,15,28
1733593,59040,47c379f5-4f40-45e2-b335-d3fb60db9d2b,2015-03-22 15:28:28,informant-PC, Microsoft-Windows-OfflineFiles ,Other,0,0,0,0,0,1,0,None,816,Microsoft-Windows-OfflineFiles/Operational,8,0,0,0,0,0,0,0,0,0,0,0x4000000000000008,0,0,1,0,0,0,0,2015-03-22 15:28:28,1427038108.0,15,28
1733601,59040,a77c75bf-68e1-495b-b02f-c8857ab25d0d,2015-03-22 15:28:28,informant-PC, Microsoft-Windows-OfflineFiles ,Other,0,0,0,0,0,1,0,None,816,Microsoft-Windows-OfflineFiles/Operational,8,0,0,0,0,0,0,0,0,0,0,0x4000000000000008,0,0,1,0,0,0,0,2015-03-22 15:28:28,1427038108.0,15,28
1733614,59021,4e72f537-8c18-45b4-a7e4-13f28ab15788,2015-03-22 15:28:28,informant-PC, Microsoft-Windows-User Profiles Service ,Other,0,0,0,0,0,1,0,None,888,Microsoft-Windows-User Profile Service/Operational,4,0,0,0,0,0,0,0,0,0,0,0x4000000000000000,0,0,1,0,0,0,0,2015-03-22 15:28:28,1427038108.0,15,28
1733615,59021,fb37ba67-c7de-495a-a55d-5cf2a957068d,2015-03-22 15:28:28,informant-PC, Microsoft-Windows-User Profiles Service ,Other,0,0,0,0,0,1,0,None,888,Microsoft-Windows-User Profile Service/Operational,4,0,0,0,0,0,0,0,0,0,0,0x4000000000000000,0,0,1,0,0,0,0,2015-03-22 15:28:28,1427038108.0,15,28
1733618,59017,6884e68e-f520-4387-9848-72590b827be3,2015-03-22 15:28:28,informant-PC, Microsoft-Windows-Winlogon ,System,0,0,1,0,0,0,0,None,440,System,7002,0,0,0,0,0,0,0,0,0,1102,0x2000000000000000,0,1,0,0,0,0,0,2015-03-22 15:28:28,1427038108.0,15,28
1733619,59017,e5d59e6f-3dfc-46bc-b02f-d266b0f37d8e,2015-03-22 15:28:28,informant-PC, Microsoft-Windows-Winlogon ,System,0,0,1,0,0,0,0,None,440,System,7002,0,0,0,0,0,0,0,0,0,1102,0x2000000000000000,0,1,0,0,0,0,0,2015-03-22 15:28:28,1427038108.0,15,28
1733620,46,82a3a9ad-c3ac-4ff9-b45f-6fc1f7f6b9df,2015-03-22 15:28:28,informant-PC, Microsoft-Windows-WindowsUpdateClient ,Other,0,0,0,0,0,1,0,None,888,Microsoft-Windows-WindowsUpdateClient/Operational,39,0,0,0,0,0,0,0,0,0,1,0x4000000000000280,0,0,1,0,0,0,0,2015-03-22 15:28:28,1427038108.0,15,28
1733621,46,fa38d606-c1a8-488f-80fd-ed98456df7ec,2015-03-22 15:28:28,informant-PC, Microsoft-Windows-WindowsUpdateClient ,Other,0,0,0,0,0,1,0,None,888,Microsoft-Windows-WindowsUpdateClient/Operational,39,0,0,0,0,0,0,0,0,0,1,0x4000000000000280,0,0,1,0,0,0,0,2015-03-22 15:28:28,1427038108.0,15,28
1733636,59017,3628908b-99fe-4833-bd5d-fc8b0e146207,2015-03-22 15:28:28,informant-PC, Service Control Manager ,System,0,0,1,0,0,0,0,None,484,System,7036,0,0,0,0,0,0,0,0,0,0,0x8080000000000000,0,0,0,1,0,0,0,2015-03-22 15:28:28,1427038108.0,15,28
1733641,59017,2ce52ed4-e74f-4fa4-9aa8-11852428862c,2015-03-22 15:28:28,informant-PC, Service Control Manager ,System,0,0,1,0,0,0,0,None,484,System,7036,0,0,0,0,0,0,0,0,0,0,0x8080000000000000,0,0,0,1,0,0,0,2015-03-22 15:28:28,1427038108.0,15,28
1733646,59042,b5251e32-f693-4b83-85fe-68882b53b006,2015-03-22 15:28:28,informant-PC, Microsoft-Windows-GroupPolicy ,Other,0,0,0,0,0,1,0,None,888,Microsoft-Windows-GroupPolicy/Operational,5325,0,0,0,0,0,0,0,0,0,0,0x4000000000000000,0,0,1,0,0,0,0,2015-03-22 15:28:28,1427038108.0,15,28
1733647,59042,8b9c7cc9-fa73-4865-97bf-dab43badf62c,2015-03-22 15:28:28,informant-PC, Microsoft-Windows-GroupPolicy ,Other,0,0,0,0,0,1,0,None,888,Microsoft-Windows-GroupPolicy/Operational,5325,0,0,0,0,0,0,0,0,0,0,0x4000000000000000,0,0,1,0,0,0,0,2015-03-22 15:28:28,1427038108.0,15,28
1733648,59017,85d1b30d-ea0d-44fd-bcfe-e4e577b9b884,2015-03-22 15:28:28,informant-PC, Service Control Manager ,System,0,0,1,0,0,0,0,None,484,System,7036,0,0,0,0,0,0,0,0,0,0,0x8080000000000000,0,0,0,1,0,0,0,2015-03-22 15:28:28,1427038108.0,15,28
1733649,59017,8b96a25e-3a39-47b7-9561-d5e424118b4a,2015-03-22 15:28:28,informant-PC, Service Control Manager ,System,0,0,1,0,0,0,0,None,484,System,7036,0,0,0,0,0,0,0,0,0,0,0x8080000000000000,0,0,0,1,0,0,0,2015-03-22 15:28:28,1427038108.0,15,28
1733666,59017,3671382e-d1dc-40fd-9b5c-624690975ff6,2015-03-22 15:28:28,informant-PC, Service Control Manager ,System,0,0,1,0,0,0,0,None,484,System,7036,0,0,0,0,0,0,0,0,0,0,0x8080000000000000,0,0,0,1,0,0,0,2015-03-22 15:28:28,1427038108.0,15,28
1733679,59017,c03de50b-f9d1-4cdb-b485-e08ac2684187,2015-03-22 15:28:28,informant-PC, Service Control Manager ,System,0,0,1,0,0,0,0,None,484,System,7036,0,0,0,0,0,0,0,0,0,0,0x8080000000000000,0,0,0,1,0,0,0,2015-03-22 15:28:28,1427038108.0,15,28
1733683,59017,2deb1b09-a776-49e7-92c6-87ab9a2e0a03,2015-03-22 15:28:28,informant-PC, Service Control Manager ,System,0,0,1,0,0,0,0,None,484,System,7036,0,0,0,0,0,0,0,0,0,0,0x8080000000000000,0,0,0,1,0,0,0,2015-03-22 15:28:28,1427038108.0,15,28
1733691,59017,f7a864b8-17a0-42a1-8058-f71904df5296,2015-03-22 15:28:28,informant-PC, Service Control Manager ,System,0,0,1,0,0,0,0,None,484,System,7036,0,0,0,0,0,0,0,0,0,0,0x8080000000000000,0,0,0,1,0,0,0,2015-03-22 15:28:28,1427038108.0,15,28
1733694,59017,662c5df6-ebd0-44e6-b33a-bad167eda073,2015-03-22 15:28:28,informant-PC, Microsoft-Windows-Dhcp-Client ,System,0,0,1,0,0,0,0,None,760,System,50037,0,0,0,0,0,0,0,0,0,4,0x2000000000000000,0,1,0,0,0,0,0,2015-03-22 15:28:28,1427038108.0,15,28
1733697,59017,46fc5c25-fd6a-4a69-93d6-1f9cc5252501,2015-03-22 15:28:28,informant-PC, Microsoft-Windows-DHCPv6-Client ,System,0,0,1,0,0,0,0,None,760,System,51047,0,0,0,0,0,0,0,0,0,4,0x2000000000000000,0,1,0,0,0,0,0,2015-03-22 15:28:28,1427038108.0,15,28
1733698,59017,5e0833ce-9ca9-41e2-8733-781d99ae19d8,2015-03-22 15:28:28,informant-PC, Microsoft-Windows-Dhcp-Client ,System,0,0,1,0,0,0,0,None,760,System,50037,0,0,0,0,0,0,0,0,0,4,0x2000000000000000,0,1,0,0,0,0,0,2015-03-22 15:28:28,1427038108.0,15,28
1733699,59017,ce4d254f-c872-461a-818e-9cdab11e5a97,2015-03-22 15:28:28,informant-PC, Microsoft-Windows-DHCPv6-Client ,System,0,0,1,0,0,0,0,None,760,System,51047,0,0,0,0,0,0,0,0,0,4,0x2000000000000000,0,1,0,0,0,0,0,2015-03-22 15:28:28,1427038108.0,15,28
1733700,59019,bc6acd24-cce6-491c-abc3-7ec70ad3927a,2015-03-22 15:28:28,informant-PC, Microsoft-Windows-Eventlog ,Security,1,0,0,0,0,0,0,None,760,Security,1100,0,0,0,0,0,0,0,0,0,103,0x4020000000000000,0,0,1,0,0,0,0,2015-03-22 15:28:28,1427038108.0,15,28
1733704,59017,2cdbbf26-e352-4c7f-8282-e759046ccf7e,2015-03-22 15:28:28,informant-PC, Service Control Manager ,System,0,0,1,0,0,0,0,None,484,System,7036,0,0,0,0,0,0,0,0,0,0,0x8080000000000000,0,0,0,1,0,0,0,2015-03-22 15:28:28,1427038108.0,15,28
1733710,59017,ac08b766-5b3f-4571-b89d-7e535b78616a,2015-03-22 15:28:28,informant-PC, Service Control Manager ,System,0,0,1,0,0,0,0,None,484,System,7036,0,0,0,0,0,0,0,0,0,0,0x8080000000000000,0,0,0,1,0,0,0,2015-03-22 15:28:28,1427038108.0,15,28
1733713,59017,6942db39-1a23-4576-a730-7dd5bdd34a58,2015-03-22 15:28:28,informant-PC, Service Control Manager ,System,0,0,1,0,0,0,0,None,484,System,7036,0,0,0,0,0,0,0,0,0,0,0x8080000000000000,0,0,0,1,0,0,0,2015-03-22 15:28:28,1427038108.0,15,28
1733716,59019,1c860aab-50a8-4a12-bc83-ed6ebc61309b,2015-03-22 15:28:28,informant-PC, Microsoft-Windows-Eventlog ,Security,1,0,0,0,0,0,0,None,760,Security,1100,0,0,0,0,0,0,0,0,0,103,0x4020000000000000,0,0,1,0,0,0,0,2015-03-22 15:28:28,1427038108.0,15,28
1733718,59017,291d82a5-0915-4ac8-a02e-44f1a6968229,2015-03-22 15:28:28,informant-PC, Service Control Manager ,System,0,0,1,0,0,0,0,None,484,System,7036,0,0,0,0,0,0,0,0,0,0,0x8080000000000000,0,0,0,1,0,0,0,2015-03-22 15:28:28,1427038108.0,15,28
1733720,59017,1a9e6319-539c-423e-ad9f-79b7923520b1,2015-03-22 15:28:28,informant-PC, Service Control Manager ,System,0,0,1,0,0,0,0,None,484,System,7036,0,0,0,0,0,0,0,0,0,0,0x8080000000000000,0,0,0,1,0,0,0,2015-03-22 15:28:28,1427038108.0,15,28
1733729,59017,5b1e1341-0da0-4764-a521-dc0c682febb6,2015-03-22 15:28:28,informant-PC, Service Control Manager ,System,0,0,1,0,0,0,0,None,484,System,7036,0,0,0,0,0,0,0,0,0,0,0x8080000000000000,0,0,0,1,0,0,0,2015-03-22 15:28:28,1427038108.0,15,28
1733732,59017,912ebba7-edda-4841-8a56-f1b69ec1f56b,2015-03-22 15:28:28,informant-PC, Service Control Manager ,System,0,0,1,0,0,0,0,None,484,System,7036,0,0,0,0,0,0,0,0,0,0,0x8080000000000000,0,0,0,1,0,0,0,2015-03-22 15:28:28,1427038108.0,15,28
1733733,59017,b1d7f035-0162-4421-b03b-6bae860778d9,2015-03-22 15:28:28,informant-PC, Service Control Manager ,System,0,0,1,0,0,0,0,None,484,System,7036,0,0,0,0,0,0,0,0,0,0,0x8080000000000000,0,0,0,1,0,0,0,2015-03-22 15:28:28,1427038108.0,15,28
1733742,59017,138ff04f-d113-4294-9fd7-bd48355d7fa8,2015-03-22 15:28:28,informant-PC, Service Control Manager ,System,0,0,1,0,0,0,0,None,484,System,7036,0,0,0,0,0,0,0,0,0,0,0x8080000000000000,0,0,0,1,0,0,0,2015-03-22 15:28:28,1427038108.0,15,28
1733743,59017,c8e0829b-90a0-4cdc-9d3a-fea6318514b2,2015-03-22 15:28:28,informant-PC, Microsoft-Windows-UserPnp ,System,0,0,1,0,0,0,0,None,608,System,20010,0,0,0,0,0,0,0,0,0,7010,0x8000000000000000,0,0,0,1,0,0,0,2015-03-22 15:28:28,1427038108.0,15,28
1733744,59017,335ac14f-8f25-43b0-b95a-ae265252d0ce,2015-03-22 15:28:28,informant-PC, Service Control Manager ,System,0,0,1,0,0,0,0,None,484,System,7036,0,0,0,0,0,0,0,0,0,0,0x8080000000000000,0,0,0,1,0,0,0,2015-03-22 15:28:28,1427038108.0,15,28
1733745,59017,7671e9e8-7ffa-4394-b561-c0c42405f3e5,2015-03-22 15:28:28,informant-PC, Service Control Manager ,System,0,0,1,0,0,0,0,None,484,System,7036,0,0,0,0,0,0,0,0,0,0,0x8080000000000000,0,0,0,1,0,0,0,2015-03-22 15:28:28,1427038108.0,15,28
1733747,59017,98ecb359-3009-4fe8-83c5-90e3f2466d60,2015-03-22 15:28:28,informant-PC, Service Control Manager ,System,0,0,1,0,0,0,0,None,484,System,7036,0,0,0,0,0,0,0,0,0,0,0x8080000000000000,0,0,0,1,0,0,0,2015-03-22 15:28:28,1427038108.0,15,28
1733749,59017,8c3e4091-f085-4059-bd85-185783ce8dc1,2015-03-22 15:28:28,informant-PC, Service Control Manager ,System,0,0,1,0,0,0,0,None,484,System,7036,0,0,0,0,0,0,0,0,0,0,0x8080000000000000,0,0,0,1,0,0,0,2015-03-22 15:28:28,1427038108.0,15,28
1733750,59026,529f46ea-5187-432c-b541-2fa2a7cb3f61,2015-03-22 15:28:28,informant-PC, Microsoft-Windows-Resource-Exhaustion-Detector ,Other,0,0,0,0,0,1,0,None,1140,Microsoft-Windows-Resource-Exhaustion-Detector/Operational,1002,0,0,0,0,0,0,0,0,0,1,0x4000000010000000,0,0,1,0,0,0,0,2015-03-22 15:28:28,1427038108.0,15,28
1733751,59017,1b74bb52-e5c4-4ac6-a9ac-46e7b332af0f,2015-03-22 15:28:28,informant-PC, Service Control Manager ,System,0,0,1,0,0,0,0,None,484,System,7036,0,0,0,0,0,0,0,0,0,0,0x8080000000000000,0,0,0,1,0,0,0,2015-03-22 15:28:28,1427038108.0,15,28
1733752,59017,113db2b3-67c3-49e1-b088-bb37624d3911,2015-03-22 15:28:28,informant-PC, Service Control Manager ,System,0,0,1,0,0,0,0,None,484,System,7036,0,0,0,0,0,0,0,0,0,0,0x8080000000000000,0,0,0,1,0,0,0,2015-03-22 15:28:28,1427038108.0,15,28
1733753,59026,1067095b-0506-43a4-b5dc-77ef1cd5b38c,2015-03-22 15:28:28,informant-PC, Microsoft-Windows-Resource-Exhaustion-Detector ,Other,0,0,0,0,0,1,0,None,1140,Microsoft-Windows-Resource-Exhaustion-Detector/Operational,1002,0,0,0,0,0,0,0,0,0,1,0x4000000010000000,0,0,1,0,0,0,0,2015-03-22 15:28:28,1427038108.0,15,28
1733756,59017,def9eb56-6ba2-4a81-a276-e4d94641c259,2015-03-22 15:28:28,informant-PC, Microsoft-Windows-UserPnp ,System,0,0,1,0,0,0,0,None,608,System,20010,0,0,0,0,0,0,0,0,0,7010,0x8000000000000000,0,0,0,1,0,0,0,2015-03-22 15:28:28,1427038108.0,15,28
1733757,59017,feb633aa-bbd8-4101-9a9f-a9c14b6ca368,2015-03-22 15:28:28,informant-PC, Service Control Manager ,System,0,0,1,0,0,0,0,None,484,System,7036,0,0,0,0,0,0,0,0,0,0,0x8080000000000000,0,0,0,1,0,0,0,2015-03-22 15:28:28,1427038108.0,15,28
1733758,59017,ea5905de-0bf6-40d1-a626-d845d4ab7f22,2015-03-22 15:28:28,informant-PC, Service Control Manager ,System,0,0,1,0,0,0,0,None,484,System,7036,0,0,0,0,0,0,0,0,0,0,0x8080000000000000,0,0,0,1,0,0,0,2015-03-22 15:28:28,1427038108.0,15,28
1733759,59017,a4359d10-1381-409a-b0a8-88646efb97e6,2015-03-22 15:28:28,informant-PC, Service Control Manager ,System,0,0,1,0,0,0,0,None,484,System,7036,0,0,0,0,0,0,0,0,0,0,0x8080000000000000,0,0,0,1,0,0,0,2015-03-22 15:28:28,1427038108.0,15,28
1733783,59017,db490182-4dd0-4a5f-a1b8-6c5e47da51ed,2015-03-22 15:28:28,informant-PC, Service Control Manager ,System,0,0,1,0,0,0,0,None,484,System,7036,0,0,0,0,0,0,0,0,0,0,0x8080000000000000,0,0,0,1,0,0,0,2015-03-22 15:28:28,1427038108.0,15,28
1733803,59017,161e5a71-41ab-40a6-99f6-7932ceee5b4c,2015-03-22 15:28:28,informant-PC, Service Control Manager ,System,0,0,1,0,0,0,0,None,484,System,7036,0,0,0,0,0,0,0,0,0,0,0x8080000000000000,0,0,0,1,0,0,0,2015-03-22 15:28:28,1427038108.0,15,28
1733806,59017,a7149124-c780-413e-857d-c8310b27fe63,2015-03-22 15:28:28,informant-PC, Service Control Manager ,System,0,0,1,0,0,0,0,None,484,System,7036,0,0,0,0,0,0,0,0,0,0,0x8080000000000000,0,0,0,1,0,0,0,2015-03-22 15:28:28,1427038108.0,15,28
1733807,59017,4c395bd8-4bad-426f-b125-7f78a59005d3,2015-03-22 15:28:28,informant-PC, Service Control Manager ,System,0,0,1,0,0,0,0,None,484,System,7036,0,0,0,0,0,0,0,0,0,0,0x8080000000000000,0,0,0,1,0,0,0,2015-03-22 15:28:28,1427038108.0,15,28
1733808,59018,87100aca-75f5-4386-9ca3-0be6d5467029,2015-03-22 15:28:28,informant-PC, Microsoft-Windows-User Profiles Service ,Application,0,1,0,0,0,0,0,None,888,Application,1532,0,0,0,0,0,0,0,0,0,0,0x8000000000000000,0,0,0,1,0,0,0,2015-03-22 15:28:28,1427038108.0,15,28
1733809,59018,83fd3cd6-fc20-46f3-8ac0-1e03b7be2ae7,2015-03-22 15:28:28,informant-PC, Microsoft-Windows-User Profiles Service ,Application,0,1,0,0,0,0,0,None,888,Application,1532,0,0,0,0,0,0,0,0,0,0,0x8000000000000000,0,0,0,1,0,0,0,2015-03-22 15:28:28,1427038108.0,15,28
1733810,59017,5cdad8c2-62d3-4bd8-90a9-b36e68af2833,2015-03-22 15:28:28,informant-PC, Service Control Manager ,System,0,0,1,0,0,0,0,None,484,System,7036,0,0,0,0,0,0,0,0,0,0,0x8080000000000000,0,0,0,1,0,0,0,2015-03-22 15:28:28,1427038108.0,15,28
1733811,59017,39c13094-5763-4fc8-9b15-b130db3da878,2015-03-22 15:28:28,informant-PC, Service Control Manager ,System,0,0,1,0,0,0,0,None,484,System,7036,0,0,0,0,0,0,0,0,0,0,0x8080000000000000,0,0,0,1,0,0,0,2015-03-22 15:28:28,1427038108.0,15,28
1733822,59017,6667ed31-8c77-44c1-a49c-c8f4576aa01a,2015-03-22 15:28:28,informant-PC, Service Control Manager ,System,0,0,1,0,0,0,0,None,484,System,7036,0,0,0,0,0,0,0,0,0,0,0x8080000000000000,0,0,0,1,0,0,0,2015-03-22 15:28:28,1427038108.0,15,28
1733823,59017,67c2b734-691d-4a08-9d8e-8443559e8e27,2015-03-22 15:28:28,informant-PC, Service Control Manager ,System,0,0,1,0,0,0,0,None,484,System,7036,0,0,0,0,0,0,0,0,0,0,0x8080000000000000,0,0,0,1,0,0,0,2015-03-22 15:28:28,1427038108.0,15,28
1733825,59017,b60aabf7-2d72-47e6-89c3-437d63636abc,2015-03-22 15:28:28,informant-PC, Service Control Manager ,System,0,0,1,0,0,0,0,None,484,System,7036,0,0,0,0,0,0,0,0,0,0,0x8080000000000000,0,0,0,1,0,0,0,2015-03-22 15:28:28,1427038108.0,15,28
1733827,59017,53263ce4-06e9-4f79-889c-9c1b855b171b,2015-03-22 15:28:28,informant-PC, Service Control Manager ,System,0,0,1,0,0,0,0,None,484,System,7036,0,0,0,0,0,0,0,0,0,0,0x8080000000000000,0,0,0,1,0,0,0,2015-03-22 15:28:28,1427038108.0,15,28
1733832,59017,a2bd4d70-e059-4298-b299-c0e009f7f18a,2015-03-22 15:28:29,informant-PC, Service Control Manager ,System,0,0,1,0,0,0,0,None,484,System,7036,0,0,0,0,0,0,0,0,0,0,0x8080000000000000,0,0,0,1,0,0,0,2015-03-22 15:28:29,1427038109.0,15,28
1733839,59017,a5f7c2da-165d-4d34-8074-39c7ea42ca5a,2015-03-22 15:28:29,informant-PC, Service Control Manager ,System,0,0,1,0,0,0,0,None,484,System,7036,0,0,0,0,0,0,0,0,0,0,0x8080000000000000,0,0,0,1,0,0,0,2015-03-22 15:28:29,1427038109.0,15,28
1733854,59017,ce778c82-1174-4c94-be6c-95b9558359ba,2015-03-22 15:28:29,informant-PC, Service Control Manager ,System,0,0,1,0,0,0,0,None,484,System,7036,0,0,0,0,0,0,0,0,0,0,0x8080000000000000,0,0,0,1,0,0,0,2015-03-22 15:28:29,1427038109.0,15,28
1733857,59017,13fcf3b0-2ddf-4d24-bf95-ed0da6859666,2015-03-22 15:28:29,informant-PC, Service Control Manager ,System,0,0,1,0,0,0,0,None,484,System,7036,0,0,0,0,0,0,0,0,0,0,0x8080000000000000,0,0,0,1,0,0,0,2015-03-22 15:28:29,1427038109.0,15,28
1733879,59017,30d88325-d506-496a-8b72-275da64b8f7f,2015-03-22 15:28:29,informant-PC, Service Control Manager ,System,0,0,1,0,0,0,0,None,484,System,7036,0,0,0,0,0,0,0,0,0,0,0x8080000000000000,0,0,0,1,0,0,0,2015-03-22 15:28:29,1427038109.0,15,28
1733883,59017,666d6845-6424-46d7-8610-4b5fed42114d,2015-03-22 15:28:29,informant-PC, Service Control Manager ,System,0,0,1,0,0,0,0,None,484,System,7036,0,0,0,0,0,0,0,0,0,0,0x8080000000000000,0,0,0,1,0,0,0,2015-03-22 15:28:29,1427038109.0,15,28
1733974,59017,de9e9c85-621b-4262-be58-39e7d48e956e,2015-03-22 15:28:29,informant-PC, Service Control Manager ,System,0,0,1,0,0,0,0,None,484,System,7036,0,0,0,0,0,0,0,0,0,0,0x8080000000000000,0,0,0,1,0,0,0,2015-03-22 15:28:29,1427038109.0,15,28
1733975,59017,1c8473ee-5281-4dee-a3cb-5222fe55d0ad,2015-03-22 15:28:29,informant-PC, Service Control Manager ,System,0,0,1,0,0,0,0,None,484,System,7036,0,0,0,0,0,0,0,0,0,0,0x8080000000000000,0,0,0,1,0,0,0,2015-03-22 15:28:29,1427038109.0,15,28
1733976,59081,8392b964-0572-4350-b31c-a1413a3fd727,2015-03-22 15:28:29,informant-PC, Microsoft-Windows-NetworkProfile ,Other,0,0,0,0,0,1,0,None,860,Microsoft-Windows-NetworkProfile/Operational,4001,0,0,0,0,0,0,0,0,0,1,0x4000200000000000,0,0,1,0,0,0,0,2015-03-22 15:28:29,1427038109.0,15,28
1733977,59081,7c5522b9-a4f6-4431-b72c-da66e72e651d,2015-03-22 15:28:29,informant-PC, Microsoft-Windows-NetworkProfile ,Other,0,0,0,0,0,1,0,None,860,Microsoft-Windows-NetworkProfile/Operational,10001,0,0,0,0,0,0,0,0,0,0,0x4000200000000000,0,0,1,0,0,0,0,2015-03-22 15:28:29,1427038109.0,15,28
1733978,59081,1ab1d04e-83df-499d-bbc8-b907eda8e4d3,2015-03-22 15:28:29,informant-PC, Microsoft-Windows-NetworkProfile ,Other,0,0,0,0,0,1,0,None,860,Microsoft-Windows-NetworkProfile/Operational,4001,0,0,0,0,0,0,0,0,0,1,0x4000200000000000,0,0,1,0,0,0,0,2015-03-22 15:28:29,1427038109.0,15,28
1733979,59081,bdd5cce6-a5ad-4bba-a9e4-13deeaa527d6,2015-03-22 15:28:29,informant-PC, Microsoft-Windows-NetworkProfile ,Other,0,0,0,0,0,1,0,None,860,Microsoft-Windows-NetworkProfile/Operational,10001,0,0,0,0,0,0,0,0,0,0,0x4000200000000000,0,0,1,0,0,0,0,2015-03-22 15:28:29,1427038109.0,15,28
1733980,59057,221a568a-7b1e-4bf5-945e-8e730695f626,2015-03-22 15:28:29,informant-PC, Microsoft-Windows-Windows Firewall With Advanced Security ,Other,0,0,0,0,0,1,0,None,1140,Microsoft-Windows-Windows Firewall With Advanced Security/Firewall,2010,0,0,0,0,0,0,0,0,0,0,0x8000000000000000,0,0,0,1,0,0,0,2015-03-22 15:28:29,1427038109.0,15,28
1733981,59057,9110d151-fc0b-4f93-82a4-0dc05a623cc6,2015-03-22 15:28:29,informant-PC, Microsoft-Windows-Windows Firewall With Advanced Security ,Other,0,0,0,0,0,1,0,None,1140,Microsoft-Windows-Windows Firewall With Advanced Security/Firewall,2002,0,0,0,0,0,0,0,0,0,0,0x8000000000000000,0,0,0,1,0,0,0,2015-03-22 15:28:29,1427038109.0,15,28
1733982,59081,a59c0a9f-4dc5-4f0d-bfcf-779ba632d14a,2015-03-22 15:28:29,informant-PC, Microsoft-Windows-NetworkProfile ,Other,0,0,0,0,0,1,0,None,860,Microsoft-Windows-NetworkProfile/Operational,10000,0,0,0,0,0,0,0,0,0,0,0x4000200000000000,0,0,1,0,0,0,0,2015-03-22 15:28:29,1427038109.0,15,28
1733983,59057,11ab9c42-d3b9-498c-ad9f-4bcc55998fc7,2015-03-22 15:28:29,informant-PC, Microsoft-Windows-Windows Firewall With Advanced Security ,Other,0,0,0,0,0,1,0,None,1140,Microsoft-Windows-Windows Firewall With Advanced Security/Firewall,2002,0,0,0,0,0,0,0,0,0,0,0x8000000000000000,0,0,0,1,0,0,0,2015-03-22 15:28:29,1427038109.0,15,28
1733984,59057,6bdfa407-ba36-4624-9dde-d974c73ccfc7,2015-03-22 15:28:29,informant-PC, Microsoft-Windows-Windows Firewall With Advanced Security ,Other,0,0,0,0,0,1,0,None,1140,Microsoft-Windows-Windows Firewall With Advanced Security/Firewall,2010,0,0,0,0,0,0,0,0,0,0,0x8000000000000000,0,0,0,1,0,0,0,2015-03-22 15:28:29,1427038109.0,15,28
1733985,59081,0e4b473d-acf1-4310-ac68-d2360ce2c4bf,2015-03-22 15:28:29,informant-PC, Microsoft-Windows-NetworkProfile ,Other,0,0,0,0,0,1,0,None,860,Microsoft-Windows-NetworkProfile/Operational,10000,0,0,0,0,0,0,0,0,0,0,0x4000200000000000,0,0,1,0,0,0,0,2015-03-22 15:28:29,1427038109.0,15,28
1734034,59017,c6908fa1-e13a-4633-9614-54131be37036,2015-03-22 15:28:29,informant-PC, Service Control Manager ,System,0,0,1,0,0,0,0,None,484,System,7036,0,0,0,0,0,0,0,0,0,0,0x8080000000000000,0,0,0,1,0,0,0,2015-03-22 15:28:29,1427038109.0,15,28
1734035,59017,b0e34136-1463-4c33-985c-87aa28c9490d,2015-03-22 15:28:29,informant-PC, Service Control Manager ,System,0,0,1,0,0,0,0,None,484,System,7036,0,0,0,0,0,0,0,0,0,0,0x8080000000000000,0,0,0,1,0,0,0,2015-03-22 15:28:29,1427038109.0,15,28
1734052,59030,a5ef7569-1ee0-4280-8838-bdd42ad7d8d8,2015-03-22 15:28:29,informant-PC, Microsoft-Windows-Windows Defender ,Other,0,0,0,0,0,1,0,None,3052,Microsoft-Windows-Windows Defender/WHC,101,0,0,0,0,0,0,0,0,0,0,0x4000000000000000,0,0,1,0,0,0,0,2015-03-22 15:28:29,1427038109.0,15,28
1734054,59017,63886478-4042-4fd4-b5d4-24939285cfe4,2015-03-22 15:28:29,informant-PC, Service Control Manager ,System,0,0,1,0,0,0,0,None,484,System,7036,0,0,0,0,0,0,0,0,0,0,0x8080000000000000,0,0,0,1,0,0,0,2015-03-22 15:28:29,1427038109.0,15,28
1734055,59017,c02f781b-ec85-4a73-9fae-c659d19cef7f,2015-03-22 15:28:29,informant-PC, Service Control Manager ,System,0,0,1,0,0,0,0,None,484,System,7036,0,0,0,0,0,0,0,0,0,0,0x8080000000000000,0,0,0,1,0,0,0,2015-03-22 15:28:29,1427038109.0,15,28
1734057,59030,29ee088c-254b-4897-92ed-3996e4ae7116,2015-03-22 15:28:29,informant-PC, Microsoft-Windows-Windows Defender ,Other,0,0,0,0,0,1,0,None,3052,Microsoft-Windows-Windows Defender/WHC,101,0,0,0,0,0,0,0,0,0,0,0x4000000000000000,0,0,1,0,0,0,0,2015-03-22 15:28:29,1427038109.0,15,28
1734296,59017,9a529233-1157-422a-adec-063e16f1eb33,2015-03-22 15:28:31,informant-PC, Service Control Manager ,System,0,0,1,0,0,0,0,None,484,System,7036,0,0,0,0,0,0,0,0,0,0,0x8080000000000000,0,0,0,1,0,0,0,2015-03-22 15:28:31,1427038111.0,15,28
1734297,59017,c65f937c-eaa7-4ca1-ac2d-89db997eb2f9,2015-03-22 15:28:31,informant-PC, Service Control Manager ,System,0,0,1,0,0,0,0,None,484,System,7036,0,0,0,0,0,0,0,0,0,0,0x8080000000000000,0,0,0,1,0,0,0,2015-03-22 15:28:31,1427038111.0,15,28
1734298,59017,3c10d7b1-30cd-41f0-9ea6-8cacc9708d9d,2015-03-22 15:28:32,informant-PC, Microsoft-Windows-Kernel-Power ,System,0,0,1,0,0,0,0,None,388,System,109,0,0,0,0,0,0,0,0,0,103,0x8000000000000004,0,0,0,1,0,0,0,2015-03-22 15:28:32,1427038112.0,15,28
1734299,59017,17cbe468-ef4a-4ff9-a265-299ebec3edfd,2015-03-22 15:28:32,informant-PC, Microsoft-Windows-Kernel-Power ,System,0,0,1,0,0,0,0,None,388,System,109,0,0,0,0,0,0,0,0,0,103,0x8000000000000004,0,0,0,1,0,0,0,2015-03-22 15:28:32,1427038112.0,15,28
1734370,59017,3346be67-b0fb-4511-b8c7-313e755abadf,2015-03-22 15:28:33,informant-PC, Microsoft-Windows-Kernel-General ,System,0,0,1,0,0,0,0,None,4,System,13,0,0,0,0,0,0,0,0,0,0,0x8000000000000000,0,0,0,1,0,0,0,2015-03-22 15:28:33,1427038113.0,15,28
1734386,59017,e42cf886-1dd0-4b5d-895e-e456151f97c5,2015-03-22 15:28:33,informant-PC, Microsoft-Windows-Kernel-General ,System,0,0,1,0,0,0,0,None,4,System,13,0,0,0,0,0,0,0,0,0,0,0x8000000000000000,0,0,0,1,0,0,0,2015-03-22 15:28:33,1427038113.0,15,28
1734542,59017,231e5456-881a-4f83-912e-99e12a2605cc,2015-03-22 15:43:17,informant-PC, Microsoft-Windows-Kernel-General ,System,0,0,1,0,0,0,0,None,4,System,12,0,0,0,0,0,0,0,0,0,0,0x8000000000000000,0,0,0,1,0,0,0,2015-03-22 15:43:17,1427038997.0,15,43
1734543,59017,5e06105c-1a01-4037-a744-e2f532a975f7,2015-03-22 15:43:17,informant-PC, Microsoft-Windows-Kernel-General ,System,0,0,1,0,0,0,0,None,4,System,12,0,0,0,0,0,0,0,0,0,0,0x8000000000000000,0,0,0,1,0,0,0,2015-03-22 15:43:17,1427038997.0,15,43
1734662,59017,24acb1c7-a42f-44b1-99f3-fdc4efed5de4,2015-03-22 15:43:22,informant-PC, Microsoft-Windows-FilterManager ,System,0,0,1,0,0,0,0,None,4,System,6,0,0,0,0,0,0,0,0,0,0,0x8000000000000000,0,0,0,1,0,0,0,2015-03-22 15:43:22,1427039002.0,15,43
1734663,59017,1d145842-1ea6-4237-af48-b1c52e5f8479,2015-03-22 15:43:22,informant-PC, Microsoft-Windows-FilterManager ,System,0,0,1,0,0,0,0,None,4,System,6,0,0,0,0,0,0,0,0,0,0,0x8000000000000000,0,0,0,1,0,0,0,2015-03-22 15:43:22,1427039002.0,15,43
1734664,59039,58fe4114-5599-4cf8-b56a-f3c3a79dbbf3,2015-03-22 15:43:26,informant-PC, Microsoft-Windows-Kernel-WHEA ,Other,0,0,0,0,0,1,0,None,4,Microsoft-Windows-Kernel-WHEA/Operational,5,0,0,0,0,0,0,0,0,0,0,0x2000000000000000,0,1,0,0,0,0,0,2015-03-22 15:43:26,1427039006.0,15,43
1734665,59039,cd15ff9e-33e3-4ec3-8374-0672bfe1d6dc,2015-03-22 15:43:26,informant-PC, Microsoft-Windows-Kernel-WHEA ,Other,0,0,0,0,0,1,0,None,4,Microsoft-Windows-Kernel-WHEA/Operational,5,0,0,0,0,0,0,0,0,0,0,0x2000000000000000,0,1,0,0,0,0,0,2015-03-22 15:43:26,1427039006.0,15,43
1734680,59017,28648b4c-8903-412f-b344-4ff77f409309,2015-03-22 15:43:33,informant-PC, Microsoft-Windows-Kernel-Processor-Power ,System,0,0,1,0,0,0,0,None,4,System,26,0,0,0,0,0,0,0,0,0,4,0x8000000000000000,0,0,0,1,0,0,0,2015-03-22 15:43:33,1427039013.0,15,43
1734682,59017,610ad0a0-1887-4eb2-80aa-b5e72246892f,2015-03-22 15:43:33,informant-PC, Microsoft-Windows-Kernel-Processor-Power ,System,0,0,1,0,0,0,0,None,4,System,26,0,0,0,0,0,0,0,0,0,4,0x8000000000000000,0,0,0,1,0,0,0,2015-03-22 15:43:33,1427039013.0,15,43
1734692,59017,1a1b694b-1d88-4c0c-aeda-54777ccbb165,2015-03-22 15:43:33,informant-PC, Microsoft-Windows-Kernel-Processor-Power ,System,0,0,1,0,0,0,0,None,4,System,26,0,0,0,0,0,0,0,0,0,4,0x8000000000000000,0,0,0,1,0,0,0,2015-03-22 15:43:33,1427039013.0,15,43
1734694,59017,74dae4f9-91f9-4928-ba19-2ec94129f770,2015-03-22 15:43:33,informant-PC, Microsoft-Windows-Kernel-Processor-Power ,System,0,0,1,0,0,0,0,None,4,System,26,0,0,0,0,0,0,0,0,0,4,0x8000000000000000,0,0,0,1,0,0,0,2015-03-22 15:43:33,1427039013.0,15,43
1734772,59019,55a89b09-592c-4360-ace2-1d0c7db4cb2a,2015-03-22 15:43:36,informant-PC, Microsoft-Windows-Security-Auditing ,Security,1,0,0,0,0,0,0,None,500,Security,4608,0,0,0,0,0,0,0,0,1,12288,0x8020000000000000,0,0,0,1,0,0,0,2015-03-22 15:43:36,1427039016.0,15,43
1734773,59019,159807fe-e663-4488-a3aa-463549e95d0d,2015-03-22 15:43:36,informant-PC, Microsoft-Windows-Security-Auditing ,Security,1,0,0,0,0,0,0,S-1-5-18,500,Security,4624,0,0,0,1,0,0,0,0,0,12544,0x8020000000000000,0,0,0,1,0,0,0,2015-03-22 15:43:36,1427039016.0,15,43
1734774,59019,9ec51f93-2c30-4903-9e63-8505104421c2,2015-03-22 15:43:36,informant-PC, Microsoft-Windows-Security-Auditing ,Security,1,0,0,0,0,0,0,None,500,Security,4608,0,0,0,0,0,0,0,0,1,12288,0x8020000000000000,0,0,0,1,0,0,0,2015-03-22 15:43:36,1427039016.0,15,43
1734775,59019,3812b58b-f805-4ec1-9231-3222068fad0e,2015-03-22 15:43:36,informant-PC, Microsoft-Windows-Security-Auditing ,Security,1,0,0,0,0,0,0,S-1-5-18,500,Security,4624,0,0,0,1,0,0,0,0,0,12544,0x8020000000000000,0,0,0,1,0,0,0,2015-03-22 15:43:36,1427039016.0,15,43
1734786,59019,da38b009-4195-477b-8e1c-2f93fc9e25fc,2015-03-22 15:43:36,informant-PC, Microsoft-Windows-Security-Auditing ,Security,1,0,0,0,0,0,0,None,500,Security,4902,0,0,0,0,0,0,1,0,0,13568,0x8020000000000000,0,0,0,1,0,0,0,2015-03-22 15:43:36,1427039016.0,15,43
1734787,59019,812dc35e-5705-477e-bdb5-ff4574e84d4a,2015-03-22 15:43:36,informant-PC, Microsoft-Windows-Security-Auditing ,Security,1,0,0,0,0,0,0,None,500,Security,4902,0,0,0,0,0,0,1,0,0,13568,0x8020000000000000,0,0,0,1,0,0,0,2015-03-22 15:43:36,1427039016.0,15,43
1734792,59019,59e3ca78-ecb9-403e-bdef-05e7ba2b32f4,2015-03-22 15:43:37,informant-PC, Microsoft-Windows-Security-Auditing ,Security,1,0,0,0,0,0,0,S-1-5-18,500,Security,4624,0,0,0,1,0,0,0,0,0,12544,0x8020000000000000,0,0,0,1,0,0,0,2015-03-22 15:43:37,1427039017.0,15,43
1734793,59019,9d5b132b-4234-4cae-a7e4-ab824e3da696,2015-03-22 15:43:37,informant-PC, Microsoft-Windows-Security-Auditing ,Security,1,0,0,0,0,0,0,S-1-5-18,500,Security,4624,0,0,0,1,0,0,0,0,0,12544,0x8020000000000000,0,0,0,1,0,0,0,2015-03-22 15:43:37,1427039017.0,15,43
1734794,59019,a857eb23-471d-46c4-8ec2-803b0e31bc7e,2015-03-22 15:43:37,informant-PC, Microsoft-Windows-Security-Auditing ,Security,1,0,0,0,0,0,0,None,500,Security,4672,0,0,0,1,0,0,0,0,0,12548,0x8020000000000000,0,0,0,1,0,0,0,2015-03-22 15:43:37,1427039017.0,15,43
1734795,59019,15e5bafb-6c50-42a2-9388-63de575c26c4,2015-03-22 15:43:37,informant-PC, Microsoft-Windows-Security-Auditing ,Security,1,0,0,0,0,0,0,None,500,Security,4672,0,0,0,1,0,0,0,0,0,12548,0x8020000000000000,0,0,0,1,0,0,0,2015-03-22 15:43:37,1427039017.0,15,43
1734796,59018,6b33c694-80be-49f1-8496-4103fafd4844,2015-03-22 15:43:38,informant-PC, EventSystem ,Application,0,1,0,0,0,0,0,None,0,Application,4625,0,0,0,1,0,0,0,0,0,0,0x0080000000000000,0,0,0,0,0,0,0,2015-03-22 15:43:38,1427039018.0,15,43
1734797,59017,9019c44c-71e0-4902-84d5-8e6650a007db,2015-03-22 15:43:38,informant-PC, EventLog ,System,0,0,1,0,0,0,0,None,None,System,6005,0,0,0,0,0,0,0,0,0,0,0x0080000000000000,0,0,0,0,0,0,0,2015-03-22 15:43:38,1427039018.0,15,43
1734798,59018,f0977660-1000-47d3-a806-d54c663aa3ff,2015-03-22 15:43:38,informant-PC, EventSystem ,Application,0,1,0,0,0,0,0,None,0,Application,4625,0,0,0,1,0,0,0,0,0,0,0x0080000000000000,0,0,0,0,0,0,0,2015-03-22 15:43:38,1427039018.0,15,43
1734799,59017,74c591d8-8a6c-4ec1-b5a3-e6d19182b4af,2015-03-22 15:43:38,informant-PC, EventLog ,System,0,0,1,0,0,0,0,None,None,System,6013,0,0,0,0,0,0,0,0,0,0,0x0080000000000000,0,0,0,0,0,0,0,2015-03-22 15:43:38,1427039018.0,15,43
1734800,59017,733753be-5698-4b8b-8fe3-936a1349fc51,2015-03-22 15:43:38,informant-PC, EventLog ,System,0,0,1,0,0,0,0,None,None,System,6009,0,0,0,0,0,0,0,0,0,0,0x0080000000000000,0,0,0,0,0,0,0,2015-03-22 15:43:38,1427039018.0,15,43
1734801,59017,35b016ba-5a03-4451-a866-e577df407e2b,2015-03-22 15:43:38,informant-PC, EventLog ,System,0,0,1,0,0,0,0,None,None,System,6013,0,0,0,0,0,0,0,0,0,0,0x0080000000000000,0,0,0,0,0,0,0,2015-03-22 15:43:38,1427039018.0,15,43
1734802,59017,32351bb8-5886-4ec1-b4f0-49f3f3577483,2015-03-22 15:43:38,informant-PC, EventLog ,System,0,0,1,0,0,0,0,None,None,System,6009,0,0,0,0,0,0,0,0,0,0,0x0080000000000000,0,0,0,0,0,0,0,2015-03-22 15:43:38,1427039018.0,15,43
1734803,59017,e1022fc0-0ed5-4e41-9c10-7b6ff9777d9b,2015-03-22 15:43:38,informant-PC, EventLog ,System,0,0,1,0,0,0,0,None,None,System,6005,0,0,0,0,0,0,0,0,0,0,0x0080000000000000,0,0,0,0,0,0,0,2015-03-22 15:43:38,1427039018.0,15,43
1734804,59017,969417d3-21df-4f06-8549-1b0a2563a86f,2015-03-22 15:43:38,informant-PC, Service Control Manager ,System,0,0,1,0,0,0,0,None,484,System,7036,0,0,0,0,0,0,0,0,0,0,0x8080000000000000,0,0,0,1,0,0,0,2015-03-22 15:43:38,1427039018.0,15,43
1734805,59017,846e2974-edc8-4220-985c-8b7e927e2099,2015-03-22 15:43:38,informant-PC, Service Control Manager ,System,0,0,1,0,0,0,0,None,484,System,7036,0,0,0,0,0,0,0,0,0,0,0x8080000000000000,0,0,0,1,0,0,0,2015-03-22 15:43:38,1427039018.0,15,43
1734806,59017,723c5e98-167f-4d88-bc2e-93c544479f6e,2015-03-22 15:43:38,informant-PC, Microsoft-Windows-UserPnp ,System,0,0,1,0,0,0,0,None,604,System,20010,0,0,0,0,0,0,0,0,0,7010,0x8000000000000000,0,0,0,1,0,0,0,2015-03-22 15:43:38,1427039018.0,15,43
1734807,59017,01105e65-9915-4ea1-a757-a6a1dce14be6,2015-03-22 15:43:38,informant-PC, Microsoft-Windows-UserPnp ,System,0,0,1,0,0,0,0,None,604,System,20010,0,0,0,0,0,0,0,0,0,7010,0x8000000000000000,0,0,0,1,0,0,0,2015-03-22 15:43:38,1427039018.0,15,43
1734808,59017,dc9ca035-0996-479a-8f16-834d2cb7912e,2015-03-22 15:43:38,informant-PC, Service Control Manager ,System,0,0,1,0,0,0,0,None,484,System,7036,0,0,0,0,0,0,0,0,0,0,0x8080000000000000,0,0,0,1,0,0,0,2015-03-22 15:43:38,1427039018.0,15,43
1734809,59017,ea2589e5-fbd5-408d-874f-a95febb3648c,2015-03-22 15:43:38,informant-PC, Service Control Manager ,System,0,0,1,0,0,0,0,None,484,System,7036,0,0,0,0,0,0,0,0,0,0,0x8080000000000000,0,0,0,1,0,0,0,2015-03-22 15:43:38,1427039018.0,15,43
1734810,59017,34f82e8e-bfbb-4ef5-a02c-6a76d8ddbe0c,2015-03-22 15:43:38,informant-PC, Service Control Manager ,System,0,0,1,0,0,0,0,None,484,System,7036,0,0,0,0,0,0,0,0,0,0,0x8080000000000000,0,0,0,1,0,0,0,2015-03-22 15:43:38,1427039018.0,15,43
1734811,59019,36282352-9f9b-4d84-9111-25b6ee7e2086,2015-03-22 15:43:38,informant-PC, Microsoft-Windows-Security-Auditing ,Security,1,0,0,0,0,0,0,None,500,Security,4672,0,0,0,1,0,0,0,0,0,12548,0x8020000000000000,0,0,0,1,0,0,0,2015-03-22 15:43:38,1427039018.0,15,43
1734812,59017,f6d6efb6-ad16-4c2a-a43e-97f07e7cb907,2015-03-22 15:43:38,informant-PC, Microsoft-Windows-FilterManager ,System,0,0,1,0,0,0,0,None,4,System,6,0,0,0,0,0,0,0,0,0,0,0x8000000000000000,0,0,0,1,0,0,0,2015-03-22 15:43:38,1427039018.0,15,43
1734813,59019,cc01d9a7-2a23-4049-a1d5-0456dd96c24a,2015-03-22 15:43:38,informant-PC, Microsoft-Windows-Security-Auditing ,Security,1,0,0,0,0,0,0,S-1-5-20,500,Security,4624,0,0,0,1,0,0,0,0,0,12544,0x8020000000000000,0,0,0,1,0,0,0,2015-03-22 15:43:38,1427039018.0,15,43
1734814,59019,cb29c3d7-f7a7-4718-a047-9bb70df96681,2015-03-22 15:43:38,informant-PC, Microsoft-Windows-Security-Auditing ,Security,1,0,0,0,0,0,0,S-1-5-20,500,Security,4624,0,0,0,1,0,0,0,0,0,12544,0x8020000000000000,0,0,0,1,0,0,0,2015-03-22 15:43:38,1427039018.0,15,43
1734815,59017,e9a5bf1e-66f6-4124-892a-8043ef5f6ef5,2015-03-22 15:43:38,informant-PC, Microsoft-Windows-FilterManager ,System,0,0,1,0,0,0,0,None,4,System,6,0,0,0,0,0,0,0,0,0,0,0x8000000000000000,0,0,0,1,0,0,0,2015-03-22 15:43:38,1427039018.0,15,43
1734816,59017,5c20f229-ae80-4036-ada4-b2076e364f1b,2015-03-22 15:43:38,informant-PC, Service Control Manager ,System,0,0,1,0,0,0,0,None,484,System,7036,0,0,0,0,0,0,0,0,0,0,0x8080000000000000,0,0,0,1,0,0,0,2015-03-22 15:43:38,1427039018.0,15,43
1734817,59019,929e0103-498c-47df-9cf4-bfd5514b7c70,2015-03-22 15:43:38,informant-PC, Microsoft-Windows-Security-Auditing ,Security,1,0,0,0,0,0,0,None,500,Security,4672,0,0,0,1,0,0,0,0,0,12548,0x8020000000000000,0,0,0,1,0,0,0,2015-03-22 15:43:38,1427039018.0,15,43
1734818,59017,d37f3839-8065-4631-bdb1-ed99f613a4bc,2015-03-22 15:43:38,informant-PC, Service Control Manager ,System,0,0,1,0,0,0,0,None,484,System,7036,0,0,0,0,0,0,0,0,0,0,0x8080000000000000,0,0,0,1,0,0,0,2015-03-22 15:43:38,1427039018.0,15,43
1734819,59017,e44dcd59-21e2-451e-a88f-f34f36a8bebc,2015-03-22 15:43:38,informant-PC, Service Control Manager ,System,0,0,1,0,0,0,0,None,484,System,7036,0,0,0,0,0,0,0,0,0,0,0x8080000000000000,0,0,0,1,0,0,0,2015-03-22 15:43:38,1427039018.0,15,43
1734820,59017,06443e0b-0fa3-46d2-ba47-20d7ad442998,2015-03-22 15:43:38,informant-PC, Service Control Manager ,System,0,0,1,0,0,0,0,None,484,System,7036,0,0,0,0,0,0,0,0,0,0,0x8080000000000000,0,0,0,1,0,0,0,2015-03-22 15:43:38,1427039018.0,15,43
1734821,59019,5116b7eb-9638-4981-affa-fa68ab5494a9,2015-03-22 15:43:38,informant-PC, Microsoft-Windows-Security-Auditing ,Security,1,0,0,0,0,0,0,S-1-5-19,500,Security,4624,0,0,0,1,0,0,0,0,0,12544,0x8020000000000000,0,0,0,1,0,0,0,2015-03-22 15:43:38,1427039018.0,15,43
1734822,59019,c1a56075-3727-4f13-8351-bd51a9771b7d,2015-03-22 15:43:38,informant-PC, Microsoft-Windows-Security-Auditing ,Security,1,0,0,0,0,0,0,None,500,Security,4672,0,0,0,1,0,0,0,0,0,12548,0x8020000000000000,0,0,0,1,0,0,0,2015-03-22 15:43:38,1427039018.0,15,43
1734823,59017,4f762aca-c5dd-4962-8770-e231f4747770,2015-03-22 15:43:38,informant-PC, Service Control Manager ,System,0,0,1,0,0,0,0,None,484,System,7036,0,0,0,0,0,0,0,0,0,0,0x8080000000000000,0,0,0,1,0,0,0,2015-03-22 15:43:38,1427039018.0,15,43
1734824,59019,49dbba6e-9aef-4724-898b-8d1a33533c3c,2015-03-22 15:43:38,informant-PC, Microsoft-Windows-Security-Auditing ,Security,1,0,0,0,0,0,0,S-1-5-19,500,Security,4624,0,0,0,1,0,0,0,0,0,12544,0x8020000000000000,0,0,0,1,0,0,0,2015-03-22 15:43:38,1427039018.0,15,43
1734825,59019,ec2df894-8566-4467-9be3-122e47e8f50c,2015-03-22 15:43:38,informant-PC, Microsoft-Windows-Security-Auditing ,Security,1,0,0,0,0,0,0,None,500,Security,4672,0,0,0,1,0,0,0,0,0,12548,0x8020000000000000,0,0,0,1,0,0,0,2015-03-22 15:43:38,1427039018.0,15,43
1734826,59019,63c79799-cbb0-46e6-a685-eaee07a37f8b,2015-03-22 15:43:38,informant-PC, Microsoft-Windows-Security-Auditing ,Security,1,0,0,0,0,0,0,S-1-5-18,500,Security,4624,0,0,0,1,0,0,0,0,0,12544,0x8020000000000000,0,0,0,1,0,0,0,2015-03-22 15:43:38,1427039018.0,15,43
1734828,59019,cf6b69b1-42c1-4507-a75d-7857f6e8d165,2015-03-22 15:43:38,informant-PC, Microsoft-Windows-Security-Auditing ,Security,1,0,0,0,0,0,0,S-1-5-18,500,Security,4624,0,0,0,1,0,0,0,0,0,12544,0x8020000000000000,0,0,0,1,0,0,0,2015-03-22 15:43:38,1427039018.0,15,43
1734834,59019,e6f83994-69b5-4ea6-aac7-b4dd6a695132,2015-03-22 15:43:38,informant-PC, Microsoft-Windows-Security-Auditing ,Security,1,0,0,0,0,0,0,None,500,Security,4672,0,0,0,1,0,0,0,0,0,12548,0x8020000000000000,0,0,0,1,0,0,0,2015-03-22 15:43:38,1427039018.0,15,43
1734835,59017,f4128f99-7843-4f9b-b3fa-22f1f4fbd59e,2015-03-22 15:43:38,informant-PC, Service Control Manager ,System,0,0,1,0,0,0,0,None,484,System,7036,0,0,0,0,0,0,0,0,0,0,0x8080000000000000,0,0,0,1,0,0,0,2015-03-22 15:43:38,1427039018.0,15,43
1734837,59017,e944fc0b-8036-4e80-b6f0-74dd57aa8933,2015-03-22 15:43:38,informant-PC, Service Control Manager ,System,0,0,1,0,0,0,0,None,484,System,7036,0,0,0,0,0,0,0,0,0,0,0x8080000000000000,0,0,0,1,0,0,0,2015-03-22 15:43:38,1427039018.0,15,43
1734838,59019,212a6399-fa9e-4fb0-8a13-e12d79f6cf89,2015-03-22 15:43:38,informant-PC, Microsoft-Windows-Security-Auditing ,Security,1,0,0,0,0,0,0,None,500,Security,4672,0,0,0,1,0,0,0,0,0,12548,0x8020000000000000,0,0,0,1,0,0,0,2015-03-22 15:43:38,1427039018.0,15,43
1734857,59019,ff76bf5c-b1e3-45c0-bf1c-d11e6f19fba3,2015-03-22 15:43:38,informant-PC, Microsoft-Windows-Security-Auditing ,Security,1,0,0,0,0,0,0,S-1-5-18,500,Security,4624,0,0,0,1,0,0,0,0,0,12544,0x8020000000000000,0,0,0,1,0,0,0,2015-03-22 15:43:38,1427039018.0,15,43
1734858,59019,78256d82-69ea-4e4d-b725-eb64b06a0853,2015-03-22 15:43:38,informant-PC, Microsoft-Windows-Security-Auditing ,Security,1,0,0,0,0,0,0,None,500,Security,4672,0,0,0,1,0,0,0,0,0,12548,0x8020000000000000,0,0,0,1,0,0,0,2015-03-22 15:43:38,1427039018.0,15,43
1734859,59019,a68e7c88-c454-48d1-a110-f03128f6bd9b,2015-03-22 15:43:38,informant-PC, Microsoft-Windows-Security-Auditing ,Security,1,0,0,0,0,0,0,None,500,Security,4672,0,0,0,1,0,0,0,0,0,12548,0x8020000000000000,0,0,0,1,0,0,0,2015-03-22 15:43:38,1427039018.0,15,43
1734862,59019,87225926-3a86-444d-b149-8c2bd80c7fb1,2015-03-22 15:43:38,informant-PC, Microsoft-Windows-Security-Auditing ,Security,1,0,0,0,0,0,0,S-1-5-18,500,Security,4624,0,0,0,1,0,0,0,0,0,12544,0x8020000000000000,0,0,0,1,0,0,0,2015-03-22 15:43:38,1427039018.0,15,43
1734864,59017,225a23e5-17bb-4253-8c06-456134fc4d41,2015-03-22 15:43:38,informant-PC, Service Control Manager ,System,0,0,1,0,0,0,0,None,484,System,7036,0,0,0,0,0,0,0,0,0,0,0x8080000000000000,0,0,0,1,0,0,0,2015-03-22 15:43:38,1427039018.0,15,43
1734865,59017,2d81d66e-2679-4340-ba4d-445796da0bb3,2015-03-22 15:43:38,informant-PC, Service Control Manager ,System,0,0,1,0,0,0,0,None,484,System,7036,0,0,0,0,0,0,0,0,0,0,0x8080000000000000,0,0,0,1,0,0,0,2015-03-22 15:43:38,1427039018.0,15,43
1734866,59017,8b315f7f-f2f3-4686-89c6-f96523cbbb2d,2015-03-22 15:43:38,informant-PC, Service Control Manager ,System,0,0,1,0,0,0,0,None,484,System,7036,0,0,0,0,0,0,0,0,0,0,0x8080000000000000,0,0,0,1,0,0,0,2015-03-22 15:43:38,1427039018.0,15,43
1734867,59017,fbeb0c07-34f8-462a-a6c1-d0ddd794a5b4,2015-03-22 15:43:38,informant-PC, Service Control Manager ,System,0,0,1,0,0,0,0,None,484,System,7036,0,0,0,0,0,0,0,0,0,0,0x8080000000000000,0,0,0,1,0,0,0,2015-03-22 15:43:38,1427039018.0,15,43
1734870,59017,bf607ad4-272b-482b-aaf3-19b9b7ba1884,2015-03-22 15:43:38,informant-PC, Service Control Manager ,System,0,0,1,0,0,0,0,None,484,System,7036,0,0,0,0,0,0,0,0,0,0,0x8080000000000000,0,0,0,1,0,0,0,2015-03-22 15:43:38,1427039018.0,15,43
1734871,59017,a52d8921-927e-4c12-8497-01d1aec482e2,2015-03-22 15:43:38,informant-PC, Service Control Manager ,System,0,0,1,0,0,0,0,None,484,System,7036,0,0,0,0,0,0,0,0,0,0,0x8080000000000000,0,0,0,1,0,0,0,2015-03-22 15:43:38,1427039018.0,15,43
1734873,59017,26e67e15-c767-4926-899d-b50b1dfde4e9,2015-03-22 15:43:38,informant-PC, Service Control Manager ,System,0,0,1,0,0,0,0,None,484,System,7036,0,0,0,0,0,0,0,0,0,0,0x8080000000000000,0,0,0,1,0,0,0,2015-03-22 15:43:38,1427039018.0,15,43
1734876,59017,9ec5d9b5-f73d-4e98-b390-87ecc151c466,2015-03-22 15:43:38,informant-PC, Service Control Manager ,System,0,0,1,0,0,0,0,None,484,System,7036,0,0,0,0,0,0,0,0,0,0,0x8080000000000000,0,0,0,1,0,0,0,2015-03-22 15:43:38,1427039018.0,15,43
1734880,59017,03a9147f-ae17-451e-820e-1ed8272e0b82,2015-03-22 15:43:38,informant-PC, Service Control Manager ,System,0,0,1,0,0,0,0,None,484,System,7036,0,0,0,0,0,0,0,0,0,0,0x8080000000000000,0,0,0,1,0,0,0,2015-03-22 15:43:38,1427039018.0,15,43
1734883,59017,889db210-b635-4ea7-9040-93052484255a,2015-03-22 15:43:38,informant-PC, Service Control Manager ,System,0,0,1,0,0,0,0,None,484,System,7036,0,0,0,0,0,0,0,0,0,0,0x8080000000000000,0,0,0,1,0,0,0,2015-03-22 15:43:38,1427039018.0,15,43
1734888,59042,90432610-8268-4c76-b004-05bd08b1f247,2015-03-22 15:43:38,informant-PC, Microsoft-Windows-GroupPolicy ,Other,0,0,0,0,0,1,0,None,904,Microsoft-Windows-GroupPolicy/Operational,5320,0,0,0,0,0,0,0,0,0,0,0x4000000000000000,0,0,1,0,0,0,0,2015-03-22 15:43:38,1427039018.0,15,43
