1811369,59112,561931e2-c2ec-4378-bf13-89f6023f131d,2015-03-23 17:33:22,informant-PC, Microsoft-Windows-Bits-Client ,Other,0,0,0,0,0,1,0,None,892,Microsoft-Windows-Bits-Client/Operational,4,0,0,0,0,0,0,0,0,0,0,0x4000000000000000,0,0,1,0,0,0,0,2015-03-23 17:33:22,1427132002.0,17,33
1811521,59018,e5952bdb-626a-4645-adc4-75bd093f1ec5,2015-03-23 17:34:28,informant-PC, Office Software Protection Platform Service ,Application,0,1,0,0,0,0,0,None,None,Application,900,0,0,0,0,0,0,0,0,0,0,0x0080000000000000,0,0,0,0,0,0,0,2015-03-23 17:34:28,1427132068.0,17,34
1811522,59018,fceb37bc-7512-473b-aa3e-1fb75349f7f8,2015-03-23 17:34:28,informant-PC, Office Software Protection Platform Service ,Application,0,1,0,0,0,0,0,None,None,Application,900,0,0,0,0,0,0,0,0,0,0,0x0080000000000000,0,0,0,0,0,0,0,2015-03-23 17:34:28,1427132068.0,17,34
1811539,59017,0cad45f8-0608-42ae-b9f0-5d6573f51060,2015-03-23 17:34:28,informant-PC, Service Control Manager ,System,0,0,1,0,0,0,0,None,484,System,7036,0,0,0,0,0,0,0,0,0,0,0x8080000000000000,0,0,0,1,0,0,0,2015-03-23 17:34:28,1427132068.0,17,34
1811540,59017,7a16290a-bb7c-4a5c-a18e-002325f41c6e,2015-03-23 17:34:28,informant-PC, Service Control Manager ,System,0,0,1,0,0,0,0,None,484,System,7036,0,0,0,0,0,0,0,0,0,0,0x8080000000000000,0,0,0,1,0,0,0,2015-03-23 17:34:28,1427132068.0,17,34
1811543,59018,a5337067-e83d-44d3-84b3-3e52ff175def,2015-03-23 17:34:29,informant-PC, Office Software Protection Platform Service ,Application,0,1,0,0,0,0,0,None,None,Application,1003,0,0,0,0,0,0,0,0,0,0,0x0080000000000000,0,0,0,0,0,0,0,2015-03-23 17:34:29,1427132069.0,17,34
1811544,59018,1c1ef685-ddcb-4f48-b5c1-3b7a3ee8bc52,2015-03-23 17:34:29,informant-PC, Office Software Protection Platform Service ,Application,0,1,0,0,0,0,0,None,None,Application,1066,0,0,0,0,0,0,0,0,0,0,0x0080000000000000,0,0,0,0,0,0,0,2015-03-23 17:34:29,1427132069.0,17,34
1811545,59018,57a04be4-5dc1-4100-900b-76127c68d199,2015-03-23 17:34:29,informant-PC, Office Software Protection Platform Service ,Application,0,1,0,0,0,0,0,None,None,Application,1003,0,0,0,0,0,0,0,0,0,0,0x0080000000000000,0,0,0,0,0,0,0,2015-03-23 17:34:29,1427132069.0,17,34
1811546,59018,ff131123-0998-42a6-ba1c-0c445dd51735,2015-03-23 17:34:29,informant-PC, Office Software Protection Platform Service ,Application,0,1,0,0,0,0,0,None,None,Application,902,0,0,0,0,0,0,0,0,0,0,0x0080000000000000,0,0,0,0,0,0,0,2015-03-23 17:34:29,1427132069.0,17,34
1811547,59018,9813865a-fecc-4d79-a9c8-0899e3e8721c,2015-03-23 17:34:29,informant-PC, Office Software Protection Platform Service ,Application,0,1,0,0,0,0,0,None,None,Application,902,0,0,0,0,0,0,0,0,0,0,0x0080000000000000,0,0,0,0,0,0,0,2015-03-23 17:34:29,1427132069.0,17,34
1811548,59018,5d99978d-8eb2-4721-a1c6-9290331f00f6,2015-03-23 17:34:29,informant-PC, Office Software Protection Platform Service ,Application,0,1,0,0,0,0,0,None,None,Application,1066,0,0,0,0,0,0,0,0,0,0,0x0080000000000000,0,0,0,0,0,0,0,2015-03-23 17:34:29,1427132069.0,17,34
1811628,59018,8efbf58a-ed54-4d52-a893-80dce9d6c752,2015-03-23 17:36:48,informant-PC, Outlook ,Application,0,1,0,0,0,0,0,None,None,Application,30,0,0,0,0,0,0,0,0,0,0,0x0080000000000000,0,0,0,0,0,0,0,2015-03-23 17:36:48,1427132208.0,17,36
1811629,59018,abac3124-cb15-44df-b4c0-c1fef2a36aab,2015-03-23 17:36:48,informant-PC, Outlook ,Application,0,1,0,0,0,0,0,None,None,Application,30,0,0,0,0,0,0,0,0,0,0,0x0080000000000000,0,0,0,0,0,0,0,2015-03-23 17:36:48,1427132208.0,17,36
1811658,59018,fdada3cf-6a8c-4e39-bfe5-30188c1de5c6,2015-03-23 17:36:54,informant-PC, Outlook ,Application,0,1,0,0,0,0,0,None,None,Application,38,0,0,0,0,0,0,0,0,0,0,0x0080000000000000,0,0,0,0,0,0,0,2015-03-23 17:36:54,1427132214.0,17,36
1811659,59018,273ce248-61e2-485a-9ca9-94f6da162185,2015-03-23 17:36:54,informant-PC, Outlook ,Application,0,1,0,0,0,0,0,None,None,Application,38,0,0,0,0,0,0,0,0,0,0,0x0080000000000000,0,0,0,0,0,0,0,2015-03-23 17:36:54,1427132214.0,17,36
1892744,59018,69e4b386-85ca-4cf6-a4d2-887aff1067e9,2015-03-23 17:37:43,informant-PC, .NET Runtime Optimization Service ,Application,0,1,0,0,0,0,0,None,None,Application,1130,0,0,0,0,0,0,0,0,0,0,0x0080000000000000,0,0,0,0,0,0,0,2015-03-23 17:37:43,1427132263.0,17,37
1892745,59018,776d2b59-c1d1-4245-a79e-172515c7c21f,2015-03-23 17:37:43,informant-PC, .NET Runtime Optimization Service ,Application,0,1,0,0,0,0,0,None,None,Application,1130,0,0,0,0,0,0,0,0,0,0,0x0080000000000000,0,0,0,0,0,0,0,2015-03-23 17:37:43,1427132263.0,17,37
1897944,59017,b1bb9d8d-27c5-4828-885e-089e16adac7d,2015-03-23 17:38:11,informant-PC, Service Control Manager ,System,0,0,1,0,0,0,0,None,484,System,7040,0,0,0,0,0,0,0,0,0,0,0x8080000000000000,0,0,0,1,0,0,0,2015-03-23 17:38:11,1427132291.0,17,38
1897948,59017,a96dd369-f2d3-4def-a14a-18156295310f,2015-03-23 17:38:11,informant-PC, Service Control Manager ,System,0,0,1,0,0,0,0,None,484,System,7040,0,0,0,0,0,0,0,0,0,0,0x8080000000000000,0,0,0,1,0,0,0,2015-03-23 17:38:11,1427132291.0,17,38
1897969,59017,36f3a468-a7cd-441f-be08-8cf8f77e11a3,2015-03-23 17:38:11,informant-PC, Service Control Manager ,System,0,0,1,0,0,0,0,None,484,System,7036,0,0,0,0,0,0,0,0,0,0,0x8080000000000000,0,0,0,1,0,0,0,2015-03-23 17:38:11,1427132291.0,17,38
1897972,59017,ccdeb1c4-65ee-4ab0-8a92-b8f91dd35569,2015-03-23 17:38:11,informant-PC, Service Control Manager ,System,0,0,1,0,0,0,0,None,484,System,7036,0,0,0,0,0,0,0,0,0,0,0x8080000000000000,0,0,0,1,0,0,0,2015-03-23 17:38:11,1427132291.0,17,38
1898925,59018,01381976-2780-41a3-b48a-af2779a35371,2015-03-23 17:38:25,informant-PC, Microsoft-Windows-CAPI2 ,Application,0,1,0,0,0,0,0,None,940,Application,4107,0,0,0,0,0,0,0,0,0,0,0x8080000000000000,0,0,0,1,0,0,0,2015-03-23 17:38:25,1427132305.0,17,38
1898926,59018,5b8b9d8d-5b74-401e-9f12-dc6ab1645cbe,2015-03-23 17:38:25,informant-PC, Microsoft-Windows-CAPI2 ,Application,0,1,0,0,0,0,0,None,940,Application,4107,0,0,0,0,0,0,0,0,0,0,0x8080000000000000,0,0,0,1,0,0,0,2015-03-23 17:38:25,1427132305.0,17,38
1898946,59018,4b88f51d-f192-4400-af1f-a42506ed4739,2015-03-23 17:38:25,informant-PC, Microsoft-Windows-CAPI2 ,Application,0,1,0,0,0,0,0,None,940,Application,4107,0,0,0,0,0,0,0,0,0,0,0x8080000000000000,0,0,0,1,0,0,0,2015-03-23 17:38:25,1427132305.0,17,38
1898952,59018,348650c5-e115-44c0-8b10-5f79ae25619b,2015-03-23 17:38:25,informant-PC, Microsoft-Windows-CAPI2 ,Application,0,1,0,0,0,0,0,None,940,Application,4107,0,0,0,0,0,0,0,0,0,0,0x8080000000000000,0,0,0,1,0,0,0,2015-03-23 17:38:25,1427132305.0,17,38
1899209,59018,dffb7748-7c7a-43d9-864b-cd621496100d,2015-03-23 17:38:25,informant-PC, Microsoft-Windows-CAPI2 ,Application,0,1,0,0,0,0,0,None,940,Application,4107,0,0,0,0,0,0,0,0,0,0,0x8080000000000000,0,0,0,1,0,0,0,2015-03-23 17:38:25,1427132305.0,17,38
1899214,59018,e94d7b10-9fff-40c9-84d9-c48f5cacc134,2015-03-23 17:38:25,informant-PC, Microsoft-Windows-CAPI2 ,Application,0,1,0,0,0,0,0,None,940,Application,4107,0,0,0,0,0,0,0,0,0,0,0x8080000000000000,0,0,0,1,0,0,0,2015-03-23 17:38:25,1427132305.0,17,38
1899245,59018,7a425a8c-b450-4af6-b6a7-cd4e686439b6,2015-03-23 17:38:25,informant-PC, Microsoft-Windows-CAPI2 ,Application,0,1,0,0,0,0,0,None,940,Application,4107,0,0,0,0,0,0,0,0,0,0,0x8080000000000000,0,0,0,1,0,0,0,2015-03-23 17:38:25,1427132305.0,17,38
1899261,59018,54cbc341-77b3-461f-929e-fc84dedb0fcb,2015-03-23 17:38:25,informant-PC, Microsoft-Windows-CAPI2 ,Application,0,1,0,0,0,0,0,None,940,Application,4107,0,0,0,0,0,0,0,0,0,0,0x8080000000000000,0,0,0,1,0,0,0,2015-03-23 17:38:25,1427132305.0,17,38
1899530,59018,00456411-d9ac-4ad1-a108-a8ae4bdd7989,2015-03-23 17:38:26,informant-PC, Microsoft-Windows-CAPI2 ,Application,0,1,0,0,0,0,0,None,940,Application,4107,0,0,0,0,0,0,0,0,0,0,0x8080000000000000,0,0,0,1,0,0,0,2015-03-23 17:38:26,1427132306.0,17,38
1899531,59018,58fae835-5456-4a01-9ada-5ef6b4f8dfed,2015-03-23 17:38:26,informant-PC, Microsoft-Windows-CAPI2 ,Application,0,1,0,0,0,0,0,None,940,Application,4107,0,0,0,0,0,0,0,0,0,0,0x8080000000000000,0,0,0,1,0,0,0,2015-03-23 17:38:26,1427132306.0,17,38
1899577,59018,243a8510-7a1a-4375-a60a-4cb7c0257d35,2015-03-23 17:38:26,informant-PC, Microsoft-Windows-CAPI2 ,Application,0,1,0,0,0,0,0,None,940,Application,4107,0,0,0,0,0,0,0,0,0,0,0x8080000000000000,0,0,0,1,0,0,0,2015-03-23 17:38:26,1427132306.0,17,38
1899578,59018,6db68f78-1e6e-40e5-a528-ce85668fe7e0,2015-03-23 17:38:26,informant-PC, Microsoft-Windows-CAPI2 ,Application,0,1,0,0,0,0,0,None,940,Application,4107,0,0,0,0,0,0,0,0,0,0,0x8080000000000000,0,0,0,1,0,0,0,2015-03-23 17:38:26,1427132306.0,17,38
1899857,59018,5cb1d412-285a-4982-b30e-2cdc0404fea5,2015-03-23 17:38:27,informant-PC, Microsoft-Windows-CAPI2 ,Application,0,1,0,0,0,0,0,None,940,Application,4107,0,0,0,0,0,0,0,0,0,0,0x8080000000000000,0,0,0,1,0,0,0,2015-03-23 17:38:27,1427132307.0,17,38
1899858,59018,76b1ac89-0ec5-4e9c-8cff-67d6bfc3f20d,2015-03-23 17:38:27,informant-PC, Microsoft-Windows-CAPI2 ,Application,0,1,0,0,0,0,0,None,940,Application,4107,0,0,0,0,0,0,0,0,0,0,0x8080000000000000,0,0,0,1,0,0,0,2015-03-23 17:38:27,1427132307.0,17,38
1899893,59018,d8110d08-855c-4dd5-8341-5fcbab34878b,2015-03-23 17:38:27,informant-PC, Microsoft-Windows-CAPI2 ,Application,0,1,0,0,0,0,0,None,940,Application,4107,0,0,0,0,0,0,0,0,0,0,0x8080000000000000,0,0,0,1,0,0,0,2015-03-23 17:38:27,1427132307.0,17,38
1899894,59018,4b3105d5-8b6a-4fb0-9de0-aa0521656ece,2015-03-23 17:38:27,informant-PC, Microsoft-Windows-CAPI2 ,Application,0,1,0,0,0,0,0,None,940,Application,4107,0,0,0,0,0,0,0,0,0,0,0x8080000000000000,0,0,0,1,0,0,0,2015-03-23 17:38:27,1427132307.0,17,38
1900061,59018,c4ce8881-a979-42be-aaa7-583c89fd048c,2015-03-23 17:38:27,informant-PC, Microsoft-Windows-CAPI2 ,Application,0,1,0,0,0,0,0,None,940,Application,4107,0,0,0,0,0,0,0,0,0,0,0x8080000000000000,0,0,0,1,0,0,0,2015-03-23 17:38:27,1427132307.0,17,38
1900062,59018,2bbb0a08-2a01-4ecc-a73a-178d5465e128,2015-03-23 17:38:27,informant-PC, Microsoft-Windows-CAPI2 ,Application,0,1,0,0,0,0,0,None,940,Application,4107,0,0,0,0,0,0,0,0,0,0,0x8080000000000000,0,0,0,1,0,0,0,2015-03-23 17:38:27,1427132307.0,17,38
1900085,59018,a3ebe2ad-2bb3-4820-bf89-4a1f00fc71a2,2015-03-23 17:38:27,informant-PC, Microsoft-Windows-CAPI2 ,Application,0,1,0,0,0,0,0,None,940,Application,4107,0,0,0,0,0,0,0,0,0,0,0x8080000000000000,0,0,0,1,0,0,0,2015-03-23 17:38:27,1427132307.0,17,38
1900093,59018,bf9cda22-62ff-4705-be6e-d45a909d25f3,2015-03-23 17:38:27,informant-PC, Microsoft-Windows-CAPI2 ,Application,0,1,0,0,0,0,0,None,940,Application,4107,0,0,0,0,0,0,0,0,0,0,0x8080000000000000,0,0,0,1,0,0,0,2015-03-23 17:38:27,1427132307.0,17,38
1900406,59018,cfdc0c22-e8de-4469-8202-a975dbea182b,2015-03-23 17:38:28,informant-PC, Microsoft-Windows-CAPI2 ,Application,0,1,0,0,0,0,0,None,940,Application,4107,0,0,0,0,0,0,0,0,0,0,0x8080000000000000,0,0,0,1,0,0,0,2015-03-23 17:38:28,1427132308.0,17,38
1900417,59018,5384fc2a-25b7-4a4e-86ba-3148a5093ad1,2015-03-23 17:38:28,informant-PC, Microsoft-Windows-CAPI2 ,Application,0,1,0,0,0,0,0,None,940,Application,4107,0,0,0,0,0,0,0,0,0,0,0x8080000000000000,0,0,0,1,0,0,0,2015-03-23 17:38:28,1427132308.0,17,38
1900461,59018,c9dc6f2a-9319-4ea8-aee3-d45a251ad9dc,2015-03-23 17:38:28,informant-PC, Microsoft-Windows-CAPI2 ,Application,0,1,0,0,0,0,0,None,940,Application,4107,0,0,0,0,0,0,0,0,0,0,0x8080000000000000,0,0,0,1,0,0,0,2015-03-23 17:38:28,1427132308.0,17,38
1900468,59018,9ff1475a-c766-436b-904c-dce6fc3182e3,2015-03-23 17:38:28,informant-PC, Microsoft-Windows-CAPI2 ,Application,0,1,0,0,0,0,0,None,940,Application,4107,0,0,0,0,0,0,0,0,0,0,0x8080000000000000,0,0,0,1,0,0,0,2015-03-23 17:38:28,1427132308.0,17,38
1900649,59018,c6e13189-62b3-4e18-88c2-f1daa4ff7efd,2015-03-23 17:38:28,informant-PC, Microsoft-Windows-CAPI2 ,Application,0,1,0,0,0,0,0,None,940,Application,4107,0,0,0,0,0,0,0,0,0,0,0x8080000000000000,0,0,0,1,0,0,0,2015-03-23 17:38:28,1427132308.0,17,38
1900650,59018,49fd4eb8-7ccf-406c-ad52-933f4a19b536,2015-03-23 17:38:28,informant-PC, Microsoft-Windows-CAPI2 ,Application,0,1,0,0,0,0,0,None,940,Application,4107,0,0,0,0,0,0,0,0,0,0,0x8080000000000000,0,0,0,1,0,0,0,2015-03-23 17:38:28,1427132308.0,17,38
1900682,59018,0aa45edf-6708-4088-a197-6ab9b6365cb9,2015-03-23 17:38:28,informant-PC, Microsoft-Windows-CAPI2 ,Application,0,1,0,0,0,0,0,None,940,Application,4107,0,0,0,0,0,0,0,0,0,0,0x8080000000000000,0,0,0,1,0,0,0,2015-03-23 17:38:28,1427132308.0,17,38
1900684,59018,a6804290-8380-44d0-b74d-80fa00723df1,2015-03-23 17:38:28,informant-PC, Microsoft-Windows-CAPI2 ,Application,0,1,0,0,0,0,0,None,940,Application,4107,0,0,0,0,0,0,0,0,0,0,0x8080000000000000,0,0,0,1,0,0,0,2015-03-23 17:38:28,1427132308.0,17,38
1900841,59018,6776bdf8-740e-4c3d-9007-b103c98b20eb,2015-03-23 17:38:29,informant-PC, Microsoft-Windows-CAPI2 ,Application,0,1,0,0,0,0,0,None,940,Application,4107,0,0,0,0,0,0,0,0,0,0,0x8080000000000000,0,0,0,1,0,0,0,2015-03-23 17:38:29,1427132309.0,17,38
1900850,59018,7d2c3d1e-fc95-45a0-bb33-43b0742ca705,2015-03-23 17:38:29,informant-PC, Microsoft-Windows-CAPI2 ,Application,0,1,0,0,0,0,0,None,940,Application,4107,0,0,0,0,0,0,0,0,0,0,0x8080000000000000,0,0,0,1,0,0,0,2015-03-23 17:38:29,1427132309.0,17,38
1900885,59018,b12ee70a-f743-49ed-8abb-8f7ebf7841a1,2015-03-23 17:38:29,informant-PC, Microsoft-Windows-CAPI2 ,Application,0,1,0,0,0,0,0,None,940,Application,4107,0,0,0,0,0,0,0,0,0,0,0x8080000000000000,0,0,0,1,0,0,0,2015-03-23 17:38:29,1427132309.0,17,38
1900886,59018,92014026-eeaa-48af-bd86-b0fefd7cf66f,2015-03-23 17:38:29,informant-PC, Microsoft-Windows-CAPI2 ,Application,0,1,0,0,0,0,0,None,940,Application,4107,0,0,0,0,0,0,0,0,0,0,0x8080000000000000,0,0,0,1,0,0,0,2015-03-23 17:38:29,1427132309.0,17,38
1901476,59018,9b304618-040a-4dd7-80cf-60d03615e8cc,2015-03-23 17:38:34,informant-PC, Microsoft-Windows-CAPI2 ,Application,0,1,0,0,0,0,0,None,940,Application,4107,0,0,0,0,0,0,0,0,0,0,0x8080000000000000,0,0,0,1,0,0,0,2015-03-23 17:38:34,1427132314.0,17,38
1901486,59018,e5da3f97-348b-4b98-aa65-696134d9f577,2015-03-23 17:38:34,informant-PC, Microsoft-Windows-CAPI2 ,Application,0,1,0,0,0,0,0,None,940,Application,4107,0,0,0,0,0,0,0,0,0,0,0x8080000000000000,0,0,0,1,0,0,0,2015-03-23 17:38:34,1427132314.0,17,38
1901901,59018,4f6e600d-9ee9-4959-a9e6-1ceb3821c757,2015-03-23 17:39:29,informant-PC, Office Software Protection Platform Service ,Application,0,1,0,0,0,0,0,None,None,Application,903,0,0,0,0,0,0,0,0,0,0,0x0080000000000000,0,0,0,0,0,0,0,2015-03-23 17:39:29,1427132369.0,17,39
1901902,59018,4a5b4637-6eed-44b5-b300-5115dfa9723b,2015-03-23 17:39:29,informant-PC, Office Software Protection Platform Service ,Application,0,1,0,0,0,0,0,None,None,Application,903,0,0,0,0,0,0,0,0,0,0,0x0080000000000000,0,0,0,0,0,0,0,2015-03-23 17:39:29,1427132369.0,17,39
1901903,59017,aaea230e-39a6-4a9c-ae38-8c06163ac730,2015-03-23 17:39:29,informant-PC, Service Control Manager ,System,0,0,1,0,0,0,0,None,484,System,7036,0,0,0,0,0,0,0,0,0,0,0x8080000000000000,0,0,0,1,0,0,0,2015-03-23 17:39:29,1427132369.0,17,39
1901904,59017,edf45923-85fd-460e-878e-ae66da7909e4,2015-03-23 17:39:29,informant-PC, Service Control Manager ,System,0,0,1,0,0,0,0,None,484,System,7036,0,0,0,0,0,0,0,0,0,0,0x8080000000000000,0,0,0,1,0,0,0,2015-03-23 17:39:29,1427132369.0,17,39
1901941,59017,80c199a4-ca5d-484b-a4fd-81a80a01b34d,2015-03-23 17:44:28,informant-PC, Service Control Manager ,System,0,0,1,0,0,0,0,None,484,System,7036,0,0,0,0,0,0,0,0,0,0,0x8080000000000000,0,0,0,1,0,0,0,2015-03-23 17:44:28,1427132668.0,17,44
1901942,59017,cb619b61-a8ce-4c69-8fb6-038ef65ed33c,2015-03-23 17:44:28,informant-PC, Service Control Manager ,System,0,0,1,0,0,0,0,None,484,System,7036,0,0,0,0,0,0,0,0,0,0,0x8080000000000000,0,0,0,1,0,0,0,2015-03-23 17:44:28,1427132668.0,17,44
1902133,59018,95bd9709-c66f-4881-81d3-ab175ef20859,2015-03-23 17:48:12,informant-PC, Microsoft-Windows-CAPI2 ,Application,0,1,0,0,0,0,0,None,940,Application,4107,0,0,0,0,0,0,0,0,0,0,0x8080000000000000,0,0,0,1,0,0,0,2015-03-23 17:48:12,1427132892.0,17,48
1902138,59018,7038161e-1c4e-4679-a601-78425401d6a8,2015-03-23 17:48:12,informant-PC, Microsoft-Windows-CAPI2 ,Application,0,1,0,0,0,0,0,None,940,Application,4107,0,0,0,0,0,0,0,0,0,0,0x8080000000000000,0,0,0,1,0,0,0,2015-03-23 17:48:12,1427132892.0,17,48
1902208,59018,1aa58d0b-6292-4651-8eb8-9a8be7a5a88a,2015-03-23 17:48:12,informant-PC, Microsoft-Windows-CAPI2 ,Application,0,1,0,0,0,0,0,None,940,Application,4107,0,0,0,0,0,0,0,0,0,0,0x8080000000000000,0,0,0,1,0,0,0,2015-03-23 17:48:12,1427132892.0,17,48
1902209,59018,99064f0c-0b36-4d39-8e9e-ac7173b111b1,2015-03-23 17:48:12,informant-PC, Microsoft-Windows-CAPI2 ,Application,0,1,0,0,0,0,0,None,940,Application,4107,0,0,0,0,0,0,0,0,0,0,0x8080000000000000,0,0,0,1,0,0,0,2015-03-23 17:48:12,1427132892.0,17,48
1902630,59018,fa0673c9-0efe-4eec-879e-072b08e7635b,2015-03-23 17:48:14,informant-PC, Microsoft-Windows-CAPI2 ,Application,0,1,0,0,0,0,0,None,940,Application,4107,0,0,0,0,0,0,0,0,0,0,0x8080000000000000,0,0,0,1,0,0,0,2015-03-23 17:48:14,1427132894.0,17,48
1902631,59018,f11f16ff-2cbb-4499-b451-70f78b00ce03,2015-03-23 17:48:14,informant-PC, Microsoft-Windows-CAPI2 ,Application,0,1,0,0,0,0,0,None,940,Application,4107,0,0,0,0,0,0,0,0,0,0,0x8080000000000000,0,0,0,1,0,0,0,2015-03-23 17:48:14,1427132894.0,17,48
1903472,59018,8dcec4cc-77a9-4519-a9a1-4a45b98b2a11,2015-03-23 17:48:14,informant-PC, Microsoft-Windows-CAPI2 ,Application,0,1,0,0,0,0,0,None,940,Application,4107,0,0,0,0,0,0,0,0,0,0,0x8080000000000000,0,0,0,1,0,0,0,2015-03-23 17:48:14,1427132894.0,17,48
1903473,59018,52344547-9002-4796-8407-fa5008ea7955,2015-03-23 17:48:14,informant-PC, Microsoft-Windows-CAPI2 ,Application,0,1,0,0,0,0,0,None,940,Application,4107,0,0,0,0,0,0,0,0,0,0,0x8080000000000000,0,0,0,1,0,0,0,2015-03-23 17:48:14,1427132894.0,17,48
1934190,59112,efa13322-8246-455c-afa2-6929f3cc11d7,2015-03-23 17:48:22,informant-PC, Microsoft-Windows-Bits-Client ,Other,0,0,0,0,0,1,0,None,892,Microsoft-Windows-Bits-Client/Operational,3,0,0,0,0,0,0,0,0,0,0,0x4000000000000000,0,0,1,0,0,0,0,2015-03-23 17:48:22,1427132902.0,17,48
1934194,59112,0409cd72-7868-4386-951b-39beb0ace9d7,2015-03-23 17:48:22,informant-PC, Microsoft-Windows-Bits-Client ,Other,0,0,0,0,0,1,0,None,892,Microsoft-Windows-Bits-Client/Operational,3,0,0,0,0,0,0,0,0,0,0,0x4000000000000000,0,0,1,0,0,0,0,2015-03-23 17:48:22,1427132902.0,17,48
1939462,59112,1c85f192-15e2-43fb-bf92-9ae33523f016,2015-03-23 17:48:23,informant-PC, Microsoft-Windows-Bits-Client ,Other,0,0,0,0,0,1,0,None,892,Microsoft-Windows-Bits-Client/Operational,59,0,0,0,0,0,0,0,0,0,0,0x4000000000000000,0,0,1,0,0,0,0,2015-03-23 17:48:23,1427132903.0,17,48
1939463,59112,acb83501-2f02-4a6e-9d3e-11c72435418b,2015-03-23 17:48:23,informant-PC, Microsoft-Windows-Bits-Client ,Other,0,0,0,0,0,1,0,None,892,Microsoft-Windows-Bits-Client/Operational,59,0,0,0,0,0,0,0,0,0,0,0x4000000000000000,0,0,1,0,0,0,0,2015-03-23 17:48:23,1427132903.0,17,48
1951116,59018,7e3b9354-c99e-44d6-863e-6867389ee124,2015-03-23 17:48:27,informant-PC, Microsoft-Windows-CAPI2 ,Application,0,1,0,0,0,0,0,None,940,Application,4107,0,0,0,0,0,0,0,0,0,0,0x8080000000000000,0,0,0,1,0,0,0,2015-03-23 17:48:27,1427132907.0,17,48
1951117,59018,413df9c9-2757-4843-8299-f490e35fb210,2015-03-23 17:48:27,informant-PC, Microsoft-Windows-CAPI2 ,Application,0,1,0,0,0,0,0,None,940,Application,4107,0,0,0,0,0,0,0,0,0,0,0x8080000000000000,0,0,0,1,0,0,0,2015-03-23 17:48:27,1427132907.0,17,48
1951290,59018,131a3b73-0fb9-459d-b096-52ad722eaad3,2015-03-23 17:48:27,informant-PC, Microsoft-Windows-CAPI2 ,Application,0,1,0,0,0,0,0,None,940,Application,4107,0,0,0,0,0,0,0,0,0,0,0x8080000000000000,0,0,0,1,0,0,0,2015-03-23 17:48:27,1427132907.0,17,48
1951291,59018,29d37c9d-35b2-4353-9224-8eb244fec583,2015-03-23 17:48:27,informant-PC, Microsoft-Windows-CAPI2 ,Application,0,1,0,0,0,0,0,None,940,Application,4107,0,0,0,0,0,0,0,0,0,0,0x8080000000000000,0,0,0,1,0,0,0,2015-03-23 17:48:27,1427132907.0,17,48
1952176,59018,1726ba70-8298-4a52-aaab-05fa21dc72bc,2015-03-23 17:48:27,informant-PC, Microsoft-Windows-CAPI2 ,Application,0,1,0,0,0,0,0,None,940,Application,4107,0,0,0,0,0,0,0,0,0,0,0x8080000000000000,0,0,0,1,0,0,0,2015-03-23 17:48:27,1427132907.0,17,48
1952177,59018,31201df3-1f5f-4188-b793-6eca299ee001,2015-03-23 17:48:27,informant-PC, Microsoft-Windows-CAPI2 ,Application,0,1,0,0,0,0,0,None,940,Application,4107,0,0,0,0,0,0,0,0,0,0,0x8080000000000000,0,0,0,1,0,0,0,2015-03-23 17:48:27,1427132907.0,17,48
1953133,59018,d9eac6e7-1244-43d7-82a3-f09eb406f3dd,2015-03-23 17:48:28,informant-PC, Microsoft-Windows-CAPI2 ,Application,0,1,0,0,0,0,0,None,940,Application,4107,0,0,0,0,0,0,0,0,0,0,0x8080000000000000,0,0,0,1,0,0,0,2015-03-23 17:48:28,1427132908.0,17,48
1953142,59018,a594a76b-5426-4d2f-922f-4ea60df8762d,2015-03-23 17:48:28,informant-PC, Microsoft-Windows-CAPI2 ,Application,0,1,0,0,0,0,0,None,940,Application,4107,0,0,0,0,0,0,0,0,0,0,0x8080000000000000,0,0,0,1,0,0,0,2015-03-23 17:48:28,1427132908.0,17,48
1978178,59112,2b888bd3-8fad-4a6e-9584-7b1079493d81,2015-03-23 17:48:33,informant-PC, Microsoft-Windows-Bits-Client ,Other,0,0,0,0,0,1,0,None,892,Microsoft-Windows-Bits-Client/Operational,60,0,0,0,0,0,0,0,0,0,0,0x4000000000000000,0,0,1,0,0,0,0,2015-03-23 17:48:33,1427132913.0,17,48
1978184,59112,4bf417a9-c68a-4b74-aecc-0ad8a18cfa3b,2015-03-23 17:48:33,informant-PC, Microsoft-Windows-Bits-Client ,Other,0,0,0,0,0,1,0,None,892,Microsoft-Windows-Bits-Client/Operational,60,0,0,0,0,0,0,0,0,0,0,0x4000000000000000,0,0,1,0,0,0,0,2015-03-23 17:48:33,1427132913.0,17,48
1981772,59112,832ad48c-3b17-4401-9dee-a5adf6b3ef87,2015-03-23 17:48:34,informant-PC, Microsoft-Windows-Bits-Client ,Other,0,0,0,0,0,1,0,None,892,Microsoft-Windows-Bits-Client/Operational,4,0,0,0,0,0,0,0,0,0,0,0x4000000000000000,0,0,1,0,0,0,0,2015-03-23 17:48:34,1427132914.0,17,48
1981777,59112,89eaa476-7df2-449e-bc7d-afac33eea20b,2015-03-23 17:48:34,informant-PC, Microsoft-Windows-Bits-Client ,Other,0,0,0,0,0,1,0,None,892,Microsoft-Windows-Bits-Client/Operational,4,0,0,0,0,0,0,0,0,0,0,0x4000000000000000,0,0,1,0,0,0,0,2015-03-23 17:48:34,1427132914.0,17,48
1982010,59018,ddba9bdd-b799-4972-bfbb-2f1e8f2616a2,2015-03-23 17:48:40,informant-PC, .NET Runtime Optimization Service ,Application,0,1,0,0,0,0,0,None,None,Application,1130,0,0,0,0,0,0,0,0,0,0,0x0080000000000000,0,0,0,0,0,0,0,2015-03-23 17:48:40,1427132920.0,17,48
1982011,59018,f20d3a49-846a-426a-bdd9-3965a0768c81,2015-03-23 17:48:40,informant-PC, .NET Runtime Optimization Service ,Application,0,1,0,0,0,0,0,None,None,Application,1130,0,0,0,0,0,0,0,0,0,0,0x0080000000000000,0,0,0,0,0,0,0,2015-03-23 17:48:40,1427132920.0,17,48
1982295,59018,ea0f837b-85e4-4cb3-a734-a9d3ae465e49,2015-03-23 17:48:44,informant-PC, Microsoft-Windows-CAPI2 ,Application,0,1,0,0,0,0,0,None,940,Application,4107,0,0,0,0,0,0,0,0,0,0,0x8080000000000000,0,0,0,1,0,0,0,2015-03-23 17:48:44,1427132924.0,17,48
1982310,59018,5568bcfe-e408-4deb-9b60-f8213343febf,2015-03-23 17:48:44,informant-PC, Microsoft-Windows-CAPI2 ,Application,0,1,0,0,0,0,0,None,940,Application,4107,0,0,0,0,0,0,0,0,0,0,0x8080000000000000,0,0,0,1,0,0,0,2015-03-23 17:48:44,1427132924.0,17,48
1982348,59018,af03a711-6ebe-4afd-ad2f-48f0d42c05f6,2015-03-23 17:48:44,informant-PC, Microsoft-Windows-CAPI2 ,Application,0,1,0,0,0,0,0,None,940,Application,4107,0,0,0,0,0,0,0,0,0,0,0x8080000000000000,0,0,0,1,0,0,0,2015-03-23 17:48:44,1427132924.0,17,48
1982351,59018,05de99c6-d774-4d9f-8e05-63e4d17d559d,2015-03-23 17:48:44,informant-PC, Microsoft-Windows-CAPI2 ,Application,0,1,0,0,0,0,0,None,940,Application,4107,0,0,0,0,0,0,0,0,0,0,0x8080000000000000,0,0,0,1,0,0,0,2015-03-23 17:48:44,1427132924.0,17,48
1982505,59018,cf8535b0-471c-44d2-ab7c-f7aa47bd2a21,2015-03-23 17:48:45,informant-PC, Microsoft-Windows-CAPI2 ,Application,0,1,0,0,0,0,0,None,940,Application,4107,0,0,0,0,0,0,0,0,0,0,0x8080000000000000,0,0,0,1,0,0,0,2015-03-23 17:48:45,1427132925.0,17,48
1982517,59018,e7aef3fb-d202-4fa3-b860-4ec4baaf0f83,2015-03-23 17:48:45,informant-PC, Microsoft-Windows-CAPI2 ,Application,0,1,0,0,0,0,0,None,940,Application,4107,0,0,0,0,0,0,0,0,0,0,0x8080000000000000,0,0,0,1,0,0,0,2015-03-23 17:48:45,1427132925.0,17,48
1982538,59018,9b8cc4c0-b320-485f-a0bf-002ec4f52902,2015-03-23 17:48:45,informant-PC, Microsoft-Windows-CAPI2 ,Application,0,1,0,0,0,0,0,None,940,Application,4107,0,0,0,0,0,0,0,0,0,0,0x8080000000000000,0,0,0,1,0,0,0,2015-03-23 17:48:45,1427132925.0,17,48
1982544,59018,7d790f84-a04e-4561-a2aa-559d0990b670,2015-03-23 17:48:45,informant-PC, Microsoft-Windows-CAPI2 ,Application,0,1,0,0,0,0,0,None,940,Application,4107,0,0,0,0,0,0,0,0,0,0,0x8080000000000000,0,0,0,1,0,0,0,2015-03-23 17:48:45,1427132925.0,17,48
1982562,59018,c6cec217-daf0-41ec-b808-91b4786a1da2,2015-03-23 17:48:45,informant-PC, Microsoft-Windows-CAPI2 ,Application,0,1,0,0,0,0,0,None,940,Application,4107,0,0,0,0,0,0,0,0,0,0,0x8080000000000000,0,0,0,1,0,0,0,2015-03-23 17:48:45,1427132925.0,17,48
1982566,59018,069ce4dd-417e-4641-adf0-b77b037ecf45,2015-03-23 17:48:45,informant-PC, Microsoft-Windows-CAPI2 ,Application,0,1,0,0,0,0,0,None,940,Application,4107,0,0,0,0,0,0,0,0,0,0,0x8080000000000000,0,0,0,1,0,0,0,2015-03-23 17:48:45,1427132925.0,17,48
1982604,59018,a03f2f5b-db1f-4ebc-9c50-a600ffa32e83,2015-03-23 17:48:45,informant-PC, Microsoft-Windows-CAPI2 ,Application,0,1,0,0,0,0,0,None,940,Application,4107,0,0,0,0,0,0,0,0,0,0,0x8080000000000000,0,0,0,1,0,0,0,2015-03-23 17:48:45,1427132925.0,17,48
1982612,59018,6f4939fa-9542-4627-b2b6-6f3d806b212e,2015-03-23 17:48:45,informant-PC, Microsoft-Windows-CAPI2 ,Application,0,1,0,0,0,0,0,None,940,Application,4107,0,0,0,0,0,0,0,0,0,0,0x8080000000000000,0,0,0,1,0,0,0,2015-03-23 17:48:45,1427132925.0,17,48
1982888,59018,fa518881-909a-4895-940d-5a1380512fa1,2015-03-23 17:48:46,informant-PC, Microsoft-Windows-CAPI2 ,Application,0,1,0,0,0,0,0,None,940,Application,4107,0,0,0,0,0,0,0,0,0,0,0x8080000000000000,0,0,0,1,0,0,0,2015-03-23 17:48:46,1427132926.0,17,48
1982889,59018,67bff1c9-01fe-42e4-926f-a298e86e3203,2015-03-23 17:48:46,informant-PC, Microsoft-Windows-CAPI2 ,Application,0,1,0,0,0,0,0,None,940,Application,4107,0,0,0,0,0,0,0,0,0,0,0x8080000000000000,0,0,0,1,0,0,0,2015-03-23 17:48:46,1427132926.0,17,48
1982910,59018,1d73b6fa-80a0-46bb-b9b7-8c5a99df092f,2015-03-23 17:48:46,informant-PC, Microsoft-Windows-CAPI2 ,Application,0,1,0,0,0,0,0,None,940,Application,4107,0,0,0,0,0,0,0,0,0,0,0x8080000000000000,0,0,0,1,0,0,0,2015-03-23 17:48:46,1427132926.0,17,48
1982912,59018,5b8c6efb-f5e1-4808-bbb2-135f590b17a6,2015-03-23 17:48:46,informant-PC, Microsoft-Windows-CAPI2 ,Application,0,1,0,0,0,0,0,None,940,Application,4107,0,0,0,0,0,0,0,0,0,0,0x8080000000000000,0,0,0,1,0,0,0,2015-03-23 17:48:46,1427132926.0,17,48
1982938,59018,a249c840-a2f0-4672-bff5-14676dc57b1c,2015-03-23 17:48:46,informant-PC, Microsoft-Windows-CAPI2 ,Application,0,1,0,0,0,0,0,None,940,Application,4107,0,0,0,0,0,0,0,0,0,0,0x8080000000000000,0,0,0,1,0,0,0,2015-03-23 17:48:46,1427132926.0,17,48
1982952,59018,6c32cfe2-d3d1-4556-b58f-de708b641be7,2015-03-23 17:48:46,informant-PC, Microsoft-Windows-CAPI2 ,Application,0,1,0,0,0,0,0,None,940,Application,4107,0,0,0,0,0,0,0,0,0,0,0x8080000000000000,0,0,0,1,0,0,0,2015-03-23 17:48:46,1427132926.0,17,48
1983384,59018,46e29f26-b990-4191-a8e3-5b52f5d12b65,2015-03-23 17:48:49,informant-PC, Microsoft-Windows-CAPI2 ,Application,0,1,0,0,0,0,0,None,940,Application,4107,0,0,0,0,0,0,0,0,0,0,0x8080000000000000,0,0,0,1,0,0,0,2015-03-23 17:48:49,1427132929.0,17,48
1983385,59018,50c12ad5-96e4-45e5-ba1a-fbf7c283c8a3,2015-03-23 17:48:49,informant-PC, Microsoft-Windows-CAPI2 ,Application,0,1,0,0,0,0,0,None,940,Application,4107,0,0,0,0,0,0,0,0,0,0,0x8080000000000000,0,0,0,1,0,0,0,2015-03-23 17:48:49,1427132929.0,17,48
1983428,59018,1c6ae1ae-fd13-467a-9bc5-a8006cf6edd5,2015-03-23 17:48:49,informant-PC, Microsoft-Windows-CAPI2 ,Application,0,1,0,0,0,0,0,None,940,Application,4107,0,0,0,0,0,0,0,0,0,0,0x8080000000000000,0,0,0,1,0,0,0,2015-03-23 17:48:49,1427132929.0,17,48
1983430,59018,e34528a1-e804-4340-bb02-b324538aa4b0,2015-03-23 17:48:49,informant-PC, Microsoft-Windows-CAPI2 ,Application,0,1,0,0,0,0,0,None,940,Application,4107,0,0,0,0,0,0,0,0,0,0,0x8080000000000000,0,0,0,1,0,0,0,2015-03-23 17:48:49,1427132929.0,17,48
1983748,59018,c9d61191-bf2d-4d0c-a7ea-38b2ad1aa8e4,2015-03-23 17:48:49,informant-PC, Microsoft-Windows-CAPI2 ,Application,0,1,0,0,0,0,0,None,940,Application,4107,0,0,0,0,0,0,0,0,0,0,0x8080000000000000,0,0,0,1,0,0,0,2015-03-23 17:48:49,1427132929.0,17,48
1983749,59018,932b177c-7826-4989-a382-2928a3600459,2015-03-23 17:48:49,informant-PC, Microsoft-Windows-CAPI2 ,Application,0,1,0,0,0,0,0,None,940,Application,4107,0,0,0,0,0,0,0,0,0,0,0x8080000000000000,0,0,0,1,0,0,0,2015-03-23 17:48:49,1427132929.0,17,48
1984692,59018,31dff307-fb1d-4ffe-99d9-ee391735dedf,2015-03-23 17:48:50,informant-PC, Microsoft-Windows-CAPI2 ,Application,0,1,0,0,0,0,0,None,940,Application,4107,0,0,0,0,0,0,0,0,0,0,0x8080000000000000,0,0,0,1,0,0,0,2015-03-23 17:48:50,1427132930.0,17,48
1984693,59018,dbdaf482-bfc6-4d40-bcd4-3df63c2aa4e9,2015-03-23 17:48:50,informant-PC, Microsoft-Windows-CAPI2 ,Application,0,1,0,0,0,0,0,None,940,Application,4107,0,0,0,0,0,0,0,0,0,0,0x8080000000000000,0,0,0,1,0,0,0,2015-03-23 17:48:50,1427132930.0,17,48
1984720,59018,5c832c71-420f-4f17-8c15-60cc527aedd7,2015-03-23 17:48:50,informant-PC, Microsoft-Windows-CAPI2 ,Application,0,1,0,0,0,0,0,None,940,Application,4107,0,0,0,0,0,0,0,0,0,0,0x8080000000000000,0,0,0,1,0,0,0,2015-03-23 17:48:50,1427132930.0,17,48
1984721,59018,57c2b0fb-4f26-4be8-81ec-2ca03aa395ca,2015-03-23 17:48:50,informant-PC, Microsoft-Windows-CAPI2 ,Application,0,1,0,0,0,0,0,None,940,Application,4107,0,0,0,0,0,0,0,0,0,0,0x8080000000000000,0,0,0,1,0,0,0,2015-03-23 17:48:50,1427132930.0,17,48
1984748,59018,5653c416-13c5-4906-8006-9e1e3d05272b,2015-03-23 17:48:51,informant-PC, Microsoft-Windows-CAPI2 ,Application,0,1,0,0,0,0,0,None,940,Application,4107,0,0,0,0,0,0,0,0,0,0,0x8080000000000000,0,0,0,1,0,0,0,2015-03-23 17:48:51,1427132931.0,17,48
1984749,59018,be829438-4509-41a8-bf58-645b62710324,2015-03-23 17:48:51,informant-PC, Microsoft-Windows-CAPI2 ,Application,0,1,0,0,0,0,0,None,940,Application,4107,0,0,0,0,0,0,0,0,0,0,0x8080000000000000,0,0,0,1,0,0,0,2015-03-23 17:48:51,1427132931.0,17,48
1984776,59018,3dae0b11-e86f-4413-b4a3-7a81c1513a91,2015-03-23 17:48:51,informant-PC, Microsoft-Windows-CAPI2 ,Application,0,1,0,0,0,0,0,None,940,Application,4107,0,0,0,0,0,0,0,0,0,0,0x8080000000000000,0,0,0,1,0,0,0,2015-03-23 17:48:51,1427132931.0,17,48
1984777,59018,85360b7f-8a4f-4082-aca1-8383761a878f,2015-03-23 17:48:51,informant-PC, Microsoft-Windows-CAPI2 ,Application,0,1,0,0,0,0,0,None,940,Application,4107,0,0,0,0,0,0,0,0,0,0,0x8080000000000000,0,0,0,1,0,0,0,2015-03-23 17:48:51,1427132931.0,17,48
1984802,59018,a342c33a-f2df-4a5e-a6aa-641dd7aaeed7,2015-03-23 17:48:51,informant-PC, Microsoft-Windows-CAPI2 ,Application,0,1,0,0,0,0,0,None,940,Application,4107,0,0,0,0,0,0,0,0,0,0,0x8080000000000000,0,0,0,1,0,0,0,2015-03-23 17:48:51,1427132931.0,17,48
1984804,59018,a8dfccb0-a6e0-4975-b9ca-0818e8ea0e34,2015-03-23 17:48:51,informant-PC, Microsoft-Windows-CAPI2 ,Application,0,1,0,0,0,0,0,None,940,Application,4107,0,0,0,0,0,0,0,0,0,0,0x8080000000000000,0,0,0,1,0,0,0,2015-03-23 17:48:51,1427132931.0,17,48
1986778,59018,aef66815-c7fb-4fc2-85ff-0604d389bb07,2015-03-23 17:48:52,informant-PC, Microsoft-Windows-CAPI2 ,Application,0,1,0,0,0,0,0,None,940,Application,4107,0,0,0,0,0,0,0,0,0,0,0x8080000000000000,0,0,0,1,0,0,0,2015-03-23 17:48:52,1427132932.0,17,48
1986779,59018,7175a75c-bcce-43b0-a94f-e11d0cc132dc,2015-03-23 17:48:52,informant-PC, Microsoft-Windows-CAPI2 ,Application,0,1,0,0,0,0,0,None,940,Application,4107,0,0,0,0,0,0,0,0,0,0,0x8080000000000000,0,0,0,1,0,0,0,2015-03-23 17:48:52,1427132932.0,17,48
1986790,59018,74d1bc0c-f54a-453c-9a98-9369c2d0edfa,2015-03-23 17:48:55,informant-PC, Microsoft-Windows-CAPI2 ,Application,0,1,0,0,0,0,0,None,940,Application,4107,0,0,0,0,0,0,0,0,0,0,0x8080000000000000,0,0,0,1,0,0,0,2015-03-23 17:48:55,1427132935.0,17,48
1986804,59018,7ec5dd89-f02c-465d-a9e0-735265d2125d,2015-03-23 17:48:55,informant-PC, Microsoft-Windows-CAPI2 ,Application,0,1,0,0,0,0,0,None,940,Application,4107,0,0,0,0,0,0,0,0,0,0,0x8080000000000000,0,0,0,1,0,0,0,2015-03-23 17:48:55,1427132935.0,17,48
1986834,59018,ab6aed8c-a1ee-4230-a42f-659d6dc259de,2015-03-23 17:48:56,informant-PC, Microsoft-Windows-CAPI2 ,Application,0,1,0,0,0,0,0,None,940,Application,4107,0,0,0,0,0,0,0,0,0,0,0x8080000000000000,0,0,0,1,0,0,0,2015-03-23 17:48:56,1427132936.0,17,48
1986835,59018,9c8da977-8b14-463f-a92f-f989a4f12014,2015-03-23 17:48:56,informant-PC, Microsoft-Windows-CAPI2 ,Application,0,1,0,0,0,0,0,None,940,Application,4107,0,0,0,0,0,0,0,0,0,0,0x8080000000000000,0,0,0,1,0,0,0,2015-03-23 17:48:56,1427132936.0,17,48
1986862,59018,bae2d5ca-0283-4f42-9b09-ae6344c7752b,2015-03-23 17:48:58,informant-PC, Microsoft-Windows-CAPI2 ,Application,0,1,0,0,0,0,0,None,940,Application,4107,0,0,0,0,0,0,0,0,0,0,0x8080000000000000,0,0,0,1,0,0,0,2015-03-23 17:48:58,1427132938.0,17,48
1986863,59018,a0432d2f-511d-4510-822a-7459fd0816cd,2015-03-23 17:48:58,informant-PC, Microsoft-Windows-CAPI2 ,Application,0,1,0,0,0,0,0,None,940,Application,4107,0,0,0,0,0,0,0,0,0,0,0x8080000000000000,0,0,0,1,0,0,0,2015-03-23 17:48:58,1427132938.0,17,48
1986875,59018,859919c1-0e44-4af3-8481-7df21f24e183,2015-03-23 17:49:09,informant-PC, Microsoft-Windows-CAPI2 ,Application,0,1,0,0,0,0,0,None,940,Application,4107,0,0,0,0,0,0,0,0,0,0,0x8080000000000000,0,0,0,1,0,0,0,2015-03-23 17:49:09,1427132949.0,17,49
1986879,59018,e72baa8d-1745-4245-b713-629241162f9d,2015-03-23 17:49:09,informant-PC, Microsoft-Windows-CAPI2 ,Application,0,1,0,0,0,0,0,None,940,Application,4107,0,0,0,0,0,0,0,0,0,0,0x8080000000000000,0,0,0,1,0,0,0,2015-03-23 17:49:09,1427132949.0,17,49
1988035,59017,77301cbd-575c-42fd-b777-68e1fa772083,2015-03-23 17:49:10,informant-PC, Service Control Manager ,System,0,0,1,0,0,0,0,None,484,System,7040,0,0,0,0,0,0,0,0,0,0,0x8080000000000000,0,0,0,1,0,0,0,2015-03-23 17:49:10,1427132950.0,17,49
1988041,59017,c74c8482-25b6-4057-9607-8b110fa471d3,2015-03-23 17:49:10,informant-PC, Service Control Manager ,System,0,0,1,0,0,0,0,None,484,System,7040,0,0,0,0,0,0,0,0,0,0,0x8080000000000000,0,0,0,1,0,0,0,2015-03-23 17:49:10,1427132950.0,17,49
1988051,59017,248d93b4-8ddc-4e12-93ea-d4b13e38c36a,2015-03-23 17:49:10,informant-PC, Service Control Manager ,System,0,0,1,0,0,0,0,None,484,System,7036,0,0,0,0,0,0,0,0,0,0,0x8080000000000000,0,0,0,1,0,0,0,2015-03-23 17:49:10,1427132950.0,17,49
1988062,59017,f3eb4a30-1e71-4630-944a-565148c0bb91,2015-03-23 17:49:10,informant-PC, Service Control Manager ,System,0,0,1,0,0,0,0,None,484,System,7036,0,0,0,0,0,0,0,0,0,0,0x8080000000000000,0,0,0,1,0,0,0,2015-03-23 17:49:10,1427132950.0,17,49
1988130,59017,60244858-a0c6-4376-a6b6-71a92346936a,2015-03-23 17:54:30,informant-PC, Service Control Manager ,System,0,0,1,0,0,0,0,None,484,System,7036,0,0,0,0,0,0,0,0,0,0,0x8080000000000000,0,0,0,1,0,0,0,2015-03-23 17:54:30,1427133270.0,17,54
1988131,59017,f96d95b1-3e61-4beb-8bc1-4e64adf5fcff,2015-03-23 17:54:30,informant-PC, Service Control Manager ,System,0,0,1,0,0,0,0,None,484,System,7036,0,0,0,0,0,0,0,0,0,0,0x8080000000000000,0,0,0,1,0,0,0,2015-03-23 17:54:30,1427133270.0,17,54
1988144,59017,6b629539-a825-4b68-905a-12c22d35a889,2015-03-23 17:56:35,informant-PC, Service Control Manager ,System,0,0,1,0,0,0,0,None,484,System,7036,0,0,0,0,0,0,0,0,0,0,0x8080000000000000,0,0,0,1,0,0,0,2015-03-23 17:56:35,1427133395.0,17,56
1988145,59017,2f261a97-fe76-4344-83a1-5f81835c2370,2015-03-23 17:56:35,informant-PC, Service Control Manager ,System,0,0,1,0,0,0,0,None,484,System,7036,0,0,0,0,0,0,0,0,0,0,0x8080000000000000,0,0,0,1,0,0,0,2015-03-23 17:56:35,1427133395.0,17,56
1988722,59112,2fd0b12c-8d83-44af-8f33-4e2dc7b84f16,2015-03-23 18:03:34,informant-PC, Microsoft-Windows-Bits-Client ,Other,0,0,0,0,0,1,0,None,892,Microsoft-Windows-Bits-Client/Operational,3,0,0,0,0,0,0,0,0,0,0,0x4000000000000000,0,0,1,0,0,0,0,2015-03-23 18:03:34,1427133814.0,18,3
1988724,59112,2b54b6d1-8502-4955-beaf-394b09509665,2015-03-23 18:03:34,informant-PC, Microsoft-Windows-Bits-Client ,Other,0,0,0,0,0,1,0,None,892,Microsoft-Windows-Bits-Client/Operational,3,0,0,0,0,0,0,0,0,0,0,0x4000000000000000,0,0,1,0,0,0,0,2015-03-23 18:03:34,1427133814.0,18,3
1988730,59112,78315cca-a33b-4837-85bd-9c530142c37a,2015-03-23 18:03:35,informant-PC, Microsoft-Windows-Bits-Client ,Other,0,0,0,0,0,1,0,None,892,Microsoft-Windows-Bits-Client/Operational,59,0,0,0,0,0,0,0,0,0,0,0x4000000000000000,0,0,1,0,0,0,0,2015-03-23 18:03:35,1427133815.0,18,3
1988731,59112,0edb242a-89d8-4b9b-a804-1f73535f4d9e,2015-03-23 18:03:35,informant-PC, Microsoft-Windows-Bits-Client ,Other,0,0,0,0,0,1,0,None,892,Microsoft-Windows-Bits-Client/Operational,59,0,0,0,0,0,0,0,0,0,0,0x4000000000000000,0,0,1,0,0,0,0,2015-03-23 18:03:35,1427133815.0,18,3
1988831,59112,86ed7cf4-6870-42e9-a09d-0aa6c4ff316f,2015-03-23 18:04:00,informant-PC, Microsoft-Windows-Bits-Client ,Other,0,0,0,0,0,1,0,None,892,Microsoft-Windows-Bits-Client/Operational,60,0,0,0,0,0,0,0,0,0,0,0x4000000000000000,0,0,1,0,0,0,0,2015-03-23 18:04:00,1427133840.0,18,4
1988834,59112,d3546867-c56a-4979-b704-c2c52d23b683,2015-03-23 18:04:00,informant-PC, Microsoft-Windows-Bits-Client ,Other,0,0,0,0,0,1,0,None,892,Microsoft-Windows-Bits-Client/Operational,60,0,0,0,0,0,0,0,0,0,0,0x4000000000000000,0,0,1,0,0,0,0,2015-03-23 18:04:00,1427133840.0,18,4
1988872,59112,0519f4b5-a63a-429e-a724-719365081c3c,2015-03-23 18:04:02,informant-PC, Microsoft-Windows-Bits-Client ,Other,0,0,0,0,0,1,0,None,892,Microsoft-Windows-Bits-Client/Operational,4,0,0,0,0,0,0,0,0,0,0,0x4000000000000000,0,0,1,0,0,0,0,2015-03-23 18:04:02,1427133842.0,18,4
1988876,59112,a1b491dd-6f0d-48da-99ef-f004e5bbbc44,2015-03-23 18:04:02,informant-PC, Microsoft-Windows-Bits-Client ,Other,0,0,0,0,0,1,0,None,892,Microsoft-Windows-Bits-Client/Operational,4,0,0,0,0,0,0,0,0,0,0,0x4000000000000000,0,0,1,0,0,0,0,2015-03-23 18:04:02,1427133842.0,18,4
1989082,59017,5c5ae03a-6508-426f-91ba-c1a58d1a3a24,2015-03-23 18:04:26,informant-PC, Service Control Manager ,System,0,0,1,0,0,0,0,None,484,System,7036,0,0,0,0,0,0,0,0,0,0,0x8080000000000000,0,0,0,1,0,0,0,2015-03-23 18:04:26,1427133866.0,18,4
1989083,59017,689117fb-8599-4c55-9988-d1fffa394385,2015-03-23 18:04:26,informant-PC, Service Control Manager ,System,0,0,1,0,0,0,0,None,484,System,7036,0,0,0,0,0,0,0,0,0,0,0x8080000000000000,0,0,0,1,0,0,0,2015-03-23 18:04:26,1427133866.0,18,4
1998213,59018,ed387719-53f5-4429-ba9d-3fc6109cf628,2015-03-23 18:08:16,informant-PC, Microsoft-Windows-CAPI2 ,Application,0,1,0,0,0,0,0,None,940,Application,4097,0,0,0,0,0,0,0,0,0,0,0x8080000000000000,0,0,0,1,0,0,0,2015-03-23 18:08:16,1427134096.0,18,8
1998214,59018,f8d9d2cd-76bd-4bb2-b302-42630d03a9ec,2015-03-23 18:08:16,informant-PC, Microsoft-Windows-CAPI2 ,Application,0,1,0,0,0,0,0,None,940,Application,4097,0,0,0,0,0,0,0,0,0,0,0x8080000000000000,0,0,0,1,0,0,0,2015-03-23 18:08:16,1427134096.0,18,8
1998215,59018,614fdedc-7d3f-4a20-a1ad-af9f1580fb8d,2015-03-23 18:08:16,informant-PC, Microsoft-Windows-CAPI2 ,Application,0,1,0,0,0,0,0,None,940,Application,4097,0,0,0,0,0,0,0,0,0,0,0x8080000000000000,0,0,0,1,0,0,0,2015-03-23 18:08:16,1427134096.0,18,8
1998216,59018,de70e4d3-0aad-4f24-9aab-a3f0a898b0f1,2015-03-23 18:08:16,informant-PC, Microsoft-Windows-CAPI2 ,Application,0,1,0,0,0,0,0,None,940,Application,4097,0,0,0,0,0,0,0,0,0,0,0x8080000000000000,0,0,0,1,0,0,0,2015-03-23 18:08:16,1427134096.0,18,8
1998217,59018,45638092-8b80-417b-a5b5-d4bc04c1b76c,2015-03-23 18:08:16,informant-PC, Microsoft-Windows-CAPI2 ,Application,0,1,0,0,0,0,0,None,940,Application,4097,0,0,0,0,0,0,0,0,0,0,0x8080000000000000,0,0,0,1,0,0,0,2015-03-23 18:08:16,1427134096.0,18,8
1998218,59018,677e2cd0-b5e4-4ec5-8af8-76942ae7c0c4,2015-03-23 18:08:16,informant-PC, Microsoft-Windows-CAPI2 ,Application,0,1,0,0,0,0,0,None,940,Application,4102,0,0,0,0,0,0,0,0,0,0,0x8080000000000000,0,0,0,1,0,0,0,2015-03-23 18:08:16,1427134096.0,18,8
1998219,59018,aa828d6a-ac79-4e8e-9e5c-5d51c2441f82,2015-03-23 18:08:16,informant-PC, Microsoft-Windows-CAPI2 ,Application,0,1,0,0,0,0,0,None,940,Application,4097,0,0,0,0,0,0,0,0,0,0,0x8080000000000000,0,0,0,1,0,0,0,2015-03-23 18:08:16,1427134096.0,18,8
1998220,59018,440ec5b7-be0f-4957-a76d-a809bd051ef5,2015-03-23 18:08:16,informant-PC, Microsoft-Windows-CAPI2 ,Application,0,1,0,0,0,0,0,None,940,Application,4102,0,0,0,0,0,0,0,0,0,0,0x8080000000000000,0,0,0,1,0,0,0,2015-03-23 18:08:16,1427134096.0,18,8
2004104,59018,d3b88e46-11ef-4fb3-b205-6baf7b55faff,2015-03-23 18:11:36,informant-PC, Software Protection Platform Service ,Application,0,1,0,0,0,0,0,None,0,Application,1003,0,0,0,0,0,0,0,0,0,0,0x0080000000000000,0,0,0,0,0,0,0,2015-03-23 18:11:36,1427134296.0,18,11
2004105,59018,bccc0f0a-c5cc-40eb-a178-9dd55f9d34d6,2015-03-23 18:11:36,informant-PC, Software Protection Platform Service ,Application,0,1,0,0,0,0,0,None,0,Application,1003,0,0,0,0,0,0,0,0,0,0,0x0080000000000000,0,0,0,0,0,0,0,2015-03-23 18:11:36,1427134296.0,18,11
2015087,59017,2ae4a11e-cf9e-4c16-992d-94c8fbcb7eb7,2015-03-23 18:16:03,informant-PC, Service Control Manager ,System,0,0,1,0,0,0,0,None,484,System,7036,0,0,0,0,0,0,0,0,0,0,0x8080000000000000,0,0,0,1,0,0,0,2015-03-23 18:16:03,1427134563.0,18,16
2015088,59017,e6a49e6b-472d-4bfb-a9c1-30501699503b,2015-03-23 18:16:03,informant-PC, Service Control Manager ,System,0,0,1,0,0,0,0,None,484,System,7036,0,0,0,0,0,0,0,0,0,0,0x8080000000000000,0,0,0,1,0,0,0,2015-03-23 18:16:03,1427134563.0,18,16
2015089,59017,8a53a21d-f1ff-4f34-81ec-2fb7995dfb19,2015-03-23 18:16:03,informant-PC, Service Control Manager ,System,0,0,1,0,0,0,0,None,484,System,7036,0,0,0,0,0,0,0,0,0,0,0x8080000000000000,0,0,0,1,0,0,0,2015-03-23 18:16:03,1427134563.0,18,16
2015090,59017,4b006889-34e7-443b-ac53-cb457aaa6597,2015-03-23 18:16:03,informant-PC, Service Control Manager ,System,0,0,1,0,0,0,0,None,484,System,7036,0,0,0,0,0,0,0,0,0,0,0x8080000000000000,0,0,0,1,0,0,0,2015-03-23 18:16:03,1427134563.0,18,16
2015170,59018,b0d6d4d2-a6b2-48f3-a71f-ef60ca76a19a,2015-03-23 18:16:07,informant-PC, gupdate ,Application,0,1,0,0,0,0,0,None,None,Application,0,0,0,0,0,0,0,0,0,0,0,0x0080000000000000,0,0,0,0,0,0,0,2015-03-23 18:16:07,1427134567.0,18,16
2015171,59018,9809632b-0dd0-459c-8a0b-d56cb82c02e9,2015-03-23 18:16:07,informant-PC, gupdate ,Application,0,1,0,0,0,0,0,None,None,Application,0,0,0,0,0,0,0,0,0,0,0,0x0080000000000000,0,0,0,0,0,0,0,2015-03-23 18:16:07,1427134567.0,18,16
2015440,59017,be38bbf1-25c5-4579-a9db-b60ab129d761,2015-03-23 18:16:07,informant-PC, Service Control Manager ,System,0,0,1,0,0,0,0,None,484,System,7036,0,0,0,0,0,0,0,0,0,0,0x8080000000000000,0,0,0,1,0,0,0,2015-03-23 18:16:07,1427134567.0,18,16
2015441,59017,86df7461-1f31-4e41-96ed-3023398ff26a,2015-03-23 18:16:07,informant-PC, Service Control Manager ,System,0,0,1,0,0,0,0,None,484,System,7036,0,0,0,0,0,0,0,0,0,0,0x8080000000000000,0,0,0,1,0,0,0,2015-03-23 18:16:07,1427134567.0,18,16
2017149,59112,70ae7106-3fc9-405e-ac8a-b2c8beba2daa,2015-03-23 18:19:02,informant-PC, Microsoft-Windows-Bits-Client ,Other,0,0,0,0,0,1,0,None,892,Microsoft-Windows-Bits-Client/Operational,3,0,0,0,0,0,0,0,0,0,0,0x4000000000000000,0,0,1,0,0,0,0,2015-03-23 18:19:02,1427134742.0,18,19
2017153,59112,b077b60d-34dc-4c54-a779-b0e2439c6337,2015-03-23 18:19:02,informant-PC, Microsoft-Windows-Bits-Client ,Other,0,0,0,0,0,1,0,None,892,Microsoft-Windows-Bits-Client/Operational,3,0,0,0,0,0,0,0,0,0,0,0x4000000000000000,0,0,1,0,0,0,0,2015-03-23 18:19:02,1427134742.0,18,19
2017160,59112,9514112c-f600-44ac-aa99-7a2665302194,2015-03-23 18:19:03,informant-PC, Microsoft-Windows-Bits-Client ,Other,0,0,0,0,0,1,0,None,892,Microsoft-Windows-Bits-Client/Operational,59,0,0,0,0,0,0,0,0,0,0,0x4000000000000000,0,0,1,0,0,0,0,2015-03-23 18:19:03,1427134743.0,18,19
2017161,59112,c660976d-d2b4-4dc8-b2ff-accde5eaf701,2015-03-23 18:19:03,informant-PC, Microsoft-Windows-Bits-Client ,Other,0,0,0,0,0,1,0,None,892,Microsoft-Windows-Bits-Client/Operational,59,0,0,0,0,0,0,0,0,0,0,0x4000000000000000,0,0,1,0,0,0,0,2015-03-23 18:19:03,1427134743.0,18,19
2017351,59112,654ecde4-d37b-4e4f-890d-9cdc1adb41e0,2015-03-23 18:20:05,informant-PC, Microsoft-Windows-Bits-Client ,Other,0,0,0,0,0,1,0,None,892,Microsoft-Windows-Bits-Client/Operational,60,0,0,0,0,0,0,0,0,0,0,0x4000000000000000,0,0,1,0,0,0,0,2015-03-23 18:20:05,1427134805.0,18,20
2017352,59112,8f3f34af-4c1d-4027-8471-e06179218c96,2015-03-23 18:20:05,informant-PC, Microsoft-Windows-Bits-Client ,Other,0,0,0,0,0,1,0,None,892,Microsoft-Windows-Bits-Client/Operational,60,0,0,0,0,0,0,0,0,0,0,0x4000000000000000,0,0,1,0,0,0,0,2015-03-23 18:20:05,1427134805.0,18,20
2017363,59112,3d75e871-e4df-4693-a9d9-438cd07fcaa9,2015-03-23 18:20:06,informant-PC, Microsoft-Windows-Bits-Client ,Other,0,0,0,0,0,1,0,None,892,Microsoft-Windows-Bits-Client/Operational,4,0,0,0,0,0,0,0,0,0,0,0x4000000000000000,0,0,1,0,0,0,0,2015-03-23 18:20:06,1427134806.0,18,20
2017364,59112,95ba70cf-0349-458b-88ae-8951f8edb30f,2015-03-23 18:20:06,informant-PC, Microsoft-Windows-Bits-Client ,Other,0,0,0,0,0,1,0,None,892,Microsoft-Windows-Bits-Client/Operational,4,0,0,0,0,0,0,0,0,0,0,0x4000000000000000,0,0,1,0,0,0,0,2015-03-23 18:20:06,1427134806.0,18,20
2018599,59041,2ca14232-4b1e-4b38-85f4-168fb6b94462,2015-03-23 18:24:25,informant-PC, Microsoft-Windows-BranchCacheSMB ,Other,0,0,0,0,0,1,0,None,804,Microsoft-Windows-BranchCacheSMB/Operational,3005,0,0,0,0,0,0,0,0,0,0,0x8000000000000800,0,0,0,1,0,0,0,2015-03-23 18:24:25,1427135065.0,18,24
