2142366,13963,e6945532-3e02-4a3c-a4c8-f1bfb1d082dd,2015-03-24 13:21:45,informant-PC, Microsoft-Windows-TerminalServices-LocalSessionManager ,Other,0,0,0,0,0,1,0,None,508,Microsoft-Windows-TerminalServices-LocalSessionManager/Operational,22,0,0,0,0,0,0,0,0,0,0,0x1000000000000000,1,0,0,0,0,0,0,2015-03-24 13:21:45,1427203305.0,13,21
2142367,59042,8b86a9ac-86b8-4716-a27c-8eed83d50d16,2015-03-24 13:21:45,informant-PC, Microsoft-Windows-GroupPolicy ,Other,0,0,0,0,0,1,0,None,888,Microsoft-Windows-GroupPolicy/Operational,5324,0,0,0,0,0,0,0,0,0,0,0x4000000000000000,0,0,1,0,0,0,0,2015-03-24 13:21:45,1427203305.0,13,21
2142368,13963,a3f745d0-caac-42a1-a7c2-25afc18f199c,2015-03-24 13:21:45,informant-PC, Microsoft-Windows-TerminalServices-LocalSessionManager ,Other,0,0,0,0,0,1,0,None,508,Microsoft-Windows-TerminalServices-LocalSessionManager/Operational,22,0,0,0,0,0,0,0,0,0,0,0x1000000000000000,1,0,0,0,0,0,0,2015-03-24 13:21:45,1427203305.0,13,21
2142369,59042,ead6a364-054b-4941-98c8-f1e1edf2c67b,2015-03-24 13:21:45,informant-PC, Microsoft-Windows-GroupPolicy ,Other,0,0,0,0,0,1,0,None,888,Microsoft-Windows-GroupPolicy/Operational,5324,0,0,0,0,0,0,0,0,0,0,0x4000000000000000,0,0,1,0,0,0,0,2015-03-24 13:21:45,1427203305.0,13,21
2142398,59018,3a440c23-992b-480e-bdd4-62a031fac5a0,2015-03-24 13:21:46,informant-PC, Desktop Window Manager ,Application,0,1,0,0,0,0,0,None,None,Application,9007,0,0,0,0,0,0,0,0,0,0,0x0080000000000000,0,0,0,0,0,0,0,2015-03-24 13:21:46,1427203306.0,13,21
2142399,59018,1424d8ae-226e-48d4-9cb2-084248997827,2015-03-24 13:21:46,informant-PC, Desktop Window Manager ,Application,0,1,0,0,0,0,0,None,None,Application,9007,0,0,0,0,0,0,0,0,0,0,0x0080000000000000,0,0,0,0,0,0,0,2015-03-24 13:21:46,1427203306.0,13,21
2142400,59026,a9c11712-dc31-4613-8b13-6eb8f7a9f53b,2015-03-24 13:21:46,informant-PC, Microsoft-Windows-Resource-Exhaustion-Detector ,Other,0,0,0,0,0,1,0,None,1180,Microsoft-Windows-Resource-Exhaustion-Detector/Operational,1001,0,0,0,0,0,0,0,0,0,1,0x4000000010000000,0,0,1,0,0,0,0,2015-03-24 13:21:46,1427203306.0,13,21
2142401,59026,383a24f5-45af-492a-a273-03abdb72abc7,2015-03-24 13:21:46,informant-PC, Microsoft-Windows-Resource-Exhaustion-Detector ,Other,0,0,0,0,0,1,0,None,1180,Microsoft-Windows-Resource-Exhaustion-Detector/Operational,1001,0,0,0,0,0,0,0,0,0,1,0x4000000010000000,0,0,1,0,0,0,0,2015-03-24 13:21:46,1427203306.0,13,21
2142402,59057,2fc81613-52df-41d1-99db-00c50420210c,2015-03-24 13:21:46,informant-PC, Microsoft-Windows-Windows Firewall With Advanced Security ,Other,0,0,0,0,0,1,0,None,1180,Microsoft-Windows-Windows Firewall With Advanced Security/Firewall,2011,0,0,0,0,0,0,0,0,0,0,0x8000000000000000,0,0,0,1,0,0,0,2015-03-24 13:21:46,1427203306.0,13,21
2142403,59057,d50e8fdc-aae8-4d7f-bc75-3c3c99c6f27c,2015-03-24 13:21:46,informant-PC, Microsoft-Windows-Windows Firewall With Advanced Security ,Other,0,0,0,0,0,1,0,None,1180,Microsoft-Windows-Windows Firewall With Advanced Security/Firewall,2011,0,0,0,0,0,0,0,0,0,0,0x8000000000000000,0,0,0,1,0,0,0,2015-03-24 13:21:46,1427203306.0,13,21
2142428,59017,3ac88d98-505c-47c3-ba81-59c63b939f55,2015-03-24 13:21:48,informant-PC, Service Control Manager ,System,0,0,1,0,0,0,0,None,488,System,7036,0,0,0,0,0,0,0,0,0,0,0x8080000000000000,0,0,0,1,0,0,0,2015-03-24 13:21:48,1427203308.0,13,21
2142429,59017,e4758e20-9ab0-4345-8933-fc9992c14ff1,2015-03-24 13:21:48,informant-PC, Service Control Manager ,System,0,0,1,0,0,0,0,None,488,System,7036,0,0,0,0,0,0,0,0,0,0,0x8080000000000000,0,0,0,1,0,0,0,2015-03-24 13:21:48,1427203308.0,13,21
2142458,59018,3a6cc6c9-c7e2-468e-9582-fa33e3926a00,2015-03-24 13:21:57,informant-PC, ESENT ,Application,0,1,0,0,0,0,0,None,None,Application,102,0,0,0,0,0,0,0,0,0,1,0x0080000000000000,0,0,0,0,0,0,0,2015-03-24 13:21:57,1427203317.0,13,21
2142459,59018,98a02db6-81c2-412b-9f4d-fea98260b4d3,2015-03-24 13:21:57,informant-PC, ESENT ,Application,0,1,0,0,0,0,0,None,None,Application,102,0,0,0,0,0,0,0,0,0,1,0x0080000000000000,0,0,0,0,0,0,0,2015-03-24 13:21:57,1427203317.0,13,21
2142460,59019,e24bd66b-683f-4ab2-9b48-79057c69c87a,2015-03-24 13:21:57,informant-PC, Microsoft-Windows-Security-Auditing ,Security,1,0,0,0,0,0,0,S-1-5-18,496,Security,4624,0,0,0,1,0,0,0,0,0,12544,0x8020000000000000,0,0,0,1,0,0,0,2015-03-24 13:21:57,1427203317.0,13,21
2142461,59019,715d30c6-3a20-46b0-9262-ecf07036e47a,2015-03-24 13:21:57,informant-PC, Microsoft-Windows-Security-Auditing ,Security,1,0,0,0,0,0,0,None,496,Security,4672,0,0,0,1,0,0,0,0,0,12548,0x8020000000000000,0,0,0,1,0,0,0,2015-03-24 13:21:57,1427203317.0,13,21
2142464,59019,8bba7f2a-9f5a-4c8c-846b-99ee448bae2d,2015-03-24 13:21:57,informant-PC, Microsoft-Windows-Security-Auditing ,Security,1,0,0,0,0,0,0,S-1-5-18,496,Security,4624,0,0,0,1,0,0,0,0,0,12544,0x8020000000000000,0,0,0,1,0,0,0,2015-03-24 13:21:57,1427203317.0,13,21
2142465,59019,2152c3fc-f6cf-4965-abbe-27b6932f5f0b,2015-03-24 13:21:57,informant-PC, Microsoft-Windows-Security-Auditing ,Security,1,0,0,0,0,0,0,None,496,Security,4672,0,0,0,1,0,0,0,0,0,12548,0x8020000000000000,0,0,0,1,0,0,0,2015-03-24 13:21:57,1427203317.0,13,21
2142470,59017,d4b5517e-bd2c-4dd1-b327-ace513858bde,2015-03-24 13:21:57,informant-PC, Service Control Manager ,System,0,0,1,0,0,0,0,None,488,System,7036,0,0,0,0,0,0,0,0,0,0,0x8080000000000000,0,0,0,1,0,0,0,2015-03-24 13:21:57,1427203317.0,13,21
2142471,59017,cc762672-5ec2-4a33-93e8-858730834234,2015-03-24 13:21:57,informant-PC, Service Control Manager ,System,0,0,1,0,0,0,0,None,488,System,7036,0,0,0,0,0,0,0,0,0,0,0x8080000000000000,0,0,0,1,0,0,0,2015-03-24 13:21:57,1427203317.0,13,21
2142520,59018,f3cc458c-13d8-49ad-a0be-f22120b6e935,2015-03-24 13:21:58,informant-PC, ESENT ,Application,0,1,0,0,0,0,0,None,None,Application,300,0,0,0,0,0,0,0,0,0,3,0x0080000000000000,0,0,0,0,0,0,0,2015-03-24 13:21:58,1427203318.0,13,21
2142521,59018,b809a0dd-623a-4d45-a8f4-92bc5e9886db,2015-03-24 13:21:58,informant-PC, ESENT ,Application,0,1,0,0,0,0,0,None,None,Application,301,0,0,0,0,0,0,0,0,0,3,0x0080000000000000,0,0,0,0,0,0,0,2015-03-24 13:21:58,1427203318.0,13,21
2142522,59017,4cb638e9-d930-403f-8703-f3c6746f9f63,2015-03-24 13:21:58,informant-PC, WMPNetworkSvc ,System,0,0,1,0,0,0,0,None,0,System,14204,0,0,0,0,0,0,0,0,0,0,0x0080000000000000,0,0,0,0,0,0,0,2015-03-24 13:21:58,1427203318.0,13,21
2142523,59018,b346ed4b-fb51-45c1-ad81-b171594770d4,2015-03-24 13:21:58,informant-PC, ESENT ,Application,0,1,0,0,0,0,0,None,None,Application,300,0,0,0,0,0,0,0,0,0,3,0x0080000000000000,0,0,0,0,0,0,0,2015-03-24 13:21:58,1427203318.0,13,21
2142524,59018,750f6b03-874c-4d64-b6fe-4d92daa16ac9,2015-03-24 13:21:58,informant-PC, ESENT ,Application,0,1,0,0,0,0,0,None,None,Application,301,0,0,0,0,0,0,0,0,0,3,0x0080000000000000,0,0,0,0,0,0,0,2015-03-24 13:21:58,1427203318.0,13,21
2142525,59017,2eb08e48-6824-421a-b970-adde9298730e,2015-03-24 13:21:58,informant-PC, WMPNetworkSvc ,System,0,0,1,0,0,0,0,None,0,System,14204,0,0,0,0,0,0,0,0,0,0,0x0080000000000000,0,0,0,0,0,0,0,2015-03-24 13:21:58,1427203318.0,13,21
2142526,59018,82498ee0-5e36-44a8-8a8e-baa8413bb3f5,2015-03-24 13:21:58,informant-PC, ESENT ,Application,0,1,0,0,0,0,0,None,None,Application,301,0,0,0,0,0,0,0,0,0,3,0x0080000000000000,0,0,0,0,0,0,0,2015-03-24 13:21:58,1427203318.0,13,21
2142527,59018,fc6bedb2-102b-4c17-b025-60814195bf43,2015-03-24 13:21:58,informant-PC, ESENT ,Application,0,1,0,0,0,0,0,None,None,Application,301,0,0,0,0,0,0,0,0,0,3,0x0080000000000000,0,0,0,0,0,0,0,2015-03-24 13:21:58,1427203318.0,13,21
2142534,59017,4e9f8f21-05a9-49d4-9359-8f8c18683ab8,2015-03-24 13:21:58,informant-PC, Service Control Manager ,System,0,0,1,0,0,0,0,None,488,System,7036,0,0,0,0,0,0,0,0,0,0,0x8080000000000000,0,0,0,1,0,0,0,2015-03-24 13:21:58,1427203318.0,13,21
2142535,59017,1a9ba276-1354-401f-be55-90b9135d79a1,2015-03-24 13:21:58,informant-PC, Service Control Manager ,System,0,0,1,0,0,0,0,None,488,System,7036,0,0,0,0,0,0,0,0,0,0,0x8080000000000000,0,0,0,1,0,0,0,2015-03-24 13:21:58,1427203318.0,13,21
2142546,59018,a8cc64e2-3be5-43e0-9fb4-1be257157f64,2015-03-24 13:21:59,informant-PC, ESENT ,Application,0,1,0,0,0,0,0,None,None,Application,302,0,0,0,0,0,0,0,0,0,3,0x0080000000000000,0,0,0,0,0,0,0,2015-03-24 13:21:59,1427203319.0,13,21
2142547,59018,7493b4e1-ab6b-4eda-b3b0-9a716bb446af,2015-03-24 13:21:59,informant-PC, ESENT ,Application,0,1,0,0,0,0,0,None,None,Application,302,0,0,0,0,0,0,0,0,0,3,0x0080000000000000,0,0,0,0,0,0,0,2015-03-24 13:21:59,1427203319.0,13,21
2142604,59018,72ed48d6-f2d5-4e9f-b895-4d54da8bb506,2015-03-24 13:22:00,informant-PC, Windows Search Service ,Application,0,1,0,0,0,0,0,None,0,Application,1003,0,0,0,0,0,0,0,0,0,1,0x0080000000000000,0,0,0,0,0,0,0,2015-03-24 13:22:00,1427203320.0,13,22
2142605,59018,4c638482-6cd9-409b-99ae-6aede1096a71,2015-03-24 13:22:00,informant-PC, Windows Search Service ,Application,0,1,0,0,0,0,0,None,0,Application,1003,0,0,0,0,0,0,0,0,0,1,0x0080000000000000,0,0,0,0,0,0,0,2015-03-24 13:22:00,1427203320.0,13,22
2142606,59017,8c33e594-695d-4719-b8ac-3b2be3ad304d,2015-03-24 13:22:00,informant-PC, Service Control Manager ,System,0,0,1,0,0,0,0,None,488,System,7036,0,0,0,0,0,0,0,0,0,0,0x8080000000000000,0,0,0,1,0,0,0,2015-03-24 13:22:00,1427203320.0,13,22
2142607,59017,ca515c0e-9c96-4c4c-8244-fd6fe44835d5,2015-03-24 13:22:00,informant-PC, Service Control Manager ,System,0,0,1,0,0,0,0,None,488,System,7036,0,0,0,0,0,0,0,0,0,0,0x8080000000000000,0,0,0,1,0,0,0,2015-03-24 13:22:00,1427203320.0,13,22
2142692,59017,e69db20a-04d7-4e7c-967f-2ad8e8038006,2015-03-24 13:22:02,informant-PC, Service Control Manager ,System,0,0,1,0,0,0,0,None,488,System,7036,0,0,0,0,0,0,0,0,0,0,0x8080000000000000,0,0,0,1,0,0,0,2015-03-24 13:22:02,1427203322.0,13,22
2142693,59017,34d69bd9-aa9c-4709-bd49-ffefc578f6d6,2015-03-24 13:22:02,informant-PC, Service Control Manager ,System,0,0,1,0,0,0,0,None,488,System,7036,0,0,0,0,0,0,0,0,0,0,0x8080000000000000,0,0,0,1,0,0,0,2015-03-24 13:22:02,1427203322.0,13,22
2142700,59051,79fa3383-f6fe-4a4d-97fb-d5d119f7287f,2015-03-24 13:22:31,informant-PC, Microsoft-Windows-ReadyBoost ,Other,0,0,0,0,0,1,0,None,820,Microsoft-Windows-ReadyBoost/Operational,1015,0,0,0,0,0,0,0,0,0,1016,0x8000000000002000,0,0,0,1,0,0,0,2015-03-24 13:22:31,1427203351.0,13,22
2142701,59051,5cf54879-aafc-4eca-a962-04f6a71776e1,2015-03-24 13:22:31,informant-PC, Microsoft-Windows-ReadyBoost ,Other,0,0,0,0,0,1,0,None,820,Microsoft-Windows-ReadyBoost/Operational,1015,0,0,0,0,0,0,0,0,0,1016,0x8000000000002000,0,0,0,1,0,0,0,2015-03-24 13:22:31,1427203351.0,13,22
2142722,59051,73c56316-b109-4b14-b5d3-4b64d4c94907,2015-03-24 13:22:31,informant-PC, Microsoft-Windows-ReadyBoost ,Other,0,0,0,0,0,1,0,None,820,Microsoft-Windows-ReadyBoost/Operational,1016,0,0,0,0,0,0,0,0,0,1016,0x8000000000002000,0,0,0,1,0,0,0,2015-03-24 13:22:31,1427203351.0,13,22
2142723,59051,d6605ae8-0690-45ec-b5c2-e4539dc85163,2015-03-24 13:22:31,informant-PC, Microsoft-Windows-ReadyBoost ,Other,0,0,0,0,0,1,0,None,820,Microsoft-Windows-ReadyBoost/Operational,1016,0,0,0,0,0,0,0,0,0,1016,0x8000000000002000,0,0,0,1,0,0,0,2015-03-24 13:22:31,1427203351.0,13,22
2142740,59017,8c6590ba-d840-4f27-b560-31bd9814a444,2015-03-24 13:22:48,informant-PC, Service Control Manager ,System,0,0,1,0,0,0,0,None,488,System,7036,0,0,0,0,0,0,0,0,0,0,0x8080000000000000,0,0,0,1,0,0,0,2015-03-24 13:22:48,1427203368.0,13,22
2142741,59017,bf86cdb2-7961-486f-a55b-6701cf595c8e,2015-03-24 13:22:48,informant-PC, Service Control Manager ,System,0,0,1,0,0,0,0,None,488,System,7036,0,0,0,0,0,0,0,0,0,0,0x8080000000000000,0,0,0,1,0,0,0,2015-03-24 13:22:48,1427203368.0,13,22
2142796,59018,d58c1541-3bd3-47fb-95d8-a874f33cfcd1,2015-03-24 13:22:59,informant-PC, WinMgmt ,Application,0,1,0,0,0,0,0,None,0,Application,10,0,0,0,0,0,0,0,0,0,0,0x0080000000000000,0,0,0,0,0,0,0,2015-03-24 13:22:59,1427203379.0,13,22
2142797,59018,6c26ee20-5b6a-463f-80f4-a7c2fb2d41a2,2015-03-24 13:22:59,informant-PC, WinMgmt ,Application,0,1,0,0,0,0,0,None,0,Application,10,0,0,0,0,0,0,0,0,0,0,0x0080000000000000,0,0,0,0,0,0,0,2015-03-24 13:22:59,1427203379.0,13,22
2142804,59061,c81682f8-111f-4a00-973d-6adb0b0d8f1f,2015-03-24 13:23:18,informant-PC, Microsoft-Windows-Diagnosis-DPS ,Other,0,0,0,0,0,1,0,None,1180,Microsoft-Windows-Diagnosis-DPS/Operational,105,0,0,0,0,0,0,0,0,0,1,0x4000000800000000,0,0,1,0,0,0,0,2015-03-24 13:23:18,1427203398.0,13,23
2142805,59061,3240ae23-9b12-45ae-9103-a0db70657c71,2015-03-24 13:23:18,informant-PC, Microsoft-Windows-Diagnosis-DPS ,Other,0,0,0,0,0,1,0,None,1180,Microsoft-Windows-Diagnosis-DPS/Operational,105,0,0,0,0,0,0,0,0,0,1,0x4000000800000000,0,0,1,0,0,0,0,2015-03-24 13:23:18,1427203398.0,13,23
2142806,59061,a5825a0a-41e5-457c-95c2-e952327bb6bd,2015-03-24 13:23:18,informant-PC, Microsoft-Windows-Diagnosis-DPS ,Other,0,0,0,0,0,1,0,None,1180,Microsoft-Windows-Diagnosis-DPS/Operational,100,0,0,0,0,0,0,0,0,0,1,0x4000000800000000,0,0,1,0,0,0,0,2015-03-24 13:23:18,1427203398.0,13,23
2142807,59061,dbf01015-f6c6-48c2-a163-edcf5d6c5b59,2015-03-24 13:23:18,informant-PC, Microsoft-Windows-Diagnosis-DPS ,Other,0,0,0,0,0,1,0,None,1180,Microsoft-Windows-Diagnosis-DPS/Operational,100,0,0,0,0,0,0,0,0,0,1,0x4000000800000000,0,0,1,0,0,0,0,2015-03-24 13:23:18,1427203398.0,13,23
2142852,22255,2c71e704-7971-4d96-bfa4-8c0135602033,2015-03-24 13:23:18,informant-PC, Microsoft-Windows-Diagnostics-Performance ,Other,0,0,0,0,0,1,0,None,1180,Microsoft-Windows-Diagnostics-Performance/Operational,203,0,0,0,0,0,0,0,0,0,4007,0x8000000000010000,0,0,0,1,0,0,0,2015-03-24 13:23:18,1427203398.0,13,23
2142853,22255,e19c725a-6769-43e9-8a5a-e9993e1049df,2015-03-24 13:23:18,informant-PC, Microsoft-Windows-Diagnostics-Performance ,Other,0,0,0,0,0,1,0,None,1180,Microsoft-Windows-Diagnostics-Performance/Operational,203,0,0,0,0,0,0,0,0,0,4007,0x8000000000010000,0,0,0,1,0,0,0,2015-03-24 13:23:18,1427203398.0,13,23
2142854,22255,6cdaf2aa-81bc-493d-b667-e128ba411125,2015-03-24 13:23:18,informant-PC, Microsoft-Windows-Diagnostics-Performance ,Other,0,0,0,0,0,1,0,None,1180,Microsoft-Windows-Diagnostics-Performance/Operational,203,0,0,0,0,0,0,0,0,0,4007,0x8000000000010000,0,0,0,1,0,0,0,2015-03-24 13:23:18,1427203398.0,13,23
2142855,22255,472d2233-ba90-4b55-ad64-4ee51f00f77f,2015-03-24 13:23:18,informant-PC, Microsoft-Windows-Diagnostics-Performance ,Other,0,0,0,0,0,1,0,None,1180,Microsoft-Windows-Diagnostics-Performance/Operational,203,0,0,0,0,0,0,0,0,0,4007,0x8000000000010000,0,0,0,1,0,0,0,2015-03-24 13:23:18,1427203398.0,13,23
2142856,22255,e98c4d3a-35bf-4cce-bf22-8151138a07ef,2015-03-24 13:23:18,informant-PC, Microsoft-Windows-Diagnostics-Performance ,Other,0,0,0,0,0,1,0,None,1180,Microsoft-Windows-Diagnostics-Performance/Operational,203,0,0,0,0,0,0,0,0,0,4007,0x8000000000010000,0,0,0,1,0,0,0,2015-03-24 13:23:18,1427203398.0,13,23
2142857,22255,2a285c89-8919-4294-94df-f3c7a1bd0374,2015-03-24 13:23:18,informant-PC, Microsoft-Windows-Diagnostics-Performance ,Other,0,0,0,0,0,1,0,None,1180,Microsoft-Windows-Diagnostics-Performance/Operational,203,0,0,0,0,0,0,0,0,0,4007,0x8000000000010000,0,0,0,1,0,0,0,2015-03-24 13:23:18,1427203398.0,13,23
2142858,22255,408aad02-389a-4663-a2fd-3225e55c7f63,2015-03-24 13:23:18,informant-PC, Microsoft-Windows-Diagnostics-Performance ,Other,0,0,0,0,0,1,0,None,1180,Microsoft-Windows-Diagnostics-Performance/Operational,200,0,0,0,0,0,0,0,0,0,4007,0x8000000000010000,0,0,0,1,0,0,0,2015-03-24 13:23:18,1427203398.0,13,23
2142859,22255,def3c8ee-d4ee-4d6f-ac82-89633b15a035,2015-03-24 13:23:18,informant-PC, Microsoft-Windows-Diagnostics-Performance ,Other,0,0,0,0,0,1,0,None,1180,Microsoft-Windows-Diagnostics-Performance/Operational,203,0,0,0,0,0,0,0,0,0,4007,0x8000000000010000,0,0,0,1,0,0,0,2015-03-24 13:23:18,1427203398.0,13,23
2142860,59061,f68352b3-766b-44b9-a07a-81b0fb60ea86,2015-03-24 13:23:18,informant-PC, Microsoft-Windows-Diagnosis-DPS ,Other,0,0,0,0,0,1,0,None,1180,Microsoft-Windows-Diagnosis-DPS/Operational,110,0,0,0,0,0,0,0,0,0,1,0x4000000800000000,0,0,1,0,0,0,0,2015-03-24 13:23:18,1427203398.0,13,23
2142861,22255,982f31c1-97c2-4eb5-93d8-a1b308a2c1d2,2015-03-24 13:23:18,informant-PC, Microsoft-Windows-Diagnostics-Performance ,Other,0,0,0,0,0,1,0,None,1180,Microsoft-Windows-Diagnostics-Performance/Operational,203,0,0,0,0,0,0,0,0,0,4007,0x8000000000010000,0,0,0,1,0,0,0,2015-03-24 13:23:18,1427203398.0,13,23
2142862,59061,b8717f5c-d3d6-47d9-81c7-b21458b9c0e7,2015-03-24 13:23:18,informant-PC, Microsoft-Windows-Diagnosis-DPS ,Other,0,0,0,0,0,1,0,None,1180,Microsoft-Windows-Diagnosis-DPS/Operational,110,0,0,0,0,0,0,0,0,0,1,0x4000000800000000,0,0,1,0,0,0,0,2015-03-24 13:23:18,1427203398.0,13,23
2142863,22255,6efde869-7b25-43f3-866f-89ba43f550f2,2015-03-24 13:23:18,informant-PC, Microsoft-Windows-Diagnostics-Performance ,Other,0,0,0,0,0,1,0,None,1180,Microsoft-Windows-Diagnostics-Performance/Operational,200,0,0,0,0,0,0,0,0,0,4007,0x8000000000010000,0,0,0,1,0,0,0,2015-03-24 13:23:18,1427203398.0,13,23
2142876,22255,2e10f24e-d1f0-46cf-82d3-78c9f1e889c4,2015-03-24 13:23:18,informant-PC, Microsoft-Windows-Diagnostics-Performance ,Other,0,0,0,0,0,1,0,None,1180,Microsoft-Windows-Diagnostics-Performance/Operational,100,0,0,0,0,0,0,0,0,0,4002,0x8000000000010000,0,0,0,1,0,0,0,2015-03-24 13:23:18,1427203398.0,13,23
2142877,22255,607055a5-931b-456e-aa0f-d57b395acb69,2015-03-24 13:23:18,informant-PC, Microsoft-Windows-Diagnostics-Performance ,Other,0,0,0,0,0,1,0,None,1180,Microsoft-Windows-Diagnostics-Performance/Operational,100,0,0,0,0,0,0,0,0,0,4002,0x8000000000010000,0,0,0,1,0,0,0,2015-03-24 13:23:18,1427203398.0,13,23
2142878,22255,a7af4c9b-6a5e-44aa-b05b-8bbc56432717,2015-03-24 13:23:18,informant-PC, Microsoft-Windows-Diagnostics-Performance ,Other,0,0,0,0,0,1,0,None,1180,Microsoft-Windows-Diagnostics-Performance/Operational,101,0,0,0,0,0,0,0,0,0,4002,0x8000000000010000,0,0,0,1,0,0,0,2015-03-24 13:23:18,1427203398.0,13,23
2142879,22255,65611670-be9e-441c-a2cc-884100070507,2015-03-24 13:23:18,informant-PC, Microsoft-Windows-Diagnostics-Performance ,Other,0,0,0,0,0,1,0,None,1180,Microsoft-Windows-Diagnostics-Performance/Operational,101,0,0,0,0,0,0,0,0,0,4002,0x8000000000010000,0,0,0,1,0,0,0,2015-03-24 13:23:18,1427203398.0,13,23
2142880,22255,655aec6f-af0f-4a83-a19b-8588e6c5cbbf,2015-03-24 13:23:18,informant-PC, Microsoft-Windows-Diagnostics-Performance ,Other,0,0,0,0,0,1,0,None,1180,Microsoft-Windows-Diagnostics-Performance/Operational,109,0,0,0,0,0,0,0,0,0,4002,0x8000000000010000,0,0,0,1,0,0,0,2015-03-24 13:23:18,1427203398.0,13,23
2142881,22255,f40afe41-f161-4db9-9529-c27f3eda7c50,2015-03-24 13:23:18,informant-PC, Microsoft-Windows-Diagnostics-Performance ,Other,0,0,0,0,0,1,0,None,1180,Microsoft-Windows-Diagnostics-Performance/Operational,109,0,0,0,0,0,0,0,0,0,4002,0x8000000000010000,0,0,0,1,0,0,0,2015-03-24 13:23:18,1427203398.0,13,23
2142882,59061,bc687997-ea48-45b1-9075-60b501847589,2015-03-24 13:23:18,informant-PC, Microsoft-Windows-Diagnosis-DPS ,Other,0,0,0,0,0,1,0,None,1180,Microsoft-Windows-Diagnosis-DPS/Operational,110,0,0,0,0,0,0,0,0,0,1,0x4000000800000000,0,0,1,0,0,0,0,2015-03-24 13:23:18,1427203398.0,13,23
2142883,59061,123318ad-b38d-42f9-8449-971b52ddf476,2015-03-24 13:23:18,informant-PC, Microsoft-Windows-Diagnosis-DPS ,Other,0,0,0,0,0,1,0,None,1180,Microsoft-Windows-Diagnosis-DPS/Operational,110,0,0,0,0,0,0,0,0,0,1,0x4000000800000000,0,0,1,0,0,0,0,2015-03-24 13:23:18,1427203398.0,13,23
2142886,59018,96f3ade6-3772-4664-b63d-9e81ad5bf1bc,2015-03-24 13:23:39,informant-PC, gupdate ,Application,0,1,0,0,0,0,0,None,None,Application,0,0,0,0,0,0,0,0,0,0,0,0x0080000000000000,0,0,0,0,0,0,0,2015-03-24 13:23:39,1427203419.0,13,23
2142887,59018,d05a4a55-3453-498f-8d3a-ec9c9389d3e0,2015-03-24 13:23:39,informant-PC, gupdate ,Application,0,1,0,0,0,0,0,None,None,Application,0,0,0,0,0,0,0,0,0,0,0,0x0080000000000000,0,0,0,0,0,0,0,2015-03-24 13:23:39,1427203419.0,13,23
2142896,59017,b51b1e5e-1e38-4bc4-a763-5cefa1394bd7,2015-03-24 13:23:39,informant-PC, Service Control Manager ,System,0,0,1,0,0,0,0,None,488,System,7036,0,0,0,0,0,0,0,0,0,0,0x8080000000000000,0,0,0,1,0,0,0,2015-03-24 13:23:39,1427203419.0,13,23
2142897,59017,5726528c-cf51-45b7-a11d-97f7ed6ef0a1,2015-03-24 13:23:39,informant-PC, Service Control Manager ,System,0,0,1,0,0,0,0,None,488,System,7036,0,0,0,0,0,0,0,0,0,0,0x8080000000000000,0,0,0,1,0,0,0,2015-03-24 13:23:39,1427203419.0,13,23
2142898,59017,00250207-de0d-4714-9e5f-47d0c1a57a36,2015-03-24 13:23:39,informant-PC, Service Control Manager ,System,0,0,1,0,0,0,0,None,488,System,7036,0,0,0,0,0,0,0,0,0,0,0x8080000000000000,0,0,0,1,0,0,0,2015-03-24 13:23:39,1427203419.0,13,23
2142899,59017,bacc5622-17ba-43f9-ae19-22e9748f694f,2015-03-24 13:23:39,informant-PC, Service Control Manager ,System,0,0,1,0,0,0,0,None,488,System,7036,0,0,0,0,0,0,0,0,0,0,0x8080000000000000,0,0,0,1,0,0,0,2015-03-24 13:23:39,1427203419.0,13,23
2142922,59018,5b372762-136a-4325-99c7-8e73b61df9ae,2015-03-24 13:23:40,informant-PC, Software Protection Platform Service ,Application,0,1,0,0,0,0,0,None,0,Application,900,0,0,0,0,0,0,0,0,0,0,0x0080000000000000,0,0,0,0,0,0,0,2015-03-24 13:23:40,1427203420.0,13,23
2142923,59018,1545d0c7-b25e-4868-ad03-e19824b241ae,2015-03-24 13:23:40,informant-PC, Software Protection Platform Service ,Application,0,1,0,0,0,0,0,None,0,Application,900,0,0,0,0,0,0,0,0,0,0,0x0080000000000000,0,0,0,0,0,0,0,2015-03-24 13:23:40,1427203420.0,13,23
2142930,59017,c4e53797-d74c-46c0-96c1-7d0c1cbb53fc,2015-03-24 13:23:40,informant-PC, Service Control Manager ,System,0,0,1,0,0,0,0,None,488,System,7036,0,0,0,0,0,0,0,0,0,0,0x8080000000000000,0,0,0,1,0,0,0,2015-03-24 13:23:40,1427203420.0,13,23
2142931,59017,0cf16405-5f8a-4ac6-9460-6045598c58c0,2015-03-24 13:23:40,informant-PC, Service Control Manager ,System,0,0,1,0,0,0,0,None,488,System,7036,0,0,0,0,0,0,0,0,0,0,0x8080000000000000,0,0,0,1,0,0,0,2015-03-24 13:23:40,1427203420.0,13,23
2142932,59019,7ac15fa4-fb56-4ccd-944a-22c9ed764fdc,2015-03-24 13:23:40,informant-PC, Microsoft-Windows-Security-Auditing ,Security,1,0,0,0,0,0,0,S-1-5-18,496,Security,4624,0,0,0,1,0,0,0,0,0,12544,0x8020000000000000,0,0,0,1,0,0,0,2015-03-24 13:23:40,1427203420.0,13,23
2142933,59019,b0184502-334d-4cb9-a4b1-138e5fb90da4,2015-03-24 13:23:40,informant-PC, Microsoft-Windows-Security-Auditing ,Security,1,0,0,0,0,0,0,None,496,Security,4672,0,0,0,1,0,0,0,0,0,12548,0x8020000000000000,0,0,0,1,0,0,0,2015-03-24 13:23:40,1427203420.0,13,23
2142934,59019,f3e39be2-7ab0-42d2-973b-ed345dd1cf3d,2015-03-24 13:23:40,informant-PC, Microsoft-Windows-Security-Auditing ,Security,1,0,0,0,0,0,0,None,496,Security,4672,0,0,0,1,0,0,0,0,0,12548,0x8020000000000000,0,0,0,1,0,0,0,2015-03-24 13:23:40,1427203420.0,13,23
2142935,59019,63470b78-1f45-49e4-a06e-828c7226dc7d,2015-03-24 13:23:40,informant-PC, Microsoft-Windows-Security-Auditing ,Security,1,0,0,0,0,0,0,S-1-5-18,496,Security,4624,0,0,0,1,0,0,0,0,0,12544,0x8020000000000000,0,0,0,1,0,0,0,2015-03-24 13:23:40,1427203420.0,13,23
2142936,59017,95e2de97-d1f5-4204-b125-47d5d2fc39dc,2015-03-24 13:23:40,informant-PC, Service Control Manager ,System,0,0,1,0,0,0,0,None,488,System,7036,0,0,0,0,0,0,0,0,0,0,0x8080000000000000,0,0,0,1,0,0,0,2015-03-24 13:23:40,1427203420.0,13,23
2142937,59017,529c2450-1005-49c2-b569-d825fda26e71,2015-03-24 13:23:40,informant-PC, Service Control Manager ,System,0,0,1,0,0,0,0,None,488,System,7036,0,0,0,0,0,0,0,0,0,0,0x8080000000000000,0,0,0,1,0,0,0,2015-03-24 13:23:40,1427203420.0,13,23
2142940,59018,0c74cc5c-5b0f-4ec8-a679-a81221b24f31,2015-03-24 13:23:41,informant-PC, SecurityCenter ,Application,0,1,0,0,0,0,0,None,None,Application,1,0,0,0,0,0,0,0,0,0,0,0x0080000000000000,0,0,0,0,0,0,0,2015-03-24 13:23:41,1427203421.0,13,23
2142941,59018,8ec3df29-4c3f-4ea7-9936-b29cf75f2191,2015-03-24 13:23:41,informant-PC, SecurityCenter ,Application,0,1,0,0,0,0,0,None,None,Application,1,0,0,0,0,0,0,0,0,0,0,0x0080000000000000,0,0,0,0,0,0,0,2015-03-24 13:23:41,1427203421.0,13,23
2142942,59030,6c783d66-9368-4649-ba87-c18ffbb43670,2015-03-24 13:23:41,informant-PC, Microsoft-Windows-Windows Defender ,Other,0,0,0,0,0,1,0,None,2492,Microsoft-Windows-Windows Defender/WHC,101,0,0,0,0,0,0,0,0,0,0,0x4000000000000000,0,0,1,0,0,0,0,2015-03-24 13:23:41,1427203421.0,13,23
2142943,59030,d78482c3-4878-4361-9b80-4d11419d0973,2015-03-24 13:23:41,informant-PC, Microsoft-Windows-Windows Defender ,Other,0,0,0,0,0,1,0,None,2492,Microsoft-Windows-Windows Defender/WHC,101,0,0,0,0,0,0,0,0,0,0,0x4000000000000000,0,0,1,0,0,0,0,2015-03-24 13:23:41,1427203421.0,13,23
2142944,59017,8f8587cc-3f0f-4426-b174-44432c39c8de,2015-03-24 13:23:41,informant-PC, Service Control Manager ,System,0,0,1,0,0,0,0,None,488,System,7036,0,0,0,0,0,0,0,0,0,0,0x8080000000000000,0,0,0,1,0,0,0,2015-03-24 13:23:41,1427203421.0,13,23
2142945,59017,e1669aed-470f-43e2-b094-07f227cab745,2015-03-24 13:23:41,informant-PC, Service Control Manager ,System,0,0,1,0,0,0,0,None,488,System,7036,0,0,0,0,0,0,0,0,0,0,0x8080000000000000,0,0,0,1,0,0,0,2015-03-24 13:23:41,1427203421.0,13,23
2142948,59018,9ac5ddb6-3ef8-4c68-b310-01d4ad044e18,2015-03-24 13:23:42,informant-PC, Software Protection Platform Service ,Application,0,1,0,0,0,0,0,None,0,Application,1066,0,0,0,0,0,0,0,0,0,0,0x0080000000000000,0,0,0,0,0,0,0,2015-03-24 13:23:42,1427203422.0,13,23
2142949,59018,111b86a0-4138-4260-9e95-9b4f2b900799,2015-03-24 13:23:42,informant-PC, Software Protection Platform Service ,Application,0,1,0,0,0,0,0,None,0,Application,1066,0,0,0,0,0,0,0,0,0,0,0x0080000000000000,0,0,0,0,0,0,0,2015-03-24 13:23:42,1427203422.0,13,23
2142974,59017,7390ed8d-b87a-4471-b5d2-3e9d2a00a763,2015-03-24 13:23:43,informant-PC, Service Control Manager ,System,0,0,1,0,0,0,0,None,488,System,7036,0,0,0,0,0,0,0,0,0,0,0x8080000000000000,0,0,0,1,0,0,0,2015-03-24 13:23:43,1427203423.0,13,23
2142975,59017,0f8a2fa9-9566-491f-87ff-af4ceacdf0f0,2015-03-24 13:23:43,informant-PC, Service Control Manager ,System,0,0,1,0,0,0,0,None,488,System,7036,0,0,0,0,0,0,0,0,0,0,0x8080000000000000,0,0,0,1,0,0,0,2015-03-24 13:23:43,1427203423.0,13,23
2143000,59018,45086516-7bf8-4be8-8723-53efe6289f12,2015-03-24 13:23:44,informant-PC, Software Protection Platform Service ,Application,0,1,0,0,0,0,0,None,0,Application,902,0,0,0,0,0,0,0,0,0,0,0x0080000000000000,0,0,0,0,0,0,0,2015-03-24 13:23:44,1427203424.0,13,23
2143001,59018,e734254b-0bd9-452f-9f83-66806027a032,2015-03-24 13:23:44,informant-PC, Software Protection Platform Service ,Application,0,1,0,0,0,0,0,None,0,Application,1003,0,0,0,0,0,0,0,0,0,0,0x0080000000000000,0,0,0,0,0,0,0,2015-03-24 13:23:44,1427203424.0,13,23
2143002,59018,37f8fe34-cb0e-4743-aa57-95c7df05435a,2015-03-24 13:23:44,informant-PC, Software Protection Platform Service ,Application,0,1,0,0,0,0,0,None,0,Application,1033,0,0,0,0,0,0,0,0,0,0,0x0080000000000000,0,0,0,0,0,0,0,2015-03-24 13:23:44,1427203424.0,13,23
2143003,59018,a35389fe-7c2e-43e5-988c-ad9f18098e5e,2015-03-24 13:23:44,informant-PC, Software Protection Platform Service ,Application,0,1,0,0,0,0,0,None,0,Application,902,0,0,0,0,0,0,0,0,0,0,0x0080000000000000,0,0,0,0,0,0,0,2015-03-24 13:23:44,1427203424.0,13,23
2143004,59018,6a26e8b0-433b-4b9a-a12c-2ed6200c97ec,2015-03-24 13:23:44,informant-PC, Software Protection Platform Service ,Application,0,1,0,0,0,0,0,None,0,Application,1003,0,0,0,0,0,0,0,0,0,0,0x0080000000000000,0,0,0,0,0,0,0,2015-03-24 13:23:44,1427203424.0,13,23
2143005,59018,12bb9822-adfa-4697-a407-d6272c1f8d41,2015-03-24 13:23:44,informant-PC, Software Protection Platform Service ,Application,0,1,0,0,0,0,0,None,0,Application,1033,0,0,0,0,0,0,0,0,0,0,0x0080000000000000,0,0,0,0,0,0,0,2015-03-24 13:23:44,1427203424.0,13,23
2143024,59017,4b80dd23-20c4-4457-ae97-c39a95292277,2015-03-24 13:23:45,informant-PC, Service Control Manager ,System,0,0,1,0,0,0,0,None,488,System,7036,0,0,0,0,0,0,0,0,0,0,0x8080000000000000,0,0,0,1,0,0,0,2015-03-24 13:23:45,1427203425.0,13,23
2143025,59017,a74f9926-67f0-4d95-b9fb-da831446a0b3,2015-03-24 13:23:45,informant-PC, Service Control Manager ,System,0,0,1,0,0,0,0,None,488,System,7036,0,0,0,0,0,0,0,0,0,0,0x8080000000000000,0,0,0,1,0,0,0,2015-03-24 13:23:45,1427203425.0,13,23
2143027,59030,77f3c995-d3ed-441d-8fe2-c467c0a4c7ed,2015-03-24 13:23:45,informant-PC, Microsoft-Windows-Windows Defender ,Other,0,0,0,0,0,1,0,None,2492,Microsoft-Windows-Windows Defender/WHC,101,0,0,0,0,0,0,0,0,0,0,0x4000000000000000,0,0,1,0,0,0,0,2015-03-24 13:23:45,1427203425.0,13,23
2143028,59030,425a7469-f70b-452e-87df-ef51c30d4212,2015-03-24 13:23:45,informant-PC, Microsoft-Windows-Windows Defender ,Other,0,0,0,0,0,1,0,None,2492,Microsoft-Windows-Windows Defender/WHC,101,0,0,0,0,0,0,0,0,0,0,0x4000000000000000,0,0,1,0,0,0,0,2015-03-24 13:23:45,1427203425.0,13,23
2143042,46,c067fdfc-5dc7-4c90-b2f3-83965baa6dd6,2015-03-24 13:24:33,informant-PC, Microsoft-Windows-WindowsUpdateClient ,Other,0,0,0,0,0,1,0,None,888,Microsoft-Windows-WindowsUpdateClient/Operational,30,0,0,0,0,0,0,0,0,0,1,0x4000000000000001,0,0,1,0,0,0,0,2015-03-24 13:24:33,1427203473.0,13,24
2143043,46,506b0cd9-b7ec-4335-aab8-be0a0d5e82c7,2015-03-24 13:24:33,informant-PC, Microsoft-Windows-WindowsUpdateClient ,Other,0,0,0,0,0,1,0,None,888,Microsoft-Windows-WindowsUpdateClient/Operational,42,0,0,0,0,0,0,0,0,0,2,0x4000000000000480,0,0,1,0,0,0,0,2015-03-24 13:24:33,1427203473.0,13,24
2143044,46,48f75a87-b2da-4c8f-87ef-d699cc44a446,2015-03-24 13:24:33,informant-PC, Microsoft-Windows-WindowsUpdateClient ,Other,0,0,0,0,0,1,0,None,888,Microsoft-Windows-WindowsUpdateClient/Operational,30,0,0,0,0,0,0,0,0,0,1,0x4000000000000001,0,0,1,0,0,0,0,2015-03-24 13:24:33,1427203473.0,13,24
2143045,46,d1c5b9ff-91e0-4524-8f9c-9f60c94f4610,2015-03-24 13:24:33,informant-PC, Microsoft-Windows-WindowsUpdateClient ,Other,0,0,0,0,0,1,0,None,888,Microsoft-Windows-WindowsUpdateClient/Operational,42,0,0,0,0,0,0,0,0,0,2,0x4000000000000480,0,0,1,0,0,0,0,2015-03-24 13:24:33,1427203473.0,13,24
2143046,46,cc053711-7ae9-4f60-95dc-fd787d934fd9,2015-03-24 13:24:33,informant-PC, Microsoft-Windows-WindowsUpdateClient ,Other,0,0,0,0,0,1,0,None,888,Microsoft-Windows-WindowsUpdateClient/Operational,42,0,0,0,0,0,0,0,0,0,2,0x4000000000000480,0,0,1,0,0,0,0,2015-03-24 13:24:33,1427203473.0,13,24
2143047,46,b2ab8661-5267-436c-a825-ff1d3d3688f8,2015-03-24 13:24:33,informant-PC, Microsoft-Windows-WindowsUpdateClient ,Other,0,0,0,0,0,1,0,None,888,Microsoft-Windows-WindowsUpdateClient/Operational,42,0,0,0,0,0,0,0,0,0,2,0x4000000000000480,0,0,1,0,0,0,0,2015-03-24 13:24:33,1427203473.0,13,24
2143072,59078,05db813d-8712-42f3-a888-9a02557ec2c7,2015-03-24 13:25:01,informant-PC, Microsoft-Windows-KnownFolders ,Other,0,0,0,0,0,1,0,None,1436,Microsoft-Windows-Known Folders API Service,1002,0,0,0,0,0,0,0,0,0,0,0x8000000000000000,0,0,0,1,0,0,0,2015-03-24 13:25:01,1427203501.0,13,25
2143073,59078,ffb897fb-6b15-4d21-a0b8-82ad5e280f4a,2015-03-24 13:25:01,informant-PC, Microsoft-Windows-KnownFolders ,Other,0,0,0,0,0,1,0,None,1436,Microsoft-Windows-Known Folders API Service,1002,0,0,0,0,0,0,0,0,0,0,0x8000000000000000,0,0,0,1,0,0,0,2015-03-24 13:25:01,1427203501.0,13,25
2143074,59078,3d4465c4-28d7-43ca-b653-0b2d150b351a,2015-03-24 13:25:01,informant-PC, Microsoft-Windows-KnownFolders ,Other,0,0,0,0,0,1,0,None,1436,Microsoft-Windows-Known Folders API Service,1002,0,0,0,0,0,0,0,0,0,0,0x8000000000000000,0,0,0,1,0,0,0,2015-03-24 13:25:01,1427203501.0,13,25
2143075,59078,2a962b15-201b-4c8f-ad3d-7294e0a68769,2015-03-24 13:25:01,informant-PC, Microsoft-Windows-KnownFolders ,Other,0,0,0,0,0,1,0,None,1436,Microsoft-Windows-Known Folders API Service,1002,0,0,0,0,0,0,0,0,0,0,0x8000000000000000,0,0,0,1,0,0,0,2015-03-24 13:25:01,1427203501.0,13,25
2143076,59078,d1d02e44-d9d5-4fd2-bc76-da0faa7e8dc1,2015-03-24 13:25:01,informant-PC, Microsoft-Windows-KnownFolders ,Other,0,0,0,0,0,1,0,None,1436,Microsoft-Windows-Known Folders API Service,1002,0,0,0,0,0,0,0,0,0,0,0x8000000000000000,0,0,0,1,0,0,0,2015-03-24 13:25:01,1427203501.0,13,25
2143077,59078,f500fa68-11d1-4b46-aeae-fbbe2d967b96,2015-03-24 13:25:01,informant-PC, Microsoft-Windows-KnownFolders ,Other,0,0,0,0,0,1,0,None,1436,Microsoft-Windows-Known Folders API Service,1002,0,0,0,0,0,0,0,0,0,0,0x8000000000000000,0,0,0,1,0,0,0,2015-03-24 13:25:01,1427203501.0,13,25
2143078,59078,0f336387-01db-4564-9d9e-0a8fafefc051,2015-03-24 13:25:01,informant-PC, Microsoft-Windows-KnownFolders ,Other,0,0,0,0,0,1,0,None,1436,Microsoft-Windows-Known Folders API Service,1002,0,0,0,0,0,0,0,0,0,0,0x8000000000000000,0,0,0,1,0,0,0,2015-03-24 13:25:01,1427203501.0,13,25
2143079,59078,88f728fa-5ec7-4b17-81c9-136cd29ff0e3,2015-03-24 13:25:01,informant-PC, Microsoft-Windows-KnownFolders ,Other,0,0,0,0,0,1,0,None,1436,Microsoft-Windows-Known Folders API Service,1002,0,0,0,0,0,0,0,0,0,0,0x8000000000000000,0,0,0,1,0,0,0,2015-03-24 13:25:01,1427203501.0,13,25
2143746,59018,960deee7-fcf7-4649-8286-f1b32052375e,2015-03-24 13:26:25,informant-PC, Microsoft-Windows-LoadPerf ,Application,0,1,0,0,0,0,0,None,1988,Application,1001,0,0,0,0,0,0,0,0,0,0,0x8000000000000000,0,0,0,1,0,0,0,2015-03-24 13:26:25,1427203585.0,13,26
2143752,59018,195a0108-6483-4a9d-bb54-8c779bdc272c,2015-03-24 13:26:25,informant-PC, Microsoft-Windows-LoadPerf ,Application,0,1,0,0,0,0,0,None,1988,Application,1001,0,0,0,0,0,0,0,0,0,0,0x8000000000000000,0,0,0,1,0,0,0,2015-03-24 13:26:25,1427203585.0,13,26
2143813,59018,85493bb0-a55e-4382-8cce-d7e47844f916,2015-03-24 13:26:25,informant-PC, Microsoft-Windows-LoadPerf ,Application,0,1,0,0,0,0,0,None,1988,Application,1000,0,0,0,0,0,0,0,0,0,0,0x8000000000000000,0,0,0,1,0,0,0,2015-03-24 13:26:25,1427203585.0,13,26
2143821,59018,41f6a71d-f237-44f0-9bfe-73a442452bdf,2015-03-24 13:26:25,informant-PC, Microsoft-Windows-LoadPerf ,Application,0,1,0,0,0,0,0,None,1988,Application,1000,0,0,0,0,0,0,0,0,0,0,0x8000000000000000,0,0,0,1,0,0,0,2015-03-24 13:26:25,1427203585.0,13,26
2143830,59017,74b7373f-305b-4fca-a83b-f8792286e3ee,2015-03-24 13:26:53,informant-PC, Service Control Manager ,System,0,0,1,0,0,0,0,None,488,System,7036,0,0,0,0,0,0,0,0,0,0,0x8080000000000000,0,0,0,1,0,0,0,2015-03-24 13:26:53,1427203613.0,13,26
2143831,59017,d923b84e-e308-415e-938b-17d1d537a48f,2015-03-24 13:26:53,informant-PC, Service Control Manager ,System,0,0,1,0,0,0,0,None,488,System,7036,0,0,0,0,0,0,0,0,0,0,0x8080000000000000,0,0,0,1,0,0,0,2015-03-24 13:26:53,1427203613.0,13,26
2143868,59018,8ee1759d-eae8-428e-a9a0-9a422ab0b06e,2015-03-24 13:28:16,informant-PC, Outlook ,Application,0,1,0,0,0,0,0,None,None,Application,30,0,0,0,0,0,0,0,0,0,0,0x0080000000000000,0,0,0,0,0,0,0,2015-03-24 13:28:16,1427203696.0,13,28
2143869,59018,ef321a66-39c8-47a2-a234-9d83fb4c7a6c,2015-03-24 13:28:16,informant-PC, Outlook ,Application,0,1,0,0,0,0,0,None,None,Application,30,0,0,0,0,0,0,0,0,0,0,0x0080000000000000,0,0,0,0,0,0,0,2015-03-24 13:28:16,1427203696.0,13,28
2144004,59018,70a3e047-5cf3-4568-acb2-f02305981d34,2015-03-24 13:28:24,informant-PC, Outlook ,Application,0,1,0,0,0,0,0,None,None,Application,45,0,0,0,0,0,0,0,0,0,0,0x0080000000000000,0,0,0,0,0,0,0,2015-03-24 13:28:24,1427203704.0,13,28
2144005,59018,45ee7cd4-50f8-4f44-b422-ba15ebb2cac2,2015-03-24 13:28:24,informant-PC, Office Software Protection Platform Service ,Application,0,1,0,0,0,0,0,None,None,Application,900,0,0,0,0,0,0,0,0,0,0,0x0080000000000000,0,0,0,0,0,0,0,2015-03-24 13:28:24,1427203704.0,13,28
2144006,59018,50d3ffb5-f3a4-4aee-8b50-ce1abb549f96,2015-03-24 13:28:24,informant-PC, Office Software Protection Platform Service ,Application,0,1,0,0,0,0,0,None,None,Application,900,0,0,0,0,0,0,0,0,0,0,0x0080000000000000,0,0,0,0,0,0,0,2015-03-24 13:28:24,1427203704.0,13,28
2144007,59018,f6a4fbc8-f05f-446d-b8ce-dabd5bad0cdb,2015-03-24 13:28:24,informant-PC, Outlook ,Application,0,1,0,0,0,0,0,None,None,Application,45,0,0,0,0,0,0,0,0,0,0,0x0080000000000000,0,0,0,0,0,0,0,2015-03-24 13:28:24,1427203704.0,13,28
2144008,59017,f57f5eae-0679-4b36-acc4-4ab8277a65da,2015-03-24 13:28:24,informant-PC, Service Control Manager ,System,0,0,1,0,0,0,0,None,488,System,7036,0,0,0,0,0,0,0,0,0,0,0x8080000000000000,0,0,0,1,0,0,0,2015-03-24 13:28:24,1427203704.0,13,28
2144013,59017,6d629fea-ada0-405e-9202-3befcc0b4d7d,2015-03-24 13:28:24,informant-PC, Service Control Manager ,System,0,0,1,0,0,0,0,None,488,System,7036,0,0,0,0,0,0,0,0,0,0,0x8080000000000000,0,0,0,1,0,0,0,2015-03-24 13:28:24,1427203704.0,13,28
2144014,59018,ca244ebd-624b-48c4-8cc7-b9267b8559ff,2015-03-24 13:28:25,informant-PC, Office Software Protection Platform Service ,Application,0,1,0,0,0,0,0,None,None,Application,1066,0,0,0,0,0,0,0,0,0,0,0x0080000000000000,0,0,0,0,0,0,0,2015-03-24 13:28:25,1427203705.0,13,28
2144015,59018,33ad948c-5992-4149-856d-9b934c40f659,2015-03-24 13:28:25,informant-PC, Office Software Protection Platform Service ,Application,0,1,0,0,0,0,0,None,None,Application,1003,0,0,0,0,0,0,0,0,0,0,0x0080000000000000,0,0,0,0,0,0,0,2015-03-24 13:28:25,1427203705.0,13,28
2144016,59018,1e9b5cce-9c6f-4829-a75c-2033995e437c,2015-03-24 13:28:25,informant-PC, Office Software Protection Platform Service ,Application,0,1,0,0,0,0,0,None,None,Application,1003,0,0,0,0,0,0,0,0,0,0,0x0080000000000000,0,0,0,0,0,0,0,2015-03-24 13:28:25,1427203705.0,13,28
2144017,59018,9232c540-4457-46a0-80ab-c82aa12b122f,2015-03-24 13:28:25,informant-PC, Office Software Protection Platform Service ,Application,0,1,0,0,0,0,0,None,None,Application,902,0,0,0,0,0,0,0,0,0,0,0x0080000000000000,0,0,0,0,0,0,0,2015-03-24 13:28:25,1427203705.0,13,28
2144018,59018,4df7cc25-e8d2-4daf-8ab8-ddb1fb48265d,2015-03-24 13:28:25,informant-PC, Office Software Protection Platform Service ,Application,0,1,0,0,0,0,0,None,None,Application,902,0,0,0,0,0,0,0,0,0,0,0x0080000000000000,0,0,0,0,0,0,0,2015-03-24 13:28:25,1427203705.0,13,28
2144019,59018,3b410ff1-7fbf-4ff0-9a52-99e1993fc50a,2015-03-24 13:28:25,informant-PC, Office Software Protection Platform Service ,Application,0,1,0,0,0,0,0,None,None,Application,1066,0,0,0,0,0,0,0,0,0,0,0x0080000000000000,0,0,0,0,0,0,0,2015-03-24 13:28:25,1427203705.0,13,28
2144020,59018,6b917e2a-23d2-4e1b-82df-88d0b9aaf9b1,2015-03-24 13:28:27,informant-PC, Outlook ,Application,0,1,0,0,0,0,0,None,None,Application,63,0,0,0,0,0,0,0,0,0,0,0x0080000000000000,0,0,0,0,0,0,0,2015-03-24 13:28:27,1427203707.0,13,28
2144021,59018,ef3b0ada-c75a-4f88-aec3-c29c14ed7ff2,2015-03-24 13:28:27,informant-PC, Outlook ,Application,0,1,0,0,0,0,0,None,None,Application,63,0,0,0,0,0,0,0,0,0,0,0x0080000000000000,0,0,0,0,0,0,0,2015-03-24 13:28:27,1427203707.0,13,28
2144101,59018,e2eb7446-4c66-4956-984a-cbe204bc5480,2015-03-24 13:28:28,informant-PC, Office Software Protection Platform Service ,Application,0,1,0,0,0,0,0,None,None,Application,1003,0,0,0,0,0,0,0,0,0,0,0x0080000000000000,0,0,0,0,0,0,0,2015-03-24 13:28:28,1427203708.0,13,28
2144102,59018,aa58bfcf-e71f-4fe4-b87b-b695497a22e3,2015-03-24 13:28:28,informant-PC, Office Software Protection Platform Service ,Application,0,1,0,0,0,0,0,None,None,Application,1003,0,0,0,0,0,0,0,0,0,0,0x0080000000000000,0,0,0,0,0,0,0,2015-03-24 13:28:28,1427203708.0,13,28
2144135,59018,a0d0ac8f-834a-4a62-af41-229ee51ae800,2015-03-24 13:28:37,informant-PC, Outlook ,Application,0,1,0,0,0,0,0,None,None,Application,63,0,0,0,0,0,0,0,0,0,0,0x0080000000000000,0,0,0,0,0,0,0,2015-03-24 13:28:37,1427203717.0,13,28
2144136,59018,e0e775d7-3f8a-4960-8a90-4513813e6cdf,2015-03-24 13:28:37,informant-PC, Outlook ,Application,0,1,0,0,0,0,0,None,None,Application,63,0,0,0,0,0,0,0,0,0,0,0x0080000000000000,0,0,0,0,0,0,0,2015-03-24 13:28:37,1427203717.0,13,28
2144183,59018,56ee8f6d-f0d8-49b8-9111-45546b952d56,2015-03-24 13:28:39,informant-PC, Outlook ,Application,0,1,0,0,0,0,0,None,None,Application,63,0,0,0,0,0,0,0,0,0,0,0x0080000000000000,0,0,0,0,0,0,0,2015-03-24 13:28:39,1427203719.0,13,28
2144184,59018,55266a51-43fa-4b1e-9afe-544984148fdb,2015-03-24 13:28:39,informant-PC, Outlook ,Application,0,1,0,0,0,0,0,None,None,Application,63,0,0,0,0,0,0,0,0,0,0,0x0080000000000000,0,0,0,0,0,0,0,2015-03-24 13:28:39,1427203719.0,13,28
2144193,59017,39e9aeab-5770-4e5c-b75a-ed78516c524b,2015-03-24 13:28:41,informant-PC, Service Control Manager ,System,0,0,1,0,0,0,0,None,488,System,7036,0,0,0,0,0,0,0,0,0,0,0x8080000000000000,0,0,0,1,0,0,0,2015-03-24 13:28:41,1427203721.0,13,28
2144194,59017,2e8ae25d-de7f-4fcf-99fc-abd7d6ad0432,2015-03-24 13:28:41,informant-PC, Service Control Manager ,System,0,0,1,0,0,0,0,None,488,System,7036,0,0,0,0,0,0,0,0,0,0,0x8080000000000000,0,0,0,1,0,0,0,2015-03-24 13:28:41,1427203721.0,13,28
2144201,59112,f93e1c6c-2443-4580-a429-718007286fd5,2015-03-24 13:28:41,informant-PC, Microsoft-Windows-Bits-Client ,Other,0,0,0,0,0,1,0,None,888,Microsoft-Windows-Bits-Client/Operational,306,0,0,0,0,0,0,0,0,0,0,0x4000000000000000,0,0,1,0,0,0,0,2015-03-24 13:28:41,1427203721.0,13,28
2144205,59112,b01d2f9d-5635-45fb-a3c1-0487bc881865,2015-03-24 13:28:41,informant-PC, Microsoft-Windows-Bits-Client ,Other,0,0,0,0,0,1,0,None,888,Microsoft-Windows-Bits-Client/Operational,306,0,0,0,0,0,0,0,0,0,0,0x4000000000000000,0,0,1,0,0,0,0,2015-03-24 13:28:41,1427203721.0,13,28
2144213,59017,86580e9f-495c-4042-b6ca-b69646a57d4f,2015-03-24 13:28:41,informant-PC, Service Control Manager ,System,0,0,1,0,0,0,0,None,488,System,7040,0,0,0,0,0,0,0,0,0,0,0x8080000000000000,0,0,0,1,0,0,0,2015-03-24 13:28:41,1427203721.0,13,28
2144214,59112,fe99840e-af12-4415-8a6e-f5df8a2d3924,2015-03-24 13:28:41,informant-PC, Microsoft-Windows-Bits-Client ,Other,0,0,0,0,0,1,0,None,888,Microsoft-Windows-Bits-Client/Operational,3,0,0,0,0,0,0,0,0,0,0,0x4000000000000000,0,0,1,0,0,0,0,2015-03-24 13:28:41,1427203721.0,13,28
2144215,59112,90e7d241-ee90-4f5e-91ad-a418288ef644,2015-03-24 13:28:41,informant-PC, Microsoft-Windows-Bits-Client ,Other,0,0,0,0,0,1,0,None,888,Microsoft-Windows-Bits-Client/Operational,3,0,0,0,0,0,0,0,0,0,0,0x4000000000000000,0,0,1,0,0,0,0,2015-03-24 13:28:41,1427203721.0,13,28
2144216,59017,82aafc97-03b3-4d9c-b6de-aa37c1536f4d,2015-03-24 13:28:41,informant-PC, Service Control Manager ,System,0,0,1,0,0,0,0,None,488,System,7040,0,0,0,0,0,0,0,0,0,0,0x8080000000000000,0,0,0,1,0,0,0,2015-03-24 13:28:41,1427203721.0,13,28
2144291,59112,ca9a22e9-9cc0-4c3b-af06-efc72921c972,2015-03-24 13:28:52,informant-PC, Microsoft-Windows-Bits-Client ,Other,0,0,0,0,0,1,0,None,888,Microsoft-Windows-Bits-Client/Operational,204,0,0,0,0,0,0,0,0,0,0,0x4000000000000000,0,0,1,0,0,0,0,2015-03-24 13:28:52,1427203732.0,13,28
2144292,59112,16f63de1-690b-4571-9d1b-51155c922c26,2015-03-24 13:28:52,informant-PC, Microsoft-Windows-Bits-Client ,Other,0,0,0,0,0,1,0,None,888,Microsoft-Windows-Bits-Client/Operational,204,0,0,0,0,0,0,0,0,0,0,0x4000000000000000,0,0,1,0,0,0,0,2015-03-24 13:28:52,1427203732.0,13,28
2144293,59112,112e2503-e5c7-4201-828b-f15a716b9107,2015-03-24 13:28:54,informant-PC, Microsoft-Windows-Bits-Client ,Other,0,0,0,0,0,1,0,None,888,Microsoft-Windows-Bits-Client/Operational,204,0,0,0,0,0,0,0,0,0,0,0x4000000000000000,0,0,1,0,0,0,0,2015-03-24 13:28:54,1427203734.0,13,28
2144294,59112,f9e74a28-044a-4d89-8fea-e14b5d57448d,2015-03-24 13:28:54,informant-PC, Microsoft-Windows-Bits-Client ,Other,0,0,0,0,0,1,0,None,888,Microsoft-Windows-Bits-Client/Operational,204,0,0,0,0,0,0,0,0,0,0,0x4000000000000000,0,0,1,0,0,0,0,2015-03-24 13:28:54,1427203734.0,13,28
2144295,59112,09d88c52-aac9-46c1-8e41-f19083cdb5c6,2015-03-24 13:28:56,informant-PC, Microsoft-Windows-Bits-Client ,Other,0,0,0,0,0,1,0,None,888,Microsoft-Windows-Bits-Client/Operational,204,0,0,0,0,0,0,0,0,0,0,0x4000000000000000,0,0,1,0,0,0,0,2015-03-24 13:28:56,1427203736.0,13,28
2144296,59112,f6c90ec6-8406-42de-96c2-817c0e731aab,2015-03-24 13:28:56,informant-PC, Microsoft-Windows-Bits-Client ,Other,0,0,0,0,0,1,0,None,888,Microsoft-Windows-Bits-Client/Operational,204,0,0,0,0,0,0,0,0,0,0,0x4000000000000000,0,0,1,0,0,0,0,2015-03-24 13:28:56,1427203736.0,13,28
2144297,59112,e7217a0a-326c-4d8e-91e3-3d573b35a0e9,2015-03-24 13:28:58,informant-PC, Microsoft-Windows-Bits-Client ,Other,0,0,0,0,0,1,0,None,888,Microsoft-Windows-Bits-Client/Operational,203,0,0,0,0,0,0,0,0,0,0,0x4000000000000000,0,0,1,0,0,0,0,2015-03-24 13:28:58,1427203738.0,13,28
2144298,59112,55157541-25aa-4c0c-8f80-fa45da23c23d,2015-03-24 13:28:58,informant-PC, Microsoft-Windows-Bits-Client ,Other,0,0,0,0,0,1,0,None,888,Microsoft-Windows-Bits-Client/Operational,203,0,0,0,0,0,0,0,0,0,0,0x4000000000000000,0,0,1,0,0,0,0,2015-03-24 13:28:58,1427203738.0,13,28
2144299,59112,18a708f4-8d6f-4567-9b3a-879a7aa8c511,2015-03-24 13:28:59,informant-PC, Microsoft-Windows-Bits-Client ,Other,0,0,0,0,0,1,0,None,888,Microsoft-Windows-Bits-Client/Operational,310,0,0,0,0,0,0,0,0,0,0,0x4000000000000000,0,0,1,0,0,0,0,2015-03-24 13:28:59,1427203739.0,13,28
2144300,59112,bd6ef57f-6d74-49a3-a4f2-d2ce5abda22d,2015-03-24 13:28:59,informant-PC, Microsoft-Windows-Bits-Client ,Other,0,0,0,0,0,1,0,None,888,Microsoft-Windows-Bits-Client/Operational,310,0,0,0,0,0,0,0,0,0,0,0x4000000000000000,0,0,1,0,0,0,0,2015-03-24 13:28:59,1427203739.0,13,28
2144301,59112,aafa340c-b099-4080-8608-fc6c64d8d2a5,2015-03-24 13:28:59,informant-PC, Microsoft-Windows-Bits-Client ,Other,0,0,0,0,0,1,0,None,888,Microsoft-Windows-Bits-Client/Operational,59,0,0,0,0,0,0,0,0,0,0,0x4000000000000000,0,0,1,0,0,0,0,2015-03-24 13:28:59,1427203739.0,13,28
2144302,59112,d356b027-bf5b-405a-81a9-23d452be55cf,2015-03-24 13:28:59,informant-PC, Microsoft-Windows-Bits-Client ,Other,0,0,0,0,0,1,0,None,888,Microsoft-Windows-Bits-Client/Operational,59,0,0,0,0,0,0,0,0,0,0,0x4000000000000000,0,0,1,0,0,0,0,2015-03-24 13:28:59,1427203739.0,13,28
2144307,59112,4e56d425-4798-4baf-ba09-3ebdc3626561,2015-03-24 13:29:03,informant-PC, Microsoft-Windows-Bits-Client ,Other,0,0,0,0,0,1,0,None,888,Microsoft-Windows-Bits-Client/Operational,203,0,0,0,0,0,0,0,0,0,0,0x4000000000000000,0,0,1,0,0,0,0,2015-03-24 13:29:03,1427203743.0,13,29
2144308,59112,7ba88cf8-b937-4d3c-b997-999a4d09aebb,2015-03-24 13:29:03,informant-PC, Microsoft-Windows-Bits-Client ,Other,0,0,0,0,0,1,0,None,888,Microsoft-Windows-Bits-Client/Operational,203,0,0,0,0,0,0,0,0,0,0,0x4000000000000000,0,0,1,0,0,0,0,2015-03-24 13:29:03,1427203743.0,13,29
2144313,59112,5912bc63-fef4-4c8a-8342-dce66764d44e,2015-03-24 13:29:14,informant-PC, Microsoft-Windows-Bits-Client ,Other,0,0,0,0,0,1,0,None,888,Microsoft-Windows-Bits-Client/Operational,60,0,0,0,0,0,0,0,0,0,0,0x4000000000000000,0,0,1,0,0,0,0,2015-03-24 13:29:14,1427203754.0,13,29
2144316,59112,900acd13-e380-4d5f-a2a6-43db1c0ea66d,2015-03-24 13:29:14,informant-PC, Microsoft-Windows-Bits-Client ,Other,0,0,0,0,0,1,0,None,888,Microsoft-Windows-Bits-Client/Operational,60,0,0,0,0,0,0,0,0,0,0,0x4000000000000000,0,0,1,0,0,0,0,2015-03-24 13:29:14,1427203754.0,13,29
2144324,59112,186587ad-9f50-4f61-879c-9996faaa105a,2015-03-24 13:29:16,informant-PC, Microsoft-Windows-Bits-Client ,Other,0,0,0,0,0,1,0,None,888,Microsoft-Windows-Bits-Client/Operational,4,0,0,0,0,0,0,0,0,0,0,0x4000000000000000,0,0,1,0,0,0,0,2015-03-24 13:29:16,1427203756.0,13,29
