1739602,59112,e8957d59-4232-4d53-b65b-8cf4fb9d5003,2015-03-22 15:49:37,informant-PC, Microsoft-Windows-Bits-Client ,Other,0,0,0,0,0,1,0,None,904,Microsoft-Windows-Bits-Client/Operational,60,0,0,0,0,0,0,0,0,0,0,0x4000000000000000,0,0,1,0,0,0,0,2015-03-22 15:49:37,1427039377.0,15,49
1739607,59112,9cbae121-a4a5-42cb-bfcd-b4e8a16cb975,2015-03-22 15:49:38,informant-PC, Microsoft-Windows-Bits-Client ,Other,0,0,0,0,0,1,0,None,904,Microsoft-Windows-Bits-Client/Operational,4,0,0,0,0,0,0,0,0,0,0,0x4000000000000000,0,0,1,0,0,0,0,2015-03-22 15:49:38,1427039378.0,15,49
1739613,59112,fb14a564-1215-46b6-a97c-ca1e6623db0d,2015-03-22 15:49:38,informant-PC, Microsoft-Windows-Bits-Client ,Other,0,0,0,0,0,1,0,None,904,Microsoft-Windows-Bits-Client/Operational,4,0,0,0,0,0,0,0,0,0,0,0x4000000000000000,0,0,1,0,0,0,0,2015-03-22 15:49:38,1427039378.0,15,49
1739639,59112,500be247-2bd8-473c-962c-991a3309efd2,2015-03-22 15:50:06,informant-PC, Microsoft-Windows-Bits-Client ,Other,0,0,0,0,0,1,0,None,904,Microsoft-Windows-Bits-Client/Operational,3,0,0,0,0,0,0,0,0,0,0,0x4000000000000000,0,0,1,0,0,0,0,2015-03-22 15:50:06,1427039406.0,15,50
1739643,59112,4d32474c-0f73-49e4-90c2-f9d7b2825529,2015-03-22 15:50:06,informant-PC, Microsoft-Windows-Bits-Client ,Other,0,0,0,0,0,1,0,None,904,Microsoft-Windows-Bits-Client/Operational,3,0,0,0,0,0,0,0,0,0,0,0x4000000000000000,0,0,1,0,0,0,0,2015-03-22 15:50:06,1427039406.0,15,50
1739647,59112,1f069e11-1677-43f5-a825-a126c6d26ffc,2015-03-22 15:50:07,informant-PC, Microsoft-Windows-Bits-Client ,Other,0,0,0,0,0,1,0,None,904,Microsoft-Windows-Bits-Client/Operational,204,0,0,0,0,0,0,0,0,0,0,0x4000000000000000,0,0,1,0,0,0,0,2015-03-22 15:50:07,1427039407.0,15,50
1739648,59112,aab8b30e-e5f8-4e40-b121-22bb826c6d0e,2015-03-22 15:50:07,informant-PC, Microsoft-Windows-Bits-Client ,Other,0,0,0,0,0,1,0,None,904,Microsoft-Windows-Bits-Client/Operational,204,0,0,0,0,0,0,0,0,0,0,0x4000000000000000,0,0,1,0,0,0,0,2015-03-22 15:50:07,1427039407.0,15,50
1739649,59112,dee5e255-8aa4-4a95-886e-d0c0ee8fbd83,2015-03-22 15:50:09,informant-PC, Microsoft-Windows-Bits-Client ,Other,0,0,0,0,0,1,0,None,904,Microsoft-Windows-Bits-Client/Operational,204,0,0,0,0,0,0,0,0,0,0,0x4000000000000000,0,0,1,0,0,0,0,2015-03-22 15:50:09,1427039409.0,15,50
1739650,59112,b665b4a8-93f8-46aa-96f1-f50201cfe025,2015-03-22 15:50:09,informant-PC, Microsoft-Windows-Bits-Client ,Other,0,0,0,0,0,1,0,None,904,Microsoft-Windows-Bits-Client/Operational,204,0,0,0,0,0,0,0,0,0,0,0x4000000000000000,0,0,1,0,0,0,0,2015-03-22 15:50:09,1427039409.0,15,50
1739679,59112,89f72a52-c7a4-4fef-bc2c-16e857271bef,2015-03-22 15:50:11,informant-PC, Microsoft-Windows-Bits-Client ,Other,0,0,0,0,0,1,0,None,904,Microsoft-Windows-Bits-Client/Operational,204,0,0,0,0,0,0,0,0,0,0,0x4000000000000000,0,0,1,0,0,0,0,2015-03-22 15:50:11,1427039411.0,15,50
1739680,59112,5c350e71-6b26-4b14-9341-978e15059ca5,2015-03-22 15:50:11,informant-PC, Microsoft-Windows-Bits-Client ,Other,0,0,0,0,0,1,0,None,904,Microsoft-Windows-Bits-Client/Operational,204,0,0,0,0,0,0,0,0,0,0,0x4000000000000000,0,0,1,0,0,0,0,2015-03-22 15:50:11,1427039411.0,15,50
1739681,59112,df35040a-ccf0-4b48-b8a7-6625e24ddf03,2015-03-22 15:50:13,informant-PC, Microsoft-Windows-Bits-Client ,Other,0,0,0,0,0,1,0,None,904,Microsoft-Windows-Bits-Client/Operational,203,0,0,0,0,0,0,0,0,0,0,0x4000000000000000,0,0,1,0,0,0,0,2015-03-22 15:50:13,1427039413.0,15,50
1739682,59112,d9d89ae7-b766-4c1e-83ca-31a94fd4d62c,2015-03-22 15:50:13,informant-PC, Microsoft-Windows-Bits-Client ,Other,0,0,0,0,0,1,0,None,904,Microsoft-Windows-Bits-Client/Operational,203,0,0,0,0,0,0,0,0,0,0,0x4000000000000000,0,0,1,0,0,0,0,2015-03-22 15:50:13,1427039413.0,15,50
1739683,59112,67df1342-409c-487b-b87a-1c4a04e3383e,2015-03-22 15:50:13,informant-PC, Microsoft-Windows-Bits-Client ,Other,0,0,0,0,0,1,0,None,904,Microsoft-Windows-Bits-Client/Operational,59,0,0,0,0,0,0,0,0,0,0,0x4000000000000000,0,0,1,0,0,0,0,2015-03-22 15:50:13,1427039413.0,15,50
1739684,59112,b69f8974-9c10-451f-90fa-94543a4df7bd,2015-03-22 15:50:13,informant-PC, Microsoft-Windows-Bits-Client ,Other,0,0,0,0,0,1,0,None,904,Microsoft-Windows-Bits-Client/Operational,59,0,0,0,0,0,0,0,0,0,0,0x4000000000000000,0,0,1,0,0,0,0,2015-03-22 15:50:13,1427039413.0,15,50
1739689,59112,5b6bba18-98d5-4698-920c-4b7a7123fe2d,2015-03-22 15:50:14,informant-PC, Microsoft-Windows-Bits-Client ,Other,0,0,0,0,0,1,0,None,904,Microsoft-Windows-Bits-Client/Operational,203,0,0,0,0,0,0,0,0,0,0,0x4000000000000000,0,0,1,0,0,0,0,2015-03-22 15:50:14,1427039414.0,15,50
1739690,59112,aba02ea6-f777-4a8c-9576-50cd4c765f4f,2015-03-22 15:50:14,informant-PC, Microsoft-Windows-Bits-Client ,Other,0,0,0,0,0,1,0,None,904,Microsoft-Windows-Bits-Client/Operational,203,0,0,0,0,0,0,0,0,0,0,0x4000000000000000,0,0,1,0,0,0,0,2015-03-22 15:50:14,1427039414.0,15,50
1739695,59112,7beee04e-6c93-4555-8253-0ad7d3c3bb9e,2015-03-22 15:50:17,informant-PC, Microsoft-Windows-Bits-Client ,Other,0,0,0,0,0,1,0,None,904,Microsoft-Windows-Bits-Client/Operational,60,0,0,0,0,0,0,0,0,0,0,0x4000000000000000,0,0,1,0,0,0,0,2015-03-22 15:50:17,1427039417.0,15,50
1739696,59112,65d7edb0-d2bb-4c05-9177-00b3b2977aea,2015-03-22 15:50:17,informant-PC, Microsoft-Windows-Bits-Client ,Other,0,0,0,0,0,1,0,None,904,Microsoft-Windows-Bits-Client/Operational,60,0,0,0,0,0,0,0,0,0,0,0x4000000000000000,0,0,1,0,0,0,0,2015-03-22 15:50:17,1427039417.0,15,50
1739706,59112,d54c8b2c-2c2a-4523-a135-898c9a3da37a,2015-03-22 15:50:19,informant-PC, Microsoft-Windows-Bits-Client ,Other,0,0,0,0,0,1,0,None,904,Microsoft-Windows-Bits-Client/Operational,4,0,0,0,0,0,0,0,0,0,0,0x4000000000000000,0,0,1,0,0,0,0,2015-03-22 15:50:19,1427039419.0,15,50
1739711,59112,0c6772a0-dd71-45b3-834c-5900954f3f37,2015-03-22 15:50:19,informant-PC, Microsoft-Windows-Bits-Client ,Other,0,0,0,0,0,1,0,None,904,Microsoft-Windows-Bits-Client/Operational,4,0,0,0,0,0,0,0,0,0,0,0x4000000000000000,0,0,1,0,0,0,0,2015-03-22 15:50:19,1427039419.0,15,50
1739713,59018,5a4db4dc-edb1-45e0-93eb-6f5753bf10a2,2015-03-22 15:50:21,informant-PC, Outlook ,Application,0,1,0,0,0,0,0,None,None,Application,27,0,0,0,0,0,0,0,0,0,0,0x0080000000000000,0,0,0,0,0,0,0,2015-03-22 15:50:21,1427039421.0,15,50
1739714,59018,1ec39472-02d0-40dd-bdde-9c30127fbcdb,2015-03-22 15:50:21,informant-PC, Outlook ,Application,0,1,0,0,0,0,0,None,None,Application,27,0,0,0,0,0,0,0,0,0,0,0x0080000000000000,0,0,0,0,0,0,0,2015-03-22 15:50:21,1427039421.0,15,50
1739851,59112,bc489f5b-8f9c-4c24-ae35-7a9d20c1eb8b,2015-03-22 15:50:34,informant-PC, Microsoft-Windows-Bits-Client ,Other,0,0,0,0,0,1,0,None,904,Microsoft-Windows-Bits-Client/Operational,3,0,0,0,0,0,0,0,0,0,0,0x4000000000000000,0,0,1,0,0,0,0,2015-03-22 15:50:34,1427039434.0,15,50
1739853,59112,0666e36d-2886-48d7-a9e8-17773e5c9f58,2015-03-22 15:50:34,informant-PC, Microsoft-Windows-Bits-Client ,Other,0,0,0,0,0,1,0,None,904,Microsoft-Windows-Bits-Client/Operational,3,0,0,0,0,0,0,0,0,0,0,0x4000000000000000,0,0,1,0,0,0,0,2015-03-22 15:50:34,1427039434.0,15,50
1739867,59112,bdd00d84-bf78-416b-b7a2-07320651c6ff,2015-03-22 15:50:34,informant-PC, Microsoft-Windows-Bits-Client ,Other,0,0,0,0,0,1,0,None,904,Microsoft-Windows-Bits-Client/Operational,204,0,0,0,0,0,0,0,0,0,0,0x4000000000000000,0,0,1,0,0,0,0,2015-03-22 15:50:34,1427039434.0,15,50
1739868,59112,6a80d3a0-ea36-4632-ba71-86b909638dad,2015-03-22 15:50:34,informant-PC, Microsoft-Windows-Bits-Client ,Other,0,0,0,0,0,1,0,None,904,Microsoft-Windows-Bits-Client/Operational,204,0,0,0,0,0,0,0,0,0,0,0x4000000000000000,0,0,1,0,0,0,0,2015-03-22 15:50:34,1427039434.0,15,50
1739869,59112,adfb5b94-9b50-40e7-97c0-285f6b2fc86c,2015-03-22 15:50:37,informant-PC, Microsoft-Windows-Bits-Client ,Other,0,0,0,0,0,1,0,None,904,Microsoft-Windows-Bits-Client/Operational,204,0,0,0,0,0,0,0,0,0,0,0x4000000000000000,0,0,1,0,0,0,0,2015-03-22 15:50:37,1427039437.0,15,50
1739870,59112,41ca8c57-3600-47cd-8744-eab3c412d931,2015-03-22 15:50:37,informant-PC, Microsoft-Windows-Bits-Client ,Other,0,0,0,0,0,1,0,None,904,Microsoft-Windows-Bits-Client/Operational,204,0,0,0,0,0,0,0,0,0,0,0x4000000000000000,0,0,1,0,0,0,0,2015-03-22 15:50:37,1427039437.0,15,50
1739871,59017,669c7ea4-31ea-402e-b4f7-3dc18519d827,2015-03-22 15:50:37,informant-PC, Service Control Manager ,System,0,0,1,0,0,0,0,None,484,System,7036,0,0,0,0,0,0,0,0,0,0,0x8080000000000000,0,0,0,1,0,0,0,2015-03-22 15:50:37,1427039437.0,15,50
1739872,59017,43f24ff4-54b7-4a73-93e2-90ac153f73dd,2015-03-22 15:50:37,informant-PC, Service Control Manager ,System,0,0,1,0,0,0,0,None,484,System,7036,0,0,0,0,0,0,0,0,0,0,0x8080000000000000,0,0,0,1,0,0,0,2015-03-22 15:50:37,1427039437.0,15,50
1739873,59112,46a48dd6-d7e3-4722-8436-f8f34f2772f4,2015-03-22 15:50:39,informant-PC, Microsoft-Windows-Bits-Client ,Other,0,0,0,0,0,1,0,None,904,Microsoft-Windows-Bits-Client/Operational,204,0,0,0,0,0,0,0,0,0,0,0x4000000000000000,0,0,1,0,0,0,0,2015-03-22 15:50:39,1427039439.0,15,50
1739874,59112,2bc4bd6c-e7ef-4846-a246-89b127bdb83c,2015-03-22 15:50:39,informant-PC, Microsoft-Windows-Bits-Client ,Other,0,0,0,0,0,1,0,None,904,Microsoft-Windows-Bits-Client/Operational,204,0,0,0,0,0,0,0,0,0,0,0x4000000000000000,0,0,1,0,0,0,0,2015-03-22 15:50:39,1427039439.0,15,50
1739875,59112,11d57aa0-5ab6-4f2f-b69e-5d95098abecb,2015-03-22 15:50:41,informant-PC, Microsoft-Windows-Bits-Client ,Other,0,0,0,0,0,1,0,None,904,Microsoft-Windows-Bits-Client/Operational,203,0,0,0,0,0,0,0,0,0,0,0x4000000000000000,0,0,1,0,0,0,0,2015-03-22 15:50:41,1427039441.0,15,50
1739876,59112,b7ecd3fa-c9b7-4375-a8d3-c5c0286d96c7,2015-03-22 15:50:41,informant-PC, Microsoft-Windows-Bits-Client ,Other,0,0,0,0,0,1,0,None,904,Microsoft-Windows-Bits-Client/Operational,203,0,0,0,0,0,0,0,0,0,0,0x4000000000000000,0,0,1,0,0,0,0,2015-03-22 15:50:41,1427039441.0,15,50
1739877,59112,0e33ef9a-91ab-4a47-98a5-b5c943687795,2015-03-22 15:50:41,informant-PC, Microsoft-Windows-Bits-Client ,Other,0,0,0,0,0,1,0,None,904,Microsoft-Windows-Bits-Client/Operational,59,0,0,0,0,0,0,0,0,0,0,0x4000000000000000,0,0,1,0,0,0,0,2015-03-22 15:50:41,1427039441.0,15,50
1739878,59112,61709a73-2bc5-40c6-a41e-11d4b85c82a4,2015-03-22 15:50:41,informant-PC, Microsoft-Windows-Bits-Client ,Other,0,0,0,0,0,1,0,None,904,Microsoft-Windows-Bits-Client/Operational,59,0,0,0,0,0,0,0,0,0,0,0x4000000000000000,0,0,1,0,0,0,0,2015-03-22 15:50:41,1427039441.0,15,50
1739883,59112,b8d36f04-9971-4ece-ba7d-885c6f99415f,2015-03-22 15:50:41,informant-PC, Microsoft-Windows-Bits-Client ,Other,0,0,0,0,0,1,0,None,904,Microsoft-Windows-Bits-Client/Operational,203,0,0,0,0,0,0,0,0,0,0,0x4000000000000000,0,0,1,0,0,0,0,2015-03-22 15:50:41,1427039441.0,15,50
1739884,59112,1fe69a1d-154c-43d2-ac41-707bc5981946,2015-03-22 15:50:41,informant-PC, Microsoft-Windows-Bits-Client ,Other,0,0,0,0,0,1,0,None,904,Microsoft-Windows-Bits-Client/Operational,203,0,0,0,0,0,0,0,0,0,0,0x4000000000000000,0,0,1,0,0,0,0,2015-03-22 15:50:41,1427039441.0,15,50
1739891,59112,e6a4a2c1-f8cd-49ee-8db8-ae8405652e6e,2015-03-22 15:50:42,informant-PC, Microsoft-Windows-Bits-Client ,Other,0,0,0,0,0,1,0,None,904,Microsoft-Windows-Bits-Client/Operational,60,0,0,0,0,0,0,0,0,0,0,0x4000000000000000,0,0,1,0,0,0,0,2015-03-22 15:50:42,1427039442.0,15,50
1739892,59112,217b3a9f-95be-49f2-b062-eac2f763237a,2015-03-22 15:50:42,informant-PC, Microsoft-Windows-Bits-Client ,Other,0,0,0,0,0,1,0,None,904,Microsoft-Windows-Bits-Client/Operational,60,0,0,0,0,0,0,0,0,0,0,0x4000000000000000,0,0,1,0,0,0,0,2015-03-22 15:50:42,1427039442.0,15,50
1739895,59112,326f067e-ff5d-4f8d-bfc8-775ebf939871,2015-03-22 15:50:43,informant-PC, Microsoft-Windows-Bits-Client ,Other,0,0,0,0,0,1,0,None,904,Microsoft-Windows-Bits-Client/Operational,4,0,0,0,0,0,0,0,0,0,0,0x4000000000000000,0,0,1,0,0,0,0,2015-03-22 15:50:43,1427039443.0,15,50
1739897,59112,503d35f6-294e-4af9-96d6-1680474a8120,2015-03-22 15:50:43,informant-PC, Microsoft-Windows-Bits-Client ,Other,0,0,0,0,0,1,0,None,904,Microsoft-Windows-Bits-Client/Operational,4,0,0,0,0,0,0,0,0,0,0,0x4000000000000000,0,0,1,0,0,0,0,2015-03-22 15:50:43,1427039443.0,15,50
1739905,59112,c03480a5-f6ff-4b7d-b6d8-1d954197b451,2015-03-22 15:50:43,informant-PC, Microsoft-Windows-Bits-Client ,Other,0,0,0,0,0,1,0,None,904,Microsoft-Windows-Bits-Client/Operational,3,0,0,0,0,0,0,0,0,0,0,0x4000000000000000,0,0,1,0,0,0,0,2015-03-22 15:50:43,1427039443.0,15,50
1739906,59112,2ece09b9-3f28-4c8f-94ee-566b15afd5df,2015-03-22 15:50:43,informant-PC, Microsoft-Windows-Bits-Client ,Other,0,0,0,0,0,1,0,None,904,Microsoft-Windows-Bits-Client/Operational,3,0,0,0,0,0,0,0,0,0,0,0x4000000000000000,0,0,1,0,0,0,0,2015-03-22 15:50:43,1427039443.0,15,50
1739915,59112,ac206972-98b3-4900-9fc8-1f137973065f,2015-03-22 15:50:43,informant-PC, Microsoft-Windows-Bits-Client ,Other,0,0,0,0,0,1,0,None,904,Microsoft-Windows-Bits-Client/Operational,204,0,0,0,0,0,0,0,0,0,0,0x4000000000000000,0,0,1,0,0,0,0,2015-03-22 15:50:43,1427039443.0,15,50
1739916,59112,293ca78b-b4ef-493f-a8b8-c28682ac6443,2015-03-22 15:50:43,informant-PC, Microsoft-Windows-Bits-Client ,Other,0,0,0,0,0,1,0,None,904,Microsoft-Windows-Bits-Client/Operational,204,0,0,0,0,0,0,0,0,0,0,0x4000000000000000,0,0,1,0,0,0,0,2015-03-22 15:50:43,1427039443.0,15,50
1739917,59112,1be4e54e-897c-4d07-a510-14d0357b0c48,2015-03-22 15:50:46,informant-PC, Microsoft-Windows-Bits-Client ,Other,0,0,0,0,0,1,0,None,904,Microsoft-Windows-Bits-Client/Operational,204,0,0,0,0,0,0,0,0,0,0,0x4000000000000000,0,0,1,0,0,0,0,2015-03-22 15:50:46,1427039446.0,15,50
1739918,59112,23bf526d-1bd5-4d69-980c-808a1e416070,2015-03-22 15:50:46,informant-PC, Microsoft-Windows-Bits-Client ,Other,0,0,0,0,0,1,0,None,904,Microsoft-Windows-Bits-Client/Operational,204,0,0,0,0,0,0,0,0,0,0,0x4000000000000000,0,0,1,0,0,0,0,2015-03-22 15:50:46,1427039446.0,15,50
1739935,59112,5715090d-1a9b-4964-8b44-997747da9424,2015-03-22 15:50:48,informant-PC, Microsoft-Windows-Bits-Client ,Other,0,0,0,0,0,1,0,None,904,Microsoft-Windows-Bits-Client/Operational,204,0,0,0,0,0,0,0,0,0,0,0x4000000000000000,0,0,1,0,0,0,0,2015-03-22 15:50:48,1427039448.0,15,50
1739936,59112,bcab4a91-06bd-44f7-b83c-9ff36b3449e0,2015-03-22 15:50:48,informant-PC, Microsoft-Windows-Bits-Client ,Other,0,0,0,0,0,1,0,None,904,Microsoft-Windows-Bits-Client/Operational,204,0,0,0,0,0,0,0,0,0,0,0x4000000000000000,0,0,1,0,0,0,0,2015-03-22 15:50:48,1427039448.0,15,50
1739951,59112,709cc232-8398-46dd-ad70-1bdcc2196082,2015-03-22 15:50:50,informant-PC, Microsoft-Windows-Bits-Client ,Other,0,0,0,0,0,1,0,None,904,Microsoft-Windows-Bits-Client/Operational,203,0,0,0,0,0,0,0,0,0,0,0x4000000000000000,0,0,1,0,0,0,0,2015-03-22 15:50:50,1427039450.0,15,50
1739952,59112,e6270dd6-2a59-4ad3-b3b8-86252e8eadff,2015-03-22 15:50:50,informant-PC, Microsoft-Windows-Bits-Client ,Other,0,0,0,0,0,1,0,None,904,Microsoft-Windows-Bits-Client/Operational,203,0,0,0,0,0,0,0,0,0,0,0x4000000000000000,0,0,1,0,0,0,0,2015-03-22 15:50:50,1427039450.0,15,50
1739953,59112,5c367ff1-9c56-4258-9f32-138f3e9e566f,2015-03-22 15:50:50,informant-PC, Microsoft-Windows-Bits-Client ,Other,0,0,0,0,0,1,0,None,904,Microsoft-Windows-Bits-Client/Operational,59,0,0,0,0,0,0,0,0,0,0,0x4000000000000000,0,0,1,0,0,0,0,2015-03-22 15:50:50,1427039450.0,15,50
1739954,59112,582220fc-8c37-4fb1-a0c6-3d5e0d2dfe3d,2015-03-22 15:50:50,informant-PC, Microsoft-Windows-Bits-Client ,Other,0,0,0,0,0,1,0,None,904,Microsoft-Windows-Bits-Client/Operational,59,0,0,0,0,0,0,0,0,0,0,0x4000000000000000,0,0,1,0,0,0,0,2015-03-22 15:50:50,1427039450.0,15,50
1739959,59112,245dadd4-e6d9-458f-8192-b8b22dad2158,2015-03-22 15:50:50,informant-PC, Microsoft-Windows-Bits-Client ,Other,0,0,0,0,0,1,0,None,904,Microsoft-Windows-Bits-Client/Operational,203,0,0,0,0,0,0,0,0,0,0,0x4000000000000000,0,0,1,0,0,0,0,2015-03-22 15:50:50,1427039450.0,15,50
1739960,59112,964e4e1c-e059-4749-9d97-025857854417,2015-03-22 15:50:50,informant-PC, Microsoft-Windows-Bits-Client ,Other,0,0,0,0,0,1,0,None,904,Microsoft-Windows-Bits-Client/Operational,203,0,0,0,0,0,0,0,0,0,0,0x4000000000000000,0,0,1,0,0,0,0,2015-03-22 15:50:50,1427039450.0,15,50
1739965,59112,d1851388-96f2-4951-bac3-5fabaf8b6714,2015-03-22 15:51:05,informant-PC, Microsoft-Windows-Bits-Client ,Other,0,0,0,0,0,1,0,None,904,Microsoft-Windows-Bits-Client/Operational,60,0,0,0,0,0,0,0,0,0,0,0x4000000000000000,0,0,1,0,0,0,0,2015-03-22 15:51:05,1427039465.0,15,51
1739968,59112,908ac810-01e3-4a6a-9663-08ce1d09961a,2015-03-22 15:51:05,informant-PC, Microsoft-Windows-Bits-Client ,Other,0,0,0,0,0,1,0,None,904,Microsoft-Windows-Bits-Client/Operational,60,0,0,0,0,0,0,0,0,0,0,0x4000000000000000,0,0,1,0,0,0,0,2015-03-22 15:51:05,1427039465.0,15,51
1739969,59018,44653427-f77d-4d73-bf31-f4bb26e8a32c,2015-03-22 15:51:06,informant-PC, Outlook ,Application,0,1,0,0,0,0,0,None,None,Application,27,0,0,0,0,0,0,0,0,0,0,0x0080000000000000,0,0,0,0,0,0,0,2015-03-22 15:51:06,1427039466.0,15,51
1739970,59018,46f6bf17-712f-452e-8d2a-9668cc4d472e,2015-03-22 15:51:06,informant-PC, Outlook ,Application,0,1,0,0,0,0,0,None,None,Application,27,0,0,0,0,0,0,0,0,0,0,0x0080000000000000,0,0,0,0,0,0,0,2015-03-22 15:51:06,1427039466.0,15,51
1739971,59112,b4045059-65b8-411b-abd0-6bf03e18a485,2015-03-22 15:51:06,informant-PC, Microsoft-Windows-Bits-Client ,Other,0,0,0,0,0,1,0,None,904,Microsoft-Windows-Bits-Client/Operational,4,0,0,0,0,0,0,0,0,0,0,0x4000000000000000,0,0,1,0,0,0,0,2015-03-22 15:51:06,1427039466.0,15,51
1739987,59112,b741b43b-e270-495c-a403-fcdeef5642dc,2015-03-22 15:51:06,informant-PC, Microsoft-Windows-Bits-Client ,Other,0,0,0,0,0,1,0,None,904,Microsoft-Windows-Bits-Client/Operational,4,0,0,0,0,0,0,0,0,0,0,0x4000000000000000,0,0,1,0,0,0,0,2015-03-22 15:51:06,1427039466.0,15,51
1740133,59017,a969c2de-87f6-49a0-9c54-97e438aa1a85,2015-03-22 15:51:29,informant-PC, Service Control Manager ,System,0,0,1,0,0,0,0,None,484,System,7036,0,0,0,0,0,0,0,0,0,0,0x8080000000000000,0,0,0,1,0,0,0,2015-03-22 15:51:29,1427039489.0,15,51
1740134,59017,45c45e26-a66c-42c2-9fa2-93f3b06af9ef,2015-03-22 15:51:29,informant-PC, Service Control Manager ,System,0,0,1,0,0,0,0,None,484,System,7036,0,0,0,0,0,0,0,0,0,0,0x8080000000000000,0,0,0,1,0,0,0,2015-03-22 15:51:29,1427039489.0,15,51
1740158,59019,25510794-fadb-4fe3-8ef3-5f0206e1ead5,2015-03-22 15:51:37,informant-PC, Microsoft-Windows-Security-Auditing ,Security,1,0,0,0,0,0,0,None,500,Security,4738,0,1,0,0,0,0,0,0,0,13824,0x8020000000000000,0,0,0,1,0,0,0,2015-03-22 15:51:37,1427039497.0,15,51
1740160,59019,a15a0489-9fbd-4d2d-827a-9b57f1a04fdd,2015-03-22 15:51:37,informant-PC, Microsoft-Windows-Security-Auditing ,Security,1,0,0,0,0,0,0,None,500,Security,4738,0,1,0,0,0,0,0,0,0,13824,0x8020000000000000,0,0,0,1,0,0,0,2015-03-22 15:51:37,1427039497.0,15,51
1740199,59017,6bd3760d-dcf9-437d-9176-44e302db183f,2015-03-22 15:51:40,informant-PC, Service Control Manager ,System,0,0,1,0,0,0,0,None,484,System,7036,0,0,0,0,0,0,0,0,0,0,0x8080000000000000,0,0,0,1,0,0,0,2015-03-22 15:51:40,1427039500.0,15,51
1740200,59017,d7cec9a9-71cb-48f5-a02d-31291fe49d94,2015-03-22 15:51:40,informant-PC, Service Control Manager ,System,0,0,1,0,0,0,0,None,484,System,7036,0,0,0,0,0,0,0,0,0,0,0x8080000000000000,0,0,0,1,0,0,0,2015-03-22 15:51:40,1427039500.0,15,51
1740265,59019,c8c5dac5-1f8c-49f1-9de1-71f6eaf29fad,2015-03-22 15:51:54,informant-PC, Microsoft-Windows-Security-Auditing ,Security,1,0,0,0,0,0,0,None,500,Security,4738,0,1,0,0,0,0,0,0,0,13824,0x8020000000000000,0,0,0,1,0,0,0,2015-03-22 15:51:54,1427039514.0,15,51
1740266,59019,2432847a-d06a-42e3-a28b-b11f908c3314,2015-03-22 15:51:54,informant-PC, Microsoft-Windows-Security-Auditing ,Security,1,0,0,0,0,0,0,None,500,Security,4732,0,1,0,0,0,0,0,0,0,13826,0x8020000000000000,0,0,0,1,0,0,0,2015-03-22 15:51:54,1427039514.0,15,51
1740267,59019,a09799fd-2f42-42d8-9ffd-ca71aa61838b,2015-03-22 15:51:54,informant-PC, Microsoft-Windows-Security-Auditing ,Security,1,0,0,0,0,0,0,None,500,Security,4728,0,1,0,0,0,0,0,0,0,13826,0x8020000000000000,0,0,0,1,0,0,0,2015-03-22 15:51:54,1427039514.0,15,51
1740268,59019,a27b500e-7828-4303-beff-5c6500394860,2015-03-22 15:51:54,informant-PC, Microsoft-Windows-Security-Auditing ,Security,1,0,0,0,0,0,0,None,500,Security,4722,0,1,0,0,0,0,0,0,0,13824,0x8020000000000000,0,0,0,1,0,0,0,2015-03-22 15:51:54,1427039514.0,15,51
1740271,59019,1431c08e-a8d0-4cdf-8e41-3191d59e3019,2015-03-22 15:51:54,informant-PC, Microsoft-Windows-Security-Auditing ,Security,1,0,0,0,0,0,0,None,500,Security,4728,0,1,0,0,0,0,0,0,0,13826,0x8020000000000000,0,0,0,1,0,0,0,2015-03-22 15:51:54,1427039514.0,15,51
1740272,59019,4ea49d0f-486d-4cac-b9bc-0f40b5c24441,2015-03-22 15:51:54,informant-PC, Microsoft-Windows-Security-Auditing ,Security,1,0,0,0,0,0,0,None,500,Security,4722,0,1,0,0,0,0,0,0,0,13824,0x8020000000000000,0,0,0,1,0,0,0,2015-03-22 15:51:54,1427039514.0,15,51
1740275,59019,8c41c1c9-92fc-4ebe-ac87-715583dd5917,2015-03-22 15:51:54,informant-PC, Microsoft-Windows-Security-Auditing ,Security,1,0,0,0,0,0,0,None,500,Security,4738,0,1,0,0,0,0,0,0,0,13824,0x8020000000000000,0,0,0,1,0,0,0,2015-03-22 15:51:54,1427039514.0,15,51
1740278,59019,d15b9c97-c434-4da0-af2f-c9eccd8c398b,2015-03-22 15:51:54,informant-PC, Microsoft-Windows-Security-Auditing ,Security,1,0,0,0,0,0,0,None,500,Security,4732,0,1,0,0,0,0,0,0,0,13826,0x8020000000000000,0,0,0,1,0,0,0,2015-03-22 15:51:54,1427039514.0,15,51
1740279,59019,360e5217-fc80-40c3-a8b9-dfa2c8f002f0,2015-03-22 15:51:54,informant-PC, Microsoft-Windows-Security-Auditing ,Security,1,0,0,0,0,0,0,None,500,Security,4720,0,1,0,0,0,0,0,0,0,13824,0x8020000000000000,0,0,0,1,0,0,0,2015-03-22 15:51:54,1427039514.0,15,51
1740282,59019,da3f33f0-647a-4694-91b3-6167faf625eb,2015-03-22 15:51:54,informant-PC, Microsoft-Windows-Security-Auditing ,Security,1,0,0,0,0,0,0,None,500,Security,4720,0,1,0,0,0,0,0,0,0,13824,0x8020000000000000,0,0,0,1,0,0,0,2015-03-22 15:51:54,1427039514.0,15,51
1740286,59019,5f35b4e1-a17a-4e11-afa7-e1a7af5b8e5d,2015-03-22 15:51:54,informant-PC, Microsoft-Windows-Security-Auditing ,Security,1,0,0,0,0,0,0,None,500,Security,4738,0,1,0,0,0,0,0,0,0,13824,0x8020000000000000,0,0,0,1,0,0,0,2015-03-22 15:51:54,1427039514.0,15,51
1740287,59019,e5635b7b-d146-4eb5-86b0-4d1e79f4c2a4,2015-03-22 15:51:54,informant-PC, Microsoft-Windows-Security-Auditing ,Security,1,0,0,0,0,0,0,None,500,Security,4738,0,1,0,0,0,0,0,0,0,13824,0x8020000000000000,0,0,0,1,0,0,0,2015-03-22 15:51:54,1427039514.0,15,51
1740306,59019,61918e22-8c93-4726-ad08-b771bc22240d,2015-03-22 15:51:54,informant-PC, Microsoft-Windows-Security-Auditing ,Security,1,0,0,0,0,0,0,None,500,Security,4738,0,1,0,0,0,0,0,0,0,13824,0x8020000000000000,0,0,0,1,0,0,0,2015-03-22 15:51:54,1427039514.0,15,51
1740307,59019,05074d28-7344-47ab-a554-9f88c3ed4642,2015-03-22 15:51:54,informant-PC, Microsoft-Windows-Security-Auditing ,Security,1,0,0,0,0,0,0,None,500,Security,4732,0,1,0,0,0,0,0,0,0,13826,0x8020000000000000,0,0,0,1,0,0,0,2015-03-22 15:51:54,1427039514.0,15,51
1740308,59019,e0a30d36-d3fc-4ea7-b76e-05b6d6efe4bb,2015-03-22 15:51:54,informant-PC, Microsoft-Windows-Security-Auditing ,Security,1,0,0,0,0,0,0,None,500,Security,4732,0,1,0,0,0,0,0,0,0,13826,0x8020000000000000,0,0,0,1,0,0,0,2015-03-22 15:51:54,1427039514.0,15,51
1740309,59019,86fbf489-363d-4520-8c73-a91c28d7020b,2015-03-22 15:51:54,informant-PC, Microsoft-Windows-Security-Auditing ,Security,1,0,0,0,0,0,0,None,500,Security,4738,0,1,0,0,0,0,0,0,0,13824,0x8020000000000000,0,0,0,1,0,0,0,2015-03-22 15:51:54,1427039514.0,15,51
1740353,59019,634570c4-cffb-4733-8009-cd9d26c5a3e3,2015-03-22 15:52:10,informant-PC, Microsoft-Windows-Security-Auditing ,Security,1,0,0,0,0,0,0,None,500,Security,4724,0,1,0,0,0,0,0,0,0,13824,0x8020000000000000,0,0,0,1,0,0,0,2015-03-22 15:52:10,1427039530.0,15,52
1740354,59019,2f391fed-0aa7-4ab3-8d35-1bfce891f2bd,2015-03-22 15:52:10,informant-PC, Microsoft-Windows-Security-Auditing ,Security,1,0,0,0,0,0,0,None,500,Security,4738,0,1,0,0,0,0,0,0,0,13824,0x8020000000000000,0,0,0,1,0,0,0,2015-03-22 15:52:10,1427039530.0,15,52
1740355,59019,79525fa9-f710-40fc-847d-35786182a801,2015-03-22 15:52:10,informant-PC, Microsoft-Windows-Security-Auditing ,Security,1,0,0,0,0,0,0,None,500,Security,4724,0,1,0,0,0,0,0,0,0,13824,0x8020000000000000,0,0,0,1,0,0,0,2015-03-22 15:52:10,1427039530.0,15,52
1740356,59019,2f96ef85-ce0c-4ba5-8d45-a0d53982af4c,2015-03-22 15:52:10,informant-PC, Microsoft-Windows-Security-Auditing ,Security,1,0,0,0,0,0,0,None,500,Security,4738,0,1,0,0,0,0,0,0,0,13824,0x8020000000000000,0,0,0,1,0,0,0,2015-03-22 15:52:10,1427039530.0,15,52
1740374,59019,1f12bdd3-668a-481d-a7a5-0115e4a5d8d0,2015-03-22 15:52:17,informant-PC, Microsoft-Windows-Security-Auditing ,Security,1,0,0,0,0,0,0,None,500,Security,4738,0,1,0,0,0,0,0,0,0,13824,0x8020000000000000,0,0,0,1,0,0,0,2015-03-22 15:52:17,1427039537.0,15,52
1740375,59019,17b77e7e-d596-4677-907c-963ecf446b66,2015-03-22 15:52:17,informant-PC, Microsoft-Windows-Security-Auditing ,Security,1,0,0,0,0,0,0,None,500,Security,4738,0,1,0,0,0,0,0,0,0,13824,0x8020000000000000,0,0,0,1,0,0,0,2015-03-22 15:52:17,1427039537.0,15,52
1740413,59019,ab332b15-15ac-4167-b041-591e2c9ceab7,2015-03-22 15:52:30,informant-PC, Microsoft-Windows-Security-Auditing ,Security,1,0,0,0,0,0,0,None,500,Security,4722,0,1,0,0,0,0,0,0,0,13824,0x8020000000000000,0,0,0,1,0,0,0,2015-03-22 15:52:30,1427039550.0,15,52
1740416,59019,72c2b76f-7c46-47e6-9d05-d0eaa4c8de96,2015-03-22 15:52:30,informant-PC, Microsoft-Windows-Security-Auditing ,Security,1,0,0,0,0,0,0,None,500,Security,4728,0,1,0,0,0,0,0,0,0,13826,0x8020000000000000,0,0,0,1,0,0,0,2015-03-22 15:52:30,1427039550.0,15,52
1740417,59019,02833f1c-3fdc-408a-aaf8-7473dd817328,2015-03-22 15:52:30,informant-PC, Microsoft-Windows-Security-Auditing ,Security,1,0,0,0,0,0,0,None,500,Security,4728,0,1,0,0,0,0,0,0,0,13826,0x8020000000000000,0,0,0,1,0,0,0,2015-03-22 15:52:30,1427039550.0,15,52
1740419,59019,1782e2d0-07f7-401a-820c-f6fdb08bd09b,2015-03-22 15:52:30,informant-PC, Microsoft-Windows-Security-Auditing ,Security,1,0,0,0,0,0,0,None,500,Security,4738,0,1,0,0,0,0,0,0,0,13824,0x8020000000000000,0,0,0,1,0,0,0,2015-03-22 15:52:30,1427039550.0,15,52
1740421,59019,ffb5a462-5b93-493b-823a-b655198aada5,2015-03-22 15:52:30,informant-PC, Microsoft-Windows-Security-Auditing ,Security,1,0,0,0,0,0,0,None,500,Security,4738,0,1,0,0,0,0,0,0,0,13824,0x8020000000000000,0,0,0,1,0,0,0,2015-03-22 15:52:30,1427039550.0,15,52
1740422,59019,75b8f919-87fd-4b56-a707-7175590a0ed2,2015-03-22 15:52:30,informant-PC, Microsoft-Windows-Security-Auditing ,Security,1,0,0,0,0,0,0,None,500,Security,4720,0,1,0,0,0,0,0,0,0,13824,0x8020000000000000,0,0,0,1,0,0,0,2015-03-22 15:52:30,1427039550.0,15,52
1740423,59019,a76973e4-1677-41b8-8c28-28cbb421b3ec,2015-03-22 15:52:30,informant-PC, Microsoft-Windows-Security-Auditing ,Security,1,0,0,0,0,0,0,None,500,Security,4722,0,1,0,0,0,0,0,0,0,13824,0x8020000000000000,0,0,0,1,0,0,0,2015-03-22 15:52:30,1427039550.0,15,52
1740425,59019,74c277fc-95bc-4768-ad0a-7995f1523fe2,2015-03-22 15:52:30,informant-PC, Microsoft-Windows-Security-Auditing ,Security,1,0,0,0,0,0,0,None,500,Security,4720,0,1,0,0,0,0,0,0,0,13824,0x8020000000000000,0,0,0,1,0,0,0,2015-03-22 15:52:30,1427039550.0,15,52
1740429,59019,7c9d0ab5-d752-4413-8205-4ca1dc35be48,2015-03-22 15:52:30,informant-PC, Microsoft-Windows-Security-Auditing ,Security,1,0,0,0,0,0,0,None,500,Security,4732,0,1,0,0,0,0,0,0,0,13826,0x8020000000000000,0,0,0,1,0,0,0,2015-03-22 15:52:30,1427039550.0,15,52
1740430,59019,80728bb2-b042-4d44-94ce-eaaed61ebc71,2015-03-22 15:52:30,informant-PC, Microsoft-Windows-Security-Auditing ,Security,1,0,0,0,0,0,0,None,500,Security,4732,0,1,0,0,0,0,0,0,0,13826,0x8020000000000000,0,0,0,1,0,0,0,2015-03-22 15:52:30,1427039550.0,15,52
1740437,59019,1a34ea7c-0ef9-436f-ba1c-bc88a62618e4,2015-03-22 15:52:30,informant-PC, Microsoft-Windows-Security-Auditing ,Security,1,0,0,0,0,0,0,None,500,Security,4738,0,1,0,0,0,0,0,0,0,13824,0x8020000000000000,0,0,0,1,0,0,0,2015-03-22 15:52:30,1427039550.0,15,52
1740438,59019,c0981a0e-593e-46f2-a745-f40542c62604,2015-03-22 15:52:30,informant-PC, Microsoft-Windows-Security-Auditing ,Security,1,0,0,0,0,0,0,None,500,Security,4738,0,1,0,0,0,0,0,0,0,13824,0x8020000000000000,0,0,0,1,0,0,0,2015-03-22 15:52:30,1427039550.0,15,52
1740443,59019,1b9ee538-fcff-4c12-87ae-7f06fb6248f6,2015-03-22 15:52:30,informant-PC, Microsoft-Windows-Security-Auditing ,Security,1,0,0,0,0,0,0,None,500,Security,4732,0,1,0,0,0,0,0,0,0,13826,0x8020000000000000,0,0,0,1,0,0,0,2015-03-22 15:52:30,1427039550.0,15,52
1740450,59019,a97d37e8-c923-4eaf-9e42-8cc25dd937a9,2015-03-22 15:52:30,informant-PC, Microsoft-Windows-Security-Auditing ,Security,1,0,0,0,0,0,0,None,500,Security,4732,0,1,0,0,0,0,0,0,0,13826,0x8020000000000000,0,0,0,1,0,0,0,2015-03-22 15:52:30,1427039550.0,15,52
1740461,59019,d2da2554-bc31-4510-832f-70ecc631f807,2015-03-22 15:52:30,informant-PC, Microsoft-Windows-Security-Auditing ,Security,1,0,0,0,0,0,0,None,500,Security,4738,0,1,0,0,0,0,0,0,0,13824,0x8020000000000000,0,0,0,1,0,0,0,2015-03-22 15:52:30,1427039550.0,15,52
1740462,59019,f83c0063-7428-40a0-87dd-411dea9c030a,2015-03-22 15:52:30,informant-PC, Microsoft-Windows-Security-Auditing ,Security,1,0,0,0,0,0,0,None,500,Security,4738,0,1,0,0,0,0,0,0,0,13824,0x8020000000000000,0,0,0,1,0,0,0,2015-03-22 15:52:30,1427039550.0,15,52
1740495,59019,99573867-ac2d-4563-8879-aae3acf43a99,2015-03-22 15:52:45,informant-PC, Microsoft-Windows-Security-Auditing ,Security,1,0,0,0,0,0,0,None,500,Security,4724,0,1,0,0,0,0,0,0,0,13824,0x8020000000000000,0,0,0,1,0,0,0,2015-03-22 15:52:45,1427039565.0,15,52
1740532,59019,2029ab5f-7c3a-460f-848b-9f89c6a205b9,2015-03-22 15:52:45,informant-PC, Microsoft-Windows-Security-Auditing ,Security,1,0,0,0,0,0,0,None,500,Security,4738,0,1,0,0,0,0,0,0,0,13824,0x8020000000000000,0,0,0,1,0,0,0,2015-03-22 15:52:45,1427039565.0,15,52
1740533,59019,8216439d-0645-4cf1-a4b7-ae1a97553f99,2015-03-22 15:52:45,informant-PC, Microsoft-Windows-Security-Auditing ,Security,1,0,0,0,0,0,0,None,500,Security,4724,0,1,0,0,0,0,0,0,0,13824,0x8020000000000000,0,0,0,1,0,0,0,2015-03-22 15:52:45,1427039565.0,15,52
1740534,59019,6356b5e5-d7d4-4eab-a9c6-261ca10f22e5,2015-03-22 15:52:45,informant-PC, Microsoft-Windows-Security-Auditing ,Security,1,0,0,0,0,0,0,None,500,Security,4738,0,1,0,0,0,0,0,0,0,13824,0x8020000000000000,0,0,0,1,0,0,0,2015-03-22 15:52:45,1427039565.0,15,52
1740541,59019,3027d903-d9f6-469d-ad8b-d6d6d9e1b085,2015-03-22 15:52:52,informant-PC, Microsoft-Windows-Security-Auditing ,Security,1,0,0,0,0,0,0,None,500,Security,4738,0,1,0,0,0,0,0,0,0,13824,0x8020000000000000,0,0,0,1,0,0,0,2015-03-22 15:52:52,1427039572.0,15,52
1740542,59019,713599e0-9a78-4a85-b159-2522b4a5578b,2015-03-22 15:52:52,informant-PC, Microsoft-Windows-Security-Auditing ,Security,1,0,0,0,0,0,0,None,500,Security,4738,0,1,0,0,0,0,0,0,0,13824,0x8020000000000000,0,0,0,1,0,0,0,2015-03-22 15:52:52,1427039572.0,15,52
1740573,59019,6063ebf6-36a1-468f-a77a-26bc86cbd5a7,2015-03-22 15:53:01,informant-PC, Microsoft-Windows-Security-Auditing ,Security,1,0,0,0,0,0,0,None,500,Security,4722,0,1,0,0,0,0,0,0,0,13824,0x8020000000000000,0,0,0,1,0,0,0,2015-03-22 15:53:01,1427039581.0,15,53
1740575,59019,388e57f6-141b-4d71-95bf-1c39c7e9c4e0,2015-03-22 15:53:01,informant-PC, Microsoft-Windows-Security-Auditing ,Security,1,0,0,0,0,0,0,None,500,Security,4728,0,1,0,0,0,0,0,0,0,13826,0x8020000000000000,0,0,0,1,0,0,0,2015-03-22 15:53:01,1427039581.0,15,53
1740576,59019,3228a90e-a9d1-4e75-94e6-498eeac92097,2015-03-22 15:53:01,informant-PC, Microsoft-Windows-Security-Auditing ,Security,1,0,0,0,0,0,0,None,500,Security,4720,0,1,0,0,0,0,0,0,0,13824,0x8020000000000000,0,0,0,1,0,0,0,2015-03-22 15:53:01,1427039581.0,15,53
1740578,59019,dd4ef21c-6a80-46ed-bc04-3977156aceeb,2015-03-22 15:53:01,informant-PC, Microsoft-Windows-Security-Auditing ,Security,1,0,0,0,0,0,0,None,500,Security,4738,0,1,0,0,0,0,0,0,0,13824,0x8020000000000000,0,0,0,1,0,0,0,2015-03-22 15:53:01,1427039581.0,15,53
1740581,59019,9e249684-ea59-4bfc-ace7-2acebe474004,2015-03-22 15:53:01,informant-PC, Microsoft-Windows-Security-Auditing ,Security,1,0,0,0,0,0,0,None,500,Security,4728,0,1,0,0,0,0,0,0,0,13826,0x8020000000000000,0,0,0,1,0,0,0,2015-03-22 15:53:01,1427039581.0,15,53
1740582,59019,336c9334-4bb8-4b5b-98c0-f5121697a55f,2015-03-22 15:53:01,informant-PC, Microsoft-Windows-Security-Auditing ,Security,1,0,0,0,0,0,0,None,500,Security,4720,0,1,0,0,0,0,0,0,0,13824,0x8020000000000000,0,0,0,1,0,0,0,2015-03-22 15:53:01,1427039581.0,15,53
1740586,59019,5fb085f7-c7cc-4960-a5df-49092d374694,2015-03-22 15:53:01,informant-PC, Microsoft-Windows-Security-Auditing ,Security,1,0,0,0,0,0,0,None,500,Security,4738,0,1,0,0,0,0,0,0,0,13824,0x8020000000000000,0,0,0,1,0,0,0,2015-03-22 15:53:01,1427039581.0,15,53
1740587,59019,434f9edd-b6bd-4d90-a9e1-790ccaf58c39,2015-03-22 15:53:01,informant-PC, Microsoft-Windows-Security-Auditing ,Security,1,0,0,0,0,0,0,None,500,Security,4722,0,1,0,0,0,0,0,0,0,13824,0x8020000000000000,0,0,0,1,0,0,0,2015-03-22 15:53:01,1427039581.0,15,53
1740593,59019,1c4a0069-3abf-44e5-9e66-30504c5741e5,2015-03-22 15:53:01,informant-PC, Microsoft-Windows-Security-Auditing ,Security,1,0,0,0,0,0,0,None,500,Security,4732,0,1,0,0,0,0,0,0,0,13826,0x8020000000000000,0,0,0,1,0,0,0,2015-03-22 15:53:01,1427039581.0,15,53
1740607,59019,781f1a96-0a33-4e42-91e2-a61e3e6d78c6,2015-03-22 15:53:01,informant-PC, Microsoft-Windows-Security-Auditing ,Security,1,0,0,0,0,0,0,None,500,Security,4732,0,1,0,0,0,0,0,0,0,13826,0x8020000000000000,0,0,0,1,0,0,0,2015-03-22 15:53:01,1427039581.0,15,53
1740615,59019,85e03885-4b3e-46ae-9438-5f98f6d29162,2015-03-22 15:53:01,informant-PC, Microsoft-Windows-Security-Auditing ,Security,1,0,0,0,0,0,0,None,500,Security,4738,0,1,0,0,0,0,0,0,0,13824,0x8020000000000000,0,0,0,1,0,0,0,2015-03-22 15:53:01,1427039581.0,15,53
1740616,59019,a2716e2b-1790-464a-8c62-e9eddab78d27,2015-03-22 15:53:01,informant-PC, Microsoft-Windows-Security-Auditing ,Security,1,0,0,0,0,0,0,None,500,Security,4738,0,1,0,0,0,0,0,0,0,13824,0x8020000000000000,0,0,0,1,0,0,0,2015-03-22 15:53:01,1427039581.0,15,53
1740629,59019,6401c84e-b380-4c4b-9c72-c79be9cc11f7,2015-03-22 15:53:01,informant-PC, Microsoft-Windows-Security-Auditing ,Security,1,0,0,0,0,0,0,None,500,Security,4738,0,1,0,0,0,0,0,0,0,13824,0x8020000000000000,0,0,0,1,0,0,0,2015-03-22 15:53:01,1427039581.0,15,53
1740630,59019,9059b405-4af4-4d32-be9c-61cd39ec19c4,2015-03-22 15:53:01,informant-PC, Microsoft-Windows-Security-Auditing ,Security,1,0,0,0,0,0,0,None,500,Security,4738,0,1,0,0,0,0,0,0,0,13824,0x8020000000000000,0,0,0,1,0,0,0,2015-03-22 15:53:01,1427039581.0,15,53
1740689,59019,bd8a987c-539f-4608-9ca1-9f2055be5331,2015-03-22 15:53:11,informant-PC, Microsoft-Windows-Security-Auditing ,Security,1,0,0,0,0,0,0,None,500,Security,4738,0,1,0,0,0,0,0,0,0,13824,0x8020000000000000,0,0,0,1,0,0,0,2015-03-22 15:53:11,1427039591.0,15,53
1740690,59019,31f0e133-e359-4a6f-ad56-2ac225adc727,2015-03-22 15:53:11,informant-PC, Microsoft-Windows-Security-Auditing ,Security,1,0,0,0,0,0,0,None,500,Security,4738,0,1,0,0,0,0,0,0,0,13824,0x8020000000000000,0,0,0,1,0,0,0,2015-03-22 15:53:11,1427039591.0,15,53
1740691,59019,31df1ef1-82e5-4555-88e4-acc244d1f49c,2015-03-22 15:53:11,informant-PC, Microsoft-Windows-Security-Auditing ,Security,1,0,0,0,0,0,0,None,500,Security,4724,0,1,0,0,0,0,0,0,0,13824,0x8020000000000000,0,0,0,1,0,0,0,2015-03-22 15:53:11,1427039591.0,15,53
1740692,59019,2359935b-7faf-40b0-80d1-c36b0c143fea,2015-03-22 15:53:11,informant-PC, Microsoft-Windows-Security-Auditing ,Security,1,0,0,0,0,0,0,None,500,Security,4724,0,1,0,0,0,0,0,0,0,13824,0x8020000000000000,0,0,0,1,0,0,0,2015-03-22 15:53:11,1427039591.0,15,53
1740704,59019,79744a90-584c-4493-b351-0a6b05793b9e,2015-03-22 15:53:17,informant-PC, Microsoft-Windows-Security-Auditing ,Security,1,0,0,0,0,0,0,None,500,Security,4738,0,1,0,0,0,0,0,0,0,13824,0x8020000000000000,0,0,0,1,0,0,0,2015-03-22 15:53:17,1427039597.0,15,53
1740706,59019,0e864ed4-e676-4cd9-9bf5-9465e3a26e11,2015-03-22 15:53:17,informant-PC, Microsoft-Windows-Security-Auditing ,Security,1,0,0,0,0,0,0,None,500,Security,4738,0,1,0,0,0,0,0,0,0,13824,0x8020000000000000,0,0,0,1,0,0,0,2015-03-22 15:53:17,1427039597.0,15,53
1740761,59018,ed57f1f3-a99a-43fc-bae1-4bc451126e2d,2015-03-22 15:53:37,informant-PC, Wlclntfy ,Application,0,1,0,0,0,0,0,None,0,Application,6000,0,0,0,0,0,0,0,0,0,0,0x0080000000000000,0,0,0,0,0,0,0,2015-03-22 15:53:37,1427039617.0,15,53
1740762,59018,93c2e492-6404-4e58-b979-3c9e21ffd643,2015-03-22 15:53:37,informant-PC, Wlclntfy ,Application,0,1,0,0,0,0,0,None,0,Application,6000,0,0,0,0,0,0,0,0,0,0,0x0080000000000000,0,0,0,0,0,0,0,2015-03-22 15:53:37,1427039617.0,15,53
1740763,13963,a3b635b0-4eb8-48ea-a315-4878f03f544f,2015-03-22 15:53:37,informant-PC, Microsoft-Windows-TerminalServices-LocalSessionManager ,Other,0,0,0,0,0,1,0,None,508,Microsoft-Windows-TerminalServices-LocalSessionManager/Operational,24,0,0,0,0,0,0,0,0,0,0,0x1000000000000000,1,0,0,0,0,0,0,2015-03-22 15:53:37,1427039617.0,15,53
1740764,13963,88f5640e-5939-4947-b2f1-4e4d1d4ac019,2015-03-22 15:53:37,informant-PC, Microsoft-Windows-TerminalServices-LocalSessionManager ,Other,0,0,0,0,0,1,0,None,508,Microsoft-Windows-TerminalServices-LocalSessionManager/Operational,24,0,0,0,0,0,0,0,0,0,0,0x1000000000000000,1,0,0,0,0,0,0,2015-03-22 15:53:37,1427039617.0,15,53
1740797,59019,d93256ae-af84-4c27-8fdc-26b87f79a46f,2015-03-22 15:53:44,informant-PC, Microsoft-Windows-Security-Auditing ,Security,1,0,0,0,0,0,0,S-1-5-21-2425377081-3129163575-2985601102-1001,500,Security,4624,0,0,0,1,0,0,0,0,0,12544,0x8020000000000000,0,0,0,1,0,0,0,2015-03-22 15:53:44,1427039624.0,15,53
1740798,59019,55820f8e-d04b-47dc-b6cd-f50e0d558813,2015-03-22 15:53:44,informant-PC, Microsoft-Windows-Security-Auditing ,Security,1,0,0,0,0,0,0,S-1-5-21-2425377081-3129163575-2985601102-1001,500,Security,4624,0,0,0,1,0,0,0,0,0,12544,0x8020000000000000,0,0,0,1,0,0,0,2015-03-22 15:53:44,1427039624.0,15,53
1740799,59019,edf038d9-5a64-47ee-916e-b02e25eb5bb9,2015-03-22 15:53:44,informant-PC, Microsoft-Windows-Security-Auditing ,Security,1,0,0,0,0,0,0,None,500,Security,4672,0,0,0,1,0,0,0,0,0,12548,0x8020000000000000,0,0,0,1,0,0,0,2015-03-22 15:53:44,1427039624.0,15,53
1740800,59019,5b9e759b-724d-4d62-9e71-16b863c3971d,2015-03-22 15:53:44,informant-PC, Microsoft-Windows-Security-Auditing ,Security,1,0,0,0,0,0,0,None,500,Security,4672,0,0,0,1,0,0,0,0,0,12548,0x8020000000000000,0,0,0,1,0,0,0,2015-03-22 15:53:44,1427039624.0,15,53
1740801,59019,075d7f04-58b6-4328-b28c-7898c458e7a8,2015-03-22 15:53:44,informant-PC, Microsoft-Windows-Security-Auditing ,Security,1,0,0,0,0,0,0,None,500,Security,4648,0,0,0,1,0,0,0,0,0,12544,0x8020000000000000,0,0,0,1,0,0,0,2015-03-22 15:53:44,1427039624.0,15,53
1740802,59019,4f8374f1-0926-4f8b-b414-f38857fd0496,2015-03-22 15:53:44,informant-PC, Microsoft-Windows-Security-Auditing ,Security,1,0,0,0,0,0,0,S-1-5-21-2425377081-3129163575-2985601102-1001,500,Security,4624,0,0,0,1,0,0,0,0,0,12544,0x8020000000000000,0,0,0,1,0,0,0,2015-03-22 15:53:44,1427039624.0,15,53
1740803,59019,97e56631-0e2e-4a5d-aabc-38528914c099,2015-03-22 15:53:44,informant-PC, Microsoft-Windows-Security-Auditing ,Security,1,0,0,0,0,0,0,S-1-5-21-2425377081-3129163575-2985601102-1001,500,Security,4624,0,0,0,1,0,0,0,0,0,12544,0x8020000000000000,0,0,0,1,0,0,0,2015-03-22 15:53:44,1427039624.0,15,53
1740804,59019,61757e7d-7019-4989-b017-edce42fe61c4,2015-03-22 15:53:44,informant-PC, Microsoft-Windows-Security-Auditing ,Security,1,0,0,0,0,0,0,None,500,Security,4648,0,0,0,1,0,0,0,0,0,12544,0x8020000000000000,0,0,0,1,0,0,0,2015-03-22 15:53:44,1427039624.0,15,53
1740805,59017,cd541163-8b6d-435b-a501-5b6aa09928b0,2015-03-22 15:53:44,informant-PC, Microsoft-Windows-Winlogon ,System,0,0,1,0,0,0,0,None,1952,System,7001,0,0,0,0,0,0,0,0,0,1101,0x2000000000000000,0,1,0,0,0,0,0,2015-03-22 15:53:44,1427039624.0,15,53
1740810,59021,1fcdf731-e2ae-4d2a-80a9-da2fc4e3dfe9,2015-03-22 15:53:44,informant-PC, Microsoft-Windows-User Profiles Service ,Other,0,0,0,0,0,1,0,None,904,Microsoft-Windows-User Profile Service/Operational,1,0,0,0,0,0,0,0,0,0,0,0x4000000000000000,0,0,1,0,0,0,0,2015-03-22 15:53:44,1427039624.0,15,53
1740814,59021,ef69eb98-ad20-4394-8321-b0938319815f,2015-03-22 15:53:44,informant-PC, Microsoft-Windows-User Profiles Service ,Other,0,0,0,0,0,1,0,None,904,Microsoft-Windows-User Profile Service/Operational,1,0,0,0,0,0,0,0,0,0,0,0x4000000000000000,0,0,1,0,0,0,0,2015-03-22 15:53:44,1427039624.0,15,53
1740817,59017,7030db13-d791-4bd8-b8f7-87d7770a807d,2015-03-22 15:53:44,informant-PC, Microsoft-Windows-Winlogon ,System,0,0,1,0,0,0,0,None,1952,System,7001,0,0,0,0,0,0,0,0,0,1101,0x2000000000000000,0,1,0,0,0,0,0,2015-03-22 15:53:44,1427039624.0,15,53
1742456,59021,ea5bda3a-5b8e-4947-bcf4-1daf99bb3268,2015-03-22 15:53:44,informant-PC, Microsoft-Windows-User Profiles Service ,Other,0,0,0,0,0,1,0,None,904,Microsoft-Windows-User Profile Service/Operational,5,0,0,0,0,0,0,0,0,0,0,0x4000000000000000,0,0,1,0,0,0,0,2015-03-22 15:53:44,1427039624.0,15,53
1742473,59021,44e35ff1-3c47-42e7-a735-fc7046e31f7d,2015-03-22 15:53:44,informant-PC, Microsoft-Windows-User Profiles Service ,Other,0,0,0,0,0,1,0,None,904,Microsoft-Windows-User Profile Service/Operational,5,0,0,0,0,0,0,0,0,0,0,0x4000000000000000,0,0,1,0,0,0,0,2015-03-22 15:53:44,1427039624.0,15,53
1744451,59021,68dd4855-9cb3-44bc-b485-899f5126646f,2015-03-22 15:53:44,informant-PC, Microsoft-Windows-User Profiles Service ,Other,0,0,0,0,0,1,0,None,904,Microsoft-Windows-User Profile Service/Operational,5,0,0,0,0,0,0,0,0,0,0,0x4000000000000000,0,0,1,0,0,0,0,2015-03-22 15:53:44,1427039624.0,15,53
1744452,59021,070a0999-7dd2-4ecb-b760-54661bb536c3,2015-03-22 15:53:44,informant-PC, Microsoft-Windows-User Profiles Service ,Other,0,0,0,0,0,1,0,None,904,Microsoft-Windows-User Profile Service/Operational,5,0,0,0,0,0,0,0,0,0,0,0x4000000000000000,0,0,1,0,0,0,0,2015-03-22 15:53:44,1427039624.0,15,53
1744453,59018,e41883e9-0352-4c00-b872-e563c3b1d67b,2015-03-22 15:53:45,informant-PC, Wlclntfy ,Application,0,1,0,0,0,0,0,None,0,Application,6000,0,0,0,0,0,0,0,0,0,0,0x0080000000000000,0,0,0,0,0,0,0,2015-03-22 15:53:45,1427039625.0,15,53
1744454,59018,98520e1e-0162-4d88-b0cc-5b84a2e4bc06,2015-03-22 15:53:45,informant-PC, Winlogon ,Application,0,1,0,0,0,0,0,None,0,Application,4101,0,0,0,0,0,0,0,0,0,0,0x0080000000000000,0,0,0,0,0,0,0,2015-03-22 15:53:45,1427039625.0,15,53
1744455,59018,d44bafe3-74aa-43b4-8e76-1541089c83f7,2015-03-22 15:53:45,informant-PC, Desktop Window Manager ,Application,0,1,0,0,0,0,0,None,None,Application,9003,0,0,0,0,0,0,0,0,0,0,0x0080000000000000,0,0,0,0,0,0,0,2015-03-22 15:53:45,1427039625.0,15,53
1744456,59018,3ce70fd0-f488-4528-bf32-4ff09d5989aa,2015-03-22 15:53:45,informant-PC, Winlogon ,Application,0,1,0,0,0,0,0,None,0,Application,4101,0,0,0,0,0,0,0,0,0,0,0x0080000000000000,0,0,0,0,0,0,0,2015-03-22 15:53:45,1427039625.0,15,53
1744457,59018,e1b5ff4f-539d-4304-bcc1-4602276ac09e,2015-03-22 15:53:45,informant-PC, Wlclntfy ,Application,0,1,0,0,0,0,0,None,0,Application,6000,0,0,0,0,0,0,0,0,0,0,0x0080000000000000,0,0,0,0,0,0,0,2015-03-22 15:53:45,1427039625.0,15,53
1744458,59018,4c0cbf7a-6b43-4047-aa71-1d14c4289d08,2015-03-22 15:53:45,informant-PC, Desktop Window Manager ,Application,0,1,0,0,0,0,0,None,None,Application,9003,0,0,0,0,0,0,0,0,0,0,0x0080000000000000,0,0,0,0,0,0,0,2015-03-22 15:53:45,1427039625.0,15,53
1744938,59042,db97bbb2-fe95-447f-b59a-996a4083ef7b,2015-03-22 15:53:45,informant-PC, Microsoft-Windows-GroupPolicy ,Other,0,0,0,0,0,1,0,None,904,Microsoft-Windows-GroupPolicy/Operational,5313,0,0,0,0,0,0,0,0,0,0,0x4000000000000000,0,0,1,0,0,0,0,2015-03-22 15:53:45,1427039625.0,15,53
1744944,59021,cc902dec-aa31-4954-bd38-87fdf010edf4,2015-03-22 15:53:45,informant-PC, Microsoft-Windows-User Profiles Service ,Other,0,0,0,0,0,1,0,None,904,Microsoft-Windows-User Profile Service/Operational,2,0,0,0,0,0,0,0,0,0,0,0x4000000000000000,0,0,1,0,0,0,0,2015-03-22 15:53:45,1427039625.0,15,53
1744945,59042,632020fe-ccd7-42b6-a8a9-f1fac2250978,2015-03-22 15:53:45,informant-PC, Microsoft-Windows-GroupPolicy ,Other,0,0,0,0,0,1,0,None,904,Microsoft-Windows-GroupPolicy/Operational,4001,0,0,0,0,0,0,0,0,0,0,0x4000000000000000,0,0,1,0,0,0,0,2015-03-22 15:53:45,1427039625.0,15,53
1744951,59021,00aea574-097c-4d2a-830a-c782eb921868,2015-03-22 15:53:45,informant-PC, Microsoft-Windows-User Profiles Service ,Other,0,0,0,0,0,1,0,None,904,Microsoft-Windows-User Profile Service/Operational,2,0,0,0,0,0,0,0,0,0,0,0x4000000000000000,0,0,1,0,0,0,0,2015-03-22 15:53:45,1427039625.0,15,53
1744958,59042,2441b2f2-1a4e-4195-aec8-e68af441ee1c,2015-03-22 15:53:45,informant-PC, Microsoft-Windows-GroupPolicy ,Other,0,0,0,0,0,1,0,None,904,Microsoft-Windows-GroupPolicy/Operational,5324,0,0,0,0,0,0,0,0,0,0,0x4000000000000000,0,0,1,0,0,0,0,2015-03-22 15:53:45,1427039625.0,15,53
1744960,59042,0207a3e0-a4b0-41ca-b764-882437d44597,2015-03-22 15:53:45,informant-PC, Microsoft-Windows-GroupPolicy ,Other,0,0,0,0,0,1,0,None,904,Microsoft-Windows-GroupPolicy/Operational,5312,0,0,0,0,0,0,0,0,0,0,0x4000000000000000,0,0,1,0,0,0,0,2015-03-22 15:53:45,1427039625.0,15,53
1744970,59042,39a2da98-78be-4cf9-85b3-170e5eae7bcd,2015-03-22 15:53:45,informant-PC, Microsoft-Windows-GroupPolicy ,Other,0,0,0,0,0,1,0,None,904,Microsoft-Windows-GroupPolicy/Operational,5313,0,0,0,0,0,0,0,0,0,0,0x4000000000000000,0,0,1,0,0,0,0,2015-03-22 15:53:45,1427039625.0,15,53
1744971,59042,96a1d999-c163-4841-b0a8-c188b7dabf07,2015-03-22 15:53:45,informant-PC, Microsoft-Windows-GroupPolicy ,Other,0,0,0,0,0,1,0,None,904,Microsoft-Windows-GroupPolicy/Operational,4001,0,0,0,0,0,0,0,0,0,0,0x4000000000000000,0,0,1,0,0,0,0,2015-03-22 15:53:45,1427039625.0,15,53
1744979,59042,14c3bf37-7186-47d5-9887-90bad483f8e4,2015-03-22 15:53:45,informant-PC, Microsoft-Windows-GroupPolicy ,Other,0,0,0,0,0,1,0,None,904,Microsoft-Windows-GroupPolicy/Operational,5312,0,0,0,0,0,0,0,0,0,0,0x4000000000000000,0,0,1,0,0,0,0,2015-03-22 15:53:45,1427039625.0,15,53
1744984,59042,814189de-e854-470f-b1ad-fe628c1c9498,2015-03-22 15:53:45,informant-PC, Microsoft-Windows-GroupPolicy ,Other,0,0,0,0,0,1,0,None,904,Microsoft-Windows-GroupPolicy/Operational,5311,0,0,0,0,0,0,0,0,0,0,0x4000000000000000,0,0,1,0,0,0,0,2015-03-22 15:53:45,1427039625.0,15,53
1744987,59042,664472ab-f34f-49d1-8e4e-c576a1295b31,2015-03-22 15:53:45,informant-PC, Microsoft-Windows-GroupPolicy ,Other,0,0,0,0,0,1,0,None,904,Microsoft-Windows-GroupPolicy/Operational,5324,0,0,0,0,0,0,0,0,0,0,0x4000000000000000,0,0,1,0,0,0,0,2015-03-22 15:53:45,1427039625.0,15,53
1744992,59042,cac6c6bf-1b8a-454e-8d25-b4ccc3b3a997,2015-03-22 15:53:45,informant-PC, Microsoft-Windows-GroupPolicy ,Other,0,0,0,0,0,1,0,None,904,Microsoft-Windows-GroupPolicy/Operational,5311,0,0,0,0,0,0,0,0,0,0,0x4000000000000000,0,0,1,0,0,0,0,2015-03-22 15:53:45,1427039625.0,15,53
1745000,59042,06cc1d82-370f-4f0b-a250-c5f82e1b1bf8,2015-03-22 15:53:45,informant-PC, Microsoft-Windows-GroupPolicy ,Other,0,0,0,0,0,1,0,None,904,Microsoft-Windows-GroupPolicy/Operational,5320,0,0,0,0,0,0,0,0,0,0,0x4000000000000000,0,0,1,0,0,0,0,2015-03-22 15:53:45,1427039625.0,15,53
1745001,59042,8aabb12b-85b6-435e-a1cc-eebf35e02e64,2015-03-22 15:53:45,informant-PC, Microsoft-Windows-GroupPolicy ,Other,0,0,0,0,0,1,0,None,904,Microsoft-Windows-GroupPolicy/Operational,5320,0,0,0,0,0,0,0,0,0,0,0x4000000000000000,0,0,1,0,0,0,0,2015-03-22 15:53:45,1427039625.0,15,53
1745014,59042,357b02c5-463a-42e2-8177-d495e8a44565,2015-03-22 15:53:45,informant-PC, Microsoft-Windows-GroupPolicy ,Other,0,0,0,0,0,1,0,None,904,Microsoft-Windows-GroupPolicy/Operational,5320,0,0,0,0,0,0,0,0,0,0,0x4000000000000000,0,0,1,0,0,0,0,2015-03-22 15:53:45,1427039625.0,15,53
1745024,59042,2b932778-4ed5-4c9a-8d19-32f466046556,2015-03-22 15:53:45,informant-PC, Microsoft-Windows-GroupPolicy ,Other,0,0,0,0,0,1,0,None,904,Microsoft-Windows-GroupPolicy/Operational,5320,0,0,0,0,0,0,0,0,0,0,0x4000000000000000,0,0,1,0,0,0,0,2015-03-22 15:53:45,1427039625.0,15,53
1745025,59042,f230fd69-6910-4969-aa69-526fd16bd16f,2015-03-22 15:53:45,informant-PC, Microsoft-Windows-GroupPolicy ,Other,0,0,0,0,0,1,0,None,904,Microsoft-Windows-GroupPolicy/Operational,5320,0,0,0,0,0,0,0,0,0,0,0x4000000000000000,0,0,1,0,0,0,0,2015-03-22 15:53:45,1427039625.0,15,53
1745028,59042,21cdc0ee-7342-42ea-ad35-942b444a64b5,2015-03-22 15:53:45,informant-PC, Microsoft-Windows-GroupPolicy ,Other,0,0,0,0,0,1,0,None,904,Microsoft-Windows-GroupPolicy/Operational,5320,0,0,0,0,0,0,0,0,0,0,0x4000000000000000,0,0,1,0,0,0,0,2015-03-22 15:53:45,1427039625.0,15,53
1745030,13963,6a754c10-10ad-4511-a8b5-f68783d7142a,2015-03-22 15:53:45,informant-PC, Microsoft-Windows-TerminalServices-LocalSessionManager ,Other,0,0,0,0,0,1,0,None,508,Microsoft-Windows-TerminalServices-LocalSessionManager/Operational,21,0,0,0,0,0,0,0,0,0,0,0x1000000000000000,1,0,0,0,0,0,0,2015-03-22 15:53:45,1427039625.0,15,53
1745031,59042,d303dee1-1007-4a0b-91f1-7507cf3c501c,2015-03-22 15:53:45,informant-PC, Microsoft-Windows-GroupPolicy ,Other,0,0,0,0,0,1,0,None,904,Microsoft-Windows-GroupPolicy/Operational,5315,0,0,0,0,0,0,0,0,0,0,0x4000000000000000,0,0,1,0,0,0,0,2015-03-22 15:53:45,1427039625.0,15,53
1745033,59042,26b357bf-22da-4d9d-9cdc-c640237d494e,2015-03-22 15:53:45,informant-PC, Microsoft-Windows-GroupPolicy ,Other,0,0,0,0,0,1,0,None,904,Microsoft-Windows-GroupPolicy/Operational,8001,0,0,0,0,0,0,0,0,0,0,0x4000000000000000,0,0,1,0,0,0,0,2015-03-22 15:53:45,1427039625.0,15,53
1745035,59017,46289005-069a-4e45-9bf9-897b881b7ae8,2015-03-22 15:53:45,informant-PC, Microsoft-Windows-GroupPolicy ,System,0,0,1,0,0,0,0,None,904,System,1501,0,0,0,0,0,0,0,0,0,0,0x8000000000000000,0,0,0,1,0,0,0,2015-03-22 15:53:45,1427039625.0,15,53
