1796510,59026,3a010012-4203-4d3e-ab1e-e8395fec0fc8,2015-03-22 16:00:09,informant-PC, Microsoft-Windows-Resource-Exhaustion-Detector ,Other,0,0,0,0,0,1,0,None,1124,Microsoft-Windows-Resource-Exhaustion-Detector/Operational,1002,0,0,0,0,0,0,0,0,0,1,0x4000000010000000,0,0,1,0,0,0,0,2015-03-22 16:00:09,1427040009.0,16,0
1796517,59017,e75fc690-dab6-442f-b2a4-421eeacea443,2015-03-22 16:00:09,informant-PC, Service Control Manager ,System,0,0,1,0,0,0,0,None,484,System,7036,0,0,0,0,0,0,0,0,0,0,0x8080000000000000,0,0,0,1,0,0,0,2015-03-22 16:00:09,1427040009.0,16,0
1796518,59017,97827203-9e05-4c5a-a264-3bfe3d15de64,2015-03-22 16:00:09,informant-PC, Service Control Manager ,System,0,0,1,0,0,0,0,None,484,System,7036,0,0,0,0,0,0,0,0,0,0,0x8080000000000000,0,0,0,1,0,0,0,2015-03-22 16:00:09,1427040009.0,16,0
1796520,59017,46c4fe4f-096b-413a-8bb0-f3bfed6505ef,2015-03-22 16:00:09,informant-PC, Service Control Manager ,System,0,0,1,0,0,0,0,None,484,System,7036,0,0,0,0,0,0,0,0,0,0,0x8080000000000000,0,0,0,1,0,0,0,2015-03-22 16:00:09,1427040009.0,16,0
1796521,59017,bbc7cb3c-855f-4621-bee7-5ebc8567e9d3,2015-03-22 16:00:09,informant-PC, Service Control Manager ,System,0,0,1,0,0,0,0,None,484,System,7036,0,0,0,0,0,0,0,0,0,0,0x8080000000000000,0,0,0,1,0,0,0,2015-03-22 16:00:09,1427040009.0,16,0
1796522,59017,d7e1d779-a212-4dd2-8c6f-774a4943a647,2015-03-22 16:00:09,informant-PC, Service Control Manager ,System,0,0,1,0,0,0,0,None,484,System,7036,0,0,0,0,0,0,0,0,0,0,0x8080000000000000,0,0,0,1,0,0,0,2015-03-22 16:00:09,1427040009.0,16,0
1796556,59017,f9c62202-dabf-4c33-92ee-87a95e48e51e,2015-03-22 16:00:09,informant-PC, Service Control Manager ,System,0,0,1,0,0,0,0,None,484,System,7036,0,0,0,0,0,0,0,0,0,0,0x8080000000000000,0,0,0,1,0,0,0,2015-03-22 16:00:09,1427040009.0,16,0
1796558,59017,d9c73eb5-53e2-4435-8d1e-23b63b32ad7a,2015-03-22 16:00:09,informant-PC, Service Control Manager ,System,0,0,1,0,0,0,0,None,484,System,7036,0,0,0,0,0,0,0,0,0,0,0x8080000000000000,0,0,0,1,0,0,0,2015-03-22 16:00:09,1427040009.0,16,0
1796577,59017,86f888df-83f6-43b9-91d4-512947c00538,2015-03-22 16:00:09,informant-PC, Service Control Manager ,System,0,0,1,0,0,0,0,None,484,System,7036,0,0,0,0,0,0,0,0,0,0,0x8080000000000000,0,0,0,1,0,0,0,2015-03-22 16:00:09,1427040009.0,16,0
1796578,59017,32a330ef-2a8c-43a7-b49f-1c91ecedb78b,2015-03-22 16:00:09,informant-PC, Service Control Manager ,System,0,0,1,0,0,0,0,None,484,System,7036,0,0,0,0,0,0,0,0,0,0,0x8080000000000000,0,0,0,1,0,0,0,2015-03-22 16:00:09,1427040009.0,16,0
1796579,59017,7db742d7-6ac7-45c1-b09d-f27abd74fcea,2015-03-22 16:00:09,informant-PC, Service Control Manager ,System,0,0,1,0,0,0,0,None,484,System,7036,0,0,0,0,0,0,0,0,0,0,0x8080000000000000,0,0,0,1,0,0,0,2015-03-22 16:00:09,1427040009.0,16,0
1796580,59017,151f57a4-ce53-462b-aa70-8922ca7a09e4,2015-03-22 16:00:09,informant-PC, Service Control Manager ,System,0,0,1,0,0,0,0,None,484,System,7036,0,0,0,0,0,0,0,0,0,0,0x8080000000000000,0,0,0,1,0,0,0,2015-03-22 16:00:09,1427040009.0,16,0
1796594,59017,e09dd201-fb41-4970-9166-edf48b8fe303,2015-03-22 16:00:09,informant-PC, Service Control Manager ,System,0,0,1,0,0,0,0,None,484,System,7036,0,0,0,0,0,0,0,0,0,0,0x8080000000000000,0,0,0,1,0,0,0,2015-03-22 16:00:09,1427040009.0,16,0
1796598,59017,bea1a22f-caca-4cd9-b1f0-ad9e188c23a6,2015-03-22 16:00:09,informant-PC, Service Control Manager ,System,0,0,1,0,0,0,0,None,484,System,7036,0,0,0,0,0,0,0,0,0,0,0x8080000000000000,0,0,0,1,0,0,0,2015-03-22 16:00:09,1427040009.0,16,0
1796615,59017,9bd58caf-5f73-49cb-8583-5dd90ae29c29,2015-03-22 16:00:09,informant-PC, Service Control Manager ,System,0,0,1,0,0,0,0,None,484,System,7036,0,0,0,0,0,0,0,0,0,0,0x8080000000000000,0,0,0,1,0,0,0,2015-03-22 16:00:09,1427040009.0,16,0
1796618,59017,567fcf2f-e191-4f57-a8e4-dc064c2fb5a8,2015-03-22 16:00:09,informant-PC, Service Control Manager ,System,0,0,1,0,0,0,0,None,484,System,7036,0,0,0,0,0,0,0,0,0,0,0x8080000000000000,0,0,0,1,0,0,0,2015-03-22 16:00:09,1427040009.0,16,0
1796624,59017,417bd3e8-163b-46f9-ba5b-d715512a63e7,2015-03-22 16:00:10,informant-PC, Service Control Manager ,System,0,0,1,0,0,0,0,None,484,System,7036,0,0,0,0,0,0,0,0,0,0,0x8080000000000000,0,0,0,1,0,0,0,2015-03-22 16:00:10,1427040010.0,16,0
1796632,59017,433b32e4-dc86-4fef-ba0c-41ae99810138,2015-03-22 16:00:10,informant-PC, Service Control Manager ,System,0,0,1,0,0,0,0,None,484,System,7036,0,0,0,0,0,0,0,0,0,0,0x8080000000000000,0,0,0,1,0,0,0,2015-03-22 16:00:10,1427040010.0,16,0
1796633,59030,bf1f89ab-7bcb-41dc-b298-cd994ddc7050,2015-03-22 16:00:10,informant-PC, Microsoft-Windows-Windows Defender ,Other,0,0,0,0,0,1,0,None,2200,Microsoft-Windows-Windows Defender/WHC,101,0,0,0,0,0,0,0,0,0,0,0x4000000000000000,0,0,1,0,0,0,0,2015-03-22 16:00:10,1427040010.0,16,0
1796634,59017,741693fa-6499-4e85-b225-61bd6c608757,2015-03-22 16:00:10,informant-PC, Service Control Manager ,System,0,0,1,0,0,0,0,None,484,System,7036,0,0,0,0,0,0,0,0,0,0,0x8080000000000000,0,0,0,1,0,0,0,2015-03-22 16:00:10,1427040010.0,16,0
1796637,59017,9fe0142f-62eb-494d-a591-ab3fe214abfc,2015-03-22 16:00:10,informant-PC, Service Control Manager ,System,0,0,1,0,0,0,0,None,484,System,7036,0,0,0,0,0,0,0,0,0,0,0x8080000000000000,0,0,0,1,0,0,0,2015-03-22 16:00:10,1427040010.0,16,0
1796638,59030,41001596-bec9-4b23-b93c-b7ec33727d84,2015-03-22 16:00:10,informant-PC, Microsoft-Windows-Windows Defender ,Other,0,0,0,0,0,1,0,None,2200,Microsoft-Windows-Windows Defender/WHC,101,0,0,0,0,0,0,0,0,0,0,0x4000000000000000,0,0,1,0,0,0,0,2015-03-22 16:00:10,1427040010.0,16,0
1796651,59017,38ab1769-9457-4b9a-97d7-8d5c7ced2767,2015-03-22 16:00:10,informant-PC, Service Control Manager ,System,0,0,1,0,0,0,0,None,484,System,7036,0,0,0,0,0,0,0,0,0,0,0x8080000000000000,0,0,0,1,0,0,0,2015-03-22 16:00:10,1427040010.0,16,0
1796664,59017,d76100d6-18ed-44d0-b263-f800b829952b,2015-03-22 16:00:10,informant-PC, Service Control Manager ,System,0,0,1,0,0,0,0,None,484,System,7036,0,0,0,0,0,0,0,0,0,0,0x8080000000000000,0,0,0,1,0,0,0,2015-03-22 16:00:10,1427040010.0,16,0
1796674,59017,42c480bd-1d6a-4a73-a0a5-354e62d21a02,2015-03-22 16:00:10,informant-PC, Service Control Manager ,System,0,0,1,0,0,0,0,None,484,System,7036,0,0,0,0,0,0,0,0,0,0,0x8080000000000000,0,0,0,1,0,0,0,2015-03-22 16:00:10,1427040010.0,16,0
1796683,59017,b1788e90-3ea8-4b34-8bdc-2e0aae3a950c,2015-03-22 16:00:10,informant-PC, Service Control Manager ,System,0,0,1,0,0,0,0,None,484,System,7036,0,0,0,0,0,0,0,0,0,0,0x8080000000000000,0,0,0,1,0,0,0,2015-03-22 16:00:10,1427040010.0,16,0
1796743,59017,6502847e-fc03-4e63-82c5-a1a54728bc68,2015-03-22 16:00:10,informant-PC, Service Control Manager ,System,0,0,1,0,0,0,0,None,484,System,7036,0,0,0,0,0,0,0,0,0,0,0x8080000000000000,0,0,0,1,0,0,0,2015-03-22 16:00:10,1427040010.0,16,0
1796744,59017,2eda7f5a-3294-4ddd-8c00-2c7153eee85a,2015-03-22 16:00:10,informant-PC, Service Control Manager ,System,0,0,1,0,0,0,0,None,484,System,7036,0,0,0,0,0,0,0,0,0,0,0x8080000000000000,0,0,0,1,0,0,0,2015-03-22 16:00:10,1427040010.0,16,0
1796756,59081,99a64216-8546-411f-aab5-22507db3c015,2015-03-22 16:00:10,informant-PC, Microsoft-Windows-NetworkProfile ,Other,0,0,0,0,0,1,0,None,868,Microsoft-Windows-NetworkProfile/Operational,4001,0,0,0,0,0,0,0,0,0,1,0x4000200000000000,0,0,1,0,0,0,0,2015-03-22 16:00:10,1427040010.0,16,0
1796757,59081,f1111f74-658d-4a06-9e5f-d230e34da36d,2015-03-22 16:00:10,informant-PC, Microsoft-Windows-NetworkProfile ,Other,0,0,0,0,0,1,0,None,868,Microsoft-Windows-NetworkProfile/Operational,4001,0,0,0,0,0,0,0,0,0,1,0x4000200000000000,0,0,1,0,0,0,0,2015-03-22 16:00:10,1427040010.0,16,0
1796759,59081,cb98120a-ed90-428c-8dc1-8b726d128426,2015-03-22 16:00:10,informant-PC, Microsoft-Windows-NetworkProfile ,Other,0,0,0,0,0,1,0,None,868,Microsoft-Windows-NetworkProfile/Operational,10001,0,0,0,0,0,0,0,0,0,0,0x4000200000000000,0,0,1,0,0,0,0,2015-03-22 16:00:10,1427040010.0,16,0
1796760,59081,6ec6e9aa-1054-421b-ac97-dc8c7c6a41fa,2015-03-22 16:00:10,informant-PC, Microsoft-Windows-NetworkProfile ,Other,0,0,0,0,0,1,0,None,868,Microsoft-Windows-NetworkProfile/Operational,10000,0,0,0,0,0,0,0,0,0,0,0x4000200000000000,0,0,1,0,0,0,0,2015-03-22 16:00:10,1427040010.0,16,0
1796761,59081,e6bc7cb3-6ead-4783-bfb2-6abe80e1fbfc,2015-03-22 16:00:10,informant-PC, Microsoft-Windows-NetworkProfile ,Other,0,0,0,0,0,1,0,None,868,Microsoft-Windows-NetworkProfile/Operational,10000,0,0,0,0,0,0,0,0,0,0,0x4000200000000000,0,0,1,0,0,0,0,2015-03-22 16:00:10,1427040010.0,16,0
1796762,59081,eb340c68-3c50-4ca0-ab71-df7aa2676813,2015-03-22 16:00:10,informant-PC, Microsoft-Windows-NetworkProfile ,Other,0,0,0,0,0,1,0,None,868,Microsoft-Windows-NetworkProfile/Operational,10001,0,0,0,0,0,0,0,0,0,0,0x4000200000000000,0,0,1,0,0,0,0,2015-03-22 16:00:10,1427040010.0,16,0
1796763,59057,264aed49-91a1-455a-85cf-f9c924980b33,2015-03-22 16:00:10,informant-PC, Microsoft-Windows-Windows Firewall With Advanced Security ,Other,0,0,0,0,0,1,0,None,1124,Microsoft-Windows-Windows Firewall With Advanced Security/Firewall,2010,0,0,0,0,0,0,0,0,0,0,0x8000000000000000,0,0,0,1,0,0,0,2015-03-22 16:00:10,1427040010.0,16,0
1796764,59057,473df9f8-bd3c-47bc-a3d0-68e5214a37f5,2015-03-22 16:00:10,informant-PC, Microsoft-Windows-Windows Firewall With Advanced Security ,Other,0,0,0,0,0,1,0,None,1124,Microsoft-Windows-Windows Firewall With Advanced Security/Firewall,2002,0,0,0,0,0,0,0,0,0,0,0x8000000000000000,0,0,0,1,0,0,0,2015-03-22 16:00:10,1427040010.0,16,0
1796765,59057,86bc7190-3bf7-480a-a507-b3688afde1b4,2015-03-22 16:00:10,informant-PC, Microsoft-Windows-Windows Firewall With Advanced Security ,Other,0,0,0,0,0,1,0,None,1124,Microsoft-Windows-Windows Firewall With Advanced Security/Firewall,2002,0,0,0,0,0,0,0,0,0,0,0x8000000000000000,0,0,0,1,0,0,0,2015-03-22 16:00:10,1427040010.0,16,0
1796766,59057,da026718-db97-4a10-80a9-a38b40378e8e,2015-03-22 16:00:10,informant-PC, Microsoft-Windows-Windows Firewall With Advanced Security ,Other,0,0,0,0,0,1,0,None,1124,Microsoft-Windows-Windows Firewall With Advanced Security/Firewall,2010,0,0,0,0,0,0,0,0,0,0,0x8000000000000000,0,0,0,1,0,0,0,2015-03-22 16:00:10,1427040010.0,16,0
1796767,59057,1bf03d53-7b1b-448a-9041-5d2de7e4a4a4,2015-03-22 16:00:10,informant-PC, Microsoft-Windows-Windows Firewall With Advanced Security ,Other,0,0,0,0,0,1,0,None,1124,Microsoft-Windows-Windows Firewall With Advanced Security/Firewall,2002,0,0,0,0,0,0,0,0,0,0,0x8000000000000000,0,0,0,1,0,0,0,2015-03-22 16:00:10,1427040010.0,16,0
1796768,59057,38261930-533f-4c3c-8092-f5bcf7dc2d8f,2015-03-22 16:00:10,informant-PC, Microsoft-Windows-Windows Firewall With Advanced Security ,Other,0,0,0,0,0,1,0,None,1124,Microsoft-Windows-Windows Firewall With Advanced Security/Firewall,2002,0,0,0,0,0,0,0,0,0,0,0x8000000000000000,0,0,0,1,0,0,0,2015-03-22 16:00:10,1427040010.0,16,0
1796769,59057,380e14f8-6ae3-469c-9e7e-bb4bd5704a18,2015-03-22 16:00:10,informant-PC, Microsoft-Windows-Windows Firewall With Advanced Security ,Other,0,0,0,0,0,1,0,None,1124,Microsoft-Windows-Windows Firewall With Advanced Security/Firewall,2010,0,0,0,0,0,0,0,0,0,0,0x8000000000000000,0,0,0,1,0,0,0,2015-03-22 16:00:10,1427040010.0,16,0
1796770,59057,60b0be6b-9741-4ee4-bc46-354352a9aa88,2015-03-22 16:00:10,informant-PC, Microsoft-Windows-Windows Firewall With Advanced Security ,Other,0,0,0,0,0,1,0,None,1124,Microsoft-Windows-Windows Firewall With Advanced Security/Firewall,2010,0,0,0,0,0,0,0,0,0,0,0x8000000000000000,0,0,0,1,0,0,0,2015-03-22 16:00:10,1427040010.0,16,0
1796771,59017,9ea9341f-ff97-430c-a8df-b53d88268537,2015-03-22 16:00:10,informant-PC, Service Control Manager ,System,0,0,1,0,0,0,0,None,484,System,7036,0,0,0,0,0,0,0,0,0,0,0x8080000000000000,0,0,0,1,0,0,0,2015-03-22 16:00:10,1427040010.0,16,0
1796772,59017,d6797ce0-3811-40dd-8237-79f745f68f1b,2015-03-22 16:00:10,informant-PC, Service Control Manager ,System,0,0,1,0,0,0,0,None,484,System,7036,0,0,0,0,0,0,0,0,0,0,0x8080000000000000,0,0,0,1,0,0,0,2015-03-22 16:00:10,1427040010.0,16,0
1797023,59017,7c91efef-2f14-472c-ae22-172ca1a4e323,2015-03-22 16:00:12,informant-PC, Service Control Manager ,System,0,0,1,0,0,0,0,None,484,System,7036,0,0,0,0,0,0,0,0,0,0,0x8080000000000000,0,0,0,1,0,0,0,2015-03-22 16:00:12,1427040012.0,16,0
1797024,59017,a51796ba-1a32-40ad-bbee-c4450a074624,2015-03-22 16:00:12,informant-PC, Service Control Manager ,System,0,0,1,0,0,0,0,None,484,System,7036,0,0,0,0,0,0,0,0,0,0,0x8080000000000000,0,0,0,1,0,0,0,2015-03-22 16:00:12,1427040012.0,16,0
1797027,59017,0389a708-919f-41c4-a82a-f2b8c1874cd2,2015-03-22 16:00:12,informant-PC, Microsoft-Windows-Kernel-Power ,System,0,0,1,0,0,0,0,None,388,System,109,0,0,0,0,0,0,0,0,0,103,0x8000000000000004,0,0,0,1,0,0,0,2015-03-22 16:00:12,1427040012.0,16,0
1797028,59017,d4a42ffd-6712-4158-aba9-e154217d8772,2015-03-22 16:00:12,informant-PC, Microsoft-Windows-Kernel-Power ,System,0,0,1,0,0,0,0,None,388,System,109,0,0,0,0,0,0,0,0,0,103,0x8000000000000004,0,0,0,1,0,0,0,2015-03-22 16:00:12,1427040012.0,16,0
1797043,59017,9964d465-b63b-4029-bc0b-e578b6f82cc0,2015-03-22 16:00:14,informant-PC, Service Control Manager ,System,0,0,1,0,0,0,0,None,484,System,7036,0,0,0,0,0,0,0,0,0,0,0x8080000000000000,0,0,0,1,0,0,0,2015-03-22 16:00:14,1427040014.0,16,0
1797044,59017,060a5185-ca89-4436-8138-2bf07fe9ff89,2015-03-22 16:00:14,informant-PC, Service Control Manager ,System,0,0,1,0,0,0,0,None,484,System,7036,0,0,0,0,0,0,0,0,0,0,0x8080000000000000,0,0,0,1,0,0,0,2015-03-22 16:00:14,1427040014.0,16,0
1797075,59017,5397b3c7-91d3-4574-b26d-ca278442ab17,2015-03-22 16:00:14,informant-PC, Microsoft-Windows-Kernel-General ,System,0,0,1,0,0,0,0,None,4,System,13,0,0,0,0,0,0,0,0,0,0,0x8000000000000000,0,0,0,1,0,0,0,2015-03-22 16:00:14,1427040014.0,16,0
1797086,59017,73904587-22e9-4850-aaf5-91913a5c5771,2015-03-22 16:00:14,informant-PC, Microsoft-Windows-Kernel-General ,System,0,0,1,0,0,0,0,None,4,System,13,0,0,0,0,0,0,0,0,0,0,0x8000000000000000,0,0,0,1,0,0,0,2015-03-22 16:00:14,1427040014.0,16,0
1797113,59057,08187412-4a10-4f84-8f03-2a2a502ba696,2015-03-22 16:00:14,informant-PC, Microsoft-Windows-Windows Firewall With Advanced Security ,Other,0,0,0,0,0,1,0,None,1124,Microsoft-Windows-Windows Firewall With Advanced Security/Firewall,2010,0,0,0,0,0,0,0,0,0,0,0x8000000000000000,0,0,0,1,0,0,0,2015-03-22 16:00:14,1427040014.0,16,0
1797114,59057,575d7857-e3fc-4cc1-a99d-fd125c285d90,2015-03-22 16:00:14,informant-PC, Microsoft-Windows-Windows Firewall With Advanced Security ,Other,0,0,0,0,0,1,0,None,1124,Microsoft-Windows-Windows Firewall With Advanced Security/Firewall,2010,0,0,0,0,0,0,0,0,0,0,0x8000000000000000,0,0,0,1,0,0,0,2015-03-22 16:00:14,1427040014.0,16,0
1797835,59017,4f6f2388-1acd-4b17-93fc-477cf96cd845,2015-03-23 17:23:57,informant-PC, Microsoft-Windows-Kernel-General ,System,0,0,1,0,0,0,0,None,4,System,12,0,0,0,0,0,0,0,0,0,0,0x8000000000000000,0,0,0,1,0,0,0,2015-03-23 17:23:57,1427131437.0,17,23
1797836,59017,b5fea5a9-abfa-48ed-951b-a070d88c7b5e,2015-03-23 17:23:57,informant-PC, Microsoft-Windows-Kernel-General ,System,0,0,1,0,0,0,0,None,4,System,12,0,0,0,0,0,0,0,0,0,0,0x8000000000000000,0,0,0,1,0,0,0,2015-03-23 17:23:57,1427131437.0,17,23
1797872,59017,e8e7e7af-1e75-4c62-8056-84acf8f70afe,2015-03-23 17:24:03,informant-PC, Microsoft-Windows-FilterManager ,System,0,0,1,0,0,0,0,None,4,System,6,0,0,0,0,0,0,0,0,0,0,0x8000000000000000,0,0,0,1,0,0,0,2015-03-23 17:24:03,1427131443.0,17,24
1797873,59017,e49b5fd1-244f-47b9-8e56-937affc2e368,2015-03-23 17:24:03,informant-PC, Microsoft-Windows-FilterManager ,System,0,0,1,0,0,0,0,None,4,System,6,0,0,0,0,0,0,0,0,0,0,0x8000000000000000,0,0,0,1,0,0,0,2015-03-23 17:24:03,1427131443.0,17,24
1797888,59039,f76eba93-89fd-4013-be4e-135173ce5ff8,2015-03-23 17:24:07,informant-PC, Microsoft-Windows-Kernel-WHEA ,Other,0,0,0,0,0,1,0,None,4,Microsoft-Windows-Kernel-WHEA/Operational,5,0,0,0,0,0,0,0,0,0,0,0x2000000000000000,0,1,0,0,0,0,0,2015-03-23 17:24:07,1427131447.0,17,24
1797889,59039,36ed039f-b739-4ccc-98e1-da922ee96e8e,2015-03-23 17:24:07,informant-PC, Microsoft-Windows-Kernel-WHEA ,Other,0,0,0,0,0,1,0,None,4,Microsoft-Windows-Kernel-WHEA/Operational,5,0,0,0,0,0,0,0,0,0,0,0x2000000000000000,0,1,0,0,0,0,0,2015-03-23 17:24:07,1427131447.0,17,24
1797934,59017,516ad358-99fa-44a0-a714-911940601d9a,2015-03-23 17:24:10,informant-PC, Microsoft-Windows-Kernel-Processor-Power ,System,0,0,1,0,0,0,0,None,4,System,26,0,0,0,0,0,0,0,0,0,4,0x8000000000000000,0,0,0,1,0,0,0,2015-03-23 17:24:10,1427131450.0,17,24
1797935,59017,3b5d3bed-6445-46f1-83a6-5fea7092150a,2015-03-23 17:24:10,informant-PC, Microsoft-Windows-Kernel-Processor-Power ,System,0,0,1,0,0,0,0,None,4,System,26,0,0,0,0,0,0,0,0,0,4,0x8000000000000000,0,0,0,1,0,0,0,2015-03-23 17:24:10,1427131450.0,17,24
1797936,59017,154f8bd3-a219-4350-8418-c05e4415f799,2015-03-23 17:24:10,informant-PC, Microsoft-Windows-Kernel-Processor-Power ,System,0,0,1,0,0,0,0,None,4,System,26,0,0,0,0,0,0,0,0,0,4,0x8000000000000000,0,0,0,1,0,0,0,2015-03-23 17:24:10,1427131450.0,17,24
1797939,59017,727a118a-b714-4d02-8dcf-855b6600bc31,2015-03-23 17:24:10,informant-PC, Microsoft-Windows-Kernel-Processor-Power ,System,0,0,1,0,0,0,0,None,4,System,26,0,0,0,0,0,0,0,0,0,4,0x8000000000000000,0,0,0,1,0,0,0,2015-03-23 17:24:10,1427131450.0,17,24
1797997,59019,401139fc-7b1c-4c74-9341-88d074eaad11,2015-03-23 17:24:23,informant-PC, Microsoft-Windows-Security-Auditing ,Security,1,0,0,0,0,0,0,None,492,Security,4608,0,0,0,0,0,0,0,0,1,12288,0x8020000000000000,0,0,0,1,0,0,0,2015-03-23 17:24:23,1427131463.0,17,24
1798001,59019,ac490f1c-f7f4-45de-b83a-a4e61c6c14f7,2015-03-23 17:24:23,informant-PC, Microsoft-Windows-Security-Auditing ,Security,1,0,0,0,0,0,0,None,492,Security,4608,0,0,0,0,0,0,0,0,1,12288,0x8020000000000000,0,0,0,1,0,0,0,2015-03-23 17:24:23,1427131463.0,17,24
1798005,59019,cb59d999-9355-40c2-9c2c-b2134641acbb,2015-03-23 17:24:23,informant-PC, Microsoft-Windows-Security-Auditing ,Security,1,0,0,0,0,0,0,S-1-5-18,492,Security,4624,0,0,0,1,0,0,0,0,0,12544,0x8020000000000000,0,0,0,1,0,0,0,2015-03-23 17:24:23,1427131463.0,17,24
1798006,59019,40b55003-32c9-49bc-8781-98b0ab0494b1,2015-03-23 17:24:23,informant-PC, Microsoft-Windows-Security-Auditing ,Security,1,0,0,0,0,0,0,S-1-5-18,492,Security,4624,0,0,0,1,0,0,0,0,0,12544,0x8020000000000000,0,0,0,1,0,0,0,2015-03-23 17:24:23,1427131463.0,17,24
1798009,59019,19332170-dfc3-4774-a9d1-5653c5e79d97,2015-03-23 17:24:23,informant-PC, Microsoft-Windows-Security-Auditing ,Security,1,0,0,0,0,0,0,None,492,Security,4902,0,0,0,0,0,0,1,0,0,13568,0x8020000000000000,0,0,0,1,0,0,0,2015-03-23 17:24:23,1427131463.0,17,24
1798010,59019,5c33434a-019f-4b83-b559-941e0a0f03b8,2015-03-23 17:24:23,informant-PC, Microsoft-Windows-Security-Auditing ,Security,1,0,0,0,0,0,0,None,492,Security,4902,0,0,0,0,0,0,1,0,0,13568,0x8020000000000000,0,0,0,1,0,0,0,2015-03-23 17:24:23,1427131463.0,17,24
1798023,59017,bf6f9680-e579-47f8-94e6-7267f65633c8,2015-03-23 17:24:24,informant-PC, EventLog ,System,0,0,1,0,0,0,0,None,None,System,6013,0,0,0,0,0,0,0,0,0,0,0x0080000000000000,0,0,0,0,0,0,0,2015-03-23 17:24:24,1427131464.0,17,24
1798024,59017,5cc2db38-1c2b-45c7-b8c8-dfc4fe247c9c,2015-03-23 17:24:24,informant-PC, EventLog ,System,0,0,1,0,0,0,0,None,None,System,6005,0,0,0,0,0,0,0,0,0,0,0x0080000000000000,0,0,0,0,0,0,0,2015-03-23 17:24:24,1427131464.0,17,24
1798025,59017,5ec34c36-7361-4d44-9249-8a2afa5d4f2d,2015-03-23 17:24:24,informant-PC, EventLog ,System,0,0,1,0,0,0,0,None,None,System,6013,0,0,0,0,0,0,0,0,0,0,0x0080000000000000,0,0,0,0,0,0,0,2015-03-23 17:24:24,1427131464.0,17,24
1798026,59017,3eec82e5-0692-4952-840b-5bf269ba6dd8,2015-03-23 17:24:24,informant-PC, EventLog ,System,0,0,1,0,0,0,0,None,None,System,6005,0,0,0,0,0,0,0,0,0,0,0x0080000000000000,0,0,0,0,0,0,0,2015-03-23 17:24:24,1427131464.0,17,24
1798027,59017,28d97545-b8a6-44fa-85f6-272937f416ce,2015-03-23 17:24:24,informant-PC, EventLog ,System,0,0,1,0,0,0,0,None,None,System,6009,0,0,0,0,0,0,0,0,0,0,0x0080000000000000,0,0,0,0,0,0,0,2015-03-23 17:24:24,1427131464.0,17,24
1798028,59017,5137d2e9-52bf-43f3-a8b4-835a1d7907c6,2015-03-23 17:24:24,informant-PC, EventLog ,System,0,0,1,0,0,0,0,None,None,System,6009,0,0,0,0,0,0,0,0,0,0,0x0080000000000000,0,0,0,0,0,0,0,2015-03-23 17:24:24,1427131464.0,17,24
1798029,59019,c9e64cec-9430-444e-af25-a9c3a8f1ef5f,2015-03-23 17:24:24,informant-PC, Microsoft-Windows-Security-Auditing ,Security,1,0,0,0,0,0,0,S-1-5-18,492,Security,4624,0,0,0,1,0,0,0,0,0,12544,0x8020000000000000,0,0,0,1,0,0,0,2015-03-23 17:24:24,1427131464.0,17,24
1798030,59019,6bde2632-58f3-4f71-bc57-775b7b2f9478,2015-03-23 17:24:24,informant-PC, Microsoft-Windows-Security-Auditing ,Security,1,0,0,0,0,0,0,S-1-5-18,492,Security,4624,0,0,0,1,0,0,0,0,0,12544,0x8020000000000000,0,0,0,1,0,0,0,2015-03-23 17:24:24,1427131464.0,17,24
1798031,59019,c6ba52aa-5705-474e-a197-01996b844e9d,2015-03-23 17:24:24,informant-PC, Microsoft-Windows-Security-Auditing ,Security,1,0,0,0,0,0,0,None,492,Security,4672,0,0,0,1,0,0,0,0,0,12548,0x8020000000000000,0,0,0,1,0,0,0,2015-03-23 17:24:24,1427131464.0,17,24
1798032,59019,c2981886-acf2-43d7-8d50-ed2f80aab306,2015-03-23 17:24:24,informant-PC, Microsoft-Windows-Security-Auditing ,Security,1,0,0,0,0,0,0,None,492,Security,4672,0,0,0,1,0,0,0,0,0,12548,0x8020000000000000,0,0,0,1,0,0,0,2015-03-23 17:24:24,1427131464.0,17,24
1798033,59017,1102c482-b5ef-4a09-b428-790a971c305e,2015-03-23 17:24:24,informant-PC, Service Control Manager ,System,0,0,1,0,0,0,0,None,484,System,7036,0,0,0,0,0,0,0,0,0,0,0x8080000000000000,0,0,0,1,0,0,0,2015-03-23 17:24:24,1427131464.0,17,24
1798034,59017,6eb620b7-6493-42f1-a47b-c9490efafc48,2015-03-23 17:24:24,informant-PC, Service Control Manager ,System,0,0,1,0,0,0,0,None,484,System,7036,0,0,0,0,0,0,0,0,0,0,0x8080000000000000,0,0,0,1,0,0,0,2015-03-23 17:24:24,1427131464.0,17,24
1798035,59017,13dd2783-36f7-4b6d-b72e-d6a40f80829d,2015-03-23 17:24:24,informant-PC, Microsoft-Windows-UserPnp ,System,0,0,1,0,0,0,0,None,600,System,20010,0,0,0,0,0,0,0,0,0,7010,0x8000000000000000,0,0,0,1,0,0,0,2015-03-23 17:24:24,1427131464.0,17,24
1798036,59017,fe834cff-c7c8-4cb7-a541-a1a2cb2af911,2015-03-23 17:24:24,informant-PC, Microsoft-Windows-UserPnp ,System,0,0,1,0,0,0,0,None,600,System,20010,0,0,0,0,0,0,0,0,0,7010,0x8000000000000000,0,0,0,1,0,0,0,2015-03-23 17:24:24,1427131464.0,17,24
1798037,59017,6323dc00-4641-4340-a6dc-c7a308269e31,2015-03-23 17:24:24,informant-PC, Service Control Manager ,System,0,0,1,0,0,0,0,None,484,System,7036,0,0,0,0,0,0,0,0,0,0,0x8080000000000000,0,0,0,1,0,0,0,2015-03-23 17:24:24,1427131464.0,17,24
1798038,59017,002e7b33-97f2-4f2b-b92a-496c3d41cf7a,2015-03-23 17:24:24,informant-PC, Service Control Manager ,System,0,0,1,0,0,0,0,None,484,System,7036,0,0,0,0,0,0,0,0,0,0,0x8080000000000000,0,0,0,1,0,0,0,2015-03-23 17:24:24,1427131464.0,17,24
1798039,59019,c2c0ca77-5413-4a01-ae47-fe7951e2db72,2015-03-23 17:24:24,informant-PC, Microsoft-Windows-Security-Auditing ,Security,1,0,0,0,0,0,0,S-1-5-20,492,Security,4624,0,0,0,1,0,0,0,0,0,12544,0x8020000000000000,0,0,0,1,0,0,0,2015-03-23 17:24:24,1427131464.0,17,24
1798040,59017,c9b4eda6-51ae-4b43-9115-c12ccfc785c2,2015-03-23 17:24:24,informant-PC, Microsoft-Windows-FilterManager ,System,0,0,1,0,0,0,0,None,4,System,6,0,0,0,0,0,0,0,0,0,0,0x8000000000000000,0,0,0,1,0,0,0,2015-03-23 17:24:24,1427131464.0,17,24
1798041,59019,938ae82d-ac93-4ea6-88cb-8bc1a0c2d064,2015-03-23 17:24:24,informant-PC, Microsoft-Windows-Security-Auditing ,Security,1,0,0,0,0,0,0,None,492,Security,4672,0,0,0,1,0,0,0,0,0,12548,0x8020000000000000,0,0,0,1,0,0,0,2015-03-23 17:24:24,1427131464.0,17,24
1798042,59017,f2a07e67-799a-4c18-8538-1a44d883f179,2015-03-23 17:24:24,informant-PC, Microsoft-Windows-FilterManager ,System,0,0,1,0,0,0,0,None,4,System,6,0,0,0,0,0,0,0,0,0,0,0x8000000000000000,0,0,0,1,0,0,0,2015-03-23 17:24:24,1427131464.0,17,24
1798043,59019,f008213e-481b-46e9-9367-127f2affbb53,2015-03-23 17:24:24,informant-PC, Microsoft-Windows-Security-Auditing ,Security,1,0,0,0,0,0,0,None,492,Security,4672,0,0,0,1,0,0,0,0,0,12548,0x8020000000000000,0,0,0,1,0,0,0,2015-03-23 17:24:24,1427131464.0,17,24
1798044,59019,a738e17c-18e7-4d66-8a32-df77f0862a83,2015-03-23 17:24:24,informant-PC, Microsoft-Windows-Security-Auditing ,Security,1,0,0,0,0,0,0,S-1-5-20,492,Security,4624,0,0,0,1,0,0,0,0,0,12544,0x8020000000000000,0,0,0,1,0,0,0,2015-03-23 17:24:24,1427131464.0,17,24
1798045,59017,0045ce0d-e6c9-43fd-ba3c-7e1334fdab85,2015-03-23 17:24:24,informant-PC, Service Control Manager ,System,0,0,1,0,0,0,0,None,484,System,7036,0,0,0,0,0,0,0,0,0,0,0x8080000000000000,0,0,0,1,0,0,0,2015-03-23 17:24:24,1427131464.0,17,24
1798046,59017,5a750018-82e3-4f8b-8f95-609b7c0d625f,2015-03-23 17:24:24,informant-PC, Service Control Manager ,System,0,0,1,0,0,0,0,None,484,System,7036,0,0,0,0,0,0,0,0,0,0,0x8080000000000000,0,0,0,1,0,0,0,2015-03-23 17:24:24,1427131464.0,17,24
1798047,59017,fcd95e12-80ae-4426-85b4-0b1a992445d6,2015-03-23 17:24:24,informant-PC, Service Control Manager ,System,0,0,1,0,0,0,0,None,484,System,7036,0,0,0,0,0,0,0,0,0,0,0x8080000000000000,0,0,0,1,0,0,0,2015-03-23 17:24:24,1427131464.0,17,24
1798048,59017,4b3bc97e-2bff-4d2c-bb22-e04cff1dfeef,2015-03-23 17:24:24,informant-PC, Service Control Manager ,System,0,0,1,0,0,0,0,None,484,System,7036,0,0,0,0,0,0,0,0,0,0,0x8080000000000000,0,0,0,1,0,0,0,2015-03-23 17:24:24,1427131464.0,17,24
1798049,59017,61cdd32d-6ccd-4ce3-81cb-61b01c47e684,2015-03-23 17:24:24,informant-PC, Service Control Manager ,System,0,0,1,0,0,0,0,None,484,System,7036,0,0,0,0,0,0,0,0,0,0,0x8080000000000000,0,0,0,1,0,0,0,2015-03-23 17:24:24,1427131464.0,17,24
1798050,59019,94a008b3-ed91-404c-b066-9448cd4723da,2015-03-23 17:24:24,informant-PC, Microsoft-Windows-Security-Auditing ,Security,1,0,0,0,0,0,0,None,492,Security,4672,0,0,0,1,0,0,0,0,0,12548,0x8020000000000000,0,0,0,1,0,0,0,2015-03-23 17:24:24,1427131464.0,17,24
1798051,59017,26f64c5e-2174-4329-88ad-6336b7c85f25,2015-03-23 17:24:24,informant-PC, Service Control Manager ,System,0,0,1,0,0,0,0,None,484,System,7036,0,0,0,0,0,0,0,0,0,0,0x8080000000000000,0,0,0,1,0,0,0,2015-03-23 17:24:24,1427131464.0,17,24
1798052,59019,89dbb901-82d7-476b-a5a7-528e8605218f,2015-03-23 17:24:24,informant-PC, Microsoft-Windows-Security-Auditing ,Security,1,0,0,0,0,0,0,None,492,Security,4672,0,0,0,1,0,0,0,0,0,12548,0x8020000000000000,0,0,0,1,0,0,0,2015-03-23 17:24:24,1427131464.0,17,24
1798053,59019,51b388e5-ee7c-4ff0-bf1e-d9ed153462f2,2015-03-23 17:24:24,informant-PC, Microsoft-Windows-Security-Auditing ,Security,1,0,0,0,0,0,0,S-1-5-19,492,Security,4624,0,0,0,1,0,0,0,0,0,12544,0x8020000000000000,0,0,0,1,0,0,0,2015-03-23 17:24:24,1427131464.0,17,24
1798054,59019,6e167480-bdb7-4db5-ac8c-4f44b202a6e1,2015-03-23 17:24:24,informant-PC, Microsoft-Windows-Security-Auditing ,Security,1,0,0,0,0,0,0,S-1-5-19,492,Security,4624,0,0,0,1,0,0,0,0,0,12544,0x8020000000000000,0,0,0,1,0,0,0,2015-03-23 17:24:24,1427131464.0,17,24
1798055,59019,023d19a4-3b03-41ce-b228-261c2b3c34ee,2015-03-23 17:24:24,informant-PC, Microsoft-Windows-Security-Auditing ,Security,1,0,0,0,0,0,0,None,492,Security,4672,0,0,0,1,0,0,0,0,0,12548,0x8020000000000000,0,0,0,1,0,0,0,2015-03-23 17:24:24,1427131464.0,17,24
1798056,59019,aaacc369-67a9-44e2-b3e8-091a6d04e83d,2015-03-23 17:24:24,informant-PC, Microsoft-Windows-Security-Auditing ,Security,1,0,0,0,0,0,0,S-1-5-18,492,Security,4624,0,0,0,1,0,0,0,0,0,12544,0x8020000000000000,0,0,0,1,0,0,0,2015-03-23 17:24:24,1427131464.0,17,24
1798057,59017,3e33da00-0141-4a23-a035-cbae66b49c59,2015-03-23 17:24:24,informant-PC, Service Control Manager ,System,0,0,1,0,0,0,0,None,484,System,7036,0,0,0,0,0,0,0,0,0,0,0x8080000000000000,0,0,0,1,0,0,0,2015-03-23 17:24:24,1427131464.0,17,24
1798058,59019,ada86ac0-5b77-4468-a2b4-f7603dd9982a,2015-03-23 17:24:24,informant-PC, Microsoft-Windows-Security-Auditing ,Security,1,0,0,0,0,0,0,S-1-5-18,492,Security,4624,0,0,0,1,0,0,0,0,0,12544,0x8020000000000000,0,0,0,1,0,0,0,2015-03-23 17:24:24,1427131464.0,17,24
1798059,59019,06c3a945-f13f-4db6-9b4c-1c9f3d89b2cb,2015-03-23 17:24:24,informant-PC, Microsoft-Windows-Security-Auditing ,Security,1,0,0,0,0,0,0,None,492,Security,4672,0,0,0,1,0,0,0,0,0,12548,0x8020000000000000,0,0,0,1,0,0,0,2015-03-23 17:24:24,1427131464.0,17,24
1798060,59017,43e721be-abe2-4a5f-ad78-20db8c4f5cf5,2015-03-23 17:24:24,informant-PC, Service Control Manager ,System,0,0,1,0,0,0,0,None,484,System,7036,0,0,0,0,0,0,0,0,0,0,0x8080000000000000,0,0,0,1,0,0,0,2015-03-23 17:24:24,1427131464.0,17,24
1798063,59018,cccb9e39-bdf8-4d60-94e8-91141c49eb71,2015-03-23 17:24:25,informant-PC, EventSystem ,Application,0,1,0,0,0,0,0,None,0,Application,4625,0,0,0,1,0,0,0,0,0,0,0x0080000000000000,0,0,0,0,0,0,0,2015-03-23 17:24:25,1427131465.0,17,24
1798064,59018,c2328347-065b-4c0b-a96e-6905751c3929,2015-03-23 17:24:25,informant-PC, EventSystem ,Application,0,1,0,0,0,0,0,None,0,Application,4625,0,0,0,1,0,0,0,0,0,0,0x0080000000000000,0,0,0,0,0,0,0,2015-03-23 17:24:25,1427131465.0,17,24
1798083,59019,1d8ab3c6-281f-4f68-8eef-efc799609f8b,2015-03-23 17:24:25,informant-PC, Microsoft-Windows-Security-Auditing ,Security,1,0,0,0,0,0,0,S-1-5-18,492,Security,4624,0,0,0,1,0,0,0,0,0,12544,0x8020000000000000,0,0,0,1,0,0,0,2015-03-23 17:24:25,1427131465.0,17,24
1798084,59019,c8f4d153-af87-40a8-ace3-7a09f6306d1c,2015-03-23 17:24:25,informant-PC, Microsoft-Windows-Security-Auditing ,Security,1,0,0,0,0,0,0,None,492,Security,4672,0,0,0,1,0,0,0,0,0,12548,0x8020000000000000,0,0,0,1,0,0,0,2015-03-23 17:24:25,1427131465.0,17,24
1798086,59019,5e42e464-cbc9-450d-9b05-d4a8252c63db,2015-03-23 17:24:25,informant-PC, Microsoft-Windows-Security-Auditing ,Security,1,0,0,0,0,0,0,None,492,Security,4672,0,0,0,1,0,0,0,0,0,12548,0x8020000000000000,0,0,0,1,0,0,0,2015-03-23 17:24:25,1427131465.0,17,24
1798088,59019,9d86ce4f-2cf8-4671-b421-9518ecf6fa8e,2015-03-23 17:24:25,informant-PC, Microsoft-Windows-Security-Auditing ,Security,1,0,0,0,0,0,0,S-1-5-18,492,Security,4624,0,0,0,1,0,0,0,0,0,12544,0x8020000000000000,0,0,0,1,0,0,0,2015-03-23 17:24:25,1427131465.0,17,24
1798090,59017,1abaa43f-dea4-4916-a68e-74161d558de0,2015-03-23 17:24:25,informant-PC, Service Control Manager ,System,0,0,1,0,0,0,0,None,484,System,7036,0,0,0,0,0,0,0,0,0,0,0x8080000000000000,0,0,0,1,0,0,0,2015-03-23 17:24:25,1427131465.0,17,24
1798098,59017,3d306db3-845c-4419-b5a6-1b128660fb78,2015-03-23 17:24:25,informant-PC, Service Control Manager ,System,0,0,1,0,0,0,0,None,484,System,7036,0,0,0,0,0,0,0,0,0,0,0x8080000000000000,0,0,0,1,0,0,0,2015-03-23 17:24:25,1427131465.0,17,24
1798105,59017,b580da83-2c27-4161-bf18-ac3d8bb84a7e,2015-03-23 17:24:25,informant-PC, Service Control Manager ,System,0,0,1,0,0,0,0,None,484,System,7036,0,0,0,0,0,0,0,0,0,0,0x8080000000000000,0,0,0,1,0,0,0,2015-03-23 17:24:25,1427131465.0,17,24
1798106,59017,a4be56fc-8c1e-4fee-b1b4-6a7a774f8bea,2015-03-23 17:24:25,informant-PC, Service Control Manager ,System,0,0,1,0,0,0,0,None,484,System,7036,0,0,0,0,0,0,0,0,0,0,0x8080000000000000,0,0,0,1,0,0,0,2015-03-23 17:24:25,1427131465.0,17,24
1798107,59017,9e9c7670-e016-45b4-973b-025124b39b73,2015-03-23 17:24:25,informant-PC, Service Control Manager ,System,0,0,1,0,0,0,0,None,484,System,7036,0,0,0,0,0,0,0,0,0,0,0x8080000000000000,0,0,0,1,0,0,0,2015-03-23 17:24:25,1427131465.0,17,24
1798108,59017,1faa11ad-f012-41c6-a57b-3a2c6d89f972,2015-03-23 17:24:25,informant-PC, Service Control Manager ,System,0,0,1,0,0,0,0,None,484,System,7036,0,0,0,0,0,0,0,0,0,0,0x8080000000000000,0,0,0,1,0,0,0,2015-03-23 17:24:25,1427131465.0,17,24
1798109,59017,60909b3c-fc3c-40f9-ac98-798f5b42cad4,2015-03-23 17:24:25,informant-PC, Service Control Manager ,System,0,0,1,0,0,0,0,None,484,System,7036,0,0,0,0,0,0,0,0,0,0,0x8080000000000000,0,0,0,1,0,0,0,2015-03-23 17:24:25,1427131465.0,17,24
1798110,59017,b9367fbe-7f77-40f8-b990-31cc6a87b8cd,2015-03-23 17:24:25,informant-PC, Service Control Manager ,System,0,0,1,0,0,0,0,None,484,System,7036,0,0,0,0,0,0,0,0,0,0,0x8080000000000000,0,0,0,1,0,0,0,2015-03-23 17:24:25,1427131465.0,17,24
1798111,59017,76854245-b591-43e0-9cd2-e22f898823fe,2015-03-23 17:24:25,informant-PC, Service Control Manager ,System,0,0,1,0,0,0,0,None,484,System,7036,0,0,0,0,0,0,0,0,0,0,0x8080000000000000,0,0,0,1,0,0,0,2015-03-23 17:24:25,1427131465.0,17,24
1798112,59017,6341ea18-eeba-4a79-91c5-70394013ffda,2015-03-23 17:24:25,informant-PC, Service Control Manager ,System,0,0,1,0,0,0,0,None,484,System,7036,0,0,0,0,0,0,0,0,0,0,0x8080000000000000,0,0,0,1,0,0,0,2015-03-23 17:24:25,1427131465.0,17,24
1798119,59042,a0094bd6-f17e-43b5-b022-c1058226e650,2015-03-23 17:24:25,informant-PC, Microsoft-Windows-GroupPolicy ,Other,0,0,0,0,0,1,0,None,892,Microsoft-Windows-GroupPolicy/Operational,5320,0,0,0,0,0,0,0,0,0,0,0x4000000000000000,0,0,1,0,0,0,0,2015-03-23 17:24:25,1427131465.0,17,24
1798120,59042,952d5dc7-3bd2-4c85-a17a-6860c9bbbc87,2015-03-23 17:24:25,informant-PC, Microsoft-Windows-GroupPolicy ,Other,0,0,0,0,0,1,0,None,892,Microsoft-Windows-GroupPolicy/Operational,5321,0,0,0,0,0,0,0,0,0,0,0x4000000000000000,0,0,1,0,0,0,0,2015-03-23 17:24:25,1427131465.0,17,24
1798121,59042,5640abfa-cac3-4aeb-8ad1-516f61759d95,2015-03-23 17:24:25,informant-PC, Microsoft-Windows-GroupPolicy ,Other,0,0,0,0,0,1,0,None,892,Microsoft-Windows-GroupPolicy/Operational,5320,0,0,0,0,0,0,0,0,0,0,0x4000000000000000,0,0,1,0,0,0,0,2015-03-23 17:24:25,1427131465.0,17,24
1798122,59042,5f20254f-915c-40fd-b7a2-a26705b9d91d,2015-03-23 17:24:25,informant-PC, Microsoft-Windows-GroupPolicy ,Other,0,0,0,0,0,1,0,None,892,Microsoft-Windows-GroupPolicy/Operational,5320,0,0,0,0,0,0,0,0,0,0,0x4000000000000000,0,0,1,0,0,0,0,2015-03-23 17:24:25,1427131465.0,17,24
1798123,59042,535e18af-bf1c-4ded-bd83-575099acca70,2015-03-23 17:24:25,informant-PC, Microsoft-Windows-GroupPolicy ,Other,0,0,0,0,0,1,0,None,892,Microsoft-Windows-GroupPolicy/Operational,5320,0,0,0,0,0,0,0,0,0,0,0x4000000000000000,0,0,1,0,0,0,0,2015-03-23 17:24:25,1427131465.0,17,24
1798124,59017,ddc8bf8d-796c-43ae-9147-9ddbbcafafa8,2015-03-23 17:24:25,informant-PC, Service Control Manager ,System,0,0,1,0,0,0,0,None,484,System,7036,0,0,0,0,0,0,0,0,0,0,0x8080000000000000,0,0,0,1,0,0,0,2015-03-23 17:24:25,1427131465.0,17,24
1798125,59042,6f4043dd-3fd2-4527-98c3-e2d5a357c8a7,2015-03-23 17:24:25,informant-PC, Microsoft-Windows-GroupPolicy ,Other,0,0,0,0,0,1,0,None,892,Microsoft-Windows-GroupPolicy/Operational,5320,0,0,0,0,0,0,0,0,0,0,0x4000000000000000,0,0,1,0,0,0,0,2015-03-23 17:24:25,1427131465.0,17,24
1798126,59042,05cf94e5-2a6a-46eb-a3b7-e9914c7735a1,2015-03-23 17:24:25,informant-PC, Microsoft-Windows-GroupPolicy ,Other,0,0,0,0,0,1,0,None,892,Microsoft-Windows-GroupPolicy/Operational,5321,0,0,0,0,0,0,0,0,0,0,0x4000000000000000,0,0,1,0,0,0,0,2015-03-23 17:24:25,1427131465.0,17,24
1798127,59042,299f3a8e-74aa-4fad-8e32-dc7697dea264,2015-03-23 17:24:25,informant-PC, Microsoft-Windows-GroupPolicy ,Other,0,0,0,0,0,1,0,None,892,Microsoft-Windows-GroupPolicy/Operational,5320,0,0,0,0,0,0,0,0,0,0,0x4000000000000000,0,0,1,0,0,0,0,2015-03-23 17:24:25,1427131465.0,17,24
1798128,59017,0e0852da-68c3-48b6-a6e5-7400f96207aa,2015-03-23 17:24:25,informant-PC, Service Control Manager ,System,0,0,1,0,0,0,0,None,484,System,7036,0,0,0,0,0,0,0,0,0,0,0x8080000000000000,0,0,0,1,0,0,0,2015-03-23 17:24:25,1427131465.0,17,24
1798129,59040,58710a10-0e8c-435d-954c-f380677f6c5a,2015-03-23 17:24:25,informant-PC, Microsoft-Windows-OfflineFiles ,Other,0,0,0,0,0,1,0,None,804,Microsoft-Windows-OfflineFiles/Operational,1,0,0,0,0,0,0,0,0,0,0,0x4000000000000010,0,0,1,0,0,0,0,2015-03-23 17:24:25,1427131465.0,17,24
1798130,59017,45344406-90ed-4822-8720-101a10d25ed0,2015-03-23 17:24:25,informant-PC, Service Control Manager ,System,0,0,1,0,0,0,0,None,484,System,7036,0,0,0,0,0,0,0,0,0,0,0x8080000000000000,0,0,0,1,0,0,0,2015-03-23 17:24:25,1427131465.0,17,24
1798131,59017,aaa20552-1f05-468c-98d2-9ece303f5e4d,2015-03-23 17:24:25,informant-PC, Service Control Manager ,System,0,0,1,0,0,0,0,None,484,System,7036,0,0,0,0,0,0,0,0,0,0,0x8080000000000000,0,0,0,1,0,0,0,2015-03-23 17:24:25,1427131465.0,17,24
1798132,59040,5218a56b-da08-4340-8f33-20c426bfd9e8,2015-03-23 17:24:25,informant-PC, Microsoft-Windows-OfflineFiles ,Other,0,0,0,0,0,1,0,None,804,Microsoft-Windows-OfflineFiles/Operational,1,0,0,0,0,0,0,0,0,0,0,0x4000000000000010,0,0,1,0,0,0,0,2015-03-23 17:24:25,1427131465.0,17,24
1798133,59041,1dbbf9a2-15e7-467b-9f2c-0b407d066e3a,2015-03-23 17:24:25,informant-PC, Microsoft-Windows-BranchCacheSMB ,Other,0,0,0,0,0,1,0,None,804,Microsoft-Windows-BranchCacheSMB/Operational,3005,0,0,0,0,0,0,0,0,0,0,0x8000000000000800,0,0,0,1,0,0,0,2015-03-23 17:24:25,1427131465.0,17,24
1798134,59041,9396b224-29c8-475f-b373-f6a60a95cc8d,2015-03-23 17:24:25,informant-PC, Microsoft-Windows-BranchCacheSMB ,Other,0,0,0,0,0,1,0,None,804,Microsoft-Windows-BranchCacheSMB/Operational,3005,0,0,0,0,0,0,0,0,0,0,0x8000000000000800,0,0,0,1,0,0,0,2015-03-23 17:24:25,1427131465.0,17,24
1798135,59018,5f97ccff-7be6-4e5b-b2cf-6c76bd4b15f0,2015-03-23 17:24:25,informant-PC, Microsoft-Windows-User Profiles Service ,Application,0,1,0,0,0,0,0,None,892,Application,1531,0,0,0,0,0,0,0,0,0,0,0x8000000000000000,0,0,0,1,0,0,0,2015-03-23 17:24:25,1427131465.0,17,24
1798136,59017,1caa1f39-e34f-4ed4-a3f1-78dbdc542395,2015-03-23 17:24:25,informant-PC, Service Control Manager ,System,0,0,1,0,0,0,0,None,484,System,7036,0,0,0,0,0,0,0,0,0,0,0x8080000000000000,0,0,0,1,0,0,0,2015-03-23 17:24:25,1427131465.0,17,24
1798137,59017,1e67c4ce-6ab0-4f48-8118-e27476781fb3,2015-03-23 17:24:25,informant-PC, Service Control Manager ,System,0,0,1,0,0,0,0,None,484,System,7036,0,0,0,0,0,0,0,0,0,0,0x8080000000000000,0,0,0,1,0,0,0,2015-03-23 17:24:25,1427131465.0,17,24
1798139,59017,b0b35c68-83ce-4a5d-ba00-fa3a30f25ee4,2015-03-23 17:24:25,informant-PC, Service Control Manager ,System,0,0,1,0,0,0,0,None,484,System,7036,0,0,0,0,0,0,0,0,0,0,0x8080000000000000,0,0,0,1,0,0,0,2015-03-23 17:24:25,1427131465.0,17,24
1798140,59018,06cf185c-200c-4dd0-aa39-a57ce2effb2e,2015-03-23 17:24:25,informant-PC, Microsoft-Windows-User Profiles Service ,Application,0,1,0,0,0,0,0,None,892,Application,1531,0,0,0,0,0,0,0,0,0,0,0x8000000000000000,0,0,0,1,0,0,0,2015-03-23 17:24:25,1427131465.0,17,24
1798142,59017,d1a7af61-9ab9-44db-a23b-1e0bfce4964a,2015-03-23 17:24:25,informant-PC, Service Control Manager ,System,0,0,1,0,0,0,0,None,484,System,7036,0,0,0,0,0,0,0,0,0,0,0x8080000000000000,0,0,0,1,0,0,0,2015-03-23 17:24:25,1427131465.0,17,24
1798143,59017,25242e6f-e0a9-4498-920b-a89c624c2a0f,2015-03-23 17:24:25,informant-PC, Service Control Manager ,System,0,0,1,0,0,0,0,None,484,System,7036,0,0,0,0,0,0,0,0,0,0,0x8080000000000000,0,0,0,1,0,0,0,2015-03-23 17:24:25,1427131465.0,17,24
1798144,59017,ff80f1c7-365d-4577-986f-663b07737b5e,2015-03-23 17:24:25,informant-PC, Service Control Manager ,System,0,0,1,0,0,0,0,None,484,System,7036,0,0,0,0,0,0,0,0,0,0,0x8080000000000000,0,0,0,1,0,0,0,2015-03-23 17:24:25,1427131465.0,17,24
1798145,59017,a457ca5b-e73b-46e9-b0c0-10cb24cd39c3,2015-03-23 17:24:25,informant-PC, Service Control Manager ,System,0,0,1,0,0,0,0,None,484,System,7036,0,0,0,0,0,0,0,0,0,0,0x8080000000000000,0,0,0,1,0,0,0,2015-03-23 17:24:25,1427131465.0,17,24
1798146,59017,be04cd75-b1b1-47a5-bd32-807cbd9fa7d5,2015-03-23 17:24:25,informant-PC, Service Control Manager ,System,0,0,1,0,0,0,0,None,484,System,7036,0,0,0,0,0,0,0,0,0,0,0x8080000000000000,0,0,0,1,0,0,0,2015-03-23 17:24:25,1427131465.0,17,24
1798147,59017,72b8efe0-0dba-4de2-ae81-8d1b6852ee38,2015-03-23 17:24:25,informant-PC, Service Control Manager ,System,0,0,1,0,0,0,0,None,484,System,7036,0,0,0,0,0,0,0,0,0,0,0x8080000000000000,0,0,0,1,0,0,0,2015-03-23 17:24:25,1427131465.0,17,24
1798148,59017,e404af67-c9fb-4e62-b698-72b056b06ed5,2015-03-23 17:24:25,informant-PC, Service Control Manager ,System,0,0,1,0,0,0,0,None,484,System,7036,0,0,0,0,0,0,0,0,0,0,0x8080000000000000,0,0,0,1,0,0,0,2015-03-23 17:24:25,1427131465.0,17,24
1798149,59017,83675233-3ac8-4906-923b-c9ee4c103a35,2015-03-23 17:24:25,informant-PC, Service Control Manager ,System,0,0,1,0,0,0,0,None,484,System,7036,0,0,0,0,0,0,0,0,0,0,0x8080000000000000,0,0,0,1,0,0,0,2015-03-23 17:24:25,1427131465.0,17,24
1798150,59017,c5828748-ddbc-4dd6-9a75-b5447f4548ef,2015-03-23 17:24:25,informant-PC, Service Control Manager ,System,0,0,1,0,0,0,0,None,484,System,7036,0,0,0,0,0,0,0,0,0,0,0x8080000000000000,0,0,0,1,0,0,0,2015-03-23 17:24:25,1427131465.0,17,24
1798151,59017,c9d9f264-2bf6-40ef-b128-e75e832d2e13,2015-03-23 17:24:25,informant-PC, Service Control Manager ,System,0,0,1,0,0,0,0,None,484,System,7036,0,0,0,0,0,0,0,0,0,0,0x8080000000000000,0,0,0,1,0,0,0,2015-03-23 17:24:25,1427131465.0,17,24
1798152,59017,32b92cb3-5f61-4627-b3d2-121b60054948,2015-03-23 17:24:25,informant-PC, Service Control Manager ,System,0,0,1,0,0,0,0,None,484,System,7036,0,0,0,0,0,0,0,0,0,0,0x8080000000000000,0,0,0,1,0,0,0,2015-03-23 17:24:25,1427131465.0,17,24
1798153,59017,c1907f35-4584-4b77-a617-626661abf276,2015-03-23 17:24:25,informant-PC, Microsoft-Windows-Dhcp-Client ,System,0,0,1,0,0,0,0,None,724,System,50036,0,0,0,0,0,0,0,0,0,4,0x2000000000000000,0,1,0,0,0,0,0,2015-03-23 17:24:25,1427131465.0,17,24
1798154,59017,431a94b2-960d-4561-a91f-1845cb435795,2015-03-23 17:24:25,informant-PC, Microsoft-Windows-Dhcp-Client ,System,0,0,1,0,0,0,0,None,724,System,50036,0,0,0,0,0,0,0,0,0,4,0x2000000000000000,0,1,0,0,0,0,0,2015-03-23 17:24:25,1427131465.0,17,24
1798155,59017,f4b3adfd-1460-482a-94ac-ab5908b5961e,2015-03-23 17:24:25,informant-PC, Microsoft-Windows-DHCPv6-Client ,System,0,0,1,0,0,0,0,None,724,System,51046,0,0,0,0,0,0,0,0,0,4,0x2000000000000000,0,1,0,0,0,0,0,2015-03-23 17:24:25,1427131465.0,17,24
1798156,59017,4db99873-7e25-4de8-84b5-b82ae579032f,2015-03-23 17:24:25,informant-PC, Microsoft-Windows-DHCPv6-Client ,System,0,0,1,0,0,0,0,None,724,System,51046,0,0,0,0,0,0,0,0,0,4,0x2000000000000000,0,1,0,0,0,0,0,2015-03-23 17:24:25,1427131465.0,17,24
1798157,59017,4764bae5-6d1d-4319-8d82-08679d0017ea,2015-03-23 17:24:25,informant-PC, Service Control Manager ,System,0,0,1,0,0,0,0,None,484,System,7036,0,0,0,0,0,0,0,0,0,0,0x8080000000000000,0,0,0,1,0,0,0,2015-03-23 17:24:25,1427131465.0,17,24
1798158,59017,a32f3722-d665-40c8-8066-f1e2a2e37a28,2015-03-23 17:24:25,informant-PC, Service Control Manager ,System,0,0,1,0,0,0,0,None,484,System,7036,0,0,0,0,0,0,0,0,0,0,0x8080000000000000,0,0,0,1,0,0,0,2015-03-23 17:24:25,1427131465.0,17,24
1798159,59017,a4c367e9-413d-477b-b210-718e4eb6c97c,2015-03-23 17:24:25,informant-PC, Service Control Manager ,System,0,0,1,0,0,0,0,None,484,System,7036,0,0,0,0,0,0,0,0,0,0,0x8080000000000000,0,0,0,1,0,0,0,2015-03-23 17:24:25,1427131465.0,17,24
1798160,59017,e937328e-2eea-48eb-a4cc-f07d2f9f8fff,2015-03-23 17:24:25,informant-PC, Service Control Manager ,System,0,0,1,0,0,0,0,None,484,System,7036,0,0,0,0,0,0,0,0,0,0,0x8080000000000000,0,0,0,1,0,0,0,2015-03-23 17:24:25,1427131465.0,17,24
1798161,59017,393ea7b1-2a0a-43de-8b26-8dc1f2bb2bef,2015-03-23 17:24:25,informant-PC, Service Control Manager ,System,0,0,1,0,0,0,0,None,484,System,7036,0,0,0,0,0,0,0,0,0,0,0x8080000000000000,0,0,0,1,0,0,0,2015-03-23 17:24:25,1427131465.0,17,24
1798162,59017,73f8203e-1095-48af-812c-6a8b29f5f2bc,2015-03-23 17:24:25,informant-PC, Service Control Manager ,System,0,0,1,0,0,0,0,None,484,System,7036,0,0,0,0,0,0,0,0,0,0,0x8080000000000000,0,0,0,1,0,0,0,2015-03-23 17:24:25,1427131465.0,17,24
1798164,59042,e12943c3-1772-4fd3-ac2e-11334ec06ddd,2015-03-23 17:24:25,informant-PC, Microsoft-Windows-GroupPolicy ,Other,0,0,0,0,0,1,0,None,892,Microsoft-Windows-GroupPolicy/Operational,5324,0,0,0,0,0,0,0,0,0,0,0x4000000000000000,0,0,1,0,0,0,0,2015-03-23 17:24:25,1427131465.0,17,24
1798166,59042,e3ca61cd-d9c3-431c-908c-92570be3148e,2015-03-23 17:24:25,informant-PC, Microsoft-Windows-GroupPolicy ,Other,0,0,0,0,0,1,0,None,892,Microsoft-Windows-GroupPolicy/Operational,5324,0,0,0,0,0,0,0,0,0,0,0x4000000000000000,0,0,1,0,0,0,0,2015-03-23 17:24:25,1427131465.0,17,24
1798167,59042,5dc57518-11f6-4926-ac0e-5896ff6ead16,2015-03-23 17:24:25,informant-PC, Microsoft-Windows-GroupPolicy ,Other,0,0,0,0,0,1,0,None,892,Microsoft-Windows-GroupPolicy/Operational,4000,0,0,0,0,0,0,0,0,0,0,0x4000000000000000,0,0,1,0,0,0,0,2015-03-23 17:24:25,1427131465.0,17,24
1798168,59042,3d1e7f19-1a81-4c2d-b868-4a94190c9562,2015-03-23 17:24:25,informant-PC, Microsoft-Windows-GroupPolicy ,Other,0,0,0,0,0,1,0,None,892,Microsoft-Windows-GroupPolicy/Operational,4000,0,0,0,0,0,0,0,0,0,0,0x4000000000000000,0,0,1,0,0,0,0,2015-03-23 17:24:25,1427131465.0,17,24
1798169,59042,3912a7c8-9add-4165-9292-9600af1f695b,2015-03-23 17:24:26,informant-PC, Microsoft-Windows-GroupPolicy ,Other,0,0,0,0,0,1,0,None,892,Microsoft-Windows-GroupPolicy/Operational,5320,0,0,0,0,0,0,0,0,0,0,0x4000000000000000,0,0,1,0,0,0,0,2015-03-23 17:24:26,1427131466.0,17,24
1798170,59042,019297db-7191-4ab1-ab8e-1c5cd9b5d8ff,2015-03-23 17:24:26,informant-PC, Microsoft-Windows-GroupPolicy ,Other,0,0,0,0,0,1,0,None,892,Microsoft-Windows-GroupPolicy/Operational,5311,0,0,0,0,0,0,0,0,0,0,0x4000000000000000,0,0,1,0,0,0,0,2015-03-23 17:24:26,1427131466.0,17,24
1798171,59042,3b1242a8-5f28-475e-93a3-3cceddd7fc78,2015-03-23 17:24:26,informant-PC, Microsoft-Windows-GroupPolicy ,Other,0,0,0,0,0,1,0,None,892,Microsoft-Windows-GroupPolicy/Operational,5320,0,0,0,0,0,0,0,0,0,0,0x4000000000000000,0,0,1,0,0,0,0,2015-03-23 17:24:26,1427131466.0,17,24
1798172,59042,03049ed7-bd60-4c6a-b0f9-8085b63cabae,2015-03-23 17:24:26,informant-PC, Microsoft-Windows-GroupPolicy ,Other,0,0,0,0,0,1,0,None,892,Microsoft-Windows-GroupPolicy/Operational,5313,0,0,0,0,0,0,0,0,0,0,0x4000000000000000,0,0,1,0,0,0,0,2015-03-23 17:24:26,1427131466.0,17,24
1798173,59042,1d0593da-b7d8-4e81-a6c1-f2bc9c85a338,2015-03-23 17:24:26,informant-PC, Microsoft-Windows-GroupPolicy ,Other,0,0,0,0,0,1,0,None,892,Microsoft-Windows-GroupPolicy/Operational,5320,0,0,0,0,0,0,0,0,0,0,0x4000000000000000,0,0,1,0,0,0,0,2015-03-23 17:24:26,1427131466.0,17,24
1798174,59042,e5562955-4ba2-472f-a655-f03470625e99,2015-03-23 17:24:26,informant-PC, Microsoft-Windows-GroupPolicy ,Other,0,0,0,0,0,1,0,None,892,Microsoft-Windows-GroupPolicy/Operational,5320,0,0,0,0,0,0,0,0,0,0,0x4000000000000000,0,0,1,0,0,0,0,2015-03-23 17:24:26,1427131466.0,17,24
1798175,59042,33c55cd5-2e5c-46e5-a79a-74ceecc3b523,2015-03-23 17:24:26,informant-PC, Microsoft-Windows-GroupPolicy ,Other,0,0,0,0,0,1,0,None,892,Microsoft-Windows-GroupPolicy/Operational,5312,0,0,0,0,0,0,0,0,0,0,0x4000000000000000,0,0,1,0,0,0,0,2015-03-23 17:24:26,1427131466.0,17,24
1798176,59042,4355c7a7-18d7-48c5-b9f3-fd4f92a2983e,2015-03-23 17:24:26,informant-PC, Microsoft-Windows-GroupPolicy ,Other,0,0,0,0,0,1,0,None,892,Microsoft-Windows-GroupPolicy/Operational,5320,0,0,0,0,0,0,0,0,0,0,0x4000000000000000,0,0,1,0,0,0,0,2015-03-23 17:24:26,1427131466.0,17,24
1798177,59042,7d6e4beb-ad50-4dda-86f4-ac886a634eab,2015-03-23 17:24:26,informant-PC, Microsoft-Windows-GroupPolicy ,Other,0,0,0,0,0,1,0,None,892,Microsoft-Windows-GroupPolicy/Operational,5313,0,0,0,0,0,0,0,0,0,0,0x4000000000000000,0,0,1,0,0,0,0,2015-03-23 17:24:26,1427131466.0,17,24
1798178,59042,999224f5-a44d-4fd0-98bb-e7aaf1ceea11,2015-03-23 17:24:26,informant-PC, Microsoft-Windows-GroupPolicy ,Other,0,0,0,0,0,1,0,None,892,Microsoft-Windows-GroupPolicy/Operational,8000,0,0,0,0,0,0,0,0,0,0,0x4000000000000000,0,0,1,0,0,0,0,2015-03-23 17:24:26,1427131466.0,17,24
1798179,59042,407f62a8-2620-45a8-8c25-26b305465891,2015-03-23 17:24:26,informant-PC, Microsoft-Windows-GroupPolicy ,Other,0,0,0,0,0,1,0,None,892,Microsoft-Windows-GroupPolicy/Operational,5320,0,0,0,0,0,0,0,0,0,0,0x4000000000000000,0,0,1,0,0,0,0,2015-03-23 17:24:26,1427131466.0,17,24
1798180,59042,f0f59709-5cca-4cdc-9be8-1cb91f6b8d0e,2015-03-23 17:24:26,informant-PC, Microsoft-Windows-GroupPolicy ,Other,0,0,0,0,0,1,0,None,892,Microsoft-Windows-GroupPolicy/Operational,5312,0,0,0,0,0,0,0,0,0,0,0x4000000000000000,0,0,1,0,0,0,0,2015-03-23 17:24:26,1427131466.0,17,24
1798181,59042,28fa8090-3e67-4fb0-8cff-f46e2dfb646d,2015-03-23 17:24:26,informant-PC, Microsoft-Windows-GroupPolicy ,Other,0,0,0,0,0,1,0,None,892,Microsoft-Windows-GroupPolicy/Operational,8000,0,0,0,0,0,0,0,0,0,0,0x4000000000000000,0,0,1,0,0,0,0,2015-03-23 17:24:26,1427131466.0,17,24
1798182,59042,fa1d6587-45a4-40e7-bcdb-3da0f1ac3af1,2015-03-23 17:24:26,informant-PC, Microsoft-Windows-GroupPolicy ,Other,0,0,0,0,0,1,0,None,892,Microsoft-Windows-GroupPolicy/Operational,5311,0,0,0,0,0,0,0,0,0,0,0x4000000000000000,0,0,1,0,0,0,0,2015-03-23 17:24:26,1427131466.0,17,24
1798191,59042,c40767a2-f347-4e4a-bb9d-6a14fb3162bd,2015-03-23 17:24:26,informant-PC, Microsoft-Windows-GroupPolicy ,Other,0,0,0,0,0,1,0,None,892,Microsoft-Windows-GroupPolicy/Operational,5315,0,0,0,0,0,0,0,0,0,0,0x4000000000000000,0,0,1,0,0,0,0,2015-03-23 17:24:26,1427131466.0,17,24
