2235347,59042,5e815755-6a19-433b-bdd9-9c10d6169146,2015-03-24 18:16:37,informant-PC, Microsoft-Windows-GroupPolicy ,Other,0,0,0,0,0,1,0,None,888,Microsoft-Windows-GroupPolicy/Operational,5320,0,0,0,0,0,0,0,0,0,0,0x4000000000000000,0,0,1,0,0,0,0,2015-03-24 18:16:37,1427220997.0,18,16
2235348,59042,b8c75b79-cc1f-45ce-91d1-6a4ef727871f,2015-03-24 18:16:37,informant-PC, Microsoft-Windows-GroupPolicy ,Other,0,0,0,0,0,1,0,None,888,Microsoft-Windows-GroupPolicy/Operational,5311,0,0,0,0,0,0,0,0,0,0,0x4000000000000000,0,0,1,0,0,0,0,2015-03-24 18:16:37,1427220997.0,18,16
2235349,59042,1b179c5c-7753-4920-bdec-9aa282b94fe5,2015-03-24 18:16:37,informant-PC, Microsoft-Windows-GroupPolicy ,Other,0,0,0,0,0,1,0,None,888,Microsoft-Windows-GroupPolicy/Operational,8006,0,0,0,0,0,0,0,0,0,0,0x4000000000000000,0,0,1,0,0,0,0,2015-03-24 18:16:37,1427220997.0,18,16
2235350,59042,871a56da-9946-49b8-8f4a-75f88dce629a,2015-03-24 18:16:37,informant-PC, Microsoft-Windows-GroupPolicy ,Other,0,0,0,0,0,1,0,None,888,Microsoft-Windows-GroupPolicy/Operational,5311,0,0,0,0,0,0,0,0,0,0,0x4000000000000000,0,0,1,0,0,0,0,2015-03-24 18:16:37,1427220997.0,18,16
2235351,59042,7e4e8925-85fa-4c44-8baa-3390f147620a,2015-03-24 18:16:37,informant-PC, Microsoft-Windows-GroupPolicy ,Other,0,0,0,0,0,1,0,None,888,Microsoft-Windows-GroupPolicy/Operational,5320,0,0,0,0,0,0,0,0,0,0,0x4000000000000000,0,0,1,0,0,0,0,2015-03-24 18:16:37,1427220997.0,18,16
2235352,59042,d71f6a7d-42df-48ea-a802-094b2e6c9c63,2015-03-24 18:16:37,informant-PC, Microsoft-Windows-GroupPolicy ,Other,0,0,0,0,0,1,0,None,888,Microsoft-Windows-GroupPolicy/Operational,5313,0,0,0,0,0,0,0,0,0,0,0x4000000000000000,0,0,1,0,0,0,0,2015-03-24 18:16:37,1427220997.0,18,16
2235353,59042,4f0707a4-5b4d-43ef-84f8-0213012ac957,2015-03-24 18:16:37,informant-PC, Microsoft-Windows-GroupPolicy ,Other,0,0,0,0,0,1,0,None,888,Microsoft-Windows-GroupPolicy/Operational,8006,0,0,0,0,0,0,0,0,0,0,0x4000000000000000,0,0,1,0,0,0,0,2015-03-24 18:16:37,1427220997.0,18,16
2235354,59042,f1505636-6537-42be-a97b-39b0900c522a,2015-03-24 18:16:37,informant-PC, Microsoft-Windows-GroupPolicy ,Other,0,0,0,0,0,1,0,None,888,Microsoft-Windows-GroupPolicy/Operational,5320,0,0,0,0,0,0,0,0,0,0,0x4000000000000000,0,0,1,0,0,0,0,2015-03-24 18:16:37,1427220997.0,18,16
2235355,59042,579a393e-232e-4cbb-a8a1-9f4d8c34a1b4,2015-03-24 18:16:37,informant-PC, Microsoft-Windows-GroupPolicy ,Other,0,0,0,0,0,1,0,None,888,Microsoft-Windows-GroupPolicy/Operational,4006,0,0,0,0,0,0,0,0,0,0,0x4000000000000000,0,0,1,0,0,0,0,2015-03-24 18:16:37,1427220997.0,18,16
2235356,59042,eda48404-4d90-4bcd-9b9d-2ee04f6840d0,2015-03-24 18:16:37,informant-PC, Microsoft-Windows-GroupPolicy ,Other,0,0,0,0,0,1,0,None,888,Microsoft-Windows-GroupPolicy/Operational,5320,0,0,0,0,0,0,0,0,0,0,0x4000000000000000,0,0,1,0,0,0,0,2015-03-24 18:16:37,1427220997.0,18,16
2235357,59042,d619e062-a80d-4a64-af72-400447126b2f,2015-03-24 18:16:37,informant-PC, Microsoft-Windows-GroupPolicy ,Other,0,0,0,0,0,1,0,None,888,Microsoft-Windows-GroupPolicy/Operational,5312,0,0,0,0,0,0,0,0,0,0,0x4000000000000000,0,0,1,0,0,0,0,2015-03-24 18:16:37,1427220997.0,18,16
2235358,59042,97ef651c-3eb4-4c54-9feb-dba48aaa22e1,2015-03-24 18:16:37,informant-PC, Microsoft-Windows-GroupPolicy ,Other,0,0,0,0,0,1,0,None,888,Microsoft-Windows-GroupPolicy/Operational,5320,0,0,0,0,0,0,0,0,0,0,0x4000000000000000,0,0,1,0,0,0,0,2015-03-24 18:16:37,1427220997.0,18,16
2235359,59042,2f0e8054-1cab-4a01-bf05-0e20bd8e337d,2015-03-24 18:16:37,informant-PC, Microsoft-Windows-GroupPolicy ,Other,0,0,0,0,0,1,0,None,888,Microsoft-Windows-GroupPolicy/Operational,5320,0,0,0,0,0,0,0,0,0,0,0x4000000000000000,0,0,1,0,0,0,0,2015-03-24 18:16:37,1427220997.0,18,16
2235360,59042,0a6e165f-0ba6-40d7-8763-c754d482346d,2015-03-24 18:16:37,informant-PC, Microsoft-Windows-GroupPolicy ,Other,0,0,0,0,0,1,0,None,888,Microsoft-Windows-GroupPolicy/Operational,5313,0,0,0,0,0,0,0,0,0,0,0x4000000000000000,0,0,1,0,0,0,0,2015-03-24 18:16:37,1427220997.0,18,16
2235361,59042,ad8e9b62-04fa-46dc-b3c5-3d99fa7e225d,2015-03-24 18:16:37,informant-PC, Microsoft-Windows-GroupPolicy ,Other,0,0,0,0,0,1,0,None,888,Microsoft-Windows-GroupPolicy/Operational,5315,0,0,0,0,0,0,0,0,0,0,0x4000000000000000,0,0,1,0,0,0,0,2015-03-24 18:16:37,1427220997.0,18,16
2235362,59042,bc3aef7c-0457-45f4-a606-89f459c7f8f2,2015-03-24 18:16:37,informant-PC, Microsoft-Windows-GroupPolicy ,Other,0,0,0,0,0,1,0,None,888,Microsoft-Windows-GroupPolicy/Operational,5315,0,0,0,0,0,0,0,0,0,0,0x4000000000000000,0,0,1,0,0,0,0,2015-03-24 18:16:37,1427220997.0,18,16
2235395,59041,a2f7379e-1b7b-465a-b176-73d39de64ae8,2015-03-24 18:21:37,informant-PC, Microsoft-Windows-BranchCacheSMB ,Other,0,0,0,0,0,1,0,None,820,Microsoft-Windows-BranchCacheSMB/Operational,3005,0,0,0,0,0,0,0,0,0,0,0x8000000000000800,0,0,0,1,0,0,0,2015-03-24 18:21:37,1427221297.0,18,21
2235396,59041,d335e6f8-03df-4a59-b461-f1066c0f5e5d,2015-03-24 18:21:37,informant-PC, Microsoft-Windows-BranchCacheSMB ,Other,0,0,0,0,0,1,0,None,820,Microsoft-Windows-BranchCacheSMB/Operational,3005,0,0,0,0,0,0,0,0,0,0,0x8000000000000800,0,0,0,1,0,0,0,2015-03-24 18:21:37,1427221297.0,18,21
2235574,59019,5c7c9784-c808-4a63-ae13-0555e747ec16,2015-03-24 18:28:38,informant-PC, Microsoft-Windows-Security-Auditing ,Security,1,0,0,0,0,0,0,None,496,Security,4648,0,0,0,1,0,0,0,0,0,12544,0x8020000000000000,0,0,0,1,0,0,0,2015-03-24 18:28:38,1427221718.0,18,28
2235575,59019,d126a40a-04c8-4f91-9921-1a4f8294ad75,2015-03-24 18:28:38,informant-PC, Microsoft-Windows-Security-Auditing ,Security,1,0,0,0,0,0,0,S-1-5-21-2425377081-3129163575-2985601102-1000,496,Security,4624,0,0,0,1,0,0,0,0,0,12544,0x8020000000000000,0,0,0,1,0,0,0,2015-03-24 18:28:38,1427221718.0,18,28
2235576,59019,ef1bb7e1-ed67-4a73-990c-ae23fd3926c8,2015-03-24 18:28:38,informant-PC, Microsoft-Windows-Security-Auditing ,Security,1,0,0,0,0,0,0,S-1-5-21-2425377081-3129163575-2985601102-1000,496,Security,4634,0,0,0,1,0,0,0,0,0,12545,0x8020000000000000,0,0,0,1,0,0,0,2015-03-24 18:28:38,1427221718.0,18,28
2235577,59019,680c1c9e-9e00-4ce4-8b4f-4576f74d4f95,2015-03-24 18:28:38,informant-PC, Microsoft-Windows-Security-Auditing ,Security,1,0,0,0,0,0,0,S-1-5-21-2425377081-3129163575-2985601102-1000,496,Security,4624,0,0,0,1,0,0,0,0,0,12544,0x8020000000000000,0,0,0,1,0,0,0,2015-03-24 18:28:38,1427221718.0,18,28
2235578,59019,7294c358-e5d8-49d4-9515-efc8e9600de5,2015-03-24 18:28:38,informant-PC, Microsoft-Windows-Security-Auditing ,Security,1,0,0,0,0,0,0,S-1-5-21-2425377081-3129163575-2985601102-1000,496,Security,4624,0,0,0,1,0,0,0,0,0,12544,0x8020000000000000,0,0,0,1,0,0,0,2015-03-24 18:28:38,1427221718.0,18,28
2235579,59019,186a15ef-e2aa-4c42-ba0c-8f30c3e8a79e,2015-03-24 18:28:38,informant-PC, Microsoft-Windows-Security-Auditing ,Security,1,0,0,0,0,0,0,S-1-5-21-2425377081-3129163575-2985601102-1000,496,Security,4634,0,0,0,1,0,0,0,0,0,12545,0x8020000000000000,0,0,0,1,0,0,0,2015-03-24 18:28:38,1427221718.0,18,28
2235580,59019,3846535d-68df-43ef-8dc1-3eaa13001cb7,2015-03-24 18:28:38,informant-PC, Microsoft-Windows-Security-Auditing ,Security,1,0,0,0,0,0,0,None,496,Security,4672,0,0,0,1,0,0,0,0,0,12548,0x8020000000000000,0,0,0,1,0,0,0,2015-03-24 18:28:38,1427221718.0,18,28
2235581,59019,1a0cb24a-31ff-4131-9a65-562bd1f89c04,2015-03-24 18:28:38,informant-PC, Microsoft-Windows-Security-Auditing ,Security,1,0,0,0,0,0,0,None,496,Security,4648,0,0,0,1,0,0,0,0,0,12544,0x8020000000000000,0,0,0,1,0,0,0,2015-03-24 18:28:38,1427221718.0,18,28
2235582,59019,6095c09d-6a0b-49fb-904c-d784dd31eeb1,2015-03-24 18:28:38,informant-PC, Microsoft-Windows-Security-Auditing ,Security,1,0,0,0,0,0,0,S-1-5-21-2425377081-3129163575-2985601102-1000,496,Security,4624,0,0,0,1,0,0,0,0,0,12544,0x8020000000000000,0,0,0,1,0,0,0,2015-03-24 18:28:38,1427221718.0,18,28
2235583,59019,29677473-cc10-4935-91db-09771b4a60bd,2015-03-24 18:28:38,informant-PC, Microsoft-Windows-Security-Auditing ,Security,1,0,0,0,0,0,0,S-1-5-21-2425377081-3129163575-2985601102-1000,496,Security,4634,0,0,0,1,0,0,0,0,0,12545,0x8020000000000000,0,0,0,1,0,0,0,2015-03-24 18:28:38,1427221718.0,18,28
2235584,59019,10fa0026-1b6d-422c-981c-d2670655647d,2015-03-24 18:28:38,informant-PC, Microsoft-Windows-Security-Auditing ,Security,1,0,0,0,0,0,0,None,496,Security,4672,0,0,0,1,0,0,0,0,0,12548,0x8020000000000000,0,0,0,1,0,0,0,2015-03-24 18:28:38,1427221718.0,18,28
2235585,59019,46aee3fd-bfdb-482d-87fe-d0fcb6a6b224,2015-03-24 18:28:38,informant-PC, Microsoft-Windows-Security-Auditing ,Security,1,0,0,0,0,0,0,S-1-5-21-2425377081-3129163575-2985601102-1000,496,Security,4634,0,0,0,1,0,0,0,0,0,12545,0x8020000000000000,0,0,0,1,0,0,0,2015-03-24 18:28:38,1427221718.0,18,28
2235586,59017,66ae0e54-3439-4e7c-8cd9-21ad12b6ed03,2015-03-24 18:28:38,informant-PC, Service Control Manager ,System,0,0,1,0,0,0,0,None,488,System,7036,0,0,0,0,0,0,0,0,0,0,0x8080000000000000,0,0,0,1,0,0,0,2015-03-24 18:28:38,1427221718.0,18,28
2235587,59017,f8e796bb-6013-4b1a-a175-8433bd71910e,2015-03-24 18:28:38,informant-PC, Service Control Manager ,System,0,0,1,0,0,0,0,None,488,System,7036,0,0,0,0,0,0,0,0,0,0,0x8080000000000000,0,0,0,1,0,0,0,2015-03-24 18:28:38,1427221718.0,18,28
2235658,59017,1aa2a277-d03e-4eb6-a93e-ed20de09d0ec,2015-03-24 18:28:56,informant-PC, Service Control Manager ,System,0,0,1,0,0,0,0,None,488,System,7036,0,0,0,0,0,0,0,0,0,0,0x8080000000000000,0,0,0,1,0,0,0,2015-03-24 18:28:56,1427221736.0,18,28
2235659,59017,cfaf4324-d42f-4ad6-9fa2-027451bc1bbf,2015-03-24 18:28:56,informant-PC, Service Control Manager ,System,0,0,1,0,0,0,0,None,488,System,7036,0,0,0,0,0,0,0,0,0,0,0x8080000000000000,0,0,0,1,0,0,0,2015-03-24 18:28:56,1427221736.0,18,28
2236550,59017,372d9f31-9abe-49f0-bd0e-4bda3ce15ebb,2015-03-24 18:30:51,informant-PC, Service Control Manager ,System,0,0,1,0,0,0,0,None,488,System,7040,0,0,0,0,0,0,0,0,0,0,0x8080000000000000,0,0,0,1,0,0,0,2015-03-24 18:30:51,1427221851.0,18,30
2236556,59017,a4f8536a-1ca4-4143-a605-6f3e66cbe81d,2015-03-24 18:30:51,informant-PC, Service Control Manager ,System,0,0,1,0,0,0,0,None,488,System,7040,0,0,0,0,0,0,0,0,0,0,0x8080000000000000,0,0,0,1,0,0,0,2015-03-24 18:30:51,1427221851.0,18,30
2236726,59018,0b885db8-a95c-4be0-9f1c-19799e01c94a,2015-03-24 18:32:17,informant-PC, Office Software Protection Platform Service ,Application,0,1,0,0,0,0,0,None,None,Application,900,0,0,0,0,0,0,0,0,0,0,0x0080000000000000,0,0,0,0,0,0,0,2015-03-24 18:32:17,1427221937.0,18,32
2236727,59018,5add5813-0af4-43e5-aba3-f1a4fe73eb67,2015-03-24 18:32:17,informant-PC, Office Software Protection Platform Service ,Application,0,1,0,0,0,0,0,None,None,Application,900,0,0,0,0,0,0,0,0,0,0,0x0080000000000000,0,0,0,0,0,0,0,2015-03-24 18:32:17,1427221937.0,18,32
2236728,59017,3c1229dd-06cf-410c-81a0-1f64d3dc28f6,2015-03-24 18:32:17,informant-PC, Service Control Manager ,System,0,0,1,0,0,0,0,None,488,System,7036,0,0,0,0,0,0,0,0,0,0,0x8080000000000000,0,0,0,1,0,0,0,2015-03-24 18:32:17,1427221937.0,18,32
2236729,59017,e11efdc5-4968-4488-90e8-b535b32d3850,2015-03-24 18:32:17,informant-PC, Service Control Manager ,System,0,0,1,0,0,0,0,None,488,System,7036,0,0,0,0,0,0,0,0,0,0,0x8080000000000000,0,0,0,1,0,0,0,2015-03-24 18:32:17,1427221937.0,18,32
2236744,59018,171473a9-f242-4a27-bc52-776a4ad0345c,2015-03-24 18:32:18,informant-PC, Office Software Protection Platform Service ,Application,0,1,0,0,0,0,0,None,None,Application,902,0,0,0,0,0,0,0,0,0,0,0x0080000000000000,0,0,0,0,0,0,0,2015-03-24 18:32:18,1427221938.0,18,32
2236745,59018,1b2c085d-e70b-4cdb-8e3a-7337d5b95846,2015-03-24 18:32:18,informant-PC, Office Software Protection Platform Service ,Application,0,1,0,0,0,0,0,None,None,Application,1003,0,0,0,0,0,0,0,0,0,0,0x0080000000000000,0,0,0,0,0,0,0,2015-03-24 18:32:18,1427221938.0,18,32
2236746,59018,613d2fc4-d8ab-4745-8ed7-a2f6e51a5cd0,2015-03-24 18:32:18,informant-PC, Office Software Protection Platform Service ,Application,0,1,0,0,0,0,0,None,None,Application,1066,0,0,0,0,0,0,0,0,0,0,0x0080000000000000,0,0,0,0,0,0,0,2015-03-24 18:32:18,1427221938.0,18,32
2236747,59018,7f9af823-9d72-42b6-ba5a-291333bc8cd9,2015-03-24 18:32:18,informant-PC, Office Software Protection Platform Service ,Application,0,1,0,0,0,0,0,None,None,Application,902,0,0,0,0,0,0,0,0,0,0,0x0080000000000000,0,0,0,0,0,0,0,2015-03-24 18:32:18,1427221938.0,18,32
2236748,59018,11782244-eab6-4b2c-82c0-4c0253b249ea,2015-03-24 18:32:18,informant-PC, Office Software Protection Platform Service ,Application,0,1,0,0,0,0,0,None,None,Application,1066,0,0,0,0,0,0,0,0,0,0,0x0080000000000000,0,0,0,0,0,0,0,2015-03-24 18:32:18,1427221938.0,18,32
2236749,59018,4f97a371-6798-434d-b9e8-f7bc78cc6eae,2015-03-24 18:32:18,informant-PC, Office Software Protection Platform Service ,Application,0,1,0,0,0,0,0,None,None,Application,1003,0,0,0,0,0,0,0,0,0,0,0x0080000000000000,0,0,0,0,0,0,0,2015-03-24 18:32:18,1427221938.0,18,32
2236868,59018,c7a261fc-29fc-4ef1-a297-dcc49fa372d5,2015-03-24 18:32:22,informant-PC, Office Software Protection Platform Service ,Application,0,1,0,0,0,0,0,None,None,Application,1003,0,0,0,0,0,0,0,0,0,0,0x0080000000000000,0,0,0,0,0,0,0,2015-03-24 18:32:22,1427221942.0,18,32
2236869,59018,b53c2ba1-0859-4b02-82f2-c80f8c12153c,2015-03-24 18:32:22,informant-PC, Office Software Protection Platform Service ,Application,0,1,0,0,0,0,0,None,None,Application,1003,0,0,0,0,0,0,0,0,0,0,0x0080000000000000,0,0,0,0,0,0,0,2015-03-24 18:32:22,1427221942.0,18,32
2238047,59017,50a4dca5-b690-4c47-b822-6112f00b86b0,2015-03-24 18:35:00,informant-PC, Service Control Manager ,System,0,0,1,0,0,0,0,None,488,System,7036,0,0,0,0,0,0,0,0,0,0,0x8080000000000000,0,0,0,1,0,0,0,2015-03-24 18:35:00,1427222100.0,18,35
2238048,59017,78dc4ad7-3cb1-4adf-9d6a-64c38188ee82,2015-03-24 18:35:00,informant-PC, Service Control Manager ,System,0,0,1,0,0,0,0,None,488,System,7036,0,0,0,0,0,0,0,0,0,0,0x8080000000000000,0,0,0,1,0,0,0,2015-03-24 18:35:00,1427222100.0,18,35
2238091,59018,663dd02e-8e79-4556-8e37-217b3a9d2ad2,2015-03-24 18:37:23,informant-PC, Office Software Protection Platform Service ,Application,0,1,0,0,0,0,0,None,None,Application,903,0,0,0,0,0,0,0,0,0,0,0x0080000000000000,0,0,0,0,0,0,0,2015-03-24 18:37:23,1427222243.0,18,37
2238092,59018,fee0e7f7-fbab-40e9-94de-157e4448b430,2015-03-24 18:37:23,informant-PC, Office Software Protection Platform Service ,Application,0,1,0,0,0,0,0,None,None,Application,903,0,0,0,0,0,0,0,0,0,0,0x0080000000000000,0,0,0,0,0,0,0,2015-03-24 18:37:23,1427222243.0,18,37
2238093,59017,c5473403-45f9-41a4-b884-f51e5bf18565,2015-03-24 18:37:23,informant-PC, Service Control Manager ,System,0,0,1,0,0,0,0,None,488,System,7036,0,0,0,0,0,0,0,0,0,0,0x8080000000000000,0,0,0,1,0,0,0,2015-03-24 18:37:23,1427222243.0,18,37
2238094,59017,a53e352d-f5f3-456e-8dec-edd99c057382,2015-03-24 18:37:23,informant-PC, Service Control Manager ,System,0,0,1,0,0,0,0,None,488,System,7036,0,0,0,0,0,0,0,0,0,0,0x8080000000000000,0,0,0,1,0,0,0,2015-03-24 18:37:23,1427222243.0,18,37
2238127,59017,11f42c6b-1c0e-4323-8c82-5b6565d38e75,2015-03-24 18:40:09,informant-PC, Service Control Manager ,System,0,0,1,0,0,0,0,None,488,System,7036,0,0,0,0,0,0,0,0,0,0,0x8080000000000000,0,0,0,1,0,0,0,2015-03-24 18:40:09,1427222409.0,18,40
2238128,59017,ae267597-d83b-4ad8-9806-24ad9f409c8f,2015-03-24 18:40:09,informant-PC, Service Control Manager ,System,0,0,1,0,0,0,0,None,488,System,7036,0,0,0,0,0,0,0,0,0,0,0x8080000000000000,0,0,0,1,0,0,0,2015-03-24 18:40:09,1427222409.0,18,40
2238129,59042,8e4ea011-76b2-4faa-bb66-bd278d78e259,2015-03-24 18:41:45,informant-PC, Microsoft-Windows-GroupPolicy ,Other,0,0,0,0,0,1,0,None,888,Microsoft-Windows-GroupPolicy/Operational,4007,0,0,0,0,0,0,0,0,0,0,0x4000000000000000,0,0,1,0,0,0,0,2015-03-24 18:41:45,1427222505.0,18,41
2238130,59042,eb167773-4cf8-4874-a377-2728ac4a925f,2015-03-24 18:41:45,informant-PC, Microsoft-Windows-GroupPolicy ,Other,0,0,0,0,0,1,0,None,888,Microsoft-Windows-GroupPolicy/Operational,8007,0,0,0,0,0,0,0,0,0,0,0x4000000000000000,0,0,1,0,0,0,0,2015-03-24 18:41:45,1427222505.0,18,41
2238131,59042,79bdae98-1019-4bee-a09f-e938b1fe79af,2015-03-24 18:41:45,informant-PC, Microsoft-Windows-GroupPolicy ,Other,0,0,0,0,0,1,0,None,888,Microsoft-Windows-GroupPolicy/Operational,5315,0,0,0,0,0,0,0,0,0,0,0x4000000000000000,0,0,1,0,0,0,0,2015-03-24 18:41:45,1427222505.0,18,41
2238132,59042,f3c91087-296f-4e89-b55c-8493a0ca412f,2015-03-24 18:41:45,informant-PC, Microsoft-Windows-GroupPolicy ,Other,0,0,0,0,0,1,0,None,888,Microsoft-Windows-GroupPolicy/Operational,5320,0,0,0,0,0,0,0,0,0,0,0x4000000000000000,0,0,1,0,0,0,0,2015-03-24 18:41:45,1427222505.0,18,41
2238133,59042,3a4a7640-992a-4880-b010-3da86baf1426,2015-03-24 18:41:45,informant-PC, Microsoft-Windows-GroupPolicy ,Other,0,0,0,0,0,1,0,None,888,Microsoft-Windows-GroupPolicy/Operational,5312,0,0,0,0,0,0,0,0,0,0,0x4000000000000000,0,0,1,0,0,0,0,2015-03-24 18:41:45,1427222505.0,18,41
2238134,59042,29a58abd-b33e-43fd-a98b-83de5025df52,2015-03-24 18:41:45,informant-PC, Microsoft-Windows-GroupPolicy ,Other,0,0,0,0,0,1,0,None,888,Microsoft-Windows-GroupPolicy/Operational,5313,0,0,0,0,0,0,0,0,0,0,0x4000000000000000,0,0,1,0,0,0,0,2015-03-24 18:41:45,1427222505.0,18,41
2238135,59042,ae94e4b5-d3b8-4b0b-a6e1-b8ed6f1192b4,2015-03-24 18:41:45,informant-PC, Microsoft-Windows-GroupPolicy ,Other,0,0,0,0,0,1,0,None,888,Microsoft-Windows-GroupPolicy/Operational,8007,0,0,0,0,0,0,0,0,0,0,0x4000000000000000,0,0,1,0,0,0,0,2015-03-24 18:41:45,1427222505.0,18,41
2238136,59042,46e061b8-e1ba-4541-bbdd-e99ab2d8b52d,2015-03-24 18:41:45,informant-PC, Microsoft-Windows-GroupPolicy ,Other,0,0,0,0,0,1,0,None,888,Microsoft-Windows-GroupPolicy/Operational,5320,0,0,0,0,0,0,0,0,0,0,0x4000000000000000,0,0,1,0,0,0,0,2015-03-24 18:41:45,1427222505.0,18,41
2238137,59042,55519cb1-3135-4da2-9960-2b304bea5b8d,2015-03-24 18:41:45,informant-PC, Microsoft-Windows-GroupPolicy ,Other,0,0,0,0,0,1,0,None,888,Microsoft-Windows-GroupPolicy/Operational,5320,0,0,0,0,0,0,0,0,0,0,0x4000000000000000,0,0,1,0,0,0,0,2015-03-24 18:41:45,1427222505.0,18,41
2238138,59042,4aab9d0b-a78d-48cd-993b-4449e8d3148b,2015-03-24 18:41:45,informant-PC, Microsoft-Windows-GroupPolicy ,Other,0,0,0,0,0,1,0,None,888,Microsoft-Windows-GroupPolicy/Operational,5320,0,0,0,0,0,0,0,0,0,0,0x4000000000000000,0,0,1,0,0,0,0,2015-03-24 18:41:45,1427222505.0,18,41
2238139,59042,d09886b0-74ba-40e5-ad25-f61cdc700e73,2015-03-24 18:41:45,informant-PC, Microsoft-Windows-GroupPolicy ,Other,0,0,0,0,0,1,0,None,888,Microsoft-Windows-GroupPolicy/Operational,5312,0,0,0,0,0,0,0,0,0,0,0x4000000000000000,0,0,1,0,0,0,0,2015-03-24 18:41:45,1427222505.0,18,41
2238140,59042,9aecdd87-c3e6-4714-9112-a6bd26f6cafd,2015-03-24 18:41:45,informant-PC, Microsoft-Windows-GroupPolicy ,Other,0,0,0,0,0,1,0,None,888,Microsoft-Windows-GroupPolicy/Operational,5311,0,0,0,0,0,0,0,0,0,0,0x4000000000000000,0,0,1,0,0,0,0,2015-03-24 18:41:45,1427222505.0,18,41
2238141,59042,8538aec8-b930-450d-af5c-12444ce8a4e0,2015-03-24 18:41:45,informant-PC, Microsoft-Windows-GroupPolicy ,Other,0,0,0,0,0,1,0,None,888,Microsoft-Windows-GroupPolicy/Operational,4007,0,0,0,0,0,0,0,0,0,0,0x4000000000000000,0,0,1,0,0,0,0,2015-03-24 18:41:45,1427222505.0,18,41
2238142,59042,45a8f83f-26d5-4404-b84d-63b277982421,2015-03-24 18:41:45,informant-PC, Microsoft-Windows-GroupPolicy ,Other,0,0,0,0,0,1,0,None,888,Microsoft-Windows-GroupPolicy/Operational,5311,0,0,0,0,0,0,0,0,0,0,0x4000000000000000,0,0,1,0,0,0,0,2015-03-24 18:41:45,1427222505.0,18,41
2238143,59042,1cdfd3b0-c108-44ca-b362-f675ba68a461,2015-03-24 18:41:45,informant-PC, Microsoft-Windows-GroupPolicy ,Other,0,0,0,0,0,1,0,None,888,Microsoft-Windows-GroupPolicy/Operational,5320,0,0,0,0,0,0,0,0,0,0,0x4000000000000000,0,0,1,0,0,0,0,2015-03-24 18:41:45,1427222505.0,18,41
2238144,59042,6883fcc9-1c27-457a-9769-edbc694c4613,2015-03-24 18:41:45,informant-PC, Microsoft-Windows-GroupPolicy ,Other,0,0,0,0,0,1,0,None,888,Microsoft-Windows-GroupPolicy/Operational,5320,0,0,0,0,0,0,0,0,0,0,0x4000000000000000,0,0,1,0,0,0,0,2015-03-24 18:41:45,1427222505.0,18,41
2238145,59042,3a6e8e14-20b9-488f-a2a1-25f1dbf9fb20,2015-03-24 18:41:45,informant-PC, Microsoft-Windows-GroupPolicy ,Other,0,0,0,0,0,1,0,None,888,Microsoft-Windows-GroupPolicy/Operational,5313,0,0,0,0,0,0,0,0,0,0,0x4000000000000000,0,0,1,0,0,0,0,2015-03-24 18:41:45,1427222505.0,18,41
2238146,59042,75cd906c-8f97-42c9-98e2-21e8deb19973,2015-03-24 18:41:45,informant-PC, Microsoft-Windows-GroupPolicy ,Other,0,0,0,0,0,1,0,None,888,Microsoft-Windows-GroupPolicy/Operational,5315,0,0,0,0,0,0,0,0,0,0,0x4000000000000000,0,0,1,0,0,0,0,2015-03-24 18:41:45,1427222505.0,18,41
2243177,59017,4e9d4bb2-f51b-4c41-8fee-591a456dc4b3,2015-03-24 19:01:24,informant-PC, Service Control Manager ,System,0,0,1,0,0,0,0,None,488,System,7036,0,0,0,0,0,0,0,0,0,0,0x8080000000000000,0,0,0,1,0,0,0,2015-03-24 19:01:24,1427223684.0,19,1
2243178,59017,09ce2ff9-a179-47d1-bcf9-468e509047c1,2015-03-24 19:01:24,informant-PC, Service Control Manager ,System,0,0,1,0,0,0,0,None,488,System,7036,0,0,0,0,0,0,0,0,0,0,0x8080000000000000,0,0,0,1,0,0,0,2015-03-24 19:01:24,1427223684.0,19,1
2243248,59018,45215db6-a1ce-4f7b-90e4-3d7fc449ecc6,2015-03-24 19:09:52,informant-PC, Office Software Protection Platform Service ,Application,0,1,0,0,0,0,0,None,None,Application,900,0,0,0,0,0,0,0,0,0,0,0x0080000000000000,0,0,0,0,0,0,0,2015-03-24 19:09:52,1427224192.0,19,9
2243249,59018,f2237ca8-cf46-4a63-add9-d4e967d8804d,2015-03-24 19:09:52,informant-PC, Office Software Protection Platform Service ,Application,0,1,0,0,0,0,0,None,None,Application,900,0,0,0,0,0,0,0,0,0,0,0x0080000000000000,0,0,0,0,0,0,0,2015-03-24 19:09:52,1427224192.0,19,9
2243374,59017,af11faa4-f902-40bf-b70e-b3ad7add807c,2015-03-24 19:09:52,informant-PC, Service Control Manager ,System,0,0,1,0,0,0,0,None,488,System,7036,0,0,0,0,0,0,0,0,0,0,0x8080000000000000,0,0,0,1,0,0,0,2015-03-24 19:09:52,1427224192.0,19,9
2243375,59017,50d58b1e-29fd-4cdd-a214-79c52667e74b,2015-03-24 19:09:52,informant-PC, Service Control Manager ,System,0,0,1,0,0,0,0,None,488,System,7036,0,0,0,0,0,0,0,0,0,0,0x8080000000000000,0,0,0,1,0,0,0,2015-03-24 19:09:52,1427224192.0,19,9
2243376,59018,e50c4331-4dc4-4576-831e-6ef0fa3f7cbc,2015-03-24 19:09:53,informant-PC, Office Software Protection Platform Service ,Application,0,1,0,0,0,0,0,None,None,Application,1066,0,0,0,0,0,0,0,0,0,0,0x0080000000000000,0,0,0,0,0,0,0,2015-03-24 19:09:53,1427224193.0,19,9
2243377,59018,de294ad9-7d03-4d0e-88a4-4c232d2501bb,2015-03-24 19:09:53,informant-PC, Office Software Protection Platform Service ,Application,0,1,0,0,0,0,0,None,None,Application,902,0,0,0,0,0,0,0,0,0,0,0x0080000000000000,0,0,0,0,0,0,0,2015-03-24 19:09:53,1427224193.0,19,9
2243378,59018,5f8e7578-0f33-4d45-b82e-3f5ae2cbc031,2015-03-24 19:09:53,informant-PC, Office Software Protection Platform Service ,Application,0,1,0,0,0,0,0,None,None,Application,1066,0,0,0,0,0,0,0,0,0,0,0x0080000000000000,0,0,0,0,0,0,0,2015-03-24 19:09:53,1427224193.0,19,9
2243379,59018,9cb7f7a8-86b4-48f0-a7e5-e5a2b85ba2b3,2015-03-24 19:09:53,informant-PC, Office Software Protection Platform Service ,Application,0,1,0,0,0,0,0,None,None,Application,902,0,0,0,0,0,0,0,0,0,0,0x0080000000000000,0,0,0,0,0,0,0,2015-03-24 19:09:53,1427224193.0,19,9
2243380,59018,f823eac9-664b-4329-b64a-22f5a392c972,2015-03-24 19:09:53,informant-PC, Office Software Protection Platform Service ,Application,0,1,0,0,0,0,0,None,None,Application,1003,0,0,0,0,0,0,0,0,0,0,0x0080000000000000,0,0,0,0,0,0,0,2015-03-24 19:09:53,1427224193.0,19,9
2243381,59018,1e739eee-8657-422d-8c99-592d39f86f63,2015-03-24 19:09:53,informant-PC, Office Software Protection Platform Service ,Application,0,1,0,0,0,0,0,None,None,Application,1003,0,0,0,0,0,0,0,0,0,0,0x0080000000000000,0,0,0,0,0,0,0,2015-03-24 19:09:53,1427224193.0,19,9
2243459,59018,fa16e8d2-fb74-4a00-9049-2a5b1866ef3a,2015-03-24 19:09:56,informant-PC, Office Software Protection Platform Service ,Application,0,1,0,0,0,0,0,None,None,Application,1003,0,0,0,0,0,0,0,0,0,0,0x0080000000000000,0,0,0,0,0,0,0,2015-03-24 19:09:56,1427224196.0,19,9
2243460,59018,a4a30fd0-623b-445d-aaa5-58ee940d1459,2015-03-24 19:09:56,informant-PC, Office Software Protection Platform Service ,Application,0,1,0,0,0,0,0,None,None,Application,1003,0,0,0,0,0,0,0,0,0,0,0x0080000000000000,0,0,0,0,0,0,0,2015-03-24 19:09:56,1427224196.0,19,9
2243510,59017,f5dbd766-c7d0-43e2-8a2f-87c74f41b457,2015-03-24 19:11:24,informant-PC, Service Control Manager ,System,0,0,1,0,0,0,0,None,488,System,7036,0,0,0,0,0,0,0,0,0,0,0x8080000000000000,0,0,0,1,0,0,0,2015-03-24 19:11:24,1427224284.0,19,11
2243511,59017,e1fffa09-36ab-4942-a83d-6bb4d7f4f157,2015-03-24 19:11:24,informant-PC, Service Control Manager ,System,0,0,1,0,0,0,0,None,488,System,7036,0,0,0,0,0,0,0,0,0,0,0x8080000000000000,0,0,0,1,0,0,0,2015-03-24 19:11:24,1427224284.0,19,11
2243544,59018,ca53dd9a-42ff-40d9-8233-c5a86f71c482,2015-03-24 19:14:56,informant-PC, Office Software Protection Platform Service ,Application,0,1,0,0,0,0,0,None,None,Application,903,0,0,0,0,0,0,0,0,0,0,0x0080000000000000,0,0,0,0,0,0,0,2015-03-24 19:14:56,1427224496.0,19,14
2243545,59018,0bdfae6b-5c83-4357-8d05-62d6e0ea8a10,2015-03-24 19:14:56,informant-PC, Office Software Protection Platform Service ,Application,0,1,0,0,0,0,0,None,None,Application,903,0,0,0,0,0,0,0,0,0,0,0x0080000000000000,0,0,0,0,0,0,0,2015-03-24 19:14:56,1427224496.0,19,14
2243546,59017,8334b899-66f5-48d8-9937-9176432d802a,2015-03-24 19:14:56,informant-PC, Service Control Manager ,System,0,0,1,0,0,0,0,None,488,System,7036,0,0,0,0,0,0,0,0,0,0,0x8080000000000000,0,0,0,1,0,0,0,2015-03-24 19:14:56,1427224496.0,19,14
2243547,59017,29b24c71-a67c-4060-86be-d762e3823708,2015-03-24 19:14:56,informant-PC, Service Control Manager ,System,0,0,1,0,0,0,0,None,488,System,7036,0,0,0,0,0,0,0,0,0,0,0x8080000000000000,0,0,0,1,0,0,0,2015-03-24 19:14:56,1427224496.0,19,14
2243582,59017,49e39489-12d4-489d-9bb6-c9415b87aa70,2015-03-24 19:16:17,informant-PC, Service Control Manager ,System,0,0,1,0,0,0,0,None,488,System,7036,0,0,0,0,0,0,0,0,0,0,0x8080000000000000,0,0,0,1,0,0,0,2015-03-24 19:16:17,1427224577.0,19,16
2243583,59017,b7d0b531-6018-4353-8ff0-2ec87af411e3,2015-03-24 19:16:17,informant-PC, Service Control Manager ,System,0,0,1,0,0,0,0,None,488,System,7036,0,0,0,0,0,0,0,0,0,0,0x8080000000000000,0,0,0,1,0,0,0,2015-03-24 19:16:17,1427224577.0,19,16
2243584,59017,ace8a1fd-eb18-4bf7-b595-37d2047405dd,2015-03-24 19:16:17,informant-PC, Service Control Manager ,System,0,0,1,0,0,0,0,None,488,System,7036,0,0,0,0,0,0,0,0,0,0,0x8080000000000000,0,0,0,1,0,0,0,2015-03-24 19:16:17,1427224577.0,19,16
2243585,59017,914572e4-56eb-44d9-9487-d71cff3c8dd9,2015-03-24 19:16:17,informant-PC, Service Control Manager ,System,0,0,1,0,0,0,0,None,488,System,7036,0,0,0,0,0,0,0,0,0,0,0x8080000000000000,0,0,0,1,0,0,0,2015-03-24 19:16:17,1427224577.0,19,16
2243586,59018,cca381a6-945c-4235-9560-fbed3c2dfc6b,2015-03-24 19:16:21,informant-PC, gupdate ,Application,0,1,0,0,0,0,0,None,None,Application,0,0,0,0,0,0,0,0,0,0,0,0x0080000000000000,0,0,0,0,0,0,0,2015-03-24 19:16:21,1427224581.0,19,16
2243587,59018,f6ad0ffd-599a-4b5e-9862-066cbf029156,2015-03-24 19:16:21,informant-PC, gupdate ,Application,0,1,0,0,0,0,0,None,None,Application,0,0,0,0,0,0,0,0,0,0,0,0x0080000000000000,0,0,0,0,0,0,0,2015-03-24 19:16:21,1427224581.0,19,16
2243588,59017,e0bbdbf9-5324-425d-ae91-4ff67c921316,2015-03-24 19:16:21,informant-PC, Service Control Manager ,System,0,0,1,0,0,0,0,None,488,System,7036,0,0,0,0,0,0,0,0,0,0,0x8080000000000000,0,0,0,1,0,0,0,2015-03-24 19:16:21,1427224581.0,19,16
2243589,59017,32eeeeb7-b3b2-4f85-9bee-4b7165207483,2015-03-24 19:16:21,informant-PC, Service Control Manager ,System,0,0,1,0,0,0,0,None,488,System,7036,0,0,0,0,0,0,0,0,0,0,0x8080000000000000,0,0,0,1,0,0,0,2015-03-24 19:16:21,1427224581.0,19,16
2243625,59041,68f8a716-a176-49f2-8930-f67643266232,2015-03-24 19:21:37,informant-PC, Microsoft-Windows-BranchCacheSMB ,Other,0,0,0,0,0,1,0,None,820,Microsoft-Windows-BranchCacheSMB/Operational,3005,0,0,0,0,0,0,0,0,0,0,0x8000000000000800,0,0,0,1,0,0,0,2015-03-24 19:21:37,1427224897.0,19,21
2243626,59041,bcb3721a-d83c-4562-9d75-3fc8630a8b3e,2015-03-24 19:21:37,informant-PC, Microsoft-Windows-BranchCacheSMB ,Other,0,0,0,0,0,1,0,None,820,Microsoft-Windows-BranchCacheSMB/Operational,3005,0,0,0,0,0,0,0,0,0,0,0x8000000000000800,0,0,0,1,0,0,0,2015-03-24 19:21:37,1427224897.0,19,21
2243653,59017,700bf0db-5784-4d42-b51e-295f9870898a,2015-03-24 19:32:47,informant-PC, Service Control Manager ,System,0,0,1,0,0,0,0,None,488,System,7036,0,0,0,0,0,0,0,0,0,0,0x8080000000000000,0,0,0,1,0,0,0,2015-03-24 19:32:47,1427225567.0,19,32
2243654,59017,f4e486e1-1b0e-4f3f-b9cc-8165f71d4b3d,2015-03-24 19:32:47,informant-PC, Service Control Manager ,System,0,0,1,0,0,0,0,None,488,System,7036,0,0,0,0,0,0,0,0,0,0,0x8080000000000000,0,0,0,1,0,0,0,2015-03-24 19:32:47,1427225567.0,19,32
2243690,59017,74e60b85-aa73-450b-b776-d570e429f218,2015-03-24 19:33:05,informant-PC, Service Control Manager ,System,0,0,1,0,0,0,0,None,488,System,7036,0,0,0,0,0,0,0,0,0,0,0x8080000000000000,0,0,0,1,0,0,0,2015-03-24 19:33:05,1427225585.0,19,33
2243691,59017,d921a666-c84d-474a-b5b5-d24d256c4601,2015-03-24 19:33:05,informant-PC, Service Control Manager ,System,0,0,1,0,0,0,0,None,488,System,7036,0,0,0,0,0,0,0,0,0,0,0x8080000000000000,0,0,0,1,0,0,0,2015-03-24 19:33:05,1427225585.0,19,33
2243763,59017,91fb774f-b6b7-413a-8854-225876051689,2015-03-24 19:38:06,informant-PC, Service Control Manager ,System,0,0,1,0,0,0,0,None,488,System,7036,0,0,0,0,0,0,0,0,0,0,0x8080000000000000,0,0,0,1,0,0,0,2015-03-24 19:38:06,1427225886.0,19,38
2243764,59017,eb983803-69e4-4231-8fa7-054345c74d74,2015-03-24 19:38:06,informant-PC, Service Control Manager ,System,0,0,1,0,0,0,0,None,488,System,7036,0,0,0,0,0,0,0,0,0,0,0x8080000000000000,0,0,0,1,0,0,0,2015-03-24 19:38:06,1427225886.0,19,38
2243765,59017,6801b090-d434-49fd-885b-c6ee5bc24f99,2015-03-24 19:38:09,informant-PC, Service Control Manager ,System,0,0,1,0,0,0,0,None,488,System,7036,0,0,0,0,0,0,0,0,0,0,0x8080000000000000,0,0,0,1,0,0,0,2015-03-24 19:38:09,1427225889.0,19,38
2243766,59017,19883a4e-3a75-4bec-ba6a-78a684731f4c,2015-03-24 19:38:09,informant-PC, Service Control Manager ,System,0,0,1,0,0,0,0,None,488,System,7036,0,0,0,0,0,0,0,0,0,0,0x8080000000000000,0,0,0,1,0,0,0,2015-03-24 19:38:09,1427225889.0,19,38
2243777,59017,1c2cd42c-9407-4d79-84c1-64880f64e87e,2015-03-24 19:38:10,informant-PC, Service Control Manager ,System,0,0,1,0,0,0,0,None,488,System,7036,0,0,0,0,0,0,0,0,0,0,0x8080000000000000,0,0,0,1,0,0,0,2015-03-24 19:38:10,1427225890.0,19,38
2243778,59017,432a0967-774f-4164-a235-4bb3fb990cba,2015-03-24 19:38:10,informant-PC, Service Control Manager ,System,0,0,1,0,0,0,0,None,488,System,7036,0,0,0,0,0,0,0,0,0,0,0x8080000000000000,0,0,0,1,0,0,0,2015-03-24 19:38:10,1427225890.0,19,38
2243795,59017,8e149436-b281-4f67-84d5-361e5a1127e0,2015-03-24 19:40:10,informant-PC, Service Control Manager ,System,0,0,1,0,0,0,0,None,488,System,7036,0,0,0,0,0,0,0,0,0,0,0x8080000000000000,0,0,0,1,0,0,0,2015-03-24 19:40:10,1427226010.0,19,40
2243796,59017,cf3059fe-d393-4fac-9072-e433e6cc3d58,2015-03-24 19:40:10,informant-PC, Service Control Manager ,System,0,0,1,0,0,0,0,None,488,System,7036,0,0,0,0,0,0,0,0,0,0,0x8080000000000000,0,0,0,1,0,0,0,2015-03-24 19:40:10,1427226010.0,19,40
2244212,59017,65732883-3ce3-4b75-94cf-26d5e452b1ed,2015-03-24 19:47:47,informant-PC, cdrom ,System,0,0,1,0,0,0,0,None,None,System,133,0,0,0,0,0,0,0,0,0,0,0x0080000000000000,0,0,0,0,0,0,0,2015-03-24 19:47:47,1427226467.0,19,47
2244213,59017,5b6c4a33-33dc-46b5-806e-9388f397641b,2015-03-24 19:47:47,informant-PC, cdrom ,System,0,0,1,0,0,0,0,None,None,System,133,0,0,0,0,0,0,0,0,0,0,0x0080000000000000,0,0,0,0,0,0,0,2015-03-24 19:47:47,1427226467.0,19,47
2244216,59017,8b4d86b6-5096-4776-a24f-4f4313c4d1db,2015-03-24 19:49:20,informant-PC, Service Control Manager ,System,0,0,1,0,0,0,0,None,488,System,7036,0,0,0,0,0,0,0,0,0,0,0x8080000000000000,0,0,0,1,0,0,0,2015-03-24 19:49:20,1427226560.0,19,49
2244217,59017,9c0d3c35-9086-4d7a-962d-3d36ad1f94ba,2015-03-24 19:49:20,informant-PC, Service Control Manager ,System,0,0,1,0,0,0,0,None,488,System,7036,0,0,0,0,0,0,0,0,0,0,0x8080000000000000,0,0,0,1,0,0,0,2015-03-24 19:49:20,1427226560.0,19,49
2244581,59017,fd75a44a-5336-47b3-a721-542baade3983,2015-03-24 19:52:38,informant-PC, Service Control Manager ,System,0,0,1,0,0,0,0,None,488,System,7036,0,0,0,0,0,0,0,0,0,0,0x8080000000000000,0,0,0,1,0,0,0,2015-03-24 19:52:38,1427226758.0,19,52
2244582,59017,43cdd2c9-129a-4c09-932b-af508b88cf09,2015-03-24 19:52:38,informant-PC, Service Control Manager ,System,0,0,1,0,0,0,0,None,488,System,7036,0,0,0,0,0,0,0,0,0,0,0x8080000000000000,0,0,0,1,0,0,0,2015-03-24 19:52:38,1427226758.0,19,52
2244583,59017,5b8a9832-5415-41e0-b302-906e8b84d387,2015-03-24 19:52:41,informant-PC, Service Control Manager ,System,0,0,1,0,0,0,0,None,488,System,7036,0,0,0,0,0,0,0,0,0,0,0x8080000000000000,0,0,0,1,0,0,0,2015-03-24 19:52:41,1427226761.0,19,52
2244584,59017,2c053412-a33c-4a0b-a766-2713576e4beb,2015-03-24 19:52:41,informant-PC, Service Control Manager ,System,0,0,1,0,0,0,0,None,488,System,7036,0,0,0,0,0,0,0,0,0,0,0x8080000000000000,0,0,0,1,0,0,0,2015-03-24 19:52:41,1427226761.0,19,52
2245061,59017,2cbfdb5d-42aa-4470-af61-939008afafaf,2015-03-24 19:56:11,informant-PC, cdrom ,System,0,0,1,0,0,0,0,None,None,System,133,0,0,0,0,0,0,0,0,0,0,0x0080000000000000,0,0,0,0,0,0,0,2015-03-24 19:56:11,1427226971.0,19,56
2245062,59017,cbeeea85-c690-483c-a266-cc923cae2680,2015-03-24 19:56:11,informant-PC, cdrom ,System,0,0,1,0,0,0,0,None,None,System,133,0,0,0,0,0,0,0,0,0,0,0x0080000000000000,0,0,0,0,0,0,0,2015-03-24 19:56:11,1427226971.0,19,56
2245129,59017,881bf8d0-7013-4c6e-843c-8807849d2191,2015-03-24 19:59:48,informant-PC, Service Control Manager ,System,0,0,1,0,0,0,0,None,488,System,7036,0,0,0,0,0,0,0,0,0,0,0x8080000000000000,0,0,0,1,0,0,0,2015-03-24 19:59:48,1427227188.0,19,59
2245130,59017,97675ba7-a63e-436e-8e88-94a9f2da0697,2015-03-24 19:59:48,informant-PC, Service Control Manager ,System,0,0,1,0,0,0,0,None,488,System,7036,0,0,0,0,0,0,0,0,0,0,0x8080000000000000,0,0,0,1,0,0,0,2015-03-24 19:59:48,1427227188.0,19,59
2245131,59017,407959d5-4328-4a7e-ba97-96be3465e90e,2015-03-24 20:00:02,informant-PC, Service Control Manager ,System,0,0,1,0,0,0,0,None,488,System,7036,0,0,0,0,0,0,0,0,0,0,0x8080000000000000,0,0,0,1,0,0,0,2015-03-24 20:00:02,1427227202.0,20,0
2245132,59017,fa04fb0e-2fb0-42bb-9dcf-b1bb850e2034,2015-03-24 20:00:02,informant-PC, Service Control Manager ,System,0,0,1,0,0,0,0,None,488,System,7036,0,0,0,0,0,0,0,0,0,0,0x8080000000000000,0,0,0,1,0,0,0,2015-03-24 20:00:02,1427227202.0,20,0
2245283,59051,1b190c4c-5b40-40de-873f-3243c1c0e0b7,2015-03-24 20:04:50,informant-PC, Microsoft-Windows-ReadyBoost ,Other,0,0,0,0,0,1,0,None,820,Microsoft-Windows-ReadyBoost/Operational,1019,0,0,0,0,0,0,0,0,0,1019,0x8000000000004000,0,0,0,1,0,0,0,2015-03-24 20:04:50,1427227490.0,20,4
2245284,59051,69c6144d-3577-46fc-aede-32579f1f91c7,2015-03-24 20:04:50,informant-PC, Microsoft-Windows-ReadyBoost ,Other,0,0,0,0,0,1,0,None,820,Microsoft-Windows-ReadyBoost/Operational,1019,0,0,0,0,0,0,0,0,0,1019,0x8000000000004000,0,0,0,1,0,0,0,2015-03-24 20:04:50,1427227490.0,20,4
2245285,59017,8b6fc834-dd79-4766-831e-c77f4ad6f411,2015-03-24 20:04:52,informant-PC, Service Control Manager ,System,0,0,1,0,0,0,0,None,488,System,7036,0,0,0,0,0,0,0,0,0,0,0x8080000000000000,0,0,0,1,0,0,0,2015-03-24 20:04:52,1427227492.0,20,4
2245286,59017,b3a19f22-87ad-465c-b913-2de68d9f4203,2015-03-24 20:04:52,informant-PC, Service Control Manager ,System,0,0,1,0,0,0,0,None,488,System,7036,0,0,0,0,0,0,0,0,0,0,0x8080000000000000,0,0,0,1,0,0,0,2015-03-24 20:04:52,1427227492.0,20,4
2245361,59042,b57af59a-7e91-4628-82a2-2a77ab67333b,2015-03-24 20:06:37,informant-PC, Microsoft-Windows-GroupPolicy ,Other,0,0,0,0,0,1,0,None,888,Microsoft-Windows-GroupPolicy/Operational,8006,0,0,0,0,0,0,0,0,0,0,0x4000000000000000,0,0,1,0,0,0,0,2015-03-24 20:06:37,1427227597.0,20,6
2245362,59042,99cf1b96-3b59-4778-aa31-3df451b9474d,2015-03-24 20:06:37,informant-PC, Microsoft-Windows-GroupPolicy ,Other,0,0,0,0,0,1,0,None,888,Microsoft-Windows-GroupPolicy/Operational,5313,0,0,0,0,0,0,0,0,0,0,0x4000000000000000,0,0,1,0,0,0,0,2015-03-24 20:06:37,1427227597.0,20,6
2245363,59042,29095fa7-d688-4cb5-8b8c-9645dca4ae1c,2015-03-24 20:06:37,informant-PC, Microsoft-Windows-GroupPolicy ,Other,0,0,0,0,0,1,0,None,888,Microsoft-Windows-GroupPolicy/Operational,8006,0,0,0,0,0,0,0,0,0,0,0x4000000000000000,0,0,1,0,0,0,0,2015-03-24 20:06:37,1427227597.0,20,6
2245364,59042,6cfaeebe-ef77-43ee-809a-17eac44fca66,2015-03-24 20:06:37,informant-PC, Microsoft-Windows-GroupPolicy ,Other,0,0,0,0,0,1,0,None,888,Microsoft-Windows-GroupPolicy/Operational,5320,0,0,0,0,0,0,0,0,0,0,0x4000000000000000,0,0,1,0,0,0,0,2015-03-24 20:06:37,1427227597.0,20,6
2245365,59042,3c0b5b59-8bc4-4361-ac51-d7c99913aa63,2015-03-24 20:06:37,informant-PC, Microsoft-Windows-GroupPolicy ,Other,0,0,0,0,0,1,0,None,888,Microsoft-Windows-GroupPolicy/Operational,5312,0,0,0,0,0,0,0,0,0,0,0x4000000000000000,0,0,1,0,0,0,0,2015-03-24 20:06:37,1427227597.0,20,6
2245366,59042,d7e8ef76-bb59-4948-a845-feef3a93c40b,2015-03-24 20:06:37,informant-PC, Microsoft-Windows-GroupPolicy ,Other,0,0,0,0,0,1,0,None,888,Microsoft-Windows-GroupPolicy/Operational,5320,0,0,0,0,0,0,0,0,0,0,0x4000000000000000,0,0,1,0,0,0,0,2015-03-24 20:06:37,1427227597.0,20,6
2245367,59042,4dc23027-bb75-4040-8441-caed53e189bd,2015-03-24 20:06:37,informant-PC, Microsoft-Windows-GroupPolicy ,Other,0,0,0,0,0,1,0,None,888,Microsoft-Windows-GroupPolicy/Operational,5320,0,0,0,0,0,0,0,0,0,0,0x4000000000000000,0,0,1,0,0,0,0,2015-03-24 20:06:37,1427227597.0,20,6
2245368,59042,c5601209-da5c-4a88-bccd-9febbec195ec,2015-03-24 20:06:37,informant-PC, Microsoft-Windows-GroupPolicy ,Other,0,0,0,0,0,1,0,None,888,Microsoft-Windows-GroupPolicy/Operational,5320,0,0,0,0,0,0,0,0,0,0,0x4000000000000000,0,0,1,0,0,0,0,2015-03-24 20:06:37,1427227597.0,20,6
2245369,59042,be481d90-8381-47ab-bd00-20c8cb7da5f9,2015-03-24 20:06:37,informant-PC, Microsoft-Windows-GroupPolicy ,Other,0,0,0,0,0,1,0,None,888,Microsoft-Windows-GroupPolicy/Operational,4006,0,0,0,0,0,0,0,0,0,0,0x4000000000000000,0,0,1,0,0,0,0,2015-03-24 20:06:37,1427227597.0,20,6
2245370,59042,19f5d6da-73c2-40c4-b29b-54a5b047d62f,2015-03-24 20:06:37,informant-PC, Microsoft-Windows-GroupPolicy ,Other,0,0,0,0,0,1,0,None,888,Microsoft-Windows-GroupPolicy/Operational,5315,0,0,0,0,0,0,0,0,0,0,0x4000000000000000,0,0,1,0,0,0,0,2015-03-24 20:06:37,1427227597.0,20,6
2245371,59042,c874efbc-28a2-415f-8aec-236edb5f57ce,2015-03-24 20:06:37,informant-PC, Microsoft-Windows-GroupPolicy ,Other,0,0,0,0,0,1,0,None,888,Microsoft-Windows-GroupPolicy/Operational,5315,0,0,0,0,0,0,0,0,0,0,0x4000000000000000,0,0,1,0,0,0,0,2015-03-24 20:06:37,1427227597.0,20,6
2245372,59042,0d1c2dc6-f4c6-4cf7-906c-395905e5008e,2015-03-24 20:06:37,informant-PC, Microsoft-Windows-GroupPolicy ,Other,0,0,0,0,0,1,0,None,888,Microsoft-Windows-GroupPolicy/Operational,5313,0,0,0,0,0,0,0,0,0,0,0x4000000000000000,0,0,1,0,0,0,0,2015-03-24 20:06:37,1427227597.0,20,6
2245373,59042,49d0bbf5-ee41-4443-8068-a4dd7daf65f6,2015-03-24 20:06:37,informant-PC, Microsoft-Windows-GroupPolicy ,Other,0,0,0,0,0,1,0,None,888,Microsoft-Windows-GroupPolicy/Operational,5320,0,0,0,0,0,0,0,0,0,0,0x4000000000000000,0,0,1,0,0,0,0,2015-03-24 20:06:37,1427227597.0,20,6
2245374,59042,0a7c0957-918b-4568-9468-ec439070c51e,2015-03-24 20:06:37,informant-PC, Microsoft-Windows-GroupPolicy ,Other,0,0,0,0,0,1,0,None,888,Microsoft-Windows-GroupPolicy/Operational,5320,0,0,0,0,0,0,0,0,0,0,0x4000000000000000,0,0,1,0,0,0,0,2015-03-24 20:06:37,1427227597.0,20,6
2245375,59042,4da6a4cb-36e7-4b13-84a3-3da1b86db1af,2015-03-24 20:06:37,informant-PC, Microsoft-Windows-GroupPolicy ,Other,0,0,0,0,0,1,0,None,888,Microsoft-Windows-GroupPolicy/Operational,5311,0,0,0,0,0,0,0,0,0,0,0x4000000000000000,0,0,1,0,0,0,0,2015-03-24 20:06:37,1427227597.0,20,6
2245376,59042,96e49059-20e2-4203-85a6-8455683e2b75,2015-03-24 20:06:37,informant-PC, Microsoft-Windows-GroupPolicy ,Other,0,0,0,0,0,1,0,None,888,Microsoft-Windows-GroupPolicy/Operational,5312,0,0,0,0,0,0,0,0,0,0,0x4000000000000000,0,0,1,0,0,0,0,2015-03-24 20:06:37,1427227597.0,20,6
2245377,59042,aaab08f7-4d24-410f-9c44-a523e9a905be,2015-03-24 20:06:37,informant-PC, Microsoft-Windows-GroupPolicy ,Other,0,0,0,0,0,1,0,None,888,Microsoft-Windows-GroupPolicy/Operational,5311,0,0,0,0,0,0,0,0,0,0,0x4000000000000000,0,0,1,0,0,0,0,2015-03-24 20:06:37,1427227597.0,20,6
2245378,59042,65da5f4f-d33e-4236-9eae-77b3fe38b30f,2015-03-24 20:06:37,informant-PC, Microsoft-Windows-GroupPolicy ,Other,0,0,0,0,0,1,0,None,888,Microsoft-Windows-GroupPolicy/Operational,4006,0,0,0,0,0,0,0,0,0,0,0x4000000000000000,0,0,1,0,0,0,0,2015-03-24 20:06:37,1427227597.0,20,6
2245379,59051,e4bdeea1-0e40-4f32-adf9-f3898f2d2e58,2015-03-24 20:07:30,informant-PC, Microsoft-Windows-ReadyBoost ,Other,0,0,0,0,0,1,0,None,820,Microsoft-Windows-ReadyBoost/Operational,1019,0,0,0,0,0,0,0,0,0,1019,0x8000000000004000,0,0,0,1,0,0,0,2015-03-24 20:07:30,1427227650.0,20,7
2245380,59051,5a65d382-2bef-4c8e-95a1-f2783f8a3d1d,2015-03-24 20:07:30,informant-PC, Microsoft-Windows-ReadyBoost ,Other,0,0,0,0,0,1,0,None,820,Microsoft-Windows-ReadyBoost/Operational,1019,0,0,0,0,0,0,0,0,0,1019,0x8000000000004000,0,0,0,1,0,0,0,2015-03-24 20:07:30,1427227650.0,20,7
2245735,59017,a7ff1680-43c0-4eb3-9210-47d8e1550780,2015-03-24 20:13:06,informant-PC, Service Control Manager ,System,0,0,1,0,0,0,0,None,488,System,7036,0,0,0,0,0,0,0,0,0,0,0x8080000000000000,0,0,0,1,0,0,0,2015-03-24 20:13:06,1427227986.0,20,13
2245736,59017,24baf3d6-7752-4501-9e03-cd2feed3cd8c,2015-03-24 20:13:06,informant-PC, Service Control Manager ,System,0,0,1,0,0,0,0,None,488,System,7036,0,0,0,0,0,0,0,0,0,0,0x8080000000000000,0,0,0,1,0,0,0,2015-03-24 20:13:06,1427227986.0,20,13
2245737,59017,80bd91c9-2e85-4bf5-a82a-3230a3a550c2,2015-03-24 20:14:13,informant-PC, Service Control Manager ,System,0,0,1,0,0,0,0,None,488,System,7036,0,0,0,0,0,0,0,0,0,0,0x8080000000000000,0,0,0,1,0,0,0,2015-03-24 20:14:13,1427228053.0,20,14
2245738,59017,d3964cdf-7c71-4075-8fcb-c74ab5bb74a2,2015-03-24 20:14:13,informant-PC, Service Control Manager ,System,0,0,1,0,0,0,0,None,488,System,7036,0,0,0,0,0,0,0,0,0,0,0x8080000000000000,0,0,0,1,0,0,0,2015-03-24 20:14:13,1427228053.0,20,14
2245745,59017,a77ffa29-d0b4-470d-a84a-41fefb15c822,2015-03-24 20:14:50,informant-PC, Service Control Manager ,System,0,0,1,0,0,0,0,None,488,System,7036,0,0,0,0,0,0,0,0,0,0,0x8080000000000000,0,0,0,1,0,0,0,2015-03-24 20:14:50,1427228090.0,20,14
2245746,59017,d4390d7f-c458-4d9b-b8e7-e08cf345ffd7,2015-03-24 20:14:50,informant-PC, Service Control Manager ,System,0,0,1,0,0,0,0,None,488,System,7036,0,0,0,0,0,0,0,0,0,0,0x8080000000000000,0,0,0,1,0,0,0,2015-03-24 20:14:50,1427228090.0,20,14
2245779,59017,de76b715-a573-4925-a185-f4c7be3497ea,2015-03-24 20:19:13,informant-PC, Service Control Manager ,System,0,0,1,0,0,0,0,None,488,System,7036,0,0,0,0,0,0,0,0,0,0,0x8080000000000000,0,0,0,1,0,0,0,2015-03-24 20:19:13,1427228353.0,20,19
2245780,59017,7c565f59-e398-40cd-8d2f-e986ebf1ef52,2015-03-24 20:19:13,informant-PC, Service Control Manager ,System,0,0,1,0,0,0,0,None,488,System,7036,0,0,0,0,0,0,0,0,0,0,0x8080000000000000,0,0,0,1,0,0,0,2015-03-24 20:19:13,1427228353.0,20,19
2245781,59041,8cadb76e-4fcd-448e-beea-94229fbd9d8b,2015-03-24 20:21:37,informant-PC, Microsoft-Windows-BranchCacheSMB ,Other,0,0,0,0,0,1,0,None,820,Microsoft-Windows-BranchCacheSMB/Operational,3005,0,0,0,0,0,0,0,0,0,0,0x8000000000000800,0,0,0,1,0,0,0,2015-03-24 20:21:37,1427228497.0,20,21
2245782,59041,9772b50d-b86e-4f5a-b903-c477b53201bd,2015-03-24 20:21:37,informant-PC, Microsoft-Windows-BranchCacheSMB ,Other,0,0,0,0,0,1,0,None,820,Microsoft-Windows-BranchCacheSMB/Operational,3005,0,0,0,0,0,0,0,0,0,0,0x8000000000000800,0,0,0,1,0,0,0,2015-03-24 20:21:37,1427228497.0,20,21
2245783,59051,9b716bd9-cec6-4115-a609-dae39bb07a7f,2015-03-24 20:24:01,informant-PC, Microsoft-Windows-ReadyBoost ,Other,0,0,0,0,0,1,0,None,820,Microsoft-Windows-ReadyBoost/Operational,1019,0,0,0,0,0,0,0,0,0,1019,0x8000000000004000,0,0,0,1,0,0,0,2015-03-24 20:24:01,1427228641.0,20,24
2245784,59051,66f34025-9485-452c-9467-53fef59fe65f,2015-03-24 20:24:01,informant-PC, Microsoft-Windows-ReadyBoost ,Other,0,0,0,0,0,1,0,None,820,Microsoft-Windows-ReadyBoost/Operational,1019,0,0,0,0,0,0,0,0,0,1019,0x8000000000004000,0,0,0,1,0,0,0,2015-03-24 20:24:01,1427228641.0,20,24
2245813,59017,f305a32a-5c94-45ae-8dd4-f10e297abcda,2015-03-24 20:24:08,informant-PC, Service Control Manager ,System,0,0,1,0,0,0,0,None,488,System,7036,0,0,0,0,0,0,0,0,0,0,0x8080000000000000,0,0,0,1,0,0,0,2015-03-24 20:24:08,1427228648.0,20,24
2245814,59017,1920e300-cce1-49c0-961b-76269e756ea9,2015-03-24 20:24:08,informant-PC, Service Control Manager ,System,0,0,1,0,0,0,0,None,488,System,7036,0,0,0,0,0,0,0,0,0,0,0x8080000000000000,0,0,0,1,0,0,0,2015-03-24 20:24:08,1427228648.0,20,24
2245857,59017,09fb33f5-1638-493d-a22b-67f73c760214,2015-03-24 20:24:46,informant-PC, cdrom ,System,0,0,1,0,0,0,0,None,None,System,133,0,0,0,0,0,0,0,0,0,0,0x0080000000000000,0,0,0,0,0,0,0,2015-03-24 20:24:46,1427228686.0,20,24
2245858,59017,4a65dc1d-b538-466c-8e84-ca7aac41dfe0,2015-03-24 20:24:46,informant-PC, cdrom ,System,0,0,1,0,0,0,0,None,None,System,133,0,0,0,0,0,0,0,0,0,0,0x0080000000000000,0,0,0,0,0,0,0,2015-03-24 20:24:46,1427228686.0,20,24
2245906,59017,5c8c33e6-9483-46b0-bb87-f721b163f9c4,2015-03-24 20:31:25,informant-PC, Service Control Manager ,System,0,0,1,0,0,0,0,None,488,System,7036,0,0,0,0,0,0,0,0,0,0,0x8080000000000000,0,0,0,1,0,0,0,2015-03-24 20:31:25,1427229085.0,20,31
2245907,59017,31eb1053-fefd-433e-8baa-bf47e9bbed53,2015-03-24 20:31:25,informant-PC, Service Control Manager ,System,0,0,1,0,0,0,0,None,488,System,7036,0,0,0,0,0,0,0,0,0,0,0x8080000000000000,0,0,0,1,0,0,0,2015-03-24 20:31:25,1427229085.0,20,31
2245908,59017,10f534f7-ab61-465c-aeed-ff117737cf20,2015-03-24 20:31:52,informant-PC, Service Control Manager ,System,0,0,1,0,0,0,0,None,488,System,7036,0,0,0,0,0,0,0,0,0,0,0x8080000000000000,0,0,0,1,0,0,0,2015-03-24 20:31:52,1427229112.0,20,31
2245909,59017,11233bf2-8357-4580-9805-6921a894c7f2,2015-03-24 20:31:52,informant-PC, Service Control Manager ,System,0,0,1,0,0,0,0,None,488,System,7036,0,0,0,0,0,0,0,0,0,0,0x8080000000000000,0,0,0,1,0,0,0,2015-03-24 20:31:52,1427229112.0,20,31
2245949,59042,b001ae28-526d-4491-aafe-a2731f70c1d6,2015-03-24 20:37:45,informant-PC, Microsoft-Windows-GroupPolicy ,Other,0,0,0,0,0,1,0,None,888,Microsoft-Windows-GroupPolicy/Operational,4007,0,0,0,0,0,0,0,0,0,0,0x4000000000000000,0,0,1,0,0,0,0,2015-03-24 20:37:45,1427229465.0,20,37
2245950,59042,e0bd1e97-d45d-4bb6-bdcf-7dc20a21daa0,2015-03-24 20:37:45,informant-PC, Microsoft-Windows-GroupPolicy ,Other,0,0,0,0,0,1,0,None,888,Microsoft-Windows-GroupPolicy/Operational,4007,0,0,0,0,0,0,0,0,0,0,0x4000000000000000,0,0,1,0,0,0,0,2015-03-24 20:37:45,1427229465.0,20,37
2245951,59042,554fd51b-265a-484b-926c-8587c9076afa,2015-03-24 20:37:45,informant-PC, Microsoft-Windows-GroupPolicy ,Other,0,0,0,0,0,1,0,None,888,Microsoft-Windows-GroupPolicy/Operational,5311,0,0,0,0,0,0,0,0,0,0,0x4000000000000000,0,0,1,0,0,0,0,2015-03-24 20:37:45,1427229465.0,20,37
2245952,59042,73867046-89f0-4b91-8b64-34fd7a2ed7e0,2015-03-24 20:37:45,informant-PC, Microsoft-Windows-GroupPolicy ,Other,0,0,0,0,0,1,0,None,888,Microsoft-Windows-GroupPolicy/Operational,5311,0,0,0,0,0,0,0,0,0,0,0x4000000000000000,0,0,1,0,0,0,0,2015-03-24 20:37:45,1427229465.0,20,37
2245953,59042,194e1e57-f717-4fbf-855c-42715424f371,2015-03-24 20:37:45,informant-PC, Microsoft-Windows-GroupPolicy ,Other,0,0,0,0,0,1,0,None,888,Microsoft-Windows-GroupPolicy/Operational,5320,0,0,0,0,0,0,0,0,0,0,0x4000000000000000,0,0,1,0,0,0,0,2015-03-24 20:37:45,1427229465.0,20,37
2245954,59042,6cf4e7b0-41bd-4744-80ec-f61128400621,2015-03-24 20:37:45,informant-PC, Microsoft-Windows-GroupPolicy ,Other,0,0,0,0,0,1,0,None,888,Microsoft-Windows-GroupPolicy/Operational,5315,0,0,0,0,0,0,0,0,0,0,0x4000000000000000,0,0,1,0,0,0,0,2015-03-24 20:37:45,1427229465.0,20,37
2245955,59042,9533938d-45e2-43b1-8563-6b929d22bfad,2015-03-24 20:37:45,informant-PC, Microsoft-Windows-GroupPolicy ,Other,0,0,0,0,0,1,0,None,888,Microsoft-Windows-GroupPolicy/Operational,5312,0,0,0,0,0,0,0,0,0,0,0x4000000000000000,0,0,1,0,0,0,0,2015-03-24 20:37:45,1427229465.0,20,37
2245956,59042,145ea0f8-7413-41b6-81f4-d34c7e1f4051,2015-03-24 20:37:45,informant-PC, Microsoft-Windows-GroupPolicy ,Other,0,0,0,0,0,1,0,None,888,Microsoft-Windows-GroupPolicy/Operational,5320,0,0,0,0,0,0,0,0,0,0,0x4000000000000000,0,0,1,0,0,0,0,2015-03-24 20:37:45,1427229465.0,20,37
2245957,59042,19fc67ba-d5ad-4e5c-a3f8-96e50c906a08,2015-03-24 20:37:45,informant-PC, Microsoft-Windows-GroupPolicy ,Other,0,0,0,0,0,1,0,None,888,Microsoft-Windows-GroupPolicy/Operational,5315,0,0,0,0,0,0,0,0,0,0,0x4000000000000000,0,0,1,0,0,0,0,2015-03-24 20:37:45,1427229465.0,20,37
2245958,59042,feb2917e-83cb-4811-86da-785096f417af,2015-03-24 20:37:45,informant-PC, Microsoft-Windows-GroupPolicy ,Other,0,0,0,0,0,1,0,None,888,Microsoft-Windows-GroupPolicy/Operational,5313,0,0,0,0,0,0,0,0,0,0,0x4000000000000000,0,0,1,0,0,0,0,2015-03-24 20:37:45,1427229465.0,20,37
2245959,59042,34b306b4-f6f1-4ba5-8395-e66466453b59,2015-03-24 20:37:45,informant-PC, Microsoft-Windows-GroupPolicy ,Other,0,0,0,0,0,1,0,None,888,Microsoft-Windows-GroupPolicy/Operational,5320,0,0,0,0,0,0,0,0,0,0,0x4000000000000000,0,0,1,0,0,0,0,2015-03-24 20:37:45,1427229465.0,20,37
2245960,59042,f4b03383-842b-47b8-8c32-03745ab4d62d,2015-03-24 20:37:45,informant-PC, Microsoft-Windows-GroupPolicy ,Other,0,0,0,0,0,1,0,None,888,Microsoft-Windows-GroupPolicy/Operational,8007,0,0,0,0,0,0,0,0,0,0,0x4000000000000000,0,0,1,0,0,0,0,2015-03-24 20:37:45,1427229465.0,20,37
