2157241,22038,974f02fa-37b4-4159-aaf8-2380b7a2b878,2015-03-24 15:11:36,informant-PC, Microsoft-Windows-WindowsSystemAssessmentTool ,Other,0,0,0,0,0,1,0,None,1556,Microsoft-Windows-WindowsSystemAssessmentTool/Operational,9,0,0,0,0,0,0,0,0,0,1,0x8000000000000000,0,0,0,1,0,0,0,2015-03-24 15:11:36,1427209896.0,15,11
2157242,22038,0171b362-51cc-4354-8b50-0a7cae248132,2015-03-24 15:11:36,informant-PC, Microsoft-Windows-WindowsSystemAssessmentTool ,Other,0,0,0,0,0,1,0,None,1556,Microsoft-Windows-WindowsSystemAssessmentTool/Operational,9,0,0,0,0,0,0,0,0,0,1,0x8000000000000000,0,0,0,1,0,0,0,2015-03-24 15:11:36,1427209896.0,15,11
2157243,22038,9a6365df-a6e5-4eb4-adab-459772059e35,2015-03-24 15:11:36,informant-PC, Microsoft-Windows-WindowsSystemAssessmentTool ,Other,0,0,0,0,0,1,0,None,1556,Microsoft-Windows-WindowsSystemAssessmentTool/Operational,9,0,0,0,0,0,0,0,0,0,1,0x8000000000000000,0,0,0,1,0,0,0,2015-03-24 15:11:36,1427209896.0,15,11
2157244,22038,1f151d1f-8cfc-4bbb-9ba1-93cd8cacb541,2015-03-24 15:11:36,informant-PC, Microsoft-Windows-WindowsSystemAssessmentTool ,Other,0,0,0,0,0,1,0,None,1556,Microsoft-Windows-WindowsSystemAssessmentTool/Operational,10,0,0,0,0,0,0,0,0,0,1,0x8000000000000000,0,0,0,1,0,0,0,2015-03-24 15:11:36,1427209896.0,15,11
2157245,22038,79ae05b2-6f75-490a-93ce-b4b440521960,2015-03-24 15:11:36,informant-PC, Microsoft-Windows-WindowsSystemAssessmentTool ,Other,0,0,0,0,0,1,0,None,1556,Microsoft-Windows-WindowsSystemAssessmentTool/Operational,10,0,0,0,0,0,0,0,0,0,1,0x8000000000000000,0,0,0,1,0,0,0,2015-03-24 15:11:36,1427209896.0,15,11
2157247,22038,7e30b334-ed08-4c73-81d9-50e1111ee246,2015-03-24 15:11:36,informant-PC, Microsoft-Windows-WindowsSystemAssessmentTool ,Other,0,0,0,0,0,1,0,None,1556,Microsoft-Windows-WindowsSystemAssessmentTool/Operational,9,0,0,0,0,0,0,0,0,0,1,0x8000000000000000,0,0,0,1,0,0,0,2015-03-24 15:11:36,1427209896.0,15,11
2157248,22038,caabc7e3-bff8-42dc-a34b-a982114cef9e,2015-03-24 15:11:36,informant-PC, Microsoft-Windows-WindowsSystemAssessmentTool ,Other,0,0,0,0,0,1,0,None,1556,Microsoft-Windows-WindowsSystemAssessmentTool/Operational,10,0,0,0,0,0,0,0,0,0,1,0x8000000000000000,0,0,0,1,0,0,0,2015-03-24 15:11:36,1427209896.0,15,11
2157250,22038,670d5732-b744-4741-86d8-aecdff04cf6e,2015-03-24 15:11:36,informant-PC, Microsoft-Windows-WindowsSystemAssessmentTool ,Other,0,0,0,0,0,1,0,None,1556,Microsoft-Windows-WindowsSystemAssessmentTool/Operational,10,0,0,0,0,0,0,0,0,0,1,0x8000000000000000,0,0,0,1,0,0,0,2015-03-24 15:11:36,1427209896.0,15,11
2157251,22038,8595c821-4e8c-4313-bbc5-73747a937d06,2015-03-24 15:11:36,informant-PC, Microsoft-Windows-WindowsSystemAssessmentTool ,Other,0,0,0,0,0,1,0,None,1556,Microsoft-Windows-WindowsSystemAssessmentTool/Operational,10,0,0,0,0,0,0,0,0,0,1,0x8000000000000000,0,0,0,1,0,0,0,2015-03-24 15:11:36,1427209896.0,15,11
2157252,22038,70884b1c-b5c2-480e-a815-fc7c4e623a89,2015-03-24 15:11:36,informant-PC, Microsoft-Windows-WindowsSystemAssessmentTool ,Other,0,0,0,0,0,1,0,None,1556,Microsoft-Windows-WindowsSystemAssessmentTool/Operational,10,0,0,0,0,0,0,0,0,0,1,0x8000000000000000,0,0,0,1,0,0,0,2015-03-24 15:11:36,1427209896.0,15,11
2157253,22038,1936119d-ebbf-4978-af4f-d305920c6c87,2015-03-24 15:11:36,informant-PC, Microsoft-Windows-WindowsSystemAssessmentTool ,Other,0,0,0,0,0,1,0,None,1556,Microsoft-Windows-WindowsSystemAssessmentTool/Operational,9,0,0,0,0,0,0,0,0,0,1,0x8000000000000000,0,0,0,1,0,0,0,2015-03-24 15:11:36,1427209896.0,15,11
2157254,22038,ba81b40d-df58-4b15-915d-334d5b06267d,2015-03-24 15:11:36,informant-PC, Microsoft-Windows-WindowsSystemAssessmentTool ,Other,0,0,0,0,0,1,0,None,1556,Microsoft-Windows-WindowsSystemAssessmentTool/Operational,9,0,0,0,0,0,0,0,0,0,1,0x8000000000000000,0,0,0,1,0,0,0,2015-03-24 15:11:36,1427209896.0,15,11
2157255,22038,d12288b8-3a54-4a9f-83f2-37563ebfc53f,2015-03-24 15:11:36,informant-PC, Microsoft-Windows-WindowsSystemAssessmentTool ,Other,0,0,0,0,0,1,0,None,1556,Microsoft-Windows-WindowsSystemAssessmentTool/Operational,10,0,0,0,0,0,0,0,0,0,1,0x8000000000000000,0,0,0,1,0,0,0,2015-03-24 15:11:36,1427209896.0,15,11
2157256,22038,0e3fda86-1d67-4cfe-8b5f-badbb6572783,2015-03-24 15:11:36,informant-PC, Microsoft-Windows-WindowsSystemAssessmentTool ,Other,0,0,0,0,0,1,0,None,1556,Microsoft-Windows-WindowsSystemAssessmentTool/Operational,10,0,0,0,0,0,0,0,0,0,1,0x8000000000000000,0,0,0,1,0,0,0,2015-03-24 15:11:36,1427209896.0,15,11
2157257,22038,34c6c6ac-fb24-4aa7-97be-f31234fbc8f5,2015-03-24 15:11:36,informant-PC, Microsoft-Windows-WindowsSystemAssessmentTool ,Other,0,0,0,0,0,1,0,None,1556,Microsoft-Windows-WindowsSystemAssessmentTool/Operational,10,0,0,0,0,0,0,0,0,0,1,0x8000000000000000,0,0,0,1,0,0,0,2015-03-24 15:11:36,1427209896.0,15,11
2157258,22038,75f6af45-3645-4b9a-abd3-f23a2acefa07,2015-03-24 15:11:36,informant-PC, Microsoft-Windows-WindowsSystemAssessmentTool ,Other,0,0,0,0,0,1,0,None,1556,Microsoft-Windows-WindowsSystemAssessmentTool/Operational,9,0,0,0,0,0,0,0,0,0,1,0x8000000000000000,0,0,0,1,0,0,0,2015-03-24 15:11:36,1427209896.0,15,11
2157259,22038,eb91057f-a22e-4a1b-a531-af83f1a43be4,2015-03-24 15:11:36,informant-PC, Microsoft-Windows-WindowsSystemAssessmentTool ,Other,0,0,0,0,0,1,0,None,1556,Microsoft-Windows-WindowsSystemAssessmentTool/Operational,10,0,0,0,0,0,0,0,0,0,1,0x8000000000000000,0,0,0,1,0,0,0,2015-03-24 15:11:36,1427209896.0,15,11
2157260,22038,e3a3de21-32fe-46c7-b992-e39af0138fe9,2015-03-24 15:11:36,informant-PC, Microsoft-Windows-WindowsSystemAssessmentTool ,Other,0,0,0,0,0,1,0,None,1556,Microsoft-Windows-WindowsSystemAssessmentTool/Operational,9,0,0,0,0,0,0,0,0,0,1,0x8000000000000000,0,0,0,1,0,0,0,2015-03-24 15:11:36,1427209896.0,15,11
2157261,22038,8e45e939-08ea-4099-a714-021fb9e5668f,2015-03-24 15:11:36,informant-PC, Microsoft-Windows-WindowsSystemAssessmentTool ,Other,0,0,0,0,0,1,0,None,1556,Microsoft-Windows-WindowsSystemAssessmentTool/Operational,10,0,0,0,0,0,0,0,0,0,1,0x8000000000000000,0,0,0,1,0,0,0,2015-03-24 15:11:36,1427209896.0,15,11
2157262,22038,92d1dfd7-bbac-45cc-9784-ae15c3c9d8f0,2015-03-24 15:11:36,informant-PC, Microsoft-Windows-WindowsSystemAssessmentTool ,Other,0,0,0,0,0,1,0,None,1556,Microsoft-Windows-WindowsSystemAssessmentTool/Operational,9,0,0,0,0,0,0,0,0,0,1,0x8000000000000000,0,0,0,1,0,0,0,2015-03-24 15:11:36,1427209896.0,15,11
2157263,22038,835ba28c-2c17-41ca-9ec6-45860ae24aba,2015-03-24 15:11:36,informant-PC, Microsoft-Windows-WindowsSystemAssessmentTool ,Other,0,0,0,0,0,1,0,None,1556,Microsoft-Windows-WindowsSystemAssessmentTool/Operational,9,0,0,0,0,0,0,0,0,0,1,0x8000000000000000,0,0,0,1,0,0,0,2015-03-24 15:11:36,1427209896.0,15,11
2157264,22038,c45194e3-0f4f-4055-8210-35cc2118a2dc,2015-03-24 15:11:36,informant-PC, Microsoft-Windows-WindowsSystemAssessmentTool ,Other,0,0,0,0,0,1,0,None,1556,Microsoft-Windows-WindowsSystemAssessmentTool/Operational,9,0,0,0,0,0,0,0,0,0,1,0x8000000000000000,0,0,0,1,0,0,0,2015-03-24 15:11:36,1427209896.0,15,11
2157265,22038,9fb7d84a-6b31-48ba-9180-6f35637093f7,2015-03-24 15:11:36,informant-PC, Microsoft-Windows-WindowsSystemAssessmentTool ,Other,0,0,0,0,0,1,0,None,1556,Microsoft-Windows-WindowsSystemAssessmentTool/Operational,9,0,0,0,0,0,0,0,0,0,1,0x8000000000000000,0,0,0,1,0,0,0,2015-03-24 15:11:36,1427209896.0,15,11
2157266,22038,349a9474-1755-41ba-9d24-bc827ba96bc1,2015-03-24 15:11:36,informant-PC, Microsoft-Windows-WindowsSystemAssessmentTool ,Other,0,0,0,0,0,1,0,None,1556,Microsoft-Windows-WindowsSystemAssessmentTool/Operational,10,0,0,0,0,0,0,0,0,0,1,0x8000000000000000,0,0,0,1,0,0,0,2015-03-24 15:11:36,1427209896.0,15,11
2157267,22038,178e322a-d04b-413d-b49e-3f95a10911ba,2015-03-24 15:11:36,informant-PC, Microsoft-Windows-WindowsSystemAssessmentTool ,Other,0,0,0,0,0,1,0,None,1556,Microsoft-Windows-WindowsSystemAssessmentTool/Operational,10,0,0,0,0,0,0,0,0,0,1,0x8000000000000000,0,0,0,1,0,0,0,2015-03-24 15:11:36,1427209896.0,15,11
2157276,59017,87dc064f-5c0f-4973-a3fc-d3bdedec0ab5,2015-03-24 15:11:36,informant-PC, Service Control Manager ,System,0,0,1,0,0,0,0,None,488,System,7036,0,0,0,0,0,0,0,0,0,0,0x8080000000000000,0,0,0,1,0,0,0,2015-03-24 15:11:36,1427209896.0,15,11
2157277,59017,3e931a5e-3921-4adf-91fa-417558f101c7,2015-03-24 15:11:36,informant-PC, Service Control Manager ,System,0,0,1,0,0,0,0,None,488,System,7036,0,0,0,0,0,0,0,0,0,0,0x8080000000000000,0,0,0,1,0,0,0,2015-03-24 15:11:36,1427209896.0,15,11
2157344,22038,5f3227fa-7035-4f1c-add0-a20e4bd499fa,2015-03-24 15:11:42,informant-PC, Microsoft-Windows-WindowsSystemAssessmentTool ,Other,0,0,0,0,0,1,0,None,1556,Microsoft-Windows-WindowsSystemAssessmentTool/Operational,9,0,0,0,0,0,0,0,0,0,1,0x8000000000000000,0,0,0,1,0,0,0,2015-03-24 15:11:42,1427209902.0,15,11
2157345,22038,5295d329-acc5-4541-b736-5b0737d6bf40,2015-03-24 15:11:42,informant-PC, Microsoft-Windows-WindowsSystemAssessmentTool ,Other,0,0,0,0,0,1,0,None,1556,Microsoft-Windows-WindowsSystemAssessmentTool/Operational,10,0,0,0,0,0,0,0,0,0,1,0x8000000000000000,0,0,0,1,0,0,0,2015-03-24 15:11:42,1427209902.0,15,11
2157346,22038,143467c7-13fe-4d50-b22a-38f32680664f,2015-03-24 15:11:42,informant-PC, Microsoft-Windows-WindowsSystemAssessmentTool ,Other,0,0,0,0,0,1,0,None,1556,Microsoft-Windows-WindowsSystemAssessmentTool/Operational,9,0,0,0,0,0,0,0,0,0,1,0x8000000000000000,0,0,0,1,0,0,0,2015-03-24 15:11:42,1427209902.0,15,11
2157347,22038,048c7441-6380-493d-a764-27494e0719bd,2015-03-24 15:11:42,informant-PC, Microsoft-Windows-WindowsSystemAssessmentTool ,Other,0,0,0,0,0,1,0,None,1556,Microsoft-Windows-WindowsSystemAssessmentTool/Operational,10,0,0,0,0,0,0,0,0,0,1,0x8000000000000000,0,0,0,1,0,0,0,2015-03-24 15:11:42,1427209902.0,15,11
2157348,22038,2d488e12-d7b6-4072-9a36-37c34c15b1bb,2015-03-24 15:11:42,informant-PC, Microsoft-Windows-WindowsSystemAssessmentTool ,Other,0,0,0,0,0,1,0,None,1556,Microsoft-Windows-WindowsSystemAssessmentTool/Operational,10,0,0,0,0,0,0,0,0,0,1,0x8000000000000000,0,0,0,1,0,0,0,2015-03-24 15:11:42,1427209902.0,15,11
2157349,22038,86705b78-65ff-4d38-826f-c33c98e6853d,2015-03-24 15:11:42,informant-PC, Microsoft-Windows-WindowsSystemAssessmentTool ,Other,0,0,0,0,0,1,0,None,1556,Microsoft-Windows-WindowsSystemAssessmentTool/Operational,9,0,0,0,0,0,0,0,0,0,1,0x8000000000000000,0,0,0,1,0,0,0,2015-03-24 15:11:42,1427209902.0,15,11
2157350,22038,e5f3b55a-d052-4e98-8a04-5df2eec2ef3d,2015-03-24 15:11:42,informant-PC, Microsoft-Windows-WindowsSystemAssessmentTool ,Other,0,0,0,0,0,1,0,None,1556,Microsoft-Windows-WindowsSystemAssessmentTool/Operational,10,0,0,0,0,0,0,0,0,0,1,0x8000000000000000,0,0,0,1,0,0,0,2015-03-24 15:11:42,1427209902.0,15,11
2157351,22038,0595a376-fa8c-42e0-9cb4-c62d8fc4cfe1,2015-03-24 15:11:42,informant-PC, Microsoft-Windows-WindowsSystemAssessmentTool ,Other,0,0,0,0,0,1,0,None,1556,Microsoft-Windows-WindowsSystemAssessmentTool/Operational,9,0,0,0,0,0,0,0,0,0,1,0x8000000000000000,0,0,0,1,0,0,0,2015-03-24 15:11:42,1427209902.0,15,11
2157352,22038,6caa7b61-2a64-4669-93a5-a4805544804b,2015-03-24 15:11:42,informant-PC, Microsoft-Windows-WindowsSystemAssessmentTool ,Other,0,0,0,0,0,1,0,None,1556,Microsoft-Windows-WindowsSystemAssessmentTool/Operational,10,0,0,0,0,0,0,0,0,0,1,0x8000000000000000,0,0,0,1,0,0,0,2015-03-24 15:11:42,1427209902.0,15,11
2157353,22038,b375013c-3f66-4337-bed3-c5e53fe31037,2015-03-24 15:11:42,informant-PC, Microsoft-Windows-WindowsSystemAssessmentTool ,Other,0,0,0,0,0,1,0,None,1556,Microsoft-Windows-WindowsSystemAssessmentTool/Operational,9,0,0,0,0,0,0,0,0,0,1,0x8000000000000000,0,0,0,1,0,0,0,2015-03-24 15:11:42,1427209902.0,15,11
2157354,22038,3063d8e1-f255-4aea-9f8d-53739d8f82a6,2015-03-24 15:11:42,informant-PC, Microsoft-Windows-WindowsSystemAssessmentTool ,Other,0,0,0,0,0,1,0,None,1556,Microsoft-Windows-WindowsSystemAssessmentTool/Operational,10,0,0,0,0,0,0,0,0,0,1,0x8000000000000000,0,0,0,1,0,0,0,2015-03-24 15:11:42,1427209902.0,15,11
2157355,22038,465fb39a-bf18-4609-8071-9c08433830ea,2015-03-24 15:11:42,informant-PC, Microsoft-Windows-WindowsSystemAssessmentTool ,Other,0,0,0,0,0,1,0,None,1556,Microsoft-Windows-WindowsSystemAssessmentTool/Operational,10,0,0,0,0,0,0,0,0,0,1,0x8000000000000000,0,0,0,1,0,0,0,2015-03-24 15:11:42,1427209902.0,15,11
2157356,22038,b50010be-9599-475d-a250-49920922fc91,2015-03-24 15:11:42,informant-PC, Microsoft-Windows-WindowsSystemAssessmentTool ,Other,0,0,0,0,0,1,0,None,1556,Microsoft-Windows-WindowsSystemAssessmentTool/Operational,10,0,0,0,0,0,0,0,0,0,1,0x8000000000000000,0,0,0,1,0,0,0,2015-03-24 15:11:42,1427209902.0,15,11
2157357,22038,b5a86f87-af7c-4e4d-918d-f82130eb5393,2015-03-24 15:11:42,informant-PC, Microsoft-Windows-WindowsSystemAssessmentTool ,Other,0,0,0,0,0,1,0,None,1556,Microsoft-Windows-WindowsSystemAssessmentTool/Operational,10,0,0,0,0,0,0,0,0,0,1,0x8000000000000000,0,0,0,1,0,0,0,2015-03-24 15:11:42,1427209902.0,15,11
2157358,22038,6c0b5480-21e7-40db-9712-c87e65b9c2d8,2015-03-24 15:11:42,informant-PC, Microsoft-Windows-WindowsSystemAssessmentTool ,Other,0,0,0,0,0,1,0,None,1556,Microsoft-Windows-WindowsSystemAssessmentTool/Operational,9,0,0,0,0,0,0,0,0,0,1,0x8000000000000000,0,0,0,1,0,0,0,2015-03-24 15:11:42,1427209902.0,15,11
2157359,22038,280004a6-d380-4bde-b776-f1ef40642874,2015-03-24 15:11:42,informant-PC, Microsoft-Windows-WindowsSystemAssessmentTool ,Other,0,0,0,0,0,1,0,None,1556,Microsoft-Windows-WindowsSystemAssessmentTool/Operational,9,0,0,0,0,0,0,0,0,0,1,0x8000000000000000,0,0,0,1,0,0,0,2015-03-24 15:11:42,1427209902.0,15,11
2157360,22038,1111411c-0381-4d7a-a3c7-77f021a6c8f8,2015-03-24 15:11:42,informant-PC, Microsoft-Windows-WindowsSystemAssessmentTool ,Other,0,0,0,0,0,1,0,None,1556,Microsoft-Windows-WindowsSystemAssessmentTool/Operational,10,0,0,0,0,0,0,0,0,0,1,0x8000000000000000,0,0,0,1,0,0,0,2015-03-24 15:11:42,1427209902.0,15,11
2157361,22038,585fd743-551d-4386-9e3a-d35248c5e626,2015-03-24 15:11:42,informant-PC, Microsoft-Windows-WindowsSystemAssessmentTool ,Other,0,0,0,0,0,1,0,None,1556,Microsoft-Windows-WindowsSystemAssessmentTool/Operational,9,0,0,0,0,0,0,0,0,0,1,0x8000000000000000,0,0,0,1,0,0,0,2015-03-24 15:11:42,1427209902.0,15,11
2157362,22038,fb506117-6b8d-4ec9-a8ac-db04852948fc,2015-03-24 15:11:42,informant-PC, Microsoft-Windows-WindowsSystemAssessmentTool ,Other,0,0,0,0,0,1,0,None,1556,Microsoft-Windows-WindowsSystemAssessmentTool/Operational,9,0,0,0,0,0,0,0,0,0,1,0x8000000000000000,0,0,0,1,0,0,0,2015-03-24 15:11:42,1427209902.0,15,11
2157363,22038,8caadc97-5e1a-423f-bda2-4a2b43ecc971,2015-03-24 15:11:42,informant-PC, Microsoft-Windows-WindowsSystemAssessmentTool ,Other,0,0,0,0,0,1,0,None,1556,Microsoft-Windows-WindowsSystemAssessmentTool/Operational,9,0,0,0,0,0,0,0,0,0,1,0x8000000000000000,0,0,0,1,0,0,0,2015-03-24 15:11:42,1427209902.0,15,11
2157364,22038,086c3a84-d78f-4566-bf32-d67b3d90aa5d,2015-03-24 15:11:42,informant-PC, Microsoft-Windows-WindowsSystemAssessmentTool ,Other,0,0,0,0,0,1,0,None,1556,Microsoft-Windows-WindowsSystemAssessmentTool/Operational,9,0,0,0,0,0,0,0,0,0,1,0x8000000000000000,0,0,0,1,0,0,0,2015-03-24 15:11:42,1427209902.0,15,11
2157365,22038,070950a8-e2e2-41c5-9442-e22f1cfe343c,2015-03-24 15:11:42,informant-PC, Microsoft-Windows-WindowsSystemAssessmentTool ,Other,0,0,0,0,0,1,0,None,1556,Microsoft-Windows-WindowsSystemAssessmentTool/Operational,9,0,0,0,0,0,0,0,0,0,1,0x8000000000000000,0,0,0,1,0,0,0,2015-03-24 15:11:42,1427209902.0,15,11
2157366,22038,df98b752-549b-498d-9a39-6edb1f0e7d86,2015-03-24 15:11:42,informant-PC, Microsoft-Windows-WindowsSystemAssessmentTool ,Other,0,0,0,0,0,1,0,None,1556,Microsoft-Windows-WindowsSystemAssessmentTool/Operational,9,0,0,0,0,0,0,0,0,0,1,0x8000000000000000,0,0,0,1,0,0,0,2015-03-24 15:11:42,1427209902.0,15,11
2157367,22038,d81152cc-0831-4cfa-9866-a8420e458704,2015-03-24 15:11:42,informant-PC, Microsoft-Windows-WindowsSystemAssessmentTool ,Other,0,0,0,0,0,1,0,None,1556,Microsoft-Windows-WindowsSystemAssessmentTool/Operational,9,0,0,0,0,0,0,0,0,0,1,0x8000000000000000,0,0,0,1,0,0,0,2015-03-24 15:11:42,1427209902.0,15,11
2157368,22038,6659f5d7-67f2-40ce-98d5-915475f12b57,2015-03-24 15:11:42,informant-PC, Microsoft-Windows-WindowsSystemAssessmentTool ,Other,0,0,0,0,0,1,0,None,1556,Microsoft-Windows-WindowsSystemAssessmentTool/Operational,10,0,0,0,0,0,0,0,0,0,1,0x8000000000000000,0,0,0,1,0,0,0,2015-03-24 15:11:42,1427209902.0,15,11
2157369,22038,f48223ce-01c2-4fda-a359-1e4dcb0f3acb,2015-03-24 15:11:42,informant-PC, Microsoft-Windows-WindowsSystemAssessmentTool ,Other,0,0,0,0,0,1,0,None,1556,Microsoft-Windows-WindowsSystemAssessmentTool/Operational,10,0,0,0,0,0,0,0,0,0,1,0x8000000000000000,0,0,0,1,0,0,0,2015-03-24 15:11:42,1427209902.0,15,11
2157370,22038,4273c0a4-51a5-4853-8e6a-164dab5b8ba4,2015-03-24 15:11:42,informant-PC, Microsoft-Windows-WindowsSystemAssessmentTool ,Other,0,0,0,0,0,1,0,None,1556,Microsoft-Windows-WindowsSystemAssessmentTool/Operational,10,0,0,0,0,0,0,0,0,0,1,0x8000000000000000,0,0,0,1,0,0,0,2015-03-24 15:11:42,1427209902.0,15,11
2157371,22038,fe4415bb-0645-44cb-8827-e44d5f8c0888,2015-03-24 15:11:42,informant-PC, Microsoft-Windows-WindowsSystemAssessmentTool ,Other,0,0,0,0,0,1,0,None,1556,Microsoft-Windows-WindowsSystemAssessmentTool/Operational,10,0,0,0,0,0,0,0,0,0,1,0x8000000000000000,0,0,0,1,0,0,0,2015-03-24 15:11:42,1427209902.0,15,11
2157406,22038,8c986f51-db5b-45fd-ad83-35e4e0ff74a1,2015-03-24 15:11:49,informant-PC, Microsoft-Windows-WindowsSystemAssessmentTool ,Other,0,0,0,0,0,1,0,None,1556,Microsoft-Windows-WindowsSystemAssessmentTool/Operational,10,0,0,0,0,0,0,0,0,0,1,0x8000000000000000,0,0,0,1,0,0,0,2015-03-24 15:11:49,1427209909.0,15,11
2157407,22038,7aa66840-f35a-4f70-bc42-97e3fb824b81,2015-03-24 15:11:49,informant-PC, Microsoft-Windows-WindowsSystemAssessmentTool ,Other,0,0,0,0,0,1,0,None,1556,Microsoft-Windows-WindowsSystemAssessmentTool/Operational,9,0,0,0,0,0,0,0,0,0,1,0x8000000000000000,0,0,0,1,0,0,0,2015-03-24 15:11:49,1427209909.0,15,11
2157408,22038,75ba7032-5705-4a10-8b54-4ab9a271b41b,2015-03-24 15:11:49,informant-PC, Microsoft-Windows-WindowsSystemAssessmentTool ,Other,0,0,0,0,0,1,0,None,1556,Microsoft-Windows-WindowsSystemAssessmentTool/Operational,9,0,0,0,0,0,0,0,0,0,1,0x8000000000000000,0,0,0,1,0,0,0,2015-03-24 15:11:49,1427209909.0,15,11
2157409,22038,01eaaa0c-211f-4214-80cc-4f409a48fa6c,2015-03-24 15:11:49,informant-PC, Microsoft-Windows-WindowsSystemAssessmentTool ,Other,0,0,0,0,0,1,0,None,1556,Microsoft-Windows-WindowsSystemAssessmentTool/Operational,10,0,0,0,0,0,0,0,0,0,1,0x8000000000000000,0,0,0,1,0,0,0,2015-03-24 15:11:49,1427209909.0,15,11
2157410,22038,6dc12cb7-35ee-44a7-801f-f1b7aaf5df42,2015-03-24 15:11:49,informant-PC, Microsoft-Windows-WindowsSystemAssessmentTool ,Other,0,0,0,0,0,1,0,None,1556,Microsoft-Windows-WindowsSystemAssessmentTool/Operational,9,0,0,0,0,0,0,0,0,0,1,0x8000000000000000,0,0,0,1,0,0,0,2015-03-24 15:11:49,1427209909.0,15,11
2157412,22038,074e2c8f-54b4-4414-87f9-a2da1db8396f,2015-03-24 15:11:49,informant-PC, Microsoft-Windows-WindowsSystemAssessmentTool ,Other,0,0,0,0,0,1,0,None,1556,Microsoft-Windows-WindowsSystemAssessmentTool/Operational,10,0,0,0,0,0,0,0,0,0,1,0x8000000000000000,0,0,0,1,0,0,0,2015-03-24 15:11:49,1427209909.0,15,11
2157413,22038,aa592b3a-4703-4ea8-8e49-7d39b69c3fa4,2015-03-24 15:11:49,informant-PC, Microsoft-Windows-WindowsSystemAssessmentTool ,Other,0,0,0,0,0,1,0,None,1556,Microsoft-Windows-WindowsSystemAssessmentTool/Operational,10,0,0,0,0,0,0,0,0,0,1,0x8000000000000000,0,0,0,1,0,0,0,2015-03-24 15:11:49,1427209909.0,15,11
2157414,22038,de252986-dceb-4597-b057-a160b68112f2,2015-03-24 15:11:49,informant-PC, Microsoft-Windows-WindowsSystemAssessmentTool ,Other,0,0,0,0,0,1,0,None,1556,Microsoft-Windows-WindowsSystemAssessmentTool/Operational,9,0,0,0,0,0,0,0,0,0,1,0x8000000000000000,0,0,0,1,0,0,0,2015-03-24 15:11:49,1427209909.0,15,11
2157416,22038,e0d26cb4-d538-4019-ba41-10b353cad97d,2015-03-24 15:12:00,informant-PC, Microsoft-Windows-WindowsSystemAssessmentTool ,Other,0,0,0,0,0,1,0,None,1556,Microsoft-Windows-WindowsSystemAssessmentTool/Operational,9,0,0,0,0,0,0,0,0,0,1,0x8000000000000000,0,0,0,1,0,0,0,2015-03-24 15:12:00,1427209920.0,15,12
2157417,22038,7a700a7a-b554-4e37-bf7d-682ac3803f6a,2015-03-24 15:12:00,informant-PC, Microsoft-Windows-WindowsSystemAssessmentTool ,Other,0,0,0,0,0,1,0,None,1556,Microsoft-Windows-WindowsSystemAssessmentTool/Operational,10,0,0,0,0,0,0,0,0,0,1,0x8000000000000000,0,0,0,1,0,0,0,2015-03-24 15:12:00,1427209920.0,15,12
2157418,22038,918620f6-4f71-4865-b705-274b2b4ec12c,2015-03-24 15:12:00,informant-PC, Microsoft-Windows-WindowsSystemAssessmentTool ,Other,0,0,0,0,0,1,0,None,1556,Microsoft-Windows-WindowsSystemAssessmentTool/Operational,10,0,0,0,0,0,0,0,0,0,1,0x8000000000000000,0,0,0,1,0,0,0,2015-03-24 15:12:00,1427209920.0,15,12
2157419,22038,4bb476df-5039-47c9-b14b-1596894ff8b3,2015-03-24 15:12:00,informant-PC, Microsoft-Windows-WindowsSystemAssessmentTool ,Other,0,0,0,0,0,1,0,None,1556,Microsoft-Windows-WindowsSystemAssessmentTool/Operational,9,0,0,0,0,0,0,0,0,0,1,0x8000000000000000,0,0,0,1,0,0,0,2015-03-24 15:12:00,1427209920.0,15,12
2157420,22038,eac6c18b-ed2c-4134-9f29-1a8daed1d5c5,2015-03-24 15:12:10,informant-PC, Microsoft-Windows-WindowsSystemAssessmentTool ,Other,0,0,0,0,0,1,0,None,1556,Microsoft-Windows-WindowsSystemAssessmentTool/Operational,10,0,0,0,0,0,0,0,0,0,1,0x8000000000000000,0,0,0,1,0,0,0,2015-03-24 15:12:10,1427209930.0,15,12
2157421,22038,287b1b5c-4edf-47dc-ad60-a5de863119f8,2015-03-24 15:12:10,informant-PC, Microsoft-Windows-WindowsSystemAssessmentTool ,Other,0,0,0,0,0,1,0,None,1556,Microsoft-Windows-WindowsSystemAssessmentTool/Operational,10,0,0,0,0,0,0,0,0,0,1,0x8000000000000000,0,0,0,1,0,0,0,2015-03-24 15:12:10,1427209930.0,15,12
2157422,22038,fe21989c-df91-4dc1-8d14-30605f36f919,2015-03-24 15:12:10,informant-PC, Microsoft-Windows-WindowsSystemAssessmentTool ,Other,0,0,0,0,0,1,0,None,1556,Microsoft-Windows-WindowsSystemAssessmentTool/Operational,9,0,0,0,0,0,0,0,0,0,1,0x8000000000000000,0,0,0,1,0,0,0,2015-03-24 15:12:10,1427209930.0,15,12
2157423,22038,e1183b39-78af-4006-b22c-84c1a044f47a,2015-03-24 15:12:10,informant-PC, Microsoft-Windows-WindowsSystemAssessmentTool ,Other,0,0,0,0,0,1,0,None,1556,Microsoft-Windows-WindowsSystemAssessmentTool/Operational,9,0,0,0,0,0,0,0,0,0,1,0x8000000000000000,0,0,0,1,0,0,0,2015-03-24 15:12:10,1427209930.0,15,12
2157424,22038,08bb32aa-6306-4098-8c59-c9fa1063a9ec,2015-03-24 15:12:20,informant-PC, Microsoft-Windows-WindowsSystemAssessmentTool ,Other,0,0,0,0,0,1,0,None,1556,Microsoft-Windows-WindowsSystemAssessmentTool/Operational,9,0,0,0,0,0,0,0,0,0,1,0x8000000000000000,0,0,0,1,0,0,0,2015-03-24 15:12:20,1427209940.0,15,12
2157425,22038,0f274ec8-fd42-48fd-bbc1-d228d4efada8,2015-03-24 15:12:20,informant-PC, Microsoft-Windows-WindowsSystemAssessmentTool ,Other,0,0,0,0,0,1,0,None,1556,Microsoft-Windows-WindowsSystemAssessmentTool/Operational,9,0,0,0,0,0,0,0,0,0,1,0x8000000000000000,0,0,0,1,0,0,0,2015-03-24 15:12:20,1427209940.0,15,12
2157426,22038,61b1e119-72e1-47e9-8101-d9cbbff4fde1,2015-03-24 15:12:20,informant-PC, Microsoft-Windows-WindowsSystemAssessmentTool ,Other,0,0,0,0,0,1,0,None,1556,Microsoft-Windows-WindowsSystemAssessmentTool/Operational,10,0,0,0,0,0,0,0,0,0,1,0x8000000000000000,0,0,0,1,0,0,0,2015-03-24 15:12:20,1427209940.0,15,12
2157427,22038,e7596b5f-4fe7-486b-b517-04900210645d,2015-03-24 15:12:20,informant-PC, Microsoft-Windows-WindowsSystemAssessmentTool ,Other,0,0,0,0,0,1,0,None,1556,Microsoft-Windows-WindowsSystemAssessmentTool/Operational,10,0,0,0,0,0,0,0,0,0,1,0x8000000000000000,0,0,0,1,0,0,0,2015-03-24 15:12:20,1427209940.0,15,12
2157490,22038,5aaabc71-a404-4bf9-8834-4083ae56f27d,2015-03-24 15:12:30,informant-PC, Microsoft-Windows-WindowsSystemAssessmentTool ,Other,0,0,0,0,0,1,0,None,1556,Microsoft-Windows-WindowsSystemAssessmentTool/Operational,9,0,0,0,0,0,0,0,0,0,1,0x8000000000000000,0,0,0,1,0,0,0,2015-03-24 15:12:30,1427209950.0,15,12
2157491,22038,82b57770-d25a-4dc3-abed-441e5dcc4ae5,2015-03-24 15:12:30,informant-PC, Microsoft-Windows-WindowsSystemAssessmentTool ,Other,0,0,0,0,0,1,0,None,1556,Microsoft-Windows-WindowsSystemAssessmentTool/Operational,10,0,0,0,0,0,0,0,0,0,1,0x8000000000000000,0,0,0,1,0,0,0,2015-03-24 15:12:30,1427209950.0,15,12
2157492,22038,6591187f-5650-44ae-bb20-5d09eeee01e0,2015-03-24 15:12:30,informant-PC, Microsoft-Windows-WindowsSystemAssessmentTool ,Other,0,0,0,0,0,1,0,None,1556,Microsoft-Windows-WindowsSystemAssessmentTool/Operational,9,0,0,0,0,0,0,0,0,0,1,0x8000000000000000,0,0,0,1,0,0,0,2015-03-24 15:12:30,1427209950.0,15,12
2157493,22038,68494aed-f72f-4280-9a3c-d39aa326d6a5,2015-03-24 15:12:30,informant-PC, Microsoft-Windows-WindowsSystemAssessmentTool ,Other,0,0,0,0,0,1,0,None,1556,Microsoft-Windows-WindowsSystemAssessmentTool/Operational,10,0,0,0,0,0,0,0,0,0,1,0x8000000000000000,0,0,0,1,0,0,0,2015-03-24 15:12:30,1427209950.0,15,12
2157764,22038,2fabc703-4014-4294-bbcd-b38679d69af1,2015-03-24 15:12:40,informant-PC, Microsoft-Windows-WindowsSystemAssessmentTool ,Other,0,0,0,0,0,1,0,None,1556,Microsoft-Windows-WindowsSystemAssessmentTool/Operational,10,0,0,0,0,0,0,0,0,0,1,0x8000000000000000,0,0,0,1,0,0,0,2015-03-24 15:12:40,1427209960.0,15,12
2157765,22038,3ebadd48-7d45-4246-9825-5530f11c47b9,2015-03-24 15:12:40,informant-PC, Microsoft-Windows-WindowsSystemAssessmentTool ,Other,0,0,0,0,0,1,0,None,1556,Microsoft-Windows-WindowsSystemAssessmentTool/Operational,9,0,0,0,0,0,0,0,0,0,1,0x8000000000000000,0,0,0,1,0,0,0,2015-03-24 15:12:40,1427209960.0,15,12
2157767,22038,94157dc4-cb11-4a38-b0cf-8ac9516289c2,2015-03-24 15:12:40,informant-PC, Microsoft-Windows-WindowsSystemAssessmentTool ,Other,0,0,0,0,0,1,0,None,1556,Microsoft-Windows-WindowsSystemAssessmentTool/Operational,9,0,0,0,0,0,0,0,0,0,1,0x8000000000000000,0,0,0,1,0,0,0,2015-03-24 15:12:40,1427209960.0,15,12
2157768,22038,7cc68b7c-9df9-4c81-9d52-d25227e030ee,2015-03-24 15:12:40,informant-PC, Microsoft-Windows-WindowsSystemAssessmentTool ,Other,0,0,0,0,0,1,0,None,1556,Microsoft-Windows-WindowsSystemAssessmentTool/Operational,10,0,0,0,0,0,0,0,0,0,1,0x8000000000000000,0,0,0,1,0,0,0,2015-03-24 15:12:40,1427209960.0,15,12
2157914,22038,de0512b7-3691-4ab9-8f7f-e9b630e310d0,2015-03-24 15:12:50,informant-PC, Microsoft-Windows-WindowsSystemAssessmentTool ,Other,0,0,0,0,0,1,0,None,1556,Microsoft-Windows-WindowsSystemAssessmentTool/Operational,9,0,0,0,0,0,0,0,0,0,1,0x8000000000000000,0,0,0,1,0,0,0,2015-03-24 15:12:50,1427209970.0,15,12
2157915,22038,feeb9de6-d3a4-4634-980c-717b67098d7e,2015-03-24 15:12:50,informant-PC, Microsoft-Windows-WindowsSystemAssessmentTool ,Other,0,0,0,0,0,1,0,None,1556,Microsoft-Windows-WindowsSystemAssessmentTool/Operational,9,0,0,0,0,0,0,0,0,0,1,0x8000000000000000,0,0,0,1,0,0,0,2015-03-24 15:12:50,1427209970.0,15,12
2157916,22038,9b25a589-3cd3-4ba4-8efe-1b37a081bffe,2015-03-24 15:12:50,informant-PC, Microsoft-Windows-WindowsSystemAssessmentTool ,Other,0,0,0,0,0,1,0,None,1556,Microsoft-Windows-WindowsSystemAssessmentTool/Operational,10,0,0,0,0,0,0,0,0,0,1,0x8000000000000000,0,0,0,1,0,0,0,2015-03-24 15:12:50,1427209970.0,15,12
2157917,22038,c1c8223d-56ea-4f41-a779-08ef4a07ac4e,2015-03-24 15:12:50,informant-PC, Microsoft-Windows-WindowsSystemAssessmentTool ,Other,0,0,0,0,0,1,0,None,1556,Microsoft-Windows-WindowsSystemAssessmentTool/Operational,10,0,0,0,0,0,0,0,0,0,1,0x8000000000000000,0,0,0,1,0,0,0,2015-03-24 15:12:50,1427209970.0,15,12
2158156,22038,f7ee9cb5-a0d1-43fa-9f21-2779aba203c7,2015-03-24 15:13:01,informant-PC, Microsoft-Windows-WindowsSystemAssessmentTool ,Other,0,0,0,0,0,1,0,None,1556,Microsoft-Windows-WindowsSystemAssessmentTool/Operational,9,0,0,0,0,0,0,0,0,0,1,0x8000000000000000,0,0,0,1,0,0,0,2015-03-24 15:13:01,1427209981.0,15,13
2158157,22038,c8b7fa6e-af08-4c50-af5f-32bbff20e432,2015-03-24 15:13:01,informant-PC, Microsoft-Windows-WindowsSystemAssessmentTool ,Other,0,0,0,0,0,1,0,None,1556,Microsoft-Windows-WindowsSystemAssessmentTool/Operational,10,0,0,0,0,0,0,0,0,0,1,0x8000000000000000,0,0,0,1,0,0,0,2015-03-24 15:13:01,1427209981.0,15,13
2158158,22038,062ad72f-91d6-4605-bd2c-2e4bd8ea65cd,2015-03-24 15:13:01,informant-PC, Microsoft-Windows-WindowsSystemAssessmentTool ,Other,0,0,0,0,0,1,0,None,1556,Microsoft-Windows-WindowsSystemAssessmentTool/Operational,9,0,0,0,0,0,0,0,0,0,1,0x8000000000000000,0,0,0,1,0,0,0,2015-03-24 15:13:01,1427209981.0,15,13
2158159,22038,9fcfe784-1e78-4230-8cf6-ef8670c0230f,2015-03-24 15:13:01,informant-PC, Microsoft-Windows-WindowsSystemAssessmentTool ,Other,0,0,0,0,0,1,0,None,1556,Microsoft-Windows-WindowsSystemAssessmentTool/Operational,10,0,0,0,0,0,0,0,0,0,1,0x8000000000000000,0,0,0,1,0,0,0,2015-03-24 15:13:01,1427209981.0,15,13
2158334,22038,2dc27060-6730-417b-b88e-6eec2ba35fbf,2015-03-24 15:13:11,informant-PC, Microsoft-Windows-WindowsSystemAssessmentTool ,Other,0,0,0,0,0,1,0,None,1556,Microsoft-Windows-WindowsSystemAssessmentTool/Operational,9,0,0,0,0,0,0,0,0,0,1,0x8000000000000000,0,0,0,1,0,0,0,2015-03-24 15:13:11,1427209991.0,15,13
2158335,22038,b169ff94-c775-469d-b8ca-7a9a12ebb6c9,2015-03-24 15:13:11,informant-PC, Microsoft-Windows-WindowsSystemAssessmentTool ,Other,0,0,0,0,0,1,0,None,1556,Microsoft-Windows-WindowsSystemAssessmentTool/Operational,9,0,0,0,0,0,0,0,0,0,1,0x8000000000000000,0,0,0,1,0,0,0,2015-03-24 15:13:11,1427209991.0,15,13
2158336,22038,259ff040-7c89-40c5-9df3-eea34d3aff2c,2015-03-24 15:13:11,informant-PC, Microsoft-Windows-WindowsSystemAssessmentTool ,Other,0,0,0,0,0,1,0,None,1556,Microsoft-Windows-WindowsSystemAssessmentTool/Operational,10,0,0,0,0,0,0,0,0,0,1,0x8000000000000000,0,0,0,1,0,0,0,2015-03-24 15:13:11,1427209991.0,15,13
2158337,22038,0e14600c-aee5-4c7f-8d5d-3138fcf1991f,2015-03-24 15:13:11,informant-PC, Microsoft-Windows-WindowsSystemAssessmentTool ,Other,0,0,0,0,0,1,0,None,1556,Microsoft-Windows-WindowsSystemAssessmentTool/Operational,10,0,0,0,0,0,0,0,0,0,1,0x8000000000000000,0,0,0,1,0,0,0,2015-03-24 15:13:11,1427209991.0,15,13
2158453,22038,87369522-3c38-4fed-9c1c-975f84170aee,2015-03-24 15:13:16,informant-PC, Microsoft-Windows-WindowsSystemAssessmentTool ,Other,0,0,0,0,0,1,0,None,1556,Microsoft-Windows-WindowsSystemAssessmentTool/Operational,9,0,0,0,0,0,0,0,0,0,1,0x8000000000000000,0,0,0,1,0,0,0,2015-03-24 15:13:16,1427209996.0,15,13
2158457,22038,6712a529-76d7-448f-8f46-fddffadff924,2015-03-24 15:13:16,informant-PC, Microsoft-Windows-WindowsSystemAssessmentTool ,Other,0,0,0,0,0,1,0,None,1556,Microsoft-Windows-WindowsSystemAssessmentTool/Operational,10,0,0,0,0,0,0,0,0,0,1,0x8000000000000000,0,0,0,1,0,0,0,2015-03-24 15:13:16,1427209996.0,15,13
2158461,22038,face6d48-eade-4a00-935a-51fe66a19cd2,2015-03-24 15:13:16,informant-PC, Microsoft-Windows-WindowsSystemAssessmentTool ,Other,0,0,0,0,0,1,0,None,1556,Microsoft-Windows-WindowsSystemAssessmentTool/Operational,9,0,0,0,0,0,0,0,0,0,1,0x8000000000000000,0,0,0,1,0,0,0,2015-03-24 15:13:16,1427209996.0,15,13
2158463,22038,0645ada1-aef0-4f87-9f4d-0947d284c8ac,2015-03-24 15:13:16,informant-PC, Microsoft-Windows-WindowsSystemAssessmentTool ,Other,0,0,0,0,0,1,0,None,1556,Microsoft-Windows-WindowsSystemAssessmentTool/Operational,10,0,0,0,0,0,0,0,0,0,1,0x8000000000000000,0,0,0,1,0,0,0,2015-03-24 15:13:16,1427209996.0,15,13
2158602,22038,993c2126-4f0c-46a4-983a-0d24cd2caa87,2015-03-24 15:13:19,informant-PC, Microsoft-Windows-WindowsSystemAssessmentTool ,Other,0,0,0,0,0,1,0,None,1556,Microsoft-Windows-WindowsSystemAssessmentTool/Operational,9,0,0,0,0,0,0,0,0,0,1,0x8000000000000000,0,0,0,1,0,0,0,2015-03-24 15:13:19,1427209999.0,15,13
2158603,22038,f2ccffe0-8f00-4336-b011-baed1c6aac06,2015-03-24 15:13:19,informant-PC, Microsoft-Windows-WindowsSystemAssessmentTool ,Other,0,0,0,0,0,1,0,None,1556,Microsoft-Windows-WindowsSystemAssessmentTool/Operational,10,0,0,0,0,0,0,0,0,0,1,0x8000000000000000,0,0,0,1,0,0,0,2015-03-24 15:13:19,1427209999.0,15,13
2158605,22038,40e2d508-c872-4e1c-884f-b6968fe319ae,2015-03-24 15:13:19,informant-PC, Microsoft-Windows-WindowsSystemAssessmentTool ,Other,0,0,0,0,0,1,0,None,1556,Microsoft-Windows-WindowsSystemAssessmentTool/Operational,10,0,0,0,0,0,0,0,0,0,1,0x8000000000000000,0,0,0,1,0,0,0,2015-03-24 15:13:19,1427209999.0,15,13
2158607,22038,4b9e12c5-c00b-4822-af3b-77b2fb73fea5,2015-03-24 15:13:19,informant-PC, Microsoft-Windows-WindowsSystemAssessmentTool ,Other,0,0,0,0,0,1,0,None,1556,Microsoft-Windows-WindowsSystemAssessmentTool/Operational,9,0,0,0,0,0,0,0,0,0,1,0x8000000000000000,0,0,0,1,0,0,0,2015-03-24 15:13:19,1427209999.0,15,13
2158692,22038,7247251e-f35d-44ad-ae82-204b14847322,2015-03-24 15:13:26,informant-PC, Microsoft-Windows-WindowsSystemAssessmentTool ,Other,0,0,0,0,0,1,0,None,1556,Microsoft-Windows-WindowsSystemAssessmentTool/Operational,10,0,0,0,0,0,0,0,0,0,1,0x8000000000000000,0,0,0,1,0,0,0,2015-03-24 15:13:26,1427210006.0,15,13
2158693,22038,2bf0e641-0bf5-41d9-bf35-c1f78fa4fc32,2015-03-24 15:13:26,informant-PC, Microsoft-Windows-WindowsSystemAssessmentTool ,Other,0,0,0,0,0,1,0,None,1556,Microsoft-Windows-WindowsSystemAssessmentTool/Operational,9,0,0,0,0,0,0,0,0,0,1,0x8000000000000000,0,0,0,1,0,0,0,2015-03-24 15:13:26,1427210006.0,15,13
2158694,22038,0bc74b14-1cd8-4e12-94dd-c4537cbe499d,2015-03-24 15:13:26,informant-PC, Microsoft-Windows-WindowsSystemAssessmentTool ,Other,0,0,0,0,0,1,0,None,1556,Microsoft-Windows-WindowsSystemAssessmentTool/Operational,10,0,0,0,0,0,0,0,0,0,1,0x8000000000000000,0,0,0,1,0,0,0,2015-03-24 15:13:26,1427210006.0,15,13
2158695,22038,990b36e1-2aa1-44db-afd7-2069acd27f94,2015-03-24 15:13:26,informant-PC, Microsoft-Windows-WindowsSystemAssessmentTool ,Other,0,0,0,0,0,1,0,None,1556,Microsoft-Windows-WindowsSystemAssessmentTool/Operational,9,0,0,0,0,0,0,0,0,0,1,0x8000000000000000,0,0,0,1,0,0,0,2015-03-24 15:13:26,1427210006.0,15,13
2161224,59046,f6fccee1-858e-4e49-ab95-597c1b666c78,2015-03-24 15:14:25,informant-PC, Microsoft-Windows-Application-Experience ,Other,0,0,0,0,0,1,0,None,2804,Microsoft-Windows-Application-Experience/Program-Telemetry,701,0,0,0,0,0,0,0,0,0,0,0x1000000000000000,1,0,0,0,0,0,0,2015-03-24 15:14:25,1427210065.0,15,14
2161226,59046,59ce3e9a-a6dc-45f6-b3e1-6525eedeaa3a,2015-03-24 15:14:25,informant-PC, Microsoft-Windows-Application-Experience ,Other,0,0,0,0,0,1,0,None,2804,Microsoft-Windows-Application-Experience/Program-Telemetry,701,0,0,0,0,0,0,0,0,0,0,0x1000000000000000,1,0,0,0,0,0,0,2015-03-24 15:14:25,1427210065.0,15,14
2161348,59019,a9c475ce-8717-4e8c-b29c-6f2bf340f99f,2015-03-24 15:14:30,informant-PC, Microsoft-Windows-Security-Auditing ,Security,1,0,0,0,0,0,0,None,496,Security,4672,0,0,0,1,0,0,0,0,0,12548,0x8020000000000000,0,0,0,1,0,0,0,2015-03-24 15:14:30,1427210070.0,15,14
2161349,59019,0413a114-7d8c-4716-8049-d9a48b4c3c3e,2015-03-24 15:14:30,informant-PC, Microsoft-Windows-Security-Auditing ,Security,1,0,0,0,0,0,0,None,496,Security,4672,0,0,0,1,0,0,0,0,0,12548,0x8020000000000000,0,0,0,1,0,0,0,2015-03-24 15:14:30,1427210070.0,15,14
2161350,59019,90d4e771-9e81-43dc-8157-922d8d79c75c,2015-03-24 15:14:30,informant-PC, Microsoft-Windows-Security-Auditing ,Security,1,0,0,0,0,0,0,S-1-5-18,496,Security,4624,0,0,0,1,0,0,0,0,0,12544,0x8020000000000000,0,0,0,1,0,0,0,2015-03-24 15:14:30,1427210070.0,15,14
2161351,59019,6374ca64-fa51-4c93-a67a-a9270f6d8843,2015-03-24 15:14:30,informant-PC, Microsoft-Windows-Security-Auditing ,Security,1,0,0,0,0,0,0,S-1-5-18,496,Security,4624,0,0,0,1,0,0,0,0,0,12544,0x8020000000000000,0,0,0,1,0,0,0,2015-03-24 15:14:30,1427210070.0,15,14
2161352,59017,05de99c7-94b3-4d53-b3fb-4727c9963970,2015-03-24 15:14:30,informant-PC, Service Control Manager ,System,0,0,1,0,0,0,0,None,488,System,7036,0,0,0,0,0,0,0,0,0,0,0x8080000000000000,0,0,0,1,0,0,0,2015-03-24 15:14:30,1427210070.0,15,14
2161353,59017,72e527b9-4e65-4f9a-8c1a-5a0705bde6a7,2015-03-24 15:14:30,informant-PC, Service Control Manager ,System,0,0,1,0,0,0,0,None,488,System,7036,0,0,0,0,0,0,0,0,0,0,0x8080000000000000,0,0,0,1,0,0,0,2015-03-24 15:14:30,1427210070.0,15,14
2162474,22038,42698b10-602f-415d-bdf7-a2d47dce1e88,2015-03-24 15:14:59,informant-PC, Microsoft-Windows-WindowsSystemAssessmentTool ,Other,0,0,0,0,0,1,0,None,1556,Microsoft-Windows-WindowsSystemAssessmentTool/Operational,9,0,0,0,0,0,0,0,0,0,1,0x8000000000000000,0,0,0,1,0,0,0,2015-03-24 15:14:59,1427210099.0,15,14
2162475,22038,a69a5a34-9f2a-42ab-b6ff-be7e04824a3b,2015-03-24 15:14:59,informant-PC, Microsoft-Windows-WindowsSystemAssessmentTool ,Other,0,0,0,0,0,1,0,None,1556,Microsoft-Windows-WindowsSystemAssessmentTool/Operational,10,0,0,0,0,0,0,0,0,0,1,0x8000000000000000,0,0,0,1,0,0,0,2015-03-24 15:14:59,1427210099.0,15,14
2162476,22038,d494e81a-b9be-4ab6-862d-271f1262df5f,2015-03-24 15:14:59,informant-PC, Microsoft-Windows-WindowsSystemAssessmentTool ,Other,0,0,0,0,0,1,0,None,1556,Microsoft-Windows-WindowsSystemAssessmentTool/Operational,10,0,0,0,0,0,0,0,0,0,1,0x8000000000000000,0,0,0,1,0,0,0,2015-03-24 15:14:59,1427210099.0,15,14
2162477,22038,f5d95c99-cb81-475b-a1cb-bc8bba480c71,2015-03-24 15:14:59,informant-PC, Microsoft-Windows-WindowsSystemAssessmentTool ,Other,0,0,0,0,0,1,0,None,1556,Microsoft-Windows-WindowsSystemAssessmentTool/Operational,9,0,0,0,0,0,0,0,0,0,1,0x8000000000000000,0,0,0,1,0,0,0,2015-03-24 15:14:59,1427210099.0,15,14
2162678,22038,f6c2b452-e1c9-4659-983e-f69d9ecabf91,2015-03-24 15:15:00,informant-PC, Microsoft-Windows-WindowsSystemAssessmentTool ,Other,0,0,0,0,0,1,0,None,1556,Microsoft-Windows-WindowsSystemAssessmentTool/Operational,9,0,0,0,0,0,0,0,0,0,1,0x8000000000000000,0,0,0,1,0,0,0,2015-03-24 15:15:00,1427210100.0,15,15
2162680,22038,268f7a12-0e98-471c-9311-2960e267f041,2015-03-24 15:15:00,informant-PC, Microsoft-Windows-WindowsSystemAssessmentTool ,Other,0,0,0,0,0,1,0,None,1556,Microsoft-Windows-WindowsSystemAssessmentTool/Operational,9,0,0,0,0,0,0,0,0,0,1,0x8000000000000000,0,0,0,1,0,0,0,2015-03-24 15:15:00,1427210100.0,15,15
2162690,22038,d38fa793-ad9f-4c96-b274-248329495c3c,2015-03-24 15:15:00,informant-PC, Microsoft-Windows-WindowsSystemAssessmentTool ,Other,0,0,0,0,0,1,0,None,1556,Microsoft-Windows-WindowsSystemAssessmentTool/Operational,10,0,0,0,0,0,0,0,0,0,1,0x8000000000000000,0,0,0,1,0,0,0,2015-03-24 15:15:00,1427210100.0,15,15
2162691,22038,f072d126-75bf-4b5d-aa2b-caae0b39a5fa,2015-03-24 15:15:00,informant-PC, Microsoft-Windows-WindowsSystemAssessmentTool ,Other,0,0,0,0,0,1,0,None,1556,Microsoft-Windows-WindowsSystemAssessmentTool/Operational,9,0,0,0,0,0,0,0,0,0,1,0x8000000000000000,0,0,0,1,0,0,0,2015-03-24 15:15:00,1427210100.0,15,15
2162692,22038,df8d866e-d7be-4a27-bb50-4b1717a0bb35,2015-03-24 15:15:00,informant-PC, Microsoft-Windows-WindowsSystemAssessmentTool ,Other,0,0,0,0,0,1,0,None,1556,Microsoft-Windows-WindowsSystemAssessmentTool/Operational,10,0,0,0,0,0,0,0,0,0,1,0x8000000000000000,0,0,0,1,0,0,0,2015-03-24 15:15:00,1427210100.0,15,15
2162693,22038,bec35888-7151-46af-a9b8-fe3965a74c43,2015-03-24 15:15:00,informant-PC, Microsoft-Windows-WindowsSystemAssessmentTool ,Other,0,0,0,0,0,1,0,None,1556,Microsoft-Windows-WindowsSystemAssessmentTool/Operational,9,0,0,0,0,0,0,0,0,0,1,0x8000000000000000,0,0,0,1,0,0,0,2015-03-24 15:15:00,1427210100.0,15,15
2162720,22038,509e6994-c88e-4e3f-bb77-80c7d01ce089,2015-03-24 15:15:00,informant-PC, Microsoft-Windows-WindowsSystemAssessmentTool ,Other,0,0,0,0,0,1,0,None,1556,Microsoft-Windows-WindowsSystemAssessmentTool/Operational,10,0,0,0,0,0,0,0,0,0,1,0x8000000000000000,0,0,0,1,0,0,0,2015-03-24 15:15:00,1427210100.0,15,15
2162721,22038,8b94fe8f-a9fb-4c91-a4e7-8ad95294907d,2015-03-24 15:15:00,informant-PC, Microsoft-Windows-WindowsSystemAssessmentTool ,Other,0,0,0,0,0,1,0,None,1556,Microsoft-Windows-WindowsSystemAssessmentTool/Operational,10,0,0,0,0,0,0,0,0,0,1,0x8000000000000000,0,0,0,1,0,0,0,2015-03-24 15:15:00,1427210100.0,15,15
2162722,22038,5ecbe044-e905-4c20-8972-9e21722678e7,2015-03-24 15:15:00,informant-PC, Microsoft-Windows-WindowsSystemAssessmentTool ,Other,0,0,0,0,0,1,0,None,1556,Microsoft-Windows-WindowsSystemAssessmentTool/Operational,3,0,0,0,0,0,0,0,0,0,1,0x8000000000000000,0,0,0,1,0,0,0,2015-03-24 15:15:00,1427210100.0,15,15
2162724,22038,cb9726d7-926c-413b-a514-11ebd5aad62e,2015-03-24 15:15:00,informant-PC, Microsoft-Windows-WindowsSystemAssessmentTool ,Other,0,0,0,0,0,1,0,None,1556,Microsoft-Windows-WindowsSystemAssessmentTool/Operational,3,0,0,0,0,0,0,0,0,0,1,0x8000000000000000,0,0,0,1,0,0,0,2015-03-24 15:15:00,1427210100.0,15,15
2170328,59018,b565a96f-db29-49a7-bc6b-327353110ff0,2015-03-24 15:15:50,informant-PC, Microsoft-Windows-Defrag ,Application,0,1,0,0,0,0,0,None,None,Application,258,0,0,0,0,0,0,0,0,0,0,0x0080000000000000,0,0,0,0,0,0,0,2015-03-24 15:15:50,1427210150.0,15,15
2170329,59018,8bb01990-6a91-4106-bc42-036dd30ebb5b,2015-03-24 15:15:50,informant-PC, Microsoft-Windows-Defrag ,Application,0,1,0,0,0,0,0,None,None,Application,258,0,0,0,0,0,0,0,0,0,0,0x0080000000000000,0,0,0,0,0,0,0,2015-03-24 15:15:50,1427210150.0,15,15
2179520,59047,5c0c0662-933c-4e2b-b793-59ca928ff8ee,2015-03-24 15:16:34,informant-PC, Microsoft-Windows-Application-Experience ,Other,0,0,0,0,0,1,0,None,2704,Microsoft-Windows-Application-Experience/Program-Inventory,900,0,0,0,0,0,0,0,0,0,0,0x0800000000000000,0,0,0,0,1,0,0,2015-03-24 15:16:34,1427210194.0,15,16
2179521,59047,298520ce-4f0a-439a-82c9-8d086ba3ab54,2015-03-24 15:16:34,informant-PC, Microsoft-Windows-Application-Experience ,Other,0,0,0,0,0,1,0,None,2704,Microsoft-Windows-Application-Experience/Program-Inventory,900,0,0,0,0,0,0,0,0,0,0,0x0800000000000000,0,0,0,0,1,0,0,2015-03-24 15:16:34,1427210194.0,15,16
2179522,59047,2e81423a-bbcd-4cb4-9ea3-22cf163a4f09,2015-03-24 15:16:34,informant-PC, Microsoft-Windows-Application-Experience ,Other,0,0,0,0,0,1,0,None,2704,Microsoft-Windows-Application-Experience/Program-Inventory,900,0,0,0,0,0,0,0,0,0,0,0x0800000000000000,0,0,0,0,1,0,0,2015-03-24 15:16:34,1427210194.0,15,16
2179523,59047,88b784d0-2d92-4101-83df-f471329d0296,2015-03-24 15:16:34,informant-PC, Microsoft-Windows-Application-Experience ,Other,0,0,0,0,0,1,0,None,2704,Microsoft-Windows-Application-Experience/Program-Inventory,900,0,0,0,0,0,0,0,0,0,0,0x0800000000000000,0,0,0,0,1,0,0,2015-03-24 15:16:34,1427210194.0,15,16
2179524,59047,c5c5c270-96bd-4b34-86d6-83be8eb577f0,2015-03-24 15:16:34,informant-PC, Microsoft-Windows-Application-Experience ,Other,0,0,0,0,0,1,0,None,2704,Microsoft-Windows-Application-Experience/Program-Inventory,900,0,0,0,0,0,0,0,0,0,0,0x0800000000000000,0,0,0,0,1,0,0,2015-03-24 15:16:34,1427210194.0,15,16
2179525,59047,2c76edd5-a8b0-4b83-b2c8-3c8cebd4dfae,2015-03-24 15:16:34,informant-PC, Microsoft-Windows-Application-Experience ,Other,0,0,0,0,0,1,0,None,2704,Microsoft-Windows-Application-Experience/Program-Inventory,900,0,0,0,0,0,0,0,0,0,0,0x0800000000000000,0,0,0,0,1,0,0,2015-03-24 15:16:34,1427210194.0,15,16
2179526,59047,b6aab7a7-dbd4-46d4-b35b-fbd59d07487e,2015-03-24 15:16:34,informant-PC, Microsoft-Windows-Application-Experience ,Other,0,0,0,0,0,1,0,None,2704,Microsoft-Windows-Application-Experience/Program-Inventory,904,0,0,0,0,0,0,0,0,0,0,0x0800000000000000,0,0,0,0,1,0,0,2015-03-24 15:16:34,1427210194.0,15,16
2179527,59047,a938d0e6-1b6c-45a4-b064-d8a36201ab19,2015-03-24 15:16:34,informant-PC, Microsoft-Windows-Application-Experience ,Other,0,0,0,0,0,1,0,None,2704,Microsoft-Windows-Application-Experience/Program-Inventory,900,0,0,0,0,0,0,0,0,0,0,0x0800000000000000,0,0,0,0,1,0,0,2015-03-24 15:16:34,1427210194.0,15,16
2179528,59047,e9dd4a21-4b8b-42c4-9bc8-8b1404ef98d7,2015-03-24 15:16:34,informant-PC, Microsoft-Windows-Application-Experience ,Other,0,0,0,0,0,1,0,None,2704,Microsoft-Windows-Application-Experience/Program-Inventory,900,0,0,0,0,0,0,0,0,0,0,0x0800000000000000,0,0,0,0,1,0,0,2015-03-24 15:16:34,1427210194.0,15,16
2179529,59047,25c56930-e1db-430b-81ac-5c41eb379343,2015-03-24 15:16:34,informant-PC, Microsoft-Windows-Application-Experience ,Other,0,0,0,0,0,1,0,None,2704,Microsoft-Windows-Application-Experience/Program-Inventory,900,0,0,0,0,0,0,0,0,0,0,0x0800000000000000,0,0,0,0,1,0,0,2015-03-24 15:16:34,1427210194.0,15,16
2179530,59047,d58a808f-b702-41dc-a816-ae42fac890ea,2015-03-24 15:16:34,informant-PC, Microsoft-Windows-Application-Experience ,Other,0,0,0,0,0,1,0,None,2704,Microsoft-Windows-Application-Experience/Program-Inventory,900,0,0,0,0,0,0,0,0,0,0,0x0800000000000000,0,0,0,0,1,0,0,2015-03-24 15:16:34,1427210194.0,15,16
2179531,59047,f54e18bb-07e1-4c63-ad93-71ce8068af30,2015-03-24 15:16:34,informant-PC, Microsoft-Windows-Application-Experience ,Other,0,0,0,0,0,1,0,None,2704,Microsoft-Windows-Application-Experience/Program-Inventory,900,0,0,0,0,0,0,0,0,0,0,0x0800000000000000,0,0,0,0,1,0,0,2015-03-24 15:16:34,1427210194.0,15,16
2179532,59047,747b092e-3e53-48a3-ae05-12a40709993c,2015-03-24 15:16:34,informant-PC, Microsoft-Windows-Application-Experience ,Other,0,0,0,0,0,1,0,None,2704,Microsoft-Windows-Application-Experience/Program-Inventory,900,0,0,0,0,0,0,0,0,0,0,0x0800000000000000,0,0,0,0,1,0,0,2015-03-24 15:16:34,1427210194.0,15,16
2179533,59047,0af4babf-4390-4e97-a6b0-4a6a41a9f4e4,2015-03-24 15:16:34,informant-PC, Microsoft-Windows-Application-Experience ,Other,0,0,0,0,0,1,0,None,2704,Microsoft-Windows-Application-Experience/Program-Inventory,900,0,0,0,0,0,0,0,0,0,0,0x0800000000000000,0,0,0,0,1,0,0,2015-03-24 15:16:34,1427210194.0,15,16
2179534,59047,60d3c023-2a79-4359-b9e1-f2c8e63d8952,2015-03-24 15:16:34,informant-PC, Microsoft-Windows-Application-Experience ,Other,0,0,0,0,0,1,0,None,2704,Microsoft-Windows-Application-Experience/Program-Inventory,900,0,0,0,0,0,0,0,0,0,0,0x0800000000000000,0,0,0,0,1,0,0,2015-03-24 15:16:34,1427210194.0,15,16
2179535,59047,a8c2be2a-b0d8-4175-8852-9eb43caf7e8a,2015-03-24 15:16:34,informant-PC, Microsoft-Windows-Application-Experience ,Other,0,0,0,0,0,1,0,None,2704,Microsoft-Windows-Application-Experience/Program-Inventory,900,0,0,0,0,0,0,0,0,0,0,0x0800000000000000,0,0,0,0,1,0,0,2015-03-24 15:16:34,1427210194.0,15,16
2179536,59047,4697fb8d-bce0-4087-af3c-6cb4e03aa745,2015-03-24 15:16:34,informant-PC, Microsoft-Windows-Application-Experience ,Other,0,0,0,0,0,1,0,None,2704,Microsoft-Windows-Application-Experience/Program-Inventory,900,0,0,0,0,0,0,0,0,0,0,0x0800000000000000,0,0,0,0,1,0,0,2015-03-24 15:16:34,1427210194.0,15,16
2179537,59047,51e83334-5657-4e52-b39e-8f6d4294e9cc,2015-03-24 15:16:34,informant-PC, Microsoft-Windows-Application-Experience ,Other,0,0,0,0,0,1,0,None,2704,Microsoft-Windows-Application-Experience/Program-Inventory,903,0,0,0,0,0,0,0,0,0,0,0x0800000000000000,0,0,0,0,1,0,0,2015-03-24 15:16:34,1427210194.0,15,16
2179538,59047,7e4e9767-460d-4b1a-83a0-1bb8fead28d6,2015-03-24 15:16:34,informant-PC, Microsoft-Windows-Application-Experience ,Other,0,0,0,0,0,1,0,None,2704,Microsoft-Windows-Application-Experience/Program-Inventory,900,0,0,0,0,0,0,0,0,0,0,0x0800000000000000,0,0,0,0,1,0,0,2015-03-24 15:16:34,1427210194.0,15,16
2179539,59047,dcb0b4d2-39a3-4c1e-86e2-ba21a7a917aa,2015-03-24 15:16:34,informant-PC, Microsoft-Windows-Application-Experience ,Other,0,0,0,0,0,1,0,None,2704,Microsoft-Windows-Application-Experience/Program-Inventory,900,0,0,0,0,0,0,0,0,0,0,0x0800000000000000,0,0,0,0,1,0,0,2015-03-24 15:16:34,1427210194.0,15,16
2179540,59047,0f9668e1-6cfb-4aee-b647-1ad00d33f7ec,2015-03-24 15:16:34,informant-PC, Microsoft-Windows-Application-Experience ,Other,0,0,0,0,0,1,0,None,2704,Microsoft-Windows-Application-Experience/Program-Inventory,900,0,0,0,0,0,0,0,0,0,0,0x0800000000000000,0,0,0,0,1,0,0,2015-03-24 15:16:34,1427210194.0,15,16
2179541,59047,da2b7b21-758e-440e-93fe-40cc213a4d30,2015-03-24 15:16:34,informant-PC, Microsoft-Windows-Application-Experience ,Other,0,0,0,0,0,1,0,None,2704,Microsoft-Windows-Application-Experience/Program-Inventory,900,0,0,0,0,0,0,0,0,0,0,0x0800000000000000,0,0,0,0,1,0,0,2015-03-24 15:16:34,1427210194.0,15,16
2179542,59047,e698f164-8657-4905-a43e-0be5209e3bf7,2015-03-24 15:16:34,informant-PC, Microsoft-Windows-Application-Experience ,Other,0,0,0,0,0,1,0,None,2704,Microsoft-Windows-Application-Experience/Program-Inventory,900,0,0,0,0,0,0,0,0,0,0,0x0800000000000000,0,0,0,0,1,0,0,2015-03-24 15:16:34,1427210194.0,15,16
2179543,59047,9f369cf0-3c15-4e43-93d3-16133de4e77e,2015-03-24 15:16:34,informant-PC, Microsoft-Windows-Application-Experience ,Other,0,0,0,0,0,1,0,None,2704,Microsoft-Windows-Application-Experience/Program-Inventory,900,0,0,0,0,0,0,0,0,0,0,0x0800000000000000,0,0,0,0,1,0,0,2015-03-24 15:16:34,1427210194.0,15,16
2179544,59047,acd16011-3b24-45aa-80cd-dde355efb252,2015-03-24 15:16:34,informant-PC, Microsoft-Windows-Application-Experience ,Other,0,0,0,0,0,1,0,None,2704,Microsoft-Windows-Application-Experience/Program-Inventory,900,0,0,0,0,0,0,0,0,0,0,0x0800000000000000,0,0,0,0,1,0,0,2015-03-24 15:16:34,1427210194.0,15,16
2179545,59047,60b8cdfc-86ce-477e-bb70-4c4748c13f4e,2015-03-24 15:16:34,informant-PC, Microsoft-Windows-Application-Experience ,Other,0,0,0,0,0,1,0,None,2704,Microsoft-Windows-Application-Experience/Program-Inventory,904,0,0,0,0,0,0,0,0,0,0,0x0800000000000000,0,0,0,0,1,0,0,2015-03-24 15:16:34,1427210194.0,15,16
2179546,59047,0f6e1d72-7235-4832-bc3c-fc7f4e6e69c3,2015-03-24 15:16:34,informant-PC, Microsoft-Windows-Application-Experience ,Other,0,0,0,0,0,1,0,None,2704,Microsoft-Windows-Application-Experience/Program-Inventory,900,0,0,0,0,0,0,0,0,0,0,0x0800000000000000,0,0,0,0,1,0,0,2015-03-24 15:16:34,1427210194.0,15,16
2179547,59047,b4e5ddd3-2b28-46d9-a911-0bcf75e542c3,2015-03-24 15:16:34,informant-PC, Microsoft-Windows-Application-Experience ,Other,0,0,0,0,0,1,0,None,2704,Microsoft-Windows-Application-Experience/Program-Inventory,900,0,0,0,0,0,0,0,0,0,0,0x0800000000000000,0,0,0,0,1,0,0,2015-03-24 15:16:34,1427210194.0,15,16
2179548,59047,b3c2046a-60c5-453a-b01c-7b41259f93ed,2015-03-24 15:16:34,informant-PC, Microsoft-Windows-Application-Experience ,Other,0,0,0,0,0,1,0,None,2704,Microsoft-Windows-Application-Experience/Program-Inventory,900,0,0,0,0,0,0,0,0,0,0,0x0800000000000000,0,0,0,0,1,0,0,2015-03-24 15:16:34,1427210194.0,15,16
