2141491,59042,cb91c800-d8ed-4e4f-a27b-3c44f4288354,2015-03-24 13:21:37,informant-PC, Microsoft-Windows-GroupPolicy ,Other,0,0,0,0,0,1,0,None,888,Microsoft-Windows-GroupPolicy/Operational,5320,0,0,0,0,0,0,0,0,0,0,0x4000000000000000,0,0,1,0,0,0,0,2015-03-24 13:21:37,1427203297.0,13,21
2141492,59017,a3a28b87-5f97-4ff4-ba01-14da559ded13,2015-03-24 13:21:37,informant-PC, Service Control Manager ,System,0,0,1,0,0,0,0,None,488,System,7036,0,0,0,0,0,0,0,0,0,0,0x8080000000000000,0,0,0,1,0,0,0,2015-03-24 13:21:37,1427203297.0,13,21
2141493,59042,5527e42e-1f51-47a9-a020-392191b7f91a,2015-03-24 13:21:37,informant-PC, Microsoft-Windows-GroupPolicy ,Other,0,0,0,0,0,1,0,None,888,Microsoft-Windows-GroupPolicy/Operational,5320,0,0,0,0,0,0,0,0,0,0,0x4000000000000000,0,0,1,0,0,0,0,2015-03-24 13:21:37,1427203297.0,13,21
2141494,59040,979ed4d5-9ffe-4d4f-9988-83094ac398f1,2015-03-24 13:21:37,informant-PC, Microsoft-Windows-OfflineFiles ,Other,0,0,0,0,0,1,0,None,820,Microsoft-Windows-OfflineFiles/Operational,1,0,0,0,0,0,0,0,0,0,0,0x4000000000000010,0,0,1,0,0,0,0,2015-03-24 13:21:37,1427203297.0,13,21
2141495,59040,e7cd8e23-2e42-43cf-a765-f7a144c87fad,2015-03-24 13:21:37,informant-PC, Microsoft-Windows-OfflineFiles ,Other,0,0,0,0,0,1,0,None,820,Microsoft-Windows-OfflineFiles/Operational,1,0,0,0,0,0,0,0,0,0,0,0x4000000000000010,0,0,1,0,0,0,0,2015-03-24 13:21:37,1427203297.0,13,21
2141496,59017,a9e4b43b-966d-4bae-b8d5-c3e57f8ef05b,2015-03-24 13:21:37,informant-PC, Service Control Manager ,System,0,0,1,0,0,0,0,None,488,System,7036,0,0,0,0,0,0,0,0,0,0,0x8080000000000000,0,0,0,1,0,0,0,2015-03-24 13:21:37,1427203297.0,13,21
2141497,59018,58cce752-464e-4c21-822c-bfdaeb60c60f,2015-03-24 13:21:37,informant-PC, Microsoft-Windows-User Profiles Service ,Application,0,1,0,0,0,0,0,None,888,Application,1531,0,0,0,0,0,0,0,0,0,0,0x8000000000000000,0,0,0,1,0,0,0,2015-03-24 13:21:37,1427203297.0,13,21
2141498,59041,c006e2df-28d4-416e-8283-3125d9f9ed58,2015-03-24 13:21:37,informant-PC, Microsoft-Windows-BranchCacheSMB ,Other,0,0,0,0,0,1,0,None,820,Microsoft-Windows-BranchCacheSMB/Operational,3005,0,0,0,0,0,0,0,0,0,0,0x8000000000000800,0,0,0,1,0,0,0,2015-03-24 13:21:37,1427203297.0,13,21
2141499,59017,b0c54283-180e-4d25-b809-ffdfdb3e71a1,2015-03-24 13:21:37,informant-PC, Service Control Manager ,System,0,0,1,0,0,0,0,None,488,System,7036,0,0,0,0,0,0,0,0,0,0,0x8080000000000000,0,0,0,1,0,0,0,2015-03-24 13:21:37,1427203297.0,13,21
2141500,59041,393fff15-cc56-48d4-9459-af440cecf734,2015-03-24 13:21:37,informant-PC, Microsoft-Windows-BranchCacheSMB ,Other,0,0,0,0,0,1,0,None,820,Microsoft-Windows-BranchCacheSMB/Operational,3005,0,0,0,0,0,0,0,0,0,0,0x8000000000000800,0,0,0,1,0,0,0,2015-03-24 13:21:37,1427203297.0,13,21
2141501,59018,a49180a3-2886-44d5-807f-2c34d12d0b2f,2015-03-24 13:21:37,informant-PC, Microsoft-Windows-User Profiles Service ,Application,0,1,0,0,0,0,0,None,888,Application,1531,0,0,0,0,0,0,0,0,0,0,0x8000000000000000,0,0,0,1,0,0,0,2015-03-24 13:21:37,1427203297.0,13,21
2141502,59017,f327844f-b5d7-4129-9e00-6007284c8068,2015-03-24 13:21:37,informant-PC, Service Control Manager ,System,0,0,1,0,0,0,0,None,488,System,7036,0,0,0,0,0,0,0,0,0,0,0x8080000000000000,0,0,0,1,0,0,0,2015-03-24 13:21:37,1427203297.0,13,21
2141503,59017,419cb30d-5cad-4e63-bb0b-5ecc6e06471a,2015-03-24 13:21:37,informant-PC, Service Control Manager ,System,0,0,1,0,0,0,0,None,488,System,7036,0,0,0,0,0,0,0,0,0,0,0x8080000000000000,0,0,0,1,0,0,0,2015-03-24 13:21:37,1427203297.0,13,21
2141504,59017,347eed37-cdee-414c-b474-c4df4a0abfb3,2015-03-24 13:21:37,informant-PC, Service Control Manager ,System,0,0,1,0,0,0,0,None,488,System,7036,0,0,0,0,0,0,0,0,0,0,0x8080000000000000,0,0,0,1,0,0,0,2015-03-24 13:21:37,1427203297.0,13,21
2141505,59017,5d8a08d2-ba53-45bc-98ed-c9d2ea61a03b,2015-03-24 13:21:37,informant-PC, Service Control Manager ,System,0,0,1,0,0,0,0,None,488,System,7036,0,0,0,0,0,0,0,0,0,0,0x8080000000000000,0,0,0,1,0,0,0,2015-03-24 13:21:37,1427203297.0,13,21
2141506,59042,e30e1299-48cb-4fb0-8358-30e870f072e4,2015-03-24 13:21:37,informant-PC, Microsoft-Windows-GroupPolicy ,Other,0,0,0,0,0,1,0,None,888,Microsoft-Windows-GroupPolicy/Operational,5324,0,0,0,0,0,0,0,0,0,0,0x4000000000000000,0,0,1,0,0,0,0,2015-03-24 13:21:37,1427203297.0,13,21
2141507,59042,c3bc88b9-a9e7-4177-a331-3ff4bfeccc1f,2015-03-24 13:21:37,informant-PC, Microsoft-Windows-GroupPolicy ,Other,0,0,0,0,0,1,0,None,888,Microsoft-Windows-GroupPolicy/Operational,5324,0,0,0,0,0,0,0,0,0,0,0x4000000000000000,0,0,1,0,0,0,0,2015-03-24 13:21:37,1427203297.0,13,21
2141510,59017,66c3a2f3-7e01-4da1-8d76-eefca67c97ef,2015-03-24 13:21:37,informant-PC, Service Control Manager ,System,0,0,1,0,0,0,0,None,488,System,7036,0,0,0,0,0,0,0,0,0,0,0x8080000000000000,0,0,0,1,0,0,0,2015-03-24 13:21:37,1427203297.0,13,21
2141511,59017,7ab33fd1-f0e2-4b57-8a76-5065cc2dbb29,2015-03-24 13:21:37,informant-PC, Service Control Manager ,System,0,0,1,0,0,0,0,None,488,System,7036,0,0,0,0,0,0,0,0,0,0,0x8080000000000000,0,0,0,1,0,0,0,2015-03-24 13:21:37,1427203297.0,13,21
2141512,59017,cf87a6d6-973d-4e4a-a7f7-48629f3340f4,2015-03-24 13:21:37,informant-PC, Service Control Manager ,System,0,0,1,0,0,0,0,None,488,System,7036,0,0,0,0,0,0,0,0,0,0,0x8080000000000000,0,0,0,1,0,0,0,2015-03-24 13:21:37,1427203297.0,13,21
2141513,59017,e4e77726-cebf-4567-81dc-d66aca6f3d3b,2015-03-24 13:21:37,informant-PC, Service Control Manager ,System,0,0,1,0,0,0,0,None,488,System,7036,0,0,0,0,0,0,0,0,0,0,0x8080000000000000,0,0,0,1,0,0,0,2015-03-24 13:21:37,1427203297.0,13,21
2141514,59017,2a83a3b9-0486-48b3-8ad9-c867332c7374,2015-03-24 13:21:37,informant-PC, Service Control Manager ,System,0,0,1,0,0,0,0,None,488,System,7036,0,0,0,0,0,0,0,0,0,0,0x8080000000000000,0,0,0,1,0,0,0,2015-03-24 13:21:37,1427203297.0,13,21
2141515,59017,8a36a5b8-d20e-47a3-bb0d-e03e560558e3,2015-03-24 13:21:37,informant-PC, Service Control Manager ,System,0,0,1,0,0,0,0,None,488,System,7036,0,0,0,0,0,0,0,0,0,0,0x8080000000000000,0,0,0,1,0,0,0,2015-03-24 13:21:37,1427203297.0,13,21
2141516,59017,4a842578-5a39-4060-a267-0fb773c214a9,2015-03-24 13:21:37,informant-PC, Service Control Manager ,System,0,0,1,0,0,0,0,None,488,System,7036,0,0,0,0,0,0,0,0,0,0,0x8080000000000000,0,0,0,1,0,0,0,2015-03-24 13:21:37,1427203297.0,13,21
2141517,59017,5efd5b88-1fe5-4b17-af57-ff5fc9d4710c,2015-03-24 13:21:37,informant-PC, Service Control Manager ,System,0,0,1,0,0,0,0,None,488,System,7036,0,0,0,0,0,0,0,0,0,0,0x8080000000000000,0,0,0,1,0,0,0,2015-03-24 13:21:37,1427203297.0,13,21
2141518,59042,18792548-97da-4244-973d-e1ef981c0016,2015-03-24 13:21:37,informant-PC, Microsoft-Windows-GroupPolicy ,Other,0,0,0,0,0,1,0,None,888,Microsoft-Windows-GroupPolicy/Operational,5320,0,0,0,0,0,0,0,0,0,0,0x4000000000000000,0,0,1,0,0,0,0,2015-03-24 13:21:37,1427203297.0,13,21
2141519,59017,b809061a-76a4-4afd-8a23-f7fce8cf01bc,2015-03-24 13:21:37,informant-PC, Microsoft-Windows-Dhcp-Client ,System,0,0,1,0,0,0,0,None,760,System,50036,0,0,0,0,0,0,0,0,0,4,0x2000000000000000,0,1,0,0,0,0,0,2015-03-24 13:21:37,1427203297.0,13,21
2141520,59042,c51c0947-5772-40bf-9874-a93fd11a0676,2015-03-24 13:21:37,informant-PC, Microsoft-Windows-GroupPolicy ,Other,0,0,0,0,0,1,0,None,888,Microsoft-Windows-GroupPolicy/Operational,5320,0,0,0,0,0,0,0,0,0,0,0x4000000000000000,0,0,1,0,0,0,0,2015-03-24 13:21:37,1427203297.0,13,21
2141521,59042,1f1fa264-c1f9-4a69-90fb-f1324f4913c7,2015-03-24 13:21:37,informant-PC, Microsoft-Windows-GroupPolicy ,Other,0,0,0,0,0,1,0,None,888,Microsoft-Windows-GroupPolicy/Operational,4000,0,0,0,0,0,0,0,0,0,0,0x4000000000000000,0,0,1,0,0,0,0,2015-03-24 13:21:37,1427203297.0,13,21
2141522,59042,693463cd-a7a9-42b7-8217-2f92d8cc8e2b,2015-03-24 13:21:37,informant-PC, Microsoft-Windows-GroupPolicy ,Other,0,0,0,0,0,1,0,None,888,Microsoft-Windows-GroupPolicy/Operational,5313,0,0,0,0,0,0,0,0,0,0,0x4000000000000000,0,0,1,0,0,0,0,2015-03-24 13:21:37,1427203297.0,13,21
2141523,59042,c73c41f3-d5d0-40e8-bd39-388a2370dd28,2015-03-24 13:21:37,informant-PC, Microsoft-Windows-GroupPolicy ,Other,0,0,0,0,0,1,0,None,888,Microsoft-Windows-GroupPolicy/Operational,5311,0,0,0,0,0,0,0,0,0,0,0x4000000000000000,0,0,1,0,0,0,0,2015-03-24 13:21:37,1427203297.0,13,21
2141524,59042,f601c8fd-b4a8-42c3-95c4-e704223969cf,2015-03-24 13:21:37,informant-PC, Microsoft-Windows-GroupPolicy ,Other,0,0,0,0,0,1,0,None,888,Microsoft-Windows-GroupPolicy/Operational,5320,0,0,0,0,0,0,0,0,0,0,0x4000000000000000,0,0,1,0,0,0,0,2015-03-24 13:21:37,1427203297.0,13,21
2141525,59042,f566f3dc-9bda-42c4-aacc-ea748c5eba4b,2015-03-24 13:21:37,informant-PC, Microsoft-Windows-GroupPolicy ,Other,0,0,0,0,0,1,0,None,888,Microsoft-Windows-GroupPolicy/Operational,5313,0,0,0,0,0,0,0,0,0,0,0x4000000000000000,0,0,1,0,0,0,0,2015-03-24 13:21:37,1427203297.0,13,21
2141526,59042,3915a002-fcec-4956-9540-3c78f3850c55,2015-03-24 13:21:37,informant-PC, Microsoft-Windows-GroupPolicy ,Other,0,0,0,0,0,1,0,None,888,Microsoft-Windows-GroupPolicy/Operational,5320,0,0,0,0,0,0,0,0,0,0,0x4000000000000000,0,0,1,0,0,0,0,2015-03-24 13:21:37,1427203297.0,13,21
2141527,59042,ff2749d9-2cdd-420f-8e7c-02554615b51e,2015-03-24 13:21:37,informant-PC, Microsoft-Windows-GroupPolicy ,Other,0,0,0,0,0,1,0,None,888,Microsoft-Windows-GroupPolicy/Operational,5320,0,0,0,0,0,0,0,0,0,0,0x4000000000000000,0,0,1,0,0,0,0,2015-03-24 13:21:37,1427203297.0,13,21
2141528,59042,71d5f829-ac5b-494b-b965-af99d7647815,2015-03-24 13:21:37,informant-PC, Microsoft-Windows-GroupPolicy ,Other,0,0,0,0,0,1,0,None,888,Microsoft-Windows-GroupPolicy/Operational,5312,0,0,0,0,0,0,0,0,0,0,0x4000000000000000,0,0,1,0,0,0,0,2015-03-24 13:21:37,1427203297.0,13,21
2141529,59017,76c44bfd-25c5-4ef2-9202-643258489834,2015-03-24 13:21:37,informant-PC, Microsoft-Windows-Dhcp-Client ,System,0,0,1,0,0,0,0,None,760,System,50036,0,0,0,0,0,0,0,0,0,4,0x2000000000000000,0,1,0,0,0,0,0,2015-03-24 13:21:37,1427203297.0,13,21
2141530,59042,ae79c30a-074f-4b74-ae40-b0dc8fe13cf1,2015-03-24 13:21:37,informant-PC, Microsoft-Windows-GroupPolicy ,Other,0,0,0,0,0,1,0,None,888,Microsoft-Windows-GroupPolicy/Operational,5320,0,0,0,0,0,0,0,0,0,0,0x4000000000000000,0,0,1,0,0,0,0,2015-03-24 13:21:37,1427203297.0,13,21
2141531,59042,1bb6b72e-cdc1-488d-96e8-4a81e0c1b216,2015-03-24 13:21:37,informant-PC, Microsoft-Windows-GroupPolicy ,Other,0,0,0,0,0,1,0,None,888,Microsoft-Windows-GroupPolicy/Operational,4000,0,0,0,0,0,0,0,0,0,0,0x4000000000000000,0,0,1,0,0,0,0,2015-03-24 13:21:37,1427203297.0,13,21
2141532,59042,72c705cd-f911-4da1-afd8-e0d723f72d72,2015-03-24 13:21:37,informant-PC, Microsoft-Windows-GroupPolicy ,Other,0,0,0,0,0,1,0,None,888,Microsoft-Windows-GroupPolicy/Operational,5311,0,0,0,0,0,0,0,0,0,0,0x4000000000000000,0,0,1,0,0,0,0,2015-03-24 13:21:37,1427203297.0,13,21
2141533,59042,1a5829df-cdac-496c-9140-30f342d875ea,2015-03-24 13:21:37,informant-PC, Microsoft-Windows-GroupPolicy ,Other,0,0,0,0,0,1,0,None,888,Microsoft-Windows-GroupPolicy/Operational,5312,0,0,0,0,0,0,0,0,0,0,0x4000000000000000,0,0,1,0,0,0,0,2015-03-24 13:21:37,1427203297.0,13,21
2141534,59017,9b560c01-0e6b-4a41-90a4-2513f575c914,2015-03-24 13:21:37,informant-PC, Microsoft-Windows-DHCPv6-Client ,System,0,0,1,0,0,0,0,None,760,System,51046,0,0,0,0,0,0,0,0,0,4,0x2000000000000000,0,1,0,0,0,0,0,2015-03-24 13:21:37,1427203297.0,13,21
2141535,59017,80255625-67e9-41fc-928f-171a890fb902,2015-03-24 13:21:37,informant-PC, Microsoft-Windows-DHCPv6-Client ,System,0,0,1,0,0,0,0,None,760,System,51046,0,0,0,0,0,0,0,0,0,4,0x2000000000000000,0,1,0,0,0,0,0,2015-03-24 13:21:37,1427203297.0,13,21
2141536,59042,81b22265-c66d-4d2b-b3bc-499e42a713c6,2015-03-24 13:21:37,informant-PC, Microsoft-Windows-GroupPolicy ,Other,0,0,0,0,0,1,0,None,888,Microsoft-Windows-GroupPolicy/Operational,8000,0,0,0,0,0,0,0,0,0,0,0x4000000000000000,0,0,1,0,0,0,0,2015-03-24 13:21:37,1427203297.0,13,21
2141537,59042,505f5193-a0dc-4ffa-ba8e-cb5efa82f060,2015-03-24 13:21:37,informant-PC, Microsoft-Windows-GroupPolicy ,Other,0,0,0,0,0,1,0,None,888,Microsoft-Windows-GroupPolicy/Operational,8000,0,0,0,0,0,0,0,0,0,0,0x4000000000000000,0,0,1,0,0,0,0,2015-03-24 13:21:37,1427203297.0,13,21
2141538,59042,df1590b7-8869-4525-a0c9-d55e9e1f80c2,2015-03-24 13:21:37,informant-PC, Microsoft-Windows-GroupPolicy ,Other,0,0,0,0,0,1,0,None,888,Microsoft-Windows-GroupPolicy/Operational,5315,0,0,0,0,0,0,0,0,0,0,0x4000000000000000,0,0,1,0,0,0,0,2015-03-24 13:21:37,1427203297.0,13,21
2141539,59042,17d5fcef-bf5f-48cf-b79a-db7ef77a7a60,2015-03-24 13:21:37,informant-PC, Microsoft-Windows-GroupPolicy ,Other,0,0,0,0,0,1,0,None,888,Microsoft-Windows-GroupPolicy/Operational,5315,0,0,0,0,0,0,0,0,0,0,0x4000000000000000,0,0,1,0,0,0,0,2015-03-24 13:21:37,1427203297.0,13,21
2141540,59017,df34b76e-7a07-408b-9753-b46330f56435,2015-03-24 13:21:37,informant-PC, Service Control Manager ,System,0,0,1,0,0,0,0,None,488,System,7036,0,0,0,0,0,0,0,0,0,0,0x8080000000000000,0,0,0,1,0,0,0,2015-03-24 13:21:37,1427203297.0,13,21
2141541,59017,4f3e70d3-480a-4aa7-a4d5-16de2f29fa32,2015-03-24 13:21:37,informant-PC, Service Control Manager ,System,0,0,1,0,0,0,0,None,488,System,7036,0,0,0,0,0,0,0,0,0,0,0x8080000000000000,0,0,0,1,0,0,0,2015-03-24 13:21:37,1427203297.0,13,21
2141542,59017,f945b3b9-2482-4a4f-91d4-583cc9425ea8,2015-03-24 13:21:37,informant-PC, Service Control Manager ,System,0,0,1,0,0,0,0,None,488,System,7036,0,0,0,0,0,0,0,0,0,0,0x8080000000000000,0,0,0,1,0,0,0,2015-03-24 13:21:37,1427203297.0,13,21
2141543,59017,3e1ae43a-145b-43e9-912d-f10301bc4eaf,2015-03-24 13:21:37,informant-PC, Service Control Manager ,System,0,0,1,0,0,0,0,None,488,System,7036,0,0,0,0,0,0,0,0,0,0,0x8080000000000000,0,0,0,1,0,0,0,2015-03-24 13:21:37,1427203297.0,13,21
2141544,59017,d7e3ed91-a26d-4c92-8aa0-9e4c398b7695,2015-03-24 13:21:37,informant-PC, Service Control Manager ,System,0,0,1,0,0,0,0,None,488,System,7036,0,0,0,0,0,0,0,0,0,0,0x8080000000000000,0,0,0,1,0,0,0,2015-03-24 13:21:37,1427203297.0,13,21
2141545,59017,68bbc88b-fd0b-4280-9c93-fcf3b55afe99,2015-03-24 13:21:37,informant-PC, Service Control Manager ,System,0,0,1,0,0,0,0,None,488,System,7036,0,0,0,0,0,0,0,0,0,0,0x8080000000000000,0,0,0,1,0,0,0,2015-03-24 13:21:37,1427203297.0,13,21
2141563,59017,3a37fca9-0e21-4132-950a-64f4c7c6ef2f,2015-03-24 13:21:37,informant-PC, Service Control Manager ,System,0,0,1,0,0,0,0,None,488,System,7036,0,0,0,0,0,0,0,0,0,0,0x8080000000000000,0,0,0,1,0,0,0,2015-03-24 13:21:37,1427203297.0,13,21
2141564,59017,d9c2fa5a-c36b-4d88-87d0-93a7b9e3c395,2015-03-24 13:21:37,informant-PC, Service Control Manager ,System,0,0,1,0,0,0,0,None,488,System,7036,0,0,0,0,0,0,0,0,0,0,0x8080000000000000,0,0,0,1,0,0,0,2015-03-24 13:21:37,1427203297.0,13,21
2141568,59019,c67fb192-bd45-4707-b6eb-3e3f98bb621d,2015-03-24 13:21:37,informant-PC, Microsoft-Windows-Security-Auditing ,Security,1,0,0,0,0,0,0,None,496,Security,4672,0,0,0,1,0,0,0,0,0,12548,0x8020000000000000,0,0,0,1,0,0,0,2015-03-24 13:21:37,1427203297.0,13,21
2141569,59019,16843fe1-1b79-4641-8cb1-89c086549858,2015-03-24 13:21:37,informant-PC, Microsoft-Windows-Security-Auditing ,Security,1,0,0,0,0,0,0,S-1-5-18,496,Security,4624,0,0,0,1,0,0,0,0,0,12544,0x8020000000000000,0,0,0,1,0,0,0,2015-03-24 13:21:37,1427203297.0,13,21
2141570,59019,c6bc352d-9857-4619-82ed-f4ad0f35a4d2,2015-03-24 13:21:37,informant-PC, Microsoft-Windows-Security-Auditing ,Security,1,0,0,0,0,0,0,None,496,Security,4672,0,0,0,1,0,0,0,0,0,12548,0x8020000000000000,0,0,0,1,0,0,0,2015-03-24 13:21:37,1427203297.0,13,21
2141571,59019,4d2436d7-b7d0-4e74-b7f5-16914c2c8372,2015-03-24 13:21:37,informant-PC, Microsoft-Windows-Security-Auditing ,Security,1,0,0,0,0,0,0,S-1-5-18,496,Security,4624,0,0,0,1,0,0,0,0,0,12544,0x8020000000000000,0,0,0,1,0,0,0,2015-03-24 13:21:37,1427203297.0,13,21
2141588,59018,e397fb9b-d435-40b8-a78e-1fcfab0f60ee,2015-03-24 13:21:38,informant-PC, Bonjour Service ,Application,0,1,0,0,0,0,0,None,None,Application,100,0,0,0,0,0,0,0,0,0,0,0x0080000000000000,0,0,0,0,0,0,0,2015-03-24 13:21:38,1427203298.0,13,21
2141589,59018,983c47e0-7c1d-43e8-8cfa-80fc25f7301a,2015-03-24 13:21:38,informant-PC, Bonjour Service ,Application,0,1,0,0,0,0,0,None,None,Application,100,0,0,0,0,0,0,0,0,0,0,0x0080000000000000,0,0,0,0,0,0,0,2015-03-24 13:21:38,1427203298.0,13,21
2141590,59018,cf2a4161-5bf1-422b-85b5-541ad270025d,2015-03-24 13:21:38,informant-PC, Bonjour Service ,Application,0,1,0,0,0,0,0,None,None,Application,100,0,0,0,0,0,0,0,0,0,0,0x0080000000000000,0,0,0,0,0,0,0,2015-03-24 13:21:38,1427203298.0,13,21
2141591,59018,10b99756-baf4-404a-8c3b-cbfaf6f934a6,2015-03-24 13:21:38,informant-PC, Bonjour Service ,Application,0,1,0,0,0,0,0,None,None,Application,100,0,0,0,0,0,0,0,0,0,0,0x0080000000000000,0,0,0,0,0,0,0,2015-03-24 13:21:38,1427203298.0,13,21
2141592,59018,6602f99b-8928-409d-b117-7e9a6a88acb3,2015-03-24 13:21:38,informant-PC, Bonjour Service ,Application,0,1,0,0,0,0,0,None,None,Application,100,0,0,0,0,0,0,0,0,0,0,0x0080000000000000,0,0,0,0,0,0,0,2015-03-24 13:21:38,1427203298.0,13,21
2141593,59018,d23f387b-ea97-4bdc-ba45-cc7d7ed92c8e,2015-03-24 13:21:38,informant-PC, Bonjour Service ,Application,0,1,0,0,0,0,0,None,None,Application,100,0,0,0,0,0,0,0,0,0,0,0x0080000000000000,0,0,0,0,0,0,0,2015-03-24 13:21:38,1427203298.0,13,21
2141594,59018,824efa38-83b7-4770-86f7-9a65306f562a,2015-03-24 13:21:38,informant-PC, WinMgmt ,Application,0,1,0,0,0,0,0,None,0,Application,5615,0,0,0,0,0,0,0,0,0,0,0x0080000000000000,0,0,0,0,0,0,0,2015-03-24 13:21:38,1427203298.0,13,21
2141595,59018,9b74577d-f747-452d-9ad3-2a3e110c7305,2015-03-24 13:21:38,informant-PC, WinMgmt ,Application,0,1,0,0,0,0,0,None,0,Application,5615,0,0,0,0,0,0,0,0,0,0,0x0080000000000000,0,0,0,0,0,0,0,2015-03-24 13:21:38,1427203298.0,13,21
2141597,59017,a7b55eea-cd73-49e8-8266-e9f647f4f8a2,2015-03-24 13:21:38,informant-PC, Service Control Manager ,System,0,0,1,0,0,0,0,None,488,System,7036,0,0,0,0,0,0,0,0,0,0,0x8080000000000000,0,0,0,1,0,0,0,2015-03-24 13:21:38,1427203298.0,13,21
2141601,59017,1bdc79a7-3a04-4f8c-9dda-6992ac2e634e,2015-03-24 13:21:38,informant-PC, Service Control Manager ,System,0,0,1,0,0,0,0,None,488,System,7036,0,0,0,0,0,0,0,0,0,0,0x8080000000000000,0,0,0,1,0,0,0,2015-03-24 13:21:38,1427203298.0,13,21
2141634,59019,1ed6cc07-70e9-4415-8c22-972cf33cd9d9,2015-03-24 13:21:38,informant-PC, Microsoft-Windows-Security-Auditing ,Security,1,0,0,0,0,0,0,None,4,Security,5033,0,0,0,0,0,0,0,0,1,12292,0x8020000000000000,0,0,0,1,0,0,0,2015-03-24 13:21:38,1427203298.0,13,21
2141635,59017,9b2de8bf-9013-4088-b59c-65de64395f74,2015-03-24 13:21:38,informant-PC, Service Control Manager ,System,0,0,1,0,0,0,0,None,488,System,7036,0,0,0,0,0,0,0,0,0,0,0x8080000000000000,0,0,0,1,0,0,0,2015-03-24 13:21:38,1427203298.0,13,21
2141636,59019,d2275314-e729-438f-92bd-e5306f277e05,2015-03-24 13:21:38,informant-PC, Microsoft-Windows-Security-Auditing ,Security,1,0,0,0,0,0,0,None,4,Security,5033,0,0,0,0,0,0,0,0,1,12292,0x8020000000000000,0,0,0,1,0,0,0,2015-03-24 13:21:38,1427203298.0,13,21
2141637,59017,31ee1c09-c5d4-465b-b537-9af34e51f3e8,2015-03-24 13:21:38,informant-PC, Service Control Manager ,System,0,0,1,0,0,0,0,None,488,System,7036,0,0,0,0,0,0,0,0,0,0,0x8080000000000000,0,0,0,1,0,0,0,2015-03-24 13:21:38,1427203298.0,13,21
2141640,59017,00b52889-839f-412d-a3a5-2a8801f55b5d,2015-03-24 13:21:38,informant-PC, Service Control Manager ,System,0,0,1,0,0,0,0,None,488,System,7036,0,0,0,0,0,0,0,0,0,0,0x8080000000000000,0,0,0,1,0,0,0,2015-03-24 13:21:38,1427203298.0,13,21
2141641,59017,f78044c1-3357-4a5f-8841-0a040ae83575,2015-03-24 13:21:38,informant-PC, Service Control Manager ,System,0,0,1,0,0,0,0,None,488,System,7036,0,0,0,0,0,0,0,0,0,0,0x8080000000000000,0,0,0,1,0,0,0,2015-03-24 13:21:38,1427203298.0,13,21
2141644,59017,bd9c4a80-3e5a-4e45-81d8-541b43e6295c,2015-03-24 13:21:38,informant-PC, Service Control Manager ,System,0,0,1,0,0,0,0,None,488,System,7036,0,0,0,0,0,0,0,0,0,0,0x8080000000000000,0,0,0,1,0,0,0,2015-03-24 13:21:38,1427203298.0,13,21
2141645,59017,036adf57-6961-4687-8f37-5cc2f5e7bb9d,2015-03-24 13:21:38,informant-PC, Service Control Manager ,System,0,0,1,0,0,0,0,None,488,System,7036,0,0,0,0,0,0,0,0,0,0,0x8080000000000000,0,0,0,1,0,0,0,2015-03-24 13:21:38,1427203298.0,13,21
2141648,59041,17cadb72-1968-493c-8b87-c6bc7823b662,2015-03-24 13:21:38,informant-PC, Microsoft-Windows-BranchCacheSMB ,Other,0,0,0,0,0,1,0,None,820,Microsoft-Windows-BranchCacheSMB/Operational,3001,0,0,0,0,0,0,0,0,0,0,0x8000000000000800,0,0,0,1,0,0,0,2015-03-24 13:21:38,1427203298.0,13,21
2141649,59041,ae4e37f3-6fed-43fe-a3d7-324217a63f29,2015-03-24 13:21:38,informant-PC, Microsoft-Windows-BranchCacheSMB ,Other,0,0,0,0,0,1,0,None,820,Microsoft-Windows-BranchCacheSMB/Operational,3001,0,0,0,0,0,0,0,0,0,0,0x8000000000000800,0,0,0,1,0,0,0,2015-03-24 13:21:38,1427203298.0,13,21
2141650,59019,43d535fd-aa85-4230-975e-428476de4bdd,2015-03-24 13:21:38,informant-PC, Microsoft-Windows-Security-Auditing ,Security,1,0,0,0,0,0,0,None,496,Security,5024,0,0,0,0,0,0,0,0,1,12292,0x8020000000000000,0,0,0,1,0,0,0,2015-03-24 13:21:38,1427203298.0,13,21
2141651,59019,c5b428cd-5e47-42a7-85e4-117c10fa563d,2015-03-24 13:21:38,informant-PC, Microsoft-Windows-Security-Auditing ,Security,1,0,0,0,0,0,0,None,496,Security,5024,0,0,0,0,0,0,0,0,1,12292,0x8020000000000000,0,0,0,1,0,0,0,2015-03-24 13:21:38,1427203298.0,13,21
2141664,59017,db975588-2bfd-46b9-a869-fe2bcec0bdc1,2015-03-24 13:21:38,informant-PC, Service Control Manager ,System,0,0,1,0,0,0,0,None,488,System,7036,0,0,0,0,0,0,0,0,0,0,0x8080000000000000,0,0,0,1,0,0,0,2015-03-24 13:21:38,1427203298.0,13,21
2141665,59017,15c9d776-db5a-454b-8401-f8a9cae12de7,2015-03-24 13:21:38,informant-PC, Service Control Manager ,System,0,0,1,0,0,0,0,None,488,System,7036,0,0,0,0,0,0,0,0,0,0,0x8080000000000000,0,0,0,1,0,0,0,2015-03-24 13:21:38,1427203298.0,13,21
2141666,59017,8559a6c9-2c13-441d-a2ac-6d156a31192b,2015-03-24 13:21:38,informant-PC, Service Control Manager ,System,0,0,1,0,0,0,0,None,488,System,7036,0,0,0,0,0,0,0,0,0,0,0x8080000000000000,0,0,0,1,0,0,0,2015-03-24 13:21:38,1427203298.0,13,21
2141667,59017,20056e48-0cb2-4bc4-9bd3-023f0cc52ddc,2015-03-24 13:21:38,informant-PC, Service Control Manager ,System,0,0,1,0,0,0,0,None,488,System,7036,0,0,0,0,0,0,0,0,0,0,0x8080000000000000,0,0,0,1,0,0,0,2015-03-24 13:21:38,1427203298.0,13,21
2141670,59017,12047e3f-e28d-4568-927c-c7eb3687b8a3,2015-03-24 13:21:38,informant-PC, Service Control Manager ,System,0,0,1,0,0,0,0,None,488,System,7036,0,0,0,0,0,0,0,0,0,0,0x8080000000000000,0,0,0,1,0,0,0,2015-03-24 13:21:38,1427203298.0,13,21
2141671,59017,e1f15029-3aee-4f06-b6cc-d2ba9cef721e,2015-03-24 13:21:38,informant-PC, Service Control Manager ,System,0,0,1,0,0,0,0,None,488,System,7036,0,0,0,0,0,0,0,0,0,0,0x8080000000000000,0,0,0,1,0,0,0,2015-03-24 13:21:38,1427203298.0,13,21
2141672,59017,772aeb1f-a586-4a82-999c-ca10db75caa1,2015-03-24 13:21:38,informant-PC, Microsoft-Windows-Application-Experience ,System,0,0,1,0,0,0,0,None,820,System,201,0,0,0,0,0,0,0,0,0,0,0x8000000000000000,0,0,0,1,0,0,0,2015-03-24 13:21:38,1427203298.0,13,21
2141673,59017,5dddd02b-05be-45f6-8b43-090fd9694e39,2015-03-24 13:21:38,informant-PC, Microsoft-Windows-Application-Experience ,System,0,0,1,0,0,0,0,None,820,System,201,0,0,0,0,0,0,0,0,0,0,0x8000000000000000,0,0,0,1,0,0,0,2015-03-24 13:21:38,1427203298.0,13,21
2141674,59017,490a02a2-98e0-4ea4-8f57-5877924d3b87,2015-03-24 13:21:38,informant-PC, Service Control Manager ,System,0,0,1,0,0,0,0,None,488,System,7036,0,0,0,0,0,0,0,0,0,0,0x8080000000000000,0,0,0,1,0,0,0,2015-03-24 13:21:38,1427203298.0,13,21
2141675,59017,a8233b54-3b52-4eb2-9e4a-bef437387d92,2015-03-24 13:21:38,informant-PC, Service Control Manager ,System,0,0,1,0,0,0,0,None,488,System,7036,0,0,0,0,0,0,0,0,0,0,0x8080000000000000,0,0,0,1,0,0,0,2015-03-24 13:21:38,1427203298.0,13,21
2141676,59017,01fae13f-17cb-4e71-9cfa-735ebb1f5797,2015-03-24 13:21:38,informant-PC, Service Control Manager ,System,0,0,1,0,0,0,0,None,488,System,7036,0,0,0,0,0,0,0,0,0,0,0x8080000000000000,0,0,0,1,0,0,0,2015-03-24 13:21:38,1427203298.0,13,21
2141677,59017,65e071f5-fa52-4408-a917-bd662da72422,2015-03-24 13:21:38,informant-PC, Service Control Manager ,System,0,0,1,0,0,0,0,None,488,System,7036,0,0,0,0,0,0,0,0,0,0,0x8080000000000000,0,0,0,1,0,0,0,2015-03-24 13:21:38,1427203298.0,13,21
2141692,59017,235974e0-41fa-4ce1-98c2-6321a5951cb8,2015-03-24 13:21:38,informant-PC, Service Control Manager ,System,0,0,1,0,0,0,0,None,488,System,7036,0,0,0,0,0,0,0,0,0,0,0x8080000000000000,0,0,0,1,0,0,0,2015-03-24 13:21:38,1427203298.0,13,21
2141693,59017,769fe7a6-7e85-4945-8eaa-41b538facf69,2015-03-24 13:21:38,informant-PC, Service Control Manager ,System,0,0,1,0,0,0,0,None,488,System,7036,0,0,0,0,0,0,0,0,0,0,0x8080000000000000,0,0,0,1,0,0,0,2015-03-24 13:21:38,1427203298.0,13,21
2141694,59057,eee64545-3d06-46f0-b972-1069da4055a1,2015-03-24 13:21:38,informant-PC, Microsoft-Windows-Windows Firewall With Advanced Security ,Other,0,0,0,0,0,1,0,None,1180,Microsoft-Windows-Windows Firewall With Advanced Security/Firewall,2011,0,0,0,0,0,0,0,0,0,0,0x8000000000000000,0,0,0,1,0,0,0,2015-03-24 13:21:38,1427203298.0,13,21
2141695,59057,711f6edd-8579-47c1-9581-e8abc416c925,2015-03-24 13:21:38,informant-PC, Microsoft-Windows-Windows Firewall With Advanced Security ,Other,0,0,0,0,0,1,0,None,1180,Microsoft-Windows-Windows Firewall With Advanced Security/Firewall,2011,0,0,0,0,0,0,0,0,0,0,0x8000000000000000,0,0,0,1,0,0,0,2015-03-24 13:21:38,1427203298.0,13,21
2141697,59017,6f2ebdb8-ad13-45eb-a657-ac0ffb438b42,2015-03-24 13:21:38,informant-PC, Service Control Manager ,System,0,0,1,0,0,0,0,None,488,System,7036,0,0,0,0,0,0,0,0,0,0,0x8080000000000000,0,0,0,1,0,0,0,2015-03-24 13:21:38,1427203298.0,13,21
2141699,59017,634dff7e-ede0-48bd-b53d-9e015d9427c0,2015-03-24 13:21:38,informant-PC, Service Control Manager ,System,0,0,1,0,0,0,0,None,488,System,7036,0,0,0,0,0,0,0,0,0,0,0x8080000000000000,0,0,0,1,0,0,0,2015-03-24 13:21:38,1427203298.0,13,21
2142044,59017,0e3bfad7-68a4-449c-bc2b-b62eefe1ceed,2015-03-24 13:21:38,informant-PC, Service Control Manager ,System,0,0,1,0,0,0,0,None,488,System,7036,0,0,0,0,0,0,0,0,0,0,0x8080000000000000,0,0,0,1,0,0,0,2015-03-24 13:21:38,1427203298.0,13,21
2142054,59017,ad2e086f-7c60-41da-ac8b-8ce8b0d1c5d3,2015-03-24 13:21:38,informant-PC, Service Control Manager ,System,0,0,1,0,0,0,0,None,488,System,7036,0,0,0,0,0,0,0,0,0,0,0x8080000000000000,0,0,0,1,0,0,0,2015-03-24 13:21:38,1427203298.0,13,21
2142198,59017,2dcad9f7-fc4e-417d-ae61-9e67bdba42c7,2015-03-24 13:21:38,informant-PC, Service Control Manager ,System,0,0,1,0,0,0,0,None,488,System,7036,0,0,0,0,0,0,0,0,0,0,0x8080000000000000,0,0,0,1,0,0,0,2015-03-24 13:21:38,1427203298.0,13,21
2142199,59017,21e61316-fc93-4974-8daf-c7aa3194c57c,2015-03-24 13:21:38,informant-PC, Service Control Manager ,System,0,0,1,0,0,0,0,None,488,System,7036,0,0,0,0,0,0,0,0,0,0,0x8080000000000000,0,0,0,1,0,0,0,2015-03-24 13:21:38,1427203298.0,13,21
2142264,59019,63704b50-73ac-41ea-960f-0411091271ab,2015-03-24 13:21:38,informant-PC, Microsoft-Windows-Security-Auditing ,Security,1,0,0,0,0,0,0,S-1-5-7,496,Security,4624,0,0,0,1,0,0,0,0,0,12544,0x8020000000000000,0,0,0,1,0,0,0,2015-03-24 13:21:38,1427203298.0,13,21
2142265,59019,84a89af7-fd50-437d-a151-e5127399dc59,2015-03-24 13:21:38,informant-PC, Microsoft-Windows-Security-Auditing ,Security,1,0,0,0,0,0,0,S-1-5-7,496,Security,4624,0,0,0,1,0,0,0,0,0,12544,0x8020000000000000,0,0,0,1,0,0,0,2015-03-24 13:21:38,1427203298.0,13,21
2142270,59017,e2746ae2-bdd7-446d-9b52-cca36dfd89f1,2015-03-24 13:21:38,informant-PC, Service Control Manager ,System,0,0,1,0,0,0,0,None,488,System,7036,0,0,0,0,0,0,0,0,0,0,0x8080000000000000,0,0,0,1,0,0,0,2015-03-24 13:21:38,1427203298.0,13,21
2142271,59017,c3759071-f0d2-4ab3-81a1-9b1e494da718,2015-03-24 13:21:38,informant-PC, Service Control Manager ,System,0,0,1,0,0,0,0,None,488,System,7036,0,0,0,0,0,0,0,0,0,0,0x8080000000000000,0,0,0,1,0,0,0,2015-03-24 13:21:38,1427203298.0,13,21
2142272,59018,58394116-5cd1-4247-870d-25106ba5198f,2015-03-24 13:21:39,informant-PC, WinMgmt ,Application,0,1,0,0,0,0,0,None,0,Application,5617,0,0,0,0,0,0,0,0,0,0,0x0080000000000000,0,0,0,0,0,0,0,2015-03-24 13:21:39,1427203299.0,13,21
2142273,59018,c64cc1d5-3052-4acf-95f2-c81d46fbbc3d,2015-03-24 13:21:39,informant-PC, WinMgmt ,Application,0,1,0,0,0,0,0,None,0,Application,5617,0,0,0,0,0,0,0,0,0,0,0x0080000000000000,0,0,0,0,0,0,0,2015-03-24 13:21:39,1427203299.0,13,21
2142276,59017,38034fcd-cab4-46e6-a6af-35147c0215fc,2015-03-24 13:21:39,informant-PC, Service Control Manager ,System,0,0,1,0,0,0,0,None,488,System,7036,0,0,0,0,0,0,0,0,0,0,0x8080000000000000,0,0,0,1,0,0,0,2015-03-24 13:21:39,1427203299.0,13,21
2142277,59017,667413b4-57db-4ef3-9599-fd01ee5cf749,2015-03-24 13:21:39,informant-PC, Service Control Manager ,System,0,0,1,0,0,0,0,None,488,System,7036,0,0,0,0,0,0,0,0,0,0,0x8080000000000000,0,0,0,1,0,0,0,2015-03-24 13:21:39,1427203299.0,13,21
2142278,59061,d875df87-9e24-480b-b7e5-80246a7a25e9,2015-03-24 13:21:39,informant-PC, Microsoft-Windows-Diagnosis-DPS ,Other,0,0,0,0,0,1,0,None,1180,Microsoft-Windows-Diagnosis-DPS/Operational,100,0,0,0,0,0,0,0,0,0,1,0x4000000800000000,0,0,1,0,0,0,0,2015-03-24 13:21:39,1427203299.0,13,21
2142279,59061,d44b119f-9a8c-4c96-9e04-d7829eee41ec,2015-03-24 13:21:39,informant-PC, Microsoft-Windows-Diagnosis-DPS ,Other,0,0,0,0,0,1,0,None,1180,Microsoft-Windows-Diagnosis-DPS/Operational,105,0,0,0,0,0,0,0,0,0,1,0x4000000800000000,0,0,1,0,0,0,0,2015-03-24 13:21:39,1427203299.0,13,21
2142280,59061,4926c792-f396-45d4-852e-d2cd080429ed,2015-03-24 13:21:39,informant-PC, Microsoft-Windows-Diagnosis-DPS ,Other,0,0,0,0,0,1,0,None,1180,Microsoft-Windows-Diagnosis-DPS/Operational,100,0,0,0,0,0,0,0,0,0,1,0x4000000800000000,0,0,1,0,0,0,0,2015-03-24 13:21:39,1427203299.0,13,21
2142281,59061,80b620ae-7a50-4bd3-874e-1e04c6c00c94,2015-03-24 13:21:39,informant-PC, Microsoft-Windows-Diagnosis-DPS ,Other,0,0,0,0,0,1,0,None,1180,Microsoft-Windows-Diagnosis-DPS/Operational,105,0,0,0,0,0,0,0,0,0,1,0x4000000800000000,0,0,1,0,0,0,0,2015-03-24 13:21:39,1427203299.0,13,21
2142282,59017,8df428dd-10d7-4c9b-be3e-8c50eeeb19eb,2015-03-24 13:21:39,informant-PC, Service Control Manager ,System,0,0,1,0,0,0,0,None,488,System,7036,0,0,0,0,0,0,0,0,0,0,0x8080000000000000,0,0,0,1,0,0,0,2015-03-24 13:21:39,1427203299.0,13,21
2142283,59017,7d14d162-27b7-4bfa-a9c1-b83bb524bfce,2015-03-24 13:21:39,informant-PC, Service Control Manager ,System,0,0,1,0,0,0,0,None,488,System,7036,0,0,0,0,0,0,0,0,0,0,0x8080000000000000,0,0,0,1,0,0,0,2015-03-24 13:21:39,1427203299.0,13,21
2142284,59017,6702f12f-8984-44c9-8e15-048a5ca70211,2015-03-24 13:21:39,informant-PC, Service Control Manager ,System,0,0,1,0,0,0,0,None,488,System,7036,0,0,0,0,0,0,0,0,0,0,0x8080000000000000,0,0,0,1,0,0,0,2015-03-24 13:21:39,1427203299.0,13,21
2142285,59017,55c98f7a-ab7d-4b4f-bf62-1ea51cef9d9d,2015-03-24 13:21:39,informant-PC, Service Control Manager ,System,0,0,1,0,0,0,0,None,488,System,7036,0,0,0,0,0,0,0,0,0,0,0x8080000000000000,0,0,0,1,0,0,0,2015-03-24 13:21:39,1427203299.0,13,21
2142286,59017,7f653807-1f5d-4128-a1a6-776e5b161057,2015-03-24 13:21:39,informant-PC, Service Control Manager ,System,0,0,1,0,0,0,0,None,488,System,7036,0,0,0,0,0,0,0,0,0,0,0x8080000000000000,0,0,0,1,0,0,0,2015-03-24 13:21:39,1427203299.0,13,21
2142287,59017,5f3204e3-873d-4ead-8236-939508bc6b98,2015-03-24 13:21:39,informant-PC, Service Control Manager ,System,0,0,1,0,0,0,0,None,488,System,7036,0,0,0,0,0,0,0,0,0,0,0x8080000000000000,0,0,0,1,0,0,0,2015-03-24 13:21:39,1427203299.0,13,21
2142288,59081,78229f44-a427-45c8-8d30-611ef9062a87,2015-03-24 13:21:39,informant-PC, Microsoft-Windows-NetworkProfile ,Other,0,0,0,0,0,1,0,None,864,Microsoft-Windows-NetworkProfile/Operational,4001,0,0,0,0,0,0,0,0,0,1,0x4000200000000000,0,0,1,0,0,0,0,2015-03-24 13:21:39,1427203299.0,13,21
2142289,59081,79c86d9a-5de0-4344-8f26-294652dbf3a1,2015-03-24 13:21:39,informant-PC, Microsoft-Windows-NetworkProfile ,Other,0,0,0,0,0,1,0,None,864,Microsoft-Windows-NetworkProfile/Operational,4001,0,0,0,0,0,0,0,0,0,1,0x4000200000000000,0,0,1,0,0,0,0,2015-03-24 13:21:39,1427203299.0,13,21
2142290,59017,98bdd4b4-30a3-4228-92a2-8b0eda7b7ff1,2015-03-24 13:21:39,informant-PC, Service Control Manager ,System,0,0,1,0,0,0,0,None,488,System,7036,0,0,0,0,0,0,0,0,0,0,0x8080000000000000,0,0,0,1,0,0,0,2015-03-24 13:21:39,1427203299.0,13,21
2142291,59017,cc854cbc-24e9-4dd7-8cfb-cd6ec74ecc52,2015-03-24 13:21:39,informant-PC, Service Control Manager ,System,0,0,1,0,0,0,0,None,488,System,7036,0,0,0,0,0,0,0,0,0,0,0x8080000000000000,0,0,0,1,0,0,0,2015-03-24 13:21:39,1427203299.0,13,21
2142292,59081,6e60041b-20ab-4e1f-aa8a-5cda00399f8e,2015-03-24 13:21:39,informant-PC, Microsoft-Windows-NetworkProfile ,Other,0,0,0,0,0,1,0,None,864,Microsoft-Windows-NetworkProfile/Operational,10000,0,0,0,0,0,0,0,0,0,0,0x4000200000000000,0,0,1,0,0,0,0,2015-03-24 13:21:39,1427203299.0,13,21
2142293,59081,c254ed34-4908-46b2-91d8-7cde67b4ba48,2015-03-24 13:21:39,informant-PC, Microsoft-Windows-NetworkProfile ,Other,0,0,0,0,0,1,0,None,864,Microsoft-Windows-NetworkProfile/Operational,10000,0,0,0,0,0,0,0,0,0,0,0x4000200000000000,0,0,1,0,0,0,0,2015-03-24 13:21:39,1427203299.0,13,21
2142294,59057,154f919a-450b-4725-ab47-658b07aa6bc8,2015-03-24 13:21:39,informant-PC, Microsoft-Windows-Windows Firewall With Advanced Security ,Other,0,0,0,0,0,1,0,None,1180,Microsoft-Windows-Windows Firewall With Advanced Security/Firewall,2010,0,0,0,0,0,0,0,0,0,0,0x8000000000000000,0,0,0,1,0,0,0,2015-03-24 13:21:39,1427203299.0,13,21
2142295,59057,79b7ac52-6fa0-484e-bfce-7ace4bc1941a,2015-03-24 13:21:39,informant-PC, Microsoft-Windows-Windows Firewall With Advanced Security ,Other,0,0,0,0,0,1,0,None,1180,Microsoft-Windows-Windows Firewall With Advanced Security/Firewall,2010,0,0,0,0,0,0,0,0,0,0,0x8000000000000000,0,0,0,1,0,0,0,2015-03-24 13:21:39,1427203299.0,13,21
2142300,59081,4d506f86-312d-4ae3-bae9-c82baf5adc24,2015-03-24 13:21:40,informant-PC, Microsoft-Windows-NetworkProfile ,Other,0,0,0,0,0,1,0,None,864,Microsoft-Windows-NetworkProfile/Operational,4002,0,0,0,0,0,0,0,0,0,1,0x4001200000000000,0,0,1,0,0,0,0,2015-03-24 13:21:40,1427203300.0,13,21
2142301,59081,2b337d2c-98bd-4a04-9913-5c31fbb31f11,2015-03-24 13:21:40,informant-PC, Microsoft-Windows-NetworkProfile ,Other,0,0,0,0,0,1,0,None,864,Microsoft-Windows-NetworkProfile/Operational,4002,0,0,0,0,0,0,0,0,0,1,0x4001200000000000,0,0,1,0,0,0,0,2015-03-24 13:21:40,1427203300.0,13,21
2142302,59081,22a21157-25bf-459a-8cfc-a9e49ef217cb,2015-03-24 13:21:40,informant-PC, Microsoft-Windows-NetworkProfile ,Other,0,0,0,0,0,1,0,None,864,Microsoft-Windows-NetworkProfile/Operational,10000,0,0,0,0,0,0,0,0,0,0,0x4000200000000000,0,0,1,0,0,0,0,2015-03-24 13:21:40,1427203300.0,13,21
2142303,59081,c0bcbb91-7883-451e-84e5-64ac7052d406,2015-03-24 13:21:40,informant-PC, Microsoft-Windows-NetworkProfile ,Other,0,0,0,0,0,1,0,None,864,Microsoft-Windows-NetworkProfile/Operational,10000,0,0,0,0,0,0,0,0,0,0,0x4000200000000000,0,0,1,0,0,0,0,2015-03-24 13:21:40,1427203300.0,13,21
2142304,59057,ae15274e-39fc-46f8-bb8d-397ee2a7ac8f,2015-03-24 13:21:40,informant-PC, Microsoft-Windows-Windows Firewall With Advanced Security ,Other,0,0,0,0,0,1,0,None,1180,Microsoft-Windows-Windows Firewall With Advanced Security/Firewall,2010,0,0,0,0,0,0,0,0,0,0,0x8000000000000000,0,0,0,1,0,0,0,2015-03-24 13:21:40,1427203300.0,13,21
2142305,59057,f27eb5ca-649b-470f-b2b8-fdbc57af748b,2015-03-24 13:21:40,informant-PC, Microsoft-Windows-Windows Firewall With Advanced Security ,Other,0,0,0,0,0,1,0,None,1180,Microsoft-Windows-Windows Firewall With Advanced Security/Firewall,2010,0,0,0,0,0,0,0,0,0,0,0x8000000000000000,0,0,0,1,0,0,0,2015-03-24 13:21:40,1427203300.0,13,21
2142306,59057,ac804189-e061-4e1b-b307-afd15ce96c24,2015-03-24 13:21:40,informant-PC, Microsoft-Windows-Windows Firewall With Advanced Security ,Other,0,0,0,0,0,1,0,None,1180,Microsoft-Windows-Windows Firewall With Advanced Security/Firewall,2002,0,0,0,0,0,0,0,0,0,0,0x8000000000000000,0,0,0,1,0,0,0,2015-03-24 13:21:40,1427203300.0,13,21
2142307,59057,88d8b5f8-5499-4794-bf73-833a34272093,2015-03-24 13:21:40,informant-PC, Microsoft-Windows-Windows Firewall With Advanced Security ,Other,0,0,0,0,0,1,0,None,1180,Microsoft-Windows-Windows Firewall With Advanced Security/Firewall,2002,0,0,0,0,0,0,0,0,0,0,0x8000000000000000,0,0,0,1,0,0,0,2015-03-24 13:21:40,1427203300.0,13,21
2142308,59017,dfc7e38e-7da6-4c89-a7c3-5806e46e7a79,2015-03-24 13:21:42,informant-PC, Service Control Manager ,System,0,0,1,0,0,0,0,None,488,System,7036,0,0,0,0,0,0,0,0,0,0,0x8080000000000000,0,0,0,1,0,0,0,2015-03-24 13:21:42,1427203302.0,13,21
2142309,59017,90b93849-2a40-4ea2-a718-9b8515c1bc2a,2015-03-24 13:21:42,informant-PC, Service Control Manager ,System,0,0,1,0,0,0,0,None,488,System,7036,0,0,0,0,0,0,0,0,0,0,0x8080000000000000,0,0,0,1,0,0,0,2015-03-24 13:21:42,1427203302.0,13,21
2142310,59019,c91503bd-eb26-475e-94a2-013a379060f9,2015-03-24 13:21:44,informant-PC, Microsoft-Windows-Security-Auditing ,Security,1,0,0,0,0,0,0,None,496,Security,4672,0,0,0,1,0,0,0,0,0,12548,0x8020000000000000,0,0,0,1,0,0,0,2015-03-24 13:21:44,1427203304.0,13,21
2142311,59019,ddde06b7-b176-4b95-aebf-66a609ec5e30,2015-03-24 13:21:44,informant-PC, Microsoft-Windows-Security-Auditing ,Security,1,0,0,0,0,0,0,None,496,Security,4648,0,0,0,1,0,0,0,0,0,12544,0x8020000000000000,0,0,0,1,0,0,0,2015-03-24 13:21:44,1427203304.0,13,21
2142312,59019,53465ea2-0e58-43fe-aba7-6ed6b4a91199,2015-03-24 13:21:44,informant-PC, Microsoft-Windows-Security-Auditing ,Security,1,0,0,0,0,0,0,S-1-5-21-2425377081-3129163575-2985601102-1000,496,Security,4624,0,0,0,1,0,0,0,0,0,12544,0x8020000000000000,0,0,0,1,0,0,0,2015-03-24 13:21:44,1427203304.0,13,21
2142313,59019,f2221759-523f-4dd9-9bcf-383130907344,2015-03-24 13:21:44,informant-PC, Microsoft-Windows-Security-Auditing ,Security,1,0,0,0,0,0,0,S-1-5-21-2425377081-3129163575-2985601102-1000,496,Security,4624,0,0,0,1,0,0,0,0,0,12544,0x8020000000000000,0,0,0,1,0,0,0,2015-03-24 13:21:44,1427203304.0,13,21
2142314,59019,d7caf7ba-31d1-4d42-a4b7-027b3fbb18f8,2015-03-24 13:21:44,informant-PC, Microsoft-Windows-Security-Auditing ,Security,1,0,0,0,0,0,0,S-1-5-21-2425377081-3129163575-2985601102-1000,496,Security,4624,0,0,0,1,0,0,0,0,0,12544,0x8020000000000000,0,0,0,1,0,0,0,2015-03-24 13:21:44,1427203304.0,13,21
2142315,59019,c1a40159-45cd-491c-a396-ac3a427b7dba,2015-03-24 13:21:44,informant-PC, Microsoft-Windows-Security-Auditing ,Security,1,0,0,0,0,0,0,None,496,Security,4648,0,0,0,1,0,0,0,0,0,12544,0x8020000000000000,0,0,0,1,0,0,0,2015-03-24 13:21:44,1427203304.0,13,21
2142316,59019,7fcaff3f-eabd-4707-8019-a64b88936fcd,2015-03-24 13:21:44,informant-PC, Microsoft-Windows-Security-Auditing ,Security,1,0,0,0,0,0,0,S-1-5-21-2425377081-3129163575-2985601102-1000,496,Security,4624,0,0,0,1,0,0,0,0,0,12544,0x8020000000000000,0,0,0,1,0,0,0,2015-03-24 13:21:44,1427203304.0,13,21
2142317,59019,74bf8838-d201-47b1-91fa-6be00ace2a53,2015-03-24 13:21:44,informant-PC, Microsoft-Windows-Security-Auditing ,Security,1,0,0,0,0,0,0,None,496,Security,4672,0,0,0,1,0,0,0,0,0,12548,0x8020000000000000,0,0,0,1,0,0,0,2015-03-24 13:21:44,1427203304.0,13,21
2142318,59018,221fe58f-de14-4d3d-acd9-900e1b9ef753,2015-03-24 13:21:45,informant-PC, Winlogon ,Application,0,1,0,0,0,0,0,None,0,Application,4101,0,0,0,0,0,0,0,0,0,0,0x0080000000000000,0,0,0,0,0,0,0,2015-03-24 13:21:45,1427203305.0,13,21
2142319,59018,f948994a-8bf2-4662-80b8-ab425175cf18,2015-03-24 13:21:45,informant-PC, Wlclntfy ,Application,0,1,0,0,0,0,0,None,0,Application,6000,0,0,0,0,0,0,0,0,0,0,0x0080000000000000,0,0,0,0,0,0,0,2015-03-24 13:21:45,1427203305.0,13,21
2142320,59018,120d0025-c694-41d5-b037-6e72a9bb3c93,2015-03-24 13:21:45,informant-PC, Wlclntfy ,Application,0,1,0,0,0,0,0,None,0,Application,6000,0,0,0,0,0,0,0,0,0,0,0x0080000000000000,0,0,0,0,0,0,0,2015-03-24 13:21:45,1427203305.0,13,21
2142321,59018,2d0d291a-fb4b-44bd-bfd8-ca2edb7b8ee8,2015-03-24 13:21:45,informant-PC, Winlogon ,Application,0,1,0,0,0,0,0,None,0,Application,4101,0,0,0,0,0,0,0,0,0,0,0x0080000000000000,0,0,0,0,0,0,0,2015-03-24 13:21:45,1427203305.0,13,21
2142326,59021,8b9f60d2-c039-433e-9831-cf3ce1c2bac6,2015-03-24 13:21:45,informant-PC, Microsoft-Windows-User Profiles Service ,Other,0,0,0,0,0,1,0,None,888,Microsoft-Windows-User Profile Service/Operational,1,0,0,0,0,0,0,0,0,0,0,0x4000000000000000,0,0,1,0,0,0,0,2015-03-24 13:21:45,1427203305.0,13,21
2142327,59017,a023cd20-0d24-4047-ab80-9ea9921852e5,2015-03-24 13:21:45,informant-PC, Microsoft-Windows-Winlogon ,System,0,0,1,0,0,0,0,None,440,System,7001,0,0,0,0,0,0,0,0,0,1101,0x2000000000000000,0,1,0,0,0,0,0,2015-03-24 13:21:45,1427203305.0,13,21
2142328,59017,899ce46c-4927-4ba9-8dc1-84b5e824a00f,2015-03-24 13:21:45,informant-PC, Microsoft-Windows-Winlogon ,System,0,0,1,0,0,0,0,None,440,System,7001,0,0,0,0,0,0,0,0,0,1101,0x2000000000000000,0,1,0,0,0,0,0,2015-03-24 13:21:45,1427203305.0,13,21
2142329,59021,cf402abb-c83e-4af6-b8ca-2cbae5fa89a4,2015-03-24 13:21:45,informant-PC, Microsoft-Windows-User Profiles Service ,Other,0,0,0,0,0,1,0,None,888,Microsoft-Windows-User Profile Service/Operational,1,0,0,0,0,0,0,0,0,0,0,0x4000000000000000,0,0,1,0,0,0,0,2015-03-24 13:21:45,1427203305.0,13,21
2142330,59021,561647ce-44ef-4a26-9dfc-109a3f9a97ae,2015-03-24 13:21:45,informant-PC, Microsoft-Windows-User Profiles Service ,Other,0,0,0,0,0,1,0,None,888,Microsoft-Windows-User Profile Service/Operational,5,0,0,0,0,0,0,0,0,0,0,0x4000000000000000,0,0,1,0,0,0,0,2015-03-24 13:21:45,1427203305.0,13,21
2142331,59021,d2a6199a-d2cd-4fe5-b9de-66af6ce13052,2015-03-24 13:21:45,informant-PC, Microsoft-Windows-User Profiles Service ,Other,0,0,0,0,0,1,0,None,888,Microsoft-Windows-User Profile Service/Operational,5,0,0,0,0,0,0,0,0,0,0,0x4000000000000000,0,0,1,0,0,0,0,2015-03-24 13:21:45,1427203305.0,13,21
2142332,59021,807681c5-8692-4e2e-be78-588a2156d86e,2015-03-24 13:21:45,informant-PC, Microsoft-Windows-User Profiles Service ,Other,0,0,0,0,0,1,0,None,888,Microsoft-Windows-User Profile Service/Operational,5,0,0,0,0,0,0,0,0,0,0,0x4000000000000000,0,0,1,0,0,0,0,2015-03-24 13:21:45,1427203305.0,13,21
2142333,59021,1726154e-7553-470a-9ac7-5b3fd8c7a4a1,2015-03-24 13:21:45,informant-PC, Microsoft-Windows-User Profiles Service ,Other,0,0,0,0,0,1,0,None,888,Microsoft-Windows-User Profile Service/Operational,5,0,0,0,0,0,0,0,0,0,0,0x4000000000000000,0,0,1,0,0,0,0,2015-03-24 13:21:45,1427203305.0,13,21
2142334,59042,24f5ff51-80f4-451f-a3a6-9261f7d385c2,2015-03-24 13:21:45,informant-PC, Microsoft-Windows-GroupPolicy ,Other,0,0,0,0,0,1,0,None,888,Microsoft-Windows-GroupPolicy/Operational,8001,0,0,0,0,0,0,0,0,0,0,0x4000000000000000,0,0,1,0,0,0,0,2015-03-24 13:21:45,1427203305.0,13,21
2142335,59042,f14ff47b-64eb-4ed9-b9eb-194cde8b070c,2015-03-24 13:21:45,informant-PC, Microsoft-Windows-GroupPolicy ,Other,0,0,0,0,0,1,0,None,888,Microsoft-Windows-GroupPolicy/Operational,5320,0,0,0,0,0,0,0,0,0,0,0x4000000000000000,0,0,1,0,0,0,0,2015-03-24 13:21:45,1427203305.0,13,21
2142336,59042,f2c0bcb8-cce5-4cd3-8f0d-fe02250a5d8d,2015-03-24 13:21:45,informant-PC, Microsoft-Windows-GroupPolicy ,Other,0,0,0,0,0,1,0,None,888,Microsoft-Windows-GroupPolicy/Operational,5315,0,0,0,0,0,0,0,0,0,0,0x4000000000000000,0,0,1,0,0,0,0,2015-03-24 13:21:45,1427203305.0,13,21
2142337,59021,fa99c2e2-0e27-4e4f-bfa9-1d20c84f44f9,2015-03-24 13:21:45,informant-PC, Microsoft-Windows-User Profiles Service ,Other,0,0,0,0,0,1,0,None,888,Microsoft-Windows-User Profile Service/Operational,2,0,0,0,0,0,0,0,0,0,0,0x4000000000000000,0,0,1,0,0,0,0,2015-03-24 13:21:45,1427203305.0,13,21
2142338,59042,05386119-f86c-42c0-bdc4-3629272c47bb,2015-03-24 13:21:45,informant-PC, Microsoft-Windows-GroupPolicy ,Other,0,0,0,0,0,1,0,None,888,Microsoft-Windows-GroupPolicy/Operational,5324,0,0,0,0,0,0,0,0,0,0,0x4000000000000000,0,0,1,0,0,0,0,2015-03-24 13:21:45,1427203305.0,13,21
2142339,59042,fa82d4e3-d3d8-4883-b289-87364e523143,2015-03-24 13:21:45,informant-PC, Microsoft-Windows-GroupPolicy ,Other,0,0,0,0,0,1,0,None,888,Microsoft-Windows-GroupPolicy/Operational,4001,0,0,0,0,0,0,0,0,0,0,0x4000000000000000,0,0,1,0,0,0,0,2015-03-24 13:21:45,1427203305.0,13,21
2142340,59021,49b95864-d3c1-4c49-9bec-3677422f089b,2015-03-24 13:21:45,informant-PC, Microsoft-Windows-User Profiles Service ,Other,0,0,0,0,0,1,0,None,888,Microsoft-Windows-User Profile Service/Operational,2,0,0,0,0,0,0,0,0,0,0,0x4000000000000000,0,0,1,0,0,0,0,2015-03-24 13:21:45,1427203305.0,13,21
2142341,59042,c35c7ea9-d7bc-4331-8049-efdaf490ff3e,2015-03-24 13:21:45,informant-PC, Microsoft-Windows-GroupPolicy ,Other,0,0,0,0,0,1,0,None,888,Microsoft-Windows-GroupPolicy/Operational,5320,0,0,0,0,0,0,0,0,0,0,0x4000000000000000,0,0,1,0,0,0,0,2015-03-24 13:21:45,1427203305.0,13,21
2142342,59042,def965e2-f80e-474d-bea9-a1c7f9febf0f,2015-03-24 13:21:45,informant-PC, Microsoft-Windows-GroupPolicy ,Other,0,0,0,0,0,1,0,None,888,Microsoft-Windows-GroupPolicy/Operational,5313,0,0,0,0,0,0,0,0,0,0,0x4000000000000000,0,0,1,0,0,0,0,2015-03-24 13:21:45,1427203305.0,13,21
2142343,59042,301b2162-7577-414a-ab95-b2799856f36f,2015-03-24 13:21:45,informant-PC, Microsoft-Windows-GroupPolicy ,Other,0,0,0,0,0,1,0,None,888,Microsoft-Windows-GroupPolicy/Operational,5311,0,0,0,0,0,0,0,0,0,0,0x4000000000000000,0,0,1,0,0,0,0,2015-03-24 13:21:45,1427203305.0,13,21
2142344,59042,6251cd74-66df-477b-98cf-056b420c25bb,2015-03-24 13:21:45,informant-PC, Microsoft-Windows-GroupPolicy ,Other,0,0,0,0,0,1,0,None,888,Microsoft-Windows-GroupPolicy/Operational,5324,0,0,0,0,0,0,0,0,0,0,0x4000000000000000,0,0,1,0,0,0,0,2015-03-24 13:21:45,1427203305.0,13,21
2142345,59042,dc8420ab-6495-4ff4-8bf0-c5d154810758,2015-03-24 13:21:45,informant-PC, Microsoft-Windows-GroupPolicy ,Other,0,0,0,0,0,1,0,None,888,Microsoft-Windows-GroupPolicy/Operational,5320,0,0,0,0,0,0,0,0,0,0,0x4000000000000000,0,0,1,0,0,0,0,2015-03-24 13:21:45,1427203305.0,13,21
2142346,59042,4571118a-7198-48a0-bab4-e87c7065fd39,2015-03-24 13:21:45,informant-PC, Microsoft-Windows-GroupPolicy ,Other,0,0,0,0,0,1,0,None,888,Microsoft-Windows-GroupPolicy/Operational,5311,0,0,0,0,0,0,0,0,0,0,0x4000000000000000,0,0,1,0,0,0,0,2015-03-24 13:21:45,1427203305.0,13,21
2142347,59042,e2645fa6-3238-4f5c-88c4-02e338e670d9,2015-03-24 13:21:45,informant-PC, Microsoft-Windows-GroupPolicy ,Other,0,0,0,0,0,1,0,None,888,Microsoft-Windows-GroupPolicy/Operational,5312,0,0,0,0,0,0,0,0,0,0,0x4000000000000000,0,0,1,0,0,0,0,2015-03-24 13:21:45,1427203305.0,13,21
2142348,59042,189c4f2a-cca1-4a70-805a-12e76832c290,2015-03-24 13:21:45,informant-PC, Microsoft-Windows-GroupPolicy ,Other,0,0,0,0,0,1,0,None,888,Microsoft-Windows-GroupPolicy/Operational,5320,0,0,0,0,0,0,0,0,0,0,0x4000000000000000,0,0,1,0,0,0,0,2015-03-24 13:21:45,1427203305.0,13,21
2142349,59042,3c7d15c6-b94b-4afb-b754-3f4ec502a5ce,2015-03-24 13:21:45,informant-PC, Microsoft-Windows-GroupPolicy ,Other,0,0,0,0,0,1,0,None,888,Microsoft-Windows-GroupPolicy/Operational,4001,0,0,0,0,0,0,0,0,0,0,0x4000000000000000,0,0,1,0,0,0,0,2015-03-24 13:21:45,1427203305.0,13,21
2142350,59040,d5733053-c304-471e-a905-e5215481274f,2015-03-24 13:21:45,informant-PC, Microsoft-Windows-OfflineFiles ,Other,0,0,0,0,0,1,0,None,820,Microsoft-Windows-OfflineFiles/Operational,7,0,0,0,0,0,0,0,0,0,0,0x4000000000000008,0,0,1,0,0,0,0,2015-03-24 13:21:45,1427203305.0,13,21
2142351,59042,e67d00e5-df7d-4f46-a1e2-0a48a7ed2295,2015-03-24 13:21:45,informant-PC, Microsoft-Windows-GroupPolicy ,Other,0,0,0,0,0,1,0,None,888,Microsoft-Windows-GroupPolicy/Operational,5320,0,0,0,0,0,0,0,0,0,0,0x4000000000000000,0,0,1,0,0,0,0,2015-03-24 13:21:45,1427203305.0,13,21
2142352,59042,8690cc33-29b5-4c26-a384-890b8031d1c9,2015-03-24 13:21:45,informant-PC, Microsoft-Windows-GroupPolicy ,Other,0,0,0,0,0,1,0,None,888,Microsoft-Windows-GroupPolicy/Operational,5312,0,0,0,0,0,0,0,0,0,0,0x4000000000000000,0,0,1,0,0,0,0,2015-03-24 13:21:45,1427203305.0,13,21
2142353,59042,a9538dcb-281f-459c-b9c3-c3a4735ec400,2015-03-24 13:21:45,informant-PC, Microsoft-Windows-GroupPolicy ,Other,0,0,0,0,0,1,0,None,888,Microsoft-Windows-GroupPolicy/Operational,5315,0,0,0,0,0,0,0,0,0,0,0x4000000000000000,0,0,1,0,0,0,0,2015-03-24 13:21:45,1427203305.0,13,21
2142354,59042,8728ac4a-22df-47e1-ac25-58eaf8db9c06,2015-03-24 13:21:45,informant-PC, Microsoft-Windows-GroupPolicy ,Other,0,0,0,0,0,1,0,None,888,Microsoft-Windows-GroupPolicy/Operational,8001,0,0,0,0,0,0,0,0,0,0,0x4000000000000000,0,0,1,0,0,0,0,2015-03-24 13:21:45,1427203305.0,13,21
2142355,59042,e26f2263-2d00-429e-badb-87076525cb76,2015-03-24 13:21:45,informant-PC, Microsoft-Windows-GroupPolicy ,Other,0,0,0,0,0,1,0,None,888,Microsoft-Windows-GroupPolicy/Operational,5320,0,0,0,0,0,0,0,0,0,0,0x4000000000000000,0,0,1,0,0,0,0,2015-03-24 13:21:45,1427203305.0,13,21
2142356,59040,fd7516ab-855a-4ea3-8827-1c9671f8c8bb,2015-03-24 13:21:45,informant-PC, Microsoft-Windows-OfflineFiles ,Other,0,0,0,0,0,1,0,None,820,Microsoft-Windows-OfflineFiles/Operational,7,0,0,0,0,0,0,0,0,0,0,0x4000000000000008,0,0,1,0,0,0,0,2015-03-24 13:21:45,1427203305.0,13,21
2142357,59042,2c08747a-0d48-4fc4-9754-0f6ec0b80f93,2015-03-24 13:21:45,informant-PC, Microsoft-Windows-GroupPolicy ,Other,0,0,0,0,0,1,0,None,888,Microsoft-Windows-GroupPolicy/Operational,5313,0,0,0,0,0,0,0,0,0,0,0x4000000000000000,0,0,1,0,0,0,0,2015-03-24 13:21:45,1427203305.0,13,21
2142358,13963,fe995c7b-66c3-484f-b368-eaaf3280bd2b,2015-03-24 13:21:45,informant-PC, Microsoft-Windows-TerminalServices-LocalSessionManager ,Other,0,0,0,0,0,1,0,None,508,Microsoft-Windows-TerminalServices-LocalSessionManager/Operational,21,0,0,0,0,0,0,0,0,0,0,0x1000000000000000,1,0,0,0,0,0,0,2015-03-24 13:21:45,1427203305.0,13,21
2142359,13963,bed855a7-b0c9-40ec-863f-86f16a5911fb,2015-03-24 13:21:45,informant-PC, Microsoft-Windows-TerminalServices-LocalSessionManager ,Other,0,0,0,0,0,1,0,None,508,Microsoft-Windows-TerminalServices-LocalSessionManager/Operational,21,0,0,0,0,0,0,0,0,0,0,0x1000000000000000,1,0,0,0,0,0,0,2015-03-24 13:21:45,1427203305.0,13,21
