1308153,59078,552eeafb-f8bf-44af-a8d0-140b9d4c501e,2015-03-22 14:35:08,informant-PC, Microsoft-Windows-KnownFolders ,Other,0,0,0,0,0,1,0,None,1260,Microsoft-Windows-Known Folders API Service,1002,0,0,0,0,0,0,0,0,0,0,0x8000000000000000,0,0,0,1,0,0,0,2015-03-22 14:35:08,1427034908.0,14,35
1308236,59017,b07f2199-392c-46a9-a1d0-44f4f07c84de,2015-03-22 14:35:09,informant-PC, Service Control Manager ,System,0,0,1,0,0,0,0,None,452,System,7036,0,0,0,0,0,0,0,0,0,0,0x8080000000000000,0,0,0,1,0,0,0,2015-03-22 14:35:09,1427034909.0,14,35
1308237,59017,717a8ec7-3b03-4f8f-9689-6cdae9d65ac0,2015-03-22 14:35:09,informant-PC, Service Control Manager ,System,0,0,1,0,0,0,0,None,452,System,7036,0,0,0,0,0,0,0,0,0,0,0x8080000000000000,0,0,0,1,0,0,0,2015-03-22 14:35:09,1427034909.0,14,35
1308310,59018,b5ddf34d-cb68-4192-bb88-22b50fa53c35,2015-03-22 14:35:10,informant-PC, .NET Runtime Optimization Service ,Application,0,1,0,0,0,0,0,None,None,Application,1130,0,0,0,0,0,0,0,0,0,0,0x0080000000000000,0,0,0,0,0,0,0,2015-03-22 14:35:10,1427034910.0,14,35
1308311,59018,c459bd49-ed73-49d7-84b1-da01e6293cda,2015-03-22 14:35:10,informant-PC, .NET Runtime Optimization Service ,Application,0,1,0,0,0,0,0,None,None,Application,1130,0,0,0,0,0,0,0,0,0,0,0x0080000000000000,0,0,0,0,0,0,0,2015-03-22 14:35:10,1427034910.0,14,35
1308364,59018,146e72b3-6d30-49ff-a237-5caf71dda33b,2015-03-22 14:35:11,informant-PC, .NET Runtime Optimization Service ,Application,0,1,0,0,0,0,0,None,None,Application,1130,0,0,0,0,0,0,0,0,0,0,0x0080000000000000,0,0,0,0,0,0,0,2015-03-22 14:35:11,1427034911.0,14,35
1308365,59018,7317263d-6cd2-4c36-adeb-5d10c4e4e8a8,2015-03-22 14:35:11,informant-PC, .NET Runtime Optimization Service ,Application,0,1,0,0,0,0,0,None,None,Application,1130,0,0,0,0,0,0,0,0,0,0,0x0080000000000000,0,0,0,0,0,0,0,2015-03-22 14:35:11,1427034911.0,14,35
1308366,59018,e502c8ac-a59c-4cb1-aa46-473792b5de32,2015-03-22 14:35:11,informant-PC, .NET Runtime Optimization Service ,Application,0,1,0,0,0,0,0,None,None,Application,1130,0,0,0,0,0,0,0,0,0,0,0x0080000000000000,0,0,0,0,0,0,0,2015-03-22 14:35:11,1427034911.0,14,35
1308367,59018,e57fbb23-e01f-47fc-9959-3404a003b17c,2015-03-22 14:35:11,informant-PC, .NET Runtime Optimization Service ,Application,0,1,0,0,0,0,0,None,None,Application,1130,0,0,0,0,0,0,0,0,0,0,0x0080000000000000,0,0,0,0,0,0,0,2015-03-22 14:35:11,1427034911.0,14,35
1308368,59018,95dbe041-4a78-4205-843c-e18dc79e00bb,2015-03-22 14:35:11,informant-PC, .NET Runtime Optimization Service ,Application,0,1,0,0,0,0,0,None,None,Application,1130,0,0,0,0,0,0,0,0,0,0,0x0080000000000000,0,0,0,0,0,0,0,2015-03-22 14:35:11,1427034911.0,14,35
1308369,59018,a55324e1-2f3c-43b1-a00a-2b5b6712be43,2015-03-22 14:35:11,informant-PC, .NET Runtime Optimization Service ,Application,0,1,0,0,0,0,0,None,None,Application,1130,0,0,0,0,0,0,0,0,0,0,0x0080000000000000,0,0,0,0,0,0,0,2015-03-22 14:35:11,1427034911.0,14,35
1308534,59018,a50c08b5-2e89-4f3e-8c87-a6cd1ce932df,2015-03-22 14:35:13,informant-PC, .NET Runtime Optimization Service ,Application,0,1,0,0,0,0,0,None,None,Application,1130,0,0,0,0,0,0,0,0,0,0,0x0080000000000000,0,0,0,0,0,0,0,2015-03-22 14:35:13,1427034913.0,14,35
1308535,59018,b899adb5-a759-4b0e-90f5-79eaa3cb2495,2015-03-22 14:35:13,informant-PC, .NET Runtime Optimization Service ,Application,0,1,0,0,0,0,0,None,None,Application,1130,0,0,0,0,0,0,0,0,0,0,0x0080000000000000,0,0,0,0,0,0,0,2015-03-22 14:35:13,1427034913.0,14,35
1308536,59018,769bf0f9-9d67-47c5-9ed9-2c6256882239,2015-03-22 14:35:13,informant-PC, .NET Runtime Optimization Service ,Application,0,1,0,0,0,0,0,None,None,Application,1130,0,0,0,0,0,0,0,0,0,0,0x0080000000000000,0,0,0,0,0,0,0,2015-03-22 14:35:13,1427034913.0,14,35
1308537,59018,7e79d10c-3ecb-4e5b-bdbe-6313776db5fd,2015-03-22 14:35:13,informant-PC, .NET Runtime Optimization Service ,Application,0,1,0,0,0,0,0,None,None,Application,1130,0,0,0,0,0,0,0,0,0,0,0x0080000000000000,0,0,0,0,0,0,0,2015-03-22 14:35:13,1427034913.0,14,35
1308538,59018,4a8d20ed-dbc1-4a2a-b2f0-aaa2ff6c9fd0,2015-03-22 14:35:13,informant-PC, .NET Runtime Optimization Service ,Application,0,1,0,0,0,0,0,None,None,Application,1130,0,0,0,0,0,0,0,0,0,0,0x0080000000000000,0,0,0,0,0,0,0,2015-03-22 14:35:13,1427034913.0,14,35
1308539,59018,b686e9af-6221-48c1-a4ad-bf6165eb56f0,2015-03-22 14:35:13,informant-PC, .NET Runtime Optimization Service ,Application,0,1,0,0,0,0,0,None,None,Application,1130,0,0,0,0,0,0,0,0,0,0,0x0080000000000000,0,0,0,0,0,0,0,2015-03-22 14:35:13,1427034913.0,14,35
1308540,59018,de15e6c8-7901-426c-a021-68bf66240ad5,2015-03-22 14:35:13,informant-PC, .NET Runtime Optimization Service ,Application,0,1,0,0,0,0,0,None,None,Application,1130,0,0,0,0,0,0,0,0,0,0,0x0080000000000000,0,0,0,0,0,0,0,2015-03-22 14:35:13,1427034913.0,14,35
1308541,59018,66db5cfd-7b51-4a33-9f14-33332bef8dcb,2015-03-22 14:35:13,informant-PC, .NET Runtime Optimization Service ,Application,0,1,0,0,0,0,0,None,None,Application,1130,0,0,0,0,0,0,0,0,0,0,0x0080000000000000,0,0,0,0,0,0,0,2015-03-22 14:35:13,1427034913.0,14,35
1308750,59018,fc5b80f6-71d3-4a1c-99e4-3d63c4f70ab4,2015-03-22 14:35:14,informant-PC, .NET Runtime Optimization Service ,Application,0,1,0,0,0,0,0,None,None,Application,1130,0,0,0,0,0,0,0,0,0,0,0x0080000000000000,0,0,0,0,0,0,0,2015-03-22 14:35:14,1427034914.0,14,35
1308751,59018,a5bc62da-7ae8-4151-9b9a-b3307e0e56d2,2015-03-22 14:35:14,informant-PC, .NET Runtime Optimization Service ,Application,0,1,0,0,0,0,0,None,None,Application,1130,0,0,0,0,0,0,0,0,0,0,0x0080000000000000,0,0,0,0,0,0,0,2015-03-22 14:35:14,1427034914.0,14,35
1308752,59018,70bb008e-cdde-4f55-80a0-e6891129c903,2015-03-22 14:35:14,informant-PC, .NET Runtime Optimization Service ,Application,0,1,0,0,0,0,0,None,None,Application,1130,0,0,0,0,0,0,0,0,0,0,0x0080000000000000,0,0,0,0,0,0,0,2015-03-22 14:35:14,1427034914.0,14,35
1308753,59018,91876a30-a88a-4e93-b24d-11244cfb03e4,2015-03-22 14:35:14,informant-PC, .NET Runtime Optimization Service ,Application,0,1,0,0,0,0,0,None,None,Application,1130,0,0,0,0,0,0,0,0,0,0,0x0080000000000000,0,0,0,0,0,0,0,2015-03-22 14:35:14,1427034914.0,14,35
1308754,59018,aabfb7da-9418-4fc1-9d66-98895a3c5e7e,2015-03-22 14:35:14,informant-PC, .NET Runtime Optimization Service ,Application,0,1,0,0,0,0,0,None,None,Application,1130,0,0,0,0,0,0,0,0,0,0,0x0080000000000000,0,0,0,0,0,0,0,2015-03-22 14:35:14,1427034914.0,14,35
1308755,59018,b593b861-d4b9-4241-8bdf-4d9eb854b704,2015-03-22 14:35:14,informant-PC, .NET Runtime Optimization Service ,Application,0,1,0,0,0,0,0,None,None,Application,1130,0,0,0,0,0,0,0,0,0,0,0x0080000000000000,0,0,0,0,0,0,0,2015-03-22 14:35:14,1427034914.0,14,35
1308756,59018,5203bc7e-da12-4a9f-959c-ecd065a4242e,2015-03-22 14:35:14,informant-PC, .NET Runtime Optimization Service ,Application,0,1,0,0,0,0,0,None,None,Application,1130,0,0,0,0,0,0,0,0,0,0,0x0080000000000000,0,0,0,0,0,0,0,2015-03-22 14:35:14,1427034914.0,14,35
1308757,59018,a04d8cf2-41dd-4288-b631-3889e685ecf5,2015-03-22 14:35:14,informant-PC, .NET Runtime Optimization Service ,Application,0,1,0,0,0,0,0,None,None,Application,1130,0,0,0,0,0,0,0,0,0,0,0x0080000000000000,0,0,0,0,0,0,0,2015-03-22 14:35:14,1427034914.0,14,35
1308758,59018,3cd71913-68e8-480a-a0cf-ae2c8684c1b5,2015-03-22 14:35:14,informant-PC, .NET Runtime Optimization Service ,Application,0,1,0,0,0,0,0,None,None,Application,1130,0,0,0,0,0,0,0,0,0,0,0x0080000000000000,0,0,0,0,0,0,0,2015-03-22 14:35:14,1427034914.0,14,35
1308759,59018,1aa6749d-9da0-4d25-ab2a-0f617383ec6c,2015-03-22 14:35:14,informant-PC, .NET Runtime Optimization Service ,Application,0,1,0,0,0,0,0,None,None,Application,1130,0,0,0,0,0,0,0,0,0,0,0x0080000000000000,0,0,0,0,0,0,0,2015-03-22 14:35:14,1427034914.0,14,35
1308760,59018,43e49b30-c68f-4be8-87aa-897aa64755fb,2015-03-22 14:35:14,informant-PC, .NET Runtime Optimization Service ,Application,0,1,0,0,0,0,0,None,None,Application,1130,0,0,0,0,0,0,0,0,0,0,0x0080000000000000,0,0,0,0,0,0,0,2015-03-22 14:35:14,1427034914.0,14,35
1308761,59018,249d1788-4635-4bd9-b30d-c0e72e88e61a,2015-03-22 14:35:14,informant-PC, .NET Runtime Optimization Service ,Application,0,1,0,0,0,0,0,None,None,Application,1130,0,0,0,0,0,0,0,0,0,0,0x0080000000000000,0,0,0,0,0,0,0,2015-03-22 14:35:14,1427034914.0,14,35
1308762,59018,e5c35a68-0e56-408a-b92a-f91d1429e91b,2015-03-22 14:35:14,informant-PC, .NET Runtime Optimization Service ,Application,0,1,0,0,0,0,0,None,None,Application,1130,0,0,0,0,0,0,0,0,0,0,0x0080000000000000,0,0,0,0,0,0,0,2015-03-22 14:35:14,1427034914.0,14,35
1308763,59018,32214283-781d-4877-a6ea-b0adafa0be03,2015-03-22 14:35:14,informant-PC, .NET Runtime Optimization Service ,Application,0,1,0,0,0,0,0,None,None,Application,1130,0,0,0,0,0,0,0,0,0,0,0x0080000000000000,0,0,0,0,0,0,0,2015-03-22 14:35:14,1427034914.0,14,35
1308764,59018,f6d7b0e9-b9ac-4d4e-9519-1f9a5a67fe61,2015-03-22 14:35:14,informant-PC, .NET Runtime Optimization Service ,Application,0,1,0,0,0,0,0,None,None,Application,1130,0,0,0,0,0,0,0,0,0,0,0x0080000000000000,0,0,0,0,0,0,0,2015-03-22 14:35:14,1427034914.0,14,35
1308765,59018,ae8db476-5531-4e51-9d88-19dd5c81174e,2015-03-22 14:35:14,informant-PC, .NET Runtime Optimization Service ,Application,0,1,0,0,0,0,0,None,None,Application,1130,0,0,0,0,0,0,0,0,0,0,0x0080000000000000,0,0,0,0,0,0,0,2015-03-22 14:35:14,1427034914.0,14,35
1309056,59018,ebceb01b-88c7-4571-b6da-f3aca7a46f02,2015-03-22 14:35:15,informant-PC, .NET Runtime Optimization Service ,Application,0,1,0,0,0,0,0,None,None,Application,1130,0,0,0,0,0,0,0,0,0,0,0x0080000000000000,0,0,0,0,0,0,0,2015-03-22 14:35:15,1427034915.0,14,35
1309057,59018,5328750f-588d-47ba-89f8-82ce6d1a9882,2015-03-22 14:35:15,informant-PC, .NET Runtime Optimization Service ,Application,0,1,0,0,0,0,0,None,None,Application,1130,0,0,0,0,0,0,0,0,0,0,0x0080000000000000,0,0,0,0,0,0,0,2015-03-22 14:35:15,1427034915.0,14,35
1309058,59018,8d9fe207-d64f-47c4-bf49-dd89938a1bec,2015-03-22 14:35:15,informant-PC, .NET Runtime Optimization Service ,Application,0,1,0,0,0,0,0,None,None,Application,1130,0,0,0,0,0,0,0,0,0,0,0x0080000000000000,0,0,0,0,0,0,0,2015-03-22 14:35:15,1427034915.0,14,35
1309059,59018,fd252eb5-bc75-4e80-9365-1ff8563abbd8,2015-03-22 14:35:15,informant-PC, .NET Runtime Optimization Service ,Application,0,1,0,0,0,0,0,None,None,Application,1130,0,0,0,0,0,0,0,0,0,0,0x0080000000000000,0,0,0,0,0,0,0,2015-03-22 14:35:15,1427034915.0,14,35
1309060,59018,6a9b19a6-9756-4258-979a-354aca06ab9e,2015-03-22 14:35:15,informant-PC, .NET Runtime Optimization Service ,Application,0,1,0,0,0,0,0,None,None,Application,1130,0,0,0,0,0,0,0,0,0,0,0x0080000000000000,0,0,0,0,0,0,0,2015-03-22 14:35:15,1427034915.0,14,35
1309061,59018,b11631da-724d-472f-a8db-0d59f9650ce2,2015-03-22 14:35:15,informant-PC, .NET Runtime Optimization Service ,Application,0,1,0,0,0,0,0,None,None,Application,1130,0,0,0,0,0,0,0,0,0,0,0x0080000000000000,0,0,0,0,0,0,0,2015-03-22 14:35:15,1427034915.0,14,35
1309192,59018,bb63514e-639d-400f-a5c1-e4b229e49d92,2015-03-22 14:35:16,informant-PC, .NET Runtime Optimization Service ,Application,0,1,0,0,0,0,0,None,None,Application,1130,0,0,0,0,0,0,0,0,0,0,0x0080000000000000,0,0,0,0,0,0,0,2015-03-22 14:35:16,1427034916.0,14,35
1309193,59018,42ce63a9-e244-41bf-9876-f2ea627e6ee0,2015-03-22 14:35:16,informant-PC, .NET Runtime Optimization Service ,Application,0,1,0,0,0,0,0,None,None,Application,1130,0,0,0,0,0,0,0,0,0,0,0x0080000000000000,0,0,0,0,0,0,0,2015-03-22 14:35:16,1427034916.0,14,35
1309194,59018,4bd7dbbb-05e8-430d-a295-75b0da2e80bc,2015-03-22 14:35:16,informant-PC, .NET Runtime Optimization Service ,Application,0,1,0,0,0,0,0,None,None,Application,1130,0,0,0,0,0,0,0,0,0,0,0x0080000000000000,0,0,0,0,0,0,0,2015-03-22 14:35:16,1427034916.0,14,35
1309195,59018,82b130be-573d-46ed-9cd1-04212c2b29f6,2015-03-22 14:35:16,informant-PC, .NET Runtime Optimization Service ,Application,0,1,0,0,0,0,0,None,None,Application,1130,0,0,0,0,0,0,0,0,0,0,0x0080000000000000,0,0,0,0,0,0,0,2015-03-22 14:35:16,1427034916.0,14,35
1309196,59018,5531540c-35b1-4d06-ac85-23d5c1b1545a,2015-03-22 14:35:16,informant-PC, .NET Runtime Optimization Service ,Application,0,1,0,0,0,0,0,None,None,Application,1130,0,0,0,0,0,0,0,0,0,0,0x0080000000000000,0,0,0,0,0,0,0,2015-03-22 14:35:16,1427034916.0,14,35
1309197,59018,d0f53619-6e57-4751-b109-e72f8ff93d0f,2015-03-22 14:35:16,informant-PC, .NET Runtime Optimization Service ,Application,0,1,0,0,0,0,0,None,None,Application,1130,0,0,0,0,0,0,0,0,0,0,0x0080000000000000,0,0,0,0,0,0,0,2015-03-22 14:35:16,1427034916.0,14,35
1309324,59018,aefe86f8-eb06-4c71-8f50-75b8497d5afb,2015-03-22 14:35:17,informant-PC, .NET Runtime Optimization Service ,Application,0,1,0,0,0,0,0,None,None,Application,1130,0,0,0,0,0,0,0,0,0,0,0x0080000000000000,0,0,0,0,0,0,0,2015-03-22 14:35:17,1427034917.0,14,35
1309325,59018,c46d414a-ca02-49a7-8040-d719385ecf23,2015-03-22 14:35:17,informant-PC, .NET Runtime Optimization Service ,Application,0,1,0,0,0,0,0,None,None,Application,1130,0,0,0,0,0,0,0,0,0,0,0x0080000000000000,0,0,0,0,0,0,0,2015-03-22 14:35:17,1427034917.0,14,35
1309326,59018,e707418a-a41a-41ec-b31c-7915a6d494b9,2015-03-22 14:35:17,informant-PC, .NET Runtime Optimization Service ,Application,0,1,0,0,0,0,0,None,None,Application,1130,0,0,0,0,0,0,0,0,0,0,0x0080000000000000,0,0,0,0,0,0,0,2015-03-22 14:35:17,1427034917.0,14,35
1309327,59018,560d2129-416c-4d12-bc43-4f0424176513,2015-03-22 14:35:17,informant-PC, .NET Runtime Optimization Service ,Application,0,1,0,0,0,0,0,None,None,Application,1130,0,0,0,0,0,0,0,0,0,0,0x0080000000000000,0,0,0,0,0,0,0,2015-03-22 14:35:17,1427034917.0,14,35
1309328,59018,a7892b22-c433-4c27-9f58-d6c2fd4e5043,2015-03-22 14:35:17,informant-PC, .NET Runtime Optimization Service ,Application,0,1,0,0,0,0,0,None,None,Application,1130,0,0,0,0,0,0,0,0,0,0,0x0080000000000000,0,0,0,0,0,0,0,2015-03-22 14:35:17,1427034917.0,14,35
1309329,59018,0a2f3bbb-e857-4688-9d5c-35887116181e,2015-03-22 14:35:17,informant-PC, .NET Runtime Optimization Service ,Application,0,1,0,0,0,0,0,None,None,Application,1130,0,0,0,0,0,0,0,0,0,0,0x0080000000000000,0,0,0,0,0,0,0,2015-03-22 14:35:17,1427034917.0,14,35
1309330,59018,36fb3899-b7a6-4893-91d1-43aa9bef66ed,2015-03-22 14:35:17,informant-PC, .NET Runtime Optimization Service ,Application,0,1,0,0,0,0,0,None,None,Application,1130,0,0,0,0,0,0,0,0,0,0,0x0080000000000000,0,0,0,0,0,0,0,2015-03-22 14:35:17,1427034917.0,14,35
1309331,59018,de73c508-8242-4272-87bd-16ce1ff9ea9d,2015-03-22 14:35:17,informant-PC, .NET Runtime Optimization Service ,Application,0,1,0,0,0,0,0,None,None,Application,1130,0,0,0,0,0,0,0,0,0,0,0x0080000000000000,0,0,0,0,0,0,0,2015-03-22 14:35:17,1427034917.0,14,35
1309332,59018,0b8a6e6b-8894-4736-84c4-7f5dd7bcc6c5,2015-03-22 14:35:17,informant-PC, .NET Runtime Optimization Service ,Application,0,1,0,0,0,0,0,None,None,Application,1130,0,0,0,0,0,0,0,0,0,0,0x0080000000000000,0,0,0,0,0,0,0,2015-03-22 14:35:17,1427034917.0,14,35
1309333,59018,7c6b16d0-ade2-4b00-a1b3-67302dbc94cf,2015-03-22 14:35:17,informant-PC, .NET Runtime Optimization Service ,Application,0,1,0,0,0,0,0,None,None,Application,1130,0,0,0,0,0,0,0,0,0,0,0x0080000000000000,0,0,0,0,0,0,0,2015-03-22 14:35:17,1427034917.0,14,35
1309334,59018,918c08c6-0dfe-4855-9133-fdd5ba60f87e,2015-03-22 14:35:17,informant-PC, .NET Runtime Optimization Service ,Application,0,1,0,0,0,0,0,None,None,Application,1130,0,0,0,0,0,0,0,0,0,0,0x0080000000000000,0,0,0,0,0,0,0,2015-03-22 14:35:17,1427034917.0,14,35
1309335,59018,dd393959-16c3-46df-b03e-a9e69ddf2b4a,2015-03-22 14:35:17,informant-PC, .NET Runtime Optimization Service ,Application,0,1,0,0,0,0,0,None,None,Application,1130,0,0,0,0,0,0,0,0,0,0,0x0080000000000000,0,0,0,0,0,0,0,2015-03-22 14:35:17,1427034917.0,14,35
1309336,59018,9f6d647e-c083-47c8-a47c-f89beb276d80,2015-03-22 14:35:17,informant-PC, .NET Runtime Optimization Service ,Application,0,1,0,0,0,0,0,None,None,Application,1130,0,0,0,0,0,0,0,0,0,0,0x0080000000000000,0,0,0,0,0,0,0,2015-03-22 14:35:17,1427034917.0,14,35
1309337,59018,a5051a40-f7bd-4e85-a413-287d24d4b86c,2015-03-22 14:35:17,informant-PC, .NET Runtime Optimization Service ,Application,0,1,0,0,0,0,0,None,None,Application,1130,0,0,0,0,0,0,0,0,0,0,0x0080000000000000,0,0,0,0,0,0,0,2015-03-22 14:35:17,1427034917.0,14,35
1309684,59018,c5ea261f-7270-44ca-a841-3430a8ef4592,2015-03-22 14:35:18,informant-PC, .NET Runtime Optimization Service ,Application,0,1,0,0,0,0,0,None,None,Application,1130,0,0,0,0,0,0,0,0,0,0,0x0080000000000000,0,0,0,0,0,0,0,2015-03-22 14:35:18,1427034918.0,14,35
1309685,59018,32d184c6-dfdc-401b-b628-5d709e43c482,2015-03-22 14:35:18,informant-PC, .NET Runtime Optimization Service ,Application,0,1,0,0,0,0,0,None,None,Application,1130,0,0,0,0,0,0,0,0,0,0,0x0080000000000000,0,0,0,0,0,0,0,2015-03-22 14:35:18,1427034918.0,14,35
1309686,59018,d28b01d1-0b0d-45d6-9c6a-0223fd82c525,2015-03-22 14:35:18,informant-PC, .NET Runtime Optimization Service ,Application,0,1,0,0,0,0,0,None,None,Application,1130,0,0,0,0,0,0,0,0,0,0,0x0080000000000000,0,0,0,0,0,0,0,2015-03-22 14:35:18,1427034918.0,14,35
1309687,59018,c686e33f-b5db-4573-9cc0-d3676671aeec,2015-03-22 14:35:18,informant-PC, .NET Runtime Optimization Service ,Application,0,1,0,0,0,0,0,None,None,Application,1130,0,0,0,0,0,0,0,0,0,0,0x0080000000000000,0,0,0,0,0,0,0,2015-03-22 14:35:18,1427034918.0,14,35
1309688,59018,74c5409f-bb59-4dea-9ec0-95147dfdb927,2015-03-22 14:35:18,informant-PC, .NET Runtime Optimization Service ,Application,0,1,0,0,0,0,0,None,None,Application,1130,0,0,0,0,0,0,0,0,0,0,0x0080000000000000,0,0,0,0,0,0,0,2015-03-22 14:35:18,1427034918.0,14,35
1309689,59018,b73edf42-c028-4e7a-9ea7-922219560aa3,2015-03-22 14:35:18,informant-PC, .NET Runtime Optimization Service ,Application,0,1,0,0,0,0,0,None,None,Application,1130,0,0,0,0,0,0,0,0,0,0,0x0080000000000000,0,0,0,0,0,0,0,2015-03-22 14:35:18,1427034918.0,14,35
1309690,59018,99c5f383-303c-470b-8f64-3efb368a5d32,2015-03-22 14:35:18,informant-PC, .NET Runtime Optimization Service ,Application,0,1,0,0,0,0,0,None,None,Application,1130,0,0,0,0,0,0,0,0,0,0,0x0080000000000000,0,0,0,0,0,0,0,2015-03-22 14:35:18,1427034918.0,14,35
1309691,59018,20adc006-4d86-49a1-97f4-9cdfe37588ba,2015-03-22 14:35:18,informant-PC, .NET Runtime Optimization Service ,Application,0,1,0,0,0,0,0,None,None,Application,1130,0,0,0,0,0,0,0,0,0,0,0x0080000000000000,0,0,0,0,0,0,0,2015-03-22 14:35:18,1427034918.0,14,35
1309852,59018,245af5d0-8852-4f24-866c-53c78ca19212,2015-03-22 14:35:19,informant-PC, .NET Runtime Optimization Service ,Application,0,1,0,0,0,0,0,None,None,Application,1130,0,0,0,0,0,0,0,0,0,0,0x0080000000000000,0,0,0,0,0,0,0,2015-03-22 14:35:19,1427034919.0,14,35
1309853,59018,14bec8a0-b9b3-4c6c-8dd6-f61991d0336d,2015-03-22 14:35:19,informant-PC, .NET Runtime Optimization Service ,Application,0,1,0,0,0,0,0,None,None,Application,1130,0,0,0,0,0,0,0,0,0,0,0x0080000000000000,0,0,0,0,0,0,0,2015-03-22 14:35:19,1427034919.0,14,35
1309854,59018,59ded961-ff79-47a4-aab3-a3e48589830a,2015-03-22 14:35:19,informant-PC, .NET Runtime Optimization Service ,Application,0,1,0,0,0,0,0,None,None,Application,1130,0,0,0,0,0,0,0,0,0,0,0x0080000000000000,0,0,0,0,0,0,0,2015-03-22 14:35:19,1427034919.0,14,35
1309855,59018,304ebbe1-9030-4c36-9590-bf755f068486,2015-03-22 14:35:19,informant-PC, .NET Runtime Optimization Service ,Application,0,1,0,0,0,0,0,None,None,Application,1130,0,0,0,0,0,0,0,0,0,0,0x0080000000000000,0,0,0,0,0,0,0,2015-03-22 14:35:19,1427034919.0,14,35
1309856,59018,a508a0b9-e1ab-4557-883e-9bd235c7ac29,2015-03-22 14:35:19,informant-PC, .NET Runtime Optimization Service ,Application,0,1,0,0,0,0,0,None,None,Application,1130,0,0,0,0,0,0,0,0,0,0,0x0080000000000000,0,0,0,0,0,0,0,2015-03-22 14:35:19,1427034919.0,14,35
1309857,59018,1e14e1fe-19ea-46cc-ab85-fbdc5bb81963,2015-03-22 14:35:19,informant-PC, .NET Runtime Optimization Service ,Application,0,1,0,0,0,0,0,None,None,Application,1130,0,0,0,0,0,0,0,0,0,0,0x0080000000000000,0,0,0,0,0,0,0,2015-03-22 14:35:19,1427034919.0,14,35
1310018,59018,484ed58f-c335-4e2b-bb7b-ae4a69907859,2015-03-22 14:35:20,informant-PC, .NET Runtime Optimization Service ,Application,0,1,0,0,0,0,0,None,None,Application,1130,0,0,0,0,0,0,0,0,0,0,0x0080000000000000,0,0,0,0,0,0,0,2015-03-22 14:35:20,1427034920.0,14,35
1310019,59018,2c0903b7-b049-441b-b1a0-1f6a3dbbd3a9,2015-03-22 14:35:20,informant-PC, .NET Runtime Optimization Service ,Application,0,1,0,0,0,0,0,None,None,Application,1130,0,0,0,0,0,0,0,0,0,0,0x0080000000000000,0,0,0,0,0,0,0,2015-03-22 14:35:20,1427034920.0,14,35
1310020,59018,53e36ebe-9cb7-4c95-ab1d-98c7d20d26ba,2015-03-22 14:35:20,informant-PC, .NET Runtime Optimization Service ,Application,0,1,0,0,0,0,0,None,None,Application,1130,0,0,0,0,0,0,0,0,0,0,0x0080000000000000,0,0,0,0,0,0,0,2015-03-22 14:35:20,1427034920.0,14,35
1310021,59018,31e29c9b-60ae-4102-860a-b168ff7b15ee,2015-03-22 14:35:20,informant-PC, .NET Runtime Optimization Service ,Application,0,1,0,0,0,0,0,None,None,Application,1130,0,0,0,0,0,0,0,0,0,0,0x0080000000000000,0,0,0,0,0,0,0,2015-03-22 14:35:20,1427034920.0,14,35
1310022,59018,560e8edc-7981-4b63-bb88-a49ed17f6cd0,2015-03-22 14:35:20,informant-PC, .NET Runtime Optimization Service ,Application,0,1,0,0,0,0,0,None,None,Application,1130,0,0,0,0,0,0,0,0,0,0,0x0080000000000000,0,0,0,0,0,0,0,2015-03-22 14:35:20,1427034920.0,14,35
1310023,59018,a3c809ba-2bf8-4362-aac8-7e84edfa44c0,2015-03-22 14:35:20,informant-PC, .NET Runtime Optimization Service ,Application,0,1,0,0,0,0,0,None,None,Application,1130,0,0,0,0,0,0,0,0,0,0,0x0080000000000000,0,0,0,0,0,0,0,2015-03-22 14:35:20,1427034920.0,14,35
1310194,59018,a1be19eb-19e5-4a17-84c0-8cc229bc3ba2,2015-03-22 14:35:21,informant-PC, .NET Runtime Optimization Service ,Application,0,1,0,0,0,0,0,None,None,Application,1130,0,0,0,0,0,0,0,0,0,0,0x0080000000000000,0,0,0,0,0,0,0,2015-03-22 14:35:21,1427034921.0,14,35
1310195,59018,a7ac8db2-6934-4743-a48c-8cc2a4a1c622,2015-03-22 14:35:21,informant-PC, .NET Runtime Optimization Service ,Application,0,1,0,0,0,0,0,None,None,Application,1130,0,0,0,0,0,0,0,0,0,0,0x0080000000000000,0,0,0,0,0,0,0,2015-03-22 14:35:21,1427034921.0,14,35
1310196,59018,137f6979-fb58-4bc2-9788-3cb6b5c9fd11,2015-03-22 14:35:21,informant-PC, .NET Runtime Optimization Service ,Application,0,1,0,0,0,0,0,None,None,Application,1130,0,0,0,0,0,0,0,0,0,0,0x0080000000000000,0,0,0,0,0,0,0,2015-03-22 14:35:21,1427034921.0,14,35
1310197,59018,4dea083c-965a-434e-be02-d545b6519c1d,2015-03-22 14:35:21,informant-PC, .NET Runtime Optimization Service ,Application,0,1,0,0,0,0,0,None,None,Application,1130,0,0,0,0,0,0,0,0,0,0,0x0080000000000000,0,0,0,0,0,0,0,2015-03-22 14:35:21,1427034921.0,14,35
1310198,59018,9193fb12-51ba-4dbd-bfde-d2c74f647bb0,2015-03-22 14:35:21,informant-PC, .NET Runtime Optimization Service ,Application,0,1,0,0,0,0,0,None,None,Application,1130,0,0,0,0,0,0,0,0,0,0,0x0080000000000000,0,0,0,0,0,0,0,2015-03-22 14:35:21,1427034921.0,14,35
1310199,59018,def4f5c7-0be3-4ee0-9644-0974646a48c8,2015-03-22 14:35:21,informant-PC, .NET Runtime Optimization Service ,Application,0,1,0,0,0,0,0,None,None,Application,1130,0,0,0,0,0,0,0,0,0,0,0x0080000000000000,0,0,0,0,0,0,0,2015-03-22 14:35:21,1427034921.0,14,35
1310200,59018,9f3a9ac6-a966-4093-bd37-538e4e1dc2c5,2015-03-22 14:35:21,informant-PC, .NET Runtime Optimization Service ,Application,0,1,0,0,0,0,0,None,None,Application,1130,0,0,0,0,0,0,0,0,0,0,0x0080000000000000,0,0,0,0,0,0,0,2015-03-22 14:35:21,1427034921.0,14,35
1310201,59018,d0464df8-d5bd-4d0b-a9e1-5dadd5b7a35c,2015-03-22 14:35:21,informant-PC, .NET Runtime Optimization Service ,Application,0,1,0,0,0,0,0,None,None,Application,1130,0,0,0,0,0,0,0,0,0,0,0x0080000000000000,0,0,0,0,0,0,0,2015-03-22 14:35:21,1427034921.0,14,35
1310202,59018,edaa7b5b-1b11-4099-949c-324beca7f74f,2015-03-22 14:35:21,informant-PC, .NET Runtime Optimization Service ,Application,0,1,0,0,0,0,0,None,None,Application,1130,0,0,0,0,0,0,0,0,0,0,0x0080000000000000,0,0,0,0,0,0,0,2015-03-22 14:35:21,1427034921.0,14,35
1310203,59018,54744723-623e-4caf-b45e-0b85a8d7c840,2015-03-22 14:35:21,informant-PC, .NET Runtime Optimization Service ,Application,0,1,0,0,0,0,0,None,None,Application,1130,0,0,0,0,0,0,0,0,0,0,0x0080000000000000,0,0,0,0,0,0,0,2015-03-22 14:35:21,1427034921.0,14,35
1310204,59018,4191eac7-3add-4b6a-953e-31987a9114ef,2015-03-22 14:35:21,informant-PC, .NET Runtime Optimization Service ,Application,0,1,0,0,0,0,0,None,None,Application,1130,0,0,0,0,0,0,0,0,0,0,0x0080000000000000,0,0,0,0,0,0,0,2015-03-22 14:35:21,1427034921.0,14,35
1310205,59018,12c2eae4-e075-4c54-b718-25acacaffaa2,2015-03-22 14:35:21,informant-PC, .NET Runtime Optimization Service ,Application,0,1,0,0,0,0,0,None,None,Application,1130,0,0,0,0,0,0,0,0,0,0,0x0080000000000000,0,0,0,0,0,0,0,2015-03-22 14:35:21,1427034921.0,14,35
1310422,59018,7451b105-b277-476c-b263-d39a97874feb,2015-03-22 14:35:22,informant-PC, .NET Runtime Optimization Service ,Application,0,1,0,0,0,0,0,None,None,Application,1130,0,0,0,0,0,0,0,0,0,0,0x0080000000000000,0,0,0,0,0,0,0,2015-03-22 14:35:22,1427034922.0,14,35
1310423,59018,33b8bfc4-4771-4a99-9b4e-133099b622e6,2015-03-22 14:35:22,informant-PC, .NET Runtime Optimization Service ,Application,0,1,0,0,0,0,0,None,None,Application,1130,0,0,0,0,0,0,0,0,0,0,0x0080000000000000,0,0,0,0,0,0,0,2015-03-22 14:35:22,1427034922.0,14,35
1310424,59018,f8b86d83-934e-41ef-b6aa-a37caf8fd228,2015-03-22 14:35:22,informant-PC, .NET Runtime Optimization Service ,Application,0,1,0,0,0,0,0,None,None,Application,1130,0,0,0,0,0,0,0,0,0,0,0x0080000000000000,0,0,0,0,0,0,0,2015-03-22 14:35:22,1427034922.0,14,35
1310425,59018,0771711f-6870-4a37-8d08-000d6dc23d12,2015-03-22 14:35:22,informant-PC, .NET Runtime Optimization Service ,Application,0,1,0,0,0,0,0,None,None,Application,1130,0,0,0,0,0,0,0,0,0,0,0x0080000000000000,0,0,0,0,0,0,0,2015-03-22 14:35:22,1427034922.0,14,35
1310426,59018,782df338-0735-43bf-88e3-af509c95de45,2015-03-22 14:35:22,informant-PC, .NET Runtime Optimization Service ,Application,0,1,0,0,0,0,0,None,None,Application,1130,0,0,0,0,0,0,0,0,0,0,0x0080000000000000,0,0,0,0,0,0,0,2015-03-22 14:35:22,1427034922.0,14,35
1310427,59018,9ae81853-e15e-4950-966e-e6a07d666349,2015-03-22 14:35:22,informant-PC, .NET Runtime Optimization Service ,Application,0,1,0,0,0,0,0,None,None,Application,1130,0,0,0,0,0,0,0,0,0,0,0x0080000000000000,0,0,0,0,0,0,0,2015-03-22 14:35:22,1427034922.0,14,35
1310584,59018,fa76e755-58d5-4628-87ee-7382a1ebab7c,2015-03-22 14:35:24,informant-PC, .NET Runtime Optimization Service ,Application,0,1,0,0,0,0,0,None,None,Application,1130,0,0,0,0,0,0,0,0,0,0,0x0080000000000000,0,0,0,0,0,0,0,2015-03-22 14:35:24,1427034924.0,14,35
1310585,59018,6eca0dd5-68fc-4745-b8ac-49488ff2363b,2015-03-22 14:35:24,informant-PC, .NET Runtime Optimization Service ,Application,0,1,0,0,0,0,0,None,None,Application,1130,0,0,0,0,0,0,0,0,0,0,0x0080000000000000,0,0,0,0,0,0,0,2015-03-22 14:35:24,1427034924.0,14,35
1310650,59018,d7286861-dc42-45c9-afc9-59126caee619,2015-03-22 14:35:25,informant-PC, .NET Runtime Optimization Service ,Application,0,1,0,0,0,0,0,None,None,Application,1130,0,0,0,0,0,0,0,0,0,0,0x0080000000000000,0,0,0,0,0,0,0,2015-03-22 14:35:25,1427034925.0,14,35
1310651,59018,fb29e32f-1bdb-45d3-9be4-8154dd239fc4,2015-03-22 14:35:25,informant-PC, .NET Runtime Optimization Service ,Application,0,1,0,0,0,0,0,None,None,Application,1130,0,0,0,0,0,0,0,0,0,0,0x0080000000000000,0,0,0,0,0,0,0,2015-03-22 14:35:25,1427034925.0,14,35
1310688,59018,2dc14166-995d-43b4-8c9b-e2d569baace7,2015-03-22 14:35:27,informant-PC, .NET Runtime Optimization Service ,Application,0,1,0,0,0,0,0,None,None,Application,1130,0,0,0,0,0,0,0,0,0,0,0x0080000000000000,0,0,0,0,0,0,0,2015-03-22 14:35:27,1427034927.0,14,35
1310689,59018,95b0d853-4d63-4fb7-8777-ac43298b3a2f,2015-03-22 14:35:27,informant-PC, .NET Runtime Optimization Service ,Application,0,1,0,0,0,0,0,None,None,Application,1130,0,0,0,0,0,0,0,0,0,0,0x0080000000000000,0,0,0,0,0,0,0,2015-03-22 14:35:27,1427034927.0,14,35
1310768,46,3b34f1ab-98da-4f04-8434-91e44a0d4aa1,2015-03-22 14:35:42,informant-PC, Microsoft-Windows-WindowsUpdateClient ,Other,0,0,0,0,0,1,0,None,904,Microsoft-Windows-WindowsUpdateClient/Operational,30,0,0,0,0,0,0,0,0,0,1,0x4000000000000001,0,0,1,0,0,0,0,2015-03-22 14:35:42,1427034942.0,14,35
1310769,46,0e74a1c6-650b-49a1-a134-a2373eb6ae5d,2015-03-22 14:35:42,informant-PC, Microsoft-Windows-WindowsUpdateClient ,Other,0,0,0,0,0,1,0,None,904,Microsoft-Windows-WindowsUpdateClient/Operational,42,0,0,0,0,0,0,0,0,0,2,0x4000000000000480,0,0,1,0,0,0,0,2015-03-22 14:35:42,1427034942.0,14,35
1310770,46,5e88a4b9-e939-465d-a533-87d5b6d687b9,2015-03-22 14:35:42,informant-PC, Microsoft-Windows-WindowsUpdateClient ,Other,0,0,0,0,0,1,0,None,904,Microsoft-Windows-WindowsUpdateClient/Operational,30,0,0,0,0,0,0,0,0,0,1,0x4000000000000001,0,0,1,0,0,0,0,2015-03-22 14:35:42,1427034942.0,14,35
1310771,46,5783d329-dda5-45bd-8176-e15bbf88c9be,2015-03-22 14:35:42,informant-PC, Microsoft-Windows-WindowsUpdateClient ,Other,0,0,0,0,0,1,0,None,904,Microsoft-Windows-WindowsUpdateClient/Operational,42,0,0,0,0,0,0,0,0,0,2,0x4000000000000480,0,0,1,0,0,0,0,2015-03-22 14:35:42,1427034942.0,14,35
1310772,46,e8edceef-79fe-43cd-b133-89fce5eab4d3,2015-03-22 14:35:42,informant-PC, Microsoft-Windows-WindowsUpdateClient ,Other,0,0,0,0,0,1,0,None,904,Microsoft-Windows-WindowsUpdateClient/Operational,42,0,0,0,0,0,0,0,0,0,2,0x4000000000000480,0,0,1,0,0,0,0,2015-03-22 14:35:42,1427034942.0,14,35
1310773,46,ff4079b3-c533-4823-8e04-b9db98444c54,2015-03-22 14:35:42,informant-PC, Microsoft-Windows-WindowsUpdateClient ,Other,0,0,0,0,0,1,0,None,904,Microsoft-Windows-WindowsUpdateClient/Operational,42,0,0,0,0,0,0,0,0,0,2,0x4000000000000480,0,0,1,0,0,0,0,2015-03-22 14:35:42,1427034942.0,14,35
1310782,59061,766910df-caf6-4582-99b4-e8b92a060620,2015-03-22 14:36:14,informant-PC, Microsoft-Windows-Diagnosis-DPS ,Other,0,0,0,0,0,1,0,None,1144,Microsoft-Windows-Diagnosis-DPS/Operational,105,0,0,0,0,0,0,0,0,0,1,0x4000000800000000,0,0,1,0,0,0,0,2015-03-22 14:36:14,1427034974.0,14,36
1310783,59061,b393b02d-8144-4234-8223-36f8b80e00d4,2015-03-22 14:36:14,informant-PC, Microsoft-Windows-Diagnosis-DPS ,Other,0,0,0,0,0,1,0,None,1144,Microsoft-Windows-Diagnosis-DPS/Operational,105,0,0,0,0,0,0,0,0,0,1,0x4000000800000000,0,0,1,0,0,0,0,2015-03-22 14:36:14,1427034974.0,14,36
1310784,59061,c92768de-5ead-417a-8777-00afdb0ed343,2015-03-22 14:36:14,informant-PC, Microsoft-Windows-Diagnosis-DPS ,Other,0,0,0,0,0,1,0,None,1144,Microsoft-Windows-Diagnosis-DPS/Operational,100,0,0,0,0,0,0,0,0,0,1,0x4000000800000000,0,0,1,0,0,0,0,2015-03-22 14:36:14,1427034974.0,14,36
1310785,59061,bced585b-4a65-477b-8b9f-f7bc6b4016e4,2015-03-22 14:36:14,informant-PC, Microsoft-Windows-Diagnosis-DPS ,Other,0,0,0,0,0,1,0,None,1144,Microsoft-Windows-Diagnosis-DPS/Operational,100,0,0,0,0,0,0,0,0,0,1,0x4000000800000000,0,0,1,0,0,0,0,2015-03-22 14:36:14,1427034974.0,14,36
1310800,59061,715c0b4f-8dcb-4d43-9b16-4f588c254018,2015-03-22 14:36:15,informant-PC, Microsoft-Windows-Diagnosis-DPS ,Other,0,0,0,0,0,1,0,None,1144,Microsoft-Windows-Diagnosis-DPS/Operational,110,0,0,0,0,0,0,0,0,0,1,0x4000000800000000,0,0,1,0,0,0,0,2015-03-22 14:36:15,1427034975.0,14,36
1310801,59061,07d0a365-0007-4623-bf57-242b0053026e,2015-03-22 14:36:15,informant-PC, Microsoft-Windows-Diagnosis-DPS ,Other,0,0,0,0,0,1,0,None,1144,Microsoft-Windows-Diagnosis-DPS/Operational,110,0,0,0,0,0,0,0,0,0,1,0x4000000800000000,0,0,1,0,0,0,0,2015-03-22 14:36:15,1427034975.0,14,36
1310802,59061,d6fe22b0-187c-4485-ba14-508a12105697,2015-03-22 14:36:15,informant-PC, Microsoft-Windows-Diagnosis-DPS ,Other,0,0,0,0,0,1,0,None,1144,Microsoft-Windows-Diagnosis-DPS/Operational,110,0,0,0,0,0,0,0,0,0,1,0x4000000800000000,0,0,1,0,0,0,0,2015-03-22 14:36:15,1427034975.0,14,36
1310803,59061,f819e19d-1d09-47f8-9f6d-3facaf1beb3a,2015-03-22 14:36:15,informant-PC, Microsoft-Windows-Diagnosis-DPS ,Other,0,0,0,0,0,1,0,None,1144,Microsoft-Windows-Diagnosis-DPS/Operational,110,0,0,0,0,0,0,0,0,0,1,0x4000000800000000,0,0,1,0,0,0,0,2015-03-22 14:36:15,1427034975.0,14,36
1310816,59018,3a13b908-5666-47ed-91b7-9cc6b4155974,2015-03-22 14:36:42,informant-PC, Customer Experience Improvement Program ,Application,0,1,0,0,0,0,0,None,0,Application,1005,0,0,0,0,0,0,0,0,0,0,0x0080000000000000,0,0,0,0,0,0,0,2015-03-22 14:36:42,1427035002.0,14,36
1310817,59018,366d5b85-7368-4465-b487-342c55012f82,2015-03-22 14:36:42,informant-PC, Customer Experience Improvement Program ,Application,0,1,0,0,0,0,0,None,0,Application,1005,0,0,0,0,0,0,0,0,0,0,0x0080000000000000,0,0,0,0,0,0,0,2015-03-22 14:36:42,1427035002.0,14,36
1310824,59017,0829aabd-381e-4dd4-af6d-5e7444630801,2015-03-22 14:36:42,informant-PC, Service Control Manager ,System,0,0,1,0,0,0,0,None,452,System,7036,0,0,0,0,0,0,0,0,0,0,0x8080000000000000,0,0,0,1,0,0,0,2015-03-22 14:36:42,1427035002.0,14,36
1310825,59017,55ea47a5-10a9-4431-828d-6cf0670d6715,2015-03-22 14:36:42,informant-PC, Service Control Manager ,System,0,0,1,0,0,0,0,None,452,System,7036,0,0,0,0,0,0,0,0,0,0,0x8080000000000000,0,0,0,1,0,0,0,2015-03-22 14:36:42,1427035002.0,14,36
1310826,59017,5eb77ac2-bea6-4ac4-bbca-191cd9a0f174,2015-03-22 14:36:42,informant-PC, Service Control Manager ,System,0,0,1,0,0,0,0,None,452,System,7036,0,0,0,0,0,0,0,0,0,0,0x8080000000000000,0,0,0,1,0,0,0,2015-03-22 14:36:42,1427035002.0,14,36
1310827,59017,9f9ee784-7372-4fc8-96b3-ab9dd6c53445,2015-03-22 14:36:42,informant-PC, Service Control Manager ,System,0,0,1,0,0,0,0,None,452,System,7036,0,0,0,0,0,0,0,0,0,0,0x8080000000000000,0,0,0,1,0,0,0,2015-03-22 14:36:42,1427035002.0,14,36
1310844,2186,55304ba2-c1d4-4ac9-b9af-bc038f78972b,2015-03-22 14:36:42,informant-PC, Microsoft-Windows-WindowsBackup ,Other,0,0,0,0,0,1,0,None,2520,Microsoft-Windows-WindowsBackup/ActionCenter,100,0,0,0,0,0,0,0,0,0,0,0x8000000000000000,0,0,0,1,0,0,0,2015-03-22 14:36:42,1427035002.0,14,36
1310845,2186,f7370dc6-57af-4ea9-8a1b-6d5dd484a2f1,2015-03-22 14:36:42,informant-PC, Microsoft-Windows-WindowsBackup ,Other,0,0,0,0,0,1,0,None,2520,Microsoft-Windows-WindowsBackup/ActionCenter,100,0,0,0,0,0,0,0,0,0,0,0x8000000000000000,0,0,0,1,0,0,0,2015-03-22 14:36:42,1427035002.0,14,36
1311014,59018,21a94ba1-ecef-4c30-92e5-c7c482467806,2015-03-22 14:37:27,informant-PC, Microsoft-Windows-LoadPerf ,Application,0,1,0,0,0,0,0,None,2260,Application,1001,0,0,0,0,0,0,0,0,0,0,0x8000000000000000,0,0,0,1,0,0,0,2015-03-22 14:37:27,1427035047.0,14,37
1311015,59018,3f41d35e-6728-4619-9d8a-7b7f0d6ed69c,2015-03-22 14:37:27,informant-PC, Microsoft-Windows-LoadPerf ,Application,0,1,0,0,0,0,0,None,2260,Application,1001,0,0,0,0,0,0,0,0,0,0,0x8000000000000000,0,0,0,1,0,0,0,2015-03-22 14:37:27,1427035047.0,14,37
1311016,59018,30c14c8e-1006-4d35-b9a8-4d267394fefa,2015-03-22 14:37:27,informant-PC, Microsoft-Windows-LoadPerf ,Application,0,1,0,0,0,0,0,None,2260,Application,1000,0,0,0,0,0,0,0,0,0,0,0x8000000000000000,0,0,0,1,0,0,0,2015-03-22 14:37:27,1427035047.0,14,37
1311017,59018,fa06a430-d442-428b-a2e1-a2a621633e22,2015-03-22 14:37:27,informant-PC, Microsoft-Windows-LoadPerf ,Application,0,1,0,0,0,0,0,None,2260,Application,1000,0,0,0,0,0,0,0,0,0,0,0x8000000000000000,0,0,0,1,0,0,0,2015-03-22 14:37:27,1427035047.0,14,37
1311136,46,ef56cbc0-8ef0-41dc-974c-38ebd64ad7c9,2015-03-22 14:37:41,informant-PC, Microsoft-Windows-WindowsUpdateClient ,Other,0,0,0,0,0,1,0,None,904,Microsoft-Windows-WindowsUpdateClient/Operational,42,0,0,0,0,0,0,0,0,0,2,0x4000000000000480,0,0,1,0,0,0,0,2015-03-22 14:37:41,1427035061.0,14,37
1311137,46,a15fac06-59e4-4023-a720-a2ccd9f8bbf5,2015-03-22 14:37:41,informant-PC, Microsoft-Windows-WindowsUpdateClient ,Other,0,0,0,0,0,1,0,None,904,Microsoft-Windows-WindowsUpdateClient/Operational,42,0,0,0,0,0,0,0,0,0,2,0x4000000000000480,0,0,1,0,0,0,0,2015-03-22 14:37:41,1427035061.0,14,37
1311138,46,f9bcabfc-0c0a-4025-957f-de5e1d57d119,2015-03-22 14:37:41,informant-PC, Microsoft-Windows-WindowsUpdateClient ,Other,0,0,0,0,0,1,0,None,904,Microsoft-Windows-WindowsUpdateClient/Operational,42,0,0,0,0,0,0,0,0,0,2,0x4000000000000480,0,0,1,0,0,0,0,2015-03-22 14:37:41,1427035061.0,14,37
1311139,46,9a12fb25-5f27-4d0b-87a5-7546894374c7,2015-03-22 14:37:41,informant-PC, Microsoft-Windows-WindowsUpdateClient ,Other,0,0,0,0,0,1,0,None,904,Microsoft-Windows-WindowsUpdateClient/Operational,42,0,0,0,0,0,0,0,0,0,2,0x4000000000000480,0,0,1,0,0,0,0,2015-03-22 14:37:41,1427035061.0,14,37
1311140,59017,fb71f3d3-23fe-4bda-a7e7-a26b2d7cd8c2,2015-03-22 14:37:43,informant-PC, Service Control Manager ,System,0,0,1,0,0,0,0,None,452,System,7040,0,0,0,0,0,0,0,0,0,0,0x8080000000000000,0,0,0,1,0,0,0,2015-03-22 14:37:43,1427035063.0,14,37
1311141,59017,66968119-62d5-4778-9b59-aec86144965b,2015-03-22 14:37:43,informant-PC, Service Control Manager ,System,0,0,1,0,0,0,0,None,452,System,7040,0,0,0,0,0,0,0,0,0,0,0x8080000000000000,0,0,0,1,0,0,0,2015-03-22 14:37:43,1427035063.0,14,37
1311142,59017,dd3b0a41-7e91-4006-a399-b64a99b14bb4,2015-03-22 14:37:44,informant-PC, Service Control Manager ,System,0,0,1,0,0,0,0,None,452,System,7036,0,0,0,0,0,0,0,0,0,0,0x8080000000000000,0,0,0,1,0,0,0,2015-03-22 14:37:44,1427035064.0,14,37
1311143,59017,ea051544-00d8-4dbb-bc9e-00da8d1688b4,2015-03-22 14:37:44,informant-PC, Service Control Manager ,System,0,0,1,0,0,0,0,None,452,System,7036,0,0,0,0,0,0,0,0,0,0,0x8080000000000000,0,0,0,1,0,0,0,2015-03-22 14:37:44,1427035064.0,14,37
1311189,59017,fc6ee084-cca2-4c1c-827d-1bc7bafd8214,2015-03-22 14:38:13,informant-PC, USER32 ,System,0,0,1,0,0,0,0,None,None,System,1074,0,0,0,0,0,0,0,0,0,0,0x0080000000000000,0,0,0,0,0,0,0,2015-03-22 14:38:13,1427035093.0,14,38
1311190,59017,4f2c32e6-01b8-46e8-805b-2efb24cc13ab,2015-03-22 14:38:13,informant-PC, USER32 ,System,0,0,1,0,0,0,0,None,None,System,1074,0,0,0,0,0,0,0,0,0,0,0x0080000000000000,0,0,0,0,0,0,0,2015-03-22 14:38:13,1427035093.0,14,38
1311207,59018,086e90d4-706f-48ef-bcef-8698c399e8de,2015-03-22 14:38:15,informant-PC, Wlclntfy ,Application,0,1,0,0,0,0,0,None,0,Application,6000,0,0,0,0,0,0,0,0,0,0,0x0080000000000000,0,0,0,0,0,0,0,2015-03-22 14:38:15,1427035095.0,14,38
1311208,59018,da0b1189-f916-453e-ba8f-0690af69d7bd,2015-03-22 14:38:15,informant-PC, Desktop Window Manager ,Application,0,1,0,0,0,0,0,None,None,Application,9009,0,0,0,0,0,0,0,0,0,0,0x0080000000000000,0,0,0,0,0,0,0,2015-03-22 14:38:15,1427035095.0,14,38
1311209,59018,e99bf672-bc7a-43c5-88d5-2fefb611d838,2015-03-22 14:38:15,informant-PC, Wlclntfy ,Application,0,1,0,0,0,0,0,None,0,Application,6000,0,0,0,0,0,0,0,0,0,0,0x0080000000000000,0,0,0,0,0,0,0,2015-03-22 14:38:15,1427035095.0,14,38
1311210,59017,cfb68007-c4b0-4601-94f9-c26ffd58cab0,2015-03-22 14:38:15,informant-PC, USER32 ,System,0,0,1,0,0,0,0,None,None,System,1074,0,0,0,0,0,0,0,0,0,0,0x0080000000000000,0,0,0,0,0,0,0,2015-03-22 14:38:15,1427035095.0,14,38
1311211,59018,8aa80b08-cbe5-4797-96df-fe22b645eb98,2015-03-22 14:38:15,informant-PC, Desktop Window Manager ,Application,0,1,0,0,0,0,0,None,None,Application,9009,0,0,0,0,0,0,0,0,0,0,0x0080000000000000,0,0,0,0,0,0,0,2015-03-22 14:38:15,1427035095.0,14,38
1311212,59017,12e7773a-305f-4d96-b913-8a769da50216,2015-03-22 14:38:15,informant-PC, USER32 ,System,0,0,1,0,0,0,0,None,None,System,1074,0,0,0,0,0,0,0,0,0,0,0x0080000000000000,0,0,0,0,0,0,0,2015-03-22 14:38:15,1427035095.0,14,38
1311213,59042,97156688-6b72-4886-a0db-febc97b5d3bc,2015-03-22 14:38:15,informant-PC, Microsoft-Windows-GroupPolicy ,Other,0,0,0,0,0,1,0,None,904,Microsoft-Windows-GroupPolicy/Operational,5324,0,0,0,0,0,0,0,0,0,0,0x4000000000000000,0,0,1,0,0,0,0,2015-03-22 14:38:15,1427035095.0,14,38
1311214,59042,13eab618-18f6-4fd8-b5ea-042f618a9179,2015-03-22 14:38:15,informant-PC, Microsoft-Windows-GroupPolicy ,Other,0,0,0,0,0,1,0,None,904,Microsoft-Windows-GroupPolicy/Operational,5324,0,0,0,0,0,0,0,0,0,0,0x4000000000000000,0,0,1,0,0,0,0,2015-03-22 14:38:15,1427035095.0,14,38
1311215,59019,5297838e-6731-4216-a3f0-e8201b6257a5,2015-03-22 14:38:15,informant-PC, Microsoft-Windows-Security-Auditing ,Security,1,0,0,0,0,0,0,S-1-5-21-2425377081-3129163575-2985601102-1000,476,Security,4647,0,0,0,1,0,0,0,0,0,12545,0x8020000000000000,0,0,0,1,0,0,0,2015-03-22 14:38:15,1427035095.0,14,38
1311216,59019,62ece52c-83e2-46f7-ab36-9863cb651a87,2015-03-22 14:38:15,informant-PC, Microsoft-Windows-Security-Auditing ,Security,1,0,0,0,0,0,0,S-1-5-21-2425377081-3129163575-2985601102-1000,476,Security,4647,0,0,0,1,0,0,0,0,0,12545,0x8020000000000000,0,0,0,1,0,0,0,2015-03-22 14:38:15,1427035095.0,14,38
1311217,59042,4b60ab0f-ea35-4c44-86fb-06698e2e7f92,2015-03-22 14:38:15,informant-PC, Microsoft-Windows-GroupPolicy ,Other,0,0,0,0,0,1,0,None,904,Microsoft-Windows-GroupPolicy/Operational,5324,0,0,0,0,0,0,0,0,0,0,0x4000000000000000,0,0,1,0,0,0,0,2015-03-22 14:38:15,1427035095.0,14,38
1311219,59021,e656c2ad-049e-4dc5-b740-d7608c989f4e,2015-03-22 14:38:15,informant-PC, Microsoft-Windows-User Profiles Service ,Other,0,0,0,0,0,1,0,None,904,Microsoft-Windows-User Profile Service/Operational,3,0,0,0,0,0,0,0,0,0,0,0x4000000000000000,0,0,1,0,0,0,0,2015-03-22 14:38:15,1427035095.0,14,38
1311220,59042,d0a7bee9-a970-4597-892e-8a631a0bae76,2015-03-22 14:38:15,informant-PC, Microsoft-Windows-GroupPolicy ,Other,0,0,0,0,0,1,0,None,904,Microsoft-Windows-GroupPolicy/Operational,5324,0,0,0,0,0,0,0,0,0,0,0x4000000000000000,0,0,1,0,0,0,0,2015-03-22 14:38:15,1427035095.0,14,38
1311221,59040,727d408e-af89-4e3e-becc-50f2ff579ca6,2015-03-22 14:38:15,informant-PC, Microsoft-Windows-OfflineFiles ,Other,0,0,0,0,0,1,0,None,880,Microsoft-Windows-OfflineFiles/Operational,8,0,0,0,0,0,0,0,0,0,0,0x4000000000000008,0,0,1,0,0,0,0,2015-03-22 14:38:15,1427035095.0,14,38
1311222,59018,d3ca56b7-a8bd-4f8b-8b93-5169228dede0,2015-03-22 14:38:15,informant-PC, Microsoft-Windows-User Profiles Service ,Application,0,1,0,0,0,0,0,None,904,Application,1530,0,0,0,0,0,0,0,0,0,0,0x8000000000000000,0,0,0,1,0,0,0,2015-03-22 14:38:15,1427035095.0,14,38
1311223,59021,ca9a2f76-e506-4b20-b6ba-e53f389cdd44,2015-03-22 14:38:15,informant-PC, Microsoft-Windows-User Profiles Service ,Other,0,0,0,0,0,1,0,None,904,Microsoft-Windows-User Profile Service/Operational,3,0,0,0,0,0,0,0,0,0,0,0x4000000000000000,0,0,1,0,0,0,0,2015-03-22 14:38:15,1427035095.0,14,38
1311225,59040,ff39c9f6-9f21-45e4-a568-8bc2d506617a,2015-03-22 14:38:15,informant-PC, Microsoft-Windows-OfflineFiles ,Other,0,0,0,0,0,1,0,None,880,Microsoft-Windows-OfflineFiles/Operational,8,0,0,0,0,0,0,0,0,0,0,0x4000000000000008,0,0,1,0,0,0,0,2015-03-22 14:38:15,1427035095.0,14,38
1311226,13963,03ad4cf1-1eb7-4989-bb6b-e7c902647e2c,2015-03-22 14:38:15,informant-PC, Microsoft-Windows-TerminalServices-LocalSessionManager ,Other,0,0,0,0,0,1,0,None,484,Microsoft-Windows-TerminalServices-LocalSessionManager/Operational,23,0,0,0,0,0,0,0,0,0,0,0x1000000000000000,1,0,0,0,0,0,0,2015-03-22 14:38:15,1427035095.0,14,38
1311229,59018,cb075f99-8622-4c48-ae8f-6acffcc48975,2015-03-22 14:38:15,informant-PC, Microsoft-Windows-User Profiles Service ,Application,0,1,0,0,0,0,0,None,904,Application,1530,0,0,0,0,0,0,0,0,0,0,0x8000000000000000,0,0,0,1,0,0,0,2015-03-22 14:38:15,1427035095.0,14,38
1311235,13963,4d98b321-fd70-42f7-be40-d72f979e5c1a,2015-03-22 14:38:15,informant-PC, Microsoft-Windows-TerminalServices-LocalSessionManager ,Other,0,0,0,0,0,1,0,None,484,Microsoft-Windows-TerminalServices-LocalSessionManager/Operational,23,0,0,0,0,0,0,0,0,0,0,0x1000000000000000,1,0,0,0,0,0,0,2015-03-22 14:38:15,1427035095.0,14,38
1311244,59021,490da89f-b171-4fed-84d2-ac9efec69d66,2015-03-22 14:38:15,informant-PC, Microsoft-Windows-User Profiles Service ,Other,0,0,0,0,0,1,0,None,904,Microsoft-Windows-User Profile Service/Operational,4,0,0,0,0,0,0,0,0,0,0,0x4000000000000000,0,0,1,0,0,0,0,2015-03-22 14:38:15,1427035095.0,14,38
1311250,59021,9d135ff8-e286-42cb-b4fe-c4f46807ba9a,2015-03-22 14:38:15,informant-PC, Microsoft-Windows-User Profiles Service ,Other,0,0,0,0,0,1,0,None,904,Microsoft-Windows-User Profile Service/Operational,4,0,0,0,0,0,0,0,0,0,0,0x4000000000000000,0,0,1,0,0,0,0,2015-03-22 14:38:15,1427035095.0,14,38
1311253,59017,4b4cf169-9dc8-4c48-af66-8252a03d48a9,2015-03-22 14:38:15,informant-PC, Microsoft-Windows-Winlogon ,System,0,0,1,0,0,0,0,None,404,System,7002,0,0,0,0,0,0,0,0,0,1102,0x2000000000000000,0,1,0,0,0,0,0,2015-03-22 14:38:15,1427035095.0,14,38
1311254,59017,df8015b7-6b8c-4bf1-9f7a-b71fd50b6442,2015-03-22 14:38:15,informant-PC, Microsoft-Windows-Winlogon ,System,0,0,1,0,0,0,0,None,404,System,7002,0,0,0,0,0,0,0,0,0,1102,0x2000000000000000,0,1,0,0,0,0,0,2015-03-22 14:38:15,1427035095.0,14,38
1311255,59017,6cd441a9-94cd-4706-bb90-1cbd4c16eb9d,2015-03-22 14:38:16,informant-PC, EventLog ,System,0,0,1,0,0,0,0,None,None,System,6006,0,0,0,0,0,0,0,0,0,0,0x0080000000000000,0,0,0,0,0,0,0,2015-03-22 14:38:16,1427035096.0,14,38
1311256,59017,8b876e84-dea5-4072-b6c7-b31fb8efea4e,2015-03-22 14:38:16,informant-PC, EventLog ,System,0,0,1,0,0,0,0,None,None,System,6006,0,0,0,0,0,0,0,0,0,0,0x0080000000000000,0,0,0,0,0,0,0,2015-03-22 14:38:16,1427035096.0,14,38
1311257,46,70174ebb-7e20-4012-adff-465c60d1b2dc,2015-03-22 14:38:16,informant-PC, Microsoft-Windows-WindowsUpdateClient ,Other,0,0,0,0,0,1,0,None,904,Microsoft-Windows-WindowsUpdateClient/Operational,39,0,0,0,0,0,0,0,0,0,1,0x4000000000000280,0,0,1,0,0,0,0,2015-03-22 14:38:16,1427035096.0,14,38
1311258,46,e6c945a8-2b88-47de-bd63-9b06d8e0a53f,2015-03-22 14:38:16,informant-PC, Microsoft-Windows-WindowsUpdateClient ,Other,0,0,0,0,0,1,0,None,904,Microsoft-Windows-WindowsUpdateClient/Operational,39,0,0,0,0,0,0,0,0,0,1,0x4000000000000280,0,0,1,0,0,0,0,2015-03-22 14:38:16,1427035096.0,14,38
1311259,59017,944c2716-17a9-4762-86ae-82cee8393982,2015-03-22 14:38:16,informant-PC, Service Control Manager ,System,0,0,1,0,0,0,0,None,452,System,7036,0,0,0,0,0,0,0,0,0,0,0x8080000000000000,0,0,0,1,0,0,0,2015-03-22 14:38:16,1427035096.0,14,38
1311260,59017,545d8849-9b0a-4a53-86c0-c751d9463766,2015-03-22 14:38:16,informant-PC, Service Control Manager ,System,0,0,1,0,0,0,0,None,452,System,7036,0,0,0,0,0,0,0,0,0,0,0x8080000000000000,0,0,0,1,0,0,0,2015-03-22 14:38:16,1427035096.0,14,38
1311261,59042,77f0ea6f-6264-4855-8beb-030eb8f85fc8,2015-03-22 14:38:16,informant-PC, Microsoft-Windows-GroupPolicy ,Other,0,0,0,0,0,1,0,None,904,Microsoft-Windows-GroupPolicy/Operational,5325,0,0,0,0,0,0,0,0,0,0,0x4000000000000000,0,0,1,0,0,0,0,2015-03-22 14:38:16,1427035096.0,14,38
1311262,59042,eadf03a4-0db4-41cb-ae6e-503e8147a3b7,2015-03-22 14:38:16,informant-PC, Microsoft-Windows-GroupPolicy ,Other,0,0,0,0,0,1,0,None,904,Microsoft-Windows-GroupPolicy/Operational,5325,0,0,0,0,0,0,0,0,0,0,0x4000000000000000,0,0,1,0,0,0,0,2015-03-22 14:38:16,1427035096.0,14,38
1311263,59017,b458079f-d2aa-4226-9564-b3b0b82457d1,2015-03-22 14:38:16,informant-PC, Service Control Manager ,System,0,0,1,0,0,0,0,None,452,System,7036,0,0,0,0,0,0,0,0,0,0,0x8080000000000000,0,0,0,1,0,0,0,2015-03-22 14:38:16,1427035096.0,14,38
1311264,59017,dacef70a-2fe7-4b72-9015-0f18367d2032,2015-03-22 14:38:16,informant-PC, Service Control Manager ,System,0,0,1,0,0,0,0,None,452,System,7036,0,0,0,0,0,0,0,0,0,0,0x8080000000000000,0,0,0,1,0,0,0,2015-03-22 14:38:16,1427035096.0,14,38
1311265,59017,3eec206d-9c02-478d-afb6-05e14ec6103d,2015-03-22 14:38:16,informant-PC, Service Control Manager ,System,0,0,1,0,0,0,0,None,452,System,7036,0,0,0,0,0,0,0,0,0,0,0x8080000000000000,0,0,0,1,0,0,0,2015-03-22 14:38:16,1427035096.0,14,38
1311266,59017,97ba6981-7d77-489d-ba0c-b4c2cacc49af,2015-03-22 14:38:16,informant-PC, Service Control Manager ,System,0,0,1,0,0,0,0,None,452,System,7036,0,0,0,0,0,0,0,0,0,0,0x8080000000000000,0,0,0,1,0,0,0,2015-03-22 14:38:16,1427035096.0,14,38
1311267,59017,4d0dd344-9094-412e-aa2e-02b543fc9f9a,2015-03-22 14:38:16,informant-PC, Service Control Manager ,System,0,0,1,0,0,0,0,None,452,System,7036,0,0,0,0,0,0,0,0,0,0,0x8080000000000000,0,0,0,1,0,0,0,2015-03-22 14:38:16,1427035096.0,14,38
1311268,59017,384e6775-d36f-4b94-8969-aa418eec9d12,2015-03-22 14:38:16,informant-PC, Service Control Manager ,System,0,0,1,0,0,0,0,None,452,System,7036,0,0,0,0,0,0,0,0,0,0,0x8080000000000000,0,0,0,1,0,0,0,2015-03-22 14:38:16,1427035096.0,14,38
1311269,59017,55527999-a80e-4b29-ab73-0c6a42bb1678,2015-03-22 14:38:16,informant-PC, Microsoft-Windows-Dhcp-Client ,System,0,0,1,0,0,0,0,None,952,System,50037,0,0,0,0,0,0,0,0,0,4,0x2000000000000000,0,1,0,0,0,0,0,2015-03-22 14:38:16,1427035096.0,14,38
1311270,59017,7f86a80f-db11-43ad-b31d-8ba55ebd6bda,2015-03-22 14:38:16,informant-PC, Microsoft-Windows-DHCPv6-Client ,System,0,0,1,0,0,0,0,None,952,System,51047,0,0,0,0,0,0,0,0,0,4,0x2000000000000000,0,1,0,0,0,0,0,2015-03-22 14:38:16,1427035096.0,14,38
1311271,59017,037eb5a7-f8c5-4a08-96e2-861c1c4ec8d2,2015-03-22 14:38:16,informant-PC, Microsoft-Windows-DHCPv6-Client ,System,0,0,1,0,0,0,0,None,952,System,51047,0,0,0,0,0,0,0,0,0,4,0x2000000000000000,0,1,0,0,0,0,0,2015-03-22 14:38:16,1427035096.0,14,38
1311272,59017,c537bb16-58ff-487c-be25-34df46096005,2015-03-22 14:38:16,informant-PC, Microsoft-Windows-Dhcp-Client ,System,0,0,1,0,0,0,0,None,952,System,50037,0,0,0,0,0,0,0,0,0,4,0x2000000000000000,0,1,0,0,0,0,0,2015-03-22 14:38:16,1427035096.0,14,38
1311273,59017,aebe1d3c-28f8-4603-9c7f-6d10cd4dd173,2015-03-22 14:38:16,informant-PC, Service Control Manager ,System,0,0,1,0,0,0,0,None,452,System,7036,0,0,0,0,0,0,0,0,0,0,0x8080000000000000,0,0,0,1,0,0,0,2015-03-22 14:38:16,1427035096.0,14,38
1311274,59017,73c9b048-eadb-49ad-b1f9-e401d4f0e5b5,2015-03-22 14:38:16,informant-PC, Service Control Manager ,System,0,0,1,0,0,0,0,None,452,System,7036,0,0,0,0,0,0,0,0,0,0,0x8080000000000000,0,0,0,1,0,0,0,2015-03-22 14:38:16,1427035096.0,14,38
