1689989,59041,c34fc07c-7974-47f8-9ad4-3be903d27199,2015-03-22 15:22:57,informant-PC, Microsoft-Windows-BranchCacheSMB ,Other,0,0,0,0,0,1,0,None,816,Microsoft-Windows-BranchCacheSMB/Operational,3001,0,0,0,0,0,0,0,0,0,0,0x8000000000000800,0,0,0,1,0,0,0,2015-03-22 15:22:57,1427037777.0,15,22
1689990,59018,8dde5fdc-0512-452b-acab-57789ca5a4c6,2015-03-22 15:22:58,informant-PC, EventSystem ,Application,0,1,0,0,0,0,0,None,0,Application,4625,0,0,0,1,0,0,0,0,0,0,0x0080000000000000,0,0,0,0,0,0,0,2015-03-22 15:22:58,1427037778.0,15,22
1689991,59018,9e787545-e03b-4f73-b670-44e70c4f2e79,2015-03-22 15:22:58,informant-PC, EventSystem ,Application,0,1,0,0,0,0,0,None,0,Application,4625,0,0,0,1,0,0,0,0,0,0,0x0080000000000000,0,0,0,0,0,0,0,2015-03-22 15:22:58,1427037778.0,15,22
1689998,59017,c9c79d87-e323-4b0d-82b5-d0e7ece7f363,2015-03-22 15:22:58,informant-PC, Service Control Manager ,System,0,0,1,0,0,0,0,None,484,System,7036,0,0,0,0,0,0,0,0,0,0,0x8080000000000000,0,0,0,1,0,0,0,2015-03-22 15:22:58,1427037778.0,15,22
1689999,59017,55078c51-c677-48c6-8f12-7de8483e8725,2015-03-22 15:22:58,informant-PC, Service Control Manager ,System,0,0,1,0,0,0,0,None,484,System,7036,0,0,0,0,0,0,0,0,0,0,0x8080000000000000,0,0,0,1,0,0,0,2015-03-22 15:22:58,1427037778.0,15,22
1690000,59017,066d99aa-d49f-4115-adb2-03542a3140a1,2015-03-22 15:22:58,informant-PC, Service Control Manager ,System,0,0,1,0,0,0,0,None,484,System,7036,0,0,0,0,0,0,0,0,0,0,0x8080000000000000,0,0,0,1,0,0,0,2015-03-22 15:22:58,1427037778.0,15,22
1690001,59017,fd50dce3-7d2d-4982-a45c-e8e4f14b9e36,2015-03-22 15:22:58,informant-PC, Service Control Manager ,System,0,0,1,0,0,0,0,None,484,System,7036,0,0,0,0,0,0,0,0,0,0,0x8080000000000000,0,0,0,1,0,0,0,2015-03-22 15:22:58,1427037778.0,15,22
1690028,59017,c950d453-39ba-4d3b-b480-48a596a53992,2015-03-22 15:23:01,informant-PC, Service Control Manager ,System,0,0,1,0,0,0,0,None,484,System,7036,0,0,0,0,0,0,0,0,0,0,0x8080000000000000,0,0,0,1,0,0,0,2015-03-22 15:23:01,1427037781.0,15,23
1690029,59017,0fdd49ba-2234-4170-bf75-e9089e4c7950,2015-03-22 15:23:01,informant-PC, Service Control Manager ,System,0,0,1,0,0,0,0,None,484,System,7036,0,0,0,0,0,0,0,0,0,0,0x8080000000000000,0,0,0,1,0,0,0,2015-03-22 15:23:01,1427037781.0,15,23
1690030,59017,c5e100f1-25c8-459b-8821-682f20531445,2015-03-22 15:23:01,informant-PC, Service Control Manager ,System,0,0,1,0,0,0,0,None,484,System,7036,0,0,0,0,0,0,0,0,0,0,0x8080000000000000,0,0,0,1,0,0,0,2015-03-22 15:23:01,1427037781.0,15,23
1690031,59017,fc00e3ee-812e-4d2d-803f-a974f399196a,2015-03-22 15:23:01,informant-PC, Service Control Manager ,System,0,0,1,0,0,0,0,None,484,System,7036,0,0,0,0,0,0,0,0,0,0,0x8080000000000000,0,0,0,1,0,0,0,2015-03-22 15:23:01,1427037781.0,15,23
1690032,59017,1c347f85-eaaa-4f49-82fe-8845a31afe32,2015-03-22 15:23:01,informant-PC, Service Control Manager ,System,0,0,1,0,0,0,0,None,484,System,7036,0,0,0,0,0,0,0,0,0,0,0x8080000000000000,0,0,0,1,0,0,0,2015-03-22 15:23:01,1427037781.0,15,23
1690033,59017,9281405a-2bcf-4d14-b3aa-bc55f2b31c7f,2015-03-22 15:23:01,informant-PC, Service Control Manager ,System,0,0,1,0,0,0,0,None,484,System,7036,0,0,0,0,0,0,0,0,0,0,0x8080000000000000,0,0,0,1,0,0,0,2015-03-22 15:23:01,1427037781.0,15,23
1690034,59017,9c9509e1-847b-4ebf-baff-24b2c8379489,2015-03-22 15:23:01,informant-PC, Microsoft-Windows-DHCPv6-Client ,System,0,0,1,0,0,0,0,None,760,System,51046,0,0,0,0,0,0,0,0,0,4,0x2000000000000000,0,1,0,0,0,0,0,2015-03-22 15:23:01,1427037781.0,15,23
1690035,59017,b70107e7-61a9-4410-b858-0d90870dcbbc,2015-03-22 15:23:01,informant-PC, Service Control Manager ,System,0,0,1,0,0,0,0,None,484,System,7036,0,0,0,0,0,0,0,0,0,0,0x8080000000000000,0,0,0,1,0,0,0,2015-03-22 15:23:01,1427037781.0,15,23
1690036,59017,dd0a57a3-b85d-46a5-93ac-da06057fd38f,2015-03-22 15:23:01,informant-PC, Service Control Manager ,System,0,0,1,0,0,0,0,None,484,System,7036,0,0,0,0,0,0,0,0,0,0,0x8080000000000000,0,0,0,1,0,0,0,2015-03-22 15:23:01,1427037781.0,15,23
1690037,59017,1aa8bfe7-2e8c-4605-8eca-8175fedeed48,2015-03-22 15:23:01,informant-PC, Service Control Manager ,System,0,0,1,0,0,0,0,None,484,System,7036,0,0,0,0,0,0,0,0,0,0,0x8080000000000000,0,0,0,1,0,0,0,2015-03-22 15:23:01,1427037781.0,15,23
1690038,59017,d6559135-c722-4c38-86d8-0abc3d612aad,2015-03-22 15:23:01,informant-PC, Microsoft-Windows-Dhcp-Client ,System,0,0,1,0,0,0,0,None,760,System,50036,0,0,0,0,0,0,0,0,0,4,0x2000000000000000,0,1,0,0,0,0,0,2015-03-22 15:23:01,1427037781.0,15,23
1690039,59017,d914d0be-119c-4345-a987-25061885bde8,2015-03-22 15:23:01,informant-PC, Microsoft-Windows-DHCPv6-Client ,System,0,0,1,0,0,0,0,None,760,System,51046,0,0,0,0,0,0,0,0,0,4,0x2000000000000000,0,1,0,0,0,0,0,2015-03-22 15:23:01,1427037781.0,15,23
1690040,59017,cd0a7870-c8c3-46bd-8eb0-8823237e883e,2015-03-22 15:23:01,informant-PC, Service Control Manager ,System,0,0,1,0,0,0,0,None,484,System,7036,0,0,0,0,0,0,0,0,0,0,0x8080000000000000,0,0,0,1,0,0,0,2015-03-22 15:23:01,1427037781.0,15,23
1690041,59017,703d7fdb-64e7-493f-8ed3-dd32c4daeff9,2015-03-22 15:23:01,informant-PC, Microsoft-Windows-Dhcp-Client ,System,0,0,1,0,0,0,0,None,760,System,50036,0,0,0,0,0,0,0,0,0,4,0x2000000000000000,0,1,0,0,0,0,0,2015-03-22 15:23:01,1427037781.0,15,23
1690051,59017,1e9124a4-d3c7-4095-b4c2-ace6ea79db1a,2015-03-22 15:23:01,informant-PC, Service Control Manager ,System,0,0,1,0,0,0,0,None,484,System,7036,0,0,0,0,0,0,0,0,0,0,0x8080000000000000,0,0,0,1,0,0,0,2015-03-22 15:23:01,1427037781.0,15,23
1690053,59017,b47d25f8-4982-46ff-a0c7-cff065fbccca,2015-03-22 15:23:01,informant-PC, Service Control Manager ,System,0,0,1,0,0,0,0,None,484,System,7036,0,0,0,0,0,0,0,0,0,0,0x8080000000000000,0,0,0,1,0,0,0,2015-03-22 15:23:01,1427037781.0,15,23
1690060,59017,4c3a724f-9578-4958-b999-731bc2c6c0b2,2015-03-22 15:23:01,informant-PC, Service Control Manager ,System,0,0,1,0,0,0,0,None,484,System,7036,0,0,0,0,0,0,0,0,0,0,0x8080000000000000,0,0,0,1,0,0,0,2015-03-22 15:23:01,1427037781.0,15,23
1690065,59017,60a84a41-dbab-4b33-ab56-16fa3dbf891d,2015-03-22 15:23:01,informant-PC, Service Control Manager ,System,0,0,1,0,0,0,0,None,484,System,7036,0,0,0,0,0,0,0,0,0,0,0x8080000000000000,0,0,0,1,0,0,0,2015-03-22 15:23:01,1427037781.0,15,23
1690066,59017,f778a13c-ecb2-45c4-abef-57eeafad948e,2015-03-22 15:23:01,informant-PC, Service Control Manager ,System,0,0,1,0,0,0,0,None,484,System,7036,0,0,0,0,0,0,0,0,0,0,0x8080000000000000,0,0,0,1,0,0,0,2015-03-22 15:23:01,1427037781.0,15,23
1690067,59017,9c60774b-0e73-41b9-ad44-1d5f305207bc,2015-03-22 15:23:01,informant-PC, Service Control Manager ,System,0,0,1,0,0,0,0,None,484,System,7036,0,0,0,0,0,0,0,0,0,0,0x8080000000000000,0,0,0,1,0,0,0,2015-03-22 15:23:01,1427037781.0,15,23
1690070,59018,7147c120-c2b0-4d76-8aec-589d223f1be9,2015-03-22 15:23:02,informant-PC, WinMgmt ,Application,0,1,0,0,0,0,0,None,0,Application,5615,0,0,0,0,0,0,0,0,0,0,0x0080000000000000,0,0,0,0,0,0,0,2015-03-22 15:23:02,1427037782.0,15,23
1690071,59018,b55c84c3-a4e7-4c66-81ad-581c4c35b769,2015-03-22 15:23:02,informant-PC, WinMgmt ,Application,0,1,0,0,0,0,0,None,0,Application,5615,0,0,0,0,0,0,0,0,0,0,0x0080000000000000,0,0,0,0,0,0,0,2015-03-22 15:23:02,1427037782.0,15,23
1690078,59017,25d86449-0ffa-40f6-97c8-fe3eaa7d7650,2015-03-22 15:23:02,informant-PC, Service Control Manager ,System,0,0,1,0,0,0,0,None,484,System,7036,0,0,0,0,0,0,0,0,0,0,0x8080000000000000,0,0,0,1,0,0,0,2015-03-22 15:23:02,1427037782.0,15,23
1690082,59017,2c0630eb-03bb-452b-ba09-8cd3cc52681f,2015-03-22 15:23:02,informant-PC, Service Control Manager ,System,0,0,1,0,0,0,0,None,484,System,7036,0,0,0,0,0,0,0,0,0,0,0x8080000000000000,0,0,0,1,0,0,0,2015-03-22 15:23:02,1427037782.0,15,23
1690086,59019,f89bb2de-274c-43a3-8019-6fba1683cb49,2015-03-22 15:23:02,informant-PC, Microsoft-Windows-Security-Auditing ,Security,1,0,0,0,0,0,0,S-1-5-18,500,Security,4624,0,0,0,1,0,0,0,0,0,12544,0x8020000000000000,0,0,0,1,0,0,0,2015-03-22 15:23:02,1427037782.0,15,23
1690087,59019,25b19c21-acf4-4182-96da-e8d17507cb55,2015-03-22 15:23:02,informant-PC, Microsoft-Windows-Security-Auditing ,Security,1,0,0,0,0,0,0,None,500,Security,4672,0,0,0,1,0,0,0,0,0,12548,0x8020000000000000,0,0,0,1,0,0,0,2015-03-22 15:23:02,1427037782.0,15,23
1690088,59019,93262308-666e-40d6-b828-b8825c0f9d2a,2015-03-22 15:23:02,informant-PC, Microsoft-Windows-Security-Auditing ,Security,1,0,0,0,0,0,0,S-1-5-18,500,Security,4624,0,0,0,1,0,0,0,0,0,12544,0x8020000000000000,0,0,0,1,0,0,0,2015-03-22 15:23:02,1427037782.0,15,23
1690089,59019,fbd1bdb2-af43-4356-b2ab-978e7a7ec422,2015-03-22 15:23:02,informant-PC, Microsoft-Windows-Security-Auditing ,Security,1,0,0,0,0,0,0,None,500,Security,4672,0,0,0,1,0,0,0,0,0,12548,0x8020000000000000,0,0,0,1,0,0,0,2015-03-22 15:23:02,1427037782.0,15,23
1690091,59017,8c3db75a-585c-41b6-bca4-54ba70893b5c,2015-03-22 15:23:02,informant-PC, Service Control Manager ,System,0,0,1,0,0,0,0,None,484,System,7036,0,0,0,0,0,0,0,0,0,0,0x8080000000000000,0,0,0,1,0,0,0,2015-03-22 15:23:02,1427037782.0,15,23
1690094,59017,43b80625-df89-460a-9f88-f31ddbe4e440,2015-03-22 15:23:02,informant-PC, Service Control Manager ,System,0,0,1,0,0,0,0,None,484,System,7036,0,0,0,0,0,0,0,0,0,0,0x8080000000000000,0,0,0,1,0,0,0,2015-03-22 15:23:02,1427037782.0,15,23
1690128,59017,06bdb5d7-580f-44d0-b527-cac3054cfa08,2015-03-22 15:23:02,informant-PC, Service Control Manager ,System,0,0,1,0,0,0,0,None,484,System,7036,0,0,0,0,0,0,0,0,0,0,0x8080000000000000,0,0,0,1,0,0,0,2015-03-22 15:23:02,1427037782.0,15,23
1690129,59019,1e4bc42b-5618-4bb3-81f3-d79a42124f75,2015-03-22 15:23:02,informant-PC, Microsoft-Windows-Security-Auditing ,Security,1,0,0,0,0,0,0,None,4,Security,5033,0,0,0,0,0,0,0,0,1,12292,0x8020000000000000,0,0,0,1,0,0,0,2015-03-22 15:23:02,1427037782.0,15,23
1690130,59017,4a4ed3d9-07f3-4d0a-9a64-fedd912394a5,2015-03-22 15:23:02,informant-PC, Service Control Manager ,System,0,0,1,0,0,0,0,None,484,System,7036,0,0,0,0,0,0,0,0,0,0,0x8080000000000000,0,0,0,1,0,0,0,2015-03-22 15:23:02,1427037782.0,15,23
1690131,59019,9456fe80-24cd-4577-b442-f679276017a2,2015-03-22 15:23:02,informant-PC, Microsoft-Windows-Security-Auditing ,Security,1,0,0,0,0,0,0,None,4,Security,5033,0,0,0,0,0,0,0,0,1,12292,0x8020000000000000,0,0,0,1,0,0,0,2015-03-22 15:23:02,1427037782.0,15,23
1690132,59017,90aee80d-455e-4437-b56e-1dd38d99c754,2015-03-22 15:23:02,informant-PC, Service Control Manager ,System,0,0,1,0,0,0,0,None,484,System,7036,0,0,0,0,0,0,0,0,0,0,0x8080000000000000,0,0,0,1,0,0,0,2015-03-22 15:23:02,1427037782.0,15,23
1690133,59017,a76d1628-0243-4d58-a67a-84496beaea2f,2015-03-22 15:23:02,informant-PC, Service Control Manager ,System,0,0,1,0,0,0,0,None,484,System,7036,0,0,0,0,0,0,0,0,0,0,0x8080000000000000,0,0,0,1,0,0,0,2015-03-22 15:23:02,1427037782.0,15,23
1690134,59017,40559a0e-eb26-4aac-8d8f-a7d68506a99b,2015-03-22 15:23:02,informant-PC, Service Control Manager ,System,0,0,1,0,0,0,0,None,484,System,7036,0,0,0,0,0,0,0,0,0,0,0x8080000000000000,0,0,0,1,0,0,0,2015-03-22 15:23:02,1427037782.0,15,23
1690135,59017,ba004195-7e7f-402e-a233-06c245b38d9a,2015-03-22 15:23:02,informant-PC, Service Control Manager ,System,0,0,1,0,0,0,0,None,484,System,7036,0,0,0,0,0,0,0,0,0,0,0x8080000000000000,0,0,0,1,0,0,0,2015-03-22 15:23:02,1427037782.0,15,23
1690136,59017,e1408759-e0dc-4bae-bbd4-f4cdda87d248,2015-03-22 15:23:02,informant-PC, Service Control Manager ,System,0,0,1,0,0,0,0,None,484,System,7036,0,0,0,0,0,0,0,0,0,0,0x8080000000000000,0,0,0,1,0,0,0,2015-03-22 15:23:02,1427037782.0,15,23
1690137,59017,2611ad1c-99f0-445c-8399-285fada1ff46,2015-03-22 15:23:02,informant-PC, Service Control Manager ,System,0,0,1,0,0,0,0,None,484,System,7036,0,0,0,0,0,0,0,0,0,0,0x8080000000000000,0,0,0,1,0,0,0,2015-03-22 15:23:02,1427037782.0,15,23
1690138,59017,bed539db-c9c2-4bc5-b729-c060334152f5,2015-03-22 15:23:02,informant-PC, Service Control Manager ,System,0,0,1,0,0,0,0,None,484,System,7036,0,0,0,0,0,0,0,0,0,0,0x8080000000000000,0,0,0,1,0,0,0,2015-03-22 15:23:02,1427037782.0,15,23
1690139,59017,bbf6a77f-cedd-44cd-b570-c17aa13fcffd,2015-03-22 15:23:02,informant-PC, Service Control Manager ,System,0,0,1,0,0,0,0,None,484,System,7036,0,0,0,0,0,0,0,0,0,0,0x8080000000000000,0,0,0,1,0,0,0,2015-03-22 15:23:02,1427037782.0,15,23
1690142,59017,aac9120d-2b65-4b6d-b079-cf35374b2ce7,2015-03-22 15:23:02,informant-PC, Service Control Manager ,System,0,0,1,0,0,0,0,None,484,System,7036,0,0,0,0,0,0,0,0,0,0,0x8080000000000000,0,0,0,1,0,0,0,2015-03-22 15:23:02,1427037782.0,15,23
1690143,59017,f9304149-d3a3-4a32-aece-89efed1d3f0c,2015-03-22 15:23:02,informant-PC, Service Control Manager ,System,0,0,1,0,0,0,0,None,484,System,7036,0,0,0,0,0,0,0,0,0,0,0x8080000000000000,0,0,0,1,0,0,0,2015-03-22 15:23:02,1427037782.0,15,23
1690144,59017,29d9a909-18da-458e-803d-e998c7d9f15b,2015-03-22 15:23:02,informant-PC, Service Control Manager ,System,0,0,1,0,0,0,0,None,484,System,7036,0,0,0,0,0,0,0,0,0,0,0x8080000000000000,0,0,0,1,0,0,0,2015-03-22 15:23:02,1427037782.0,15,23
1690145,59017,98fb4caa-f0a4-496a-92ee-ecbb835e69a5,2015-03-22 15:23:02,informant-PC, Service Control Manager ,System,0,0,1,0,0,0,0,None,484,System,7036,0,0,0,0,0,0,0,0,0,0,0x8080000000000000,0,0,0,1,0,0,0,2015-03-22 15:23:02,1427037782.0,15,23
1690146,59017,2737b42e-489c-4118-ad6f-f242c392b9f9,2015-03-22 15:23:02,informant-PC, Service Control Manager ,System,0,0,1,0,0,0,0,None,484,System,7036,0,0,0,0,0,0,0,0,0,0,0x8080000000000000,0,0,0,1,0,0,0,2015-03-22 15:23:02,1427037782.0,15,23
1690147,59017,58184cc5-2abd-4618-bfd1-f320da5ee63a,2015-03-22 15:23:02,informant-PC, Microsoft-Windows-Application-Experience ,System,0,0,1,0,0,0,0,None,816,System,201,0,0,0,0,0,0,0,0,0,0,0x8000000000000000,0,0,0,1,0,0,0,2015-03-22 15:23:02,1427037782.0,15,23
1690148,59017,205cfa72-2080-40b9-afa7-7d152d77c629,2015-03-22 15:23:02,informant-PC, Service Control Manager ,System,0,0,1,0,0,0,0,None,484,System,7036,0,0,0,0,0,0,0,0,0,0,0x8080000000000000,0,0,0,1,0,0,0,2015-03-22 15:23:02,1427037782.0,15,23
1690149,59017,ab34b060-358b-405a-a54c-d295b6d42d01,2015-03-22 15:23:02,informant-PC, Service Control Manager ,System,0,0,1,0,0,0,0,None,484,System,7036,0,0,0,0,0,0,0,0,0,0,0x8080000000000000,0,0,0,1,0,0,0,2015-03-22 15:23:02,1427037782.0,15,23
1690150,59017,93d8ad66-65c5-4e80-a461-924f690609cb,2015-03-22 15:23:02,informant-PC, Service Control Manager ,System,0,0,1,0,0,0,0,None,484,System,7036,0,0,0,0,0,0,0,0,0,0,0x8080000000000000,0,0,0,1,0,0,0,2015-03-22 15:23:02,1427037782.0,15,23
1690151,59017,51b9b2ad-63ea-4ec0-b138-4403a5269ae4,2015-03-22 15:23:02,informant-PC, Microsoft-Windows-Application-Experience ,System,0,0,1,0,0,0,0,None,816,System,201,0,0,0,0,0,0,0,0,0,0,0x8000000000000000,0,0,0,1,0,0,0,2015-03-22 15:23:02,1427037782.0,15,23
1690170,59017,5c11631e-fb59-465c-a126-bf555f21bc6a,2015-03-22 15:23:02,informant-PC, Service Control Manager ,System,0,0,1,0,0,0,0,None,484,System,7036,0,0,0,0,0,0,0,0,0,0,0x8080000000000000,0,0,0,1,0,0,0,2015-03-22 15:23:02,1427037782.0,15,23
1690180,59017,6abccc1e-b1d3-4da0-a1d9-6f6b606f7354,2015-03-22 15:23:02,informant-PC, Service Control Manager ,System,0,0,1,0,0,0,0,None,484,System,7036,0,0,0,0,0,0,0,0,0,0,0x8080000000000000,0,0,0,1,0,0,0,2015-03-22 15:23:02,1427037782.0,15,23
1690212,59019,590e52ad-90df-47c8-99d2-75ed643eaf28,2015-03-22 15:23:02,informant-PC, Microsoft-Windows-Security-Auditing ,Security,1,0,0,0,0,0,0,S-1-5-7,500,Security,4624,0,0,0,1,0,0,0,0,0,12544,0x8020000000000000,0,0,0,1,0,0,0,2015-03-22 15:23:02,1427037782.0,15,23
1690213,59017,df15e820-a842-439d-961c-8324ceba08ab,2015-03-22 15:23:02,informant-PC, Service Control Manager ,System,0,0,1,0,0,0,0,None,484,System,7036,0,0,0,0,0,0,0,0,0,0,0x8080000000000000,0,0,0,1,0,0,0,2015-03-22 15:23:02,1427037782.0,15,23
1690214,59019,63d410d9-0982-4b70-b85c-58c112946e51,2015-03-22 15:23:02,informant-PC, Microsoft-Windows-Security-Auditing ,Security,1,0,0,0,0,0,0,S-1-5-7,500,Security,4624,0,0,0,1,0,0,0,0,0,12544,0x8020000000000000,0,0,0,1,0,0,0,2015-03-22 15:23:02,1427037782.0,15,23
1690215,59017,a26fc72f-942d-4e6b-ac6d-e5f8ed3eb01d,2015-03-22 15:23:02,informant-PC, Service Control Manager ,System,0,0,1,0,0,0,0,None,484,System,7036,0,0,0,0,0,0,0,0,0,0,0x8080000000000000,0,0,0,1,0,0,0,2015-03-22 15:23:02,1427037782.0,15,23
1690216,59019,d70056b9-5f7b-4513-ad5d-c0c86fbce27f,2015-03-22 15:23:02,informant-PC, Microsoft-Windows-Security-Auditing ,Security,1,0,0,0,0,0,0,None,500,Security,5024,0,0,0,0,0,0,0,0,1,12292,0x8020000000000000,0,0,0,1,0,0,0,2015-03-22 15:23:02,1427037782.0,15,23
1690217,59019,952eb6b3-3ca1-4d8c-8d24-c30e245929e2,2015-03-22 15:23:02,informant-PC, Microsoft-Windows-Security-Auditing ,Security,1,0,0,0,0,0,0,None,500,Security,5024,0,0,0,0,0,0,0,0,1,12292,0x8020000000000000,0,0,0,1,0,0,0,2015-03-22 15:23:02,1427037782.0,15,23
1690238,59017,4932a07e-0311-467a-a06a-bba4cca6dd2c,2015-03-22 15:23:02,informant-PC, Service Control Manager ,System,0,0,1,0,0,0,0,None,484,System,7036,0,0,0,0,0,0,0,0,0,0,0x8080000000000000,0,0,0,1,0,0,0,2015-03-22 15:23:02,1427037782.0,15,23
1690241,59017,fe3bcf5b-3563-466d-b598-c364b95c112c,2015-03-22 15:23:02,informant-PC, Service Control Manager ,System,0,0,1,0,0,0,0,None,484,System,7036,0,0,0,0,0,0,0,0,0,0,0x8080000000000000,0,0,0,1,0,0,0,2015-03-22 15:23:02,1427037782.0,15,23
1690242,59017,136b315e-98cb-4a61-9f9f-5c65449559f4,2015-03-22 15:23:02,informant-PC, Service Control Manager ,System,0,0,1,0,0,0,0,None,484,System,7036,0,0,0,0,0,0,0,0,0,0,0x8080000000000000,0,0,0,1,0,0,0,2015-03-22 15:23:02,1427037782.0,15,23
1690243,59017,1b8ee5c7-d5fc-40ac-a4e6-65aca528899d,2015-03-22 15:23:02,informant-PC, Service Control Manager ,System,0,0,1,0,0,0,0,None,484,System,7036,0,0,0,0,0,0,0,0,0,0,0x8080000000000000,0,0,0,1,0,0,0,2015-03-22 15:23:02,1427037782.0,15,23
1690252,59017,f3526499-3cea-4fa7-9daa-2aef1e517bd5,2015-03-22 15:23:02,informant-PC, Service Control Manager ,System,0,0,1,0,0,0,0,None,484,System,7036,0,0,0,0,0,0,0,0,0,0,0x8080000000000000,0,0,0,1,0,0,0,2015-03-22 15:23:02,1427037782.0,15,23
1690253,59017,0d494a6e-b83a-4bb9-b15e-ef1ea71a95d3,2015-03-22 15:23:02,informant-PC, Service Control Manager ,System,0,0,1,0,0,0,0,None,484,System,7036,0,0,0,0,0,0,0,0,0,0,0x8080000000000000,0,0,0,1,0,0,0,2015-03-22 15:23:02,1427037782.0,15,23
1690702,59057,b984451e-625b-4951-98c8-ef07ccedc016,2015-03-22 15:23:04,informant-PC, Microsoft-Windows-Windows Firewall With Advanced Security ,Other,0,0,0,0,0,1,0,None,1140,Microsoft-Windows-Windows Firewall With Advanced Security/Firewall,2011,0,0,0,0,0,0,0,0,0,0,0x8000000000000000,0,0,0,1,0,0,0,2015-03-22 15:23:04,1427037784.0,15,23
1690703,59057,9b774bb7-539b-4fb3-a6ca-a35a0f7da37a,2015-03-22 15:23:04,informant-PC, Microsoft-Windows-Windows Firewall With Advanced Security ,Other,0,0,0,0,0,1,0,None,1140,Microsoft-Windows-Windows Firewall With Advanced Security/Firewall,2011,0,0,0,0,0,0,0,0,0,0,0x8000000000000000,0,0,0,1,0,0,0,2015-03-22 15:23:04,1427037784.0,15,23
1690704,59081,23c55816-0fbe-47d2-8ebf-9ce156bc0cc6,2015-03-22 15:23:05,informant-PC, Microsoft-Windows-NetworkProfile ,Other,0,0,0,0,0,1,0,None,860,Microsoft-Windows-NetworkProfile/Operational,4001,0,0,0,0,0,0,0,0,0,1,0x4000200000000000,0,0,1,0,0,0,0,2015-03-22 15:23:05,1427037785.0,15,23
1690705,59081,870e1be7-3d59-4008-b7be-622901f9a116,2015-03-22 15:23:05,informant-PC, Microsoft-Windows-NetworkProfile ,Other,0,0,0,0,0,1,0,None,860,Microsoft-Windows-NetworkProfile/Operational,4001,0,0,0,0,0,0,0,0,0,1,0x4000200000000000,0,0,1,0,0,0,0,2015-03-22 15:23:05,1427037785.0,15,23
1690706,59081,cec63417-0641-4cf6-a02a-117a7bec3736,2015-03-22 15:23:05,informant-PC, Microsoft-Windows-NetworkProfile ,Other,0,0,0,0,0,1,0,None,860,Microsoft-Windows-NetworkProfile/Operational,10000,0,0,0,0,0,0,0,0,0,0,0x4000200000000000,0,0,1,0,0,0,0,2015-03-22 15:23:05,1427037785.0,15,23
1690707,59081,4a340db6-0d87-4e5d-8a8f-44765eccd341,2015-03-22 15:23:05,informant-PC, Microsoft-Windows-NetworkProfile ,Other,0,0,0,0,0,1,0,None,860,Microsoft-Windows-NetworkProfile/Operational,10000,0,0,0,0,0,0,0,0,0,0,0x4000200000000000,0,0,1,0,0,0,0,2015-03-22 15:23:05,1427037785.0,15,23
1690708,59017,8c53a5d1-9f5f-4035-9d4c-90d72f64fb70,2015-03-22 15:23:05,informant-PC, Service Control Manager ,System,0,0,1,0,0,0,0,None,484,System,7036,0,0,0,0,0,0,0,0,0,0,0x8080000000000000,0,0,0,1,0,0,0,2015-03-22 15:23:05,1427037785.0,15,23
1690709,59017,5d7be15c-8fae-4818-aae4-03e49b33624c,2015-03-22 15:23:05,informant-PC, Service Control Manager ,System,0,0,1,0,0,0,0,None,484,System,7036,0,0,0,0,0,0,0,0,0,0,0x8080000000000000,0,0,0,1,0,0,0,2015-03-22 15:23:05,1427037785.0,15,23
1690710,59017,a19b76b0-8b82-4bf2-88dc-eac19bd83f7f,2015-03-22 15:23:05,informant-PC, Service Control Manager ,System,0,0,1,0,0,0,0,None,484,System,7036,0,0,0,0,0,0,0,0,0,0,0x8080000000000000,0,0,0,1,0,0,0,2015-03-22 15:23:05,1427037785.0,15,23
1690711,59017,16883b3a-be97-4fd6-9f93-c48bc0649204,2015-03-22 15:23:05,informant-PC, Service Control Manager ,System,0,0,1,0,0,0,0,None,484,System,7036,0,0,0,0,0,0,0,0,0,0,0x8080000000000000,0,0,0,1,0,0,0,2015-03-22 15:23:05,1427037785.0,15,23
1690754,59061,6619a078-d0dd-4a00-aaab-70d85c5a7412,2015-03-22 15:23:07,informant-PC, Microsoft-Windows-Diagnosis-DPS ,Other,0,0,0,0,0,1,0,None,1140,Microsoft-Windows-Diagnosis-DPS/Operational,100,0,0,0,0,0,0,0,0,0,1,0x4000000800000000,0,0,1,0,0,0,0,2015-03-22 15:23:07,1427037787.0,15,23
1690755,59061,799561ab-a90d-42c0-a995-95deeb376fd9,2015-03-22 15:23:07,informant-PC, Microsoft-Windows-Diagnosis-DPS ,Other,0,0,0,0,0,1,0,None,1140,Microsoft-Windows-Diagnosis-DPS/Operational,100,0,0,0,0,0,0,0,0,0,1,0x4000000800000000,0,0,1,0,0,0,0,2015-03-22 15:23:07,1427037787.0,15,23
1690756,59061,33e9271b-dde9-43d0-989a-299578e0dd96,2015-03-22 15:23:07,informant-PC, Microsoft-Windows-Diagnosis-DPS ,Other,0,0,0,0,0,1,0,None,1140,Microsoft-Windows-Diagnosis-DPS/Operational,105,0,0,0,0,0,0,0,0,0,1,0x4000000800000000,0,0,1,0,0,0,0,2015-03-22 15:23:07,1427037787.0,15,23
1690757,59061,5c5a8353-3f2f-4668-bc29-4bc21b9508fb,2015-03-22 15:23:07,informant-PC, Microsoft-Windows-Diagnosis-DPS ,Other,0,0,0,0,0,1,0,None,1140,Microsoft-Windows-Diagnosis-DPS/Operational,105,0,0,0,0,0,0,0,0,0,1,0x4000000800000000,0,0,1,0,0,0,0,2015-03-22 15:23:07,1427037787.0,15,23
1690758,59057,e747e6df-b285-47d7-8da1-dc20a529ab8a,2015-03-22 15:23:07,informant-PC, Microsoft-Windows-Windows Firewall With Advanced Security ,Other,0,0,0,0,0,1,0,None,1140,Microsoft-Windows-Windows Firewall With Advanced Security/Firewall,2010,0,0,0,0,0,0,0,0,0,0,0x8000000000000000,0,0,0,1,0,0,0,2015-03-22 15:23:07,1427037787.0,15,23
1690759,59057,b387197e-7111-4174-b248-41e666c17811,2015-03-22 15:23:07,informant-PC, Microsoft-Windows-Windows Firewall With Advanced Security ,Other,0,0,0,0,0,1,0,None,1140,Microsoft-Windows-Windows Firewall With Advanced Security/Firewall,2010,0,0,0,0,0,0,0,0,0,0,0x8000000000000000,0,0,0,1,0,0,0,2015-03-22 15:23:07,1427037787.0,15,23
1690760,59017,86f580f5-68d0-4f65-8bd3-728e84c36e8c,2015-03-22 15:23:07,informant-PC, Service Control Manager ,System,0,0,1,0,0,0,0,None,484,System,7036,0,0,0,0,0,0,0,0,0,0,0x8080000000000000,0,0,0,1,0,0,0,2015-03-22 15:23:07,1427037787.0,15,23
1690761,59017,ccad3d86-f3a0-431d-aa26-017cf17bbadb,2015-03-22 15:23:07,informant-PC, Service Control Manager ,System,0,0,1,0,0,0,0,None,484,System,7036,0,0,0,0,0,0,0,0,0,0,0x8080000000000000,0,0,0,1,0,0,0,2015-03-22 15:23:07,1427037787.0,15,23
1690764,59081,54269735-e118-4113-a39d-1d20cca29489,2015-03-22 15:23:07,informant-PC, Microsoft-Windows-NetworkProfile ,Other,0,0,0,0,0,1,0,None,860,Microsoft-Windows-NetworkProfile/Operational,4002,0,0,0,0,0,0,0,0,0,1,0x4001200000000000,0,0,1,0,0,0,0,2015-03-22 15:23:07,1427037787.0,15,23
1690765,59081,9b674cb1-d06b-4738-a0f7-ee9fd5168ca3,2015-03-22 15:23:07,informant-PC, Microsoft-Windows-NetworkProfile ,Other,0,0,0,0,0,1,0,None,860,Microsoft-Windows-NetworkProfile/Operational,4002,0,0,0,0,0,0,0,0,0,1,0x4001200000000000,0,0,1,0,0,0,0,2015-03-22 15:23:07,1427037787.0,15,23
1690766,59081,1463d272-6ac4-474d-a675-86b70a262c6b,2015-03-22 15:23:07,informant-PC, Microsoft-Windows-NetworkProfile ,Other,0,0,0,0,0,1,0,None,860,Microsoft-Windows-NetworkProfile/Operational,10000,0,0,0,0,0,0,0,0,0,0,0x4000200000000000,0,0,1,0,0,0,0,2015-03-22 15:23:07,1427037787.0,15,23
1690767,59081,f59cb596-f9be-4228-a243-c0288e332d0c,2015-03-22 15:23:07,informant-PC, Microsoft-Windows-NetworkProfile ,Other,0,0,0,0,0,1,0,None,860,Microsoft-Windows-NetworkProfile/Operational,10000,0,0,0,0,0,0,0,0,0,0,0x4000200000000000,0,0,1,0,0,0,0,2015-03-22 15:23:07,1427037787.0,15,23
1690768,59057,dc06c34b-1e03-4e13-a7ba-39ffab840b53,2015-03-22 15:23:07,informant-PC, Microsoft-Windows-Windows Firewall With Advanced Security ,Other,0,0,0,0,0,1,0,None,1140,Microsoft-Windows-Windows Firewall With Advanced Security/Firewall,2002,0,0,0,0,0,0,0,0,0,0,0x8000000000000000,0,0,0,1,0,0,0,2015-03-22 15:23:07,1427037787.0,15,23
1690769,59057,ca762d38-f530-47ab-8791-3560af13c63b,2015-03-22 15:23:07,informant-PC, Microsoft-Windows-Windows Firewall With Advanced Security ,Other,0,0,0,0,0,1,0,None,1140,Microsoft-Windows-Windows Firewall With Advanced Security/Firewall,2002,0,0,0,0,0,0,0,0,0,0,0x8000000000000000,0,0,0,1,0,0,0,2015-03-22 15:23:07,1427037787.0,15,23
1690770,59057,39320975-670b-4758-a320-5d446a1dac9a,2015-03-22 15:23:07,informant-PC, Microsoft-Windows-Windows Firewall With Advanced Security ,Other,0,0,0,0,0,1,0,None,1140,Microsoft-Windows-Windows Firewall With Advanced Security/Firewall,2010,0,0,0,0,0,0,0,0,0,0,0x8000000000000000,0,0,0,1,0,0,0,2015-03-22 15:23:07,1427037787.0,15,23
1690771,59057,e1d8a7f4-3dcf-4273-8d93-5d990c9d55c9,2015-03-22 15:23:07,informant-PC, Microsoft-Windows-Windows Firewall With Advanced Security ,Other,0,0,0,0,0,1,0,None,1140,Microsoft-Windows-Windows Firewall With Advanced Security/Firewall,2010,0,0,0,0,0,0,0,0,0,0,0x8000000000000000,0,0,0,1,0,0,0,2015-03-22 15:23:07,1427037787.0,15,23
1690772,59017,81f6b6a8-8ca5-4817-97c0-b7fb88ad7f7e,2015-03-22 15:23:08,informant-PC, Service Control Manager ,System,0,0,1,0,0,0,0,None,484,System,7036,0,0,0,0,0,0,0,0,0,0,0x8080000000000000,0,0,0,1,0,0,0,2015-03-22 15:23:08,1427037788.0,15,23
1690773,59017,820b0a3d-fda1-4a89-9d1c-007e56743d09,2015-03-22 15:23:08,informant-PC, Service Control Manager ,System,0,0,1,0,0,0,0,None,484,System,7036,0,0,0,0,0,0,0,0,0,0,0x8080000000000000,0,0,0,1,0,0,0,2015-03-22 15:23:08,1427037788.0,15,23
1722570,59018,83b3a199-d7eb-4af5-a1d7-228be70da925,2015-03-22 15:23:12,informant-PC, ESENT ,Application,0,1,0,0,0,0,0,None,None,Application,300,0,0,0,0,0,0,0,0,0,3,0x0080000000000000,0,0,0,0,0,0,0,2015-03-22 15:23:12,1427037792.0,15,23
1722571,59018,2e9649ad-afd8-4ee7-ac4f-52fced282bf0,2015-03-22 15:23:12,informant-PC, ESENT ,Application,0,1,0,0,0,0,0,None,None,Application,102,0,0,0,0,0,0,0,0,0,1,0x0080000000000000,0,0,0,0,0,0,0,2015-03-22 15:23:12,1427037792.0,15,23
1722572,59018,16bec46f-7eea-402b-9322-243db41361c2,2015-03-22 15:23:12,informant-PC, ESENT ,Application,0,1,0,0,0,0,0,None,None,Application,301,0,0,0,0,0,0,0,0,0,3,0x0080000000000000,0,0,0,0,0,0,0,2015-03-22 15:23:12,1427037792.0,15,23
1722573,59018,6b37757a-7d53-4c0b-944b-fbb34840bc93,2015-03-22 15:23:12,informant-PC, ESENT ,Application,0,1,0,0,0,0,0,None,None,Application,300,0,0,0,0,0,0,0,0,0,3,0x0080000000000000,0,0,0,0,0,0,0,2015-03-22 15:23:12,1427037792.0,15,23
1722574,59018,aa7aff7b-6f37-41cf-8f28-6f50250f2076,2015-03-22 15:23:12,informant-PC, ESENT ,Application,0,1,0,0,0,0,0,None,None,Application,102,0,0,0,0,0,0,0,0,0,1,0x0080000000000000,0,0,0,0,0,0,0,2015-03-22 15:23:12,1427037792.0,15,23
1722575,59018,75ba74aa-6683-495d-9004-5960bdb4853d,2015-03-22 15:23:12,informant-PC, ESENT ,Application,0,1,0,0,0,0,0,None,None,Application,301,0,0,0,0,0,0,0,0,0,3,0x0080000000000000,0,0,0,0,0,0,0,2015-03-22 15:23:12,1427037792.0,15,23
1722608,59017,e5a6039d-2623-4dab-8bff-93059275291c,2015-03-22 15:23:12,informant-PC, Service Control Manager ,System,0,0,1,0,0,0,0,None,484,System,7036,0,0,0,0,0,0,0,0,0,0,0x8080000000000000,0,0,0,1,0,0,0,2015-03-22 15:23:12,1427037792.0,15,23
1722609,59017,341739ca-be59-4e22-8815-8f0a90ba9a11,2015-03-22 15:23:12,informant-PC, Service Control Manager ,System,0,0,1,0,0,0,0,None,484,System,7036,0,0,0,0,0,0,0,0,0,0,0x8080000000000000,0,0,0,1,0,0,0,2015-03-22 15:23:12,1427037792.0,15,23
1722616,59019,a034e76e-0a68-4d90-a959-107fa0a26c1d,2015-03-22 15:23:12,informant-PC, Microsoft-Windows-Security-Auditing ,Security,1,0,0,0,0,0,0,None,500,Security,4672,0,0,0,1,0,0,0,0,0,12548,0x8020000000000000,0,0,0,1,0,0,0,2015-03-22 15:23:12,1427037792.0,15,23
1722617,59019,9ca11f8b-449e-4b84-90d0-d93e76328103,2015-03-22 15:23:12,informant-PC, Microsoft-Windows-Security-Auditing ,Security,1,0,0,0,0,0,0,S-1-5-18,500,Security,4624,0,0,0,1,0,0,0,0,0,12544,0x8020000000000000,0,0,0,1,0,0,0,2015-03-22 15:23:12,1427037792.0,15,23
1722618,59019,57957616-c30f-4092-93dd-4c6d604e5727,2015-03-22 15:23:12,informant-PC, Microsoft-Windows-Security-Auditing ,Security,1,0,0,0,0,0,0,None,500,Security,4672,0,0,0,1,0,0,0,0,0,12548,0x8020000000000000,0,0,0,1,0,0,0,2015-03-22 15:23:12,1427037792.0,15,23
1722619,59019,a17f6e52-54e5-4324-9885-9b7ee674d407,2015-03-22 15:23:12,informant-PC, Microsoft-Windows-Security-Auditing ,Security,1,0,0,0,0,0,0,S-1-5-18,500,Security,4624,0,0,0,1,0,0,0,0,0,12544,0x8020000000000000,0,0,0,1,0,0,0,2015-03-22 15:23:12,1427037792.0,15,23
1722658,59018,cf4a38c0-0881-45bf-8e1b-ca36decdc9b9,2015-03-22 15:23:13,informant-PC, ESENT ,Application,0,1,0,0,0,0,0,None,None,Application,301,0,0,0,0,0,0,0,0,0,3,0x0080000000000000,0,0,0,0,0,0,0,2015-03-22 15:23:13,1427037793.0,15,23
1722659,59018,25cc82a3-6167-48ea-8996-1e6f9f2ec74f,2015-03-22 15:23:13,informant-PC, Windows Search Service ,Application,0,1,0,0,0,0,0,None,0,Application,1003,0,0,0,0,0,0,0,0,0,1,0x0080000000000000,0,0,0,0,0,0,0,2015-03-22 15:23:13,1427037793.0,15,23
1722660,59018,96027f0f-fd5d-41f3-b47b-ac240d741f4d,2015-03-22 15:23:13,informant-PC, ESENT ,Application,0,1,0,0,0,0,0,None,None,Application,301,0,0,0,0,0,0,0,0,0,3,0x0080000000000000,0,0,0,0,0,0,0,2015-03-22 15:23:13,1427037793.0,15,23
1722661,59018,06b1e757-6372-4f84-ad46-23ceb3b78095,2015-03-22 15:23:13,informant-PC, ESENT ,Application,0,1,0,0,0,0,0,None,None,Application,302,0,0,0,0,0,0,0,0,0,3,0x0080000000000000,0,0,0,0,0,0,0,2015-03-22 15:23:13,1427037793.0,15,23
1722662,59018,4bbed072-8a5c-46ac-bad2-8055b74c076e,2015-03-22 15:23:13,informant-PC, ESENT ,Application,0,1,0,0,0,0,0,None,None,Application,302,0,0,0,0,0,0,0,0,0,3,0x0080000000000000,0,0,0,0,0,0,0,2015-03-22 15:23:13,1427037793.0,15,23
1722663,59018,d0437579-99d9-4844-9a4d-2993e405f2ab,2015-03-22 15:23:13,informant-PC, Windows Search Service ,Application,0,1,0,0,0,0,0,None,0,Application,1003,0,0,0,0,0,0,0,0,0,1,0x0080000000000000,0,0,0,0,0,0,0,2015-03-22 15:23:13,1427037793.0,15,23
1722720,59017,5e9a30fc-6923-48b0-9a79-da49a18df18d,2015-03-22 15:23:13,informant-PC, Service Control Manager ,System,0,0,1,0,0,0,0,None,484,System,7036,0,0,0,0,0,0,0,0,0,0,0x8080000000000000,0,0,0,1,0,0,0,2015-03-22 15:23:13,1427037793.0,15,23
1722721,59017,6248ff39-a588-4bd1-bf5b-3e2b84bfd9a6,2015-03-22 15:23:13,informant-PC, Service Control Manager ,System,0,0,1,0,0,0,0,None,484,System,7036,0,0,0,0,0,0,0,0,0,0,0x8080000000000000,0,0,0,1,0,0,0,2015-03-22 15:23:13,1427037793.0,15,23
1722832,59017,a8cf37c5-6579-48c5-9e3f-4b0403993b8b,2015-03-22 15:23:16,informant-PC, Service Control Manager ,System,0,0,1,0,0,0,0,None,484,System,7036,0,0,0,0,0,0,0,0,0,0,0x8080000000000000,0,0,0,1,0,0,0,2015-03-22 15:23:16,1427037796.0,15,23
1722833,59017,ae23f0a2-5f80-466d-b13e-b637bedc3f38,2015-03-22 15:23:16,informant-PC, Service Control Manager ,System,0,0,1,0,0,0,0,None,484,System,7036,0,0,0,0,0,0,0,0,0,0,0x8080000000000000,0,0,0,1,0,0,0,2015-03-22 15:23:16,1427037796.0,15,23
1723041,59019,ecc3bd6a-71a1-4a81-bec2-ebbcf21ffab9,2015-03-22 15:23:24,informant-PC, Microsoft-Windows-Security-Auditing ,Security,1,0,0,0,0,0,0,None,500,Security,4907,0,0,0,0,0,0,1,0,0,13568,0x8020000000000000,0,0,0,1,0,0,0,2015-03-22 15:23:24,1427037804.0,15,23
1723045,59019,aa7680d9-39e2-44be-8298-08dd96eb36d8,2015-03-22 15:23:24,informant-PC, Microsoft-Windows-Security-Auditing ,Security,1,0,0,0,0,0,0,None,500,Security,4907,0,0,0,0,0,0,1,0,0,13568,0x8020000000000000,0,0,0,1,0,0,0,2015-03-22 15:23:24,1427037804.0,15,23
1723069,59019,b9b168d3-a399-42f8-9404-d0e872107858,2015-03-22 15:23:24,informant-PC, Microsoft-Windows-Security-Auditing ,Security,1,0,0,0,0,0,0,None,500,Security,4907,0,0,0,0,0,0,1,0,0,13568,0x8020000000000000,0,0,0,1,0,0,0,2015-03-22 15:23:24,1427037804.0,15,23
1723071,59019,21b34f9a-1c84-46a6-9238-437fd8db2c5c,2015-03-22 15:23:24,informant-PC, Microsoft-Windows-Security-Auditing ,Security,1,0,0,0,0,0,0,None,500,Security,4907,0,0,0,0,0,0,1,0,0,13568,0x8020000000000000,0,0,0,1,0,0,0,2015-03-22 15:23:24,1427037804.0,15,23
1723316,59018,84857fd8-af5a-42c3-8af5-9a7edea359cf,2015-03-22 15:23:29,informant-PC, Software Protection Platform Service ,Application,0,1,0,0,0,0,0,None,0,Application,900,0,0,0,0,0,0,0,0,0,0,0x0080000000000000,0,0,0,0,0,0,0,2015-03-22 15:23:29,1427037809.0,15,23
1723317,59018,31dc2555-b202-4b48-bbb1-c0011bc9d9c8,2015-03-22 15:23:29,informant-PC, Software Protection Platform Service ,Application,0,1,0,0,0,0,0,None,0,Application,900,0,0,0,0,0,0,0,0,0,0,0x0080000000000000,0,0,0,0,0,0,0,2015-03-22 15:23:29,1427037809.0,15,23
1723326,59017,74ab7624-f9c5-4262-844d-b2ae5aebc815,2015-03-22 15:23:29,informant-PC, Service Control Manager ,System,0,0,1,0,0,0,0,None,484,System,7036,0,0,0,0,0,0,0,0,0,0,0x8080000000000000,0,0,0,1,0,0,0,2015-03-22 15:23:29,1427037809.0,15,23
1723327,59017,e6f447d1-e70f-4e90-b7f8-76a73f06ed2d,2015-03-22 15:23:29,informant-PC, Service Control Manager ,System,0,0,1,0,0,0,0,None,484,System,7036,0,0,0,0,0,0,0,0,0,0,0x8080000000000000,0,0,0,1,0,0,0,2015-03-22 15:23:29,1427037809.0,15,23
1723328,59018,fb3ef275-f3ce-47e4-b9e1-73d216e5206d,2015-03-22 15:23:30,informant-PC, Software Protection Platform Service ,Application,0,1,0,0,0,0,0,None,0,Application,1066,0,0,0,0,0,0,0,0,0,0,0x0080000000000000,0,0,0,0,0,0,0,2015-03-22 15:23:30,1427037810.0,15,23
1723329,59018,b3e7c626-3cc6-4a30-afa7-c36ba7a854b8,2015-03-22 15:23:30,informant-PC, Software Protection Platform Service ,Application,0,1,0,0,0,0,0,None,0,Application,1066,0,0,0,0,0,0,0,0,0,0,0x0080000000000000,0,0,0,0,0,0,0,2015-03-22 15:23:30,1427037810.0,15,23
1723330,59018,1c9f2811-3c43-4d06-85e1-671ac5419afd,2015-03-22 15:23:31,informant-PC, Software Protection Platform Service ,Application,0,1,0,0,0,0,0,None,0,Application,1004,0,0,0,0,0,0,0,0,0,0,0x0080000000000000,0,0,0,0,0,0,0,2015-03-22 15:23:31,1427037811.0,15,23
1723331,59018,c0859685-4500-44f0-be65-6590c836e49c,2015-03-22 15:23:31,informant-PC, Software Protection Platform Service ,Application,0,1,0,0,0,0,0,None,0,Application,1033,0,0,0,0,0,0,0,0,0,0,0x0080000000000000,0,0,0,0,0,0,0,2015-03-22 15:23:31,1427037811.0,15,23
1723332,59018,cf982381-c9c3-4955-966d-200a521320ca,2015-03-22 15:23:31,informant-PC, Software Protection Platform Service ,Application,0,1,0,0,0,0,0,None,0,Application,1004,0,0,0,0,0,0,0,0,0,0,0x0080000000000000,0,0,0,0,0,0,0,2015-03-22 15:23:31,1427037811.0,15,23
1723333,59018,90d806c0-4789-4552-afa2-573f49f3a20f,2015-03-22 15:23:31,informant-PC, Software Protection Platform Service ,Application,0,1,0,0,0,0,0,None,0,Application,1004,0,0,0,0,0,0,0,0,0,0,0x0080000000000000,0,0,0,0,0,0,0,2015-03-22 15:23:31,1427037811.0,15,23
1723334,59018,de6cb5b2-5570-4226-8865-05698f31ffe5,2015-03-22 15:23:31,informant-PC, Software Protection Platform Service ,Application,0,1,0,0,0,0,0,None,0,Application,1004,0,0,0,0,0,0,0,0,0,0,0x0080000000000000,0,0,0,0,0,0,0,2015-03-22 15:23:31,1427037811.0,15,23
1723335,59018,f6962568-af3d-425d-ae3b-6335c35da05b,2015-03-22 15:23:31,informant-PC, Software Protection Platform Service ,Application,0,1,0,0,0,0,0,None,0,Application,1003,0,0,0,0,0,0,0,0,0,0,0x0080000000000000,0,0,0,0,0,0,0,2015-03-22 15:23:31,1427037811.0,15,23
1723336,59018,05949964-482e-48fa-91b8-a15617fba4f1,2015-03-22 15:23:31,informant-PC, Software Protection Platform Service ,Application,0,1,0,0,0,0,0,None,0,Application,1003,0,0,0,0,0,0,0,0,0,0,0x0080000000000000,0,0,0,0,0,0,0,2015-03-22 15:23:31,1427037811.0,15,23
1723337,59018,e2e4212c-ca21-4b1a-b09d-e5d33cfa2aee,2015-03-22 15:23:31,informant-PC, Software Protection Platform Service ,Application,0,1,0,0,0,0,0,None,0,Application,1033,0,0,0,0,0,0,0,0,0,0,0x0080000000000000,0,0,0,0,0,0,0,2015-03-22 15:23:31,1427037811.0,15,23
1723372,59018,7a5bb6b8-8169-458e-992a-a63646f14db3,2015-03-22 15:23:33,informant-PC, Software Protection Platform Service ,Application,0,1,0,0,0,0,0,None,0,Application,902,0,0,0,0,0,0,0,0,0,0,0x0080000000000000,0,0,0,0,0,0,0,2015-03-22 15:23:33,1427037813.0,15,23
1723373,59018,b1b66315-dc6c-4871-96c7-5e732223ca22,2015-03-22 15:23:33,informant-PC, Software Protection Platform Service ,Application,0,1,0,0,0,0,0,None,0,Application,902,0,0,0,0,0,0,0,0,0,0,0x0080000000000000,0,0,0,0,0,0,0,2015-03-22 15:23:33,1427037813.0,15,23
1727593,38,7854842d-8fdd-40c0-9c2b-29fe8b944adc,2015-03-22 15:23:39,informant-PC, Microsoft-Windows-Servicing ,Other,0,0,0,0,0,1,0,None,1000,Setup,2,0,0,0,0,0,0,0,0,0,0,0x8000000000000000,0,0,0,1,0,0,0,2015-03-22 15:23:39,1427037819.0,15,23
1727609,38,450b4f34-617b-4e8b-ab6c-d0bccc0adfba,2015-03-22 15:23:39,informant-PC, Microsoft-Windows-Servicing ,Other,0,0,0,0,0,1,0,None,1000,Setup,2,0,0,0,0,0,0,0,0,0,0,0x8000000000000000,0,0,0,1,0,0,0,2015-03-22 15:23:39,1427037819.0,15,23
1727694,38,dbe88119-b0c8-488d-a9eb-4324431ef457,2015-03-22 15:23:39,informant-PC, Microsoft-Windows-Servicing ,Other,0,0,0,0,0,1,0,None,1000,Setup,2,0,0,0,0,0,0,0,0,0,0,0x8000000000000000,0,0,0,1,0,0,0,2015-03-22 15:23:39,1427037819.0,15,23
1727707,38,560fb9c3-6a16-42de-ae98-20b886b8ac6c,2015-03-22 15:23:39,informant-PC, Microsoft-Windows-Servicing ,Other,0,0,0,0,0,1,0,None,1000,Setup,2,0,0,0,0,0,0,0,0,0,0,0x8000000000000000,0,0,0,1,0,0,0,2015-03-22 15:23:39,1427037819.0,15,23
1727716,38,6d23c403-3710-4162-8e1d-70efd0582472,2015-03-22 15:23:39,informant-PC, Microsoft-Windows-Servicing ,Other,0,0,0,0,0,1,0,None,1000,Setup,2,0,0,0,0,0,0,0,0,0,0,0x8000000000000000,0,0,0,1,0,0,0,2015-03-22 15:23:39,1427037819.0,15,23
1727728,38,29007fde-3704-4738-b35b-5a63aedecc9e,2015-03-22 15:23:39,informant-PC, Microsoft-Windows-Servicing ,Other,0,0,0,0,0,1,0,None,1000,Setup,2,0,0,0,0,0,0,0,0,0,0,0x8000000000000000,0,0,0,1,0,0,0,2015-03-22 15:23:39,1427037819.0,15,23
1727739,38,97ddc3e7-1d0c-4646-883e-612b672db37d,2015-03-22 15:23:39,informant-PC, Microsoft-Windows-Servicing ,Other,0,0,0,0,0,1,0,None,1000,Setup,2,0,0,0,0,0,0,0,0,0,0,0x8000000000000000,0,0,0,1,0,0,0,2015-03-22 15:23:39,1427037819.0,15,23
1727756,38,f6a93fec-103e-406c-8871-a2112f50b08d,2015-03-22 15:23:39,informant-PC, Microsoft-Windows-Servicing ,Other,0,0,0,0,0,1,0,None,1000,Setup,2,0,0,0,0,0,0,0,0,0,0,0x8000000000000000,0,0,0,1,0,0,0,2015-03-22 15:23:39,1427037819.0,15,23
1727791,38,8aef68d2-a36a-4bdd-80d9-7afb544d13c0,2015-03-22 15:23:39,informant-PC, Microsoft-Windows-Servicing ,Other,0,0,0,0,0,1,0,None,1000,Setup,2,0,0,0,0,0,0,0,0,0,0,0x8000000000000000,0,0,0,1,0,0,0,2015-03-22 15:23:39,1427037819.0,15,23
1727806,38,86206c82-0946-4cf4-80aa-77da3b35ebbf,2015-03-22 15:23:39,informant-PC, Microsoft-Windows-Servicing ,Other,0,0,0,0,0,1,0,None,1000,Setup,2,0,0,0,0,0,0,0,0,0,0,0x8000000000000000,0,0,0,1,0,0,0,2015-03-22 15:23:39,1427037819.0,15,23
1727818,38,a39b4d90-97a7-4ab7-b7d9-4a85e4701764,2015-03-22 15:23:39,informant-PC, Microsoft-Windows-Servicing ,Other,0,0,0,0,0,1,0,None,1000,Setup,2,0,0,0,0,0,0,0,0,0,0,0x8000000000000000,0,0,0,1,0,0,0,2015-03-22 15:23:39,1427037819.0,15,23
1727822,38,8c622c46-4508-49db-a0cf-c58ad1d4e1ae,2015-03-22 15:23:39,informant-PC, Microsoft-Windows-Servicing ,Other,0,0,0,0,0,1,0,None,1000,Setup,2,0,0,0,0,0,0,0,0,0,0,0x8000000000000000,0,0,0,1,0,0,0,2015-03-22 15:23:39,1427037819.0,15,23
1727881,38,57769de3-2edf-4b37-9aa3-a41a7be3549b,2015-03-22 15:23:39,informant-PC, Microsoft-Windows-Servicing ,Other,0,0,0,0,0,1,0,None,1000,Setup,2,0,0,0,0,0,0,0,0,0,0,0x8000000000000000,0,0,0,1,0,0,0,2015-03-22 15:23:39,1427037819.0,15,23
1727892,38,0e402314-8893-4325-8d37-8c2cea323b10,2015-03-22 15:23:39,informant-PC, Microsoft-Windows-Servicing ,Other,0,0,0,0,0,1,0,None,1000,Setup,2,0,0,0,0,0,0,0,0,0,0,0x8000000000000000,0,0,0,1,0,0,0,2015-03-22 15:23:39,1427037819.0,15,23
1727921,38,13c5a89c-ceba-4495-8a8b-43f2a0159ea8,2015-03-22 15:23:39,informant-PC, Microsoft-Windows-Servicing ,Other,0,0,0,0,0,1,0,None,1000,Setup,2,0,0,0,0,0,0,0,0,0,0,0x8000000000000000,0,0,0,1,0,0,0,2015-03-22 15:23:39,1427037819.0,15,23
1727932,38,399456fc-2adc-4223-b506-95c06a0dab32,2015-03-22 15:23:39,informant-PC, Microsoft-Windows-Servicing ,Other,0,0,0,0,0,1,0,None,1000,Setup,2,0,0,0,0,0,0,0,0,0,0,0x8000000000000000,0,0,0,1,0,0,0,2015-03-22 15:23:39,1427037819.0,15,23
1727967,38,1143be87-e637-4311-baf5-35a9590049ff,2015-03-22 15:23:39,informant-PC, Microsoft-Windows-Servicing ,Other,0,0,0,0,0,1,0,None,1000,Setup,2,0,0,0,0,0,0,0,0,0,0,0x8000000000000000,0,0,0,1,0,0,0,2015-03-22 15:23:39,1427037819.0,15,23
1727974,38,56989655-e5ee-49b4-b9e6-bb51e63914d1,2015-03-22 15:23:39,informant-PC, Microsoft-Windows-Servicing ,Other,0,0,0,0,0,1,0,None,1000,Setup,2,0,0,0,0,0,0,0,0,0,0,0x8000000000000000,0,0,0,1,0,0,0,2015-03-22 15:23:39,1427037819.0,15,23
1728050,38,df7ca68a-da71-4dc3-9379-7ccc581dc21e,2015-03-22 15:23:39,informant-PC, Microsoft-Windows-Servicing ,Other,0,0,0,0,0,1,0,None,1000,Setup,2,0,0,0,0,0,0,0,0,0,0,0x8000000000000000,0,0,0,1,0,0,0,2015-03-22 15:23:39,1427037819.0,15,23
1728055,38,c94d8487-376d-4851-a49d-d647f03613d0,2015-03-22 15:23:39,informant-PC, Microsoft-Windows-Servicing ,Other,0,0,0,0,0,1,0,None,1000,Setup,2,0,0,0,0,0,0,0,0,0,0,0x8000000000000000,0,0,0,1,0,0,0,2015-03-22 15:23:39,1427037819.0,15,23
1728079,38,cd2d7cdd-fddd-4010-936c-0007e52dd628,2015-03-22 15:23:39,informant-PC, Microsoft-Windows-Servicing ,Other,0,0,0,0,0,1,0,None,1000,Setup,2,0,0,0,0,0,0,0,0,0,0,0x8000000000000000,0,0,0,1,0,0,0,2015-03-22 15:23:39,1427037819.0,15,23
1728085,38,e4899bee-0f44-4cc8-a4d5-2b598d01ade7,2015-03-22 15:23:39,informant-PC, Microsoft-Windows-Servicing ,Other,0,0,0,0,0,1,0,None,1000,Setup,2,0,0,0,0,0,0,0,0,0,0,0x8000000000000000,0,0,0,1,0,0,0,2015-03-22 15:23:39,1427037819.0,15,23
1728111,38,001e84b6-5bf9-4a75-a5fa-736f017401a1,2015-03-22 15:23:39,informant-PC, Microsoft-Windows-Servicing ,Other,0,0,0,0,0,1,0,None,1000,Setup,2,0,0,0,0,0,0,0,0,0,0,0x8000000000000000,0,0,0,1,0,0,0,2015-03-22 15:23:39,1427037819.0,15,23
1728123,38,d700f77d-8fd6-4129-b0b0-dc6b131941c0,2015-03-22 15:23:39,informant-PC, Microsoft-Windows-Servicing ,Other,0,0,0,0,0,1,0,None,1000,Setup,2,0,0,0,0,0,0,0,0,0,0,0x8000000000000000,0,0,0,1,0,0,0,2015-03-22 15:23:39,1427037819.0,15,23
1728164,59017,8e0cf987-9aee-4d5c-9f3b-8490f4dbacb3,2015-03-22 15:23:39,informant-PC, Service Control Manager ,System,0,0,1,0,0,0,0,None,484,System,7040,0,0,0,0,0,0,0,0,0,0,0x8080000000000000,0,0,0,1,0,0,0,2015-03-22 15:23:39,1427037819.0,15,23
1728167,59042,bcddc9fa-8670-460f-9de4-c528113fba6e,2015-03-22 15:23:39,informant-PC, Microsoft-Windows-GroupPolicy ,Other,0,0,0,0,0,1,0,None,888,Microsoft-Windows-GroupPolicy/Operational,5324,0,0,0,0,0,0,0,0,0,0,0x4000000000000000,0,0,1,0,0,0,0,2015-03-22 15:23:39,1427037819.0,15,23
1728168,59042,5d469e95-e519-4cae-b8ff-a6a9951f05b5,2015-03-22 15:23:39,informant-PC, Microsoft-Windows-GroupPolicy ,Other,0,0,0,0,0,1,0,None,888,Microsoft-Windows-GroupPolicy/Operational,5324,0,0,0,0,0,0,0,0,0,0,0x4000000000000000,0,0,1,0,0,0,0,2015-03-22 15:23:39,1427037819.0,15,23
1728171,59017,b14348bb-8ea1-4a9d-baa3-eba45b26154d,2015-03-22 15:23:39,informant-PC, Service Control Manager ,System,0,0,1,0,0,0,0,None,484,System,7040,0,0,0,0,0,0,0,0,0,0,0x8080000000000000,0,0,0,1,0,0,0,2015-03-22 15:23:39,1427037819.0,15,23
1728172,59042,b2082e51-e937-4ab6-8cdf-230af1e64c30,2015-03-22 15:23:39,informant-PC, Microsoft-Windows-GroupPolicy ,Other,0,0,0,0,0,1,0,None,888,Microsoft-Windows-GroupPolicy/Operational,4000,0,0,0,0,0,0,0,0,0,0,0x4000000000000000,0,0,1,0,0,0,0,2015-03-22 15:23:39,1427037819.0,15,23
1728173,59042,626859df-f531-4141-a92c-a8254da3b92e,2015-03-22 15:23:39,informant-PC, Microsoft-Windows-GroupPolicy ,Other,0,0,0,0,0,1,0,None,888,Microsoft-Windows-GroupPolicy/Operational,4000,0,0,0,0,0,0,0,0,0,0,0x4000000000000000,0,0,1,0,0,0,0,2015-03-22 15:23:39,1427037819.0,15,23
1728176,59042,6b4f5a03-a38b-4aa0-bb06-b7fa4e305a14,2015-03-22 15:23:39,informant-PC, Microsoft-Windows-GroupPolicy ,Other,0,0,0,0,0,1,0,None,888,Microsoft-Windows-GroupPolicy/Operational,5320,0,0,0,0,0,0,0,0,0,0,0x4000000000000000,0,0,1,0,0,0,0,2015-03-22 15:23:39,1427037819.0,15,23
1728177,59042,88ea1d8c-7a7d-4b8d-8b1b-fe6ff5600ca7,2015-03-22 15:23:39,informant-PC, Microsoft-Windows-GroupPolicy ,Other,0,0,0,0,0,1,0,None,888,Microsoft-Windows-GroupPolicy/Operational,5320,0,0,0,0,0,0,0,0,0,0,0x4000000000000000,0,0,1,0,0,0,0,2015-03-22 15:23:39,1427037819.0,15,23
1728178,59042,8d84d840-1b58-417c-a6b6-fef472c8f675,2015-03-22 15:23:39,informant-PC, Microsoft-Windows-GroupPolicy ,Other,0,0,0,0,0,1,0,None,888,Microsoft-Windows-GroupPolicy/Operational,5320,0,0,0,0,0,0,0,0,0,0,0x4000000000000000,0,0,1,0,0,0,0,2015-03-22 15:23:39,1427037819.0,15,23
1728179,59042,a7c38188-73e3-40da-ae12-1c6b1838aed5,2015-03-22 15:23:39,informant-PC, Microsoft-Windows-GroupPolicy ,Other,0,0,0,0,0,1,0,None,888,Microsoft-Windows-GroupPolicy/Operational,5312,0,0,0,0,0,0,0,0,0,0,0x4000000000000000,0,0,1,0,0,0,0,2015-03-22 15:23:39,1427037819.0,15,23
1728180,59042,c130bd10-d08d-41aa-952e-7ab400250bf4,2015-03-22 15:23:39,informant-PC, Microsoft-Windows-GroupPolicy ,Other,0,0,0,0,0,1,0,None,888,Microsoft-Windows-GroupPolicy/Operational,5320,0,0,0,0,0,0,0,0,0,0,0x4000000000000000,0,0,1,0,0,0,0,2015-03-22 15:23:39,1427037819.0,15,23
1728181,59042,4deabbd5-a1bb-4fe8-bd44-3f576af7fee2,2015-03-22 15:23:39,informant-PC, Microsoft-Windows-GroupPolicy ,Other,0,0,0,0,0,1,0,None,888,Microsoft-Windows-GroupPolicy/Operational,5315,0,0,0,0,0,0,0,0,0,0,0x4000000000000000,0,0,1,0,0,0,0,2015-03-22 15:23:39,1427037819.0,15,23
1728182,59042,b97a8242-292d-4359-a0f2-aa290e17fcd3,2015-03-22 15:23:39,informant-PC, Microsoft-Windows-GroupPolicy ,Other,0,0,0,0,0,1,0,None,888,Microsoft-Windows-GroupPolicy/Operational,5313,0,0,0,0,0,0,0,0,0,0,0x4000000000000000,0,0,1,0,0,0,0,2015-03-22 15:23:39,1427037819.0,15,23
1728183,59042,8196e65c-c4ac-4310-8eea-194af3bbb31d,2015-03-22 15:23:39,informant-PC, Microsoft-Windows-GroupPolicy ,Other,0,0,0,0,0,1,0,None,888,Microsoft-Windows-GroupPolicy/Operational,8000,0,0,0,0,0,0,0,0,0,0,0x4000000000000000,0,0,1,0,0,0,0,2015-03-22 15:23:39,1427037819.0,15,23
1728184,59042,d574eb3f-f049-4462-bdd6-22bb22ab0c6c,2015-03-22 15:23:39,informant-PC, Microsoft-Windows-GroupPolicy ,Other,0,0,0,0,0,1,0,None,888,Microsoft-Windows-GroupPolicy/Operational,5313,0,0,0,0,0,0,0,0,0,0,0x4000000000000000,0,0,1,0,0,0,0,2015-03-22 15:23:39,1427037819.0,15,23
1728185,59042,fcecc693-228f-4674-9f6d-85d10fa0412b,2015-03-22 15:23:39,informant-PC, Microsoft-Windows-GroupPolicy ,Other,0,0,0,0,0,1,0,None,888,Microsoft-Windows-GroupPolicy/Operational,5312,0,0,0,0,0,0,0,0,0,0,0x4000000000000000,0,0,1,0,0,0,0,2015-03-22 15:23:39,1427037819.0,15,23
1728186,59042,49af3733-599d-4be4-9b78-d2c5847bb56b,2015-03-22 15:23:39,informant-PC, Microsoft-Windows-GroupPolicy ,Other,0,0,0,0,0,1,0,None,888,Microsoft-Windows-GroupPolicy/Operational,5320,0,0,0,0,0,0,0,0,0,0,0x4000000000000000,0,0,1,0,0,0,0,2015-03-22 15:23:39,1427037819.0,15,23
1728187,59042,d80ae02c-3308-4dd1-b99c-9f83ab3ce39c,2015-03-22 15:23:39,informant-PC, Microsoft-Windows-GroupPolicy ,Other,0,0,0,0,0,1,0,None,888,Microsoft-Windows-GroupPolicy/Operational,5311,0,0,0,0,0,0,0,0,0,0,0x4000000000000000,0,0,1,0,0,0,0,2015-03-22 15:23:39,1427037819.0,15,23
1728188,59042,fb0a4eed-40c6-4bdd-9c8a-c33b474e5472,2015-03-22 15:23:39,informant-PC, Microsoft-Windows-GroupPolicy ,Other,0,0,0,0,0,1,0,None,888,Microsoft-Windows-GroupPolicy/Operational,5320,0,0,0,0,0,0,0,0,0,0,0x4000000000000000,0,0,1,0,0,0,0,2015-03-22 15:23:39,1427037819.0,15,23
1728189,59042,7cf099b2-f613-49af-98bc-870ec448c119,2015-03-22 15:23:39,informant-PC, Microsoft-Windows-GroupPolicy ,Other,0,0,0,0,0,1,0,None,888,Microsoft-Windows-GroupPolicy/Operational,5311,0,0,0,0,0,0,0,0,0,0,0x4000000000000000,0,0,1,0,0,0,0,2015-03-22 15:23:39,1427037819.0,15,23
1728190,59042,c18b1cbe-f04c-4fc5-bceb-be2858be3a2c,2015-03-22 15:23:39,informant-PC, Microsoft-Windows-GroupPolicy ,Other,0,0,0,0,0,1,0,None,888,Microsoft-Windows-GroupPolicy/Operational,8000,0,0,0,0,0,0,0,0,0,0,0x4000000000000000,0,0,1,0,0,0,0,2015-03-22 15:23:39,1427037819.0,15,23
